
          -------------------------------------------------------
          Amber 22 PMEMD                              2022
          -------------------------------------------------------

| PMEMD implementation of SANDER, Release 22

|  Compiled date/time: Thu Apr 14 23:36:37 2022
| Run on 12/29/2023 at 22:26:36

|   Executable path: pmemd
| Working directory: /home/arul/Reegina/MD_Sim/finalll/1GXT_info
|          Hostname: Unknown
  [-O]verwriting output

File Assignments:
|   MDIN: heat.in                                                               
|  MDOUT: heat.out                                                              
| INPCRD: min_1GXT.rst7                                                         
|   PARM: 1GXT.hmass.parm7                                                      
| RESTRT: heat.rst7                                                             
|   REFC: min_1GXT.rst7                                                         
|  MDVEL: mdvel                                                                 
|   MDEN: mden                                                                  
|  MDCRD: heat.crd                                                              
| MDINFO: heat.info                                                             
|  MDFRC: mdfrc                                                                 


 Here is the input file:

&cntrl                                                                         
   ntx = 1,                                                                    
   ntwx = 5000,                                                                
   ntwe = 0,                                                                   
   ntwr = 500,                                                                 
   ntpr = 5000,                                                                
   ioutfm=0,                                                                   
   ntxo=1,                                                                     
   imin = 0,                                                                   
   nstlim = 500000,                                                            
   dt = 0.002,                                                                 
   ntt = 3,                                                                    
   gamma_ln=1.,                                                                
   temp0 = 100.0,                                                              
   nscm = 1000,                                                                
   ig = -1,                                                                    
   ntc= 2,                                                                     
   ntf = 2,                                                                    
   cut = 1000,                                                                 
   igb=8,                                                                      
   gbsa=3,                                                                     
   surften=0.007,                                                              
   ntb = 0,                                                                    
   saltcon=0.,                                                                 
   ntr=1,                                                                      
   restraintmask="@CA,N,C,O",                                                  
   restraint_wt=10.0,                                                          
   nmropt=1,                                                                   
 &end                                                                          
 &wt                                                                           
   TYPE="TEMP0", istep1=0, istep2=500000,                                      
   value1=100., value2=300.,                                                   
 &end                                                                          
 &wt                                                                           
   TYPE="END",                                                                 
 &end                                                                          


Note: ig = -1. Setting random seed to   523083 based on wallclock time in 
      microseconds.
| irandom = 1, using AMBER's internal random number generator (default).
 
| Conditional Compilation Defines Used:
| PUBFFT
| BINTRAJ
| EMIL

| New format PARM file being parsed.
| Version =    1.000 Date = 12/29/23 Time = 17:09:20

| Note: 1-4 EEL scale factors are being read from the topology file.

| Note: 1-4 VDW scale factors are being read from the topology file.
| INFO:    Reading atomic numbers from topology file.
| Duplicated    0 dihedrals

| Duplicated    0 dihedrals

--------------------------------------------------------------------------------
   1.  RESOURCE   USE: 
--------------------------------------------------------------------------------

 NATOM  =    1416 NTYPES =      14 NBONH =     702 MBONA  =     731
 NTHETH =    1592 MTHETA =     994 NPHIH =    3272 MPHIA  =    3117
 NHPARM =       0 NPARM  =       0 NNB   =    7828 NRES   =      88
 NBONA  =     731 NTHETA =     994 NPHIA =    3117 NUMBND =      63
 NUMANG =     147 NPTRA  =     181 NATYP =      32 NPHB   =       0
 IFBOX  =       0 NMXRS  =      25 IFCAP =       0 NEXTRA =       0
 NCOPY  =       0

 Implicit solvent radii are ArgH and AspGluO modified Bondi2 radii (mbondi3)                                
 Replacing prmtop screening parameters with GBn2 (igb=8) values
--------------------------------------------------------------------------------
   2.  CONTROL  DATA  FOR  THE  RUN
--------------------------------------------------------------------------------

default_name                                                                    

General flags:
     imin    =       0, nmropt  =       1

Nature and format of input:
     ntx     =       1, irest   =       0, ntrx    =       1

Nature and format of output:
     ntxo    =       1, ntpr    =    5000, ntrx    =       1, ntwr    =     500
     iwrap   =       0, ntwx    =    5000, ntwv    =       0, ntwe    =       0
     ioutfm  =       0, ntwprt  =       0, idecomp =       0, rbornstat=      0

Potential function:
     ntf     =       2, ntb     =       0, igb     =       8, nsnb    =      25
     ipol    =       0, gbsa    =       3, iesp    =       0
     dielc   =   1.00000, cut     =1000.00000, intdiel =   1.00000
     saltcon =   0.00000, offset  =   0.19514, surften =   0.00700
     rdt     =   0.00000, rgbmax  =  25.00000  extdiel =  78.50000
     alpb  =        0
     gbalphaH  =   0.78844, gbbetaH   =   0.79870,  gbgammaH  =    0.43733
     gbalphaC  =   0.73376, gbbetaC   =   0.50638,  gbgammaC  =    0.20584
     gbalphaN  =   0.50336, gbbetaN   =   0.31683,  gbgammaN  =    0.19292
     gbalphaOS =   0.86781, gbbetaOS  =   0.87664,  gbgammaOS =    0.38788
     gbalphaP  =   1.00000, gbbetaP   =   0.80000,  gbgammaP  =    4.85000
     gb_alpha_hnu  =   0.53705, gb_beta_hnu   =   0.36286,  gb_gamma_hnu  =    0.11670
     gb_alpha_cnu  =   0.33167, gb_beta_cnu   =   0.19684,  gb_gamma_cnu  =    0.09342
     gb_alpha_nnu  =   0.68631, gb_beta_nnu   =   0.46319,  gb_gamma_nnu  =    0.13872
     gb_alpha_onu  =   0.60634, gb_beta_onu   =   0.46301,  gb_gamma_onu  =    0.14226
     gb_alpha_pnu  =   0.41836, gb_beta_pnu   =   0.29005,  gb_gamma_pnu  =    0.10642

Frozen or restrained atoms:
     ibelly  =       0, ntr     =       1
     restraint_wt =  10.00000

Molecular dynamics:
     nstlim  =    500000, nscm    =         0, nrespa  =         1
     t       =   0.00000, dt      =   0.00200, vlimit  =  20.00000

Langevin dynamics temperature regulation:
     ig      =  523083
     temp0   = 100.00000, tempi   =   0.00000, gamma_ln=   1.00000

SHAKE:
     ntc     =       2, jfastw  =       0
     tol     =   0.00001

NMR refinement options:
     iscale  =       0, noeskp  =       1, ipnlty  =       1, mxsub   =       1
     scalm   = 100.00000, pencut  =   0.10000, tausw   =   0.10000

| Intermolecular bonds treatment:
|     no_intermolecular_bonds =       1

| Energy averages sample interval:
|     ene_avg_sampling =    5000

    LOADING THE CONSTRAINED ATOMS AS GROUPS


   5.  REFERENCE ATOM COORDINATES

  default_name                                                                    
     Mask @CA,N,C,O; matches   352 atoms

--------------------------------------------------------------------------------
   3.  ATOMIC COORDINATES AND VELOCITIES
--------------------------------------------------------------------------------

default_name                                                                    
 begin time read from input coords =     0.000 ps



           Begin reading energy term weight changes/NMR restraints
 WEIGHT CHANGES:
 TEMP0         0 500000  100.000000  300.000000      0      0

 RESTRAINTS:
                          ** No restraint defined **

                  Done reading weight changes/NMR restraints


 
 Number of triangulated 3-point waters found:        0
| Dynamic Memory, Types Used:
| Reals               49887
| Integers           170090

--------------------------------------------------------------------------------
   4.  RESULTS
--------------------------------------------------------------------------------


 NSTEP =        0   TIME(PS) =       0.000  TEMP(K) =     0.00  PRESS =     0.0
 Etot   =     -3888.5772  EKtot   =         0.0000  EPtot      =     -3888.5772
 BOND   =        48.4891  ANGLE   =       182.0540  DIHED      =      1009.4104
 1-4 NB =       289.6784  1-4 EEL =      2187.8847  VDWAALS    =      -734.2069
 EELEC  =     -5606.6806  EGB     =     -1291.6083  RESTRAINT  =         0.0000
 ESURF=        26.4021
 ------------------------------------------------------------------------------

 NMR restraints: Bond =    0.000   Angle =     0.000   Torsion =     0.000
===============================================================================

 NSTEP =     5000   TIME(PS) =      10.000  TEMP(K) =   106.78  PRESS =     0.0
 Etot   =     -3215.5142  EKtot   =       376.2073  EPtot      =     -3591.7215
 BOND   =       121.3368  ANGLE   =       359.3487  DIHED      =      1041.1229
 1-4 NB =       296.2996  1-4 EEL =      2178.7992  VDWAALS    =      -719.7519
 EELEC  =     -5688.3877  EGB     =     -1239.8973  RESTRAINT  =        31.2987
 EAMBER (non-restraint)  =     -3623.0202
 ESURF=        28.1093
 ------------------------------------------------------------------------------

 NMR restraints: Bond =    0.000   Angle =     0.000   Torsion =     0.000
===============================================================================

 NSTEP =    10000   TIME(PS) =      20.000  TEMP(K) =   106.05  PRESS =     0.0
 Etot   =     -3192.0379  EKtot   =       373.6340  EPtot      =     -3565.6719
 BOND   =       134.8258  ANGLE   =       376.6996  DIHED      =      1033.1789
 1-4 NB =       293.3756  1-4 EEL =      2167.7195  VDWAALS    =      -719.1630
 EELEC  =     -5639.2797  EGB     =     -1270.1467  RESTRAINT  =        28.9708
 EAMBER (non-restraint)  =     -3594.6427
 ESURF=        28.1472
 ------------------------------------------------------------------------------

 NMR restraints: Bond =    0.000   Angle =     0.000   Torsion =     0.000
===============================================================================

 NSTEP =    15000   TIME(PS) =      30.000  TEMP(K) =   105.80  PRESS =     0.0
 Etot   =     -3200.5098  EKtot   =       372.7805  EPtot      =     -3573.2903
 BOND   =       122.8932  ANGLE   =       373.5911  DIHED      =      1036.4058
 1-4 NB =       296.6915  1-4 EEL =      2185.5100  VDWAALS    =      -716.4308
 EELEC  =     -5675.3628  EGB     =     -1254.3894  RESTRAINT  =        29.3176
 EAMBER (non-restraint)  =     -3602.6079
 ESURF=        28.4836
 ------------------------------------------------------------------------------

 NMR restraints: Bond =    0.000   Angle =     0.000   Torsion =     0.000
===============================================================================

 NSTEP =    20000   TIME(PS) =      40.000  TEMP(K) =   107.36  PRESS =     0.0
 Etot   =     -3183.6841  EKtot   =       378.2696  EPtot      =     -3561.9537
 BOND   =       131.8705  ANGLE   =       355.7815  DIHED      =      1045.6212
 1-4 NB =       301.8586  1-4 EEL =      2200.4941  VDWAALS    =      -721.8800
 EELEC  =     -5694.3964  EGB     =     -1241.8841  RESTRAINT  =        32.0932
 EAMBER (non-restraint)  =     -3594.0470
 ESURF=        28.4877
 ------------------------------------------------------------------------------

 NMR restraints: Bond =    0.000   Angle =     0.000   Torsion =     0.000
===============================================================================

 NSTEP =    25000   TIME(PS) =      50.000  TEMP(K) =   113.46  PRESS =     0.0
 Etot   =     -3169.4872  EKtot   =       399.7479  EPtot      =     -3569.2352
 BOND   =       134.3994  ANGLE   =       357.9505  DIHED      =      1042.7603
 1-4 NB =       294.9288  1-4 EEL =      2190.9405  VDWAALS    =      -714.8965
 EELEC  =     -5678.4657  EGB     =     -1253.9826  RESTRAINT  =        29.1432
 EAMBER (non-restraint)  =     -3598.3784
 ESURF=        27.9869
 ------------------------------------------------------------------------------

 NMR restraints: Bond =    0.000   Angle =     0.000   Torsion =     0.000
===============================================================================

 NSTEP =    30000   TIME(PS) =      60.000  TEMP(K) =   107.40  PRESS =     0.0
 Etot   =     -3168.2337  EKtot   =       378.3880  EPtot      =     -3546.6218
 BOND   =       129.7030  ANGLE   =       384.1490  DIHED      =      1039.2548
 1-4 NB =       296.0655  1-4 EEL =      2170.9010  VDWAALS    =      -711.7569
 EELEC  =     -5664.8013  EGB     =     -1248.9342  RESTRAINT  =        29.6322
 EAMBER (non-restraint)  =     -3576.2539
 ESURF=        29.1650
 ------------------------------------------------------------------------------

 NMR restraints: Bond =    0.000   Angle =     0.000   Torsion =     0.000
===============================================================================

 NSTEP =    35000   TIME(PS) =      70.000  TEMP(K) =   117.63  PRESS =     0.0
 Etot   =     -3152.8191  EKtot   =       414.4552  EPtot      =     -3567.2743
 BOND   =       121.1416  ANGLE   =       372.0908  DIHED      =      1049.9173
 1-4 NB =       299.4860  1-4 EEL =      2174.9778  VDWAALS    =      -719.8243
 EELEC  =     -5667.5270  EGB     =     -1255.1434  RESTRAINT  =        30.0694
 EAMBER (non-restraint)  =     -3597.3436
 ESURF=        27.5376
 ------------------------------------------------------------------------------

 NMR restraints: Bond =    0.000   Angle =     0.000   Torsion =     0.000
===============================================================================

 NSTEP =    40000   TIME(PS) =      80.000  TEMP(K) =   114.81  PRESS =     0.0
 Etot   =     -3126.5610  EKtot   =       404.5235  EPtot      =     -3531.0845
 BOND   =       140.0075  ANGLE   =       384.2184  DIHED      =      1043.4652
 1-4 NB =       303.2611  1-4 EEL =      2180.6513  VDWAALS    =      -712.8447
 EELEC  =     -5690.2075  EGB     =     -1238.5737  RESTRAINT  =        30.9899
 EAMBER (non-restraint)  =     -3562.0744
 ESURF=        27.9480
 ------------------------------------------------------------------------------

 NMR restraints: Bond =    0.000   Angle =     0.000   Torsion =     0.000
===============================================================================

 NSTEP =    45000   TIME(PS) =      90.000  TEMP(K) =   120.57  PRESS =     0.0
 Etot   =     -3115.9124  EKtot   =       424.7953  EPtot      =     -3540.7077
 BOND   =       129.0668  ANGLE   =       379.0035  DIHED      =      1045.5399
 1-4 NB =       301.5394  1-4 EEL =      2169.9731  VDWAALS    =      -711.8856
 EELEC  =     -5669.3654  EGB     =     -1245.6069  RESTRAINT  =        32.3886
 EAMBER (non-restraint)  =     -3573.0964
 ESURF=        28.6388
 ------------------------------------------------------------------------------

 NMR restraints: Bond =    0.000   Angle =     0.000   Torsion =     0.000
===============================================================================

 NSTEP =    50000   TIME(PS) =     100.000  TEMP(K) =   117.32  PRESS =     0.0
 Etot   =     -3095.5938  EKtot   =       413.3422  EPtot      =     -3508.9361
 BOND   =       154.4897  ANGLE   =       403.5294  DIHED      =      1056.6633
 1-4 NB =       297.9092  1-4 EEL =      2150.4157  VDWAALS    =      -715.4149
 EELEC  =     -5669.8399  EGB     =     -1247.8059  RESTRAINT  =        32.4127
 EAMBER (non-restraint)  =     -3541.3487
 ESURF=        28.7047
 ------------------------------------------------------------------------------

 NMR restraints: Bond =    0.000   Angle =     0.000   Torsion =     0.000
===============================================================================

 NSTEP =    55000   TIME(PS) =     110.000  TEMP(K) =   123.35  PRESS =     0.0
 Etot   =     -3068.3906  EKtot   =       434.5881  EPtot      =     -3502.9787
 BOND   =       141.5523  ANGLE   =       398.3844  DIHED      =      1054.5474
 1-4 NB =       300.1861  1-4 EEL =      2168.0657  VDWAALS    =      -712.4309
 EELEC  =     -5666.2734  EGB     =     -1246.4304  RESTRAINT  =        31.6839
 EAMBER (non-restraint)  =     -3534.6626
 ESURF=        27.7361
 ------------------------------------------------------------------------------

 NMR restraints: Bond =    0.000   Angle =     0.000   Torsion =     0.000
===============================================================================

 NSTEP =    60000   TIME(PS) =     120.000  TEMP(K) =   122.62  PRESS =     0.0
 Etot   =     -3085.7364  EKtot   =       432.0192  EPtot      =     -3517.7556
 BOND   =       145.0437  ANGLE   =       384.5143  DIHED      =      1049.3835
 1-4 NB =       293.6322  1-4 EEL =      2185.3309  VDWAALS    =      -712.2274
 EELEC  =     -5688.0795  EGB     =     -1240.1701  RESTRAINT  =        36.0711
 EAMBER (non-restraint)  =     -3553.8267
 ESURF=        28.7456
 ------------------------------------------------------------------------------

 NMR restraints: Bond =    0.000   Angle =     0.000   Torsion =     0.000
===============================================================================

 NSTEP =    65000   TIME(PS) =     130.000  TEMP(K) =   124.13  PRESS =     0.0
 Etot   =     -3052.6331  EKtot   =       437.3372  EPtot      =     -3489.9702
 BOND   =       140.9667  ANGLE   =       409.9092  DIHED      =      1051.5849
 1-4 NB =       300.1475  1-4 EEL =      2190.3307  VDWAALS    =      -721.6294
 EELEC  =     -5673.9443  EGB     =     -1252.1171  RESTRAINT  =        36.1953
 EAMBER (non-restraint)  =     -3526.1655
 ESURF=        28.5863
 ------------------------------------------------------------------------------

 NMR restraints: Bond =    0.000   Angle =     0.000   Torsion =     0.000
===============================================================================

 NSTEP =    70000   TIME(PS) =     140.000  TEMP(K) =   127.34  PRESS =     0.0
 Etot   =     -3043.9072  EKtot   =       448.6614  EPtot      =     -3492.5686
 BOND   =       149.9258  ANGLE   =       399.5853  DIHED      =      1053.1416
 1-4 NB =       301.1793  1-4 EEL =      2204.5978  VDWAALS    =      -714.4192
 EELEC  =     -5711.1007  EGB     =     -1237.7832  RESTRAINT  =        33.2942
 EAMBER (non-restraint)  =     -3525.8628
 ESURF=        29.0105
 ------------------------------------------------------------------------------

 NMR restraints: Bond =    0.000   Angle =     0.000   Torsion =     0.000
===============================================================================

 NSTEP =    75000   TIME(PS) =     150.000  TEMP(K) =   125.79  PRESS =     0.0
 Etot   =     -3040.1029  EKtot   =       443.2035  EPtot      =     -3483.3064
 BOND   =       155.5463  ANGLE   =       419.5402  DIHED      =      1049.7721
 1-4 NB =       294.6067  1-4 EEL =      2182.3895  VDWAALS    =      -719.5929
 EELEC  =     -5690.6013  EGB     =     -1240.6650  RESTRAINT  =        37.1345
 EAMBER (non-restraint)  =     -3520.4410
 ESURF=        28.5634
 ------------------------------------------------------------------------------

 NMR restraints: Bond =    0.000   Angle =     0.000   Torsion =     0.000
===============================================================================

 NSTEP =    80000   TIME(PS) =     160.000  TEMP(K) =   129.58  PRESS =     0.0
 Etot   =     -3026.3223  EKtot   =       456.5574  EPtot      =     -3482.8797
 BOND   =       144.9187  ANGLE   =       413.2296  DIHED      =      1053.1530
 1-4 NB =       298.7370  1-4 EEL =      2194.3058  VDWAALS    =      -720.0800
 EELEC  =     -5691.3009  EGB     =     -1242.0747  RESTRAINT  =        37.5793
 EAMBER (non-restraint)  =     -3520.4590
 ESURF=        28.6525
 ------------------------------------------------------------------------------

 NMR restraints: Bond =    0.000   Angle =     0.000   Torsion =     0.000
===============================================================================

 NSTEP =    85000   TIME(PS) =     170.000  TEMP(K) =   129.05  PRESS =     0.0
 Etot   =     -3013.7033  EKtot   =       454.6844  EPtot      =     -3468.3877
 BOND   =       153.0565  ANGLE   =       415.1548  DIHED      =      1055.7678
 1-4 NB =       313.5717  1-4 EEL =      2169.9127  VDWAALS    =      -720.6144
 EELEC  =     -5659.8558  EGB     =     -1257.9595  RESTRAINT  =        35.1261
 EAMBER (non-restraint)  =     -3503.5138
 ESURF=        27.4523
 ------------------------------------------------------------------------------

 NMR restraints: Bond =    0.000   Angle =     0.000   Torsion =     0.000
===============================================================================

 NSTEP =    90000   TIME(PS) =     180.000  TEMP(K) =   135.70  PRESS =     0.0
 Etot   =     -2994.2688  EKtot   =       478.1257  EPtot      =     -3472.3945
 BOND   =       145.4908  ANGLE   =       426.0523  DIHED      =      1061.8261
 1-4 NB =       301.6402  1-4 EEL =      2175.3615  VDWAALS    =      -723.0606
 EELEC  =     -5659.7990  EGB     =     -1262.8990  RESTRAINT  =        34.7186
 EAMBER (non-restraint)  =     -3507.1131
 ESURF=        28.2746
 ------------------------------------------------------------------------------

 NMR restraints: Bond =    0.000   Angle =     0.000   Torsion =     0.000
===============================================================================

 NSTEP =    95000   TIME(PS) =     190.000  TEMP(K) =   135.32  PRESS =     0.0
 Etot   =     -2992.1873  EKtot   =       476.7641  EPtot      =     -3468.9514
 BOND   =       147.9906  ANGLE   =       423.6628  DIHED      =      1049.3587
 1-4 NB =       303.4875  1-4 EEL =      2202.0196  VDWAALS    =      -706.5937
 EELEC  =     -5718.4953  EGB     =     -1234.1337  RESTRAINT  =        35.1658
 EAMBER (non-restraint)  =     -3504.1172
 ESURF=        28.5864
 ------------------------------------------------------------------------------

 NMR restraints: Bond =    0.000   Angle =     0.000   Torsion =     0.000
===============================================================================

 NSTEP =   100000   TIME(PS) =     200.000  TEMP(K) =   141.44  PRESS =     0.0
 Etot   =     -2952.5349  EKtot   =       498.3261  EPtot      =     -3450.8611
 BOND   =       159.6999  ANGLE   =       417.9174  DIHED      =      1062.1303
 1-4 NB =       302.5639  1-4 EEL =      2171.9562  VDWAALS    =      -712.2025
 EELEC  =     -5667.1272  EGB     =     -1247.2164  RESTRAINT  =        33.2521
 EAMBER (non-restraint)  =     -3484.1132
 ESURF=        28.1652
 ------------------------------------------------------------------------------

 NMR restraints: Bond =    0.000   Angle =     0.000   Torsion =     0.000
===============================================================================

 NSTEP =   105000   TIME(PS) =     210.000  TEMP(K) =   139.31  PRESS =     0.0
 Etot   =     -2952.4319  EKtot   =       490.8363  EPtot      =     -3443.2682
 BOND   =       161.3051  ANGLE   =       435.6482  DIHED      =      1064.0214
 1-4 NB =       296.0926  1-4 EEL =      2171.7585  VDWAALS    =      -718.4811
 EELEC  =     -5646.1049  EGB     =     -1275.0426  RESTRAINT  =        38.5810
 EAMBER (non-restraint)  =     -3481.8492
 ESURF=        28.9536
 ------------------------------------------------------------------------------

 NMR restraints: Bond =    0.000   Angle =     0.000   Torsion =     0.000
===============================================================================

 NSTEP =   110000   TIME(PS) =     220.000  TEMP(K) =   148.37  PRESS =     0.0
 Etot   =     -2896.6219  EKtot   =       522.7620  EPtot      =     -3419.3839
 BOND   =       170.3629  ANGLE   =       441.8549  DIHED      =      1069.5593
 1-4 NB =       296.3612  1-4 EEL =      2152.8641  VDWAALS    =      -712.1340
 EELEC  =     -5646.9119  EGB     =     -1258.7274  RESTRAINT  =        38.1559
 EAMBER (non-restraint)  =     -3457.5398
 ESURF=        29.2312
 ------------------------------------------------------------------------------

 NMR restraints: Bond =    0.000   Angle =     0.000   Torsion =     0.000
===============================================================================

 NSTEP =   115000   TIME(PS) =     230.000  TEMP(K) =   149.80  PRESS =     0.0
 Etot   =     -2873.1115  EKtot   =       527.7886  EPtot      =     -3400.9001
 BOND   =       166.0669  ANGLE   =       453.9188  DIHED      =      1060.5451
 1-4 NB =       300.5070  1-4 EEL =      2183.8167  VDWAALS    =      -716.2542
 EELEC  =     -5671.2460  EGB     =     -1245.2986  RESTRAINT  =        38.7300
 EAMBER (non-restraint)  =     -3439.6301
 ESURF=        28.3142
 ------------------------------------------------------------------------------

 NMR restraints: Bond =    0.000   Angle =     0.000   Torsion =     0.000
===============================================================================

 NSTEP =   120000   TIME(PS) =     240.000  TEMP(K) =   151.37  PRESS =     0.0
 Etot   =     -2890.6622  EKtot   =       533.3256  EPtot      =     -3423.9878
 BOND   =       141.6615  ANGLE   =       444.4584  DIHED      =      1066.6596
 1-4 NB =       309.2410  1-4 EEL =      2198.0491  VDWAALS    =      -713.3363
 EELEC  =     -5694.2633  EGB     =     -1242.5779  RESTRAINT  =        37.1340
 EAMBER (non-restraint)  =     -3461.1217
 ESURF=        28.9861
 ------------------------------------------------------------------------------

 NMR restraints: Bond =    0.000   Angle =     0.000   Torsion =     0.000
===============================================================================

 NSTEP =   125000   TIME(PS) =     250.000  TEMP(K) =   145.49  PRESS =     0.0
 Etot   =     -2883.7657  EKtot   =       512.5895  EPtot      =     -3396.3552
 BOND   =       163.8327  ANGLE   =       446.1316  DIHED      =      1069.6260
 1-4 NB =       310.4415  1-4 EEL =      2186.5081  VDWAALS    =      -707.4115
 EELEC  =     -5672.5299  EGB     =     -1262.0514  RESTRAINT  =        39.8415
 EAMBER (non-restraint)  =     -3436.1967
 ESURF=        29.2562
 ------------------------------------------------------------------------------

 NMR restraints: Bond =    0.000   Angle =     0.000   Torsion =     0.000
===============================================================================

 NSTEP =   130000   TIME(PS) =     260.000  TEMP(K) =   147.99  PRESS =     0.0
 Etot   =     -2897.6155  EKtot   =       521.4239  EPtot      =     -3419.0395
 BOND   =       176.6692  ANGLE   =       430.8495  DIHED      =      1060.2519
 1-4 NB =       298.1518  1-4 EEL =      2180.3041  VDWAALS    =      -718.1162
 EELEC  =     -5685.0899  EGB     =     -1231.9357  RESTRAINT  =        40.8777
 EAMBER (non-restraint)  =     -3459.9172
 ESURF=        28.9983
 ------------------------------------------------------------------------------

 NMR restraints: Bond =    0.000   Angle =     0.000   Torsion =     0.000
===============================================================================

 NSTEP =   135000   TIME(PS) =     270.000  TEMP(K) =   148.08  PRESS =     0.0
 Etot   =     -2859.0102  EKtot   =       521.7119  EPtot      =     -3380.7220
 BOND   =       176.1517  ANGLE   =       470.6789  DIHED      =      1074.4044
 1-4 NB =       299.4605  1-4 EEL =      2154.6673  VDWAALS    =      -714.0619
 EELEC  =     -5690.3356  EGB     =     -1221.5016  RESTRAINT  =        41.7853
 EAMBER (non-restraint)  =     -3422.5074
 ESURF=        28.0289
 ------------------------------------------------------------------------------

 NMR restraints: Bond =    0.000   Angle =     0.000   Torsion =     0.000
===============================================================================

 NSTEP =   140000   TIME(PS) =     280.000  TEMP(K) =   155.31  PRESS =     0.0
 Etot   =     -2835.3400  EKtot   =       547.2138  EPtot      =     -3382.5538
 BOND   =       161.8292  ANGLE   =       464.3574  DIHED      =      1067.8433
 1-4 NB =       302.7002  1-4 EEL =      2170.9473  VDWAALS    =      -707.5243
 EELEC  =     -5672.6002  EGB     =     -1240.0691  RESTRAINT  =        41.4969
 EAMBER (non-restraint)  =     -3424.0506
 ESURF=        28.4654
 ------------------------------------------------------------------------------

 NMR restraints: Bond =    0.000   Angle =     0.000   Torsion =     0.000
===============================================================================

 NSTEP =   145000   TIME(PS) =     290.000  TEMP(K) =   161.61  PRESS =     0.0
 Etot   =     -2822.8557  EKtot   =       569.3975  EPtot      =     -3392.2532
 BOND   =       170.1317  ANGLE   =       441.6882  DIHED      =      1066.3327
 1-4 NB =       308.9543  1-4 EEL =      2174.4584  VDWAALS    =      -716.3523
 EELEC  =     -5652.5066  EGB     =     -1257.0750  RESTRAINT  =        43.7420
 EAMBER (non-restraint)  =     -3435.9952
 ESURF=        28.3733
 ------------------------------------------------------------------------------

 NMR restraints: Bond =    0.000   Angle =     0.000   Torsion =     0.000
===============================================================================

 NSTEP =   150000   TIME(PS) =     300.000  TEMP(K) =   152.20  PRESS =     0.0
 Etot   =     -2845.4975  EKtot   =       536.2605  EPtot      =     -3381.7580
 BOND   =       166.3009  ANGLE   =       454.8396  DIHED      =      1072.5780
 1-4 NB =       303.4165  1-4 EEL =      2176.6455  VDWAALS    =      -707.4624
 EELEC  =     -5657.6815  EGB     =     -1259.6496  RESTRAINT  =        40.9537
 EAMBER (non-restraint)  =     -3422.7117
 ESURF=        28.3013
 ------------------------------------------------------------------------------

 NMR restraints: Bond =    0.000   Angle =     0.000   Torsion =     0.000
===============================================================================

 NSTEP =   155000   TIME(PS) =     310.000  TEMP(K) =   167.58  PRESS =     0.0
 Etot   =     -2761.8850  EKtot   =       590.4205  EPtot      =     -3352.3055
 BOND   =       186.2821  ANGLE   =       455.6777  DIHED      =      1062.4911
 1-4 NB =       311.5944  1-4 EEL =      2190.9412  VDWAALS    =      -712.7359
 EELEC  =     -5662.1719  EGB     =     -1253.6601  RESTRAINT  =        40.8826
 EAMBER (non-restraint)  =     -3393.1881
 ESURF=        28.3934
 ------------------------------------------------------------------------------

 NMR restraints: Bond =    0.000   Angle =     0.000   Torsion =     0.000
===============================================================================

 NSTEP =   160000   TIME(PS) =     320.000  TEMP(K) =   166.11  PRESS =     0.0
 Etot   =     -2749.9633  EKtot   =       585.2409  EPtot      =     -3335.2041
 BOND   =       178.9874  ANGLE   =       485.0527  DIHED      =      1074.7928
 1-4 NB =       303.0040  1-4 EEL =      2168.9448  VDWAALS    =      -711.1070
 EELEC  =     -5663.9222  EGB     =     -1245.9635  RESTRAINT  =        46.2911
 EAMBER (non-restraint)  =     -3381.4952
 ESURF=        28.7157
 ------------------------------------------------------------------------------

 NMR restraints: Bond =    0.000   Angle =     0.000   Torsion =     0.000
===============================================================================

 NSTEP =   165000   TIME(PS) =     330.000  TEMP(K) =   164.93  PRESS =     0.0
 Etot   =     -2772.7273  EKtot   =       581.1000  EPtot      =     -3353.8274
 BOND   =       178.1209  ANGLE   =       474.5637  DIHED      =      1059.8536
 1-4 NB =       313.6312  1-4 EEL =      2178.5243  VDWAALS    =      -712.8531
 EELEC  =     -5671.0800  EGB     =     -1247.1811  RESTRAINT  =        44.1163
 EAMBER (non-restraint)  =     -3397.9437
 ESURF=        28.4767
 ------------------------------------------------------------------------------

 NMR restraints: Bond =    0.000   Angle =     0.000   Torsion =     0.000
===============================================================================

 NSTEP =   170000   TIME(PS) =     340.000  TEMP(K) =   170.11  PRESS =     0.0
 Etot   =     -2767.6809  EKtot   =       599.3301  EPtot      =     -3367.0111
 BOND   =       183.1085  ANGLE   =       469.2124  DIHED      =      1073.6824
 1-4 NB =       296.5054  1-4 EEL =      2162.9756  VDWAALS    =      -708.5959
 EELEC  =     -5667.8500  EGB     =     -1248.1085  RESTRAINT  =        42.6811
 EAMBER (non-restraint)  =     -3409.6921
 ESURF=        29.3780
 ------------------------------------------------------------------------------

 NMR restraints: Bond =    0.000   Angle =     0.000   Torsion =     0.000
===============================================================================

 NSTEP =   175000   TIME(PS) =     350.000  TEMP(K) =   166.55  PRESS =     0.0
 Etot   =     -2748.7304  EKtot   =       586.8152  EPtot      =     -3335.5455
 BOND   =       180.7358  ANGLE   =       468.6208  DIHED      =      1073.8907
 1-4 NB =       305.9713  1-4 EEL =      2187.5301  VDWAALS    =      -703.3592
 EELEC  =     -5686.6841  EGB     =     -1238.9223  RESTRAINT  =        47.3433
 EAMBER (non-restraint)  =     -3382.8888
 ESURF=        29.3282
 ------------------------------------------------------------------------------

 NMR restraints: Bond =    0.000   Angle =     0.000   Torsion =     0.000
===============================================================================

 NSTEP =   180000   TIME(PS) =     360.000  TEMP(K) =   169.81  PRESS =     0.0
 Etot   =     -2739.4067  EKtot   =       598.2926  EPtot      =     -3337.6993
 BOND   =       185.3405  ANGLE   =       470.7199  DIHED      =      1089.5363
 1-4 NB =       300.0244  1-4 EEL =      2166.3030  VDWAALS    =      -698.7754
 EELEC  =     -5672.3702  EGB     =     -1251.3246  RESTRAINT  =        44.0237
 EAMBER (non-restraint)  =     -3381.7230
 ESURF=        28.8231
 ------------------------------------------------------------------------------

 NMR restraints: Bond =    0.000   Angle =     0.000   Torsion =     0.000
===============================================================================

 NSTEP =   185000   TIME(PS) =     370.000  TEMP(K) =   180.01  PRESS =     0.0
 Etot   =     -2706.1854  EKtot   =       634.2129  EPtot      =     -3340.3983
 BOND   =       195.7168  ANGLE   =       463.0766  DIHED      =      1081.3291
 1-4 NB =       305.0089  1-4 EEL =      2187.4252  VDWAALS    =      -708.2142
 EELEC  =     -5680.2436  EGB     =     -1256.1956  RESTRAINT  =        42.7846
 EAMBER (non-restraint)  =     -3383.1829
 ESURF=        28.9139
 ------------------------------------------------------------------------------

 NMR restraints: Bond =    0.000   Angle =     0.000   Torsion =     0.000
===============================================================================

 NSTEP =   190000   TIME(PS) =     380.000  TEMP(K) =   177.67  PRESS =     0.0
 Etot   =     -2698.5232  EKtot   =       625.9737  EPtot      =     -3324.4969
 BOND   =       184.3590  ANGLE   =       485.4064  DIHED      =      1097.8519
 1-4 NB =       307.5110  1-4 EEL =      2186.5246  VDWAALS    =      -720.1079
 EELEC  =     -5704.7251  EGB     =     -1229.1275  RESTRAINT  =        39.5555
 EAMBER (non-restraint)  =     -3364.0524
 ESURF=        28.2551
 ------------------------------------------------------------------------------

 NMR restraints: Bond =    0.000   Angle =     0.000   Torsion =     0.000
===============================================================================

 NSTEP =   195000   TIME(PS) =     390.000  TEMP(K) =   175.93  PRESS =     0.0
 Etot   =     -2681.7638  EKtot   =       619.8529  EPtot      =     -3301.6166
 BOND   =       184.3852  ANGLE   =       502.5898  DIHED      =      1072.5810
 1-4 NB =       308.2616  1-4 EEL =      2178.7356  VDWAALS    =      -704.5951
 EELEC  =     -5690.8762  EGB     =     -1228.4921  RESTRAINT  =        47.3138
 EAMBER (non-restraint)  =     -3348.9305
 ESURF=        28.4797
 ------------------------------------------------------------------------------

 NMR restraints: Bond =    0.000   Angle =     0.000   Torsion =     0.000
===============================================================================

 NSTEP =   200000   TIME(PS) =     400.000  TEMP(K) =   184.36  PRESS =     0.0
 Etot   =     -2637.0670  EKtot   =       649.5635  EPtot      =     -3286.6305
 BOND   =       185.5606  ANGLE   =       506.7601  DIHED      =      1070.6010
 1-4 NB =       309.8544  1-4 EEL =      2197.2478  VDWAALS    =      -708.1069
 EELEC  =     -5683.1792  EGB     =     -1242.0568  RESTRAINT  =        48.4841
 EAMBER (non-restraint)  =     -3335.1146
 ESURF=        28.2045
 ------------------------------------------------------------------------------

 NMR restraints: Bond =    0.000   Angle =     0.000   Torsion =     0.000
===============================================================================

 NSTEP =   205000   TIME(PS) =     410.000  TEMP(K) =   178.55  PRESS =     0.0
 Etot   =     -2654.0790  EKtot   =       629.0919  EPtot      =     -3283.1709
 BOND   =       191.7222  ANGLE   =       525.0079  DIHED      =      1085.8483
 1-4 NB =       298.5916  1-4 EEL =      2170.8159  VDWAALS    =      -714.8567
 EELEC  =     -5649.1351  EGB     =     -1268.5578  RESTRAINT  =        48.3313
 EAMBER (non-restraint)  =     -3331.5022
 ESURF=        29.0615
 ------------------------------------------------------------------------------

 NMR restraints: Bond =    0.000   Angle =     0.000   Torsion =     0.000
===============================================================================

 NSTEP =   210000   TIME(PS) =     420.000  TEMP(K) =   190.34  PRESS =     0.0
 Etot   =     -2635.9104  EKtot   =       670.6276  EPtot      =     -3306.5380
 BOND   =       187.4659  ANGLE   =       504.3269  DIHED      =      1071.7651
 1-4 NB =       294.8914  1-4 EEL =      2181.1046  VDWAALS    =      -709.6401
 EELEC  =     -5664.6384  EGB     =     -1254.0568  RESTRAINT  =        53.4725
 EAMBER (non-restraint)  =     -3360.0105
 ESURF=        28.7708
 ------------------------------------------------------------------------------

 NMR restraints: Bond =    0.000   Angle =     0.000   Torsion =     0.000
===============================================================================

 NSTEP =   215000   TIME(PS) =     430.000  TEMP(K) =   181.41  PRESS =     0.0
 Etot   =     -2663.7359  EKtot   =       639.1724  EPtot      =     -3302.9083
 BOND   =       183.1476  ANGLE   =       497.9007  DIHED      =      1073.9299
 1-4 NB =       305.4212  1-4 EEL =      2201.1791  VDWAALS    =      -711.9538
 EELEC  =     -5659.5108  EGB     =     -1270.3010  RESTRAINT  =        48.4031
 EAMBER (non-restraint)  =     -3351.3114
 ESURF=        28.8757
 ------------------------------------------------------------------------------

 NMR restraints: Bond =    0.000   Angle =     0.000   Torsion =     0.000
===============================================================================

 NSTEP =   220000   TIME(PS) =     440.000  TEMP(K) =   181.12  PRESS =     0.0
 Etot   =     -2628.7869  EKtot   =       638.1540  EPtot      =     -3266.9409
 BOND   =       183.8159  ANGLE   =       510.9876  DIHED      =      1103.3123
 1-4 NB =       310.4949  1-4 EEL =      2155.9776  VDWAALS    =      -715.7252
 EELEC  =     -5626.1810  EGB     =     -1262.3018  RESTRAINT  =        45.0000
 EAMBER (non-restraint)  =     -3311.9409
 ESURF=        27.6789
 ------------------------------------------------------------------------------

 NMR restraints: Bond =    0.000   Angle =     0.000   Torsion =     0.000
===============================================================================

 NSTEP =   225000   TIME(PS) =     450.000  TEMP(K) =   187.21  PRESS =     0.0
 Etot   =     -2602.4029  EKtot   =       659.5947  EPtot      =     -3261.9975
 BOND   =       178.6648  ANGLE   =       513.8872  DIHED      =      1080.3262
 1-4 NB =       308.6904  1-4 EEL =      2170.2158  VDWAALS    =      -696.4783
 EELEC  =     -5627.4624  EGB     =     -1269.3241  RESTRAINT  =        50.6099
 EAMBER (non-restraint)  =     -3312.6074
 ESURF=        28.8731
 ------------------------------------------------------------------------------

 NMR restraints: Bond =    0.000   Angle =     0.000   Torsion =     0.000
===============================================================================

 NSTEP =   230000   TIME(PS) =     460.000  TEMP(K) =   187.79  PRESS =     0.0
 Etot   =     -2584.1191  EKtot   =       661.6554  EPtot      =     -3245.7745
 BOND   =       188.3669  ANGLE   =       546.8173  DIHED      =      1085.0157
 1-4 NB =       294.6755  1-4 EEL =      2174.7267  VDWAALS    =      -698.8815
 EELEC  =     -5633.2936  EGB     =     -1276.8876  RESTRAINT  =        45.2242
 EAMBER (non-restraint)  =     -3290.9987
 ESURF=        28.4619
 ------------------------------------------------------------------------------

 NMR restraints: Bond =    0.000   Angle =     0.000   Torsion =     0.000
===============================================================================

 NSTEP =   235000   TIME(PS) =     470.000  TEMP(K) =   202.90  PRESS =     0.0
 Etot   =     -2555.5003  EKtot   =       714.8737  EPtot      =     -3270.3740
 BOND   =       198.5422  ANGLE   =       497.1030  DIHED      =      1108.6594
 1-4 NB =       304.8898  1-4 EEL =      2165.0385  VDWAALS    =      -696.8624
 EELEC  =     -5683.8393  EGB     =     -1239.9373  RESTRAINT  =        47.9083
 EAMBER (non-restraint)  =     -3318.2823
 ESURF=        28.1239
 ------------------------------------------------------------------------------

 NMR restraints: Bond =    0.000   Angle =     0.000   Torsion =     0.000
===============================================================================

 NSTEP =   240000   TIME(PS) =     480.000  TEMP(K) =   199.45  PRESS =     0.0
 Etot   =     -2544.7054  EKtot   =       702.7280  EPtot      =     -3247.4334
 BOND   =       190.5998  ANGLE   =       533.4873  DIHED      =      1087.9917
 1-4 NB =       303.3855  1-4 EEL =      2194.7455  VDWAALS    =      -703.7489
 EELEC  =     -5651.1208  EGB     =     -1283.8501  RESTRAINT  =        52.1978
 EAMBER (non-restraint)  =     -3299.6312
 ESURF=        28.8787
 ------------------------------------------------------------------------------

 NMR restraints: Bond =    0.000   Angle =     0.000   Torsion =     0.000
===============================================================================

 NSTEP =   245000   TIME(PS) =     490.000  TEMP(K) =   201.00  PRESS =     0.0
 Etot   =     -2542.4482  EKtot   =       708.1779  EPtot      =     -3250.6261
 BOND   =       186.1499  ANGLE   =       536.6659  DIHED      =      1082.4344
 1-4 NB =       308.5814  1-4 EEL =      2174.8585  VDWAALS    =      -706.9996
 EELEC  =     -5651.4254  EGB     =     -1260.3029  RESTRAINT  =        50.5063
 EAMBER (non-restraint)  =     -3301.1324
 ESURF=        28.9055
 ------------------------------------------------------------------------------

 NMR restraints: Bond =    0.000   Angle =     0.000   Torsion =     0.000
===============================================================================

 NSTEP =   250000   TIME(PS) =     500.000  TEMP(K) =   196.87  PRESS =     0.0
 Etot   =     -2501.8366  EKtot   =       693.6389  EPtot      =     -3195.4755
 BOND   =       211.8278  ANGLE   =       549.5891  DIHED      =      1099.3656
 1-4 NB =       304.4487  1-4 EEL =      2168.6914  VDWAALS    =      -712.5182
 EELEC  =     -5620.9158  EGB     =     -1281.1930  RESTRAINT  =        56.4981
 EAMBER (non-restraint)  =     -3251.9736
 ESURF=        28.7308
 ------------------------------------------------------------------------------

 NMR restraints: Bond =    0.000   Angle =     0.000   Torsion =     0.000
===============================================================================

 NSTEP =   255000   TIME(PS) =     510.000  TEMP(K) =   201.55  PRESS =     0.0
 Etot   =     -2525.9370  EKtot   =       710.1051  EPtot      =     -3236.0421
 BOND   =       194.9449  ANGLE   =       525.3242  DIHED      =      1090.6973
 1-4 NB =       316.7701  1-4 EEL =      2190.8778  VDWAALS    =      -708.0104
 EELEC  =     -5710.1018  EGB     =     -1215.3796  RESTRAINT  =        51.3938
 EAMBER (non-restraint)  =     -3287.4359
 ESURF=        27.4415
 ------------------------------------------------------------------------------

 NMR restraints: Bond =    0.000   Angle =     0.000   Torsion =     0.000
===============================================================================

 NSTEP =   260000   TIME(PS) =     520.000  TEMP(K) =   207.32  PRESS =     0.0
 Etot   =     -2468.1172  EKtot   =       730.4548  EPtot      =     -3198.5720
 BOND   =       213.6310  ANGLE   =       551.7859  DIHED      =      1090.9045
 1-4 NB =       305.1477  1-4 EEL =      2173.3408  VDWAALS    =      -689.4758
 EELEC  =     -5689.4877  EGB     =     -1241.8086  RESTRAINT  =        58.4818
 EAMBER (non-restraint)  =     -3257.0538
 ESURF=        28.9084
 ------------------------------------------------------------------------------

 NMR restraints: Bond =    0.000   Angle =     0.000   Torsion =     0.000
===============================================================================

 NSTEP =   265000   TIME(PS) =     530.000  TEMP(K) =   203.77  PRESS =     0.0
 Etot   =     -2512.8641  EKtot   =       717.9576  EPtot      =     -3230.8217
 BOND   =       212.5454  ANGLE   =       500.1099  DIHED      =      1092.9597
 1-4 NB =       318.7520  1-4 EEL =      2184.7430  VDWAALS    =      -716.9921
 EELEC  =     -5645.6950  EGB     =     -1259.7512  RESTRAINT  =        53.5886
 EAMBER (non-restraint)  =     -3284.4103
 ESURF=        28.9178
 ------------------------------------------------------------------------------

 NMR restraints: Bond =    0.000   Angle =     0.000   Torsion =     0.000
===============================================================================

 NSTEP =   270000   TIME(PS) =     540.000  TEMP(K) =   211.63  PRESS =     0.0
 Etot   =     -2445.8671  EKtot   =       745.6355  EPtot      =     -3191.5026
 BOND   =       216.1619  ANGLE   =       559.4682  DIHED      =      1085.3320
 1-4 NB =       305.2792  1-4 EEL =      2160.2114  VDWAALS    =      -704.1219
 EELEC  =     -5650.1726  EGB     =     -1241.9972  RESTRAINT  =        50.1185
 EAMBER (non-restraint)  =     -3241.6211
 ESURF=        28.2178
 ------------------------------------------------------------------------------

 NMR restraints: Bond =    0.000   Angle =     0.000   Torsion =     0.000
===============================================================================

 NSTEP =   275000   TIME(PS) =     550.000  TEMP(K) =   215.59  PRESS =     0.0
 Etot   =     -2450.6677  EKtot   =       759.5978  EPtot      =     -3210.2655
 BOND   =       194.1089  ANGLE   =       557.2664  DIHED      =      1084.2691
 1-4 NB =       309.1202  1-4 EEL =      2192.8770  VDWAALS    =      -706.9747
 EELEC  =     -5677.2849  EGB     =     -1247.4038  RESTRAINT  =        55.0888
 EAMBER (non-restraint)  =     -3265.3543
 ESURF=        28.6674
 ------------------------------------------------------------------------------

 NMR restraints: Bond =    0.000   Angle =     0.000   Torsion =     0.000
===============================================================================

 NSTEP =   280000   TIME(PS) =     560.000  TEMP(K) =   217.17  PRESS =     0.0
 Etot   =     -2441.6604  EKtot   =       765.1573  EPtot      =     -3206.8177
 BOND   =       202.9130  ANGLE   =       536.8867  DIHED      =      1085.6154
 1-4 NB =       317.1924  1-4 EEL =      2178.5445  VDWAALS    =      -701.5768
 EELEC  =     -5681.1678  EGB     =     -1234.8976  RESTRAINT  =        61.4846
 EAMBER (non-restraint)  =     -3268.3023
 ESURF=        28.1878
 ------------------------------------------------------------------------------

 NMR restraints: Bond =    0.000   Angle =     0.000   Torsion =     0.000
===============================================================================

 NSTEP =   285000   TIME(PS) =     570.000  TEMP(K) =   208.09  PRESS =     0.0
 Etot   =     -2438.1816  EKtot   =       733.1664  EPtot      =     -3171.3480
 BOND   =       214.5343  ANGLE   =       559.4291  DIHED      =      1098.0205
 1-4 NB =       309.5782  1-4 EEL =      2175.1225  VDWAALS    =      -707.9006
 EELEC  =     -5650.8128  EGB     =     -1254.8239  RESTRAINT  =        56.8380
 EAMBER (non-restraint)  =     -3228.1861
 ESURF=        28.6666
 ------------------------------------------------------------------------------

 NMR restraints: Bond =    0.000   Angle =     0.000   Torsion =     0.000
===============================================================================

 NSTEP =   290000   TIME(PS) =     580.000  TEMP(K) =   214.75  PRESS =     0.0
 Etot   =     -2425.7068  EKtot   =       756.6219  EPtot      =     -3182.3287
 BOND   =       223.8961  ANGLE   =       548.1484  DIHED      =      1097.0466
 1-4 NB =       316.1527  1-4 EEL =      2205.3682  VDWAALS    =      -711.6602
 EELEC  =     -5713.8290  EGB     =     -1230.2240  RESTRAINT  =        54.4626
 EAMBER (non-restraint)  =     -3236.7914
 ESURF=        28.3099
 ------------------------------------------------------------------------------

 NMR restraints: Bond =    0.000   Angle =     0.000   Torsion =     0.000
===============================================================================

 NSTEP =   295000   TIME(PS) =     590.000  TEMP(K) =   216.49  PRESS =     0.0
 Etot   =     -2388.1159  EKtot   =       762.7441  EPtot      =     -3150.8600
 BOND   =       211.9958  ANGLE   =       571.5792  DIHED      =      1105.4744
 1-4 NB =       314.3290  1-4 EEL =      2162.4491  VDWAALS    =      -709.7062
 EELEC  =     -5695.3695  EGB     =     -1201.7097  RESTRAINT  =        62.2762
 EAMBER (non-restraint)  =     -3213.1362
 ESURF=        27.8217
 ------------------------------------------------------------------------------

 NMR restraints: Bond =    0.000   Angle =     0.000   Torsion =     0.000
===============================================================================

 NSTEP =   300000   TIME(PS) =     600.000  TEMP(K) =   222.71  PRESS =     0.0
 Etot   =     -2367.7725  EKtot   =       784.6874  EPtot      =     -3152.4599
 BOND   =       234.8280  ANGLE   =       569.3253  DIHED      =      1077.3097
 1-4 NB =       312.2492  1-4 EEL =      2172.6547  VDWAALS    =      -705.8571
 EELEC  =     -5718.2774  EGB     =     -1179.3312  RESTRAINT  =        56.0050
 EAMBER (non-restraint)  =     -3208.4650
 ESURF=        28.6338
 ------------------------------------------------------------------------------

 NMR restraints: Bond =    0.000   Angle =     0.000   Torsion =     0.000
===============================================================================

 NSTEP =   305000   TIME(PS) =     610.000  TEMP(K) =   214.27  PRESS =     0.0
 Etot   =     -2412.8882  EKtot   =       754.9328  EPtot      =     -3167.8209
 BOND   =       230.0062  ANGLE   =       577.7198  DIHED      =      1096.6528
 1-4 NB =       294.2307  1-4 EEL =      2141.4130  VDWAALS    =      -696.0968
 EELEC  =     -5638.9511  EGB     =     -1258.6796  RESTRAINT  =        56.1931
 EAMBER (non-restraint)  =     -3224.0141
 ESURF=        29.6910
 ------------------------------------------------------------------------------

 NMR restraints: Bond =    0.000   Angle =     0.000   Torsion =     0.000
===============================================================================

 NSTEP =   310000   TIME(PS) =     620.000  TEMP(K) =   224.77  PRESS =     0.0
 Etot   =     -2303.3478  EKtot   =       791.9442  EPtot      =     -3095.2921
 BOND   =       223.4304  ANGLE   =       597.3280  DIHED      =      1120.1134
 1-4 NB =       325.2608  1-4 EEL =      2174.8529  VDWAALS    =      -704.0380
 EELEC  =     -5707.6440  EGB     =     -1214.0993  RESTRAINT  =        60.1876
 EAMBER (non-restraint)  =     -3155.4797
 ESURF=        29.3161
 ------------------------------------------------------------------------------

 NMR restraints: Bond =    0.000   Angle =     0.000   Torsion =     0.000
===============================================================================

 NSTEP =   315000   TIME(PS) =     630.000  TEMP(K) =   225.84  PRESS =     0.0
 Etot   =     -2333.2375  EKtot   =       795.6901  EPtot      =     -3128.9275
 BOND   =       211.8093  ANGLE   =       557.8714  DIHED      =      1108.9132
 1-4 NB =       313.9038  1-4 EEL =      2206.7961  VDWAALS    =      -701.5508
 EELEC  =     -5686.9089  EGB     =     -1242.0660  RESTRAINT  =        72.9619
 EAMBER (non-restraint)  =     -3201.8894
 ESURF=        29.3424
 ------------------------------------------------------------------------------

 NMR restraints: Bond =    0.000   Angle =     0.000   Torsion =     0.000
===============================================================================

 NSTEP =   320000   TIME(PS) =     640.000  TEMP(K) =   223.24  PRESS =     0.0
 Etot   =     -2338.8014  EKtot   =       786.5293  EPtot      =     -3125.3307
 BOND   =       217.9473  ANGLE   =       586.9858  DIHED      =      1105.6891
 1-4 NB =       321.1648  1-4 EEL =      2195.6163  VDWAALS    =      -698.6242
 EELEC  =     -5720.0220  EGB     =     -1220.3130  RESTRAINT  =        57.4831
 EAMBER (non-restraint)  =     -3182.8138
 ESURF=        28.7420
 ------------------------------------------------------------------------------

 NMR restraints: Bond =    0.000   Angle =     0.000   Torsion =     0.000
===============================================================================

 NSTEP =   325000   TIME(PS) =     650.000  TEMP(K) =   235.73  PRESS =     0.0
 Etot   =     -2291.8334  EKtot   =       830.5626  EPtot      =     -3122.3961
 BOND   =       234.3499  ANGLE   =       580.8905  DIHED      =      1105.8692
 1-4 NB =       312.1314  1-4 EEL =      2182.8475  VDWAALS    =      -702.3388
 EELEC  =     -5714.9090  EGB     =     -1202.1701  RESTRAINT  =        52.2730
 EAMBER (non-restraint)  =     -3174.6691
 ESURF=        28.6602
 ------------------------------------------------------------------------------

 NMR restraints: Bond =    0.000   Angle =     0.000   Torsion =     0.000
===============================================================================

 NSTEP =   330000   TIME(PS) =     660.000  TEMP(K) =   236.59  PRESS =     0.0
 Etot   =     -2237.6209  EKtot   =       833.5826  EPtot      =     -3071.2035
 BOND   =       231.0169  ANGLE   =       609.0689  DIHED      =      1116.9117
 1-4 NB =       310.3872  1-4 EEL =      2174.1031  VDWAALS    =      -696.9225
 EELEC  =     -5695.5564  EGB     =     -1215.8270  RESTRAINT  =        67.1765
 EAMBER (non-restraint)  =     -3138.3800
 ESURF=        28.4383
 ------------------------------------------------------------------------------

 NMR restraints: Bond =    0.000   Angle =     0.000   Torsion =     0.000
===============================================================================

 NSTEP =   335000   TIME(PS) =     670.000  TEMP(K) =   234.92  PRESS =     0.0
 Etot   =     -2257.9460  EKtot   =       827.6954  EPtot      =     -3085.6415
 BOND   =       231.3748  ANGLE   =       603.5053  DIHED      =      1096.4732
 1-4 NB =       318.7759  1-4 EEL =      2190.9690  VDWAALS    =      -712.8455
 EELEC  =     -5678.0434  EGB     =     -1223.9841  RESTRAINT  =        59.0321
 EAMBER (non-restraint)  =     -3144.6736
 ESURF=        29.1013
 ------------------------------------------------------------------------------

 NMR restraints: Bond =    0.000   Angle =     0.000   Torsion =     0.000
===============================================================================

 NSTEP =   340000   TIME(PS) =     680.000  TEMP(K) =   245.97  PRESS =     0.0
 Etot   =     -2240.7366  EKtot   =       866.6400  EPtot      =     -3107.3767
 BOND   =       226.9666  ANGLE   =       618.5030  DIHED      =      1097.5207
 1-4 NB =       311.9043  1-4 EEL =      2162.2783  VDWAALS    =      -704.1643
 EELEC  =     -5655.5091  EGB     =     -1249.2251  RESTRAINT  =        54.4110
 EAMBER (non-restraint)  =     -3161.7876
 ESURF=        29.9379
 ------------------------------------------------------------------------------

 NMR restraints: Bond =    0.000   Angle =     0.000   Torsion =     0.000
===============================================================================

 NSTEP =   345000   TIME(PS) =     690.000  TEMP(K) =   242.44  PRESS =     0.0
 Etot   =     -2240.5841  EKtot   =       854.1732  EPtot      =     -3094.7573
 BOND   =       222.4112  ANGLE   =       594.5558  DIHED      =      1109.7066
 1-4 NB =       328.0519  1-4 EEL =      2213.0558  VDWAALS    =      -693.5175
 EELEC  =     -5726.9162  EGB     =     -1229.1217  RESTRAINT  =        58.2802
 EAMBER (non-restraint)  =     -3153.0374
 ESURF=        28.7367
 ------------------------------------------------------------------------------

 NMR restraints: Bond =    0.000   Angle =     0.000   Torsion =     0.000
===============================================================================

 NSTEP =   350000   TIME(PS) =     700.000  TEMP(K) =   236.02  PRESS =     0.0
 Etot   =     -2291.9394  EKtot   =       831.5679  EPtot      =     -3123.5072
 BOND   =       232.6633  ANGLE   =       583.0152  DIHED      =      1100.5952
 1-4 NB =       314.3475  1-4 EEL =      2147.3520  VDWAALS    =      -706.8491
 EELEC  =     -5628.2316  EGB     =     -1251.7587  RESTRAINT  =        54.8963
 EAMBER (non-restraint)  =     -3178.4035
 ESURF=        30.4625
 ------------------------------------------------------------------------------

 NMR restraints: Bond =    0.000   Angle =     0.000   Torsion =     0.000
===============================================================================

 NSTEP =   355000   TIME(PS) =     710.000  TEMP(K) =   248.19  PRESS =     0.0
 Etot   =     -2194.7527  EKtot   =       874.4306  EPtot      =     -3069.1833
 BOND   =       239.1110  ANGLE   =       588.9980  DIHED      =      1121.8925
 1-4 NB =       320.9363  1-4 EEL =      2181.2188  VDWAALS    =      -678.3218
 EELEC  =     -5665.4208  EGB     =     -1271.5899  RESTRAINT  =        64.0160
 EAMBER (non-restraint)  =     -3133.1993
 ESURF=        29.9767
 ------------------------------------------------------------------------------

 NMR restraints: Bond =    0.000   Angle =     0.000   Torsion =     0.000
===============================================================================

 NSTEP =   360000   TIME(PS) =     720.000  TEMP(K) =   243.04  PRESS =     0.0
 Etot   =     -2223.4538  EKtot   =       856.2964  EPtot      =     -3079.7502
 BOND   =       224.0543  ANGLE   =       609.9428  DIHED      =      1111.2628
 1-4 NB =       307.4364  1-4 EEL =      2163.2536  VDWAALS    =      -703.9211
 EELEC  =     -5650.3652  EGB     =     -1235.9439  RESTRAINT  =        64.9094
 EAMBER (non-restraint)  =     -3144.6596
 ESURF=        29.6207
 ------------------------------------------------------------------------------

 NMR restraints: Bond =    0.000   Angle =     0.000   Torsion =     0.000
===============================================================================

 NSTEP =   365000   TIME(PS) =     730.000  TEMP(K) =   235.67  PRESS =     0.0
 Etot   =     -2233.2319  EKtot   =       830.3466  EPtot      =     -3063.5785
 BOND   =       240.1767  ANGLE   =       644.3805  DIHED      =      1108.8930
 1-4 NB =       304.4300  1-4 EEL =      2136.6586  VDWAALS    =      -697.7204
 EELEC  =     -5677.2442  EGB     =     -1220.1342  RESTRAINT  =        67.1227
 EAMBER (non-restraint)  =     -3130.7012
 ESURF=        29.8588
 ------------------------------------------------------------------------------

 NMR restraints: Bond =    0.000   Angle =     0.000   Torsion =     0.000
===============================================================================

 NSTEP =   370000   TIME(PS) =     740.000  TEMP(K) =   252.94  PRESS =     0.0
 Etot   =     -2191.4822  EKtot   =       891.1919  EPtot      =     -3082.6741
 BOND   =       237.2945  ANGLE   =       608.7847  DIHED      =      1094.1177
 1-4 NB =       310.9143  1-4 EEL =      2185.7638  VDWAALS    =      -680.2024
 EELEC  =     -5739.5603  EGB     =     -1184.6518  RESTRAINT  =        54.5086
 EAMBER (non-restraint)  =     -3137.1827
 ESURF=        30.3567
 ------------------------------------------------------------------------------

 NMR restraints: Bond =    0.000   Angle =     0.000   Torsion =     0.000
===============================================================================

 NSTEP =   375000   TIME(PS) =     750.000  TEMP(K) =   258.18  PRESS =     0.0
 Etot   =     -2130.1013  EKtot   =       909.6473  EPtot      =     -3039.7486
 BOND   =       252.0674  ANGLE   =       622.8083  DIHED      =      1109.6020
 1-4 NB =       313.6051  1-4 EEL =      2185.1256  VDWAALS    =      -691.3105
 EELEC  =     -5755.6708  EGB     =     -1172.0275  RESTRAINT  =        66.4640
 EAMBER (non-restraint)  =     -3106.2126
 ESURF=        29.5877
 ------------------------------------------------------------------------------

 NMR restraints: Bond =    0.000   Angle =     0.000   Torsion =     0.000
===============================================================================

 NSTEP =   380000   TIME(PS) =     760.000  TEMP(K) =   251.34  PRESS =     0.0
 Etot   =     -2152.7530  EKtot   =       885.5306  EPtot      =     -3038.2836
 BOND   =       256.8696  ANGLE   =       624.0488  DIHED      =      1126.3962
 1-4 NB =       320.8589  1-4 EEL =      2141.7320  VDWAALS    =      -695.4535
 EELEC  =     -5668.4923  EGB     =     -1240.7237  RESTRAINT  =        65.6192
 EAMBER (non-restraint)  =     -3103.9028
 ESURF=        30.8612
 ------------------------------------------------------------------------------

 NMR restraints: Bond =    0.000   Angle =     0.000   Torsion =     0.000
===============================================================================

 NSTEP =   385000   TIME(PS) =     770.000  TEMP(K) =   249.69  PRESS =     0.0
 Etot   =     -2132.5161  EKtot   =       879.7326  EPtot      =     -3012.2487
 BOND   =       251.9491  ANGLE   =       638.7836  DIHED      =      1127.7117
 1-4 NB =       315.8706  1-4 EEL =      2134.7260  VDWAALS    =      -690.2052
 EELEC  =     -5651.3166  EGB     =     -1233.5833  RESTRAINT  =        65.4074
 EAMBER (non-restraint)  =     -3077.6561
 ESURF=        28.4080
 ------------------------------------------------------------------------------

 NMR restraints: Bond =    0.000   Angle =     0.000   Torsion =     0.000
===============================================================================

 NSTEP =   390000   TIME(PS) =     780.000  TEMP(K) =   262.67  PRESS =     0.0
 Etot   =     -2073.1602  EKtot   =       925.4595  EPtot      =     -2998.6197
 BOND   =       246.6837  ANGLE   =       654.9273  DIHED      =      1119.1416
 1-4 NB =       323.9514  1-4 EEL =      2175.2313  VDWAALS    =      -689.4872
 EELEC  =     -5718.0169  EGB     =     -1210.3748  RESTRAINT  =        68.1267
 EAMBER (non-restraint)  =     -3066.7464
 ESURF=        31.1974
 ------------------------------------------------------------------------------

 NMR restraints: Bond =    0.000   Angle =     0.000   Torsion =     0.000
===============================================================================

 NSTEP =   395000   TIME(PS) =     790.000  TEMP(K) =   267.55  PRESS =     0.0
 Etot   =     -2071.7087  EKtot   =       942.6445  EPtot      =     -3014.3532
 BOND   =       235.8883  ANGLE   =       610.3442  DIHED      =      1124.9023
 1-4 NB =       328.1699  1-4 EEL =      2181.2057  VDWAALS    =      -686.9375
 EELEC  =     -5670.9342  EGB     =     -1242.0561  RESTRAINT  =        75.4762
 EAMBER (non-restraint)  =     -3089.8293
 ESURF=        29.5880
 ------------------------------------------------------------------------------

 NMR restraints: Bond =    0.000   Angle =     0.000   Torsion =     0.000
===============================================================================

 NSTEP =   400000   TIME(PS) =     800.000  TEMP(K) =   261.30  PRESS =     0.0
 Etot   =     -2089.8252  EKtot   =       920.6242  EPtot      =     -3010.4494
 BOND   =       250.9364  ANGLE   =       617.1024  DIHED      =      1142.0201
 1-4 NB =       322.9039  1-4 EEL =      2168.5922  VDWAALS    =      -697.4779
 EELEC  =     -5700.6113  EGB     =     -1212.5356  RESTRAINT  =        69.4367
 EAMBER (non-restraint)  =     -3079.8861
 ESURF=        29.1837
 ------------------------------------------------------------------------------

 NMR restraints: Bond =    0.000   Angle =     0.000   Torsion =     0.000
===============================================================================

 NSTEP =   405000   TIME(PS) =     810.000  TEMP(K) =   264.85  PRESS =     0.0
 Etot   =     -2051.2580  EKtot   =       933.1354  EPtot      =     -2984.3934
 BOND   =       264.6839  ANGLE   =       647.7473  DIHED      =      1126.3136
 1-4 NB =       314.6235  1-4 EEL =      2159.9676  VDWAALS    =      -702.7809
 EELEC  =     -5662.7034  EGB     =     -1227.4183  RESTRAINT  =        65.7851
 EAMBER (non-restraint)  =     -3050.1785
 ESURF=        29.3882
 ------------------------------------------------------------------------------

 NMR restraints: Bond =    0.000   Angle =     0.000   Torsion =     0.000
===============================================================================

 NSTEP =   410000   TIME(PS) =     820.000  TEMP(K) =   253.57  PRESS =     0.0
 Etot   =     -2055.4707  EKtot   =       893.3955  EPtot      =     -2948.8661
 BOND   =       249.9097  ANGLE   =       660.0788  DIHED      =      1150.2452
 1-4 NB =       314.4039  1-4 EEL =      2186.9034  VDWAALS    =      -692.5540
 EELEC  =     -5689.6415  EGB     =     -1225.9907  RESTRAINT  =        67.5891
 EAMBER (non-restraint)  =     -3016.4552
 ESURF=        30.1900
 ------------------------------------------------------------------------------

 NMR restraints: Bond =    0.000   Angle =     0.000   Torsion =     0.000
===============================================================================

 NSTEP =   415000   TIME(PS) =     830.000  TEMP(K) =   274.04  PRESS =     0.0
 Etot   =     -2028.4622  EKtot   =       965.5202  EPtot      =     -2993.9824
 BOND   =       251.1600  ANGLE   =       634.1665  DIHED      =      1151.3337
 1-4 NB =       317.6898  1-4 EEL =      2169.1140  VDWAALS    =      -680.2680
 EELEC  =     -5722.3155  EGB     =     -1210.3011  RESTRAINT  =        65.3785
 EAMBER (non-restraint)  =     -3059.3609
 ESURF=        30.0598
 ------------------------------------------------------------------------------

 NMR restraints: Bond =    0.000   Angle =     0.000   Torsion =     0.000
===============================================================================

 NSTEP =   420000   TIME(PS) =     840.000  TEMP(K) =   269.55  PRESS =     0.0
 Etot   =     -2037.0024  EKtot   =       949.7156  EPtot      =     -2986.7180
 BOND   =       235.7652  ANGLE   =       670.8226  DIHED      =      1138.0984
 1-4 NB =       316.6101  1-4 EEL =      2186.8151  VDWAALS    =      -701.7705
 EELEC  =     -5746.3936  EGB     =     -1185.1866  RESTRAINT  =        69.3332
 EAMBER (non-restraint)  =     -3056.0512
 ESURF=        29.1881
 ------------------------------------------------------------------------------

 NMR restraints: Bond =    0.000   Angle =     0.000   Torsion =     0.000
===============================================================================

 NSTEP =   425000   TIME(PS) =     850.000  TEMP(K) =   269.34  PRESS =     0.0
 Etot   =     -2034.4907  EKtot   =       948.9584  EPtot      =     -2983.4491
 BOND   =       247.6590  ANGLE   =       652.7720  DIHED      =      1131.7213
 1-4 NB =       323.8638  1-4 EEL =      2171.5155  VDWAALS    =      -696.8070
 EELEC  =     -5699.8567  EGB     =     -1206.2171  RESTRAINT  =        61.9491
 EAMBER (non-restraint)  =     -3045.3982
 ESURF=        29.9509
 ------------------------------------------------------------------------------

 NMR restraints: Bond =    0.000   Angle =     0.000   Torsion =     0.000
===============================================================================

 NSTEP =   430000   TIME(PS) =     860.000  TEMP(K) =   274.52  PRESS =     0.0
 Etot   =     -1998.7650  EKtot   =       967.1965  EPtot      =     -2965.9615
 BOND   =       243.6575  ANGLE   =       650.9423  DIHED      =      1157.1216
 1-4 NB =       323.3702  1-4 EEL =      2170.0306  VDWAALS    =      -683.8559
 EELEC  =     -5686.4746  EGB     =     -1238.0746  RESTRAINT  =        65.6189
 EAMBER (non-restraint)  =     -3031.5804
 ESURF=        31.7025
 ------------------------------------------------------------------------------

 NMR restraints: Bond =    0.000   Angle =     0.000   Torsion =     0.000
===============================================================================

 NSTEP =   435000   TIME(PS) =     870.000  TEMP(K) =   273.48  PRESS =     0.0
 Etot   =     -2034.5569  EKtot   =       963.5322  EPtot      =     -2998.0891
 BOND   =       262.9080  ANGLE   =       646.0262  DIHED      =      1127.4502
 1-4 NB =       304.5933  1-4 EEL =      2150.6657  VDWAALS    =      -703.6030
 EELEC  =     -5660.7994  EGB     =     -1228.7084  RESTRAINT  =        72.9693
 EAMBER (non-restraint)  =     -3071.0584
 ESURF=        30.4091
 ------------------------------------------------------------------------------

 NMR restraints: Bond =    0.000   Angle =     0.000   Torsion =     0.000
===============================================================================

 NSTEP =   440000   TIME(PS) =     880.000  TEMP(K) =   271.89  PRESS =     0.0
 Etot   =     -1986.3697  EKtot   =       957.9381  EPtot      =     -2944.3079
 BOND   =       256.1126  ANGLE   =       675.3068  DIHED      =      1136.0524
 1-4 NB =       314.8258  1-4 EEL =      2176.8271  VDWAALS    =      -708.1365
 EELEC  =     -5668.4504  EGB     =     -1230.0761  RESTRAINT  =        73.7795
 EAMBER (non-restraint)  =     -3018.0873
 ESURF=        29.4509
 ------------------------------------------------------------------------------

 NMR restraints: Bond =    0.000   Angle =     0.000   Torsion =     0.000
===============================================================================

 NSTEP =   445000   TIME(PS) =     890.000  TEMP(K) =   285.83  PRESS =     0.0
 Etot   =     -1940.6425  EKtot   =      1007.0567  EPtot      =     -2947.6992
 BOND   =       254.7207  ANGLE   =       674.9036  DIHED      =      1136.6642
 1-4 NB =       312.5515  1-4 EEL =      2181.9850  VDWAALS    =      -689.9549
 EELEC  =     -5705.0441  EGB     =     -1216.7637  RESTRAINT  =        74.4202
 EAMBER (non-restraint)  =     -3022.1194
 ESURF=        28.8183
 ------------------------------------------------------------------------------

 NMR restraints: Bond =    0.000   Angle =     0.000   Torsion =     0.000
===============================================================================

 NSTEP =   450000   TIME(PS) =     900.000  TEMP(K) =   289.61  PRESS =     0.0
 Etot   =     -1945.9206  EKtot   =      1020.3747  EPtot      =     -2966.2954
 BOND   =       260.1330  ANGLE   =       651.7702  DIHED      =      1141.4718
 1-4 NB =       317.0563  1-4 EEL =      2184.7277  VDWAALS    =      -692.1977
 EELEC  =     -5726.4769  EGB     =     -1192.8940  RESTRAINT  =        61.4944
 EAMBER (non-restraint)  =     -3027.7898
 ESURF=        28.6196
 ------------------------------------------------------------------------------

 NMR restraints: Bond =    0.000   Angle =     0.000   Torsion =     0.000
===============================================================================

 NSTEP =   455000   TIME(PS) =     910.000  TEMP(K) =   289.63  PRESS =     0.0
 Etot   =     -1879.9306  EKtot   =      1020.4336  EPtot      =     -2900.3642
 BOND   =       258.2554  ANGLE   =       693.9158  DIHED      =      1147.4052
 1-4 NB =       315.8376  1-4 EEL =      2139.2455  VDWAALS    =      -670.4143
 EELEC  =     -5644.3884  EGB     =     -1243.6718  RESTRAINT  =        73.4727
 EAMBER (non-restraint)  =     -2973.8369
 ESURF=        29.9781
 ------------------------------------------------------------------------------

 NMR restraints: Bond =    0.000   Angle =     0.000   Torsion =     0.000
===============================================================================

 NSTEP =   460000   TIME(PS) =     920.000  TEMP(K) =   282.65  PRESS =     0.0
 Etot   =     -1951.4968  EKtot   =       995.8559  EPtot      =     -2947.3528
 BOND   =       255.7238  ANGLE   =       661.3128  DIHED      =      1132.7868
 1-4 NB =       330.5460  1-4 EEL =      2222.5916  VDWAALS    =      -684.2313
 EELEC  =     -5701.5532  EGB     =     -1258.0740  RESTRAINT  =        62.3102
 EAMBER (non-restraint)  =     -3009.6629
 ESURF=        31.2346
 ------------------------------------------------------------------------------

 NMR restraints: Bond =    0.000   Angle =     0.000   Torsion =     0.000
===============================================================================

 NSTEP =   465000   TIME(PS) =     930.000  TEMP(K) =   284.42  PRESS =     0.0
 Etot   =     -1903.8659  EKtot   =      1002.0809  EPtot      =     -2905.9468
 BOND   =       259.5314  ANGLE   =       690.7321  DIHED      =      1137.9292
 1-4 NB =       324.5327  1-4 EEL =      2190.0719  VDWAALS    =      -699.4007
 EELEC  =     -5662.5386  EGB     =     -1254.2675  RESTRAINT  =        76.7388
 EAMBER (non-restraint)  =     -2982.6856
 ESURF=        30.7239
 ------------------------------------------------------------------------------

 NMR restraints: Bond =    0.000   Angle =     0.000   Torsion =     0.000
===============================================================================

 NSTEP =   470000   TIME(PS) =     940.000  TEMP(K) =   289.47  PRESS =     0.0
 Etot   =     -1847.8979  EKtot   =      1019.8775  EPtot      =     -2867.7754
 BOND   =       296.2130  ANGLE   =       685.9696  DIHED      =      1154.1254
 1-4 NB =       326.2400  1-4 EEL =      2181.3451  VDWAALS    =      -693.6082
 EELEC  =     -5662.2917  EGB     =     -1257.7140  RESTRAINT  =        70.7179
 EAMBER (non-restraint)  =     -2938.4933
 ESURF=        31.2276
 ------------------------------------------------------------------------------

 NMR restraints: Bond =    0.000   Angle =     0.000   Torsion =     0.000
===============================================================================

 NSTEP =   475000   TIME(PS) =     950.000  TEMP(K) =   283.56  PRESS =     0.0
 Etot   =     -1896.7364  EKtot   =       999.0584  EPtot      =     -2895.7948
 BOND   =       259.5876  ANGLE   =       679.2168  DIHED      =      1142.9031
 1-4 NB =       330.4622  1-4 EEL =      2176.3699  VDWAALS    =      -691.1083
 EELEC  =     -5624.4726  EGB     =     -1274.2788  RESTRAINT  =        74.0608
 EAMBER (non-restraint)  =     -2969.8556
 ESURF=        31.4645
 ------------------------------------------------------------------------------

 NMR restraints: Bond =    0.000   Angle =     0.000   Torsion =     0.000
===============================================================================

 NSTEP =   480000   TIME(PS) =     960.000  TEMP(K) =   290.73  PRESS =     0.0
 Etot   =     -1875.0883  EKtot   =      1024.3088  EPtot      =     -2899.3971
 BOND   =       268.2854  ANGLE   =       678.4022  DIHED      =      1136.3574
 1-4 NB =       325.8367  1-4 EEL =      2178.8035  VDWAALS    =      -700.7384
 EELEC  =     -5667.6576  EGB     =     -1228.6365  RESTRAINT  =        79.6659
 EAMBER (non-restraint)  =     -2979.0630
 ESURF=        30.2842
 ------------------------------------------------------------------------------

 NMR restraints: Bond =    0.000   Angle =     0.000   Torsion =     0.000
===============================================================================

 NSTEP =   485000   TIME(PS) =     970.000  TEMP(K) =   289.56  PRESS =     0.0
 Etot   =     -1890.3615  EKtot   =      1020.1971  EPtot      =     -2910.5587
 BOND   =       284.1745  ANGLE   =       658.0637  DIHED      =      1131.1096
 1-4 NB =       322.7439  1-4 EEL =      2157.1383  VDWAALS    =      -668.6546
 EELEC  =     -5649.2161  EGB     =     -1257.2693  RESTRAINT  =        79.8364
 EAMBER (non-restraint)  =     -2990.3950
 ESURF=        31.5150
 ------------------------------------------------------------------------------

 NMR restraints: Bond =    0.000   Angle =     0.000   Torsion =     0.000
===============================================================================

 NSTEP =   490000   TIME(PS) =     980.000  TEMP(K) =   291.39  PRESS =     0.0
 Etot   =     -1876.2577  EKtot   =      1026.6642  EPtot      =     -2902.9219
 BOND   =       259.5911  ANGLE   =       662.2141  DIHED      =      1116.4234
 1-4 NB =       333.3344  1-4 EEL =      2217.0346  VDWAALS    =      -679.9137
 EELEC  =     -5639.1480  EGB     =     -1278.6013  RESTRAINT  =        75.1832
 EAMBER (non-restraint)  =     -2978.1051
 ESURF=        30.9603
 ------------------------------------------------------------------------------

 NMR restraints: Bond =    0.000   Angle =     0.000   Torsion =     0.000
===============================================================================

 NSTEP =   495000   TIME(PS) =     990.000  TEMP(K) =   285.24  PRESS =     0.0
 Etot   =     -1843.6621  EKtot   =      1004.9679  EPtot      =     -2848.6300
 BOND   =       280.7176  ANGLE   =       714.3359  DIHED      =      1129.3184
 1-4 NB =       320.5073  1-4 EEL =      2148.5581  VDWAALS    =      -680.4311
 EELEC  =     -5558.2511  EGB     =     -1312.2180  RESTRAINT  =        78.2964
 EAMBER (non-restraint)  =     -2926.9265
 ESURF=        30.5364
 ------------------------------------------------------------------------------

 NMR restraints: Bond =    0.000   Angle =     0.000   Torsion =     0.000
===============================================================================

 NSTEP =   500000   TIME(PS) =    1000.000  TEMP(K) =   289.36  PRESS =     0.0
 Etot   =     -1845.3526  EKtot   =      1019.5080  EPtot      =     -2864.8606
 BOND   =       267.9205  ANGLE   =       716.3816  DIHED      =      1132.8939
 1-4 NB =       326.4489  1-4 EEL =      2153.2896  VDWAALS    =      -659.5404
 EELEC  =     -5604.1429  EGB     =     -1304.5665  RESTRAINT  =        75.9797
 EAMBER (non-restraint)  =     -2940.8403
 ESURF=        30.4750
 ------------------------------------------------------------------------------

 NMR restraints: Bond =    0.000   Angle =     0.000   Torsion =     0.000
===============================================================================

      A V E R A G E S   O V E R     100 S T E P S


 NSTEP =   500000   TIME(PS) =    1000.000  TEMP(K) =   201.13  PRESS =     0.0
 Etot   =     -2516.5491  EKtot   =       708.6336  EPtot      =     -3225.1827
 BOND   =       202.3441  ANGLE   =       533.5016  DIHED      =      1091.9141
 1-4 NB =       309.7182  1-4 EEL =      2176.6916  VDWAALS    =      -703.8418
 EELEC  =     -5674.6844  EGB     =     -1242.2861  RESTRAINT  =        52.3776
 EAMBER (non-restraint)  =     -3277.5603
 ESURF=        29.0824
 ------------------------------------------------------------------------------

 NMR restraints: Bond =    0.000   Angle =     0.000   Torsion =     0.000
===============================================================================

      R M S  F L U C T U A T I O N S


 NSTEP =   500000   TIME(PS) =    1000.000  TEMP(K) =    57.94  PRESS =     0.0
 Etot   =       415.0918  EKtot   =       204.1346  EPtot      =       211.7190
 BOND   =        44.5652  ANGLE   =       101.2591  DIHED      =        32.5986
 1-4 NB =        10.0865  1-4 EEL =        17.0537  VDWAALS    =        12.7823
 EELEC  =        30.7018  EGB     =        24.1302  RESTRAINT  =        14.5751
 EAMBER (non-restraint)  =       197.1439
 ESURF=         0.9649
 ------------------------------------------------------------------------------


 NMR restraints on final step:

--------------------------------------------------------------------------------
   5.  TIMINGS
--------------------------------------------------------------------------------

|  NonSetup CPU Time in Major Routines:
|
|     Routine           Sec        %
|     ------------------------------
|     Nonbond       43318.32   98.25
|     Bond              5.57    0.01
|     Angle            87.92    0.20
|     Dihedral        512.09    1.16
|     Shake            23.47    0.05
|     RunMD           139.81    0.32
|     Other             0.66    0.00
|     ------------------------------
|     Total         44087.86

|  Generalized Born CPU Time:
|
|     Routine                 Sec        %
|     ------------------------------------
|     Radii Calc          10189.89   23.11
|     Diagonal Calc       18870.69   42.80
|     Off Diagonal Calc   14222.81   32.26
|     GBSA LCPO Calc          0.40    0.00
|     ---------------------------------
|     Total               43283.40   98.18

|  Final Performance Info:
|     -----------------------------------------------------
|     Average timings for last       1 steps:
|     Elapsed(s) =       0.00 Per Step(ms) =       0.13
|         ns/day =    1298.70   seconds/ns =      66.53
|
|     Average timings for all steps:
|     Elapsed(s) =  123713.53 Per Step(ms) =     247.43
|         ns/day =       0.70   seconds/ns =  123713.53
|     -----------------------------------------------------

|  Setup CPU time:            0.02 seconds
|  NonSetup CPU time:     44087.86 seconds
|  Total CPU time:        44087.88 seconds    12.25 hours

|  Setup wall time:           0    seconds
|  NonSetup wall time:   123713    seconds
|  Total wall time:      123713    seconds    34.36 hours
