
          -------------------------------------------------------
          Amber 22 PMEMD                              2022
          -------------------------------------------------------

| PMEMD implementation of SANDER, Release 22

|  Compiled date/time: Thu Apr 14 23:36:37 2022
| Run on 12/29/2023 at 23:22:06

|   Executable path: pmemd
| Working directory: /home/arul/Reegina/MD_Sim/finalll/1GXT_info
|          Hostname: Unknown
  [-O]verwriting output

File Assignments:
|   MDIN: /home/arul/Reegina/MD_Sim/trial_file/min.in                           
|  MDOUT: min_1GXT.out                                                          
| INPCRD: 1GXT.rst7                                                             
|   PARM: 1GXT.hmass.parm7                                                      
| RESTRT: min_1GXT.rst7                                                         
|   REFC: refc                                                                  
|  MDVEL: mdvel                                                                 
|   MDEN: mden                                                                  
|  MDCRD: min_1GXT.crd                                                          
| MDINFO: min_1GXT.info                                                         
|  MDFRC: mdfrc                                                                 


 Here is the input file:

&cntrl                                                                         
  imin = 1,                                                                    
  maxcyc=100,                                                                  
  ntx = 1,                                                                     
  ntwr = 100,                                                                  
  ntpr = 10,                                                                   
  ioutfm=0,                                                                    
  ntxo=1,                                                                      
  cut = 1000.0,                                                                
  ntb=0,                                                                       
  igb = 8,                                                                     
  gbsa=3,                                                                      
  surften=0.007,                                                               
  saltcon = 0.0,                                                               
/                                                                              


Note: ig = -1. Setting random seed to   736791 based on wallclock time in 
      microseconds.
| irandom = 1, using AMBER's internal random number generator (default).
 
| Conditional Compilation Defines Used:
| PUBFFT
| BINTRAJ
| EMIL

| New format PARM file being parsed.
| Version =    1.000 Date = 12/29/23 Time = 17:09:20

| Note: 1-4 EEL scale factors are being read from the topology file.

| Note: 1-4 VDW scale factors are being read from the topology file.
| INFO:    Reading atomic numbers from topology file.
| Duplicated    0 dihedrals

| Duplicated    0 dihedrals

--------------------------------------------------------------------------------
   1.  RESOURCE   USE: 
--------------------------------------------------------------------------------

 NATOM  =    1416 NTYPES =      14 NBONH =     702 MBONA  =     731
 NTHETH =    1592 MTHETA =     994 NPHIH =    3272 MPHIA  =    3117
 NHPARM =       0 NPARM  =       0 NNB   =    7828 NRES   =      88
 NBONA  =     731 NTHETA =     994 NPHIA =    3117 NUMBND =      63
 NUMANG =     147 NPTRA  =     181 NATYP =      32 NPHB   =       0
 IFBOX  =       0 NMXRS  =      25 IFCAP =       0 NEXTRA =       0
 NCOPY  =       0

 Implicit solvent radii are ArgH and AspGluO modified Bondi2 radii (mbondi3)                                
 Replacing prmtop screening parameters with GBn2 (igb=8) values
--------------------------------------------------------------------------------
   2.  CONTROL  DATA  FOR  THE  RUN
--------------------------------------------------------------------------------

default_name                                                                    

General flags:
     imin    =       1, nmropt  =       0

Nature and format of input:
     ntx     =       1, irest   =       0, ntrx    =       1

Nature and format of output:
     ntxo    =       1, ntpr    =      10, ntrx    =       1, ntwr    =     100
     iwrap   =       0, ntwx    =       0, ntwv    =       0, ntwe    =       0
     ioutfm  =       0, ntwprt  =       0, idecomp =       0, rbornstat=      0

Potential function:
     ntf     =       1, ntb     =       0, igb     =       8, nsnb    =      25
     ipol    =       0, gbsa    =       3, iesp    =       0
     dielc   =   1.00000, cut     =1000.00000, intdiel =   1.00000
     saltcon =   0.00000, offset  =   0.19514, surften =   0.00700
     rdt     =   0.00000, rgbmax  =  25.00000  extdiel =  78.50000
     alpb  =        0
     gbalphaH  =   0.78844, gbbetaH   =   0.79870,  gbgammaH  =    0.43733
     gbalphaC  =   0.73376, gbbetaC   =   0.50638,  gbgammaC  =    0.20584
     gbalphaN  =   0.50336, gbbetaN   =   0.31683,  gbgammaN  =    0.19292
     gbalphaOS =   0.86781, gbbetaOS  =   0.87664,  gbgammaOS =    0.38788
     gbalphaP  =   1.00000, gbbetaP   =   0.80000,  gbgammaP  =    4.85000
     gb_alpha_hnu  =   0.53705, gb_beta_hnu   =   0.36286,  gb_gamma_hnu  =    0.11670
     gb_alpha_cnu  =   0.33167, gb_beta_cnu   =   0.19684,  gb_gamma_cnu  =    0.09342
     gb_alpha_nnu  =   0.68631, gb_beta_nnu   =   0.46319,  gb_gamma_nnu  =    0.13872
     gb_alpha_onu  =   0.60634, gb_beta_onu   =   0.46301,  gb_gamma_onu  =    0.14226
     gb_alpha_pnu  =   0.41836, gb_beta_pnu   =   0.29005,  gb_gamma_pnu  =    0.10642

Frozen or restrained atoms:
     ibelly  =       0, ntr     =       0

Energy minimization:
     maxcyc  =     100, ncyc    =      10, ntmin   =       1
     dx0     =   0.01000, drms    =   0.00010

| Intermolecular bonds treatment:
|     no_intermolecular_bonds =       1

| Energy averages sample interval:
|     ene_avg_sampling =       1

--------------------------------------------------------------------------------
   3.  ATOMIC COORDINATES AND VELOCITIES
--------------------------------------------------------------------------------

default_name                                                                    
 begin time read from input coords =     0.000 ps

 
 Number of triangulated 3-point waters found:        0
| Dynamic Memory, Types Used:
| Reals               39251
| Integers           167212

--------------------------------------------------------------------------------
   4.  RESULTS
--------------------------------------------------------------------------------



   NSTEP       ENERGY          RMS            GMAX         NAME    NUMBER
      1       7.3474E+03     2.3178E+03     9.9733E+04     OG         38

 BOND    =      134.5758  ANGLE   =      331.7476  DIHED      =     1054.3108
 VDWAALS =     9903.2090  EEL     =    -5684.0373  EGB        =    -1271.1052
 1-4 VDW =      472.8852  1-4 EEL =     2381.9345  RESTRAINT  =        0.0000
 ESURF   =       23.8763


   NSTEP       ENERGY          RMS            GMAX         NAME    NUMBER
     10      -5.6045E+02     4.9892E+02     2.1594E+04     OG         38

 BOND    =      136.9725  ANGLE   =      331.5818  DIHED      =     1054.2617
 VDWAALS =     1993.1779  EEL     =    -5683.1541  EGB        =    -1271.4075
 1-4 VDW =      473.1744  1-4 EEL =     2381.0701  RESTRAINT  =        0.0000
 ESURF   =       23.8756


   NSTEP       ENERGY          RMS            GMAX         NAME    NUMBER
     20      -3.3617E+03     7.4666E+00     1.7221E+02     OG         38

 BOND    =       84.1881  ANGLE   =      256.2701  DIHED      =     1028.5402
 VDWAALS =     -590.3731  EEL     =    -5687.4967  EGB        =    -1274.4943
 1-4 VDW =      441.9275  1-4 EEL =     2355.8236  RESTRAINT  =        0.0000
 ESURF   =       23.9024


   NSTEP       ENERGY          RMS            GMAX         NAME    NUMBER
     30      -3.6280E+03     3.3078E+00     3.8249E+01     C        1414

 BOND    =       47.8285  ANGLE   =      204.1436  DIHED      =     1011.7225
 VDWAALS =     -662.0756  EEL     =    -5654.1420  EGB        =    -1283.6585
 1-4 VDW =      394.8516  1-4 EEL =     2289.1778  RESTRAINT  =        0.0000
 ESURF   =       24.1630


   NSTEP       ENERGY          RMS            GMAX         NAME    NUMBER
     40      -3.7597E+03     2.9234E+00     3.9976E+01     HD22     1292

 BOND    =       48.3518  ANGLE   =      177.0427  DIHED      =     1012.3723
 VDWAALS =     -691.6032  EEL     =    -5631.6253  EGB        =    -1282.0773
 1-4 VDW =      343.7829  1-4 EEL =     2239.3390  RESTRAINT  =        0.0000
 ESURF   =       24.7258


   NSTEP       ENERGY          RMS            GMAX         NAME    NUMBER
     50      -3.8211E+03     2.0600E+00     2.6639E+01     CD        662

 BOND    =       51.4799  ANGLE   =      185.7439  DIHED      =     1016.6864
 VDWAALS =     -717.9284  EEL     =    -5618.6592  EGB        =    -1287.2388
 1-4 VDW =      310.0000  1-4 EEL =     2213.5342  RESTRAINT  =        0.0000
 ESURF   =       25.3285


   NSTEP       ENERGY          RMS            GMAX         NAME    NUMBER
     60      -3.8336E+03     1.2326E+00     1.3778E+01     C        1390

 BOND    =       45.8709  ANGLE   =      179.3275  DIHED      =     1014.0688
 VDWAALS =     -717.8847  EEL     =    -5618.8028  EGB        =    -1286.6850
 1-4 VDW =      310.7997  1-4 EEL =     2214.3198  RESTRAINT  =        0.0000
 ESURF   =       25.3790


   NSTEP       ENERGY          RMS            GMAX         NAME    NUMBER
     70      -3.8553E+03     1.3285E+00     2.4500E+01     CD        760

 BOND    =       42.9643  ANGLE   =      171.9822  DIHED      =     1009.6632
 VDWAALS =     -720.6203  EEL     =    -5623.2559  EGB        =    -1286.8719
 1-4 VDW =      310.1521  1-4 EEL =     2214.9996  RESTRAINT  =        0.0000
 ESURF   =       25.7134


   NSTEP       ENERGY          RMS            GMAX         NAME    NUMBER
     80      -3.8668E+03     6.6146E-01     5.0707E+00     HD23     1293

 BOND    =       43.3067  ANGLE   =      174.4861  DIHED      =     1008.5838
 VDWAALS =     -725.3127  EEL     =    -5621.0364  EGB        =    -1288.3803
 1-4 VDW =      305.5303  1-4 EEL =     2210.0733  RESTRAINT  =        0.0000
 ESURF   =       25.9440


   NSTEP       ENERGY          RMS            GMAX         NAME    NUMBER
     90      -3.8776E+03     7.8348E-01     8.6326E+00     CD        760

 BOND    =       47.4803  ANGLE   =      176.7677  DIHED      =     1009.1932
 VDWAALS =     -729.6942  EEL     =    -5613.3551  EGB        =    -1289.8312
 1-4 VDW =      296.9644  1-4 EEL =     2198.7432  RESTRAINT  =        0.0000
 ESURF   =       26.1208


   NSTEP       ENERGY          RMS            GMAX         NAME    NUMBER
    100      -3.8858E+03     8.5860E-01     7.9234E+00     CD        760

 BOND    =       51.2474  ANGLE   =      182.0540  DIHED      =     1009.4104
 VDWAALS =     -734.2069  EEL     =    -5606.6806  EGB        =    -1291.6083
 1-4 VDW =      289.6783  1-4 EEL =     2187.8847  RESTRAINT  =        0.0000
 ESURF   =       26.4021


  Maximum number of minimization cycles reached.


                    FINAL RESULTS



   NSTEP       ENERGY          RMS            GMAX         NAME    NUMBER
    100      -3.8858E+03     8.5860E-01     7.9234E+00     CD        760

 BOND    =       51.2474  ANGLE   =      182.0540  DIHED      =     1009.4104
 VDWAALS =     -734.2069  EEL     =    -5606.6806  EGB        =    -1291.6083
 1-4 VDW =      289.6783  1-4 EEL =     2187.8847  RESTRAINT  =        0.0000
 ESURF   =       26.4021
--------------------------------------------------------------------------------
   5.  TIMINGS
--------------------------------------------------------------------------------

|  NonSetup CPU Time in Major Routines:
|
|     Routine           Sec        %
|     ------------------------------
|     Nonbond           8.56   98.54
|     Bond              0.00    0.02
|     Angle             0.02    0.20
|     Dihedral          0.10    1.16
|     Shake             0.00    0.00
|     Other             0.01    0.09
|     ------------------------------
|     Total             8.69

|  Generalized Born CPU Time:
|
|     Routine                 Sec        %
|     ------------------------------------
|     Radii Calc              1.99   22.86
|     Diagonal Calc           3.73   42.98
|     Off Diagonal Calc       2.83   32.62
|     GBSA LCPO Calc          0.00    0.00
|     ---------------------------------
|     Total                   8.55   98.46

|  Setup CPU time:            0.02 seconds
|  NonSetup CPU time:         8.69 seconds
|  Total CPU time:            8.71 seconds     0.00 hours

|  Setup wall time:           0    seconds
|  NonSetup wall time:       22    seconds
|  Total wall time:          22    seconds     0.01 hours
