
          -------------------------------------------------------
          Amber 22 PMEMD                              2022
          -------------------------------------------------------

| PMEMD implementation of SANDER, Release 22

|  Compiled date/time: Thu Apr 14 23:36:37 2022
| Run on 01/08/2024 at 16:10:46

|   Executable path: pmemd
| Working directory: /home/arul/Reegina/MD_Sim/SET3_GROUP/1COA_info
|          Hostname: Unknown
  [-O]verwriting output

File Assignments:
|   MDIN: eq1.in                                                                
|  MDOUT: eq1.out                                                               
| INPCRD: heat.rst7                                                             
|   PARM: 1COA.hmass.parm7                                                      
| RESTRT: eq1.rst7                                                              
|   REFC: heat.rst7                                                             
|  MDVEL: mdvel                                                                 
|   MDEN: mden                                                                  
|  MDCRD: eq1.crd                                                               
| MDINFO: eq1.info                                                              
|  MDFRC: mdfrc                                                                 


 Here is the input file:

&cntrl                                                                         
   ntx = 5,                                                                    
                                                                               
   ntwx = 5000, ntwe = 0, ntwr = 500,                                          
   ntpr = 5000,                                                                
                                                                               
   ioutfm=0, ntxo=1,                                                           
                                                                               
   imin = 0, nstlim = 125000, dt = 0.002,                                      
                                                                               
   ntt = 3, gamma_ln=1.0, temp0 = 300.0,                                       
   nscm = 1000, ig = -1, irest = 1,                                            
                                                                               
   ntc= 2, ntf = 2, cut = 1000,                                                
                                                                               
   igb=8, gbsa=3, surften=0.007, ntb = 0,                                      
   saltcon=0.,                                                                 
                                                                               
   ntr=1, restraintmask="@CA,N,C,O",                                           
   restraint_wt=1.0,                                                           
 /                                                                             


Note: ig = -1. Setting random seed to   883673 based on wallclock time in 
      microseconds.
| irandom = 1, using AMBER's internal random number generator (default).
 
| Conditional Compilation Defines Used:
| PUBFFT
| BINTRAJ
| EMIL

| New format PARM file being parsed.
| Version =    1.000 Date = 01/01/24 Time = 14:17:47

| Note: 1-4 EEL scale factors are being read from the topology file.

| Note: 1-4 VDW scale factors are being read from the topology file.
| INFO:    Reading atomic numbers from topology file.
| Duplicated    0 dihedrals

| Duplicated    0 dihedrals

--------------------------------------------------------------------------------
   1.  RESOURCE   USE: 
--------------------------------------------------------------------------------

 NATOM  =    1057 NTYPES =      13 NBONH =     545 MBONA  =     519
 NTHETH =    1251 MTHETA =     703 NPHIH =    2396 MPHIA  =    2264
 NHPARM =       0 NPARM  =       0 NNB   =    5889 NRES   =      64
 NBONA  =     519 NTHETA =     703 NPHIA =    2264 NUMBND =      57
 NUMANG =     136 NPTRA  =     165 NATYP =      27 NPHB   =       0
 IFBOX  =       0 NMXRS  =      24 IFCAP =       0 NEXTRA =       0
 NCOPY  =       0

 Implicit solvent radii are ArgH and AspGluO modified Bondi2 radii (mbondi3)                                
 Replacing prmtop screening parameters with GBn2 (igb=8) values
--------------------------------------------------------------------------------
   2.  CONTROL  DATA  FOR  THE  RUN
--------------------------------------------------------------------------------

default_name                                                                    

General flags:
     imin    =       0, nmropt  =       0

Nature and format of input:
     ntx     =       5, irest   =       1, ntrx    =       1

Nature and format of output:
     ntxo    =       1, ntpr    =    5000, ntrx    =       1, ntwr    =     500
     iwrap   =       0, ntwx    =    5000, ntwv    =       0, ntwe    =       0
     ioutfm  =       0, ntwprt  =       0, idecomp =       0, rbornstat=      0

Potential function:
     ntf     =       2, ntb     =       0, igb     =       8, nsnb    =      25
     ipol    =       0, gbsa    =       3, iesp    =       0
     dielc   =   1.00000, cut     =1000.00000, intdiel =   1.00000
     saltcon =   0.00000, offset  =   0.19514, surften =   0.00700
     rdt     =   0.00000, rgbmax  =  25.00000  extdiel =  78.50000
     alpb  =        0
     gbalphaH  =   0.78844, gbbetaH   =   0.79870,  gbgammaH  =    0.43733
     gbalphaC  =   0.73376, gbbetaC   =   0.50638,  gbgammaC  =    0.20584
     gbalphaN  =   0.50336, gbbetaN   =   0.31683,  gbgammaN  =    0.19292
     gbalphaOS =   0.86781, gbbetaOS  =   0.87664,  gbgammaOS =    0.38788
     gbalphaP  =   1.00000, gbbetaP   =   0.80000,  gbgammaP  =    4.85000
     gb_alpha_hnu  =   0.53705, gb_beta_hnu   =   0.36286,  gb_gamma_hnu  =    0.11670
     gb_alpha_cnu  =   0.33167, gb_beta_cnu   =   0.19684,  gb_gamma_cnu  =    0.09342
     gb_alpha_nnu  =   0.68631, gb_beta_nnu   =   0.46319,  gb_gamma_nnu  =    0.13872
     gb_alpha_onu  =   0.60634, gb_beta_onu   =   0.46301,  gb_gamma_onu  =    0.14226
     gb_alpha_pnu  =   0.41836, gb_beta_pnu   =   0.29005,  gb_gamma_pnu  =    0.10642

Frozen or restrained atoms:
     ibelly  =       0, ntr     =       1
     restraint_wt =   1.00000

Molecular dynamics:
     nstlim  =    125000, nscm    =         0, nrespa  =         1
     t       =   0.00000, dt      =   0.00200, vlimit  =  20.00000

Langevin dynamics temperature regulation:
     ig      =  883673
     temp0   = 300.00000, tempi   =   0.00000, gamma_ln=   1.00000

SHAKE:
     ntc     =       2, jfastw  =       0
     tol     =   0.00001

| Intermolecular bonds treatment:
|     no_intermolecular_bonds =       1

| Energy averages sample interval:
|     ene_avg_sampling =    5000

    LOADING THE CONSTRAINED ATOMS AS GROUPS


   5.  REFERENCE ATOM COORDINATES

  default_name                                                                    
     Mask @CA,N,C,O; matches   256 atoms

--------------------------------------------------------------------------------
   3.  ATOMIC COORDINATES AND VELOCITIES
--------------------------------------------------------------------------------

default_name                                                                    
 begin time read from input coords =  1000.000 ps

 
 Number of triangulated 3-point waters found:        0
| Dynamic Memory, Types Used:
| Reals               37633
| Integers           126166

--------------------------------------------------------------------------------
   4.  RESULTS
--------------------------------------------------------------------------------


 NSTEP =     5000   TIME(PS) =    1010.000  TEMP(K) =   306.62  PRESS =     0.0
 Etot   =     -1017.9736  EKtot   =       800.0309  EPtot      =     -1818.0045
 BOND   =       179.4839  ANGLE   =       522.9225  DIHED      =       782.1782
 1-4 NB =       220.5234  1-4 EEL =      2491.2879  VDWAALS    =      -453.4518
 EELEC  =     -4567.6172  EGB     =     -1050.1025  RESTRAINT  =        24.9052
 EAMBER (non-restraint)  =     -1842.9097
 ESURF=        31.8659
 ------------------------------------------------------------------------------


 NSTEP =    10000   TIME(PS) =    1020.000  TEMP(K) =   291.68  PRESS =     0.0
 Etot   =     -1045.6991  EKtot   =       761.0394  EPtot      =     -1806.7384
 BOND   =       190.2758  ANGLE   =       525.7039  DIHED      =       781.1243
 1-4 NB =       226.5346  1-4 EEL =      2482.3721  VDWAALS    =      -429.4225
 EELEC  =     -4646.5560  EGB     =      -993.0569  RESTRAINT  =        26.4143
 EAMBER (non-restraint)  =     -1833.1527
 ESURF=        29.8721
 ------------------------------------------------------------------------------


 NSTEP =    15000   TIME(PS) =    1030.000  TEMP(K) =   297.38  PRESS =     0.0
 Etot   =      -984.1859  EKtot   =       775.9190  EPtot      =     -1760.1049
 BOND   =       198.0850  ANGLE   =       553.2173  DIHED      =       790.5796
 1-4 NB =       228.4348  1-4 EEL =      2480.0352  VDWAALS    =      -460.8698
 EELEC  =     -4588.4397  EGB     =     -1018.6695  RESTRAINT  =        27.9008
 EAMBER (non-restraint)  =     -1788.0058
 ESURF=        29.6213
 ------------------------------------------------------------------------------


 NSTEP =    20000   TIME(PS) =    1040.000  TEMP(K) =   303.05  PRESS =     0.0
 Etot   =      -968.3255  EKtot   =       790.7095  EPtot      =     -1759.0351
 BOND   =       184.3710  ANGLE   =       540.6353  DIHED      =       792.8063
 1-4 NB =       234.7882  1-4 EEL =      2500.6946  VDWAALS    =      -438.5674
 EELEC  =     -4599.7228  EGB     =     -1032.7525  RESTRAINT  =        27.8088
 EAMBER (non-restraint)  =     -1786.8439
 ESURF=        30.9034
 ------------------------------------------------------------------------------


 NSTEP =    25000   TIME(PS) =    1050.000  TEMP(K) =   283.80  PRESS =     0.0
 Etot   =     -1034.5826  EKtot   =       740.4790  EPtot      =     -1775.0616
 BOND   =       223.7545  ANGLE   =       517.0668  DIHED      =       794.0594
 1-4 NB =       230.0811  1-4 EEL =      2440.1499  VDWAALS    =      -442.9706
 EELEC  =     -4599.8537  EGB     =      -990.2703  RESTRAINT  =        22.9443
 EAMBER (non-restraint)  =     -1798.0059
 ESURF=        29.9770
 ------------------------------------------------------------------------------


 NSTEP =    30000   TIME(PS) =    1060.000  TEMP(K) =   306.30  PRESS =     0.0
 Etot   =     -1002.8842  EKtot   =       799.1805  EPtot      =     -1802.0647
 BOND   =       190.0207  ANGLE   =       535.3190  DIHED      =       788.3809
 1-4 NB =       220.2122  1-4 EEL =      2503.2838  VDWAALS    =      -448.1390
 EELEC  =     -4625.7418  EGB     =     -1022.2049  RESTRAINT  =        27.4729
 EAMBER (non-restraint)  =     -1829.5376
 ESURF=        29.3315
 ------------------------------------------------------------------------------


 NSTEP =    35000   TIME(PS) =    1070.000  TEMP(K) =   294.22  PRESS =     0.0
 Etot   =      -993.4066  EKtot   =       767.6656  EPtot      =     -1761.0722
 BOND   =       187.4881  ANGLE   =       538.2253  DIHED      =       788.7172
 1-4 NB =       230.5367  1-4 EEL =      2492.8934  VDWAALS    =      -443.5534
 EELEC  =     -4550.9470  EGB     =     -1066.9458  RESTRAINT  =        31.3758
 EAMBER (non-restraint)  =     -1792.4480
 ESURF=        31.1374
 ------------------------------------------------------------------------------


 NSTEP =    40000   TIME(PS) =    1080.000  TEMP(K) =   300.11  PRESS =     0.0
 Etot   =     -1029.4356  EKtot   =       783.0423  EPtot      =     -1812.4779
 BOND   =       187.6317  ANGLE   =       518.0714  DIHED      =       779.7091
 1-4 NB =       227.6804  1-4 EEL =      2496.4657  VDWAALS    =      -458.7139
 EELEC  =     -4553.8334  EGB     =     -1072.2888  RESTRAINT  =        31.4696
 EAMBER (non-restraint)  =     -1843.9475
 ESURF=        31.3302
 ------------------------------------------------------------------------------


 NSTEP =    45000   TIME(PS) =    1090.000  TEMP(K) =   303.15  PRESS =     0.0
 Etot   =      -985.6035  EKtot   =       790.9624  EPtot      =     -1776.5659
 BOND   =       195.8863  ANGLE   =       517.1928  DIHED      =       768.5493
 1-4 NB =       235.7705  1-4 EEL =      2513.5959  VDWAALS    =      -449.9821
 EELEC  =     -4544.6206  EGB     =     -1081.3334  RESTRAINT  =        36.7460
 EAMBER (non-restraint)  =     -1813.3119
 ESURF=        31.6294
 ------------------------------------------------------------------------------


 NSTEP =    50000   TIME(PS) =    1100.000  TEMP(K) =   313.18  PRESS =     0.0
 Etot   =      -934.3377  EKtot   =       817.1459  EPtot      =     -1751.4836
 BOND   =       213.5057  ANGLE   =       535.0106  DIHED      =       786.1806
 1-4 NB =       220.0539  1-4 EEL =      2473.7694  VDWAALS    =      -466.3790
 EELEC  =     -4527.9304  EGB     =     -1049.4818  RESTRAINT  =        32.4271
 EAMBER (non-restraint)  =     -1783.9107
 ESURF=        31.3604
 ------------------------------------------------------------------------------


 NSTEP =    55000   TIME(PS) =    1110.000  TEMP(K) =   293.39  PRESS =     0.0
 Etot   =      -983.6800  EKtot   =       765.4992  EPtot      =     -1749.1792
 BOND   =       205.5671  ANGLE   =       563.8549  DIHED      =       787.1265
 1-4 NB =       225.1958  1-4 EEL =      2462.3947  VDWAALS    =      -442.7165
 EELEC  =     -4584.2497  EGB     =     -1020.3066  RESTRAINT  =        23.8201
 EAMBER (non-restraint)  =     -1772.9993
 ESURF=        30.1344
 ------------------------------------------------------------------------------


 NSTEP =    60000   TIME(PS) =    1120.000  TEMP(K) =   293.05  PRESS =     0.0
 Etot   =     -1029.2859  EKtot   =       764.6326  EPtot      =     -1793.9185
 BOND   =       214.6344  ANGLE   =       533.2811  DIHED      =       780.8500
 1-4 NB =       221.8517  1-4 EEL =      2453.4782  VDWAALS    =      -459.0585
 EELEC  =     -4554.7727  EGB     =     -1043.2651  RESTRAINT  =        29.6743
 EAMBER (non-restraint)  =     -1823.5928
 ESURF=        29.4083
 ------------------------------------------------------------------------------


 NSTEP =    65000   TIME(PS) =    1130.000  TEMP(K) =   303.87  PRESS =     0.0
 Etot   =      -981.3518  EKtot   =       792.8573  EPtot      =     -1774.2091
 BOND   =       201.1043  ANGLE   =       573.5233  DIHED      =       767.6858
 1-4 NB =       233.2647  1-4 EEL =      2446.4885  VDWAALS    =      -467.3241
 EELEC  =     -4600.1659  EGB     =      -985.5291  RESTRAINT  =        27.3053
 EAMBER (non-restraint)  =     -1801.5144
 ESURF=        29.4381
 ------------------------------------------------------------------------------


 NSTEP =    70000   TIME(PS) =    1140.000  TEMP(K) =   294.48  PRESS =     0.0
 Etot   =     -1037.1863  EKtot   =       768.3442  EPtot      =     -1805.5306
 BOND   =       197.8137  ANGLE   =       535.7834  DIHED      =       785.4122
 1-4 NB =       228.7977  1-4 EEL =      2455.5857  VDWAALS    =      -450.0004
 EELEC  =     -4600.1757  EGB     =     -1016.4625  RESTRAINT  =        26.1881
 EAMBER (non-restraint)  =     -1831.7187
 ESURF=        31.5272
 ------------------------------------------------------------------------------


 NSTEP =    75000   TIME(PS) =    1150.000  TEMP(K) =   304.45  PRESS =     0.0
 Etot   =     -1007.2209  EKtot   =       794.3771  EPtot      =     -1801.5980
 BOND   =       199.4311  ANGLE   =       533.8819  DIHED      =       775.3839
 1-4 NB =       229.5118  1-4 EEL =      2468.7833  VDWAALS    =      -448.3923
 EELEC  =     -4625.4629  EGB     =      -997.6510  RESTRAINT  =        31.8786
 EAMBER (non-restraint)  =     -1833.4766
 ESURF=        31.0376
 ------------------------------------------------------------------------------


 NSTEP =    80000   TIME(PS) =    1160.000  TEMP(K) =   299.48  PRESS =     0.0
 Etot   =     -1012.6174  EKtot   =       781.4066  EPtot      =     -1794.0240
 BOND   =       193.4799  ANGLE   =       534.3844  DIHED      =       778.6531
 1-4 NB =       229.4232  1-4 EEL =      2446.0572  VDWAALS    =      -440.1497
 EELEC  =     -4594.3191  EGB     =     -1001.8797  RESTRAINT  =        30.3549
 EAMBER (non-restraint)  =     -1824.3789
 ESURF=        29.9717
 ------------------------------------------------------------------------------


 NSTEP =    85000   TIME(PS) =    1170.000  TEMP(K) =   309.81  PRESS =     0.0
 Etot   =      -989.6989  EKtot   =       808.3572  EPtot      =     -1798.0562
 BOND   =       208.4364  ANGLE   =       533.3141  DIHED      =       778.2377
 1-4 NB =       217.2991  1-4 EEL =      2476.3590  VDWAALS    =      -456.4386
 EELEC  =     -4647.1897  EGB     =      -970.4348  RESTRAINT  =        31.8720
 EAMBER (non-restraint)  =     -1829.9282
 ESURF=        30.4887
 ------------------------------------------------------------------------------


 NSTEP =    90000   TIME(PS) =    1180.000  TEMP(K) =   283.74  PRESS =     0.0
 Etot   =     -1049.3050  EKtot   =       740.3252  EPtot      =     -1789.6302
 BOND   =       212.6078  ANGLE   =       549.9575  DIHED      =       778.2120
 1-4 NB =       219.6955  1-4 EEL =      2438.7236  VDWAALS    =      -453.3950
 EELEC  =     -4573.9833  EGB     =     -1016.8124  RESTRAINT  =        25.1567
 EAMBER (non-restraint)  =     -1814.7869
 ESURF=        30.2075
 ------------------------------------------------------------------------------


 NSTEP =    95000   TIME(PS) =    1190.000  TEMP(K) =   278.56  PRESS =     0.0
 Etot   =     -1112.4381  EKtot   =       726.8019  EPtot      =     -1839.2400
 BOND   =       199.1774  ANGLE   =       517.2331  DIHED      =       768.6723
 1-4 NB =       213.3331  1-4 EEL =      2444.2649  VDWAALS    =      -443.1577
 EELEC  =     -4571.9779  EGB     =     -1028.0513  RESTRAINT  =        31.2540
 EAMBER (non-restraint)  =     -1870.4940
 ESURF=        30.0122
 ------------------------------------------------------------------------------


 NSTEP =   100000   TIME(PS) =    1200.000  TEMP(K) =   312.74  PRESS =     0.0
 Etot   =      -971.5396  EKtot   =       815.9974  EPtot      =     -1787.5370
 BOND   =       191.4249  ANGLE   =       521.1493  DIHED      =       765.2974
 1-4 NB =       232.3142  1-4 EEL =      2478.5891  VDWAALS    =      -430.9437
 EELEC  =     -4654.8799  EGB     =      -955.5254  RESTRAINT  =        35.8174
 EAMBER (non-restraint)  =     -1823.3544
 ESURF=        29.2198
 ------------------------------------------------------------------------------


 NSTEP =   105000   TIME(PS) =    1210.000  TEMP(K) =   285.87  PRESS =     0.0
 Etot   =     -1072.4231  EKtot   =       745.8781  EPtot      =     -1818.3012
 BOND   =       189.3523  ANGLE   =       494.3055  DIHED      =       793.1137
 1-4 NB =       236.0094  1-4 EEL =      2443.1975  VDWAALS    =      -442.1441
 EELEC  =     -4518.3366  EGB     =     -1079.4993  RESTRAINT  =        34.9354
 EAMBER (non-restraint)  =     -1853.2366
 ESURF=        30.7649
 ------------------------------------------------------------------------------


 NSTEP =   110000   TIME(PS) =    1220.000  TEMP(K) =   307.31  PRESS =     0.0
 Etot   =      -993.2766  EKtot   =       801.8378  EPtot      =     -1795.1144
 BOND   =       225.4808  ANGLE   =       516.9094  DIHED      =       782.7583
 1-4 NB =       221.6559  1-4 EEL =      2427.5367  VDWAALS    =      -459.3997
 EELEC  =     -4593.1408  EGB     =      -979.1586  RESTRAINT  =        33.8866
 EAMBER (non-restraint)  =     -1829.0011
 ESURF=        28.3570
 ------------------------------------------------------------------------------


 NSTEP =   115000   TIME(PS) =    1230.000  TEMP(K) =   290.56  PRESS =     0.0
 Etot   =     -1047.9823  EKtot   =       758.1195  EPtot      =     -1806.1018
 BOND   =       189.4122  ANGLE   =       511.1548  DIHED      =       783.5084
 1-4 NB =       227.8196  1-4 EEL =      2481.9496  VDWAALS    =      -449.1995
 EELEC  =     -4582.5939  EGB     =     -1027.7920  RESTRAINT  =        29.5643
 EAMBER (non-restraint)  =     -1835.6661
 ESURF=        30.0747
 ------------------------------------------------------------------------------


 NSTEP =   120000   TIME(PS) =    1240.000  TEMP(K) =   313.94  PRESS =     0.0
 Etot   =      -932.4160  EKtot   =       819.1278  EPtot      =     -1751.5439
 BOND   =       198.4834  ANGLE   =       563.0291  DIHED      =       783.6720
 1-4 NB =       234.5470  1-4 EEL =      2466.2352  VDWAALS    =      -456.2757
 EELEC  =     -4599.8095  EGB     =      -998.6673  RESTRAINT  =        27.6802
 EAMBER (non-restraint)  =     -1779.2240
 ESURF=        29.5618
 ------------------------------------------------------------------------------


 NSTEP =   125000   TIME(PS) =    1250.000  TEMP(K) =   297.24  PRESS =     0.0
 Etot   =     -1006.9019  EKtot   =       775.5518  EPtot      =     -1782.4538
 BOND   =       203.1284  ANGLE   =       554.5397  DIHED      =       786.5408
 1-4 NB =       225.3810  1-4 EEL =      2455.9492  VDWAALS    =      -456.9109
 EELEC  =     -4640.7261  EGB     =      -966.0072  RESTRAINT  =        25.7788
 EAMBER (non-restraint)  =     -1808.2326
 ESURF=        29.8725
 ------------------------------------------------------------------------------


      A V E R A G E S   O V E R      25 S T E P S


 NSTEP =   125000   TIME(PS) =    1250.000  TEMP(K) =   298.72  PRESS =     0.0
 Etot   =     -1008.9503  EKtot   =       779.4115  EPtot      =     -1788.3619
 BOND   =       199.2015  ANGLE   =       533.5867  DIHED      =       781.8964
 1-4 NB =       226.8286  1-4 EEL =      2468.8056  VDWAALS    =      -449.9022
 EELEC  =     -4589.8819  EGB     =     -1018.5659  RESTRAINT  =        29.3853
 EAMBER (non-restraint)  =     -1817.7471
 ESURF=        30.2842
 ------------------------------------------------------------------------------


      R M S  F L U C T U A T I O N S


 NSTEP =   125000   TIME(PS) =    1250.000  TEMP(K) =     9.58  PRESS =     0.0
 Etot   =        39.7785  EKtot   =        24.9846  EPtot      =        23.3799
 BOND   =        11.6711  ANGLE   =        18.1736  DIHED      =         7.8989
 1-4 NB =         6.0489  1-4 EEL =        22.8459  VDWAALS    =         9.7123
 EELEC  =        36.1132  EGB     =        34.6991  RESTRAINT  =         3.6833
 EAMBER (non-restraint)  =        19.6966
 ESURF=         0.8703
 ------------------------------------------------------------------------------

--------------------------------------------------------------------------------
   5.  TIMINGS
--------------------------------------------------------------------------------

|  NonSetup CPU Time in Major Routines:
|
|     Routine           Sec        %
|     ------------------------------
|     Nonbond        5699.21   97.75
|     Bond              0.95    0.02
|     Angle            14.99    0.26
|     Dihedral         86.83    1.49
|     Shake             4.47    0.08
|     RunMD            24.01    0.41
|     Other             0.07    0.00
|     ------------------------------
|     Total          5830.51

|  Generalized Born CPU Time:
|
|     Routine                 Sec        %
|     ------------------------------------
|     Radii Calc           1353.37   23.21
|     Diagonal Calc        2505.46   42.97
|     Off Diagonal Calc    1834.29   31.46
|     GBSA LCPO Calc          0.08    0.00
|     ---------------------------------
|     Total                5693.12   97.64

|  Final Performance Info:
|     -----------------------------------------------------
|     Average timings for last       1 steps:
|     Elapsed(s) =       0.00 Per Step(ms) =       0.10
|         ns/day =    1726.31   seconds/ns =      50.05
|
|     Average timings for all steps:
|     Elapsed(s) =   29549.38 Per Step(ms) =     236.40
|         ns/day =       0.73   seconds/ns =  118197.54
|     -----------------------------------------------------

|  Setup CPU time:            0.02 seconds
|  NonSetup CPU time:      5830.51 seconds
|  Total CPU time:         5830.52 seconds     1.62 hours

|  Setup wall time:           0    seconds
|  NonSetup wall time:    29549    seconds
|  Total wall time:       29549    seconds     8.21 hours
