Salt Bridges Plugin, Version 1.0
Wed Apr 17 13:13:03 +0530 2024

Parameters used in the calculation of salt bridges:
- Atomselection: protein
- Update selections every frame: yes
- Initial frame: 0
- Frame step: 1
- Final frame: 499
- Oxygen-nitrogen cut-off: 3.2
- Center of mass cut-off: none
- Write a file for each salt bridge: yes

Searching for ion-pairs with oxygen-nitrogen distance within 3.2 Angstroms in the selected frames... Done.
Removing redundancies in the ion-pairs found... Done.
Extracting identification of each salt bridge... Done.
Found 18 salt bridges.

GLU117-LYS121
ASP11-LYS108
GLU36-ARG17
GLU33-LYS44
GLU92-LYS90
ASP56-LYS108
GLU124-LYS121
GLU33-LYS6
GLU34-ARG17
GLU66-LYS69
GLU88-LYS90
GLU117-LYS118
GLU124-LYS125
GLU34-ARG21
GLU34-ARG18
ASP40-LYS44
GLU92-LYS91
GLU116-LYS3

Printing distances over all frames for each salt-bridge... Done.
