
          -------------------------------------------------------
          Amber 22 PMEMD                              2022
          -------------------------------------------------------

| PMEMD implementation of SANDER, Release 22

|  Compiled date/time: Thu Apr 14 23:36:37 2022
| Run on 12/20/2023 at 13:35:15

|   Executable path: pmemd
| Working directory: /home/arul/Reegina/MD_Sim/amber_parameters/3CI2_info
|          Hostname: Unknown
  [-O]verwriting output

File Assignments:
|   MDIN: /home/arul/Reegina/MD_Sim/trial_file/min.in                           
|  MDOUT: min_3CI2.out                                                          
| INPCRD: 3CI2.rst7                                                             
|   PARM: 3CI2.hmass.parm7                                                      
| RESTRT: min_3CI2.rst7                                                         
|   REFC: refc                                                                  
|  MDVEL: mdvel                                                                 
|   MDEN: mden                                                                  
|  MDCRD: min_3CI2.crd                                                          
| MDINFO: min_3CI2.info                                                         
|  MDFRC: mdfrc                                                                 


 Here is the input file:

&cntrl                                                                         
  imin = 1,                                                                    
  maxcyc=100,                                                                  
  ntx = 1,                                                                     
  ntwr = 100,                                                                  
  ntpr = 10,                                                                   
  ioutfm=0,                                                                    
  ntxo=1,                                                                      
  cut = 1000.0,                                                                
  ntb=0,                                                                       
  igb = 8,                                                                     
  gbsa=3,                                                                      
  surften=0.007,                                                               
  saltcon = 0.0,                                                               
/                                                                              


Note: ig = -1. Setting random seed to   167094 based on wallclock time in 
      microseconds.
| irandom = 1, using AMBER's internal random number generator (default).
 
| Conditional Compilation Defines Used:
| PUBFFT
| BINTRAJ
| EMIL

| New format PARM file being parsed.
| Version =    1.000 Date = 12/05/23 Time = 14:07:25

| Note: 1-4 EEL scale factors are being read from the topology file.

| Note: 1-4 VDW scale factors are being read from the topology file.
| INFO:    Reading atomic numbers from topology file.
| Duplicated    0 dihedrals

| Duplicated    0 dihedrals

--------------------------------------------------------------------------------
   1.  RESOURCE   USE: 
--------------------------------------------------------------------------------

 NATOM  =    1064 NTYPES =      13 NBONH =     551 MBONA  =     520
 NTHETH =    1263 MTHETA =     705 NPHIH =    2426 MPHIA  =    2273
 NHPARM =       0 NPARM  =       0 NNB   =    5935 NRES   =      64
 NBONA  =     520 NTHETA =     705 NPHIA =    2273 NUMBND =      57
 NUMANG =     136 NPTRA  =     165 NATYP =      27 NPHB   =       0
 IFBOX  =       0 NMXRS  =      24 IFCAP =       0 NEXTRA =       0
 NCOPY  =       0

 Implicit solvent radii are ArgH and AspGluO modified Bondi2 radii (mbondi3)                                
 Replacing prmtop screening parameters with GBn2 (igb=8) values
--------------------------------------------------------------------------------
   2.  CONTROL  DATA  FOR  THE  RUN
--------------------------------------------------------------------------------

default_name                                                                    

General flags:
     imin    =       1, nmropt  =       0

Nature and format of input:
     ntx     =       1, irest   =       0, ntrx    =       1

Nature and format of output:
     ntxo    =       1, ntpr    =      10, ntrx    =       1, ntwr    =     100
     iwrap   =       0, ntwx    =       0, ntwv    =       0, ntwe    =       0
     ioutfm  =       0, ntwprt  =       0, idecomp =       0, rbornstat=      0

Potential function:
     ntf     =       1, ntb     =       0, igb     =       8, nsnb    =      25
     ipol    =       0, gbsa    =       3, iesp    =       0
     dielc   =   1.00000, cut     =1000.00000, intdiel =   1.00000
     saltcon =   0.00000, offset  =   0.19514, surften =   0.00700
     rdt     =   0.00000, rgbmax  =  25.00000  extdiel =  78.50000
     alpb  =        0
     gbalphaH  =   0.78844, gbbetaH   =   0.79870,  gbgammaH  =    0.43733
     gbalphaC  =   0.73376, gbbetaC   =   0.50638,  gbgammaC  =    0.20584
     gbalphaN  =   0.50336, gbbetaN   =   0.31683,  gbgammaN  =    0.19292
     gbalphaOS =   0.86781, gbbetaOS  =   0.87664,  gbgammaOS =    0.38788
     gbalphaP  =   1.00000, gbbetaP   =   0.80000,  gbgammaP  =    4.85000
     gb_alpha_hnu  =   0.53705, gb_beta_hnu   =   0.36286,  gb_gamma_hnu  =    0.11670
     gb_alpha_cnu  =   0.33167, gb_beta_cnu   =   0.19684,  gb_gamma_cnu  =    0.09342
     gb_alpha_nnu  =   0.68631, gb_beta_nnu   =   0.46319,  gb_gamma_nnu  =    0.13872
     gb_alpha_onu  =   0.60634, gb_beta_onu   =   0.46301,  gb_gamma_onu  =    0.14226
     gb_alpha_pnu  =   0.41836, gb_beta_pnu   =   0.29005,  gb_gamma_pnu  =    0.10642

Frozen or restrained atoms:
     ibelly  =       0, ntr     =       0

Energy minimization:
     maxcyc  =     100, ncyc    =      10, ntmin   =       1
     dx0     =   0.01000, drms    =   0.00010

| Intermolecular bonds treatment:
|     no_intermolecular_bonds =       1

| Energy averages sample interval:
|     ene_avg_sampling =       1

--------------------------------------------------------------------------------
   3.  ATOMIC COORDINATES AND VELOCITIES
--------------------------------------------------------------------------------

default_name                                                                    
 begin time read from input coords =     0.000 ps

 
 Number of triangulated 3-point waters found:        0
| Dynamic Memory, Types Used:
| Reals               29871
| Integers           125018

--------------------------------------------------------------------------------
   4.  RESULTS
--------------------------------------------------------------------------------



   NSTEP       ENERGY          RMS            GMAX         NAME    NUMBER
      1       8.9299E+02     3.2427E+02     1.1230E+04     H2          3

 BOND    =      611.3380  ANGLE   =      457.8241  DIHED      =      854.2867
 VDWAALS =      702.7722  EEL     =    -4932.5758  EGB        =     -567.9932
 1-4 VDW =     1272.9415  1-4 EEL =     2482.7942  RESTRAINT  =        0.0000
 ESURF   =       11.5989


   NSTEP       ENERGY          RMS            GMAX         NAME    NUMBER
     10      -1.3391E+02     8.8071E+01     2.5348E+03     H2          3

 BOND    =      587.3372  ANGLE   =      449.1559  DIHED      =      854.3219
 VDWAALS =      217.7484  EEL     =    -4933.1838  EGB        =     -568.8289
 1-4 VDW =      764.9536  1-4 EEL =     2482.9895  RESTRAINT  =        0.0000
 ESURF   =       11.6000


   NSTEP       ENERGY          RMS            GMAX         NAME    NUMBER
     20      -1.4994E+03     9.0538E+00     1.3861E+02     N           1

 BOND    =      130.5156  ANGLE   =      300.9372  DIHED      =      874.6539
 VDWAALS =     -139.5079  EEL     =    -4948.5973  EGB        =     -596.2894
 1-4 VDW =      351.5562  1-4 EEL =     2515.1428  RESTRAINT  =        0.0000
 ESURF   =       12.2152


   NSTEP       ENERGY          RMS            GMAX         NAME    NUMBER
     30      -1.6524E+03     5.4499E+00     7.4149E+01     CD         68

 BOND    =       70.2116  ANGLE   =      294.9720  DIHED      =      880.7548
 VDWAALS =     -203.1877  EEL     =    -4940.3943  EGB        =     -609.9349
 1-4 VDW =      320.9552  1-4 EEL =     2521.5208  RESTRAINT  =        0.0000
 ESURF   =       12.6578


   NSTEP       ENERGY          RMS            GMAX         NAME    NUMBER
     40      -1.8242E+03     4.8585E+00     6.7026E+01     H3          4

 BOND    =       66.2349  ANGLE   =      240.6927  DIHED      =      854.0249
 VDWAALS =     -253.6995  EEL     =    -4904.0247  EGB        =     -632.0769
 1-4 VDW =      293.2227  1-4 EEL =     2497.8134  RESTRAINT  =        0.0000
 ESURF   =       13.6571


   NSTEP       ENERGY          RMS            GMAX         NAME    NUMBER
     50      -1.9886E+03     3.4908E+00     6.0772E+01     N           1

 BOND    =       55.1676  ANGLE   =      239.0675  DIHED      =      854.4888
 VDWAALS =     -364.2497  EEL     =    -4847.9909  EGB        =     -668.1260
 1-4 VDW =      253.8205  1-4 EEL =     2473.6703  RESTRAINT  =        0.0000
 ESURF   =       15.5982


   NSTEP       ENERGY          RMS            GMAX         NAME    NUMBER
     60      -2.0177E+03     2.6015E+00     5.7565E+01     CA          5

 BOND    =       50.0193  ANGLE   =      220.9809  DIHED      =      848.6125
 VDWAALS =     -364.0312  EEL     =    -4849.0565  EGB        =     -670.6752
 1-4 VDW =      253.9776  1-4 EEL =     2476.8153  RESTRAINT  =        0.0000
 ESURF   =       15.6896


   NSTEP       ENERGY          RMS            GMAX         NAME    NUMBER
     70      -2.0927E+03     2.3309E+00     3.2237E+01     N           1

 BOND    =       48.3347  ANGLE   =      199.4829  DIHED      =      820.1204
 VDWAALS =     -378.9232  EEL     =    -4848.1783  EGB        =     -682.3937
 1-4 VDW =      254.1004  1-4 EEL =     2478.2605  RESTRAINT  =        0.0000
 ESURF   =       16.5275


   NSTEP       ENERGY          RMS            GMAX         NAME    NUMBER
     80      -2.1263E+03     2.3990E+00     2.7422E+01     CD         68

 BOND    =       42.7870  ANGLE   =      199.6780  DIHED      =      814.5150
 VDWAALS =     -394.8862  EEL     =    -4844.0487  EGB        =     -692.8378
 1-4 VDW =      249.3716  1-4 EEL =     2481.9788  RESTRAINT  =        0.0000
 ESURF   =       17.1701


   NSTEP       ENERGY          RMS            GMAX         NAME    NUMBER
     90      -2.1766E+03     1.8804E+00     2.6629E+01     N           1

 BOND    =       44.0719  ANGLE   =      184.1944  DIHED      =      807.3744
 VDWAALS =     -411.8125  EEL     =    -4820.1519  EGB        =     -702.6686
 1-4 VDW =      239.5274  1-4 EEL =     2465.2433  RESTRAINT  =        0.0000
 ESURF   =       17.6005


   NSTEP       ENERGY          RMS            GMAX         NAME    NUMBER
    100      -2.2049E+03     1.5640E+00     2.1800E+01     CA          5

 BOND    =       44.4628  ANGLE   =      189.8322  DIHED      =      802.6367
 VDWAALS =     -428.8214  EEL     =    -4806.5000  EGB        =     -712.7911
 1-4 VDW =      229.7350  1-4 EEL =     2458.3646  RESTRAINT  =        0.0000
 ESURF   =       18.2155


  Maximum number of minimization cycles reached.


                    FINAL RESULTS



   NSTEP       ENERGY          RMS            GMAX         NAME    NUMBER
    100      -2.2049E+03     1.5640E+00     2.1800E+01     CA          5

 BOND    =       44.4628  ANGLE   =      189.8322  DIHED      =      802.6367
 VDWAALS =     -428.8214  EEL     =    -4806.5000  EGB        =     -712.7911
 1-4 VDW =      229.7350  1-4 EEL =     2458.3646  RESTRAINT  =        0.0000
 ESURF   =       18.2155
--------------------------------------------------------------------------------
   5.  TIMINGS
--------------------------------------------------------------------------------

|  NonSetup CPU Time in Major Routines:
|
|     Routine           Sec        %
|     ------------------------------
|     Nonbond           4.55   98.17
|     Bond              0.00    0.03
|     Angle             0.01    0.25
|     Dihedral          0.07    1.45
|     Shake             0.00    0.00
|     Other             0.00    0.10
|     ------------------------------
|     Total             4.63

|  Generalized Born CPU Time:
|
|     Routine                 Sec        %
|     ------------------------------------
|     Radii Calc              1.06   22.95
|     Diagonal Calc           2.05   44.14
|     Off Diagonal Calc       1.44   30.98
|     GBSA LCPO Calc          0.00    0.00
|     ---------------------------------
|     Total                   4.54   98.07

|  Setup CPU time:            0.01 seconds
|  NonSetup CPU time:         4.63 seconds
|  Total CPU time:            4.65 seconds     0.00 hours

|  Setup wall time:           0    seconds
|  NonSetup wall time:        5    seconds
|  Total wall time:           5    seconds     0.00 hours
