
          -------------------------------------------------------
          Amber 22 PMEMD                              2022
          -------------------------------------------------------

| PMEMD implementation of SANDER, Release 22

|  Compiled date/time: Thu Apr 14 23:36:37 2022
| Run on 01/01/2024 at 16:55:12

|   Executable path: pmemd
| Working directory: /home/arul/Reegina/MD_Sim/SET3_GROUP/1EHB_info
|          Hostname: Unknown
  [-O]verwriting output

File Assignments:
|   MDIN: heat.in                                                               
|  MDOUT: heat.out                                                              
| INPCRD: min_1EHB.rst7                                                         
|   PARM: 1EHB.hmass.parm7                                                      
| RESTRT: heat.rst7                                                             
|   REFC: min_1EHB.rst7                                                         
|  MDVEL: mdvel                                                                 
|   MDEN: mden                                                                  
|  MDCRD: heat.crd                                                              
| MDINFO: heat.info                                                             
|  MDFRC: mdfrc                                                                 


 Here is the input file:

&cntrl                                                                         
   ntx = 1,                                                                    
   ntwx = 5000,                                                                
   ntwe = 0,                                                                   
   ntwr = 500,                                                                 
   ntpr = 5000,                                                                
   ioutfm=0,                                                                   
   ntxo=1,                                                                     
   imin = 0,                                                                   
   nstlim = 500000,                                                            
   dt = 0.002,                                                                 
   ntt = 3,                                                                    
   gamma_ln=1.,                                                                
   temp0 = 100.0,                                                              
   nscm = 1000,                                                                
   ig = -1,                                                                    
   ntc= 2,                                                                     
   ntf = 2,                                                                    
   cut = 1000,                                                                 
   igb=8,                                                                      
   gbsa=3,                                                                     
   surften=0.007,                                                              
   ntb = 0,                                                                    
   saltcon=0.,                                                                 
   ntr=1,                                                                      
   restraintmask="@CA,N,C,O",                                                  
   restraint_wt=10.0,                                                          
   nmropt=1,                                                                   
 &end                                                                          
 &wt                                                                           
   TYPE="TEMP0", istep1=0, istep2=500000,                                      
   value1=100., value2=300.,                                                   
 &end                                                                          
 &wt                                                                           
   TYPE="END",                                                                 
 &end                                                                          


Note: ig = -1. Setting random seed to   944137 based on wallclock time in 
      microseconds.
| irandom = 1, using AMBER's internal random number generator (default).
 
| Conditional Compilation Defines Used:
| PUBFFT
| BINTRAJ
| EMIL

| New format PARM file being parsed.
| Version =    1.000 Date = 01/01/24 Time = 14:17:57

| Note: 1-4 EEL scale factors are being read from the topology file.

| Note: 1-4 VDW scale factors are being read from the topology file.
| INFO:    Reading atomic numbers from topology file.
| Duplicated    0 dihedrals

| Duplicated    0 dihedrals

--------------------------------------------------------------------------------
   1.  RESOURCE   USE: 
--------------------------------------------------------------------------------

 NATOM  =    1303 NTYPES =      13 NBONH =     633 MBONA  =     685
 NTHETH =    1448 MTHETA =     926 NPHIH =    2965 MPHIA  =    2888
 NHPARM =       0 NPARM  =       0 NNB   =    7189 NRES   =      82
 NBONA  =     685 NTHETA =     926 NPHIA =    2888 NUMBND =      61
 NUMANG =     144 NPTRA  =     169 NATYP =      30 NPHB   =       0
 IFBOX  =       0 NMXRS  =      25 IFCAP =       0 NEXTRA =       0
 NCOPY  =       0

 Implicit solvent radii are ArgH and AspGluO modified Bondi2 radii (mbondi3)                                
 Replacing prmtop screening parameters with GBn2 (igb=8) values
--------------------------------------------------------------------------------
   2.  CONTROL  DATA  FOR  THE  RUN
--------------------------------------------------------------------------------

default_name                                                                    

General flags:
     imin    =       0, nmropt  =       1

Nature and format of input:
     ntx     =       1, irest   =       0, ntrx    =       1

Nature and format of output:
     ntxo    =       1, ntpr    =    5000, ntrx    =       1, ntwr    =     500
     iwrap   =       0, ntwx    =    5000, ntwv    =       0, ntwe    =       0
     ioutfm  =       0, ntwprt  =       0, idecomp =       0, rbornstat=      0

Potential function:
     ntf     =       2, ntb     =       0, igb     =       8, nsnb    =      25
     ipol    =       0, gbsa    =       3, iesp    =       0
     dielc   =   1.00000, cut     =1000.00000, intdiel =   1.00000
     saltcon =   0.00000, offset  =   0.19514, surften =   0.00700
     rdt     =   0.00000, rgbmax  =  25.00000  extdiel =  78.50000
     alpb  =        0
     gbalphaH  =   0.78844, gbbetaH   =   0.79870,  gbgammaH  =    0.43733
     gbalphaC  =   0.73376, gbbetaC   =   0.50638,  gbgammaC  =    0.20584
     gbalphaN  =   0.50336, gbbetaN   =   0.31683,  gbgammaN  =    0.19292
     gbalphaOS =   0.86781, gbbetaOS  =   0.87664,  gbgammaOS =    0.38788
     gbalphaP  =   1.00000, gbbetaP   =   0.80000,  gbgammaP  =    4.85000
     gb_alpha_hnu  =   0.53705, gb_beta_hnu   =   0.36286,  gb_gamma_hnu  =    0.11670
     gb_alpha_cnu  =   0.33167, gb_beta_cnu   =   0.19684,  gb_gamma_cnu  =    0.09342
     gb_alpha_nnu  =   0.68631, gb_beta_nnu   =   0.46319,  gb_gamma_nnu  =    0.13872
     gb_alpha_onu  =   0.60634, gb_beta_onu   =   0.46301,  gb_gamma_onu  =    0.14226
     gb_alpha_pnu  =   0.41836, gb_beta_pnu   =   0.29005,  gb_gamma_pnu  =    0.10642

Frozen or restrained atoms:
     ibelly  =       0, ntr     =       1
     restraint_wt =  10.00000

Molecular dynamics:
     nstlim  =    500000, nscm    =         0, nrespa  =         1
     t       =   0.00000, dt      =   0.00200, vlimit  =  20.00000

Langevin dynamics temperature regulation:
     ig      =  944137
     temp0   = 100.00000, tempi   =   0.00000, gamma_ln=   1.00000

SHAKE:
     ntc     =       2, jfastw  =       0
     tol     =   0.00001

NMR refinement options:
     iscale  =       0, noeskp  =       1, ipnlty  =       1, mxsub   =       1
     scalm   = 100.00000, pencut  =   0.10000, tausw   =   0.10000

| Intermolecular bonds treatment:
|     no_intermolecular_bonds =       1

| Energy averages sample interval:
|     ene_avg_sampling =    5000

    LOADING THE CONSTRAINED ATOMS AS GROUPS


   5.  REFERENCE ATOM COORDINATES

  default_name                                                                    
     Mask @CA,N,C,O; matches   328 atoms

--------------------------------------------------------------------------------
   3.  ATOMIC COORDINATES AND VELOCITIES
--------------------------------------------------------------------------------

default_name                                                                    
 begin time read from input coords =     0.000 ps



           Begin reading energy term weight changes/NMR restraints
 WEIGHT CHANGES:
 TEMP0         0 500000  100.000000  300.000000      0      0

 RESTRAINTS:
                          ** No restraint defined **

                  Done reading weight changes/NMR restraints


 
 Number of triangulated 3-point waters found:        0
| Dynamic Memory, Types Used:
| Reals               45933
| Integers           156000

--------------------------------------------------------------------------------
   4.  RESULTS
--------------------------------------------------------------------------------


 NSTEP =        0   TIME(PS) =       0.000  TEMP(K) =     0.00  PRESS =     0.0
 Etot   =     -3157.0022  EKtot   =         0.0000  EPtot      =     -3157.0022
 BOND   =        41.6242  ANGLE   =       219.9145  DIHED      =       905.7496
 1-4 NB =       262.1070  1-4 EEL =      3829.4208  VDWAALS    =      -652.5160
 EELEC  =     -5350.7956  EGB     =     -2446.6448  RESTRAINT  =         0.0000
 ESURF=        34.1379
 ------------------------------------------------------------------------------

 NMR restraints: Bond =    0.000   Angle =     0.000   Torsion =     0.000
===============================================================================

 NSTEP =     5000   TIME(PS) =      10.000  TEMP(K) =   109.03  PRESS =     0.0
 Etot   =     -2531.0746  EKtot   =       354.8815  EPtot      =     -2885.9561
 BOND   =       116.8709  ANGLE   =       373.4986  DIHED      =       933.1491
 1-4 NB =       270.8539  1-4 EEL =      3831.6408  VDWAALS    =      -632.9541
 EELEC  =     -5354.4182  EGB     =     -2486.0140  RESTRAINT  =        25.8150
 EAMBER (non-restraint)  =     -2911.7711
 ESURF=        35.6020
 ------------------------------------------------------------------------------

 NMR restraints: Bond =    0.000   Angle =     0.000   Torsion =     0.000
===============================================================================

 NSTEP =    10000   TIME(PS) =      20.000  TEMP(K) =   103.00  PRESS =     0.0
 Etot   =     -2551.0678  EKtot   =       335.2815  EPtot      =     -2886.3494
 BOND   =       118.8827  ANGLE   =       372.2408  DIHED      =       915.0768
 1-4 NB =       271.8334  1-4 EEL =      3841.7761  VDWAALS    =      -627.7339
 EELEC  =     -5356.8843  EGB     =     -2482.2444  RESTRAINT  =        25.6795
 EAMBER (non-restraint)  =     -2912.0289
 ESURF=        35.0239
 ------------------------------------------------------------------------------

 NMR restraints: Bond =    0.000   Angle =     0.000   Torsion =     0.000
===============================================================================

 NSTEP =    15000   TIME(PS) =      30.000  TEMP(K) =   105.34  PRESS =     0.0
 Etot   =     -2534.6144  EKtot   =       342.8753  EPtot      =     -2877.4897
 BOND   =       116.8022  ANGLE   =       384.0683  DIHED      =       928.9359
 1-4 NB =       273.9993  1-4 EEL =      3830.4186  VDWAALS    =      -623.9446
 EELEC  =     -5387.5782  EGB     =     -2462.1703  RESTRAINT  =        26.6618
 EAMBER (non-restraint)  =     -2904.1515
 ESURF=        35.3173
 ------------------------------------------------------------------------------

 NMR restraints: Bond =    0.000   Angle =     0.000   Torsion =     0.000
===============================================================================

 NSTEP =    20000   TIME(PS) =      40.000  TEMP(K) =   110.88  PRESS =     0.0
 Etot   =     -2504.0495  EKtot   =       360.9156  EPtot      =     -2864.9650
 BOND   =       122.1009  ANGLE   =       384.1088  DIHED      =       926.1556
 1-4 NB =       276.8021  1-4 EEL =      3832.5100  VDWAALS    =      -634.2311
 EELEC  =     -5370.7530  EGB     =     -2466.4036  RESTRAINT  =        29.6328
 EAMBER (non-restraint)  =     -2894.5979
 ESURF=        35.1125
 ------------------------------------------------------------------------------

 NMR restraints: Bond =    0.000   Angle =     0.000   Torsion =     0.000
===============================================================================

 NSTEP =    25000   TIME(PS) =      50.000  TEMP(K) =   114.39  PRESS =     0.0
 Etot   =     -2491.0576  EKtot   =       372.3543  EPtot      =     -2863.4119
 BOND   =       117.9187  ANGLE   =       393.3241  DIHED      =       928.9865
 1-4 NB =       278.2899  1-4 EEL =      3832.6701  VDWAALS    =      -641.0690
 EELEC  =     -5370.9627  EGB     =     -2464.0422  RESTRAINT  =        26.4100
 EAMBER (non-restraint)  =     -2889.8219
 ESURF=        35.0628
 ------------------------------------------------------------------------------

 NMR restraints: Bond =    0.000   Angle =     0.000   Torsion =     0.000
===============================================================================

 NSTEP =    30000   TIME(PS) =      60.000  TEMP(K) =   109.69  PRESS =     0.0
 Etot   =     -2504.2687  EKtot   =       357.0460  EPtot      =     -2861.3147
 BOND   =       121.4868  ANGLE   =       397.1318  DIHED      =       924.6354
 1-4 NB =       275.2568  1-4 EEL =      3842.0528  VDWAALS    =      -626.6783
 EELEC  =     -5392.9089  EGB     =     -2465.3370  RESTRAINT  =        27.2147
 EAMBER (non-restraint)  =     -2888.5294
 ESURF=        35.8311
 ------------------------------------------------------------------------------

 NMR restraints: Bond =    0.000   Angle =     0.000   Torsion =     0.000
===============================================================================

 NSTEP =    35000   TIME(PS) =      70.000  TEMP(K) =   119.35  PRESS =     0.0
 Etot   =     -2446.5184  EKtot   =       388.4850  EPtot      =     -2835.0033
 BOND   =       129.6417  ANGLE   =       414.5100  DIHED      =       930.8335
 1-4 NB =       272.3449  1-4 EEL =      3843.4219  VDWAALS    =      -620.5151
 EELEC  =     -5400.8735  EGB     =     -2466.0240  RESTRAINT  =        25.4938
 EAMBER (non-restraint)  =     -2860.4971
 ESURF=        36.1636
 ------------------------------------------------------------------------------

 NMR restraints: Bond =    0.000   Angle =     0.000   Torsion =     0.000
===============================================================================

 NSTEP =    40000   TIME(PS) =      80.000  TEMP(K) =   114.37  PRESS =     0.0
 Etot   =     -2473.7204  EKtot   =       372.2768  EPtot      =     -2845.9971
 BOND   =       120.2061  ANGLE   =       408.4005  DIHED      =       928.4594
 1-4 NB =       274.6581  1-4 EEL =      3828.5783  VDWAALS    =      -616.7398
 EELEC  =     -5393.1367  EGB     =     -2459.9414  RESTRAINT  =        28.8892
 EAMBER (non-restraint)  =     -2874.8864
 ESURF=        34.6292
 ------------------------------------------------------------------------------

 NMR restraints: Bond =    0.000   Angle =     0.000   Torsion =     0.000
===============================================================================

 NSTEP =    45000   TIME(PS) =      90.000  TEMP(K) =   117.96  PRESS =     0.0
 Etot   =     -2463.6360  EKtot   =       383.9523  EPtot      =     -2847.5883
 BOND   =       118.9813  ANGLE   =       414.8502  DIHED      =       932.8959
 1-4 NB =       270.1947  1-4 EEL =      3836.2833  VDWAALS    =      -626.5982
 EELEC  =     -5395.2898  EGB     =     -2464.0774  RESTRAINT  =        29.9899
 EAMBER (non-restraint)  =     -2877.5782
 ESURF=        35.1819
 ------------------------------------------------------------------------------

 NMR restraints: Bond =    0.000   Angle =     0.000   Torsion =     0.000
===============================================================================

 NSTEP =    50000   TIME(PS) =     100.000  TEMP(K) =   117.42  PRESS =     0.0
 Etot   =     -2445.5985  EKtot   =       382.2001  EPtot      =     -2827.7986
 BOND   =       126.8441  ANGLE   =       401.8172  DIHED      =       931.8697
 1-4 NB =       269.1706  1-4 EEL =      3831.6105  VDWAALS    =      -628.0138
 EELEC  =     -5355.7091  EGB     =     -2472.2005  RESTRAINT  =        31.0977
 EAMBER (non-restraint)  =     -2858.8963
 ESURF=        35.7148
 ------------------------------------------------------------------------------

 NMR restraints: Bond =    0.000   Angle =     0.000   Torsion =     0.000
===============================================================================

 NSTEP =    55000   TIME(PS) =     110.000  TEMP(K) =   120.77  PRESS =     0.0
 Etot   =     -2424.0102  EKtot   =       393.1126  EPtot      =     -2817.1228
 BOND   =       128.8916  ANGLE   =       404.2233  DIHED      =       932.1006
 1-4 NB =       281.4886  1-4 EEL =      3841.9392  VDWAALS    =      -619.8560
 EELEC  =     -5371.1438  EGB     =     -2480.0872  RESTRAINT  =        30.3069
 EAMBER (non-restraint)  =     -2847.4296
 ESURF=        35.0142
 ------------------------------------------------------------------------------

 NMR restraints: Bond =    0.000   Angle =     0.000   Torsion =     0.000
===============================================================================

 NSTEP =    60000   TIME(PS) =     120.000  TEMP(K) =   118.91  PRESS =     0.0
 Etot   =     -2442.1870  EKtot   =       387.0557  EPtot      =     -2829.2426
 BOND   =       126.6687  ANGLE   =       402.0220  DIHED      =       931.8861
 1-4 NB =       279.6912  1-4 EEL =      3835.7928  VDWAALS    =      -625.1161
 EELEC  =     -5367.6917  EGB     =     -2480.6423  RESTRAINT  =        32.9362
 EAMBER (non-restraint)  =     -2862.1789
 ESURF=        35.2103
 ------------------------------------------------------------------------------

 NMR restraints: Bond =    0.000   Angle =     0.000   Torsion =     0.000
===============================================================================

 NSTEP =    65000   TIME(PS) =     130.000  TEMP(K) =   126.77  PRESS =     0.0
 Etot   =     -2386.6727  EKtot   =       412.6241  EPtot      =     -2799.2968
 BOND   =       130.2255  ANGLE   =       410.0321  DIHED      =       939.6604
 1-4 NB =       277.1130  1-4 EEL =      3856.8171  VDWAALS    =      -624.9229
 EELEC  =     -5395.8582  EGB     =     -2461.3695  RESTRAINT  =        33.5921
 EAMBER (non-restraint)  =     -2832.8888
 ESURF=        35.4136
 ------------------------------------------------------------------------------

 NMR restraints: Bond =    0.000   Angle =     0.000   Torsion =     0.000
===============================================================================

 NSTEP =    70000   TIME(PS) =     140.000  TEMP(K) =   123.56  PRESS =     0.0
 Etot   =     -2401.9369  EKtot   =       402.1756  EPtot      =     -2804.1124
 BOND   =       138.3508  ANGLE   =       414.1247  DIHED      =       940.3249
 1-4 NB =       272.8615  1-4 EEL =      3835.6255  VDWAALS    =      -625.9235
 EELEC  =     -5376.0455  EGB     =     -2472.0260  RESTRAINT  =        32.7098
 EAMBER (non-restraint)  =     -2836.8222
 ESURF=        35.8855
 ------------------------------------------------------------------------------

 NMR restraints: Bond =    0.000   Angle =     0.000   Torsion =     0.000
===============================================================================

 NSTEP =    75000   TIME(PS) =     150.000  TEMP(K) =   129.82  PRESS =     0.0
 Etot   =     -2393.7559  EKtot   =       422.5683  EPtot      =     -2816.3242
 BOND   =       134.4255  ANGLE   =       406.2857  DIHED      =       935.5123
 1-4 NB =       277.7057  1-4 EEL =      3849.6159  VDWAALS    =      -629.5315
 EELEC  =     -5382.8436  EGB     =     -2471.6282  RESTRAINT  =        28.4754
 EAMBER (non-restraint)  =     -2844.7996
 ESURF=        35.6587
 ------------------------------------------------------------------------------

 NMR restraints: Bond =    0.000   Angle =     0.000   Torsion =     0.000
===============================================================================

 NSTEP =    80000   TIME(PS) =     160.000  TEMP(K) =   133.10  PRESS =     0.0
 Etot   =     -2364.5880  EKtot   =       433.2379  EPtot      =     -2797.8259
 BOND   =       139.4560  ANGLE   =       427.2520  DIHED      =       937.9317
 1-4 NB =       270.6919  1-4 EEL =      3825.5279  VDWAALS    =      -622.6167
 EELEC  =     -5378.8339  EGB     =     -2464.4362  RESTRAINT  =        31.2867
 EAMBER (non-restraint)  =     -2829.1126
 ESURF=        35.9149
 ------------------------------------------------------------------------------

 NMR restraints: Bond =    0.000   Angle =     0.000   Torsion =     0.000
===============================================================================

 NSTEP =    85000   TIME(PS) =     170.000  TEMP(K) =   130.80  PRESS =     0.0
 Etot   =     -2357.0219  EKtot   =       425.7614  EPtot      =     -2782.7833
 BOND   =       135.9705  ANGLE   =       424.5603  DIHED      =       941.0873
 1-4 NB =       279.3481  1-4 EEL =      3850.3999  VDWAALS    =      -618.8377
 EELEC  =     -5384.1670  EGB     =     -2477.8601  RESTRAINT  =        31.2674
 EAMBER (non-restraint)  =     -2814.0507
 ESURF=        35.4481
 ------------------------------------------------------------------------------

 NMR restraints: Bond =    0.000   Angle =     0.000   Torsion =     0.000
===============================================================================

 NSTEP =    90000   TIME(PS) =     180.000  TEMP(K) =   138.05  PRESS =     0.0
 Etot   =     -2341.6943  EKtot   =       449.3643  EPtot      =     -2791.0587
 BOND   =       134.3762  ANGLE   =       431.8038  DIHED      =       944.0047
 1-4 NB =       275.8142  1-4 EEL =      3828.5799  VDWAALS    =      -621.5325
 EELEC  =     -5391.4463  EGB     =     -2458.5957  RESTRAINT  =        30.7424
 EAMBER (non-restraint)  =     -2821.8010
 ESURF=        35.1948
 ------------------------------------------------------------------------------

 NMR restraints: Bond =    0.000   Angle =     0.000   Torsion =     0.000
===============================================================================

 NSTEP =    95000   TIME(PS) =     190.000  TEMP(K) =   140.68  PRESS =     0.0
 Etot   =     -2307.2877  EKtot   =       457.9172  EPtot      =     -2765.2049
 BOND   =       130.9433  ANGLE   =       432.2594  DIHED      =       958.5681
 1-4 NB =       273.8836  1-4 EEL =      3842.3604  VDWAALS    =      -631.0303
 EELEC  =     -5361.1632  EGB     =     -2478.0420  RESTRAINT  =        31.7543
 EAMBER (non-restraint)  =     -2796.9592
 ESURF=        35.2616
 ------------------------------------------------------------------------------

 NMR restraints: Bond =    0.000   Angle =     0.000   Torsion =     0.000
===============================================================================

 NSTEP =   100000   TIME(PS) =     200.000  TEMP(K) =   136.62  PRESS =     0.0
 Etot   =     -2314.6123  EKtot   =       444.6958  EPtot      =     -2759.3081
 BOND   =       142.1138  ANGLE   =       456.2453  DIHED      =       946.5736
 1-4 NB =       272.9027  1-4 EEL =      3836.1702  VDWAALS    =      -620.1303
 EELEC  =     -5378.6393  EGB     =     -2487.3275  RESTRAINT  =        37.7773
 EAMBER (non-restraint)  =     -2797.0854
 ESURF=        35.0060
 ------------------------------------------------------------------------------

 NMR restraints: Bond =    0.000   Angle =     0.000   Torsion =     0.000
===============================================================================

 NSTEP =   105000   TIME(PS) =     210.000  TEMP(K) =   141.72  PRESS =     0.0
 Etot   =     -2305.5476  EKtot   =       461.2942  EPtot      =     -2766.8418
 BOND   =       136.3836  ANGLE   =       450.8629  DIHED      =       942.7490
 1-4 NB =       276.4178  1-4 EEL =      3815.7339  VDWAALS    =      -611.5612
 EELEC  =     -5390.2098  EGB     =     -2457.6093  RESTRAINT  =        35.1263
 EAMBER (non-restraint)  =     -2801.9681
 ESURF=        35.2651
 ------------------------------------------------------------------------------

 NMR restraints: Bond =    0.000   Angle =     0.000   Torsion =     0.000
===============================================================================

 NSTEP =   110000   TIME(PS) =     220.000  TEMP(K) =   140.56  PRESS =     0.0
 Etot   =     -2286.0107  EKtot   =       457.5389  EPtot      =     -2743.5497
 BOND   =       158.0305  ANGLE   =       451.5324  DIHED      =       946.4393
 1-4 NB =       275.1991  1-4 EEL =      3848.4735  VDWAALS    =      -619.2149
 EELEC  =     -5402.3586  EGB     =     -2469.9888  RESTRAINT  =        33.1529
 EAMBER (non-restraint)  =     -2776.7026
 ESURF=        35.1848
 ------------------------------------------------------------------------------

 NMR restraints: Bond =    0.000   Angle =     0.000   Torsion =     0.000
===============================================================================

 NSTEP =   115000   TIME(PS) =     230.000  TEMP(K) =   142.73  PRESS =     0.0
 Etot   =     -2265.7271  EKtot   =       464.5793  EPtot      =     -2730.3064
 BOND   =       148.8629  ANGLE   =       471.3619  DIHED      =       956.6283
 1-4 NB =       271.0457  1-4 EEL =      3820.6079  VDWAALS    =      -628.7958
 EELEC  =     -5348.6795  EGB     =     -2486.6506  RESTRAINT  =        30.0808
 EAMBER (non-restraint)  =     -2760.3872
 ESURF=        35.2319
 ------------------------------------------------------------------------------

 NMR restraints: Bond =    0.000   Angle =     0.000   Torsion =     0.000
===============================================================================

 NSTEP =   120000   TIME(PS) =     240.000  TEMP(K) =   153.69  PRESS =     0.0
 Etot   =     -2248.0851  EKtot   =       500.2730  EPtot      =     -2748.3581
 BOND   =       155.3116  ANGLE   =       457.0180  DIHED      =       939.5477
 1-4 NB =       269.2215  1-4 EEL =      3826.7147  VDWAALS    =      -616.0137
 EELEC  =     -5385.1374  EGB     =     -2468.9213  RESTRAINT  =        38.5491
 EAMBER (non-restraint)  =     -2786.9072
 ESURF=        35.3518
 ------------------------------------------------------------------------------

 NMR restraints: Bond =    0.000   Angle =     0.000   Torsion =     0.000
===============================================================================

 NSTEP =   125000   TIME(PS) =     250.000  TEMP(K) =   154.68  PRESS =     0.0
 Etot   =     -2222.3097  EKtot   =       503.4763  EPtot      =     -2725.7860
 BOND   =       152.7543  ANGLE   =       467.5462  DIHED      =       945.3003
 1-4 NB =       277.3017  1-4 EEL =      3840.3751  VDWAALS    =      -625.0103
 EELEC  =     -5373.6320  EGB     =     -2476.6789  RESTRAINT  =        30.5963
 EAMBER (non-restraint)  =     -2756.3823
 ESURF=        35.6613
 ------------------------------------------------------------------------------

 NMR restraints: Bond =    0.000   Angle =     0.000   Torsion =     0.000
===============================================================================

 NSTEP =   130000   TIME(PS) =     260.000  TEMP(K) =   147.94  PRESS =     0.0
 Etot   =     -2252.9667  EKtot   =       481.5354  EPtot      =     -2734.5021
 BOND   =       137.2614  ANGLE   =       455.0973  DIHED      =       961.8802
 1-4 NB =       279.8286  1-4 EEL =      3839.0742  VDWAALS    =      -630.1455
 EELEC  =     -5398.7769  EGB     =     -2450.3935  RESTRAINT  =        36.5779
 EAMBER (non-restraint)  =     -2771.0799
 ESURF=        35.0942
 ------------------------------------------------------------------------------

 NMR restraints: Bond =    0.000   Angle =     0.000   Torsion =     0.000
===============================================================================

 NSTEP =   135000   TIME(PS) =     270.000  TEMP(K) =   151.36  PRESS =     0.0
 Etot   =     -2203.1140  EKtot   =       492.6901  EPtot      =     -2695.8041
 BOND   =       154.5368  ANGLE   =       481.4762  DIHED      =       949.8573
 1-4 NB =       280.2666  1-4 EEL =      3825.9298  VDWAALS    =      -614.3781
 EELEC  =     -5356.9099  EGB     =     -2486.6164  RESTRAINT  =        33.7776
 EAMBER (non-restraint)  =     -2729.5817
 ESURF=        36.2560
 ------------------------------------------------------------------------------

 NMR restraints: Bond =    0.000   Angle =     0.000   Torsion =     0.000
===============================================================================

 NSTEP =   140000   TIME(PS) =     280.000  TEMP(K) =   157.45  PRESS =     0.0
 Etot   =     -2205.7217  EKtot   =       512.5018  EPtot      =     -2718.2235
 BOND   =       152.2167  ANGLE   =       458.2677  DIHED      =       948.5408
 1-4 NB =       281.6681  1-4 EEL =      3833.4490  VDWAALS    =      -623.4161
 EELEC  =     -5364.9646  EGB     =     -2475.3115  RESTRAINT  =        35.6661
 EAMBER (non-restraint)  =     -2753.8896
 ESURF=        35.6602
 ------------------------------------------------------------------------------

 NMR restraints: Bond =    0.000   Angle =     0.000   Torsion =     0.000
===============================================================================

 NSTEP =   145000   TIME(PS) =     290.000  TEMP(K) =   161.56  PRESS =     0.0
 Etot   =     -2185.3032  EKtot   =       525.8829  EPtot      =     -2711.1861
 BOND   =       143.6783  ANGLE   =       473.4878  DIHED      =       943.6452
 1-4 NB =       278.8376  1-4 EEL =      3850.3651  VDWAALS    =      -614.6699
 EELEC  =     -5405.2534  EGB     =     -2454.3468  RESTRAINT  =        38.3432
 EAMBER (non-restraint)  =     -2749.5294
 ESURF=        34.7267
 ------------------------------------------------------------------------------

 NMR restraints: Bond =    0.000   Angle =     0.000   Torsion =     0.000
===============================================================================

 NSTEP =   150000   TIME(PS) =     300.000  TEMP(K) =   157.76  PRESS =     0.0
 Etot   =     -2182.0094  EKtot   =       513.5275  EPtot      =     -2695.5370
 BOND   =       148.7556  ANGLE   =       476.3281  DIHED      =       947.6108
 1-4 NB =       278.7015  1-4 EEL =      3856.0258  VDWAALS    =      -622.5240
 EELEC  =     -5372.4695  EGB     =     -2484.7352  RESTRAINT  =        40.7276
 EAMBER (non-restraint)  =     -2736.2646
 ESURF=        36.0423
 ------------------------------------------------------------------------------

 NMR restraints: Bond =    0.000   Angle =     0.000   Torsion =     0.000
===============================================================================

 NSTEP =   155000   TIME(PS) =     310.000  TEMP(K) =   167.70  PRESS =     0.0
 Etot   =     -2141.9486  EKtot   =       545.8641  EPtot      =     -2687.8127
 BOND   =       159.4357  ANGLE   =       459.9419  DIHED      =       951.0498
 1-4 NB =       283.2877  1-4 EEL =      3844.1532  VDWAALS    =      -619.6759
 EELEC  =     -5363.3019  EGB     =     -2484.0440  RESTRAINT  =        46.4286
 EAMBER (non-restraint)  =     -2734.2414
 ESURF=        34.9122
 ------------------------------------------------------------------------------

 NMR restraints: Bond =    0.000   Angle =     0.000   Torsion =     0.000
===============================================================================

 NSTEP =   160000   TIME(PS) =     320.000  TEMP(K) =   165.36  PRESS =     0.0
 Etot   =     -2128.9281  EKtot   =       538.2545  EPtot      =     -2667.1826
 BOND   =       158.5177  ANGLE   =       497.0716  DIHED      =       956.9838
 1-4 NB =       287.0065  1-4 EEL =      3829.0898  VDWAALS    =      -611.5262
 EELEC  =     -5412.9712  EGB     =     -2446.9205  RESTRAINT  =        40.4677
 EAMBER (non-restraint)  =     -2707.6503
 ESURF=        35.0980
 ------------------------------------------------------------------------------

 NMR restraints: Bond =    0.000   Angle =     0.000   Torsion =     0.000
===============================================================================

 NSTEP =   165000   TIME(PS) =     330.000  TEMP(K) =   171.60  PRESS =     0.0
 Etot   =     -2126.0414  EKtot   =       558.5650  EPtot      =     -2684.6064
 BOND   =       166.0286  ANGLE   =       468.7405  DIHED      =       959.5217
 1-4 NB =       282.6446  1-4 EEL =      3859.5086  VDWAALS    =      -611.0240
 EELEC  =     -5383.2324  EGB     =     -2496.1400  RESTRAINT  =        33.6321
 EAMBER (non-restraint)  =     -2718.2385
 ESURF=        35.7138
 ------------------------------------------------------------------------------

 NMR restraints: Bond =    0.000   Angle =     0.000   Torsion =     0.000
===============================================================================

 NSTEP =   170000   TIME(PS) =     340.000  TEMP(K) =   166.71  PRESS =     0.0
 Etot   =     -2126.5844  EKtot   =       542.6408  EPtot      =     -2669.2252
 BOND   =       157.3057  ANGLE   =       480.2284  DIHED      =       973.2762
 1-4 NB =       283.1092  1-4 EEL =      3829.4930  VDWAALS    =      -622.4144
 EELEC  =     -5388.6271  EGB     =     -2457.4631  RESTRAINT  =        40.8007
 EAMBER (non-restraint)  =     -2710.0259
 ESURF=        35.0663
 ------------------------------------------------------------------------------

 NMR restraints: Bond =    0.000   Angle =     0.000   Torsion =     0.000
===============================================================================

 NSTEP =   175000   TIME(PS) =     350.000  TEMP(K) =   183.17  PRESS =     0.0
 Etot   =     -2065.4939  EKtot   =       596.2068  EPtot      =     -2661.7007
 BOND   =       176.7233  ANGLE   =       482.3833  DIHED      =       952.3182
 1-4 NB =       275.9008  1-4 EEL =      3852.1062  VDWAALS    =      -624.8078
 EELEC  =     -5365.4849  EGB     =     -2490.8681  RESTRAINT  =        43.9360
 EAMBER (non-restraint)  =     -2705.6367
 ESURF=        36.0923
 ------------------------------------------------------------------------------

 NMR restraints: Bond =    0.000   Angle =     0.000   Torsion =     0.000
===============================================================================

 NSTEP =   180000   TIME(PS) =     360.000  TEMP(K) =   175.90  PRESS =     0.0
 Etot   =     -2095.7296  EKtot   =       572.5467  EPtot      =     -2668.2763
 BOND   =       156.7400  ANGLE   =       490.1735  DIHED      =       956.5462
 1-4 NB =       277.8372  1-4 EEL =      3843.6845  VDWAALS    =      -621.7670
 EELEC  =     -5380.2085  EGB     =     -2471.0113  RESTRAINT  =        43.7527
 EAMBER (non-restraint)  =     -2712.0290
 ESURF=        35.9764
 ------------------------------------------------------------------------------

 NMR restraints: Bond =    0.000   Angle =     0.000   Torsion =     0.000
===============================================================================

 NSTEP =   185000   TIME(PS) =     370.000  TEMP(K) =   169.29  PRESS =     0.0
 Etot   =     -2105.9411  EKtot   =       551.0444  EPtot      =     -2656.9855
 BOND   =       168.9440  ANGLE   =       493.7363  DIHED      =       947.2706
 1-4 NB =       272.6152  1-4 EEL =      3839.5588  VDWAALS    =      -608.8096
 EELEC  =     -5392.8124  EGB     =     -2451.1836  RESTRAINT  =        37.6992
 EAMBER (non-restraint)  =     -2694.6847
 ESURF=        35.9960
 ------------------------------------------------------------------------------

 NMR restraints: Bond =    0.000   Angle =     0.000   Torsion =     0.000
===============================================================================

 NSTEP =   190000   TIME(PS) =     380.000  TEMP(K) =   181.67  PRESS =     0.0
 Etot   =     -2044.5439  EKtot   =       591.3460  EPtot      =     -2635.8899
 BOND   =       173.2646  ANGLE   =       511.7622  DIHED      =       956.6766
 1-4 NB =       280.1662  1-4 EEL =      3826.3104  VDWAALS    =      -624.8193
 EELEC  =     -5352.4434  EGB     =     -2484.3721  RESTRAINT  =        42.1846
 EAMBER (non-restraint)  =     -2678.0745
 ESURF=        35.3803
 ------------------------------------------------------------------------------

 NMR restraints: Bond =    0.000   Angle =     0.000   Torsion =     0.000
===============================================================================

 NSTEP =   195000   TIME(PS) =     390.000  TEMP(K) =   178.71  PRESS =     0.0
 Etot   =     -2067.7212  EKtot   =       581.7064  EPtot      =     -2649.4276
 BOND   =       171.0007  ANGLE   =       492.1323  DIHED      =       956.4115
 1-4 NB =       281.2871  1-4 EEL =      3851.3582  VDWAALS    =      -620.0955
 EELEC  =     -5404.9976  EGB     =     -2453.7420  RESTRAINT  =        41.9534
 EAMBER (non-restraint)  =     -2691.3810
 ESURF=        35.2643
 ------------------------------------------------------------------------------

 NMR restraints: Bond =    0.000   Angle =     0.000   Torsion =     0.000
===============================================================================

 NSTEP =   200000   TIME(PS) =     400.000  TEMP(K) =   180.14  PRESS =     0.0
 Etot   =     -2054.4346  EKtot   =       586.3606  EPtot      =     -2640.7952
 BOND   =       175.1125  ANGLE   =       489.5507  DIHED      =       957.0017
 1-4 NB =       279.2794  1-4 EEL =      3844.2567  VDWAALS    =      -618.2438
 EELEC  =     -5379.7236  EGB     =     -2468.8114  RESTRAINT  =        44.9046
 EAMBER (non-restraint)  =     -2685.6998
 ESURF=        35.8780
 ------------------------------------------------------------------------------

 NMR restraints: Bond =    0.000   Angle =     0.000   Torsion =     0.000
===============================================================================

 NSTEP =   205000   TIME(PS) =     410.000  TEMP(K) =   171.02  PRESS =     0.0
 Etot   =     -2030.4014  EKtot   =       556.6889  EPtot      =     -2587.0904
 BOND   =       172.3364  ANGLE   =       536.3277  DIHED      =       976.0196
 1-4 NB =       286.6791  1-4 EEL =      3817.3793  VDWAALS    =      -623.8861
 EELEC  =     -5392.8586  EGB     =     -2444.9935  RESTRAINT  =        49.5062
 EAMBER (non-restraint)  =     -2636.5966
 ESURF=        36.3996
 ------------------------------------------------------------------------------

 NMR restraints: Bond =    0.000   Angle =     0.000   Torsion =     0.000
===============================================================================

 NSTEP =   210000   TIME(PS) =     420.000  TEMP(K) =   183.90  PRESS =     0.0
 Etot   =     -2016.0732  EKtot   =       598.6066  EPtot      =     -2614.6798
 BOND   =       158.0320  ANGLE   =       534.1058  DIHED      =       949.6091
 1-4 NB =       288.7093  1-4 EEL =      3855.1444  VDWAALS    =      -619.9137
 EELEC  =     -5410.0311  EGB     =     -2450.7110  RESTRAINT  =        44.5519
 EAMBER (non-restraint)  =     -2659.2317
 ESURF=        35.8235
 ------------------------------------------------------------------------------

 NMR restraints: Bond =    0.000   Angle =     0.000   Torsion =     0.000
===============================================================================

 NSTEP =   215000   TIME(PS) =     430.000  TEMP(K) =   190.56  PRESS =     0.0
 Etot   =     -1975.7618  EKtot   =       620.2746  EPtot      =     -2596.0364
 BOND   =       175.7332  ANGLE   =       517.9524  DIHED      =       973.4300
 1-4 NB =       291.2630  1-4 EEL =      3824.5649  VDWAALS    =      -610.7718
 EELEC  =     -5381.0295  EGB     =     -2464.2979  RESTRAINT  =        41.3747
 EAMBER (non-restraint)  =     -2637.4111
 ESURF=        35.7446
 ------------------------------------------------------------------------------

 NMR restraints: Bond =    0.000   Angle =     0.000   Torsion =     0.000
===============================================================================

 NSTEP =   220000   TIME(PS) =     440.000  TEMP(K) =   190.61  PRESS =     0.0
 Etot   =     -1992.4715  EKtot   =       620.4451  EPtot      =     -2612.9166
 BOND   =       189.9698  ANGLE   =       505.2313  DIHED      =       969.8157
 1-4 NB =       280.4567  1-4 EEL =      3831.8065  VDWAALS    =      -621.7576
 EELEC  =     -5378.9155  EGB     =     -2468.7052  RESTRAINT  =        43.3650
 EAMBER (non-restraint)  =     -2656.2816
 ESURF=        35.8167
 ------------------------------------------------------------------------------

 NMR restraints: Bond =    0.000   Angle =     0.000   Torsion =     0.000
===============================================================================

 NSTEP =   225000   TIME(PS) =     450.000  TEMP(K) =   196.73  PRESS =     0.0
 Etot   =     -1960.4241  EKtot   =       640.3557  EPtot      =     -2600.7798
 BOND   =       181.8896  ANGLE   =       516.6212  DIHED      =       963.8513
 1-4 NB =       291.7154  1-4 EEL =      3823.0537  VDWAALS    =      -623.2539
 EELEC  =     -5385.4814  EGB     =     -2453.4281  RESTRAINT  =        48.1483
 EAMBER (non-restraint)  =     -2648.9281
 ESURF=        36.1041
 ------------------------------------------------------------------------------

 NMR restraints: Bond =    0.000   Angle =     0.000   Torsion =     0.000
===============================================================================

 NSTEP =   230000   TIME(PS) =     460.000  TEMP(K) =   188.21  PRESS =     0.0
 Etot   =     -1945.2501  EKtot   =       612.6200  EPtot      =     -2557.8701
 BOND   =       174.2459  ANGLE   =       527.7466  DIHED      =       970.1702
 1-4 NB =       289.4839  1-4 EEL =      3844.5215  VDWAALS    =      -613.9216
 EELEC  =     -5357.0968  EGB     =     -2477.5854  RESTRAINT  =        48.6694
 EAMBER (non-restraint)  =     -2606.5395
 ESURF=        35.8962
 ------------------------------------------------------------------------------

 NMR restraints: Bond =    0.000   Angle =     0.000   Torsion =     0.000
===============================================================================

 NSTEP =   235000   TIME(PS) =     470.000  TEMP(K) =   196.20  PRESS =     0.0
 Etot   =     -1937.3375  EKtot   =       638.6413  EPtot      =     -2575.9788
 BOND   =       177.1387  ANGLE   =       542.4745  DIHED      =       966.8387
 1-4 NB =       286.1423  1-4 EEL =      3802.6649  VDWAALS    =      -621.7572
 EELEC  =     -5385.6849  EGB     =     -2424.7848  RESTRAINT  =        46.1547
 EAMBER (non-restraint)  =     -2622.1335
 ESURF=        34.8344
 ------------------------------------------------------------------------------

 NMR restraints: Bond =    0.000   Angle =     0.000   Torsion =     0.000
===============================================================================

 NSTEP =   240000   TIME(PS) =     480.000  TEMP(K) =   202.63  PRESS =     0.0
 Etot   =     -1919.8182  EKtot   =       659.5684  EPtot      =     -2579.3866
 BOND   =       193.7239  ANGLE   =       529.9484  DIHED      =       973.8244
 1-4 NB =       273.1734  1-4 EEL =      3843.6254  VDWAALS    =      -624.5396
 EELEC  =     -5364.4261  EGB     =     -2487.3719  RESTRAINT  =        46.8109
 EAMBER (non-restraint)  =     -2626.1975
 ESURF=        35.8447
 ------------------------------------------------------------------------------

 NMR restraints: Bond =    0.000   Angle =     0.000   Torsion =     0.000
===============================================================================

 NSTEP =   245000   TIME(PS) =     490.000  TEMP(K) =   200.75  PRESS =     0.0
 Etot   =     -1916.3569  EKtot   =       653.4505  EPtot      =     -2569.8074
 BOND   =       174.8979  ANGLE   =       547.5981  DIHED      =       970.4111
 1-4 NB =       279.9159  1-4 EEL =      3850.2524  VDWAALS    =      -602.1917
 EELEC  =     -5409.6944  EGB     =     -2465.0567  RESTRAINT  =        48.0061
 EAMBER (non-restraint)  =     -2617.8136
 ESURF=        36.0537
 ------------------------------------------------------------------------------

 NMR restraints: Bond =    0.000   Angle =     0.000   Torsion =     0.000
===============================================================================

 NSTEP =   250000   TIME(PS) =     500.000  TEMP(K) =   200.43  PRESS =     0.0
 Etot   =     -1927.1041  EKtot   =       652.4022  EPtot      =     -2579.5063
 BOND   =       195.3835  ANGLE   =       530.4622  DIHED      =       951.1973
 1-4 NB =       285.6733  1-4 EEL =      3832.5645  VDWAALS    =      -635.2525
 EELEC  =     -5335.2867  EGB     =     -2482.9813  RESTRAINT  =        42.9710
 EAMBER (non-restraint)  =     -2622.4772
 ESURF=        35.7625
 ------------------------------------------------------------------------------

 NMR restraints: Bond =    0.000   Angle =     0.000   Torsion =     0.000
===============================================================================

 NSTEP =   255000   TIME(PS) =     510.000  TEMP(K) =   206.40  PRESS =     0.0
 Etot   =     -1857.5710  EKtot   =       671.8210  EPtot      =     -2529.3920
 BOND   =       180.9517  ANGLE   =       562.7466  DIHED      =       974.5986
 1-4 NB =       289.0779  1-4 EEL =      3848.4640  VDWAALS    =      -617.4927
 EELEC  =     -5392.5879  EGB     =     -2464.1655  RESTRAINT  =        52.8498
 EAMBER (non-restraint)  =     -2582.2418
 ESURF=        36.1655
 ------------------------------------------------------------------------------

 NMR restraints: Bond =    0.000   Angle =     0.000   Torsion =     0.000
===============================================================================

 NSTEP =   260000   TIME(PS) =     520.000  TEMP(K) =   201.47  PRESS =     0.0
 Etot   =     -1896.3041  EKtot   =       655.7859  EPtot      =     -2552.0900
 BOND   =       180.9317  ANGLE   =       542.7836  DIHED      =       978.8604
 1-4 NB =       281.3783  1-4 EEL =      3831.1619  VDWAALS    =      -618.0592
 EELEC  =     -5317.9128  EGB     =     -2509.0292  RESTRAINT  =        42.1014
 EAMBER (non-restraint)  =     -2594.1914
 ESURF=        35.6939
 ------------------------------------------------------------------------------

 NMR restraints: Bond =    0.000   Angle =     0.000   Torsion =     0.000
===============================================================================

 NSTEP =   265000   TIME(PS) =     530.000  TEMP(K) =   201.53  PRESS =     0.0
 Etot   =     -1915.1932  EKtot   =       655.9800  EPtot      =     -2571.1732
 BOND   =       166.7470  ANGLE   =       545.9558  DIHED      =       972.6800
 1-4 NB =       289.6642  1-4 EEL =      3830.1151  VDWAALS    =      -611.3785
 EELEC  =     -5379.3702  EGB     =     -2469.9689  RESTRAINT  =        49.2142
 EAMBER (non-restraint)  =     -2620.3875
 ESURF=        35.1680
 ------------------------------------------------------------------------------

 NMR restraints: Bond =    0.000   Angle =     0.000   Torsion =     0.000
===============================================================================

 NSTEP =   270000   TIME(PS) =     540.000  TEMP(K) =   210.99  PRESS =     0.0
 Etot   =     -1830.2368  EKtot   =       686.7750  EPtot      =     -2517.0118
 BOND   =       197.2591  ANGLE   =       565.6127  DIHED      =       975.7629
 1-4 NB =       277.9818  1-4 EEL =      3857.2752  VDWAALS    =      -611.9421
 EELEC  =     -5379.3168  EGB     =     -2487.7262  RESTRAINT  =        52.1426
 EAMBER (non-restraint)  =     -2569.1544
 ESURF=        35.9390
 ------------------------------------------------------------------------------

 NMR restraints: Bond =    0.000   Angle =     0.000   Torsion =     0.000
===============================================================================

 NSTEP =   275000   TIME(PS) =     550.000  TEMP(K) =   206.43  PRESS =     0.0
 Etot   =     -1859.2891  EKtot   =       671.9448  EPtot      =     -2531.2339
 BOND   =       183.5623  ANGLE   =       537.4865  DIHED      =       979.7640
 1-4 NB =       292.7831  1-4 EEL =      3859.4729  VDWAALS    =      -606.8280
 EELEC  =     -5382.5115  EGB     =     -2487.9686  RESTRAINT  =        56.8653
 EAMBER (non-restraint)  =     -2588.0992
 ESURF=        36.1402
 ------------------------------------------------------------------------------

 NMR restraints: Bond =    0.000   Angle =     0.000   Torsion =     0.000
===============================================================================

 NSTEP =   280000   TIME(PS) =     560.000  TEMP(K) =   201.80  PRESS =     0.0
 Etot   =     -1875.8005  EKtot   =       656.8561  EPtot      =     -2532.6566
 BOND   =       188.8212  ANGLE   =       563.9855  DIHED      =       975.3641
 1-4 NB =       283.1821  1-4 EEL =      3845.1708  VDWAALS    =      -604.7603
 EELEC  =     -5371.0640  EGB     =     -2500.7975  RESTRAINT  =        51.6724
 EAMBER (non-restraint)  =     -2584.3290
 ESURF=        35.7691
 ------------------------------------------------------------------------------

 NMR restraints: Bond =    0.000   Angle =     0.000   Torsion =     0.000
===============================================================================

 NSTEP =   285000   TIME(PS) =     570.000  TEMP(K) =   214.71  PRESS =     0.0
 Etot   =     -1802.4521  EKtot   =       698.8817  EPtot      =     -2501.3338
 BOND   =       202.4071  ANGLE   =       577.1299  DIHED      =       978.9940
 1-4 NB =       279.1456  1-4 EEL =      3854.1262  VDWAALS    =      -611.1384
 EELEC  =     -5404.1678  EGB     =     -2466.1617  RESTRAINT  =        52.1845
 EAMBER (non-restraint)  =     -2553.5183
 ESURF=        36.1467
 ------------------------------------------------------------------------------

 NMR restraints: Bond =    0.000   Angle =     0.000   Torsion =     0.000
===============================================================================

 NSTEP =   290000   TIME(PS) =     580.000  TEMP(K) =   213.01  PRESS =     0.0
 Etot   =     -1787.3239  EKtot   =       693.3497  EPtot      =     -2480.6735
 BOND   =       211.8327  ANGLE   =       599.2418  DIHED      =       986.0986
 1-4 NB =       276.0940  1-4 EEL =      3807.1510  VDWAALS    =      -604.4899
 EELEC  =     -5397.0310  EGB     =     -2456.6498  RESTRAINT  =        60.7165
 EAMBER (non-restraint)  =     -2541.3900
 ESURF=        36.3626
 ------------------------------------------------------------------------------

 NMR restraints: Bond =    0.000   Angle =     0.000   Torsion =     0.000
===============================================================================

 NSTEP =   295000   TIME(PS) =     590.000  TEMP(K) =   220.35  PRESS =     0.0
 Etot   =     -1779.7777  EKtot   =       717.2477  EPtot      =     -2497.0254
 BOND   =       198.3152  ANGLE   =       572.8409  DIHED      =       978.6304
 1-4 NB =       288.3177  1-4 EEL =      3857.2539  VDWAALS    =      -613.2849
 EELEC  =     -5363.0384  EGB     =     -2500.1323  RESTRAINT  =        48.0663
 EAMBER (non-restraint)  =     -2545.0917
 ESURF=        36.0059
 ------------------------------------------------------------------------------

 NMR restraints: Bond =    0.000   Angle =     0.000   Torsion =     0.000
===============================================================================

 NSTEP =   300000   TIME(PS) =     600.000  TEMP(K) =   226.54  PRESS =     0.0
 Etot   =     -1781.4302  EKtot   =       737.3764  EPtot      =     -2518.8066
 BOND   =       195.2194  ANGLE   =       545.7709  DIHED      =       980.1916
 1-4 NB =       293.6770  1-4 EEL =      3856.0740  VDWAALS    =      -608.5493
 EELEC  =     -5379.7765  EGB     =     -2483.3921  RESTRAINT  =        46.4628
 EAMBER (non-restraint)  =     -2565.2693
 ESURF=        35.5158
 ------------------------------------------------------------------------------

 NMR restraints: Bond =    0.000   Angle =     0.000   Torsion =     0.000
===============================================================================

 NSTEP =   305000   TIME(PS) =     610.000  TEMP(K) =   213.66  PRESS =     0.0
 Etot   =     -1814.6140  EKtot   =       695.4662  EPtot      =     -2510.0802
 BOND   =       203.1092  ANGLE   =       563.8689  DIHED      =       977.9251
 1-4 NB =       279.6920  1-4 EEL =      3820.7725  VDWAALS    =      -597.7039
 EELEC  =     -5347.8442  EGB     =     -2501.3167  RESTRAINT  =        54.3848
 EAMBER (non-restraint)  =     -2564.4650
 ESURF=        37.0320
 ------------------------------------------------------------------------------

 NMR restraints: Bond =    0.000   Angle =     0.000   Torsion =     0.000
===============================================================================

 NSTEP =   310000   TIME(PS) =     620.000  TEMP(K) =   222.09  PRESS =     0.0
 Etot   =     -1753.2850  EKtot   =       722.9032  EPtot      =     -2476.1882
 BOND   =       205.9178  ANGLE   =       587.9583  DIHED      =       984.8230
 1-4 NB =       287.7072  1-4 EEL =      3846.2970  VDWAALS    =      -609.9466
 EELEC  =     -5333.7245  EGB     =     -2530.8613  RESTRAINT  =        49.3777
 EAMBER (non-restraint)  =     -2525.5659
 ESURF=        36.2633
 ------------------------------------------------------------------------------

 NMR restraints: Bond =    0.000   Angle =     0.000   Torsion =     0.000
===============================================================================

 NSTEP =   315000   TIME(PS) =     630.000  TEMP(K) =   223.05  PRESS =     0.0
 Etot   =     -1733.2771  EKtot   =       726.0229  EPtot      =     -2459.3000
 BOND   =       210.3804  ANGLE   =       584.5699  DIHED      =       988.4575
 1-4 NB =       284.9655  1-4 EEL =      3828.6151  VDWAALS    =      -611.6960
 EELEC  =     -5339.0237  EGB     =     -2501.6203  RESTRAINT  =        60.8927
 EAMBER (non-restraint)  =     -2520.1927
 ESURF=        35.1590
 ------------------------------------------------------------------------------

 NMR restraints: Bond =    0.000   Angle =     0.000   Torsion =     0.000
===============================================================================

 NSTEP =   320000   TIME(PS) =     640.000  TEMP(K) =   227.16  PRESS =     0.0
 Etot   =     -1721.0132  EKtot   =       739.3967  EPtot      =     -2460.4099
 BOND   =       200.8631  ANGLE   =       557.6795  DIHED      =       988.6601
 1-4 NB =       301.7259  1-4 EEL =      3859.6398  VDWAALS    =      -601.8219
 EELEC  =     -5355.7785  EGB     =     -2500.6776  RESTRAINT  =        53.3047
 EAMBER (non-restraint)  =     -2513.7146
 ESURF=        35.9950
 ------------------------------------------------------------------------------

 NMR restraints: Bond =    0.000   Angle =     0.000   Torsion =     0.000
===============================================================================

 NSTEP =   325000   TIME(PS) =     650.000  TEMP(K) =   226.93  PRESS =     0.0
 Etot   =     -1724.2884  EKtot   =       738.6730  EPtot      =     -2462.9614
 BOND   =       214.3574  ANGLE   =       586.3987  DIHED      =       975.1396
 1-4 NB =       286.0246  1-4 EEL =      3841.5015  VDWAALS    =      -605.3848
 EELEC  =     -5375.9219  EGB     =     -2476.5301  RESTRAINT  =        55.5620
 EAMBER (non-restraint)  =     -2518.5235
 ESURF=        35.8917
 ------------------------------------------------------------------------------

 NMR restraints: Bond =    0.000   Angle =     0.000   Torsion =     0.000
===============================================================================

 NSTEP =   330000   TIME(PS) =     660.000  TEMP(K) =   234.78  PRESS =     0.0
 Etot   =     -1719.4339  EKtot   =       764.2259  EPtot      =     -2483.6598
 BOND   =       199.1112  ANGLE   =       578.2796  DIHED      =       975.7272
 1-4 NB =       287.5220  1-4 EEL =      3857.5569  VDWAALS    =      -600.7385
 EELEC  =     -5351.6138  EGB     =     -2510.1787  RESTRAINT  =        44.3306
 EAMBER (non-restraint)  =     -2527.9904
 ESURF=        36.3435
 ------------------------------------------------------------------------------

 NMR restraints: Bond =    0.000   Angle =     0.000   Torsion =     0.000
===============================================================================

 NSTEP =   335000   TIME(PS) =     670.000  TEMP(K) =   237.39  PRESS =     0.0
 Etot   =     -1686.8121  EKtot   =       772.7166  EPtot      =     -2459.5288
 BOND   =       202.8349  ANGLE   =       591.5861  DIHED      =       978.2372
 1-4 NB =       288.6086  1-4 EEL =      3862.6516  VDWAALS    =      -606.3117
 EELEC  =     -5369.0827  EGB     =     -2503.9690  RESTRAINT  =        59.6829
 EAMBER (non-restraint)  =     -2519.2117
 ESURF=        36.2334
 ------------------------------------------------------------------------------

 NMR restraints: Bond =    0.000   Angle =     0.000   Torsion =     0.000
===============================================================================

 NSTEP =   340000   TIME(PS) =     680.000  TEMP(K) =   242.46  PRESS =     0.0
 Etot   =     -1676.0746  EKtot   =       789.2234  EPtot      =     -2465.2980
 BOND   =       227.9158  ANGLE   =       591.1351  DIHED      =       980.8574
 1-4 NB =       278.0047  1-4 EEL =      3834.2674  VDWAALS    =      -619.1316
 EELEC  =     -5359.4786  EGB     =     -2490.0248  RESTRAINT  =        55.1767
 EAMBER (non-restraint)  =     -2520.4748
 ESURF=        35.9799
 ------------------------------------------------------------------------------

 NMR restraints: Bond =    0.000   Angle =     0.000   Torsion =     0.000
===============================================================================

 NSTEP =   345000   TIME(PS) =     690.000  TEMP(K) =   238.50  PRESS =     0.0
 Etot   =     -1649.0303  EKtot   =       776.3201  EPtot      =     -2425.3504
 BOND   =       206.1459  ANGLE   =       595.5176  DIHED      =       986.8460
 1-4 NB =       285.8227  1-4 EEL =      3824.5296  VDWAALS    =      -610.1160
 EELEC  =     -5313.5451  EGB     =     -2504.2074  RESTRAINT  =        66.7898
 EAMBER (non-restraint)  =     -2492.1402
 ESURF=        36.8665
 ------------------------------------------------------------------------------

 NMR restraints: Bond =    0.000   Angle =     0.000   Torsion =     0.000
===============================================================================

 NSTEP =   350000   TIME(PS) =     700.000  TEMP(K) =   232.81  PRESS =     0.0
 Etot   =     -1665.1059  EKtot   =       757.8029  EPtot      =     -2422.9088
 BOND   =       205.7893  ANGLE   =       610.0917  DIHED      =       970.8501
 1-4 NB =       302.3836  1-4 EEL =      3880.6856  VDWAALS    =      -595.1122
 EELEC  =     -5465.0484  EGB     =     -2424.6772  RESTRAINT  =        56.6261
 EAMBER (non-restraint)  =     -2479.5349
 ESURF=        35.5027
 ------------------------------------------------------------------------------

 NMR restraints: Bond =    0.000   Angle =     0.000   Torsion =     0.000
===============================================================================

 NSTEP =   355000   TIME(PS) =     710.000  TEMP(K) =   242.50  PRESS =     0.0
 Etot   =     -1628.3849  EKtot   =       789.3333  EPtot      =     -2417.7182
 BOND   =       206.8755  ANGLE   =       614.8241  DIHED      =       975.6766
 1-4 NB =       297.4584  1-4 EEL =      3853.0956  VDWAALS    =      -610.8457
 EELEC  =     -5457.4344  EGB     =     -2389.8044  RESTRAINT  =        56.5524
 EAMBER (non-restraint)  =     -2474.2706
 ESURF=        35.8837
 ------------------------------------------------------------------------------

 NMR restraints: Bond =    0.000   Angle =     0.000   Torsion =     0.000
===============================================================================

 NSTEP =   360000   TIME(PS) =     720.000  TEMP(K) =   238.65  PRESS =     0.0
 Etot   =     -1678.3228  EKtot   =       776.7987  EPtot      =     -2455.1215
 BOND   =       221.7772  ANGLE   =       608.7302  DIHED      =       982.9136
 1-4 NB =       280.3054  1-4 EEL =      3847.4585  VDWAALS    =      -623.1096
 EELEC  =     -5386.7175  EGB     =     -2474.6049  RESTRAINT  =        53.0031
 EAMBER (non-restraint)  =     -2508.1246
 ESURF=        35.1227
 ------------------------------------------------------------------------------

 NMR restraints: Bond =    0.000   Angle =     0.000   Torsion =     0.000
===============================================================================

 NSTEP =   365000   TIME(PS) =     730.000  TEMP(K) =   246.34  PRESS =     0.0
 Etot   =     -1594.6937  EKtot   =       801.8550  EPtot      =     -2396.5486
 BOND   =       237.6694  ANGLE   =       623.0210  DIHED      =       975.1806
 1-4 NB =       284.2279  1-4 EEL =      3833.3947  VDWAALS    =      -610.5421
 EELEC  =     -5388.8560  EGB     =     -2449.3262  RESTRAINT  =        63.0321
 EAMBER (non-restraint)  =     -2459.5808
 ESURF=        35.6499
 ------------------------------------------------------------------------------

 NMR restraints: Bond =    0.000   Angle =     0.000   Torsion =     0.000
===============================================================================

 NSTEP =   370000   TIME(PS) =     740.000  TEMP(K) =   250.79  PRESS =     0.0
 Etot   =     -1606.8041  EKtot   =       816.3409  EPtot      =     -2423.1450
 BOND   =       216.7704  ANGLE   =       623.2090  DIHED      =       993.7905
 1-4 NB =       282.0152  1-4 EEL =      3835.0558  VDWAALS    =      -618.3542
 EELEC  =     -5420.0019  EGB     =     -2426.0733  RESTRAINT  =        55.8208
 EAMBER (non-restraint)  =     -2478.9658
 ESURF=        34.6228
 ------------------------------------------------------------------------------

 NMR restraints: Bond =    0.000   Angle =     0.000   Torsion =     0.000
===============================================================================

 NSTEP =   375000   TIME(PS) =     750.000  TEMP(K) =   246.60  PRESS =     0.0
 Etot   =     -1594.5265  EKtot   =       802.6757  EPtot      =     -2397.2021
 BOND   =       216.5410  ANGLE   =       613.0636  DIHED      =       996.9082
 1-4 NB =       289.2902  1-4 EEL =      3885.7199  VDWAALS    =      -600.6469
 EELEC  =     -5469.2464  EGB     =     -2420.6250  RESTRAINT  =        57.1793
 EAMBER (non-restraint)  =     -2454.3815
 ESURF=        34.6139
 ------------------------------------------------------------------------------

 NMR restraints: Bond =    0.000   Angle =     0.000   Torsion =     0.000
===============================================================================

 NSTEP =   380000   TIME(PS) =     760.000  TEMP(K) =   244.71  PRESS =     0.0
 Etot   =     -1583.6725  EKtot   =       796.5345  EPtot      =     -2380.2070
 BOND   =       222.9879  ANGLE   =       633.8417  DIHED      =      1021.7004
 1-4 NB =       283.5385  1-4 EEL =      3843.0089  VDWAALS    =      -622.0847
 EELEC  =     -5492.5524  EGB     =     -2369.0437  RESTRAINT  =        64.5757
 EAMBER (non-restraint)  =     -2444.7826
 ESURF=        33.8207
 ------------------------------------------------------------------------------

 NMR restraints: Bond =    0.000   Angle =     0.000   Torsion =     0.000
===============================================================================

 NSTEP =   385000   TIME(PS) =     770.000  TEMP(K) =   259.44  PRESS =     0.0
 Etot   =     -1561.4449  EKtot   =       844.4699  EPtot      =     -2405.9149
 BOND   =       213.6647  ANGLE   =       647.9693  DIHED      =       987.4934
 1-4 NB =       291.2334  1-4 EEL =      3808.3053  VDWAALS    =      -606.2586
 EELEC  =     -5427.7865  EGB     =     -2416.7969  RESTRAINT  =        62.0692
 EAMBER (non-restraint)  =     -2467.9841
 ESURF=        34.1918
 ------------------------------------------------------------------------------

 NMR restraints: Bond =    0.000   Angle =     0.000   Torsion =     0.000
===============================================================================

 NSTEP =   390000   TIME(PS) =     780.000  TEMP(K) =   266.11  PRESS =     0.0
 Etot   =     -1498.8110  EKtot   =       866.1922  EPtot      =     -2365.0033
 BOND   =       225.6465  ANGLE   =       649.8691  DIHED      =       981.0509
 1-4 NB =       288.3132  1-4 EEL =      3869.3223  VDWAALS    =      -601.9882
 EELEC  =     -5491.4399  EGB     =     -2386.3171  RESTRAINT  =        65.8698
 EAMBER (non-restraint)  =     -2430.8731
 ESURF=        34.6702
 ------------------------------------------------------------------------------

 NMR restraints: Bond =    0.000   Angle =     0.000   Torsion =     0.000
===============================================================================

 NSTEP =   395000   TIME(PS) =     790.000  TEMP(K) =   247.94  PRESS =     0.0
 Etot   =     -1602.4450  EKtot   =       807.0580  EPtot      =     -2409.5030
 BOND   =       222.5793  ANGLE   =       653.0699  DIHED      =       994.6102
 1-4 NB =       274.9836  1-4 EEL =      3845.7106  VDWAALS    =      -608.9669
 EELEC  =     -5534.0505  EGB     =     -2353.9125  RESTRAINT  =        61.3084
 EAMBER (non-restraint)  =     -2470.8114
 ESURF=        35.1648
 ------------------------------------------------------------------------------

 NMR restraints: Bond =    0.000   Angle =     0.000   Torsion =     0.000
===============================================================================

 NSTEP =   400000   TIME(PS) =     800.000  TEMP(K) =   247.47  PRESS =     0.0
 Etot   =     -1554.4624  EKtot   =       805.5069  EPtot      =     -2359.9693
 BOND   =       232.3971  ANGLE   =       633.2624  DIHED      =      1019.3945
 1-4 NB =       287.6534  1-4 EEL =      3851.4935  VDWAALS    =      -605.4466
 EELEC  =     -5497.8544  EGB     =     -2378.8404  RESTRAINT  =        63.0755
 EAMBER (non-restraint)  =     -2423.0448
 ESURF=        34.8957
 ------------------------------------------------------------------------------

 NMR restraints: Bond =    0.000   Angle =     0.000   Torsion =     0.000
===============================================================================

 NSTEP =   405000   TIME(PS) =     810.000  TEMP(K) =   261.68  PRESS =     0.0
 Etot   =     -1529.4964  EKtot   =       851.7608  EPtot      =     -2381.2572
 BOND   =       231.5828  ANGLE   =       639.6621  DIHED      =       991.4905
 1-4 NB =       286.6302  1-4 EEL =      3856.4728  VDWAALS    =      -619.2413
 EELEC  =     -5493.8348  EGB     =     -2369.8868  RESTRAINT  =        61.1718
 EAMBER (non-restraint)  =     -2442.4290
 ESURF=        34.6955
 ------------------------------------------------------------------------------

 NMR restraints: Bond =    0.000   Angle =     0.000   Torsion =     0.000
===============================================================================

 NSTEP =   410000   TIME(PS) =     820.000  TEMP(K) =   269.10  PRESS =     0.0
 Etot   =     -1473.5246  EKtot   =       875.9389  EPtot      =     -2349.4635
 BOND   =       215.5653  ANGLE   =       660.0133  DIHED      =      1005.8343
 1-4 NB =       298.0424  1-4 EEL =      3869.0040  VDWAALS    =      -599.9723
 EELEC  =     -5469.6403  EGB     =     -2416.9425  RESTRAINT  =        53.5640
 EAMBER (non-restraint)  =     -2403.0275
 ESURF=        35.0683
 ------------------------------------------------------------------------------

 NMR restraints: Bond =    0.000   Angle =     0.000   Torsion =     0.000
===============================================================================

 NSTEP =   415000   TIME(PS) =     830.000  TEMP(K) =   266.38  PRESS =     0.0
 Etot   =     -1487.6978  EKtot   =       867.0850  EPtot      =     -2354.7828
 BOND   =       247.9706  ANGLE   =       644.6205  DIHED      =      1005.2831
 1-4 NB =       288.0595  1-4 EEL =      3856.9723  VDWAALS    =      -611.0664
 EELEC  =     -5475.6313  EGB     =     -2409.2183  RESTRAINT  =        62.8867
 EAMBER (non-restraint)  =     -2417.6694
 ESURF=        35.3405
 ------------------------------------------------------------------------------

 NMR restraints: Bond =    0.000   Angle =     0.000   Torsion =     0.000
===============================================================================

 NSTEP =   420000   TIME(PS) =     840.000  TEMP(K) =   258.28  PRESS =     0.0
 Etot   =     -1522.9586  EKtot   =       840.7054  EPtot      =     -2363.6640
 BOND   =       229.2883  ANGLE   =       645.1423  DIHED      =      1008.1198
 1-4 NB =       291.8305  1-4 EEL =      3861.9236  VDWAALS    =      -604.2670
 EELEC  =     -5517.2902  EGB     =     -2377.2307  RESTRAINT  =        63.2202
 EAMBER (non-restraint)  =     -2426.8842
 ESURF=        35.5993
 ------------------------------------------------------------------------------

 NMR restraints: Bond =    0.000   Angle =     0.000   Torsion =     0.000
===============================================================================

 NSTEP =   425000   TIME(PS) =     850.000  TEMP(K) =   264.84  PRESS =     0.0
 Etot   =     -1485.3132  EKtot   =       862.0433  EPtot      =     -2347.3565
 BOND   =       230.0333  ANGLE   =       653.9328  DIHED      =      1005.3216
 1-4 NB =       280.1402  1-4 EEL =      3880.4550  VDWAALS    =      -612.2361
 EELEC  =     -5453.1150  EGB     =     -2430.4204  RESTRAINT  =        63.0349
 EAMBER (non-restraint)  =     -2410.3914
 ESURF=        35.4971
 ------------------------------------------------------------------------------

 NMR restraints: Bond =    0.000   Angle =     0.000   Torsion =     0.000
===============================================================================

 NSTEP =   430000   TIME(PS) =     860.000  TEMP(K) =   280.21  PRESS =     0.0
 Etot   =     -1469.1580  EKtot   =       912.0952  EPtot      =     -2381.2532
 BOND   =       228.8399  ANGLE   =       617.9203  DIHED      =      1001.7354
 1-4 NB =       293.8512  1-4 EEL =      3839.7497  VDWAALS    =      -602.2716
 EELEC  =     -5485.6939  EGB     =     -2371.3318  RESTRAINT  =        61.1783
 EAMBER (non-restraint)  =     -2442.4315
 ESURF=        34.7694
 ------------------------------------------------------------------------------

 NMR restraints: Bond =    0.000   Angle =     0.000   Torsion =     0.000
===============================================================================

 NSTEP =   435000   TIME(PS) =     870.000  TEMP(K) =   272.94  PRESS =     0.0
 Etot   =     -1440.4770  EKtot   =       888.4271  EPtot      =     -2328.9040
 BOND   =       240.5478  ANGLE   =       636.3936  DIHED      =      1006.5707
 1-4 NB =       292.6763  1-4 EEL =      3856.7768  VDWAALS    =      -591.5610
 EELEC  =     -5484.9737  EGB     =     -2389.5563  RESTRAINT  =        68.1347
 EAMBER (non-restraint)  =     -2397.0387
 ESURF=        36.0870
 ------------------------------------------------------------------------------

 NMR restraints: Bond =    0.000   Angle =     0.000   Torsion =     0.000
===============================================================================

 NSTEP =   440000   TIME(PS) =     880.000  TEMP(K) =   284.99  PRESS =     0.0
 Etot   =     -1408.5041  EKtot   =       927.6491  EPtot      =     -2336.1531
 BOND   =       227.3376  ANGLE   =       642.9852  DIHED      =      1009.2806
 1-4 NB =       290.9164  1-4 EEL =      3839.1331  VDWAALS    =      -600.2190
 EELEC  =     -5481.5900  EGB     =     -2359.7540  RESTRAINT  =        61.2364
 EAMBER (non-restraint)  =     -2397.3895
 ESURF=        34.5206
 ------------------------------------------------------------------------------

 NMR restraints: Bond =    0.000   Angle =     0.000   Torsion =     0.000
===============================================================================

 NSTEP =   445000   TIME(PS) =     890.000  TEMP(K) =   281.99  PRESS =     0.0
 Etot   =     -1399.1769  EKtot   =       917.8719  EPtot      =     -2317.0489
 BOND   =       236.3915  ANGLE   =       673.7825  DIHED      =      1001.8172
 1-4 NB =       290.0132  1-4 EEL =      3841.1231  VDWAALS    =      -611.2857
 EELEC  =     -5489.2103  EGB     =     -2366.3243  RESTRAINT  =        72.1027
 EAMBER (non-restraint)  =     -2389.1515
 ESURF=        34.5413
 ------------------------------------------------------------------------------

 NMR restraints: Bond =    0.000   Angle =     0.000   Torsion =     0.000
===============================================================================

 NSTEP =   450000   TIME(PS) =     900.000  TEMP(K) =   269.05  PRESS =     0.0
 Etot   =     -1428.8331  EKtot   =       875.7746  EPtot      =     -2304.6077
 BOND   =       241.3154  ANGLE   =       704.3579  DIHED      =       990.7664
 1-4 NB =       279.1310  1-4 EEL =      3849.1366  VDWAALS    =      -597.7716
 EELEC  =     -5529.8248  EGB     =     -2342.5091  RESTRAINT  =        65.8853
 EAMBER (non-restraint)  =     -2370.4931
 ESURF=        34.9052
 ------------------------------------------------------------------------------

 NMR restraints: Bond =    0.000   Angle =     0.000   Torsion =     0.000
===============================================================================

 NSTEP =   455000   TIME(PS) =     910.000  TEMP(K) =   278.30  PRESS =     0.0
 Etot   =     -1392.3759  EKtot   =       905.8580  EPtot      =     -2298.2339
 BOND   =       235.8922  ANGLE   =       713.3913  DIHED      =      1003.3075
 1-4 NB =       294.0209  1-4 EEL =      3860.7293  VDWAALS    =      -632.7540
 EELEC  =     -5504.8935  EGB     =     -2364.8790  RESTRAINT  =        63.1159
 EAMBER (non-restraint)  =     -2361.3498
 ESURF=        33.8355
 ------------------------------------------------------------------------------

 NMR restraints: Bond =    0.000   Angle =     0.000   Torsion =     0.000
===============================================================================

 NSTEP =   460000   TIME(PS) =     920.000  TEMP(K) =   282.02  PRESS =     0.0
 Etot   =     -1390.5772  EKtot   =       917.9795  EPtot      =     -2308.5568
 BOND   =       241.2037  ANGLE   =       674.2448  DIHED      =       995.2965
 1-4 NB =       284.6671  1-4 EEL =      3869.6744  VDWAALS    =      -600.3726
 EELEC  =     -5530.0791  EGB     =     -2348.9695  RESTRAINT  =        71.0346
 EAMBER (non-restraint)  =     -2379.5914
 ESURF=        34.7434
 ------------------------------------------------------------------------------

 NMR restraints: Bond =    0.000   Angle =     0.000   Torsion =     0.000
===============================================================================

 NSTEP =   465000   TIME(PS) =     930.000  TEMP(K) =   298.42  PRESS =     0.0
 Etot   =     -1286.0711  EKtot   =       971.3728  EPtot      =     -2257.4438
 BOND   =       270.2073  ANGLE   =       687.3655  DIHED      =      1003.6955
 1-4 NB =       293.5555  1-4 EEL =      3857.4490  VDWAALS    =      -613.8198
 EELEC  =     -5502.9460  EGB     =     -2352.4029  RESTRAINT  =        65.5503
 EAMBER (non-restraint)  =     -2322.9941
 ESURF=        33.9019
 ------------------------------------------------------------------------------

 NMR restraints: Bond =    0.000   Angle =     0.000   Torsion =     0.000
===============================================================================

 NSTEP =   470000   TIME(PS) =     940.000  TEMP(K) =   287.68  PRESS =     0.0
 Etot   =     -1321.3793  EKtot   =       936.4126  EPtot      =     -2257.7919
 BOND   =       246.5823  ANGLE   =       708.3380  DIHED      =      1018.6626
 1-4 NB =       290.7825  1-4 EEL =      3861.3264  VDWAALS    =      -608.0103
 EELEC  =     -5489.2213  EGB     =     -2390.0856  RESTRAINT  =        68.8286
 EAMBER (non-restraint)  =     -2326.6204
 ESURF=        35.0049
 ------------------------------------------------------------------------------

 NMR restraints: Bond =    0.000   Angle =     0.000   Torsion =     0.000
===============================================================================

 NSTEP =   475000   TIME(PS) =     950.000  TEMP(K) =   294.40  PRESS =     0.0
 Etot   =     -1307.0010  EKtot   =       958.2684  EPtot      =     -2265.2693
 BOND   =       264.9132  ANGLE   =       703.4316  DIHED      =      1007.4556
 1-4 NB =       285.0829  1-4 EEL =      3814.9354  VDWAALS    =      -624.6830
 EELEC  =     -5451.0412  EGB     =     -2384.5745  RESTRAINT  =        84.4745
 EAMBER (non-restraint)  =     -2349.7438
 ESURF=        34.7361
 ------------------------------------------------------------------------------

 NMR restraints: Bond =    0.000   Angle =     0.000   Torsion =     0.000
===============================================================================

 NSTEP =   480000   TIME(PS) =     960.000  TEMP(K) =   282.84  PRESS =     0.0
 Etot   =     -1342.1845  EKtot   =       920.6431  EPtot      =     -2262.8276
 BOND   =       262.8856  ANGLE   =       688.0872  DIHED      =      1007.4661
 1-4 NB =       298.0171  1-4 EEL =      3843.9070  VDWAALS    =      -602.1555
 EELEC  =     -5466.3671  EGB     =     -2390.8856  RESTRAINT  =        60.4246
 EAMBER (non-restraint)  =     -2323.2522
 ESURF=        35.7928
 ------------------------------------------------------------------------------

 NMR restraints: Bond =    0.000   Angle =     0.000   Torsion =     0.000
===============================================================================

 NSTEP =   485000   TIME(PS) =     970.000  TEMP(K) =   306.73  PRESS =     0.0
 Etot   =     -1280.4051  EKtot   =       998.4029  EPtot      =     -2278.8080
 BOND   =       238.6504  ANGLE   =       710.6445  DIHED      =      1015.7766
 1-4 NB =       286.3403  1-4 EEL =      3827.4342  VDWAALS    =      -619.9528
 EELEC  =     -5424.9457  EGB     =     -2412.0304  RESTRAINT  =        63.0952
 EAMBER (non-restraint)  =     -2341.9032
 ESURF=        36.1797
 ------------------------------------------------------------------------------

 NMR restraints: Bond =    0.000   Angle =     0.000   Torsion =     0.000
===============================================================================

 NSTEP =   490000   TIME(PS) =     980.000  TEMP(K) =   289.91  PRESS =     0.0
 Etot   =     -1273.1994  EKtot   =       943.6781  EPtot      =     -2216.8776
 BOND   =       255.0940  ANGLE   =       727.7125  DIHED      =      1028.9072
 1-4 NB =       285.7894  1-4 EEL =      3855.2457  VDWAALS    =      -620.4614
 EELEC  =     -5482.8997  EGB     =     -2383.6248  RESTRAINT  =        82.3718
 EAMBER (non-restraint)  =     -2299.2493
 ESURF=        34.9879
 ------------------------------------------------------------------------------

 NMR restraints: Bond =    0.000   Angle =     0.000   Torsion =     0.000
===============================================================================

 NSTEP =   495000   TIME(PS) =     990.000  TEMP(K) =   296.98  PRESS =     0.0
 Etot   =     -1213.8517  EKtot   =       966.6833  EPtot      =     -2180.5350
 BOND   =       273.6250  ANGLE   =       731.3362  DIHED      =      1020.8316
 1-4 NB =       296.3198  1-4 EEL =      3866.0980  VDWAALS    =      -623.1155
 EELEC  =     -5460.7637  EGB     =     -2396.6423  RESTRAINT  =        77.0300
 EAMBER (non-restraint)  =     -2257.5650
 ESURF=        34.7457
 ------------------------------------------------------------------------------

 NMR restraints: Bond =    0.000   Angle =     0.000   Torsion =     0.000
===============================================================================

 NSTEP =   500000   TIME(PS) =    1000.000  TEMP(K) =   297.15  PRESS =     0.0
 Etot   =     -1215.7160  EKtot   =       967.2220  EPtot      =     -2182.9380
 BOND   =       278.3542  ANGLE   =       717.7357  DIHED      =      1011.8442
 1-4 NB =       296.9950  1-4 EEL =      3865.8717  VDWAALS    =      -602.5451
 EELEC  =     -5495.8579  EGB     =     -2367.5428  RESTRAINT  =        77.4808
 EAMBER (non-restraint)  =     -2260.4188
 ESURF=        34.7263
 ------------------------------------------------------------------------------

 NMR restraints: Bond =    0.000   Angle =     0.000   Torsion =     0.000
===============================================================================

      A V E R A G E S   O V E R     100 S T E P S


 NSTEP =   500000   TIME(PS) =    1000.000  TEMP(K) =   201.08  PRESS =     0.0
 Etot   =     -1907.1432  EKtot   =       654.5108  EPtot      =     -2561.6539
 BOND   =       185.9103  ANGLE   =       542.9252  DIHED      =       970.5972
 1-4 NB =       283.1538  1-4 EEL =      3843.0440  VDWAALS    =      -615.7603
 EELEC  =     -5406.2264  EGB     =     -2449.1640  RESTRAINT  =        48.4236
 EAMBER (non-restraint)  =     -2610.0775
 ESURF=        35.4427
 ------------------------------------------------------------------------------

 NMR restraints: Bond =    0.000   Angle =     0.000   Torsion =     0.000
===============================================================================

      R M S  F L U C T U A T I O N S


 NSTEP =   500000   TIME(PS) =    1000.000  TEMP(K) =    57.58  PRESS =     0.0
 Etot   =       378.3985  EKtot   =       187.4120  EPtot      =       191.8362
 BOND   =        43.0537  ANGLE   =        98.6053  DIHED      =        27.2062
 1-4 NB =         7.7574  1-4 EEL =        15.9845  VDWAALS    =        10.1011
 EELEC  =        53.1533  EGB     =        45.3114  RESTRAINT  =        14.3866
 EAMBER (non-restraint)  =       177.4496
 ESURF=         0.6227
 ------------------------------------------------------------------------------


 NMR restraints on final step:

--------------------------------------------------------------------------------
   5.  TIMINGS
--------------------------------------------------------------------------------

|  NonSetup CPU Time in Major Routines:
|
|     Routine           Sec        %
|     ------------------------------
|     Nonbond       34457.15   98.14
|     Bond              4.71    0.01
|     Angle            74.24    0.21
|     Dihedral        435.68    1.24
|     Shake            19.35    0.06
|     RunMD           118.10    0.34
|     Other             0.59    0.00
|     ------------------------------
|     Total         35109.81

|  Generalized Born CPU Time:
|
|     Routine                 Sec        %
|     ------------------------------------
|     Radii Calc           8108.18   23.09
|     Diagonal Calc       14998.09   42.72
|     Off Diagonal Calc   11321.24   32.25
|     GBSA LCPO Calc          0.37    0.00
|     ---------------------------------
|     Total               34427.51   98.06

|  Final Performance Info:
|     -----------------------------------------------------
|     Average timings for last       1 steps:
|     Elapsed(s) =       0.00 Per Step(ms) =       0.13
|         ns/day =    1298.70   seconds/ns =      66.53
|
|     Average timings for all steps:
|     Elapsed(s) =  125779.79 Per Step(ms) =     251.56
|         ns/day =       0.69   seconds/ns =  125779.79
|     -----------------------------------------------------

|  Setup CPU time:            0.02 seconds
|  NonSetup CPU time:     35109.81 seconds
|  Total CPU time:        35109.83 seconds     9.75 hours

|  Setup wall time:           0    seconds
|  NonSetup wall time:   125780    seconds
|  Total wall time:      125780    seconds    34.94 hours
