Note: The following floating-point exceptions are signalling: IEEE_INVALID_FLAG
Note: The following floating-point exceptions are signalling: IEEE_INVALID_FLAG

  Unit    8 Error on OPEN: 1EOG.hmass.parm7                                                                                                                                                                                                                                                
STOP PMEMD Terminated Abnormally!
Note: The following floating-point exceptions are signalling: IEEE_INVALID_FLAG
At line 894 of file /opt/amber22_src/src/pmemd/src/runfiles.F90 (unit = 6)
Fortran runtime error: Cannot open file 'prod.out': No such file or directory

Error termination. Backtrace:
#0  0x7f7dd0023960 in ???
#1  0x7f7dd00244d9 in ???
#2  0x7f7dd002510f in ???
#3  0x7f7dd0273ee6 in ???
#4  0x7f7dd02741dd in ???
#5  0x55ca774159d9 in ???
#6  0x55ca773e6ec3 in ???
#7  0x55ca7742a3c0 in ???
#8  0x55ca7730202e in ???
#9  0x7f7dcfc29d8f in __libc_start_call_main
	at ../sysdeps/nptl/libc_start_call_main.h:58
#10  0x7f7dcfc29e3f in __libc_start_main_impl
	at ../csu/libc-start.c:392
#11  0x55ca77302064 in ???
#12  0xffffffffffffffff in ???
