
          -------------------------------------------------------
          Amber 22 PMEMD                              2022
          -------------------------------------------------------

| PMEMD implementation of SANDER, Release 22

|  Compiled date/time: Thu Apr 14 23:36:37 2022
| Run on 01/01/2024 at 15:54:38

|   Executable path: pmemd
| Working directory: /home/arul/Reegina/MD_Sim/amber_parameters/1HRC_info
|          Hostname: Unknown
  [-O]verwriting output

File Assignments:
|   MDIN: /home/arul/Reegina/MD_Sim/trial_file/min.in                           
|  MDOUT: min_1HRC.out                                                          
| INPCRD: 1HRC.rst7                                                             
|   PARM: 1HRC.hmass.parm7                                                      
| RESTRT: min_1HRC.rst7                                                         
|   REFC: refc                                                                  
|  MDVEL: mdvel                                                                 
|   MDEN: mden                                                                  
|  MDCRD: min_1HRC.crd                                                          
| MDINFO: min_1HRC.info                                                         
|  MDFRC: mdfrc                                                                 


 Here is the input file:

&cntrl                                                                         
  imin = 1,                                                                    
  maxcyc=100,                                                                  
  ntx = 1,                                                                     
  ntwr = 100,                                                                  
  ntpr = 10,                                                                   
  ioutfm=0,                                                                    
  ntxo=1,                                                                      
  cut = 1000.0,                                                                
  ntb=0,                                                                       
  igb = 8,                                                                     
  gbsa=3,                                                                      
  surften=0.007,                                                               
  saltcon = 0.0,                                                               
/                                                                              


Note: ig = -1. Setting random seed to   568180 based on wallclock time in 
      microseconds.
| irandom = 1, using AMBER's internal random number generator (default).
 
| Conditional Compilation Defines Used:
| PUBFFT
| BINTRAJ
| EMIL

| New format PARM file being parsed.
| Version =    1.000 Date = 01/01/24 Time = 14:18:00

| Note: 1-4 EEL scale factors are being read from the topology file.

| Note: 1-4 VDW scale factors are being read from the topology file.
| INFO:    Reading atomic numbers from topology file.
| Duplicated    0 dihedrals

| Duplicated    0 dihedrals

--------------------------------------------------------------------------------
   1.  RESOURCE   USE: 
--------------------------------------------------------------------------------

 NATOM  =    1672 NTYPES =      14 NBONH =     849 MBONA  =     839
 NTHETH =    1955 MTHETA =    1120 NPHIH =    3865 MPHIA  =    3460
 NHPARM =       0 NPARM  =       0 NNB   =    9276 NRES   =     104
 NBONA  =     839 NTHETA =    1120 NPHIA =    3460 NUMBND =      64
 NUMANG =     148 NPTRA  =     179 NATYP =      33 NPHB   =       0
 IFBOX  =       0 NMXRS  =      24 IFCAP =       0 NEXTRA =       0
 NCOPY  =       0

 Implicit solvent radii are ArgH and AspGluO modified Bondi2 radii (mbondi3)                                
 Replacing prmtop screening parameters with GBn2 (igb=8) values
--------------------------------------------------------------------------------
   2.  CONTROL  DATA  FOR  THE  RUN
--------------------------------------------------------------------------------

default_name                                                                    

General flags:
     imin    =       1, nmropt  =       0

Nature and format of input:
     ntx     =       1, irest   =       0, ntrx    =       1

Nature and format of output:
     ntxo    =       1, ntpr    =      10, ntrx    =       1, ntwr    =     100
     iwrap   =       0, ntwx    =       0, ntwv    =       0, ntwe    =       0
     ioutfm  =       0, ntwprt  =       0, idecomp =       0, rbornstat=      0

Potential function:
     ntf     =       1, ntb     =       0, igb     =       8, nsnb    =      25
     ipol    =       0, gbsa    =       3, iesp    =       0
     dielc   =   1.00000, cut     =1000.00000, intdiel =   1.00000
     saltcon =   0.00000, offset  =   0.19514, surften =   0.00700
     rdt     =   0.00000, rgbmax  =  25.00000  extdiel =  78.50000
     alpb  =        0
     gbalphaH  =   0.78844, gbbetaH   =   0.79870,  gbgammaH  =    0.43733
     gbalphaC  =   0.73376, gbbetaC   =   0.50638,  gbgammaC  =    0.20584
     gbalphaN  =   0.50336, gbbetaN   =   0.31683,  gbgammaN  =    0.19292
     gbalphaOS =   0.86781, gbbetaOS  =   0.87664,  gbgammaOS =    0.38788
     gbalphaP  =   1.00000, gbbetaP   =   0.80000,  gbgammaP  =    4.85000
     gb_alpha_hnu  =   0.53705, gb_beta_hnu   =   0.36286,  gb_gamma_hnu  =    0.11670
     gb_alpha_cnu  =   0.33167, gb_beta_cnu   =   0.19684,  gb_gamma_cnu  =    0.09342
     gb_alpha_nnu  =   0.68631, gb_beta_nnu   =   0.46319,  gb_gamma_nnu  =    0.13872
     gb_alpha_onu  =   0.60634, gb_beta_onu   =   0.46301,  gb_gamma_onu  =    0.14226
     gb_alpha_pnu  =   0.41836, gb_beta_pnu   =   0.29005,  gb_gamma_pnu  =    0.10642

Frozen or restrained atoms:
     ibelly  =       0, ntr     =       0

Energy minimization:
     maxcyc  =     100, ncyc    =      10, ntmin   =       1
     dx0     =   0.01000, drms    =   0.00010

| Intermolecular bonds treatment:
|     no_intermolecular_bonds =       1

| Energy averages sample interval:
|     ene_avg_sampling =       1

--------------------------------------------------------------------------------
   3.  ATOMIC COORDINATES AND VELOCITIES
--------------------------------------------------------------------------------

default_name                                                                    
 begin time read from input coords =     0.000 ps

 
 Number of triangulated 3-point waters found:        0
| Dynamic Memory, Types Used:
| Reals               45899
| Integers           195094

--------------------------------------------------------------------------------
   4.  RESULTS
--------------------------------------------------------------------------------



   NSTEP       ENERGY          RMS            GMAX         NAME    NUMBER
      1      -1.8898E+03     1.8116E+01     3.4120E+02     HE1       506

 BOND    =      169.8985  ANGLE   =      580.2615  DIHED      =     1225.7331
 VDWAALS =     -480.0648  EEL     =    -7372.7814  EGB        =    -2549.2309
 1-4 VDW =      473.9356  1-4 EEL =     6030.8067  RESTRAINT  =        0.0000
 ESURF   =       31.6333


   NSTEP       ENERGY          RMS            GMAX         NAME    NUMBER
     10      -2.1329E+03     1.0329E+01     1.1151E+02     HG3      1666

 BOND    =       88.4441  ANGLE   =      512.6465  DIHED      =     1222.8746
 VDWAALS =     -563.8239  EEL     =    -7368.9836  EGB        =    -2547.7575
 1-4 VDW =      469.7517  1-4 EEL =     6022.2888  RESTRAINT  =        0.0000
 ESURF   =       31.6349


   NSTEP       ENERGY          RMS            GMAX         NAME    NUMBER
     20      -2.6523E+03     5.0360E+00     3.2180E+01     OE1       941

 BOND    =       57.0886  ANGLE   =      335.8430  DIHED      =     1224.7289
 VDWAALS =     -753.8288  EEL     =    -7345.0379  EGB        =    -2559.1587
 1-4 VDW =      411.0664  1-4 EEL =     5945.0095  RESTRAINT  =        0.0000
 ESURF   =       32.0172


   NSTEP       ENERGY          RMS            GMAX         NAME    NUMBER
     30      -2.7697E+03     2.7360E+00     2.5321E+01     HG3      1666

 BOND    =       48.6890  ANGLE   =      285.2932  DIHED      =     1219.7762
 VDWAALS =     -766.9191  EEL     =    -7338.8045  EGB        =    -2561.2158
 1-4 VDW =      387.1740  1-4 EEL =     5923.9535  RESTRAINT  =        0.0000
 ESURF   =       32.3125


   NSTEP       ENERGY          RMS            GMAX         NAME    NUMBER
     40      -2.8835E+03     4.0408E+00     5.1653E+01     CD        326

 BOND    =       65.0570  ANGLE   =      271.8785  DIHED      =     1217.6984
 VDWAALS =     -824.8960  EEL     =    -7324.4474  EGB        =    -2572.2276
 1-4 VDW =      363.8812  1-4 EEL =     5886.5527  RESTRAINT  =        0.0000
 ESURF   =       33.0061


   NSTEP       ENERGY          RMS            GMAX         NAME    NUMBER
     50      -2.9778E+03     1.9693E+00     1.8318E+01     CD         48

 BOND    =       60.6489  ANGLE   =      258.4520  DIHED      =     1215.4582
 VDWAALS =     -845.9338  EEL     =    -7301.8428  EGB        =    -2578.8366
 1-4 VDW =      337.1394  1-4 EEL =     5843.3288  RESTRAINT  =        0.0000
 ESURF   =       33.8327


   NSTEP       ENERGY          RMS            GMAX         NAME    NUMBER
     60      -2.9953E+03     1.4518E+00     1.4580E+01     CG        276

 BOND    =       55.4381  ANGLE   =      251.6911  DIHED      =     1211.6221
 VDWAALS =     -849.0101  EEL     =    -7306.1563  EGB        =    -2579.6941
 1-4 VDW =      338.1001  1-4 EEL =     5848.8295  RESTRAINT  =        0.0000
 ESURF   =       33.8995


   NSTEP       ENERGY          RMS            GMAX         NAME    NUMBER
     70      -3.0344E+03     1.5368E+00     1.4113E+01     CD2       905

 BOND    =       47.6185  ANGLE   =      244.7964  DIHED      =     1196.0838
 VDWAALS =     -856.1384  EEL     =    -7326.1778  EGB        =    -2579.2187
 1-4 VDW =      341.1510  1-4 EEL =     5863.2103  RESTRAINT  =        0.0000
 ESURF   =       34.2398


   NSTEP       ENERGY          RMS            GMAX         NAME    NUMBER
     80      -3.0549E+03     1.0219E+00     1.0668E+01     HG3      1666

 BOND    =       47.3257  ANGLE   =      240.8043  DIHED      =     1192.6707
 VDWAALS =     -857.3205  EEL     =    -7331.5072  EGB        =    -2580.6562
 1-4 VDW =      339.2592  1-4 EEL =     5860.0787  RESTRAINT  =        0.0000
 ESURF   =       34.4729


   NSTEP       ENERGY          RMS            GMAX         NAME    NUMBER
     90      -3.0797E+03     1.4533E+00     1.3377E+01     CE2      1040

 BOND    =       53.3451  ANGLE   =      235.9517  DIHED      =     1192.5833
 VDWAALS =     -863.4453  EEL     =    -7327.6340  EGB        =    -2581.3494
 1-4 VDW =      331.3554  1-4 EEL =     5844.8249  RESTRAINT  =        0.0000
 ESURF   =       34.6770


   NSTEP       ENERGY          RMS            GMAX         NAME    NUMBER
    100      -3.0968E+03     9.8333E-01     8.6262E+00     CE1       278

 BOND    =       56.2888  ANGLE   =      236.4386  DIHED      =     1190.7172
 VDWAALS =     -865.8115  EEL     =    -7324.7539  EGB        =    -2584.0625
 1-4 VDW =      326.5239  1-4 EEL =     5832.9689  RESTRAINT  =        0.0000
 ESURF   =       34.8964


  Maximum number of minimization cycles reached.


                    FINAL RESULTS



   NSTEP       ENERGY          RMS            GMAX         NAME    NUMBER
    100      -3.0968E+03     9.8333E-01     8.6262E+00     CE1       278

 BOND    =       56.2888  ANGLE   =      236.4386  DIHED      =     1190.7172
 VDWAALS =     -865.8115  EEL     =    -7324.7539  EGB        =    -2584.0625
 1-4 VDW =      326.5239  1-4 EEL =     5832.9689  RESTRAINT  =        0.0000
 ESURF   =       34.8964
--------------------------------------------------------------------------------
   5.  TIMINGS
--------------------------------------------------------------------------------

|  NonSetup CPU Time in Major Routines:
|
|     Routine           Sec        %
|     ------------------------------
|     Nonbond          10.72   98.79
|     Bond              0.00    0.02
|     Angle             0.02    0.17
|     Dihedral          0.10    0.96
|     Shake             0.00    0.00
|     Other             0.01    0.07
|     ------------------------------
|     Total            10.85

|  Generalized Born CPU Time:
|
|     Routine                 Sec        %
|     ------------------------------------
|     Radii Calc              2.55   23.50
|     Diagonal Calc           4.66   42.94
|     Off Diagonal Calc       3.50   32.29
|     GBSA LCPO Calc          0.00    0.00
|     ---------------------------------
|     Total                  10.71   98.72

|  Setup CPU time:            0.02 seconds
|  NonSetup CPU time:        10.85 seconds
|  Total CPU time:           10.87 seconds     0.00 hours

|  Setup wall time:           0    seconds
|  NonSetup wall time:       27    seconds
|  Total wall time:          27    seconds     0.01 hours
