
          -------------------------------------------------------
          Amber 22 PMEMD                              2022
          -------------------------------------------------------

| PMEMD implementation of SANDER, Release 22

|  Compiled date/time: Thu Apr 14 23:36:37 2022
| Run on 12/21/2023 at 13:12:22

|   Executable path: pmemd
| Working directory: /home/arul/Reegina/MD_Sim/sample/1IFC_info
|          Hostname: Unknown
  [-O]verwriting output

File Assignments:
|   MDIN: heat.in                                                               
|  MDOUT: heat.out                                                              
| INPCRD: min_1IFC.rst7                                                         
|   PARM: 1IFC.hmass.parm7                                                      
| RESTRT: heat.rst7                                                             
|   REFC: min_1IFC.rst7                                                         
|  MDVEL: mdvel                                                                 
|   MDEN: mden                                                                  
|  MDCRD: heat.crd                                                              
| MDINFO: heat.info                                                             
|  MDFRC: mdfrc                                                                 


 Here is the input file:

&cntrl                                                                         
   ntx = 1,                                                                    
   ntwx = 5000,                                                                
   ntwe = 0,                                                                   
   ntwr = 500,                                                                 
   ntpr = 5000,                                                                
   ioutfm=0,                                                                   
   ntxo=1,                                                                     
   imin = 0,                                                                   
   nstlim = 500000,                                                            
   dt = 0.002,                                                                 
   ntt = 3,                                                                    
   gamma_ln=1.,                                                                
   temp0 = 100.0,                                                              
   nscm = 1000,                                                                
   ig = -1,                                                                    
   ntc= 2,                                                                     
   ntf = 2,                                                                    
   cut = 1000,                                                                 
   igb=8,                                                                      
   gbsa=3,                                                                     
   surften=0.007,                                                              
   ntb = 0,                                                                    
   saltcon=0.,                                                                 
   ntr=1,                                                                      
   restraintmask="@CA,N,C,O",                                                  
   restraint_wt=10.0,                                                          
   nmropt=1,                                                                   
 &end                                                                          
 &wt                                                                           
   TYPE="TEMP0", istep1=0, istep2=500000,                                      
   value1=100., value2=300.,                                                   
 &end                                                                          
 &wt                                                                           
   TYPE="END",                                                                 
 &end                                                                          


Note: ig = -1. Setting random seed to   770149 based on wallclock time in 
      microseconds.
| irandom = 1, using AMBER's internal random number generator (default).
 
| Conditional Compilation Defines Used:
| PUBFFT
| BINTRAJ
| EMIL

| New format PARM file being parsed.
| Version =    1.000 Date = 12/04/23 Time = 16:32:15

| Note: 1-4 EEL scale factors are being read from the topology file.

| Note: 1-4 VDW scale factors are being read from the topology file.
| INFO:    Reading atomic numbers from topology file.
| Duplicated    0 dihedrals

| Duplicated    0 dihedrals

--------------------------------------------------------------------------------
   1.  RESOURCE   USE: 
--------------------------------------------------------------------------------

 NATOM  =    2113 NTYPES =      14 NBONH =    1056 MBONA  =    1073
 NTHETH =    2406 MTHETA =    1438 NPHIH =    4850 MPHIA  =    4509
 NHPARM =       0 NPARM  =       0 NNB   =   11631 NRES   =     131
 NBONA  =    1073 NTHETA =    1438 NPHIA =    4509 NUMBND =      61
 NUMANG =     141 NPTRA  =     178 NATYP =      31 NPHB   =       0
 IFBOX  =       0 NMXRS  =      24 IFCAP =       0 NEXTRA =       0
 NCOPY  =       0

 Implicit solvent radii are ArgH and AspGluO modified Bondi2 radii (mbondi3)                                
 Replacing prmtop screening parameters with GBn2 (igb=8) values
--------------------------------------------------------------------------------
   2.  CONTROL  DATA  FOR  THE  RUN
--------------------------------------------------------------------------------

default_name                                                                    

General flags:
     imin    =       0, nmropt  =       1

Nature and format of input:
     ntx     =       1, irest   =       0, ntrx    =       1

Nature and format of output:
     ntxo    =       1, ntpr    =    5000, ntrx    =       1, ntwr    =     500
     iwrap   =       0, ntwx    =    5000, ntwv    =       0, ntwe    =       0
     ioutfm  =       0, ntwprt  =       0, idecomp =       0, rbornstat=      0

Potential function:
     ntf     =       2, ntb     =       0, igb     =       8, nsnb    =      25
     ipol    =       0, gbsa    =       3, iesp    =       0
     dielc   =   1.00000, cut     =1000.00000, intdiel =   1.00000
     saltcon =   0.00000, offset  =   0.19514, surften =   0.00700
     rdt     =   0.00000, rgbmax  =  25.00000  extdiel =  78.50000
     alpb  =        0
     gbalphaH  =   0.78844, gbbetaH   =   0.79870,  gbgammaH  =    0.43733
     gbalphaC  =   0.73376, gbbetaC   =   0.50638,  gbgammaC  =    0.20584
     gbalphaN  =   0.50336, gbbetaN   =   0.31683,  gbgammaN  =    0.19292
     gbalphaOS =   0.86781, gbbetaOS  =   0.87664,  gbgammaOS =    0.38788
     gbalphaP  =   1.00000, gbbetaP   =   0.80000,  gbgammaP  =    4.85000
     gb_alpha_hnu  =   0.53705, gb_beta_hnu   =   0.36286,  gb_gamma_hnu  =    0.11670
     gb_alpha_cnu  =   0.33167, gb_beta_cnu   =   0.19684,  gb_gamma_cnu  =    0.09342
     gb_alpha_nnu  =   0.68631, gb_beta_nnu   =   0.46319,  gb_gamma_nnu  =    0.13872
     gb_alpha_onu  =   0.60634, gb_beta_onu   =   0.46301,  gb_gamma_onu  =    0.14226
     gb_alpha_pnu  =   0.41836, gb_beta_pnu   =   0.29005,  gb_gamma_pnu  =    0.10642

Frozen or restrained atoms:
     ibelly  =       0, ntr     =       1
     restraint_wt =  10.00000

Molecular dynamics:
     nstlim  =    500000, nscm    =         0, nrespa  =         1
     t       =   0.00000, dt      =   0.00200, vlimit  =  20.00000

Langevin dynamics temperature regulation:
     ig      =  770149
     temp0   = 100.00000, tempi   =   0.00000, gamma_ln=   1.00000

SHAKE:
     ntc     =       2, jfastw  =       0
     tol     =   0.00001

NMR refinement options:
     iscale  =       0, noeskp  =       1, ipnlty  =       1, mxsub   =       1
     scalm   = 100.00000, pencut  =   0.10000, tausw   =   0.10000

| Intermolecular bonds treatment:
|     no_intermolecular_bonds =       1

| Energy averages sample interval:
|     ene_avg_sampling =    5000

    LOADING THE CONSTRAINED ATOMS AS GROUPS


   5.  REFERENCE ATOM COORDINATES

  default_name                                                                    
     Mask @CA,N,C,O; matches   524 atoms

--------------------------------------------------------------------------------
   3.  ATOMIC COORDINATES AND VELOCITIES
--------------------------------------------------------------------------------

default_name                                                                    
 begin time read from input coords =     0.000 ps



           Begin reading energy term weight changes/NMR restraints
 WEIGHT CHANGES:
 TEMP0         0 500000  100.000000  300.000000      0      0

 RESTRAINTS:
                          ** No restraint defined **

                  Done reading weight changes/NMR restraints


 
 Number of triangulated 3-point waters found:        0
| Dynamic Memory, Types Used:
| Reals               73194
| Integers           250948

--------------------------------------------------------------------------------
   4.  RESULTS
--------------------------------------------------------------------------------


 NSTEP =        0   TIME(PS) =       0.000  TEMP(K) =     0.00  PRESS =     0.0
 Etot   =     -5223.4109  EKtot   =         0.0000  EPtot      =     -5223.4109
 BOND   =        62.8868  ANGLE   =       216.4955  DIHED      =      1446.5239
 1-4 NB =       408.5860  1-4 EEL =      5799.7577  VDWAALS    =     -1084.6108
 EELEC  =    -10152.1429  EGB     =     -1961.2317  RESTRAINT  =         0.0000
 ESURF=        40.3247
 ------------------------------------------------------------------------------

 NMR restraints: Bond =    0.000   Angle =     0.000   Torsion =     0.000
===============================================================================

 NSTEP =     5000   TIME(PS) =      10.000  TEMP(K) =   106.03  PRESS =     0.0
 Etot   =     -4262.1569  EKtot   =       556.5522  EPtot      =     -4818.7091
 BOND   =       173.6678  ANGLE   =       463.4389  DIHED      =      1462.0476
 1-4 NB =       433.9515  1-4 EEL =      5782.1296  VDWAALS    =     -1056.3732
 EELEC  =    -10238.4016  EGB     =     -1925.8903  RESTRAINT  =        44.5019
 EAMBER (non-restraint)  =     -4863.2111
 ESURF=        42.2186
 ------------------------------------------------------------------------------

 NMR restraints: Bond =    0.000   Angle =     0.000   Torsion =     0.000
===============================================================================

 NSTEP =    10000   TIME(PS) =      20.000  TEMP(K) =   101.15  PRESS =     0.0
 Etot   =     -4261.4056  EKtot   =       530.9773  EPtot      =     -4792.3829
 BOND   =       166.8528  ANGLE   =       487.6913  DIHED      =      1471.1588
 1-4 NB =       424.7631  1-4 EEL =      5788.1192  VDWAALS    =     -1058.5383
 EELEC  =    -10226.0944  EGB     =     -1936.3227  RESTRAINT  =        47.4793
 EAMBER (non-restraint)  =     -4839.8622
 ESURF=        42.5080
 ------------------------------------------------------------------------------

 NMR restraints: Bond =    0.000   Angle =     0.000   Torsion =     0.000
===============================================================================

 NSTEP =    15000   TIME(PS) =      30.000  TEMP(K) =   104.85  PRESS =     0.0
 Etot   =     -4246.2640  EKtot   =       550.3889  EPtot      =     -4796.6528
 BOND   =       186.7110  ANGLE   =       465.9993  DIHED      =      1465.9605
 1-4 NB =       428.8302  1-4 EEL =      5800.1740  VDWAALS    =     -1057.4127
 EELEC  =    -10226.1055  EGB     =     -1946.1369  RESTRAINT  =        43.0536
 EAMBER (non-restraint)  =     -4839.7064
 ESURF=        42.2738
 ------------------------------------------------------------------------------

 NMR restraints: Bond =    0.000   Angle =     0.000   Torsion =     0.000
===============================================================================

 NSTEP =    20000   TIME(PS) =      40.000  TEMP(K) =   109.50  PRESS =     0.0
 Etot   =     -4210.2364  EKtot   =       574.7627  EPtot      =     -4784.9990
 BOND   =       181.9376  ANGLE   =       486.9123  DIHED      =      1475.8965
 1-4 NB =       430.7112  1-4 EEL =      5778.3214  VDWAALS    =     -1071.8659
 EELEC  =    -10231.5373  EGB     =     -1925.4970  RESTRAINT  =        47.8801
 EAMBER (non-restraint)  =     -4832.8791
 ESURF=        42.2420
 ------------------------------------------------------------------------------

 NMR restraints: Bond =    0.000   Angle =     0.000   Torsion =     0.000
===============================================================================

 NSTEP =    25000   TIME(PS) =      50.000  TEMP(K) =   110.96  PRESS =     0.0
 Etot   =     -4216.5939  EKtot   =       582.4354  EPtot      =     -4799.0293
 BOND   =       191.4316  ANGLE   =       471.7427  DIHED      =      1472.8131
 1-4 NB =       415.5959  1-4 EEL =      5797.8040  VDWAALS    =     -1059.2331
 EELEC  =    -10225.6912  EGB     =     -1955.9850  RESTRAINT  =        50.0191
 EAMBER (non-restraint)  =     -4849.0484
 ESURF=        42.4736
 ------------------------------------------------------------------------------

 NMR restraints: Bond =    0.000   Angle =     0.000   Torsion =     0.000
===============================================================================

 NSTEP =    30000   TIME(PS) =      60.000  TEMP(K) =   108.33  PRESS =     0.0
 Etot   =     -4196.5399  EKtot   =       568.6256  EPtot      =     -4765.1654
 BOND   =       185.5753  ANGLE   =       500.2815  DIHED      =      1475.1732
 1-4 NB =       426.8024  1-4 EEL =      5807.3897  VDWAALS    =     -1057.4516
 EELEC  =    -10235.8894  EGB     =     -1959.7908  RESTRAINT  =        49.9296
 EAMBER (non-restraint)  =     -4815.0951
 ESURF=        42.8145
 ------------------------------------------------------------------------------

 NMR restraints: Bond =    0.000   Angle =     0.000   Torsion =     0.000
===============================================================================

 NSTEP =    35000   TIME(PS) =      70.000  TEMP(K) =   118.00  PRESS =     0.0
 Etot   =     -4131.8722  EKtot   =       619.4073  EPtot      =     -4751.2794
 BOND   =       198.9697  ANGLE   =       506.9125  DIHED      =      1479.0245
 1-4 NB =       426.1465  1-4 EEL =      5793.3562  VDWAALS    =     -1077.3589
 EELEC  =    -10200.1001  EGB     =     -1969.6471  RESTRAINT  =        49.0825
 EAMBER (non-restraint)  =     -4800.3619
 ESURF=        42.3347
 ------------------------------------------------------------------------------

 NMR restraints: Bond =    0.000   Angle =     0.000   Torsion =     0.000
===============================================================================

 NSTEP =    40000   TIME(PS) =      80.000  TEMP(K) =   114.71  PRESS =     0.0
 Etot   =     -4132.3449  EKtot   =       602.1477  EPtot      =     -4734.4926
 BOND   =       199.1829  ANGLE   =       505.3429  DIHED      =      1473.0948
 1-4 NB =       433.4255  1-4 EEL =      5796.9651  VDWAALS    =     -1052.4995
 EELEC  =    -10248.0311  EGB     =     -1937.1948  RESTRAINT  =        54.2063
 EAMBER (non-restraint)  =     -4788.6989
 ESURF=        41.0154
 ------------------------------------------------------------------------------

 NMR restraints: Bond =    0.000   Angle =     0.000   Torsion =     0.000
===============================================================================

 NSTEP =    45000   TIME(PS) =      90.000  TEMP(K) =   122.75  PRESS =     0.0
 Etot   =     -4078.3821  EKtot   =       644.3460  EPtot      =     -4722.7281
 BOND   =       187.6955  ANGLE   =       531.0808  DIHED      =      1481.0478
 1-4 NB =       425.9737  1-4 EEL =      5796.4644  VDWAALS    =     -1064.9369
 EELEC  =    -10227.0713  EGB     =     -1948.9154  RESTRAINT  =        54.1462
 EAMBER (non-restraint)  =     -4776.8743
 ESURF=        41.7871
 ------------------------------------------------------------------------------

 NMR restraints: Bond =    0.000   Angle =     0.000   Torsion =     0.000
===============================================================================

 NSTEP =    50000   TIME(PS) =     100.000  TEMP(K) =   118.16  PRESS =     0.0
 Etot   =     -4113.5494  EKtot   =       620.2554  EPtot      =     -4733.8048
 BOND   =       191.8341  ANGLE   =       525.8860  DIHED      =      1478.0718
 1-4 NB =       433.2787  1-4 EEL =      5765.0685  VDWAALS    =     -1063.0563
 EELEC  =    -10207.0834  EGB     =     -1947.4132  RESTRAINT  =        47.9186
 EAMBER (non-restraint)  =     -4781.7234
 ESURF=        41.6902
 ------------------------------------------------------------------------------

 NMR restraints: Bond =    0.000   Angle =     0.000   Torsion =     0.000
===============================================================================

 NSTEP =    55000   TIME(PS) =     110.000  TEMP(K) =   125.10  PRESS =     0.0
 Etot   =     -4056.0471  EKtot   =       656.6458  EPtot      =     -4712.6929
 BOND   =       202.2691  ANGLE   =       516.9628  DIHED      =      1483.7256
 1-4 NB =       427.3563  1-4 EEL =      5792.3478  VDWAALS    =     -1067.4642
 EELEC  =    -10220.4156  EGB     =     -1937.7250  RESTRAINT  =        48.1221
 EAMBER (non-restraint)  =     -4760.8151
 ESURF=        42.1281
 ------------------------------------------------------------------------------

 NMR restraints: Bond =    0.000   Angle =     0.000   Torsion =     0.000
===============================================================================

 NSTEP =    60000   TIME(PS) =     120.000  TEMP(K) =   124.72  PRESS =     0.0
 Etot   =     -4040.1682  EKtot   =       654.6558  EPtot      =     -4694.8241
 BOND   =       210.7852  ANGLE   =       525.6435  DIHED      =      1492.8505
 1-4 NB =       423.0508  1-4 EEL =      5792.6808  VDWAALS    =     -1069.1204
 EELEC  =    -10192.3258  EGB     =     -1977.9845  RESTRAINT  =        56.9734
 EAMBER (non-restraint)  =     -4751.7975
 ESURF=        42.6224
 ------------------------------------------------------------------------------

 NMR restraints: Bond =    0.000   Angle =     0.000   Torsion =     0.000
===============================================================================

 NSTEP =    65000   TIME(PS) =     130.000  TEMP(K) =   127.00  PRESS =     0.0
 Etot   =     -4038.9808  EKtot   =       666.6205  EPtot      =     -4705.6013
 BOND   =       203.6404  ANGLE   =       522.3919  DIHED      =      1472.1431
 1-4 NB =       433.8724  1-4 EEL =      5802.7255  VDWAALS    =     -1052.5750
 EELEC  =    -10245.5240  EGB     =     -1931.9381  RESTRAINT  =        47.7104
 EAMBER (non-restraint)  =     -4753.3117
 ESURF=        41.9522
 ------------------------------------------------------------------------------

 NMR restraints: Bond =    0.000   Angle =     0.000   Torsion =     0.000
===============================================================================

 NSTEP =    70000   TIME(PS) =     140.000  TEMP(K) =   124.68  PRESS =     0.0
 Etot   =     -4018.9195  EKtot   =       654.4658  EPtot      =     -4673.3853
 BOND   =       198.3172  ANGLE   =       551.3954  DIHED      =      1492.2139
 1-4 NB =       437.8265  1-4 EEL =      5793.8076  VDWAALS    =     -1066.6227
 EELEC  =    -10202.9888  EGB     =     -1970.3960  RESTRAINT  =        51.6439
 EAMBER (non-restraint)  =     -4725.0291
 ESURF=        41.4179
 ------------------------------------------------------------------------------

 NMR restraints: Bond =    0.000   Angle =     0.000   Torsion =     0.000
===============================================================================

 NSTEP =    75000   TIME(PS) =     150.000  TEMP(K) =   133.13  PRESS =     0.0
 Etot   =     -3981.3119  EKtot   =       698.8042  EPtot      =     -4680.1161
 BOND   =       212.1469  ANGLE   =       536.2553  DIHED      =      1484.1557
 1-4 NB =       437.0003  1-4 EEL =      5787.9919  VDWAALS    =     -1053.4041
 EELEC  =    -10244.2844  EGB     =     -1930.6766  RESTRAINT  =        49.4621
 EAMBER (non-restraint)  =     -4729.5782
 ESURF=        41.2369
 ------------------------------------------------------------------------------

 NMR restraints: Bond =    0.000   Angle =     0.000   Torsion =     0.000
===============================================================================

 NSTEP =    80000   TIME(PS) =     160.000  TEMP(K) =   134.57  PRESS =     0.0
 Etot   =     -3946.7448  EKtot   =       706.3643  EPtot      =     -4653.1090
 BOND   =       198.8481  ANGLE   =       565.3361  DIHED      =      1486.7250
 1-4 NB =       433.4316  1-4 EEL =      5799.2875  VDWAALS    =     -1064.6543
 EELEC  =    -10199.5465  EGB     =     -1967.9340  RESTRAINT  =        53.3029
 EAMBER (non-restraint)  =     -4706.4119
 ESURF=        42.0946
 ------------------------------------------------------------------------------

 NMR restraints: Bond =    0.000   Angle =     0.000   Torsion =     0.000
===============================================================================

 NSTEP =    85000   TIME(PS) =     170.000  TEMP(K) =   132.82  PRESS =     0.0
 Etot   =     -3946.9948  EKtot   =       697.1893  EPtot      =     -4644.1842
 BOND   =       195.1245  ANGLE   =       571.5156  DIHED      =      1490.5388
 1-4 NB =       424.2597  1-4 EEL =      5783.3418  VDWAALS    =     -1069.7821
 EELEC  =    -10161.7095  EGB     =     -1975.7294  RESTRAINT  =        55.9302
 EAMBER (non-restraint)  =     -4700.1144
 ESURF=        42.3262
 ------------------------------------------------------------------------------

 NMR restraints: Bond =    0.000   Angle =     0.000   Torsion =     0.000
===============================================================================

 NSTEP =    90000   TIME(PS) =     180.000  TEMP(K) =   135.83  PRESS =     0.0
 Etot   =     -3921.5333  EKtot   =       713.0005  EPtot      =     -4634.5338
 BOND   =       213.5031  ANGLE   =       575.2607  DIHED      =      1498.5550
 1-4 NB =       431.5882  1-4 EEL =      5791.6969  VDWAALS    =     -1068.7943
 EELEC  =    -10215.7228  EGB     =     -1961.0856  RESTRAINT  =        58.0921
 EAMBER (non-restraint)  =     -4692.6259
 ESURF=        42.3729
 ------------------------------------------------------------------------------

 NMR restraints: Bond =    0.000   Angle =     0.000   Torsion =     0.000
===============================================================================

 NSTEP =    95000   TIME(PS) =     190.000  TEMP(K) =   136.37  PRESS =     0.0
 Etot   =     -3925.6193  EKtot   =       715.8094  EPtot      =     -4641.4286
 BOND   =       208.3456  ANGLE   =       566.8611  DIHED      =      1490.1450
 1-4 NB =       432.1589  1-4 EEL =      5793.0597  VDWAALS    =     -1067.3112
 EELEC  =    -10236.2975  EGB     =     -1928.3549  RESTRAINT  =        58.0864
 EAMBER (non-restraint)  =     -4699.5150
 ESURF=        41.8782
 ------------------------------------------------------------------------------

 NMR restraints: Bond =    0.000   Angle =     0.000   Torsion =     0.000
===============================================================================

 NSTEP =   100000   TIME(PS) =     200.000  TEMP(K) =   147.27  PRESS =     0.0
 Etot   =     -3862.1599  EKtot   =       773.0542  EPtot      =     -4635.2140
 BOND   =       201.6808  ANGLE   =       562.1650  DIHED      =      1495.5714
 1-4 NB =       434.8443  1-4 EEL =      5824.6211  VDWAALS    =     -1066.0497
 EELEC  =    -10241.1136  EGB     =     -1942.5463  RESTRAINT  =        52.8053
 EAMBER (non-restraint)  =     -4688.0194
 ESURF=        42.8076
 ------------------------------------------------------------------------------

 NMR restraints: Bond =    0.000   Angle =     0.000   Torsion =     0.000
===============================================================================

 NSTEP =   105000   TIME(PS) =     210.000  TEMP(K) =   139.96  PRESS =     0.0
 Etot   =     -3843.6937  EKtot   =       734.6562  EPtot      =     -4578.3498
 BOND   =       237.0018  ANGLE   =       583.2874  DIHED      =      1497.3888
 1-4 NB =       435.6423  1-4 EEL =      5779.0453  VDWAALS    =     -1062.9128
 EELEC  =    -10196.0958  EGB     =     -1960.1645  RESTRAINT  =        65.3829
 EAMBER (non-restraint)  =     -4643.7328
 ESURF=        43.0748
 ------------------------------------------------------------------------------

 NMR restraints: Bond =    0.000   Angle =     0.000   Torsion =     0.000
===============================================================================

 NSTEP =   110000   TIME(PS) =     220.000  TEMP(K) =   145.75  PRESS =     0.0
 Etot   =     -3838.4568  EKtot   =       765.0780  EPtot      =     -4603.5348
 BOND   =       222.1548  ANGLE   =       581.3865  DIHED      =      1492.5693
 1-4 NB =       438.9769  1-4 EEL =      5793.3331  VDWAALS    =     -1068.1680
 EELEC  =    -10221.7911  EGB     =     -1946.1762  RESTRAINT  =        62.1032
 EAMBER (non-restraint)  =     -4665.6380
 ESURF=        42.0767
 ------------------------------------------------------------------------------

 NMR restraints: Bond =    0.000   Angle =     0.000   Torsion =     0.000
===============================================================================

 NSTEP =   115000   TIME(PS) =     230.000  TEMP(K) =   145.96  PRESS =     0.0
 Etot   =     -3826.4885  EKtot   =       766.1770  EPtot      =     -4592.6655
 BOND   =       211.3046  ANGLE   =       596.2369  DIHED      =      1491.9480
 1-4 NB =       439.4626  1-4 EEL =      5782.3851  VDWAALS    =     -1048.3739
 EELEC  =    -10239.4496  EGB     =     -1927.0436  RESTRAINT  =        58.3915
 EAMBER (non-restraint)  =     -4651.0570
 ESURF=        42.4729
 ------------------------------------------------------------------------------

 NMR restraints: Bond =    0.000   Angle =     0.000   Torsion =     0.000
===============================================================================

 NSTEP =   120000   TIME(PS) =     240.000  TEMP(K) =   145.47  PRESS =     0.0
 Etot   =     -3841.3950  EKtot   =       763.6095  EPtot      =     -4605.0046
 BOND   =       228.8600  ANGLE   =       573.8683  DIHED      =      1485.6986
 1-4 NB =       433.5770  1-4 EEL =      5772.2727  VDWAALS    =     -1058.1008
 EELEC  =    -10227.5106  EGB     =     -1917.3695  RESTRAINT  =        61.6111
 EAMBER (non-restraint)  =     -4666.6156
 ESURF=        42.0888
 ------------------------------------------------------------------------------

 NMR restraints: Bond =    0.000   Angle =     0.000   Torsion =     0.000
===============================================================================

 NSTEP =   125000   TIME(PS) =     250.000  TEMP(K) =   159.70  PRESS =     0.0
 Etot   =     -3722.5643  EKtot   =       838.2826  EPtot      =     -4560.8469
 BOND   =       238.2683  ANGLE   =       594.1238  DIHED      =      1498.2831
 1-4 NB =       424.8688  1-4 EEL =      5815.7505  VDWAALS    =     -1057.3849
 EELEC  =    -10272.0207  EGB     =     -1910.8529  RESTRAINT  =        65.8725
 EAMBER (non-restraint)  =     -4626.7194
 ESURF=        42.2445
 ------------------------------------------------------------------------------

 NMR restraints: Bond =    0.000   Angle =     0.000   Torsion =     0.000
===============================================================================

 NSTEP =   130000   TIME(PS) =     260.000  TEMP(K) =   154.95  PRESS =     0.0
 Etot   =     -3764.1086  EKtot   =       813.3751  EPtot      =     -4577.4837
 BOND   =       224.3817  ANGLE   =       588.0991  DIHED      =      1498.4437
 1-4 NB =       439.9956  1-4 EEL =      5772.1858  VDWAALS    =     -1058.0001
 EELEC  =    -10186.5535  EGB     =     -1961.1071  RESTRAINT  =        63.6742
 EAMBER (non-restraint)  =     -4641.1579
 ESURF=        41.3968
 ------------------------------------------------------------------------------

 NMR restraints: Bond =    0.000   Angle =     0.000   Torsion =     0.000
===============================================================================

 NSTEP =   135000   TIME(PS) =     270.000  TEMP(K) =   158.08  PRESS =     0.0
 Etot   =     -3718.4884  EKtot   =       829.7961  EPtot      =     -4548.2845
 BOND   =       230.2404  ANGLE   =       615.3580  DIHED      =      1499.5801
 1-4 NB =       445.4214  1-4 EEL =      5764.6726  VDWAALS    =     -1049.7942
 EELEC  =    -10191.0125  EGB     =     -1969.3583  RESTRAINT  =        64.3328
 EAMBER (non-restraint)  =     -4612.6173
 ESURF=        42.2752
 ------------------------------------------------------------------------------

 NMR restraints: Bond =    0.000   Angle =     0.000   Torsion =     0.000
===============================================================================

 NSTEP =   140000   TIME(PS) =     280.000  TEMP(K) =   156.90  PRESS =     0.0
 Etot   =     -3671.0780  EKtot   =       823.6007  EPtot      =     -4494.6787
 BOND   =       250.8017  ANGLE   =       617.1279  DIHED      =      1497.2255
 1-4 NB =       449.9700  1-4 EEL =      5792.3504  VDWAALS    =     -1056.1630
 EELEC  =    -10145.6561  EGB     =     -2006.6217  RESTRAINT  =        62.5123
 EAMBER (non-restraint)  =     -4557.1910
 ESURF=        43.7741
 ------------------------------------------------------------------------------

 NMR restraints: Bond =    0.000   Angle =     0.000   Torsion =     0.000
===============================================================================

 NSTEP =   145000   TIME(PS) =     290.000  TEMP(K) =   154.01  PRESS =     0.0
 Etot   =     -3739.8820  EKtot   =       808.4384  EPtot      =     -4548.3204
 BOND   =       224.7332  ANGLE   =       601.4590  DIHED      =      1512.3080
 1-4 NB =       439.7767  1-4 EEL =      5776.1562  VDWAALS    =     -1063.8267
 EELEC  =    -10165.4513  EGB     =     -1980.7207  RESTRAINT  =        64.0649
 EAMBER (non-restraint)  =     -4612.3853
 ESURF=        43.1803
 ------------------------------------------------------------------------------

 NMR restraints: Bond =    0.000   Angle =     0.000   Torsion =     0.000
===============================================================================

 NSTEP =   150000   TIME(PS) =     300.000  TEMP(K) =   156.90  PRESS =     0.0
 Etot   =     -3707.0578  EKtot   =       823.6177  EPtot      =     -4530.6755
 BOND   =       237.5806  ANGLE   =       628.8081  DIHED      =      1501.5069
 1-4 NB =       439.0880  1-4 EEL =      5787.9514  VDWAALS    =     -1060.6310
 EELEC  =    -10176.7645  EGB     =     -1991.7785  RESTRAINT  =        60.2285
 EAMBER (non-restraint)  =     -4590.9040
 ESURF=        43.3350
 ------------------------------------------------------------------------------

 NMR restraints: Bond =    0.000   Angle =     0.000   Torsion =     0.000
===============================================================================

 NSTEP =   155000   TIME(PS) =     310.000  TEMP(K) =   160.45  PRESS =     0.0
 Etot   =     -3639.8508  EKtot   =       842.2370  EPtot      =     -4482.0878
 BOND   =       252.3780  ANGLE   =       639.2523  DIHED      =      1508.6743
 1-4 NB =       438.9722  1-4 EEL =      5792.5354  VDWAALS    =     -1052.2789
 EELEC  =    -10172.1898  EGB     =     -1991.7772  RESTRAINT  =        59.0551
 EAMBER (non-restraint)  =     -4541.1430
 ESURF=        43.2908
 ------------------------------------------------------------------------------

 NMR restraints: Bond =    0.000   Angle =     0.000   Torsion =     0.000
===============================================================================

 NSTEP =   160000   TIME(PS) =     320.000  TEMP(K) =   167.67  PRESS =     0.0
 Etot   =     -3607.6630  EKtot   =       880.1156  EPtot      =     -4487.7786
 BOND   =       246.5208  ANGLE   =       642.4390  DIHED      =      1494.3490
 1-4 NB =       446.5389  1-4 EEL =      5797.0008  VDWAALS    =     -1049.0424
 EELEC  =    -10224.0968  EGB     =     -1947.2303  RESTRAINT  =        63.3222
 EAMBER (non-restraint)  =     -4551.1008
 ESURF=        42.4202
 ------------------------------------------------------------------------------

 NMR restraints: Bond =    0.000   Angle =     0.000   Torsion =     0.000
===============================================================================

 NSTEP =   165000   TIME(PS) =     330.000  TEMP(K) =   155.48  PRESS =     0.0
 Etot   =     -3667.6680  EKtot   =       816.1274  EPtot      =     -4483.7954
 BOND   =       246.2703  ANGLE   =       642.9696  DIHED      =      1512.2218
 1-4 NB =       433.2397  1-4 EEL =      5804.6330  VDWAALS    =     -1066.2544
 EELEC  =    -10189.6177  EGB     =     -1973.5900  RESTRAINT  =        63.4794
 EAMBER (non-restraint)  =     -4547.2748
 ESURF=        42.8528
 ------------------------------------------------------------------------------

 NMR restraints: Bond =    0.000   Angle =     0.000   Torsion =     0.000
===============================================================================

 NSTEP =   170000   TIME(PS) =     340.000  TEMP(K) =   168.89  PRESS =     0.0
 Etot   =     -3587.2776  EKtot   =       886.5120  EPtot      =     -4473.7896
 BOND   =       224.1599  ANGLE   =       651.3308  DIHED      =      1528.7133
 1-4 NB =       441.8877  1-4 EEL =      5781.1750  VDWAALS    =     -1061.6681
 EELEC  =    -10158.3278  EGB     =     -1988.6434  RESTRAINT  =        64.1038
 EAMBER (non-restraint)  =     -4537.8934
 ESURF=        43.4793
 ------------------------------------------------------------------------------

 NMR restraints: Bond =    0.000   Angle =     0.000   Torsion =     0.000
===============================================================================

 NSTEP =   175000   TIME(PS) =     350.000  TEMP(K) =   169.77  PRESS =     0.0
 Etot   =     -3581.0242  EKtot   =       891.1496  EPtot      =     -4472.1739
 BOND   =       243.3547  ANGLE   =       636.4976  DIHED      =      1521.2001
 1-4 NB =       435.6380  1-4 EEL =      5760.9484  VDWAALS    =     -1065.6728
 EELEC  =    -10186.8454  EGB     =     -1930.3482  RESTRAINT  =        71.1650
 EAMBER (non-restraint)  =     -4543.3389
 ESURF=        41.8887
 ------------------------------------------------------------------------------

 NMR restraints: Bond =    0.000   Angle =     0.000   Torsion =     0.000
===============================================================================

 NSTEP =   180000   TIME(PS) =     360.000  TEMP(K) =   172.26  PRESS =     0.0
 Etot   =     -3539.7380  EKtot   =       904.2176  EPtot      =     -4443.9556
 BOND   =       243.1588  ANGLE   =       669.6578  DIHED      =      1508.8973
 1-4 NB =       442.3468  1-4 EEL =      5789.5021  VDWAALS    =     -1061.0830
 EELEC  =    -10180.4778  EGB     =     -1961.6721  RESTRAINT  =        62.5752
 EAMBER (non-restraint)  =     -4506.5308
 ESURF=        43.1392
 ------------------------------------------------------------------------------

 NMR restraints: Bond =    0.000   Angle =     0.000   Torsion =     0.000
===============================================================================

 NSTEP =   185000   TIME(PS) =     370.000  TEMP(K) =   176.54  PRESS =     0.0
 Etot   =     -3519.7339  EKtot   =       926.6668  EPtot      =     -4446.4006
 BOND   =       232.2103  ANGLE   =       660.8749  DIHED      =      1515.8986
 1-4 NB =       442.2655  1-4 EEL =      5802.6815  VDWAALS    =     -1055.1616
 EELEC  =    -10178.5769  EGB     =     -1975.7489  RESTRAINT  =        67.5349
 EAMBER (non-restraint)  =     -4513.9355
 ESURF=        41.6212
 ------------------------------------------------------------------------------

 NMR restraints: Bond =    0.000   Angle =     0.000   Torsion =     0.000
===============================================================================

 NSTEP =   190000   TIME(PS) =     380.000  TEMP(K) =   177.21  PRESS =     0.0
 Etot   =     -3524.8359  EKtot   =       930.1967  EPtot      =     -4455.0326
 BOND   =       253.5125  ANGLE   =       652.8588  DIHED      =      1514.4013
 1-4 NB =       438.9889  1-4 EEL =      5801.9656  VDWAALS    =     -1043.0457
 EELEC  =    -10254.1531  EGB     =     -1930.4986  RESTRAINT  =        68.4145
 EAMBER (non-restraint)  =     -4523.4471
 ESURF=        42.5232
 ------------------------------------------------------------------------------

 NMR restraints: Bond =    0.000   Angle =     0.000   Torsion =     0.000
===============================================================================

 NSTEP =   195000   TIME(PS) =     390.000  TEMP(K) =   176.44  PRESS =     0.0
 Etot   =     -3452.2851  EKtot   =       926.1713  EPtot      =     -4378.4564
 BOND   =       260.3518  ANGLE   =       673.9990  DIHED      =      1528.1692
 1-4 NB =       450.0577  1-4 EEL =      5789.1599  VDWAALS    =     -1067.1898
 EELEC  =    -10146.9530  EGB     =     -1982.3946  RESTRAINT  =        73.7157
 EAMBER (non-restraint)  =     -4452.1721
 ESURF=        42.6276
 ------------------------------------------------------------------------------

 NMR restraints: Bond =    0.000   Angle =     0.000   Torsion =     0.000
===============================================================================

 NSTEP =   200000   TIME(PS) =     400.000  TEMP(K) =   176.90  PRESS =     0.0
 Etot   =     -3492.6262  EKtot   =       928.5734  EPtot      =     -4421.1997
 BOND   =       256.9489  ANGLE   =       668.1596  DIHED      =      1505.6304
 1-4 NB =       439.0115  1-4 EEL =      5788.0412  VDWAALS    =     -1064.6780
 EELEC  =    -10164.3925  EGB     =     -1965.2417  RESTRAINT  =        72.3004
 EAMBER (non-restraint)  =     -4493.5001
 ESURF=        43.0206
 ------------------------------------------------------------------------------

 NMR restraints: Bond =    0.000   Angle =     0.000   Torsion =     0.000
===============================================================================

 NSTEP =   205000   TIME(PS) =     410.000  TEMP(K) =   175.84  PRESS =     0.0
 Etot   =     -3455.8681  EKtot   =       923.0326  EPtot      =     -4378.9006
 BOND   =       272.4538  ANGLE   =       677.0946  DIHED      =      1510.2262
 1-4 NB =       439.4049  1-4 EEL =      5795.0263  VDWAALS    =     -1050.5153
 EELEC  =    -10178.5535  EGB     =     -1964.3220  RESTRAINT  =        77.7206
 EAMBER (non-restraint)  =     -4456.6213
 ESURF=        42.5637
 ------------------------------------------------------------------------------

 NMR restraints: Bond =    0.000   Angle =     0.000   Torsion =     0.000
===============================================================================

 NSTEP =   210000   TIME(PS) =     420.000  TEMP(K) =   181.63  PRESS =     0.0
 Etot   =     -3408.3399  EKtot   =       953.4155  EPtot      =     -4361.7554
 BOND   =       280.3251  ANGLE   =       704.3559  DIHED      =      1505.4926
 1-4 NB =       442.5954  1-4 EEL =      5745.9606  VDWAALS    =     -1070.2685
 EELEC  =    -10128.8085  EGB     =     -1963.5547  RESTRAINT  =        79.9181
 EAMBER (non-restraint)  =     -4441.6735
 ESURF=        42.2286
 ------------------------------------------------------------------------------

 NMR restraints: Bond =    0.000   Angle =     0.000   Torsion =     0.000
===============================================================================

 NSTEP =   215000   TIME(PS) =     430.000  TEMP(K) =   186.55  PRESS =     0.0
 Etot   =     -3415.1897  EKtot   =       979.2279  EPtot      =     -4394.4176
 BOND   =       257.7437  ANGLE   =       690.9370  DIHED      =      1521.1730
 1-4 NB =       440.2557  1-4 EEL =      5775.4121  VDWAALS    =     -1050.4628
 EELEC  =    -10194.6809  EGB     =     -1946.1252  RESTRAINT  =        69.5803
 EAMBER (non-restraint)  =     -4463.9978
 ESURF=        41.7495
 ------------------------------------------------------------------------------

 NMR restraints: Bond =    0.000   Angle =     0.000   Torsion =     0.000
===============================================================================

 NSTEP =   220000   TIME(PS) =     440.000  TEMP(K) =   189.10  PRESS =     0.0
 Etot   =     -3334.9881  EKtot   =       992.6227  EPtot      =     -4327.6107
 BOND   =       299.6174  ANGLE   =       695.3056  DIHED      =      1528.0151
 1-4 NB =       442.4322  1-4 EEL =      5779.7432  VDWAALS    =     -1042.6510
 EELEC  =    -10175.1142  EGB     =     -1972.9310  RESTRAINT  =        75.4532
 EAMBER (non-restraint)  =     -4403.0640
 ESURF=        42.5187
 ------------------------------------------------------------------------------

 NMR restraints: Bond =    0.000   Angle =     0.000   Torsion =     0.000
===============================================================================

 NSTEP =   225000   TIME(PS) =     450.000  TEMP(K) =   187.27  PRESS =     0.0
 Etot   =     -3356.2890  EKtot   =       983.0100  EPtot      =     -4339.2990
 BOND   =       274.1144  ANGLE   =       710.2374  DIHED      =      1522.8511
 1-4 NB =       453.1770  1-4 EEL =      5784.5449  VDWAALS    =     -1055.7733
 EELEC  =    -10170.9038  EGB     =     -1972.6033  RESTRAINT  =        72.1880
 EAMBER (non-restraint)  =     -4411.4870
 ESURF=        42.8686
 ------------------------------------------------------------------------------

 NMR restraints: Bond =    0.000   Angle =     0.000   Torsion =     0.000
===============================================================================

 NSTEP =   230000   TIME(PS) =     460.000  TEMP(K) =   191.16  PRESS =     0.0
 Etot   =     -3341.0680  EKtot   =      1003.4329  EPtot      =     -4344.5009
 BOND   =       269.0955  ANGLE   =       707.2571  DIHED      =      1511.2411
 1-4 NB =       446.5194  1-4 EEL =      5781.7744  VDWAALS    =     -1041.4344
 EELEC  =    -10173.9360  EGB     =     -1964.5260  RESTRAINT  =        76.6326
 EAMBER (non-restraint)  =     -4421.1335
 ESURF=        42.8754
 ------------------------------------------------------------------------------

 NMR restraints: Bond =    0.000   Angle =     0.000   Torsion =     0.000
===============================================================================

 NSTEP =   235000   TIME(PS) =     470.000  TEMP(K) =   195.33  PRESS =     0.0
 Etot   =     -3267.6111  EKtot   =      1025.2965  EPtot      =     -4292.9076
 BOND   =       279.7375  ANGLE   =       763.8220  DIHED      =      1536.9247
 1-4 NB =       440.3292  1-4 EEL =      5772.7454  VDWAALS    =     -1056.8554
 EELEC  =    -10231.9983  EGB     =     -1911.4766  RESTRAINT  =        71.8039
 EAMBER (non-restraint)  =     -4364.7115
 ESURF=        42.0601
 ------------------------------------------------------------------------------

 NMR restraints: Bond =    0.000   Angle =     0.000   Torsion =     0.000
===============================================================================

 NSTEP =   240000   TIME(PS) =     480.000  TEMP(K) =   196.35  PRESS =     0.0
 Etot   =     -3276.4092  EKtot   =      1030.6577  EPtot      =     -4307.0669
 BOND   =       276.2798  ANGLE   =       734.2879  DIHED      =      1548.3869
 1-4 NB =       448.9429  1-4 EEL =      5757.7815  VDWAALS    =     -1040.7242
 EELEC  =    -10212.3245  EGB     =     -1933.8670  RESTRAINT  =        72.2927
 EAMBER (non-restraint)  =     -4379.3596
 ESURF=        41.8771
 ------------------------------------------------------------------------------

 NMR restraints: Bond =    0.000   Angle =     0.000   Torsion =     0.000
===============================================================================

 NSTEP =   245000   TIME(PS) =     490.000  TEMP(K) =   193.76  PRESS =     0.0
 Etot   =     -3232.3319  EKtot   =      1017.0741  EPtot      =     -4249.4059
 BOND   =       282.9822  ANGLE   =       766.1476  DIHED      =      1540.5583
 1-4 NB =       454.0202  1-4 EEL =      5782.5747  VDWAALS    =     -1035.7213
 EELEC  =    -10220.1967  EGB     =     -1935.7957  RESTRAINT  =        73.7789
 EAMBER (non-restraint)  =     -4323.1848
 ESURF=        42.2459
 ------------------------------------------------------------------------------

 NMR restraints: Bond =    0.000   Angle =     0.000   Torsion =     0.000
===============================================================================

 NSTEP =   250000   TIME(PS) =     500.000  TEMP(K) =   203.63  PRESS =     0.0
 Etot   =     -3256.7932  EKtot   =      1068.8808  EPtot      =     -4325.6740
 BOND   =       273.3223  ANGLE   =       711.8169  DIHED      =      1529.2270
 1-4 NB =       438.9006  1-4 EEL =      5788.9106  VDWAALS    =     -1053.4973
 EELEC  =    -10169.0631  EGB     =     -1963.4054  RESTRAINT  =        74.2077
 EAMBER (non-restraint)  =     -4399.8817
 ESURF=        43.9068
 ------------------------------------------------------------------------------

 NMR restraints: Bond =    0.000   Angle =     0.000   Torsion =     0.000
===============================================================================

 NSTEP =   255000   TIME(PS) =     510.000  TEMP(K) =   201.53  PRESS =     0.0
 Etot   =     -3249.0416  EKtot   =      1057.8708  EPtot      =     -4306.9124
 BOND   =       296.5913  ANGLE   =       725.7963  DIHED      =      1514.4965
 1-4 NB =       443.3831  1-4 EEL =      5769.9847  VDWAALS    =     -1056.0715
 EELEC  =    -10126.9799  EGB     =     -2001.8382  RESTRAINT  =        82.9841
 EAMBER (non-restraint)  =     -4389.8965
 ESURF=        44.7412
 ------------------------------------------------------------------------------

 NMR restraints: Bond =    0.000   Angle =     0.000   Torsion =     0.000
===============================================================================

 NSTEP =   260000   TIME(PS) =     520.000  TEMP(K) =   199.01  PRESS =     0.0
 Etot   =     -3225.1782  EKtot   =      1044.6191  EPtot      =     -4269.7973
 BOND   =       290.7545  ANGLE   =       734.8604  DIHED      =      1525.4356
 1-4 NB =       450.7787  1-4 EEL =      5783.9646  VDWAALS    =     -1033.5911
 EELEC  =    -10136.3716  EGB     =     -2003.1449  RESTRAINT  =        73.7260
 EAMBER (non-restraint)  =     -4343.5233
 ESURF=        43.7906
 ------------------------------------------------------------------------------

 NMR restraints: Bond =    0.000   Angle =     0.000   Torsion =     0.000
===============================================================================

 NSTEP =   265000   TIME(PS) =     530.000  TEMP(K) =   209.77  PRESS =     0.0
 Etot   =     -3190.4845  EKtot   =      1101.1248  EPtot      =     -4291.6093
 BOND   =       299.4313  ANGLE   =       737.5038  DIHED      =      1526.6485
 1-4 NB =       435.8571  1-4 EEL =      5773.2803  VDWAALS    =     -1046.1707
 EELEC  =    -10164.3388  EGB     =     -1977.0139  RESTRAINT  =        79.4814
 EAMBER (non-restraint)  =     -4371.0907
 ESURF=        43.7117
 ------------------------------------------------------------------------------

 NMR restraints: Bond =    0.000   Angle =     0.000   Torsion =     0.000
===============================================================================

 NSTEP =   270000   TIME(PS) =     540.000  TEMP(K) =   201.80  PRESS =     0.0
 Etot   =     -3180.6228  EKtot   =      1059.2738  EPtot      =     -4239.8966
 BOND   =       286.7802  ANGLE   =       772.6940  DIHED      =      1551.9131
 1-4 NB =       438.5731  1-4 EEL =      5776.0804  VDWAALS    =     -1039.2466
 EELEC  =    -10138.3211  EGB     =     -2015.7345  RESTRAINT  =        82.7992
 EAMBER (non-restraint)  =     -4322.6958
 ESURF=        44.5655
 ------------------------------------------------------------------------------

 NMR restraints: Bond =    0.000   Angle =     0.000   Torsion =     0.000
===============================================================================

 NSTEP =   275000   TIME(PS) =     550.000  TEMP(K) =   207.49  PRESS =     0.0
 Etot   =     -3128.2640  EKtot   =      1089.1394  EPtot      =     -4217.4034
 BOND   =       321.0968  ANGLE   =       782.5299  DIHED      =      1537.9483
 1-4 NB =       445.9009  1-4 EEL =      5766.7521  VDWAALS    =     -1052.4915
 EELEC  =    -10171.6726  EGB     =     -1966.2744  RESTRAINT  =        75.7921
 EAMBER (non-restraint)  =     -4293.1956
 ESURF=        43.0149
 ------------------------------------------------------------------------------

 NMR restraints: Bond =    0.000   Angle =     0.000   Torsion =     0.000
===============================================================================

 NSTEP =   280000   TIME(PS) =     560.000  TEMP(K) =   214.32  PRESS =     0.0
 Etot   =     -3085.1309  EKtot   =      1125.0212  EPtot      =     -4210.1520
 BOND   =       311.4167  ANGLE   =       788.4197  DIHED      =      1530.1047
 1-4 NB =       440.9055  1-4 EEL =      5801.5433  VDWAALS    =     -1043.6910
 EELEC  =    -10173.1767  EGB     =     -1984.5529  RESTRAINT  =        76.0821
 EAMBER (non-restraint)  =     -4286.2341
 ESURF=        42.7966
 ------------------------------------------------------------------------------

 NMR restraints: Bond =    0.000   Angle =     0.000   Torsion =     0.000
===============================================================================

 NSTEP =   285000   TIME(PS) =     570.000  TEMP(K) =   215.52  PRESS =     0.0
 Etot   =     -3062.7660  EKtot   =      1131.2947  EPtot      =     -4194.0607
 BOND   =       322.2995  ANGLE   =       783.1429  DIHED      =      1542.2727
 1-4 NB =       441.4140  1-4 EEL =      5794.9947  VDWAALS    =     -1046.0247
 EELEC  =    -10222.7826  EGB     =     -1937.1365  RESTRAINT  =        84.3135
 EAMBER (non-restraint)  =     -4278.3742
 ESURF=        43.4459
 ------------------------------------------------------------------------------

 NMR restraints: Bond =    0.000   Angle =     0.000   Torsion =     0.000
===============================================================================

 NSTEP =   290000   TIME(PS) =     580.000  TEMP(K) =   220.00  PRESS =     0.0
 Etot   =     -3068.6813  EKtot   =      1154.8066  EPtot      =     -4223.4879
 BOND   =       316.7903  ANGLE   =       750.3619  DIHED      =      1545.0198
 1-4 NB =       450.1670  1-4 EEL =      5802.5947  VDWAALS    =     -1036.8115
 EELEC  =    -10227.3980  EGB     =     -1948.9829  RESTRAINT  =        82.2131
 EAMBER (non-restraint)  =     -4305.7010
 ESURF=        42.5579
 ------------------------------------------------------------------------------

 NMR restraints: Bond =    0.000   Angle =     0.000   Torsion =     0.000
===============================================================================

 NSTEP =   295000   TIME(PS) =     590.000  TEMP(K) =   218.40  PRESS =     0.0
 Etot   =     -3024.6573  EKtot   =      1146.4417  EPtot      =     -4171.0991
 BOND   =       323.5492  ANGLE   =       774.7312  DIHED      =      1553.9309
 1-4 NB =       442.0325  1-4 EEL =      5766.3567  VDWAALS    =     -1047.7089
 EELEC  =    -10154.8892  EGB     =     -1960.5528  RESTRAINT  =        87.0699
 EAMBER (non-restraint)  =     -4258.1690
 ESURF=        44.3815
 ------------------------------------------------------------------------------

 NMR restraints: Bond =    0.000   Angle =     0.000   Torsion =     0.000
===============================================================================

 NSTEP =   300000   TIME(PS) =     600.000  TEMP(K) =   217.92  PRESS =     0.0
 Etot   =     -3041.4603  EKtot   =      1143.9003  EPtot      =     -4185.3606
 BOND   =       301.7959  ANGLE   =       780.5026  DIHED      =      1558.5024
 1-4 NB =       443.7783  1-4 EEL =      5771.8572  VDWAALS    =     -1031.3926
 EELEC  =    -10222.9031  EGB     =     -1915.0421  RESTRAINT  =        84.4348
 EAMBER (non-restraint)  =     -4269.7954
 ESURF=        43.1061
 ------------------------------------------------------------------------------

 NMR restraints: Bond =    0.000   Angle =     0.000   Torsion =     0.000
===============================================================================

 NSTEP =   305000   TIME(PS) =     610.000  TEMP(K) =   222.82  PRESS =     0.0
 Etot   =     -3025.9341  EKtot   =      1169.6102  EPtot      =     -4195.5443
 BOND   =       293.3509  ANGLE   =       772.2283  DIHED      =      1549.5526
 1-4 NB =       453.1777  1-4 EEL =      5792.2536  VDWAALS    =     -1045.0230
 EELEC  =    -10201.2112  EGB     =     -1938.7498  RESTRAINT  =        84.7682
 EAMBER (non-restraint)  =     -4280.3125
 ESURF=        44.1084
 ------------------------------------------------------------------------------

 NMR restraints: Bond =    0.000   Angle =     0.000   Torsion =     0.000
===============================================================================

 NSTEP =   310000   TIME(PS) =     620.000  TEMP(K) =   222.02  PRESS =     0.0
 Etot   =     -2984.4413  EKtot   =      1165.4104  EPtot      =     -4149.8517
 BOND   =       325.2262  ANGLE   =       836.2305  DIHED      =      1535.2567
 1-4 NB =       447.7720  1-4 EEL =      5775.2830  VDWAALS    =     -1049.1176
 EELEC  =    -10195.0164  EGB     =     -1956.6660  RESTRAINT  =        88.7596
 EAMBER (non-restraint)  =     -4238.6113
 ESURF=        42.4203
 ------------------------------------------------------------------------------

 NMR restraints: Bond =    0.000   Angle =     0.000   Torsion =     0.000
===============================================================================

 NSTEP =   315000   TIME(PS) =     630.000  TEMP(K) =   225.02  PRESS =     0.0
 Etot   =     -3004.1441  EKtot   =      1181.1519  EPtot      =     -4185.2959
 BOND   =       313.9840  ANGLE   =       793.2289  DIHED      =      1533.1257
 1-4 NB =       453.2098  1-4 EEL =      5805.5697  VDWAALS    =     -1019.6587
 EELEC  =    -10265.6327  EGB     =     -1923.1703  RESTRAINT  =        81.0892
 EAMBER (non-restraint)  =     -4266.3851
 ESURF=        42.9586
 ------------------------------------------------------------------------------

 NMR restraints: Bond =    0.000   Angle =     0.000   Torsion =     0.000
===============================================================================

 NSTEP =   320000   TIME(PS) =     640.000  TEMP(K) =   226.11  PRESS =     0.0
 Etot   =     -2998.7863  EKtot   =      1186.9082  EPtot      =     -4185.6945
 BOND   =       297.8820  ANGLE   =       797.8653  DIHED      =      1556.2053
 1-4 NB =       443.1294  1-4 EEL =      5777.7185  VDWAALS    =     -1047.0929
 EELEC  =    -10210.5128  EGB     =     -1919.9505  RESTRAINT  =        76.1224
 EAMBER (non-restraint)  =     -4261.8169
 ESURF=        42.9388
 ------------------------------------------------------------------------------

 NMR restraints: Bond =    0.000   Angle =     0.000   Torsion =     0.000
===============================================================================

 NSTEP =   325000   TIME(PS) =     650.000  TEMP(K) =   226.62  PRESS =     0.0
 Etot   =     -2970.4523  EKtot   =      1189.5469  EPtot      =     -4159.9993
 BOND   =       309.5862  ANGLE   =       814.1155  DIHED      =      1550.5378
 1-4 NB =       442.4617  1-4 EEL =      5803.1534  VDWAALS    =      -999.7792
 EELEC  =    -10222.3470  EGB     =     -1984.2119  RESTRAINT  =        81.6557
 EAMBER (non-restraint)  =     -4241.6550
 ESURF=        44.8284
 ------------------------------------------------------------------------------

 NMR restraints: Bond =    0.000   Angle =     0.000   Torsion =     0.000
===============================================================================

 NSTEP =   330000   TIME(PS) =     660.000  TEMP(K) =   238.23  PRESS =     0.0
 Etot   =     -2887.9309  EKtot   =      1250.4876  EPtot      =     -4138.4185
 BOND   =       344.4343  ANGLE   =       782.0956  DIHED      =      1561.7513
 1-4 NB =       443.3341  1-4 EEL =      5825.8414  VDWAALS    =     -1052.7618
 EELEC  =    -10206.8871  EGB     =     -1970.5735  RESTRAINT  =        89.6775
 EAMBER (non-restraint)  =     -4228.0960
 ESURF=        44.6695
 ------------------------------------------------------------------------------

 NMR restraints: Bond =    0.000   Angle =     0.000   Torsion =     0.000
===============================================================================

 NSTEP =   335000   TIME(PS) =     670.000  TEMP(K) =   234.17  PRESS =     0.0
 Etot   =     -2924.9597  EKtot   =      1229.2020  EPtot      =     -4154.1617
 BOND   =       331.6879  ANGLE   =       786.4871  DIHED      =      1548.8094
 1-4 NB =       446.0270  1-4 EEL =      5800.7446  VDWAALS    =     -1025.1468
 EELEC  =    -10221.5514  EGB     =     -1953.0936  RESTRAINT  =        86.6936
 EAMBER (non-restraint)  =     -4240.8553
 ESURF=        45.1805
 ------------------------------------------------------------------------------

 NMR restraints: Bond =    0.000   Angle =     0.000   Torsion =     0.000
===============================================================================

 NSTEP =   340000   TIME(PS) =     680.000  TEMP(K) =   240.44  PRESS =     0.0
 Etot   =     -2808.1526  EKtot   =      1262.0962  EPtot      =     -4070.2487
 BOND   =       327.8459  ANGLE   =       833.2506  DIHED      =      1566.5936
 1-4 NB =       468.8643  1-4 EEL =      5790.2298  VDWAALS    =     -1027.0683
 EELEC  =    -10256.2019  EGB     =     -1907.9533  RESTRAINT  =        90.4834
 EAMBER (non-restraint)  =     -4160.7321
 ESURF=        43.7070
 ------------------------------------------------------------------------------

 NMR restraints: Bond =    0.000   Angle =     0.000   Torsion =     0.000
===============================================================================

 NSTEP =   345000   TIME(PS) =     690.000  TEMP(K) =   238.36  PRESS =     0.0
 Etot   =     -2815.0698  EKtot   =      1251.1988  EPtot      =     -4066.2685
 BOND   =       347.6498  ANGLE   =       817.2889  DIHED      =      1552.8536
 1-4 NB =       455.2337  1-4 EEL =      5787.4543  VDWAALS    =     -1023.6192
 EELEC  =    -10165.5506  EGB     =     -1967.4885  RESTRAINT  =        86.3472
 EAMBER (non-restraint)  =     -4152.6157
 ESURF=        43.5624
 ------------------------------------------------------------------------------

 NMR restraints: Bond =    0.000   Angle =     0.000   Torsion =     0.000
===============================================================================

 NSTEP =   350000   TIME(PS) =     700.000  TEMP(K) =   238.68  PRESS =     0.0
 Etot   =     -2820.4367  EKtot   =      1252.8531  EPtot      =     -4073.2897
 BOND   =       323.2256  ANGLE   =       869.6417  DIHED      =      1567.1662
 1-4 NB =       452.6488  1-4 EEL =      5739.2444  VDWAALS    =     -1044.7285
 EELEC  =    -10139.6075  EGB     =     -1971.6371  RESTRAINT  =        86.0006
 EAMBER (non-restraint)  =     -4159.2903
 ESURF=        44.7562
 ------------------------------------------------------------------------------

 NMR restraints: Bond =    0.000   Angle =     0.000   Torsion =     0.000
===============================================================================

 NSTEP =   355000   TIME(PS) =     710.000  TEMP(K) =   247.56  PRESS =     0.0
 Etot   =     -2741.0324  EKtot   =      1299.4713  EPtot      =     -4040.5037
 BOND   =       337.1805  ANGLE   =       820.2608  DIHED      =      1595.4977
 1-4 NB =       438.1271  1-4 EEL =      5833.8920  VDWAALS    =     -1027.3890
 EELEC  =    -10244.6045  EGB     =     -1942.1960  RESTRAINT  =       104.1029
 EAMBER (non-restraint)  =     -4144.6066
 ESURF=        44.6249
 ------------------------------------------------------------------------------

 NMR restraints: Bond =    0.000   Angle =     0.000   Torsion =     0.000
===============================================================================

 NSTEP =   360000   TIME(PS) =     720.000  TEMP(K) =   244.59  PRESS =     0.0
 Etot   =     -2744.8208  EKtot   =      1283.8811  EPtot      =     -4028.7019
 BOND   =       330.2607  ANGLE   =       894.3625  DIHED      =      1579.4127
 1-4 NB =       448.4345  1-4 EEL =      5814.4196  VDWAALS    =     -1047.4084
 EELEC  =    -10275.9433  EGB     =     -1910.5320  RESTRAINT  =        94.7592
 EAMBER (non-restraint)  =     -4123.4611
 ESURF=        43.5328
 ------------------------------------------------------------------------------

 NMR restraints: Bond =    0.000   Angle =     0.000   Torsion =     0.000
===============================================================================

 NSTEP =   365000   TIME(PS) =     730.000  TEMP(K) =   252.40  PRESS =     0.0
 Etot   =     -2717.8409  EKtot   =      1324.8698  EPtot      =     -4042.7108
 BOND   =       344.8577  ANGLE   =       836.0124  DIHED      =      1583.9076
 1-4 NB =       442.9998  1-4 EEL =      5798.2856  VDWAALS    =     -1035.4678
 EELEC  =    -10147.9911  EGB     =     -2009.4319  RESTRAINT  =        99.5299
 EAMBER (non-restraint)  =     -4142.2407
 ESURF=        44.5872
 ------------------------------------------------------------------------------

 NMR restraints: Bond =    0.000   Angle =     0.000   Torsion =     0.000
===============================================================================

 NSTEP =   370000   TIME(PS) =     740.000  TEMP(K) =   246.38  PRESS =     0.0
 Etot   =     -2741.5903  EKtot   =      1293.2881  EPtot      =     -4034.8784
 BOND   =       348.6444  ANGLE   =       881.0956  DIHED      =      1560.7239
 1-4 NB =       448.4106  1-4 EEL =      5817.3410  VDWAALS    =     -1059.2251
 EELEC  =    -10245.6474  EGB     =     -1928.2601  RESTRAINT  =        98.7289
 EAMBER (non-restraint)  =     -4133.6073
 ESURF=        43.3098
 ------------------------------------------------------------------------------

 NMR restraints: Bond =    0.000   Angle =     0.000   Torsion =     0.000
===============================================================================

 NSTEP =   375000   TIME(PS) =     750.000  TEMP(K) =   255.41  PRESS =     0.0
 Etot   =     -2647.4442  EKtot   =      1340.6920  EPtot      =     -3988.1362
 BOND   =       376.5116  ANGLE   =       869.2853  DIHED      =      1577.8416
 1-4 NB =       442.4327  1-4 EEL =      5792.3708  VDWAALS    =     -1036.0770
 EELEC  =    -10226.0575  EGB     =     -1915.6904  RESTRAINT  =        87.4511
 EAMBER (non-restraint)  =     -4075.5873
 ESURF=        43.7954
 ------------------------------------------------------------------------------

 NMR restraints: Bond =    0.000   Angle =     0.000   Torsion =     0.000
===============================================================================

 NSTEP =   380000   TIME(PS) =     760.000  TEMP(K) =   247.89  PRESS =     0.0
 Etot   =     -2728.4386  EKtot   =      1301.2241  EPtot      =     -4029.6626
 BOND   =       320.3868  ANGLE   =       873.0521  DIHED      =      1562.2694
 1-4 NB =       462.5267  1-4 EEL =      5789.8939  VDWAALS    =     -1030.4309
 EELEC  =    -10182.1217  EGB     =     -1960.6326  RESTRAINT  =        89.6049
 EAMBER (non-restraint)  =     -4119.2675
 ESURF=        45.7887
 ------------------------------------------------------------------------------

 NMR restraints: Bond =    0.000   Angle =     0.000   Torsion =     0.000
===============================================================================

 NSTEP =   385000   TIME(PS) =     770.000  TEMP(K) =   251.84  PRESS =     0.0
 Etot   =     -2662.9468  EKtot   =      1321.9741  EPtot      =     -3984.9209
 BOND   =       353.0821  ANGLE   =       890.3200  DIHED      =      1556.2337
 1-4 NB =       463.3530  1-4 EEL =      5805.6648  VDWAALS    =     -1020.4776
 EELEC  =    -10239.3508  EGB     =     -1932.7351  RESTRAINT  =        94.8641
 EAMBER (non-restraint)  =     -4079.7850
 ESURF=        44.1250
 ------------------------------------------------------------------------------

 NMR restraints: Bond =    0.000   Angle =     0.000   Torsion =     0.000
===============================================================================

 NSTEP =   390000   TIME(PS) =     780.000  TEMP(K) =   262.06  PRESS =     0.0
 Etot   =     -2628.2477  EKtot   =      1375.6078  EPtot      =     -4003.8556
 BOND   =       334.3560  ANGLE   =       870.0012  DIHED      =      1580.2117
 1-4 NB =       460.6307  1-4 EEL =      5768.4270  VDWAALS    =     -1036.8960
 EELEC  =    -10174.9403  EGB     =     -1947.9947  RESTRAINT  =        97.2651
 EAMBER (non-restraint)  =     -4101.1207
 ESURF=        45.0837
 ------------------------------------------------------------------------------

 NMR restraints: Bond =    0.000   Angle =     0.000   Torsion =     0.000
===============================================================================

 NSTEP =   395000   TIME(PS) =     790.000  TEMP(K) =   264.10  PRESS =     0.0
 Etot   =     -2570.5196  EKtot   =      1386.2831  EPtot      =     -3956.8026
 BOND   =       356.1370  ANGLE   =       895.3852  DIHED      =      1588.6368
 1-4 NB =       462.8916  1-4 EEL =      5823.1616  VDWAALS    =     -1033.0531
 EELEC  =    -10244.1394  EGB     =     -1946.5246  RESTRAINT  =        95.7547
 EAMBER (non-restraint)  =     -4052.5573
 ESURF=        44.9477
 ------------------------------------------------------------------------------

 NMR restraints: Bond =    0.000   Angle =     0.000   Torsion =     0.000
===============================================================================

 NSTEP =   400000   TIME(PS) =     800.000  TEMP(K) =   253.42  PRESS =     0.0
 Etot   =     -2624.1694  EKtot   =      1330.2421  EPtot      =     -3954.4116
 BOND   =       348.6563  ANGLE   =       911.2448  DIHED      =      1581.3249
 1-4 NB =       456.3177  1-4 EEL =      5801.1033  VDWAALS    =     -1033.2626
 EELEC  =    -10255.5012  EGB     =     -1906.1776  RESTRAINT  =        97.0079
 EAMBER (non-restraint)  =     -4051.4194
 ESURF=        44.8749
 ------------------------------------------------------------------------------

 NMR restraints: Bond =    0.000   Angle =     0.000   Torsion =     0.000
===============================================================================

 NSTEP =   405000   TIME(PS) =     810.000  TEMP(K) =   267.03  PRESS =     0.0
 Etot   =     -2567.1705  EKtot   =      1401.6865  EPtot      =     -3968.8570
 BOND   =       340.4141  ANGLE   =       890.2080  DIHED      =      1576.6349
 1-4 NB =       466.3174  1-4 EEL =      5748.5476  VDWAALS    =     -1024.8254
 EELEC  =    -10213.3218  EGB     =     -1892.3132  RESTRAINT  =        93.9256
 EAMBER (non-restraint)  =     -4062.7826
 ESURF=        45.5560
 ------------------------------------------------------------------------------

 NMR restraints: Bond =    0.000   Angle =     0.000   Torsion =     0.000
===============================================================================

 NSTEP =   410000   TIME(PS) =     820.000  TEMP(K) =   262.20  PRESS =     0.0
 Etot   =     -2553.7220  EKtot   =      1376.3371  EPtot      =     -3930.0591
 BOND   =       359.5362  ANGLE   =       925.1497  DIHED      =      1552.9272
 1-4 NB =       454.4215  1-4 EEL =      5764.9662  VDWAALS    =     -1018.2445
 EELEC  =    -10200.7331  EGB     =     -1915.2785  RESTRAINT  =       102.0900
 EAMBER (non-restraint)  =     -4032.1491
 ESURF=        45.1062
 ------------------------------------------------------------------------------

 NMR restraints: Bond =    0.000   Angle =     0.000   Torsion =     0.000
===============================================================================

 NSTEP =   415000   TIME(PS) =     830.000  TEMP(K) =   274.16  PRESS =     0.0
 Etot   =     -2515.5304  EKtot   =      1439.0950  EPtot      =     -3954.6254
 BOND   =       344.5142  ANGLE   =       907.5419  DIHED      =      1575.9546
 1-4 NB =       448.8210  1-4 EEL =      5792.5236  VDWAALS    =     -1040.3124
 EELEC  =    -10200.2269  EGB     =     -1933.8208  RESTRAINT  =       105.7886
 EAMBER (non-restraint)  =     -4060.4139
 ESURF=        44.5908
 ------------------------------------------------------------------------------

 NMR restraints: Bond =    0.000   Angle =     0.000   Torsion =     0.000
===============================================================================

 NSTEP =   420000   TIME(PS) =     840.000  TEMP(K) =   266.81  PRESS =     0.0
 Etot   =     -2537.4380  EKtot   =      1400.5336  EPtot      =     -3937.9716
 BOND   =       355.3140  ANGLE   =       907.2858  DIHED      =      1576.7395
 1-4 NB =       458.0324  1-4 EEL =      5783.0310  VDWAALS    =     -1033.2511
 EELEC  =    -10141.3816  EGB     =     -1991.3137  RESTRAINT  =       102.4569
 EAMBER (non-restraint)  =     -4040.4285
 ESURF=        45.1153
 ------------------------------------------------------------------------------

 NMR restraints: Bond =    0.000   Angle =     0.000   Torsion =     0.000
===============================================================================

 NSTEP =   425000   TIME(PS) =     850.000  TEMP(K) =   268.16  PRESS =     0.0
 Etot   =     -2466.0712  EKtot   =      1407.6141  EPtot      =     -3873.6853
 BOND   =       378.9254  ANGLE   =       895.2805  DIHED      =      1590.5879
 1-4 NB =       466.3533  1-4 EEL =      5791.7693  VDWAALS    =     -1020.0651
 EELEC  =    -10162.4765  EGB     =     -1976.2411  RESTRAINT  =       116.9658
 EAMBER (non-restraint)  =     -3990.6511
 ESURF=        45.2152
 ------------------------------------------------------------------------------

 NMR restraints: Bond =    0.000   Angle =     0.000   Torsion =     0.000
===============================================================================

 NSTEP =   430000   TIME(PS) =     860.000  TEMP(K) =   277.56  PRESS =     0.0
 Etot   =     -2429.5034  EKtot   =      1456.9488  EPtot      =     -3886.4522
 BOND   =       349.1634  ANGLE   =       948.1397  DIHED      =      1581.3786
 1-4 NB =       465.6747  1-4 EEL =      5791.5350  VDWAALS    =     -1014.5146
 EELEC  =    -10165.9073  EGB     =     -1984.7051  RESTRAINT  =        98.1147
 EAMBER (non-restraint)  =     -3984.5669
 ESURF=        44.6687
 ------------------------------------------------------------------------------

 NMR restraints: Bond =    0.000   Angle =     0.000   Torsion =     0.000
===============================================================================

 NSTEP =   435000   TIME(PS) =     870.000  TEMP(K) =   264.13  PRESS =     0.0
 Etot   =     -2499.5770  EKtot   =      1386.4584  EPtot      =     -3886.0353
 BOND   =       382.0568  ANGLE   =       923.1786  DIHED      =      1596.3491
 1-4 NB =       444.1919  1-4 EEL =      5720.4957  VDWAALS    =     -1030.8903
 EELEC  =    -10144.3844  EGB     =     -1925.7156  RESTRAINT  =       103.5778
 EAMBER (non-restraint)  =     -3989.6131
 ESURF=        45.1051
 ------------------------------------------------------------------------------

 NMR restraints: Bond =    0.000   Angle =     0.000   Torsion =     0.000
===============================================================================

 NSTEP =   440000   TIME(PS) =     880.000  TEMP(K) =   282.51  PRESS =     0.0
 Etot   =     -2392.0541  EKtot   =      1482.9470  EPtot      =     -3875.0011
 BOND   =       366.4221  ANGLE   =       942.8536  DIHED      =      1595.2986
 1-4 NB =       454.5106  1-4 EEL =      5756.0516  VDWAALS    =     -1045.3460
 EELEC  =    -10115.6372  EGB     =     -1978.6418  RESTRAINT  =       104.5619
 EAMBER (non-restraint)  =     -3979.5630
 ESURF=        44.9256
 ------------------------------------------------------------------------------

 NMR restraints: Bond =    0.000   Angle =     0.000   Torsion =     0.000
===============================================================================

 NSTEP =   445000   TIME(PS) =     890.000  TEMP(K) =   276.02  PRESS =     0.0
 Etot   =     -2427.6592  EKtot   =      1448.8827  EPtot      =     -3876.5419
 BOND   =       370.2190  ANGLE   =       950.3125  DIHED      =      1582.2372
 1-4 NB =       469.8964  1-4 EEL =      5739.2883  VDWAALS    =     -1025.2543
 EELEC  =    -10133.4467  EGB     =     -1979.7690  RESTRAINT  =       105.3077
 EAMBER (non-restraint)  =     -3981.8496
 ESURF=        44.6670
 ------------------------------------------------------------------------------

 NMR restraints: Bond =    0.000   Angle =     0.000   Torsion =     0.000
===============================================================================

 NSTEP =   450000   TIME(PS) =     900.000  TEMP(K) =   273.16  PRESS =     0.0
 Etot   =     -2384.7342  EKtot   =      1433.8781  EPtot      =     -3818.6122
 BOND   =       390.4963  ANGLE   =       954.8602  DIHED      =      1563.8512
 1-4 NB =       449.0239  1-4 EEL =      5734.5133  VDWAALS    =     -1027.2242
 EELEC  =     -9896.1911  EGB     =     -2150.8664  RESTRAINT  =       115.9665
 EAMBER (non-restraint)  =     -3934.5788
 ESURF=        46.9581
 ------------------------------------------------------------------------------

 NMR restraints: Bond =    0.000   Angle =     0.000   Torsion =     0.000
===============================================================================

 NSTEP =   455000   TIME(PS) =     910.000  TEMP(K) =   279.82  PRESS =     0.0
 Etot   =     -2378.5270  EKtot   =      1468.8367  EPtot      =     -3847.3637
 BOND   =       382.9693  ANGLE   =       941.7473  DIHED      =      1585.7497
 1-4 NB =       462.9488  1-4 EEL =      5733.9250  VDWAALS    =     -1039.0811
 EELEC  =     -9986.4749  EGB     =     -2073.2162  RESTRAINT  =        99.2365
 EAMBER (non-restraint)  =     -3946.6002
 ESURF=        44.8319
 ------------------------------------------------------------------------------

 NMR restraints: Bond =    0.000   Angle =     0.000   Torsion =     0.000
===============================================================================

 NSTEP =   460000   TIME(PS) =     920.000  TEMP(K) =   286.79  PRESS =     0.0
 Etot   =     -2327.2315  EKtot   =      1505.4205  EPtot      =     -3832.6520
 BOND   =       364.7573  ANGLE   =       958.7756  DIHED      =      1577.7569
 1-4 NB =       466.8354  1-4 EEL =      5738.9423  VDWAALS    =     -1005.8696
 EELEC  =    -10108.2976  EGB     =     -1981.0430  RESTRAINT  =       110.5191
 EAMBER (non-restraint)  =     -3943.1711
 ESURF=        44.9715
 ------------------------------------------------------------------------------

 NMR restraints: Bond =    0.000   Angle =     0.000   Torsion =     0.000
===============================================================================

 NSTEP =   465000   TIME(PS) =     930.000  TEMP(K) =   295.56  PRESS =     0.0
 Etot   =     -2269.7987  EKtot   =      1551.4402  EPtot      =     -3821.2390
 BOND   =       374.2140  ANGLE   =       974.5102  DIHED      =      1576.2193
 1-4 NB =       444.3211  1-4 EEL =      5752.3461  VDWAALS    =     -1032.1083
 EELEC  =    -10101.4525  EGB     =     -1969.0405  RESTRAINT  =       114.3920
 EAMBER (non-restraint)  =     -3935.6310
 ESURF=        45.3596
 ------------------------------------------------------------------------------

 NMR restraints: Bond =    0.000   Angle =     0.000   Torsion =     0.000
===============================================================================

 NSTEP =   470000   TIME(PS) =     940.000  TEMP(K) =   278.57  PRESS =     0.0
 Etot   =     -2314.9056  EKtot   =      1462.2495  EPtot      =     -3777.1551
 BOND   =       384.4678  ANGLE   =       983.3473  DIHED      =      1614.6802
 1-4 NB =       465.4233  1-4 EEL =      5785.8777  VDWAALS    =     -1017.0118
 EELEC  =    -10191.4343  EGB     =     -1950.9790  RESTRAINT  =       103.6555
 EAMBER (non-restraint)  =     -3880.8106
 ESURF=        44.8183
 ------------------------------------------------------------------------------

 NMR restraints: Bond =    0.000   Angle =     0.000   Torsion =     0.000
===============================================================================

 NSTEP =   475000   TIME(PS) =     950.000  TEMP(K) =   290.71  PRESS =     0.0
 Etot   =     -2216.7926  EKtot   =      1525.9984  EPtot      =     -3742.7911
 BOND   =       426.4550  ANGLE   =       939.8078  DIHED      =      1625.3348
 1-4 NB =       464.0643  1-4 EEL =      5756.8501  VDWAALS    =     -1021.0796
 EELEC  =    -10036.8791  EGB     =     -2068.3577  RESTRAINT  =       123.6836
 EAMBER (non-restraint)  =     -3866.4747
 ESURF=        47.3298
 ------------------------------------------------------------------------------

 NMR restraints: Bond =    0.000   Angle =     0.000   Torsion =     0.000
===============================================================================

 NSTEP =   480000   TIME(PS) =     960.000  TEMP(K) =   285.97  PRESS =     0.0
 Etot   =     -2303.6674  EKtot   =      1501.1195  EPtot      =     -3804.7870
 BOND   =       379.4931  ANGLE   =       956.9394  DIHED      =      1593.2119
 1-4 NB =       471.3537  1-4 EEL =      5768.6350  VDWAALS    =     -1029.2101
 EELEC  =    -10093.3603  EGB     =     -2009.8262  RESTRAINT  =       112.0592
 EAMBER (non-restraint)  =     -3916.8462
 ESURF=        45.9174
 ------------------------------------------------------------------------------

 NMR restraints: Bond =    0.000   Angle =     0.000   Torsion =     0.000
===============================================================================

 NSTEP =   485000   TIME(PS) =     970.000  TEMP(K) =   294.79  PRESS =     0.0
 Etot   =     -2264.2715  EKtot   =      1547.4087  EPtot      =     -3811.6802
 BOND   =       394.5313  ANGLE   =       938.9096  DIHED      =      1591.2446
 1-4 NB =       468.3134  1-4 EEL =      5775.6128  VDWAALS    =     -1028.0897
 EELEC  =    -10147.9858  EGB     =     -1955.2030  RESTRAINT  =       106.3690
 EAMBER (non-restraint)  =     -3918.0492
 ESURF=        44.6176
 ------------------------------------------------------------------------------

 NMR restraints: Bond =    0.000   Angle =     0.000   Torsion =     0.000
===============================================================================

 NSTEP =   490000   TIME(PS) =     980.000  TEMP(K) =   290.13  PRESS =     0.0
 Etot   =     -2270.7611  EKtot   =      1522.9278  EPtot      =     -3793.6889
 BOND   =       403.5914  ANGLE   =       968.9518  DIHED      =      1594.7659
 1-4 NB =       444.0881  1-4 EEL =      5735.5049  VDWAALS    =     -1022.1420
 EELEC  =    -10031.2744  EGB     =     -2040.9657  RESTRAINT  =       108.3394
 EAMBER (non-restraint)  =     -3902.0283
 ESURF=        45.4517
 ------------------------------------------------------------------------------

 NMR restraints: Bond =    0.000   Angle =     0.000   Torsion =     0.000
===============================================================================

 NSTEP =   495000   TIME(PS) =     990.000  TEMP(K) =   290.42  PRESS =     0.0
 Etot   =     -2176.3039  EKtot   =      1524.4640  EPtot      =     -3700.7680
 BOND   =       412.6524  ANGLE   =      1006.1560  DIHED      =      1601.7486
 1-4 NB =       463.1211  1-4 EEL =      5756.5720  VDWAALS    =     -1014.9972
 EELEC  =    -10046.6954  EGB     =     -2048.0634  RESTRAINT  =       124.3157
 EAMBER (non-restraint)  =     -3825.0837
 ESURF=        44.4222
 ------------------------------------------------------------------------------

 NMR restraints: Bond =    0.000   Angle =     0.000   Torsion =     0.000
===============================================================================

 NSTEP =   500000   TIME(PS) =    1000.000  TEMP(K) =   302.06  PRESS =     0.0
 Etot   =     -2154.8970  EKtot   =      1585.5522  EPtot      =     -3740.4491
 BOND   =       387.8460  ANGLE   =      1012.7304  DIHED      =      1595.8320
 1-4 NB =       462.0178  1-4 EEL =      5741.7406  VDWAALS    =     -1042.8993
 EELEC  =     -9966.9446  EGB     =     -2092.0731  RESTRAINT  =       115.5802
 EAMBER (non-restraint)  =     -3856.0294
 ESURF=        45.7209
 ------------------------------------------------------------------------------

 NMR restraints: Bond =    0.000   Angle =     0.000   Torsion =     0.000
===============================================================================

      A V E R A G E S   O V E R     100 S T E P S


 NSTEP =   500000   TIME(PS) =    1000.000  TEMP(K) =   201.06  PRESS =     0.0
 Etot   =     -3229.7289  EKtot   =      1055.4105  EPtot      =     -4285.1394
 BOND   =       287.2187  ANGLE   =       735.1881  DIHED      =      1534.1080
 1-4 NB =       444.9167  1-4 EEL =      5782.9376  VDWAALS    =     -1045.9114
 EELEC  =    -10183.0360  EGB     =     -1962.4548  RESTRAINT  =        78.4423
 EAMBER (non-restraint)  =     -4363.5817
 ESURF=        43.4513
 ------------------------------------------------------------------------------

 NMR restraints: Bond =    0.000   Angle =     0.000   Torsion =     0.000
===============================================================================

      R M S  F L U C T U A T I O N S


 NSTEP =   500000   TIME(PS) =    1000.000  TEMP(K) =    57.56  PRESS =     0.0
 Etot   =       617.9077  EKtot   =       302.1581  EPtot      =       316.5927
 BOND   =        67.3048  ANGLE   =       154.7272  DIHED      =        40.9583
 1-4 NB =        12.2536  1-4 EEL =        21.8281  VDWAALS    =        16.8510
 EELEC  =        63.3740  EGB     =        40.2680  RESTRAINT  =        20.7458
 EAMBER (non-restraint)  =       295.8469
 ESURF=         1.3514
 ------------------------------------------------------------------------------


 NMR restraints on final step:

--------------------------------------------------------------------------------
   5.  TIMINGS
--------------------------------------------------------------------------------

|  NonSetup CPU Time in Major Routines:
|
|     Routine           Sec        %
|     ------------------------------
|     Nonbond       81917.67   98.82
|     Bond              6.41    0.01
|     Angle           113.62    0.14
|     Dihedral        656.26    0.79
|     Shake            29.73    0.04
|     RunMD           175.37    0.21
|     Other             0.40    0.00
|     ------------------------------
|     Total         82899.46

|  Generalized Born CPU Time:
|
|     Routine                 Sec        %
|     ------------------------------------
|     Radii Calc          19013.05   22.94
|     Diagonal Calc       35116.05   42.36
|     Off Diagonal Calc   27744.59   33.47
|     GBSA LCPO Calc          0.23    0.00
|     ---------------------------------
|     Total               81873.69   98.76

|  Final Performance Info:
|     -----------------------------------------------------
|     Average timings for last       1 steps:
|     Elapsed(s) =       0.00 Per Step(ms) =       0.11
|         ns/day =    1586.97   seconds/ns =      54.44
|
|     Average timings for all steps:
|     Elapsed(s) =  107056.97 Per Step(ms) =     214.11
|         ns/day =       0.81   seconds/ns =  107056.97
|     -----------------------------------------------------

|  Setup CPU time:            0.02 seconds
|  NonSetup CPU time:     82899.46 seconds
|  Total CPU time:        82899.48 seconds    23.03 hours

|  Setup wall time:           0    seconds
|  NonSetup wall time:   107057    seconds
|  Total wall time:      107057    seconds    29.74 hours
