
          -------------------------------------------------------
          Amber 22 PMEMD                              2022
          -------------------------------------------------------

| PMEMD implementation of SANDER, Release 22

|  Compiled date/time: Thu Apr 14 23:36:37 2022
| Run on 12/20/2023 at 13:23:02

|   Executable path: pmemd
| Working directory: /home/arul/Reegina/MD_Sim/amber_parameters/1IFC_info
|          Hostname: Unknown
  [-O]verwriting output

File Assignments:
|   MDIN: /home/arul/Reegina/MD_Sim/trial_file/min.in                           
|  MDOUT: min_1IFC.out                                                          
| INPCRD: 1IFC.rst7                                                             
|   PARM: 1IFC.hmass.parm7                                                      
| RESTRT: min_1IFC.rst7                                                         
|   REFC: refc                                                                  
|  MDVEL: mdvel                                                                 
|   MDEN: mden                                                                  
|  MDCRD: min_1IFC.crd                                                          
| MDINFO: min_1IFC.info                                                         
|  MDFRC: mdfrc                                                                 


 Here is the input file:

&cntrl                                                                         
  imin = 1,                                                                    
  maxcyc=100,                                                                  
  ntx = 1,                                                                     
  ntwr = 100,                                                                  
  ntpr = 10,                                                                   
  ioutfm=0,                                                                    
  ntxo=1,                                                                      
  cut = 1000.0,                                                                
  ntb=0,                                                                       
  igb = 8,                                                                     
  gbsa=3,                                                                      
  surften=0.007,                                                               
  saltcon = 0.0,                                                               
/                                                                              


Note: ig = -1. Setting random seed to   700621 based on wallclock time in 
      microseconds.
| irandom = 1, using AMBER's internal random number generator (default).
 
| Conditional Compilation Defines Used:
| PUBFFT
| BINTRAJ
| EMIL

| New format PARM file being parsed.
| Version =    1.000 Date = 12/04/23 Time = 16:32:15

| Note: 1-4 EEL scale factors are being read from the topology file.

| Note: 1-4 VDW scale factors are being read from the topology file.
| INFO:    Reading atomic numbers from topology file.
| Duplicated    0 dihedrals

| Duplicated    0 dihedrals

--------------------------------------------------------------------------------
   1.  RESOURCE   USE: 
--------------------------------------------------------------------------------

 NATOM  =    2113 NTYPES =      14 NBONH =    1056 MBONA  =    1073
 NTHETH =    2406 MTHETA =    1438 NPHIH =    4850 MPHIA  =    4509
 NHPARM =       0 NPARM  =       0 NNB   =   11631 NRES   =     131
 NBONA  =    1073 NTHETA =    1438 NPHIA =    4509 NUMBND =      61
 NUMANG =     141 NPTRA  =     178 NATYP =      31 NPHB   =       0
 IFBOX  =       0 NMXRS  =      24 IFCAP =       0 NEXTRA =       0
 NCOPY  =       0

 Implicit solvent radii are ArgH and AspGluO modified Bondi2 radii (mbondi3)                                
 Replacing prmtop screening parameters with GBn2 (igb=8) values
--------------------------------------------------------------------------------
   2.  CONTROL  DATA  FOR  THE  RUN
--------------------------------------------------------------------------------

default_name                                                                    

General flags:
     imin    =       1, nmropt  =       0

Nature and format of input:
     ntx     =       1, irest   =       0, ntrx    =       1

Nature and format of output:
     ntxo    =       1, ntpr    =      10, ntrx    =       1, ntwr    =     100
     iwrap   =       0, ntwx    =       0, ntwv    =       0, ntwe    =       0
     ioutfm  =       0, ntwprt  =       0, idecomp =       0, rbornstat=      0

Potential function:
     ntf     =       1, ntb     =       0, igb     =       8, nsnb    =      25
     ipol    =       0, gbsa    =       3, iesp    =       0
     dielc   =   1.00000, cut     =1000.00000, intdiel =   1.00000
     saltcon =   0.00000, offset  =   0.19514, surften =   0.00700
     rdt     =   0.00000, rgbmax  =  25.00000  extdiel =  78.50000
     alpb  =        0
     gbalphaH  =   0.78844, gbbetaH   =   0.79870,  gbgammaH  =    0.43733
     gbalphaC  =   0.73376, gbbetaC   =   0.50638,  gbgammaC  =    0.20584
     gbalphaN  =   0.50336, gbbetaN   =   0.31683,  gbgammaN  =    0.19292
     gbalphaOS =   0.86781, gbbetaOS  =   0.87664,  gbgammaOS =    0.38788
     gbalphaP  =   1.00000, gbbetaP   =   0.80000,  gbgammaP  =    4.85000
     gb_alpha_hnu  =   0.53705, gb_beta_hnu   =   0.36286,  gb_gamma_hnu  =    0.11670
     gb_alpha_cnu  =   0.33167, gb_beta_cnu   =   0.19684,  gb_gamma_cnu  =    0.09342
     gb_alpha_nnu  =   0.68631, gb_beta_nnu   =   0.46319,  gb_gamma_nnu  =    0.13872
     gb_alpha_onu  =   0.60634, gb_beta_onu   =   0.46301,  gb_gamma_onu  =    0.14226
     gb_alpha_pnu  =   0.41836, gb_beta_pnu   =   0.29005,  gb_gamma_pnu  =    0.10642

Frozen or restrained atoms:
     ibelly  =       0, ntr     =       0

Energy minimization:
     maxcyc  =     100, ncyc    =      10, ntmin   =       1
     dx0     =   0.01000, drms    =   0.00010

| Intermolecular bonds treatment:
|     no_intermolecular_bonds =       1

| Energy averages sample interval:
|     ene_avg_sampling =       1

--------------------------------------------------------------------------------
   3.  ATOMIC COORDINATES AND VELOCITIES
--------------------------------------------------------------------------------

default_name                                                                    
 begin time read from input coords =     0.000 ps

 
 Number of triangulated 3-point waters found:        0
| Dynamic Memory, Types Used:
| Reals               57325
| Integers           246665

--------------------------------------------------------------------------------
   4.  RESULTS
--------------------------------------------------------------------------------



   NSTEP       ENERGY          RMS            GMAX         NAME    NUMBER
      1      -3.4566E+03     1.0301E+02     4.8317E+03     OXT      2113

 BOND    =      200.8923  ANGLE   =      394.8452  DIHED      =     1471.9463
 VDWAALS =     -741.8099  EEL     =   -10198.4993  EGB        =    -1956.9291
 1-4 VDW =     1272.3864  1-4 EEL =     6063.5067  RESTRAINT  =        0.0000
 ESURF   =       37.0533


   NSTEP       ENERGY          RMS            GMAX         NAME    NUMBER
     10      -4.1732E+03     1.4480E+01     4.1752E+02     OXT      2113

 BOND    =      127.4258  ANGLE   =      356.4615  DIHED      =     1467.9917
 VDWAALS =     -766.0393  EEL     =   -10201.8491  EGB        =    -1956.4999
 1-4 VDW =      698.3938  1-4 EEL =     6063.8629  RESTRAINT  =        0.0000
 ESURF   =       37.0620


   NSTEP       ENERGY          RMS            GMAX         NAME    NUMBER
     20      -4.8098E+03     4.2628E+00     4.8835E+01     C        2111

 BOND    =       70.6718  ANGLE   =      248.9036  DIHED      =     1460.9390
 VDWAALS =     -988.9790  EEL     =   -10197.7697  EGB        =    -1963.6685
 1-4 VDW =      558.0628  1-4 EEL =     5964.6762  RESTRAINT  =        0.0000
 ESURF   =       37.3565


   NSTEP       ENERGY          RMS            GMAX         NAME    NUMBER
     30      -4.9445E+03     2.3112E+00     5.6798E+01     OXT      2113

 BOND    =       64.1936  ANGLE   =      215.8218  DIHED      =     1462.4453
 VDWAALS =    -1013.8332  EEL     =   -10175.1516  EGB        =    -1958.5293
 1-4 VDW =      511.6876  1-4 EEL =     5911.0719  RESTRAINT  =        0.0000
 ESURF   =       37.7641


   NSTEP       ENERGY          RMS            GMAX         NAME    NUMBER
     40      -5.0378E+03     2.3270E+00     2.6583E+01     C        2096

 BOND    =       53.4491  ANGLE   =      192.0581  DIHED      =     1450.1107
 VDWAALS =    -1029.4573  EEL     =   -10169.7356  EGB        =    -1964.5979
 1-4 VDW =      483.8189  1-4 EEL =     5908.2832  RESTRAINT  =        0.0000
 ESURF   =       38.3185


   NSTEP       ENERGY          RMS            GMAX         NAME    NUMBER
     50      -5.1259E+03     1.6757E+00     3.0856E+01     CG       1549

 BOND    =       65.2523  ANGLE   =      225.6546  DIHED      =     1463.9979
 VDWAALS =    -1068.9717  EEL     =   -10145.7057  EGB        =    -1965.1233
 1-4 VDW =      426.9799  1-4 EEL =     5832.7015  RESTRAINT  =        0.0000
 ESURF   =       39.3202


   NSTEP       ENERGY          RMS            GMAX         NAME    NUMBER
     60      -5.1417E+03     1.0553E+00     1.3108E+01     C        2096

 BOND    =       59.9322  ANGLE   =      216.4363  DIHED      =     1457.8412
 VDWAALS =    -1070.3616  EEL     =   -10146.3596  EGB        =    -1965.3881
 1-4 VDW =      429.5850  1-4 EEL =     5837.2562  RESTRAINT  =        0.0000
 ESURF   =       39.3746


   NSTEP       ENERGY          RMS            GMAX         NAME    NUMBER
     70      -5.1727E+03     1.4473E+00     2.0288E+01     C        2111

 BOND    =       62.0741  ANGLE   =      206.1278  DIHED      =     1447.1551
 VDWAALS =    -1072.9557  EEL     =   -10158.0290  EGB        =    -1961.8560
 1-4 VDW =      433.9876  1-4 EEL =     5831.1118  RESTRAINT  =        0.0000
 ESURF   =       39.7202


   NSTEP       ENERGY          RMS            GMAX         NAME    NUMBER
     80      -5.1894E+03     6.7181E-01     4.7923E+00     C        2111

 BOND    =       59.9757  ANGLE   =      203.2238  DIHED      =     1445.4545
 VDWAALS =    -1075.4739  EEL     =   -10160.5559  EGB        =    -1959.9027
 1-4 VDW =      433.7167  1-4 EEL =     5824.2478  RESTRAINT  =        0.0000
 ESURF   =       39.9324


   NSTEP       ENERGY          RMS            GMAX         NAME    NUMBER
     90      -5.2074E+03     8.5596E-01     1.5367E+01     C        2111

 BOND    =       61.7029  ANGLE   =      206.3940  DIHED      =     1444.3699
 VDWAALS =    -1078.6296  EEL     =   -10155.8931  EGB        =    -1960.7948
 1-4 VDW =      419.9572  1-4 EEL =     5815.3645  RESTRAINT  =        0.0000
 ESURF   =       40.1262


   NSTEP       ENERGY          RMS            GMAX         NAME    NUMBER
    100      -5.2187E+03     6.9294E-01     5.3162E+00     HB3      2104

 BOND    =       67.5624  ANGLE   =      216.4955  DIHED      =     1446.5239
 VDWAALS =    -1084.6108  EEL     =   -10152.1429  EGB        =    -1961.2317
 1-4 VDW =      408.5860  1-4 EEL =     5799.7577  RESTRAINT  =        0.0000
 ESURF   =       40.3247


  Maximum number of minimization cycles reached.


                    FINAL RESULTS



   NSTEP       ENERGY          RMS            GMAX         NAME    NUMBER
    100      -5.2187E+03     6.9294E-01     5.3162E+00     HB3      2104

 BOND    =       67.5624  ANGLE   =      216.4955  DIHED      =     1446.5239
 VDWAALS =    -1084.6108  EEL     =   -10152.1429  EGB        =    -1961.2317
 1-4 VDW =      408.5860  1-4 EEL =     5799.7577  RESTRAINT  =        0.0000
 ESURF   =       40.3247
--------------------------------------------------------------------------------
   5.  TIMINGS
--------------------------------------------------------------------------------

|  NonSetup CPU Time in Major Routines:
|
|     Routine           Sec        %
|     ------------------------------
|     Nonbond          16.32   99.02
|     Bond              0.00    0.01
|     Angle             0.02    0.13
|     Dihedral          0.13    0.78
|     Shake             0.00    0.00
|     Other             0.01    0.05
|     ------------------------------
|     Total            16.48

|  Generalized Born CPU Time:
|
|     Routine                 Sec        %
|     ------------------------------------
|     Radii Calc              3.82   23.19
|     Diagonal Calc           6.94   42.14
|     Off Diagonal Calc       5.54   33.63
|     GBSA LCPO Calc          0.00    0.00
|     ---------------------------------
|     Total                  16.31   98.96

|  Setup CPU time:            0.02 seconds
|  NonSetup CPU time:        16.48 seconds
|  Total CPU time:           16.50 seconds     0.00 hours

|  Setup wall time:           0    seconds
|  NonSetup wall time:       16    seconds
|  Total wall time:          16    seconds     0.00 hours
