Salt Bridges Plugin, Version 1.0
Fri Apr 19 16:49:07 +0530 2024

Parameters used in the calculation of salt bridges:
- Atomselection: protein
- Update selections every frame: yes
- Initial frame: 0
- Frame step: 1
- Final frame: 24
- Oxygen-nitrogen cut-off: 3.2
- Center of mass cut-off: none
- Write a file for each salt bridge: yes

Searching for ion-pairs with oxygen-nitrogen distance within 3.2 Angstroms in the selected frames... Done.
Removing redundancies in the ion-pairs found... Done.
Extracting identification of each salt bridge... Done.
Found 20 salt bridges.

GLU18-LYS79
GLU210-LYS271
ASP91-LYS95
GLU196-LYS279
ASP215-LYS214
GLU114-LYS175
ASP233-LYS218
ASP23-LYS27
ASP137-LYS122
GLU210-LYS211
ASP41-LYS26
GLU120-LYS117
ASP187-LYS191
ASP119-LYS122
ASP283-LYS287
GLU100-LYS183
ASP119-LYS118
ASP119-LYS123
GLU216-LYS219
ASP23-LYS26

Printing distances over all frames for each salt-bridge... Done.
