
          -------------------------------------------------------
          Amber 22 PMEMD                              2022
          -------------------------------------------------------

| PMEMD implementation of SANDER, Release 22

|  Compiled date/time: Thu Apr 14 23:36:37 2022
| Run on 01/14/2024 at 12:37:36

|   Executable path: pmemd
| Working directory: /home/arul/Reegina/MD_Sim/eq2/1RIS_info
|          Hostname: Unknown
  [-O]verwriting output

File Assignments:
|   MDIN: /home/arul/Reegina/MD_Sim/eq2.in                                      
|  MDOUT: eq2.out                                                               
| INPCRD: eq1.rst7                                                              
|   PARM: 1RIS.hmass.parm7                                                      
| RESTRT: eq2.rst7                                                              
|   REFC: eq1.rst7                                                              
|  MDVEL: mdvel                                                                 
|   MDEN: mden                                                                  
|  MDCRD: eq2.crd                                                               
| MDINFO: eq2.info                                                              
|  MDFRC: mdfrc                                                                 


 Here is the input file:

&cntrl                                                                         
   ntx = 5,                                                                    
   ntwx = 5000, ntwe = 0, ntwr = 500,                                          
   ntpr = 5000,                                                                
                                                                               
   ioutfm=0, ntxo=1,                                                           
                                                                               
   imin = 0, nstlim = 125000, dt = 0.002,                                      
                                                                               
   ntt = 3, gamma_ln=1., temp0 = 300.0,                                        
   nscm = 1000, ig = -1, irest = 1,                                            
                                                                               
   ntc= 2, ntf = 2, cut = 1000,                                                
                                                                               
   igb=8, gbsa=3, surften=0.007, ntb = 0,                                      
   saltcon=0.,                                                                 
                                                                               
   ntr=1, restraintmask="@CA,N,C,O",                                           
   restraint_wt=0.1,                                                           
 /                                                                             


Note: ig = -1. Setting random seed to   166847 based on wallclock time in 
      microseconds.
| irandom = 1, using AMBER's internal random number generator (default).
 
| Conditional Compilation Defines Used:
| PUBFFT
| BINTRAJ
| EMIL

| New format PARM file being parsed.
| Version =    1.000 Date = 12/30/23 Time = 23:54:21

| Note: 1-4 EEL scale factors are being read from the topology file.

| Note: 1-4 VDW scale factors are being read from the topology file.
| INFO:    Reading atomic numbers from topology file.
| Duplicated    0 dihedrals

| Duplicated    0 dihedrals

--------------------------------------------------------------------------------
   1.  RESOURCE   USE: 
--------------------------------------------------------------------------------

 NATOM  =    1647 NTYPES =      13 NBONH =     830 MBONA  =     830
 NTHETH =    1884 MTHETA =    1120 NPHIH =    3789 MPHIA  =    3476
 NHPARM =       0 NPARM  =       0 NNB   =    9085 NRES   =      97
 NBONA  =     830 NTHETA =    1120 NPHIA =    3476 NUMBND =      55
 NUMANG =     130 NPTRA  =     151 NATYP =      27 NPHB   =       0
 IFBOX  =       0 NMXRS  =      24 IFCAP =       0 NEXTRA =       0
 NCOPY  =       0

 Implicit solvent radii are ArgH and AspGluO modified Bondi2 radii (mbondi3)                                
 Replacing prmtop screening parameters with GBn2 (igb=8) values
--------------------------------------------------------------------------------
   2.  CONTROL  DATA  FOR  THE  RUN
--------------------------------------------------------------------------------

default_name                                                                    

General flags:
     imin    =       0, nmropt  =       0

Nature and format of input:
     ntx     =       5, irest   =       1, ntrx    =       1

Nature and format of output:
     ntxo    =       1, ntpr    =    5000, ntrx    =       1, ntwr    =     500
     iwrap   =       0, ntwx    =    5000, ntwv    =       0, ntwe    =       0
     ioutfm  =       0, ntwprt  =       0, idecomp =       0, rbornstat=      0

Potential function:
     ntf     =       2, ntb     =       0, igb     =       8, nsnb    =      25
     ipol    =       0, gbsa    =       3, iesp    =       0
     dielc   =   1.00000, cut     =1000.00000, intdiel =   1.00000
     saltcon =   0.00000, offset  =   0.19514, surften =   0.00700
     rdt     =   0.00000, rgbmax  =  25.00000  extdiel =  78.50000
     alpb  =        0
     gbalphaH  =   0.78844, gbbetaH   =   0.79870,  gbgammaH  =    0.43733
     gbalphaC  =   0.73376, gbbetaC   =   0.50638,  gbgammaC  =    0.20584
     gbalphaN  =   0.50336, gbbetaN   =   0.31683,  gbgammaN  =    0.19292
     gbalphaOS =   0.86781, gbbetaOS  =   0.87664,  gbgammaOS =    0.38788
     gbalphaP  =   1.00000, gbbetaP   =   0.80000,  gbgammaP  =    4.85000
     gb_alpha_hnu  =   0.53705, gb_beta_hnu   =   0.36286,  gb_gamma_hnu  =    0.11670
     gb_alpha_cnu  =   0.33167, gb_beta_cnu   =   0.19684,  gb_gamma_cnu  =    0.09342
     gb_alpha_nnu  =   0.68631, gb_beta_nnu   =   0.46319,  gb_gamma_nnu  =    0.13872
     gb_alpha_onu  =   0.60634, gb_beta_onu   =   0.46301,  gb_gamma_onu  =    0.14226
     gb_alpha_pnu  =   0.41836, gb_beta_pnu   =   0.29005,  gb_gamma_pnu  =    0.10642

Frozen or restrained atoms:
     ibelly  =       0, ntr     =       1
     restraint_wt =   0.10000

Molecular dynamics:
     nstlim  =    125000, nscm    =         0, nrespa  =         1
     t       =   0.00000, dt      =   0.00200, vlimit  =  20.00000

Langevin dynamics temperature regulation:
     ig      =  166847
     temp0   = 300.00000, tempi   =   0.00000, gamma_ln=   1.00000

SHAKE:
     ntc     =       2, jfastw  =       0
     tol     =   0.00001

| Intermolecular bonds treatment:
|     no_intermolecular_bonds =       1

| Energy averages sample interval:
|     ene_avg_sampling =    5000

    LOADING THE CONSTRAINED ATOMS AS GROUPS


   5.  REFERENCE ATOM COORDINATES

  default_name                                                                    
     Mask @CA,N,C,O; matches   388 atoms

--------------------------------------------------------------------------------
   3.  ATOMIC COORDINATES AND VELOCITIES
--------------------------------------------------------------------------------

default_name                                                                    
 begin time read from input coords =  1250.000 ps

 
 Number of triangulated 3-point waters found:        0
| Dynamic Memory, Types Used:
| Reals               57252
| Integers           195473

--------------------------------------------------------------------------------
   4.  RESULTS
--------------------------------------------------------------------------------


 NSTEP =     5000   TIME(PS) =    1260.000  TEMP(K) =   301.08  PRESS =     0.0
 Etot   =     -2825.1355  EKtot   =      1229.8125  EPtot      =     -4054.9480
 BOND   =       359.9715  ANGLE   =       819.3434  DIHED      =      1281.0422
 1-4 NB =       341.9536  1-4 EEL =      1707.8343  VDWAALS    =      -759.9959
 EELEC  =     -6039.1307  EGB     =     -1826.9936  RESTRAINT  =        14.0752
 EAMBER (non-restraint)  =     -4069.0232
 ESURF=        46.9520
 ------------------------------------------------------------------------------


 NSTEP =    10000   TIME(PS) =    1270.000  TEMP(K) =   303.23  PRESS =     0.0
 Etot   =     -2879.4182  EKtot   =      1238.6004  EPtot      =     -4118.0187
 BOND   =       318.5645  ANGLE   =       810.8788  DIHED      =      1270.6659
 1-4 NB =       355.4106  1-4 EEL =      1754.5337  VDWAALS    =      -746.1181
 EELEC  =     -6076.2076  EGB     =     -1864.2515  RESTRAINT  =        12.4067
 EAMBER (non-restraint)  =     -4130.4254
 ESURF=        46.0983
 ------------------------------------------------------------------------------


 NSTEP =    15000   TIME(PS) =    1280.000  TEMP(K) =   294.84  PRESS =     0.0
 Etot   =     -2859.5058  EKtot   =      1204.3376  EPtot      =     -4063.8434
 BOND   =       307.9347  ANGLE   =       815.2322  DIHED      =      1285.2678
 1-4 NB =       352.3859  1-4 EEL =      1743.1498  VDWAALS    =      -722.5483
 EELEC  =     -6011.8798  EGB     =     -1898.9731  RESTRAINT  =        18.1153
 EAMBER (non-restraint)  =     -4081.9588
 ESURF=        47.4720
 ------------------------------------------------------------------------------


 NSTEP =    20000   TIME(PS) =    1290.000  TEMP(K) =   309.11  PRESS =     0.0
 Etot   =     -2798.0743  EKtot   =      1262.6294  EPtot      =     -4060.7037
 BOND   =       344.5288  ANGLE   =       836.8705  DIHED      =      1251.5479
 1-4 NB =       341.6262  1-4 EEL =      1747.4885  VDWAALS    =      -721.4787
 EELEC  =     -5922.5793  EGB     =     -2001.6837  RESTRAINT  =        14.9989
 EAMBER (non-restraint)  =     -4075.7026
 ESURF=        47.9772
 ------------------------------------------------------------------------------


 NSTEP =    25000   TIME(PS) =    1300.000  TEMP(K) =   304.98  PRESS =     0.0
 Etot   =     -2868.2838  EKtot   =      1245.7634  EPtot      =     -4114.0472
 BOND   =       337.3552  ANGLE   =       761.3782  DIHED      =      1256.1724
 1-4 NB =       354.7718  1-4 EEL =      1735.3103  VDWAALS    =      -724.3936
 EELEC  =     -6074.6707  EGB     =     -1821.5483  RESTRAINT  =        15.2802
 EAMBER (non-restraint)  =     -4129.3273
 ESURF=        46.2973
 ------------------------------------------------------------------------------


 NSTEP =    30000   TIME(PS) =    1310.000  TEMP(K) =   309.17  PRESS =     0.0
 Etot   =     -2803.5959  EKtot   =      1262.8511  EPtot      =     -4066.4470
 BOND   =       343.8965  ANGLE   =       781.9412  DIHED      =      1271.6936
 1-4 NB =       344.8477  1-4 EEL =      1756.1666  VDWAALS    =      -738.6363
 EELEC  =     -6022.7270  EGB     =     -1867.3683  RESTRAINT  =        15.4568
 EAMBER (non-restraint)  =     -4081.9038
 ESURF=        48.2821
 ------------------------------------------------------------------------------


 NSTEP =    35000   TIME(PS) =    1320.000  TEMP(K) =   289.85  PRESS =     0.0
 Etot   =     -2905.1806  EKtot   =      1183.9234  EPtot      =     -4089.1040
 BOND   =       323.8144  ANGLE   =       822.3588  DIHED      =      1257.9455
 1-4 NB =       352.5117  1-4 EEL =      1763.4489  VDWAALS    =      -751.3518
 EELEC  =     -5986.2055  EGB     =     -1937.8299  RESTRAINT  =        19.6904
 EAMBER (non-restraint)  =     -4108.7945
 ESURF=        46.5134
 ------------------------------------------------------------------------------


 NSTEP =    40000   TIME(PS) =    1330.000  TEMP(K) =   297.69  PRESS =     0.0
 Etot   =     -2815.0338  EKtot   =      1215.9680  EPtot      =     -4031.0018
 BOND   =       337.8922  ANGLE   =       857.2042  DIHED      =      1273.4847
 1-4 NB =       355.3254  1-4 EEL =      1721.0938  VDWAALS    =      -743.9937
 EELEC  =     -6114.6364  EGB     =     -1781.6990  RESTRAINT  =        17.5880
 EAMBER (non-restraint)  =     -4048.5898
 ESURF=        46.7390
 ------------------------------------------------------------------------------


 NSTEP =    45000   TIME(PS) =    1340.000  TEMP(K) =   308.69  PRESS =     0.0
 Etot   =     -2893.7214  EKtot   =      1260.8954  EPtot      =     -4154.6167
 BOND   =       307.9623  ANGLE   =       792.6600  DIHED      =      1254.3414
 1-4 NB =       353.5784  1-4 EEL =      1725.9661  VDWAALS    =      -749.7857
 EELEC  =     -6024.2020  EGB     =     -1879.6687  RESTRAINT  =        17.4055
 EAMBER (non-restraint)  =     -4172.0222
 ESURF=        47.1260
 ------------------------------------------------------------------------------


 NSTEP =    50000   TIME(PS) =    1350.000  TEMP(K) =   294.11  PRESS =     0.0
 Etot   =     -2898.0912  EKtot   =      1201.3630  EPtot      =     -4099.4542
 BOND   =       317.5280  ANGLE   =       771.9167  DIHED      =      1302.9775
 1-4 NB =       366.4289  1-4 EEL =      1744.0109  VDWAALS    =      -726.0461
 EELEC  =     -6148.0521  EGB     =     -1787.4905  RESTRAINT  =        15.1804
 EAMBER (non-restraint)  =     -4114.6346
 ESURF=        44.0921
 ------------------------------------------------------------------------------


 NSTEP =    55000   TIME(PS) =    1360.000  TEMP(K) =   302.93  PRESS =     0.0
 Etot   =     -2889.8308  EKtot   =      1237.3497  EPtot      =     -4127.1805
 BOND   =       323.8600  ANGLE   =       771.4306  DIHED      =      1275.0226
 1-4 NB =       350.4878  1-4 EEL =      1801.0289  VDWAALS    =      -741.9213
 EELEC  =     -6159.3132  EGB     =     -1806.9541  RESTRAINT  =        12.9791
 EAMBER (non-restraint)  =     -4140.1596
 ESURF=        46.1992
 ------------------------------------------------------------------------------


 NSTEP =    60000   TIME(PS) =    1370.000  TEMP(K) =   289.79  PRESS =     0.0
 Etot   =     -2968.5144  EKtot   =      1183.6955  EPtot      =     -4152.2099
 BOND   =       348.7617  ANGLE   =       732.8301  DIHED      =      1263.2292
 1-4 NB =       350.6733  1-4 EEL =      1749.5993  VDWAALS    =      -752.4008
 EELEC  =     -6009.2255  EGB     =     -1893.2998  RESTRAINT  =        12.5439
 EAMBER (non-restraint)  =     -4164.7538
 ESURF=        45.0787
 ------------------------------------------------------------------------------


 NSTEP =    65000   TIME(PS) =    1380.000  TEMP(K) =   287.39  PRESS =     0.0
 Etot   =     -2942.2989  EKtot   =      1173.8740  EPtot      =     -4116.1729
 BOND   =       333.8764  ANGLE   =       798.3797  DIHED      =      1258.8163
 1-4 NB =       359.6203  1-4 EEL =      1751.5989  VDWAALS    =      -736.4604
 EELEC  =     -6079.8246  EGB     =     -1862.4388  RESTRAINT  =        14.5147
 EAMBER (non-restraint)  =     -4130.6876
 ESURF=        45.7447
 ------------------------------------------------------------------------------


 NSTEP =    70000   TIME(PS) =    1390.000  TEMP(K) =   302.23  PRESS =     0.0
 Etot   =     -2875.5798  EKtot   =      1234.4917  EPtot      =     -4110.0716
 BOND   =       317.1256  ANGLE   =       814.4811  DIHED      =      1240.0805
 1-4 NB =       346.3078  1-4 EEL =      1750.3632  VDWAALS    =      -748.0615
 EELEC  =     -6081.7524  EGB     =     -1812.2138  RESTRAINT  =        18.2422
 EAMBER (non-restraint)  =     -4128.3137
 ESURF=        45.3558
 ------------------------------------------------------------------------------


 NSTEP =    75000   TIME(PS) =    1400.000  TEMP(K) =   294.06  PRESS =     0.0
 Etot   =     -2867.6040  EKtot   =      1201.1311  EPtot      =     -4068.7351
 BOND   =       345.7673  ANGLE   =       831.0503  DIHED      =      1280.5824
 1-4 NB =       353.7899  1-4 EEL =      1698.6508  VDWAALS    =      -750.6998
 EELEC  =     -6117.0520  EGB     =     -1771.0947  RESTRAINT  =        15.4323
 EAMBER (non-restraint)  =     -4084.1674
 ESURF=        44.8384
 ------------------------------------------------------------------------------


 NSTEP =    80000   TIME(PS) =    1410.000  TEMP(K) =   309.53  PRESS =     0.0
 Etot   =     -2815.1732  EKtot   =      1264.3333  EPtot      =     -4079.5065
 BOND   =       349.6614  ANGLE   =       821.6717  DIHED      =      1234.4883
 1-4 NB =       353.3916  1-4 EEL =      1681.1599  VDWAALS    =      -730.3540
 EELEC  =     -6026.7208  EGB     =     -1831.5824  RESTRAINT  =        20.6562
 EAMBER (non-restraint)  =     -4100.1627
 ESURF=        48.1218
 ------------------------------------------------------------------------------


 NSTEP =    85000   TIME(PS) =    1420.000  TEMP(K) =   309.23  PRESS =     0.0
 Etot   =     -2847.9029  EKtot   =      1263.0954  EPtot      =     -4110.9984
 BOND   =       322.8874  ANGLE   =       819.9400  DIHED      =      1258.8203
 1-4 NB =       361.9728  1-4 EEL =      1775.7829  VDWAALS    =      -742.9121
 EELEC  =     -6192.9191  EGB     =     -1771.5453  RESTRAINT  =        13.2662
 EAMBER (non-restraint)  =     -4124.2646
 ESURF=        43.7085
 ------------------------------------------------------------------------------


 NSTEP =    90000   TIME(PS) =    1430.000  TEMP(K) =   307.84  PRESS =     0.0
 Etot   =     -2794.1680  EKtot   =      1257.4393  EPtot      =     -4051.6073
 BOND   =       332.4642  ANGLE   =       839.8245  DIHED      =      1261.5056
 1-4 NB =       360.4385  1-4 EEL =      1769.5706  VDWAALS    =      -742.4164
 EELEC  =     -6093.8370  EGB     =     -1840.9844  RESTRAINT  =        13.7235
 EAMBER (non-restraint)  =     -4065.3307
 ESURF=        48.1035
 ------------------------------------------------------------------------------


 NSTEP =    95000   TIME(PS) =    1440.000  TEMP(K) =   301.77  PRESS =     0.0
 Etot   =     -2851.8735  EKtot   =      1232.6249  EPtot      =     -4084.4984
 BOND   =       338.8072  ANGLE   =       821.4850  DIHED      =      1272.1101
 1-4 NB =       349.2191  1-4 EEL =      1727.4569  VDWAALS    =      -747.4132
 EELEC  =     -6127.6764  EGB     =     -1780.6529  RESTRAINT  =        16.5454
 EAMBER (non-restraint)  =     -4101.0438
 ESURF=        45.6205
 ------------------------------------------------------------------------------


 NSTEP =   100000   TIME(PS) =    1450.000  TEMP(K) =   300.55  PRESS =     0.0
 Etot   =     -2836.2443  EKtot   =      1227.6281  EPtot      =     -4063.8724
 BOND   =       337.9059  ANGLE   =       824.1278  DIHED      =      1262.6660
 1-4 NB =       352.8659  1-4 EEL =      1760.9411  VDWAALS    =      -748.4135
 EELEC  =     -6089.5122  EGB     =     -1825.4859  RESTRAINT  =        15.1297
 EAMBER (non-restraint)  =     -4079.0021
 ESURF=        45.9027
 ------------------------------------------------------------------------------


 NSTEP =   105000   TIME(PS) =    1460.000  TEMP(K) =   301.47  PRESS =     0.0
 Etot   =     -2869.1050  EKtot   =      1231.4259  EPtot      =     -4100.5309
 BOND   =       330.9027  ANGLE   =       751.5654  DIHED      =      1282.4994
 1-4 NB =       364.9662  1-4 EEL =      1806.0526  VDWAALS    =      -727.3025
 EELEC  =     -6131.9803  EGB     =     -1838.3227  RESTRAINT  =        12.9932
 EAMBER (non-restraint)  =     -4113.5241
 ESURF=        48.0951
 ------------------------------------------------------------------------------


 NSTEP =   110000   TIME(PS) =    1470.000  TEMP(K) =   301.61  PRESS =     0.0
 Etot   =     -2922.4655  EKtot   =      1231.9965  EPtot      =     -4154.4620
 BOND   =       307.0131  ANGLE   =       778.0939  DIHED      =      1269.5046
 1-4 NB =       347.0494  1-4 EEL =      1765.8413  VDWAALS    =      -732.8357
 EELEC  =     -6171.3116  EGB     =     -1779.7391  RESTRAINT  =        14.8094
 EAMBER (non-restraint)  =     -4169.2714
 ESURF=        47.1128
 ------------------------------------------------------------------------------


 NSTEP =   115000   TIME(PS) =    1480.000  TEMP(K) =   300.01  PRESS =     0.0
 Etot   =     -2802.2929  EKtot   =      1225.4411  EPtot      =     -4027.7340
 BOND   =       343.4366  ANGLE   =       804.5511  DIHED      =      1277.7355
 1-4 NB =       360.2562  1-4 EEL =      1765.8933  VDWAALS    =      -738.3590
 EELEC  =     -6072.2214  EGB     =     -1827.5599  RESTRAINT  =        12.4184
 EAMBER (non-restraint)  =     -4040.1524
 ESURF=        46.1152
 ------------------------------------------------------------------------------


 NSTEP =   120000   TIME(PS) =    1490.000  TEMP(K) =   292.10  PRESS =     0.0
 Etot   =     -2915.1215  EKtot   =      1193.1349  EPtot      =     -4108.2565
 BOND   =       336.2377  ANGLE   =       799.5765  DIHED      =      1255.6273
 1-4 NB =       346.7190  1-4 EEL =      1730.2024  VDWAALS    =      -739.9292
 EELEC  =     -6058.1983  EGB     =     -1845.7079  RESTRAINT  =        20.4702
 EAMBER (non-restraint)  =     -4128.7266
 ESURF=        46.7459
 ------------------------------------------------------------------------------


 NSTEP =   125000   TIME(PS) =    1500.000  TEMP(K) =   292.76  PRESS =     0.0
 Etot   =     -2924.0282  EKtot   =      1195.8303  EPtot      =     -4119.8585
 BOND   =       339.4031  ANGLE   =       821.4425  DIHED      =      1252.5875
 1-4 NB =       358.6093  1-4 EEL =      1708.8689  VDWAALS    =      -742.1275
 EELEC  =     -6179.1643  EGB     =     -1736.6703  RESTRAINT  =        12.4686
 EAMBER (non-restraint)  =     -4132.3271
 ESURF=        44.7236
 ------------------------------------------------------------------------------


      A V E R A G E S   O V E R      25 S T E P S


 NSTEP =   125000   TIME(PS) =    1500.000  TEMP(K) =   300.24  PRESS =     0.0
 Etot   =     -2866.7297  EKtot   =      1226.3854  EPtot      =     -4093.1152
 BOND   =       332.3023  ANGLE   =       804.0094  DIHED      =      1266.0166
 1-4 NB =       353.4083  1-4 EEL =      1745.6806  VDWAALS    =      -740.2382
 EELEC  =     -6080.4400  EGB     =     -1835.6703  RESTRAINT  =        15.4556
 EAMBER (non-restraint)  =     -4108.5708
 ESURF=        46.3606
 ------------------------------------------------------------------------------


      R M S  F L U C T U A T I O N S


 NSTEP =   125000   TIME(PS) =    1500.000  TEMP(K) =     6.69  PRESS =     0.0
 Etot   =        47.1205  EKtot   =        27.3405  EPtot      =        35.2656
 BOND   =        13.8895  ANGLE   =        29.2729  DIHED      =        14.7368
 1-4 NB =         6.5200  1-4 EEL =        28.7446  VDWAALS    =        10.1322
 EELEC  =        64.6160  EGB     =        57.0066  RESTRAINT  =         2.4823
 EAMBER (non-restraint)  =        32.7833
 ESURF=         1.2591
 ------------------------------------------------------------------------------

--------------------------------------------------------------------------------
   5.  TIMINGS
--------------------------------------------------------------------------------

|  NonSetup CPU Time in Major Routines:
|
|     Routine           Sec        %
|     ------------------------------
|     Nonbond       12755.04   98.47
|     Bond              1.33    0.01
|     Angle            22.88    0.18
|     Dihedral        130.97    1.01
|     Shake             6.24    0.05
|     RunMD            36.36    0.28
|     Other             0.08    0.00
|     ------------------------------
|     Total         12952.90

|  Generalized Born CPU Time:
|
|     Routine                 Sec        %
|     ------------------------------------
|     Radii Calc           2966.20   22.90
|     Diagonal Calc        5458.63   42.14
|     Off Diagonal Calc    4321.22   33.36
|     GBSA LCPO Calc          0.08    0.00
|     ---------------------------------
|     Total               12746.06   98.40

|  Final Performance Info:
|     -----------------------------------------------------
|     Average timings for last       1 steps:
|     Elapsed(s) =       0.00 Per Step(ms) =       0.10
|         ns/day =    1782.84   seconds/ns =      48.46
|
|     Average timings for all steps:
|     Elapsed(s) =   21947.81 Per Step(ms) =     175.58
|         ns/day =       0.98   seconds/ns =   87791.24
|     -----------------------------------------------------

|  Setup CPU time:            0.02 seconds
|  NonSetup CPU time:     12952.90 seconds
|  Total CPU time:        12952.92 seconds     3.60 hours

|  Setup wall time:           0    seconds
|  NonSetup wall time:    21948    seconds
|  Total wall time:       21948    seconds     6.10 hours
