
          -------------------------------------------------------
          Amber 22 PMEMD                              2022
          -------------------------------------------------------

| PMEMD implementation of SANDER, Release 22

|  Compiled date/time: Thu Apr 14 23:36:37 2022
| Run on 12/28/2023 at 22:35:31

|   Executable path: pmemd
| Working directory: /home/arul/Reegina/MD_Sim/sample/1JO8_info
|          Hostname: Unknown
  [-O]verwriting output

File Assignments:
|   MDIN: eq2.in                                                                
|  MDOUT: eq2.out                                                               
| INPCRD: eq1.rst7                                                              
|   PARM: 1JO8.hmass.parm7                                                      
| RESTRT: eq2.rst7                                                              
|   REFC: eq1.rst7                                                              
|  MDVEL: mdvel                                                                 
|   MDEN: mden                                                                  
|  MDCRD: eq2.crd                                                               
| MDINFO: eq2.info                                                              
|  MDFRC: mdfrc                                                                 


 Here is the input file:

&cntrl                                                                         
   ntx = 5,                                                                    
   ntwx = 5000, ntwe = 0, ntwr = 500,                                          
   ntpr = 5000,                                                                
                                                                               
   ioutfm=0, ntxo=1,                                                           
                                                                               
   imin = 0, nstlim = 125000, dt = 0.002,                                      
                                                                               
   ntt = 3, gamma_ln=1., temp0 = 300.0,                                        
   nscm = 1000, ig = -1, irest = 1,                                            
                                                                               
   ntc= 2, ntf = 2, cut = 1000,                                                
                                                                               
   igb=8, gbsa=3, surften=0.007, ntb = 0,                                      
   saltcon=0.,                                                                 
                                                                               
   ntr=1, restraintmask="@CA,N,C,O",                                           
   restraint_wt=0.1,                                                           
 /                                                                             


Note: ig = -1. Setting random seed to   483046 based on wallclock time in 
      microseconds.
| irandom = 1, using AMBER's internal random number generator (default).
 
| Conditional Compilation Defines Used:
| PUBFFT
| BINTRAJ
| EMIL

| New format PARM file being parsed.
| Version =    1.000 Date = 12/04/23 Time = 16:32:17

| Note: 1-4 EEL scale factors are being read from the topology file.

| Note: 1-4 VDW scale factors are being read from the topology file.
| INFO:    Reading atomic numbers from topology file.
| Duplicated    0 dihedrals

| Duplicated    0 dihedrals

--------------------------------------------------------------------------------
   1.  RESOURCE   USE: 
--------------------------------------------------------------------------------

 NATOM  =     892 NTYPES =      12 NBONH =     419 MBONA  =     486
 NTHETH =     962 MTHETA =     663 NPHIH =    1983 MPHIA  =    2072
 NHPARM =       0 NPARM  =       0 NNB   =    4929 NRES   =      58
 NBONA  =     486 NTHETA =     663 NPHIA =    2072 NUMBND =      53
 NUMANG =     127 NPTRA  =     147 NATYP =      25 NPHB   =       0
 IFBOX  =       0 NMXRS  =      24 IFCAP =       0 NEXTRA =       0
 NCOPY  =       0

 Implicit solvent radii are ArgH and AspGluO modified Bondi2 radii (mbondi3)                                
 Replacing prmtop screening parameters with GBn2 (igb=8) values
--------------------------------------------------------------------------------
   2.  CONTROL  DATA  FOR  THE  RUN
--------------------------------------------------------------------------------

default_name                                                                    

General flags:
     imin    =       0, nmropt  =       0

Nature and format of input:
     ntx     =       5, irest   =       1, ntrx    =       1

Nature and format of output:
     ntxo    =       1, ntpr    =    5000, ntrx    =       1, ntwr    =     500
     iwrap   =       0, ntwx    =    5000, ntwv    =       0, ntwe    =       0
     ioutfm  =       0, ntwprt  =       0, idecomp =       0, rbornstat=      0

Potential function:
     ntf     =       2, ntb     =       0, igb     =       8, nsnb    =      25
     ipol    =       0, gbsa    =       3, iesp    =       0
     dielc   =   1.00000, cut     =1000.00000, intdiel =   1.00000
     saltcon =   0.00000, offset  =   0.19514, surften =   0.00700
     rdt     =   0.00000, rgbmax  =  25.00000  extdiel =  78.50000
     alpb  =        0
     gbalphaH  =   0.78844, gbbetaH   =   0.79870,  gbgammaH  =    0.43733
     gbalphaC  =   0.73376, gbbetaC   =   0.50638,  gbgammaC  =    0.20584
     gbalphaN  =   0.50336, gbbetaN   =   0.31683,  gbgammaN  =    0.19292
     gbalphaOS =   0.86781, gbbetaOS  =   0.87664,  gbgammaOS =    0.38788
     gbalphaP  =   1.00000, gbbetaP   =   0.80000,  gbgammaP  =    4.85000
     gb_alpha_hnu  =   0.53705, gb_beta_hnu   =   0.36286,  gb_gamma_hnu  =    0.11670
     gb_alpha_cnu  =   0.33167, gb_beta_cnu   =   0.19684,  gb_gamma_cnu  =    0.09342
     gb_alpha_nnu  =   0.68631, gb_beta_nnu   =   0.46319,  gb_gamma_nnu  =    0.13872
     gb_alpha_onu  =   0.60634, gb_beta_onu   =   0.46301,  gb_gamma_onu  =    0.14226
     gb_alpha_pnu  =   0.41836, gb_beta_pnu   =   0.29005,  gb_gamma_pnu  =    0.10642

Frozen or restrained atoms:
     ibelly  =       0, ntr     =       1
     restraint_wt =   0.10000

Molecular dynamics:
     nstlim  =    125000, nscm    =         0, nrespa  =         1
     t       =   0.00000, dt      =   0.00200, vlimit  =  20.00000

Langevin dynamics temperature regulation:
     ig      =  483046
     temp0   = 300.00000, tempi   =   0.00000, gamma_ln=   1.00000

SHAKE:
     ntc     =       2, jfastw  =       0
     tol     =   0.00001

| Intermolecular bonds treatment:
|     no_intermolecular_bonds =       1

| Energy averages sample interval:
|     ene_avg_sampling =    5000

    LOADING THE CONSTRAINED ATOMS AS GROUPS


   5.  REFERENCE ATOM COORDINATES

  default_name                                                                    
     Mask @CA,N,C,O; matches   232 atoms

--------------------------------------------------------------------------------
   3.  ATOMIC COORDINATES AND VELOCITIES
--------------------------------------------------------------------------------

default_name                                                                    
 begin time read from input coords =  1250.000 ps

 
 Number of triangulated 3-point waters found:        0
| Dynamic Memory, Types Used:
| Reals               31837
| Integers           107453

--------------------------------------------------------------------------------
   4.  RESULTS
--------------------------------------------------------------------------------


 NSTEP =     5000   TIME(PS) =    1260.000  TEMP(K) =   292.62  PRESS =     0.0
 Etot   =      -718.0528  EKtot   =       656.2164  EPtot      =     -1374.2692
 BOND   =       174.1141  ANGLE   =       416.1193  DIHED      =       709.6868
 1-4 NB =       197.3717  1-4 EEL =      3411.5899  VDWAALS    =      -394.9534
 EELEC  =     -3033.5466  EGB     =     -2893.4992  RESTRAINT  =         9.5352
 EAMBER (non-restraint)  =     -1383.8044
 ESURF=        29.3131
 ------------------------------------------------------------------------------


 NSTEP =    10000   TIME(PS) =    1270.000  TEMP(K) =   313.32  PRESS =     0.0
 Etot   =      -680.4647  EKtot   =       702.6350  EPtot      =     -1383.0997
 BOND   =       180.7231  ANGLE   =       404.1231  DIHED      =       707.1715
 1-4 NB =       194.7197  1-4 EEL =      3424.3282  VDWAALS    =      -423.7825
 EELEC  =     -3072.9802  EGB     =     -2835.8297  RESTRAINT  =         8.5152
 EAMBER (non-restraint)  =     -1391.6150
 ESURF=        29.9118
 ------------------------------------------------------------------------------


 NSTEP =    15000   TIME(PS) =    1280.000  TEMP(K) =   303.05  PRESS =     0.0
 Etot   =      -675.2033  EKtot   =       679.5969  EPtot      =     -1354.8001
 BOND   =       174.7638  ANGLE   =       441.8458  DIHED      =       702.5007
 1-4 NB =       201.6436  1-4 EEL =      3439.6437  VDWAALS    =      -411.8108
 EELEC  =     -3078.8356  EGB     =     -2862.6038  RESTRAINT  =         8.8063
 EAMBER (non-restraint)  =     -1363.6065
 ESURF=        29.2461
 ------------------------------------------------------------------------------


 NSTEP =    20000   TIME(PS) =    1290.000  TEMP(K) =   301.35  PRESS =     0.0
 Etot   =      -700.4283  EKtot   =       675.7875  EPtot      =     -1376.2159
 BOND   =       171.5922  ANGLE   =       435.2811  DIHED      =       706.5426
 1-4 NB =       202.2322  1-4 EEL =      3435.5134  VDWAALS    =      -426.7034
 EELEC  =     -3080.6817  EGB     =     -2854.7481  RESTRAINT  =         6.6038
 EAMBER (non-restraint)  =     -1382.8197
 ESURF=        28.1520
 ------------------------------------------------------------------------------


 NSTEP =    25000   TIME(PS) =    1300.000  TEMP(K) =   303.35  PRESS =     0.0
 Etot   =      -666.5028  EKtot   =       680.2771  EPtot      =     -1346.7800
 BOND   =       194.5174  ANGLE   =       443.3113  DIHED      =       707.4980
 1-4 NB =       203.9886  1-4 EEL =      3422.6651  VDWAALS    =      -431.4832
 EELEC  =     -3011.6322  EGB     =     -2910.8027  RESTRAINT  =         7.5774
 EAMBER (non-restraint)  =     -1354.3574
 ESURF=        27.5805
 ------------------------------------------------------------------------------


 NSTEP =    30000   TIME(PS) =    1310.000  TEMP(K) =   282.73  PRESS =     0.0
 Etot   =      -673.1764  EKtot   =       634.0377  EPtot      =     -1307.2141
 BOND   =       178.8170  ANGLE   =       439.9077  DIHED      =       713.3199
 1-4 NB =       205.9389  1-4 EEL =      3433.4803  VDWAALS    =      -400.3193
 EELEC  =     -3030.2918  EGB     =     -2884.6321  RESTRAINT  =         7.0188
 EAMBER (non-restraint)  =     -1314.2329
 ESURF=        29.5464
 ------------------------------------------------------------------------------


 NSTEP =    35000   TIME(PS) =    1320.000  TEMP(K) =   289.80  PRESS =     0.0
 Etot   =      -745.2345  EKtot   =       649.8803  EPtot      =     -1395.1148
 BOND   =       169.5841  ANGLE   =       409.2303  DIHED      =       700.0718
 1-4 NB =       197.8638  1-4 EEL =      3441.2871  VDWAALS    =      -413.6464
 EELEC  =     -3074.2100  EGB     =     -2862.3433  RESTRAINT  =         8.2466
 EAMBER (non-restraint)  =     -1403.3614
 ESURF=        28.8012
 ------------------------------------------------------------------------------


 NSTEP =    40000   TIME(PS) =    1330.000  TEMP(K) =   305.06  PRESS =     0.0
 Etot   =      -702.6247  EKtot   =       684.1065  EPtot      =     -1386.7311
 BOND   =       171.8303  ANGLE   =       419.4254  DIHED      =       690.6536
 1-4 NB =       199.1583  1-4 EEL =      3408.3504  VDWAALS    =      -423.2611
 EELEC  =     -2986.5397  EGB     =     -2903.1568  RESTRAINT  =         9.2331
 EAMBER (non-restraint)  =     -1395.9643
 ESURF=        27.5753
 ------------------------------------------------------------------------------


 NSTEP =    45000   TIME(PS) =    1340.000  TEMP(K) =   303.94  PRESS =     0.0
 Etot   =      -696.6219  EKtot   =       681.6061  EPtot      =     -1378.2279
 BOND   =       194.6422  ANGLE   =       430.4410  DIHED      =       690.3997
 1-4 NB =       198.8370  1-4 EEL =      3405.1118  VDWAALS    =      -409.9681
 EELEC  =     -3041.0598  EGB     =     -2881.7819  RESTRAINT  =         5.7597
 EAMBER (non-restraint)  =     -1383.9877
 ESURF=        29.3904
 ------------------------------------------------------------------------------


 NSTEP =    50000   TIME(PS) =    1350.000  TEMP(K) =   304.15  PRESS =     0.0
 Etot   =      -698.6979  EKtot   =       682.0692  EPtot      =     -1380.7672
 BOND   =       167.6790  ANGLE   =       422.6529  DIHED      =       689.3308
 1-4 NB =       213.3879  1-4 EEL =      3484.7488  VDWAALS    =      -413.2052
 EELEC  =     -3099.5138  EGB     =     -2881.9198  RESTRAINT  =         7.2306
 EAMBER (non-restraint)  =     -1387.9978
 ESURF=        28.8417
 ------------------------------------------------------------------------------


 NSTEP =    55000   TIME(PS) =    1360.000  TEMP(K) =   289.66  PRESS =     0.0
 Etot   =      -697.6642  EKtot   =       649.5835  EPtot      =     -1347.2477
 BOND   =       200.7572  ANGLE   =       430.4765  DIHED      =       705.0441
 1-4 NB =       199.7237  1-4 EEL =      3439.8213  VDWAALS    =      -419.1928
 EELEC  =     -3035.0248  EGB     =     -2903.5921  RESTRAINT  =         6.7833
 EAMBER (non-restraint)  =     -1354.0310
 ESURF=        27.9560
 ------------------------------------------------------------------------------


 NSTEP =    60000   TIME(PS) =    1370.000  TEMP(K) =   288.14  PRESS =     0.0
 Etot   =      -700.9847  EKtot   =       646.1782  EPtot      =     -1347.1629
 BOND   =       178.2111  ANGLE   =       442.4738  DIHED      =       713.9148
 1-4 NB =       203.9783  1-4 EEL =      3418.0389  VDWAALS    =      -417.9381
 EELEC  =     -3073.8405  EGB     =     -2849.8445  RESTRAINT  =         8.2441
 EAMBER (non-restraint)  =     -1355.4070
 ESURF=        29.5991
 ------------------------------------------------------------------------------


 NSTEP =    65000   TIME(PS) =    1380.000  TEMP(K) =   308.30  PRESS =     0.0
 Etot   =      -677.7995  EKtot   =       691.3791  EPtot      =     -1369.1786
 BOND   =       194.7246  ANGLE   =       414.1563  DIHED      =       697.9179
 1-4 NB =       194.1768  1-4 EEL =      3440.1334  VDWAALS    =      -430.2356
 EELEC  =     -3113.2059  EGB     =     -2804.4642  RESTRAINT  =         8.1748
 EAMBER (non-restraint)  =     -1377.3534
 ESURF=        29.4432
 ------------------------------------------------------------------------------


 NSTEP =    70000   TIME(PS) =    1390.000  TEMP(K) =   306.55  PRESS =     0.0
 Etot   =      -721.5990  EKtot   =       687.4603  EPtot      =     -1409.0593
 BOND   =       167.4636  ANGLE   =       422.5185  DIHED      =       688.6879
 1-4 NB =       207.0807  1-4 EEL =      3462.0163  VDWAALS    =      -428.0867
 EELEC  =     -3071.3285  EGB     =     -2894.2541  RESTRAINT  =         8.5934
 EAMBER (non-restraint)  =     -1417.6528
 ESURF=        28.2496
 ------------------------------------------------------------------------------


 NSTEP =    75000   TIME(PS) =    1400.000  TEMP(K) =   316.21  PRESS =     0.0
 Etot   =      -678.2740  EKtot   =       709.1108  EPtot      =     -1387.3847
 BOND   =       187.7960  ANGLE   =       405.0549  DIHED      =       707.7160
 1-4 NB =       197.1044  1-4 EEL =      3456.5812  VDWAALS    =      -418.1113
 EELEC  =     -3040.5221  EGB     =     -2917.5964  RESTRAINT  =         6.9187
 EAMBER (non-restraint)  =     -1394.3035
 ESURF=        27.6739
 ------------------------------------------------------------------------------


 NSTEP =    80000   TIME(PS) =    1410.000  TEMP(K) =   296.61  PRESS =     0.0
 Etot   =      -680.8350  EKtot   =       665.1683  EPtot      =     -1346.0032
 BOND   =       187.9975  ANGLE   =       427.1244  DIHED      =       723.5556
 1-4 NB =       198.6416  1-4 EEL =      3451.8234  VDWAALS    =      -406.2545
 EELEC  =     -3142.0761  EGB     =     -2821.8494  RESTRAINT  =         7.4156
 EAMBER (non-restraint)  =     -1353.4188
 ESURF=        27.6185
 ------------------------------------------------------------------------------


 NSTEP =    85000   TIME(PS) =    1420.000  TEMP(K) =   295.57  PRESS =     0.0
 Etot   =      -698.6213  EKtot   =       662.8318  EPtot      =     -1361.4531
 BOND   =       183.6244  ANGLE   =       453.0685  DIHED      =       719.8346
 1-4 NB =       187.2110  1-4 EEL =      3417.0131  VDWAALS    =      -417.1819
 EELEC  =     -3083.5383  EGB     =     -2858.9226  RESTRAINT  =         9.3734
 EAMBER (non-restraint)  =     -1370.8265
 ESURF=        28.0648
 ------------------------------------------------------------------------------


 NSTEP =    90000   TIME(PS) =    1430.000  TEMP(K) =   308.25  PRESS =     0.0
 Etot   =      -704.0220  EKtot   =       691.2637  EPtot      =     -1395.2857
 BOND   =       190.6385  ANGLE   =       405.4839  DIHED      =       684.3728
 1-4 NB =       196.7411  1-4 EEL =      3411.8186  VDWAALS    =      -417.4230
 EELEC  =     -2986.9023  EGB     =     -2918.5310  RESTRAINT  =         9.7434
 EAMBER (non-restraint)  =     -1405.0291
 ESURF=        28.7724
 ------------------------------------------------------------------------------


 NSTEP =    95000   TIME(PS) =    1440.000  TEMP(K) =   297.52  PRESS =     0.0
 Etot   =      -643.0089  EKtot   =       667.2090  EPtot      =     -1310.2179
 BOND   =       182.6153  ANGLE   =       467.6686  DIHED      =       704.3902
 1-4 NB =       206.9010  1-4 EEL =      3447.6307  VDWAALS    =      -417.4233
 EELEC  =     -2969.8660  EGB     =     -2968.1001  RESTRAINT  =         7.3880
 EAMBER (non-restraint)  =     -1317.6058
 ESURF=        28.5777
 ------------------------------------------------------------------------------


 NSTEP =   100000   TIME(PS) =    1450.000  TEMP(K) =   295.33  PRESS =     0.0
 Etot   =      -687.1536  EKtot   =       662.3017  EPtot      =     -1349.4553
 BOND   =       179.6724  ANGLE   =       439.9454  DIHED      =       704.0863
 1-4 NB =       206.8167  1-4 EEL =      3425.8951  VDWAALS    =      -431.7324
 EELEC  =     -3002.7563  EGB     =     -2909.2816  RESTRAINT  =         9.7334
 EAMBER (non-restraint)  =     -1359.1887
 ESURF=        28.1657
 ------------------------------------------------------------------------------


 NSTEP =   105000   TIME(PS) =    1460.000  TEMP(K) =   309.42  PRESS =     0.0
 Etot   =      -653.4329  EKtot   =       693.8997  EPtot      =     -1347.3326
 BOND   =       195.1878  ANGLE   =       439.4183  DIHED      =       711.2355
 1-4 NB =       191.5266  1-4 EEL =      3404.0465  VDWAALS    =      -426.3478
 EELEC  =     -3031.4086  EGB     =     -2868.2527  RESTRAINT  =         8.2747
 EAMBER (non-restraint)  =     -1355.6073
 ESURF=        28.9871
 ------------------------------------------------------------------------------


 NSTEP =   110000   TIME(PS) =    1470.000  TEMP(K) =   293.13  PRESS =     0.0
 Etot   =      -699.9703  EKtot   =       657.3595  EPtot      =     -1357.3298
 BOND   =       201.7390  ANGLE   =       430.8216  DIHED      =       694.2874
 1-4 NB =       199.5752  1-4 EEL =      3414.7964  VDWAALS    =      -424.0858
 EELEC  =     -3038.3156  EGB     =     -2872.8383  RESTRAINT  =         8.3294
 EAMBER (non-restraint)  =     -1365.6592
 ESURF=        28.3609
 ------------------------------------------------------------------------------


 NSTEP =   115000   TIME(PS) =    1480.000  TEMP(K) =   315.51  PRESS =     0.0
 Etot   =      -631.9400  EKtot   =       707.5435  EPtot      =     -1339.4835
 BOND   =       183.4552  ANGLE   =       455.7597  DIHED      =       694.8124
 1-4 NB =       202.1561  1-4 EEL =      3414.9568  VDWAALS    =      -412.0198
 EELEC  =     -3049.7383  EGB     =     -2867.1592  RESTRAINT  =         9.8450
 EAMBER (non-restraint)  =     -1349.3285
 ESURF=        28.4486
 ------------------------------------------------------------------------------


 NSTEP =   120000   TIME(PS) =    1490.000  TEMP(K) =   288.39  PRESS =     0.0
 Etot   =      -724.1095  EKtot   =       646.7301  EPtot      =     -1370.8396
 BOND   =       190.6894  ANGLE   =       431.3777  DIHED      =       688.9477
 1-4 NB =       195.5450  1-4 EEL =      3427.4720  VDWAALS    =      -419.5644
 EELEC  =     -3041.7252  EGB     =     -2880.0450  RESTRAINT  =         7.8992
 EAMBER (non-restraint)  =     -1378.7388
 ESURF=        28.5639
 ------------------------------------------------------------------------------


 NSTEP =   125000   TIME(PS) =    1500.000  TEMP(K) =   294.77  PRESS =     0.0
 Etot   =      -686.6829  EKtot   =       661.0287  EPtot      =     -1347.7116
 BOND   =       191.0967  ANGLE   =       431.8770  DIHED      =       711.6500
 1-4 NB =       206.1476  1-4 EEL =      3397.3052  VDWAALS    =      -417.5988
 EELEC  =     -3045.4293  EGB     =     -2861.2440  RESTRAINT  =         9.6723
 EAMBER (non-restraint)  =     -1357.3839
 ESURF=        28.8116
 ------------------------------------------------------------------------------


      A V E R A G E S   O V E R      25 S T E P S


 NSTEP =   125000   TIME(PS) =    1500.000  TEMP(K) =   300.11  PRESS =     0.0
 Etot   =      -689.7242  EKtot   =       673.0104  EPtot      =     -1362.7346
 BOND   =       183.7573  ANGLE   =       430.3825  DIHED      =       702.7052
 1-4 NB =       200.3387  1-4 EEL =      3429.4427  VDWAALS    =      -418.0932
 EELEC  =     -3049.3988  EGB     =     -2878.6917  RESTRAINT  =         8.1966
 EAMBER (non-restraint)  =     -1370.9312
 ESURF=        28.6261
 ------------------------------------------------------------------------------


      R M S  F L U C T U A T I O N S


 NSTEP =   125000   TIME(PS) =    1500.000  TEMP(K) =     8.95  PRESS =     0.0
 Etot   =        24.8081  EKtot   =        20.0693  EPtot      =        24.4708
 BOND   =        10.1046  ANGLE   =        16.0029  DIHED      =        10.2399
 1-4 NB =         5.6191  1-4 EEL =        20.3460  VDWAALS    =         9.0173
 EELEC  =        39.8545  EGB     =        33.6330  RESTRAINT  =         1.1085
 EAMBER (non-restraint)  =        23.3622
 ESURF=         0.6749
 ------------------------------------------------------------------------------

--------------------------------------------------------------------------------
   5.  TIMINGS
--------------------------------------------------------------------------------

|  NonSetup CPU Time in Major Routines:
|
|     Routine           Sec        %
|     ------------------------------
|     Nonbond        3936.57   97.37
|     Bond              0.75    0.02
|     Angle            12.05    0.30
|     Dihedral         71.66    1.77
|     Shake             3.03    0.08
|     RunMD            18.82    0.47
|     Other             0.05    0.00
|     ------------------------------
|     Total          4042.93

|  Generalized Born CPU Time:
|
|     Routine                 Sec        %
|     ------------------------------------
|     Radii Calc            931.10   23.03
|     Diagonal Calc        1731.06   42.82
|     Off Diagonal Calc    1269.71   31.41
|     GBSA LCPO Calc          0.05    0.00
|     ---------------------------------
|     Total                3931.87   97.25

|  Final Performance Info:
|     -----------------------------------------------------
|     Average timings for last       1 steps:
|     Elapsed(s) =       0.00 Per Step(ms) =       0.09
|         ns/day =    1897.56   seconds/ns =      45.53
|
|     Average timings for all steps:
|     Elapsed(s) =    9224.00 Per Step(ms) =      73.79
|         ns/day =       2.34   seconds/ns =   36895.98
|     -----------------------------------------------------

|  Setup CPU time:            0.01 seconds
|  NonSetup CPU time:      4042.93 seconds
|  Total CPU time:         4042.94 seconds     1.12 hours

|  Setup wall time:           1    seconds
|  NonSetup wall time:     9224    seconds
|  Total wall time:        9225    seconds     2.56 hours
