Salt Bridges Plugin, Version 1.0
Wed Apr 17 13:10:21 +0530 2024

Parameters used in the calculation of salt bridges:
- Atomselection: protein
- Update selections every frame: yes
- Initial frame: 0
- Frame step: 1
- Final frame: 499
- Oxygen-nitrogen cut-off: 3.2
- Center of mass cut-off: none
- Write a file for each salt bridge: yes

Searching for ion-pairs with oxygen-nitrogen distance within 3.2 Angstroms in the selected frames... Done.
Removing redundancies in the ion-pairs found... Done.
Extracting identification of each salt bridge... Done.
Found 12 salt bridges.

ASP75-ARG76
ASP75-ARG73
GLU90-LYS88
GLU23-LYS25
GLU38-LYS2
ASP75-ARG60
GLU44-LYS40
ASP75-LYS72
GLU93-LYS88
GLU44-LYS50
ASP6-LYS33
GLU15-LYS16

Printing distances over all frames for each salt-bridge... Done.
