
          -------------------------------------------------------
          Amber 22 PMEMD                              2022
          -------------------------------------------------------

| PMEMD implementation of SANDER, Release 22

|  Compiled date/time: Thu Apr 14 23:36:37 2022
| Run on 12/29/2023 at 23:17:37

|   Executable path: pmemd
| Working directory: /home/arul/Reegina/MD_Sim/finalll/1BNI_info
|          Hostname: Unknown
  [-O]verwriting output

File Assignments:
|   MDIN: /home/arul/Reegina/MD_Sim/trial_file/min.in                           
|  MDOUT: min_1BNI.out                                                          
| INPCRD: 1BNI.rst7                                                             
|   PARM: 1BNI.hmass.parm7                                                      
| RESTRT: min_1BNI.rst7                                                         
|   REFC: refc                                                                  
|  MDVEL: mdvel                                                                 
|   MDEN: mden                                                                  
|  MDCRD: min_1BNI.crd                                                          
| MDINFO: min_1BNI.info                                                         
|  MDFRC: mdfrc                                                                 


 Here is the input file:

&cntrl                                                                         
  imin = 1,                                                                    
  maxcyc=100,                                                                  
  ntx = 1,                                                                     
  ntwr = 100,                                                                  
  ntpr = 10,                                                                   
  ioutfm=0,                                                                    
  ntxo=1,                                                                      
  cut = 1000.0,                                                                
  ntb=0,                                                                       
  igb = 8,                                                                     
  gbsa=3,                                                                      
  surften=0.007,                                                               
  saltcon = 0.0,                                                               
/                                                                              


Note: ig = -1. Setting random seed to    72725 based on wallclock time in 
      microseconds.
| irandom = 1, using AMBER's internal random number generator (default).
 
| Conditional Compilation Defines Used:
| PUBFFT
| BINTRAJ
| EMIL

| New format PARM file being parsed.
| Version =    1.000 Date = 12/29/23 Time = 17:09:18

| Note: 1-4 EEL scale factors are being read from the topology file.

| Note: 1-4 VDW scale factors are being read from the topology file.
| INFO:    Reading atomic numbers from topology file.
| Duplicated    0 dihedrals

| Duplicated    0 dihedrals

--------------------------------------------------------------------------------
   1.  RESOURCE   USE: 
--------------------------------------------------------------------------------

 NATOM  =    5100 NTYPES =      13 NBONH =    2508 MBONA  =    2655
 NTHETH =    5664 MTHETA =    3597 NPHIH =   11826 MPHIA  =   11214
 NHPARM =       0 NPARM  =       0 NNB   =   28062 NRES   =     324
 NBONA  =    2655 NTHETA =    3597 NPHIA =   11214 NUMBND =      61
 NUMANG =     144 NPTRA  =     169 NATYP =      30 NPHB   =       0
 IFBOX  =       0 NMXRS  =      25 IFCAP =       0 NEXTRA =       0
 NCOPY  =       0

 Implicit solvent radii are ArgH and AspGluO modified Bondi2 radii (mbondi3)                                
 Replacing prmtop screening parameters with GBn2 (igb=8) values
--------------------------------------------------------------------------------
   2.  CONTROL  DATA  FOR  THE  RUN
--------------------------------------------------------------------------------

default_name                                                                    

General flags:
     imin    =       1, nmropt  =       0

Nature and format of input:
     ntx     =       1, irest   =       0, ntrx    =       1

Nature and format of output:
     ntxo    =       1, ntpr    =      10, ntrx    =       1, ntwr    =     100
     iwrap   =       0, ntwx    =       0, ntwv    =       0, ntwe    =       0
     ioutfm  =       0, ntwprt  =       0, idecomp =       0, rbornstat=      0

Potential function:
     ntf     =       1, ntb     =       0, igb     =       8, nsnb    =      25
     ipol    =       0, gbsa    =       3, iesp    =       0
     dielc   =   1.00000, cut     =1000.00000, intdiel =   1.00000
     saltcon =   0.00000, offset  =   0.19514, surften =   0.00700
     rdt     =   0.00000, rgbmax  =  25.00000  extdiel =  78.50000
     alpb  =        0
     gbalphaH  =   0.78844, gbbetaH   =   0.79870,  gbgammaH  =    0.43733
     gbalphaC  =   0.73376, gbbetaC   =   0.50638,  gbgammaC  =    0.20584
     gbalphaN  =   0.50336, gbbetaN   =   0.31683,  gbgammaN  =    0.19292
     gbalphaOS =   0.86781, gbbetaOS  =   0.87664,  gbgammaOS =    0.38788
     gbalphaP  =   1.00000, gbbetaP   =   0.80000,  gbgammaP  =    4.85000
     gb_alpha_hnu  =   0.53705, gb_beta_hnu   =   0.36286,  gb_gamma_hnu  =    0.11670
     gb_alpha_cnu  =   0.33167, gb_beta_cnu   =   0.19684,  gb_gamma_cnu  =    0.09342
     gb_alpha_nnu  =   0.68631, gb_beta_nnu   =   0.46319,  gb_gamma_nnu  =    0.13872
     gb_alpha_onu  =   0.60634, gb_beta_onu   =   0.46301,  gb_gamma_onu  =    0.14226
     gb_alpha_pnu  =   0.41836, gb_beta_pnu   =   0.29005,  gb_gamma_pnu  =    0.10642

Frozen or restrained atoms:
     ibelly  =       0, ntr     =       0

Energy minimization:
     maxcyc  =     100, ncyc    =      10, ntmin   =       1
     dx0     =   0.01000, drms    =   0.00010

| Intermolecular bonds treatment:
|     no_intermolecular_bonds =       1

| Energy averages sample interval:
|     ene_avg_sampling =       1

--------------------------------------------------------------------------------
   3.  ATOMIC COORDINATES AND VELOCITIES
--------------------------------------------------------------------------------

default_name                                                                    
 begin time read from input coords =     0.000 ps

 
 Number of triangulated 3-point waters found:        0
| Dynamic Memory, Types Used:
| Reals              134879
| Integers           600202

--------------------------------------------------------------------------------
   4.  RESULTS
--------------------------------------------------------------------------------



   NSTEP       ENERGY          RMS            GMAX         NAME    NUMBER
      1      -2.8006E+02     4.0261E+02     2.1643E+04     HG3      3279

 BOND    =      801.8784  ANGLE   =     2656.9621  DIHED      =     3720.3483
 VDWAALS =     4384.0632  EEL     =   -23226.4576  EGB        =    -4188.4156
 1-4 VDW =     2170.0035  1-4 EEL =    13332.5284  RESTRAINT  =        0.0000
 ESURF   =       69.0267


   NSTEP       ENERGY          RMS            GMAX         NAME    NUMBER
     10      -4.4581E+03     5.0438E+01     1.6325E+03     HD2       889

 BOND    =      763.3201  ANGLE   =     2618.3634  DIHED      =     3719.4255
 VDWAALS =      473.7229  EEL     =   -23220.2711  EGB        =    -4189.2486
 1-4 VDW =     1977.8959  1-4 EEL =    13329.6180  RESTRAINT  =        0.0000
 ESURF   =       69.0438


   NSTEP       ENERGY          RMS            GMAX         NAME    NUMBER
     20      -9.3777E+03     7.5692E+00     1.8649E+02     C        3285

 BOND    =      409.1095  ANGLE   =     1442.2071  DIHED      =     3683.6356
 VDWAALS =    -2183.8952  EEL     =   -23176.3025  EGB        =    -4197.3935
 1-4 VDW =     1455.0423  1-4 EEL =    13119.5500  RESTRAINT  =        0.0000
 ESURF   =       70.3467


   NSTEP       ENERGY          RMS            GMAX         NAME    NUMBER
     30      -1.0292E+04     4.8458E+00     7.4114E+01     C        3398

 BOND    =      282.5709  ANGLE   =     1140.7078  DIHED      =     3704.7043
 VDWAALS =    -2417.8736  EEL     =   -23167.0721  EGB        =    -4204.1022
 1-4 VDW =     1318.4439  1-4 EEL =    12978.0532  RESTRAINT  =        0.0000
 ESURF   =       72.2195


   NSTEP       ENERGY          RMS            GMAX         NAME    NUMBER
     40      -1.0871E+04     3.6092E+00     1.0783E+02     C        3285

 BOND    =      184.7311  ANGLE   =      834.4357  DIHED      =     3622.1927
 VDWAALS =    -2438.1023  EEL     =   -23212.6148  EGB        =    -4201.9779
 1-4 VDW =     1258.2920  1-4 EEL =    13008.4870  RESTRAINT  =        0.0000
 ESURF   =       73.5471


   NSTEP       ENERGY          RMS            GMAX         NAME    NUMBER
     50      -1.1359E+04     2.3966E+00     3.9962E+01     CA       3272

 BOND    =      192.2300  ANGLE   =      787.6364  DIHED      =     3628.7860
 VDWAALS =    -2621.4861  EEL     =   -23231.5669  EGB        =    -4214.9443
 1-4 VDW =     1144.0734  1-4 EEL =    12879.5689  RESTRAINT  =        0.0000
 ESURF   =       77.0807


   NSTEP       ENERGY          RMS            GMAX         NAME    NUMBER
     60      -1.1448E+04     1.8549E+00     5.0641E+01     CG       3227

 BOND    =      183.4716  ANGLE   =      751.2947  DIHED      =     3612.4475
 VDWAALS =    -2636.2764  EEL     =   -23238.0468  EGB        =    -4212.5127
 1-4 VDW =     1132.3937  1-4 EEL =    12881.8119  RESTRAINT  =        0.0000
 ESURF   =       77.2856


   NSTEP       ENERGY          RMS            GMAX         NAME    NUMBER
     70      -1.1598E+04     1.8430E+00     4.1849E+01     H        3288

 BOND    =      185.2697  ANGLE   =      725.5680  DIHED      =     3579.6455
 VDWAALS =    -2676.9267  EEL     =   -23256.3664  EGB        =    -4207.9552
 1-4 VDW =     1113.6121  1-4 EEL =    12860.3946  RESTRAINT  =        0.0000
 ESURF   =       78.3357


   NSTEP       ENERGY          RMS            GMAX         NAME    NUMBER
     80      -1.1669E+04     1.9772E+00     4.5259E+01     N        3287

 BOND    =      186.9751  ANGLE   =      701.1477  DIHED      =     3568.1966
 VDWAALS =    -2679.7905  EEL     =   -23280.7749  EGB        =    -4202.1085
 1-4 VDW =     1102.5788  1-4 EEL =    12855.9603  RESTRAINT  =        0.0000
 ESURF   =       79.0331


   NSTEP       ENERGY          RMS            GMAX         NAME    NUMBER
     90      -1.1747E+04     1.2331E+00     2.6936E+01     C        3398

 BOND    =      173.2259  ANGLE   =      666.6414  DIHED      =     3558.2591
 VDWAALS =    -2684.5927  EEL     =   -23280.4861  EGB        =    -4201.3628
 1-4 VDW =     1095.4210  1-4 EEL =    12846.2437  RESTRAINT  =        0.0000
 ESURF   =       79.4168


   NSTEP       ENERGY          RMS            GMAX         NAME    NUMBER
    100      -1.1817E+04     1.3527E+00     2.0453E+01     N        3287

 BOND    =      189.2273  ANGLE   =      658.8839  DIHED      =     3551.6028
 VDWAALS =    -2701.6694  EEL     =   -23276.1139  EGB        =    -4198.9648
 1-4 VDW =     1079.1600  1-4 EEL =    12800.0855  RESTRAINT  =        0.0000
 ESURF   =       80.4609


  Maximum number of minimization cycles reached.


                    FINAL RESULTS



   NSTEP       ENERGY          RMS            GMAX         NAME    NUMBER
    100      -1.1817E+04     1.3527E+00     2.0453E+01     N        3287

 BOND    =      189.2273  ANGLE   =      658.8839  DIHED      =     3551.6028
 VDWAALS =    -2701.6694  EEL     =   -23276.1139  EGB        =    -4198.9648
 1-4 VDW =     1079.1600  1-4 EEL =    12800.0855  RESTRAINT  =        0.0000
 ESURF   =       80.4609
--------------------------------------------------------------------------------
   5.  TIMINGS
--------------------------------------------------------------------------------

|  NonSetup CPU Time in Major Routines:
|
|     Routine           Sec        %
|     ------------------------------
|     Nonbond          73.80   99.39
|     Bond              0.01    0.01
|     Angle             0.06    0.08
|     Dihedral          0.36    0.48
|     Shake             0.00    0.00
|     Other             0.02    0.03
|     ------------------------------
|     Total            74.25

|  Generalized Born CPU Time:
|
|     Routine                 Sec        %
|     ------------------------------------
|     Radii Calc             12.75   17.18
|     Diagonal Calc          24.76   33.35
|     Off Diagonal Calc      36.26   48.83
|     GBSA LCPO Calc          0.00    0.00
|     ---------------------------------
|     Total                  73.78   99.36

|  Setup CPU time:            0.06 seconds
|  NonSetup CPU time:        74.25 seconds
|  Total CPU time:           74.31 seconds     0.02 hours

|  Setup wall time:           0    seconds
|  NonSetup wall time:      152    seconds
|  Total wall time:         152    seconds     0.04 hours
