
          -------------------------------------------------------
          Amber 22 PMEMD                              2022
          -------------------------------------------------------

| PMEMD implementation of SANDER, Release 22

|  Compiled date/time: Thu Apr 14 23:36:37 2022
| Run on 01/09/2024 at 11:29:21

|   Executable path: pmemd
| Working directory: /home/arul/Reegina/MD_Sim/SET3_GROUP/2VKN_info
|          Hostname: Unknown
  [-O]verwriting output

File Assignments:
|   MDIN: eq2.in                                                                
|  MDOUT: eq2.out                                                               
| INPCRD: eq1.rst7                                                              
|   PARM: 2VKN.hmass.parm7                                                      
| RESTRT: eq2.rst7                                                              
|   REFC: eq1.rst7                                                              
|  MDVEL: mdvel                                                                 
|   MDEN: mden                                                                  
|  MDCRD: eq2.crd                                                               
| MDINFO: eq2.info                                                              
|  MDFRC: mdfrc                                                                 


 Here is the input file:

&cntrl                                                                         
   ntx = 5,                                                                    
   ntwx = 5000, ntwe = 0, ntwr = 500,                                          
   ntpr = 5000,                                                                
                                                                               
   ioutfm=0, ntxo=1,                                                           
                                                                               
   imin = 0, nstlim = 125000, dt = 0.002,                                      
                                                                               
   ntt = 3, gamma_ln=1., temp0 = 300.0,                                        
   nscm = 1000, ig = -1, irest = 1,                                            
                                                                               
   ntc= 2, ntf = 2, cut = 1000,                                                
                                                                               
   igb=8, gbsa=3, surften=0.007, ntb = 0,                                      
   saltcon=0.,                                                                 
                                                                               
   ntr=1, restraintmask="@CA,N,C,O",                                           
   restraint_wt=0.1,                                                           
 /                                                                             


Note: ig = -1. Setting random seed to   646762 based on wallclock time in 
      microseconds.
| irandom = 1, using AMBER's internal random number generator (default).
 
| Conditional Compilation Defines Used:
| PUBFFT
| BINTRAJ
| EMIL

| New format PARM file being parsed.
| Version =    1.000 Date = 01/01/24 Time = 14:18:32

| Note: 1-4 EEL scale factors are being read from the topology file.

| Note: 1-4 VDW scale factors are being read from the topology file.
| INFO:    Reading atomic numbers from topology file.
| Duplicated    0 dihedrals

| Duplicated    0 dihedrals

--------------------------------------------------------------------------------
   1.  RESOURCE   USE: 
--------------------------------------------------------------------------------

 NATOM  =    1041 NTYPES =      12 NBONH =     498 MBONA  =     556
 NTHETH =    1137 MTHETA =     756 NPHIH =    2342 MPHIA  =    2366
 NHPARM =       0 NPARM  =       0 NNB   =    5739 NRES   =      66
 NBONA  =     556 NTHETA =     756 NPHIA =    2366 NUMBND =      55
 NUMANG =     131 NPTRA  =     156 NATYP =      26 NPHB   =       0
 IFBOX  =       0 NMXRS  =      24 IFCAP =       0 NEXTRA =       0
 NCOPY  =       0

 Implicit solvent radii are ArgH and AspGluO modified Bondi2 radii (mbondi3)                                
 Replacing prmtop screening parameters with GBn2 (igb=8) values
--------------------------------------------------------------------------------
   2.  CONTROL  DATA  FOR  THE  RUN
--------------------------------------------------------------------------------

default_name                                                                    

General flags:
     imin    =       0, nmropt  =       0

Nature and format of input:
     ntx     =       5, irest   =       1, ntrx    =       1

Nature and format of output:
     ntxo    =       1, ntpr    =    5000, ntrx    =       1, ntwr    =     500
     iwrap   =       0, ntwx    =    5000, ntwv    =       0, ntwe    =       0
     ioutfm  =       0, ntwprt  =       0, idecomp =       0, rbornstat=      0

Potential function:
     ntf     =       2, ntb     =       0, igb     =       8, nsnb    =      25
     ipol    =       0, gbsa    =       3, iesp    =       0
     dielc   =   1.00000, cut     =1000.00000, intdiel =   1.00000
     saltcon =   0.00000, offset  =   0.19514, surften =   0.00700
     rdt     =   0.00000, rgbmax  =  25.00000  extdiel =  78.50000
     alpb  =        0
     gbalphaH  =   0.78844, gbbetaH   =   0.79870,  gbgammaH  =    0.43733
     gbalphaC  =   0.73376, gbbetaC   =   0.50638,  gbgammaC  =    0.20584
     gbalphaN  =   0.50336, gbbetaN   =   0.31683,  gbgammaN  =    0.19292
     gbalphaOS =   0.86781, gbbetaOS  =   0.87664,  gbgammaOS =    0.38788
     gbalphaP  =   1.00000, gbbetaP   =   0.80000,  gbgammaP  =    4.85000
     gb_alpha_hnu  =   0.53705, gb_beta_hnu   =   0.36286,  gb_gamma_hnu  =    0.11670
     gb_alpha_cnu  =   0.33167, gb_beta_cnu   =   0.19684,  gb_gamma_cnu  =    0.09342
     gb_alpha_nnu  =   0.68631, gb_beta_nnu   =   0.46319,  gb_gamma_nnu  =    0.13872
     gb_alpha_onu  =   0.60634, gb_beta_onu   =   0.46301,  gb_gamma_onu  =    0.14226
     gb_alpha_pnu  =   0.41836, gb_beta_pnu   =   0.29005,  gb_gamma_pnu  =    0.10642

Frozen or restrained atoms:
     ibelly  =       0, ntr     =       1
     restraint_wt =   0.10000

Molecular dynamics:
     nstlim  =    125000, nscm    =         0, nrespa  =         1
     t       =   0.00000, dt      =   0.00200, vlimit  =  20.00000

Langevin dynamics temperature regulation:
     ig      =  646762
     temp0   = 300.00000, tempi   =   0.00000, gamma_ln=   1.00000

SHAKE:
     ntc     =       2, jfastw  =       0
     tol     =   0.00001

| Intermolecular bonds treatment:
|     no_intermolecular_bonds =       1

| Energy averages sample interval:
|     ene_avg_sampling =    5000

    LOADING THE CONSTRAINED ATOMS AS GROUPS


   5.  REFERENCE ATOM COORDINATES

  default_name                                                                    
     Mask @CA,N,C,O; matches   264 atoms

--------------------------------------------------------------------------------
   3.  ATOMIC COORDINATES AND VELOCITIES
--------------------------------------------------------------------------------

default_name                                                                    
 begin time read from input coords =  1250.000 ps

 
 Number of triangulated 3-point waters found:        0
| Dynamic Memory, Types Used:
| Reals               36925
| Integers           124969

--------------------------------------------------------------------------------
   4.  RESULTS
--------------------------------------------------------------------------------


 NSTEP =     5000   TIME(PS) =    1260.000  TEMP(K) =   318.92  PRESS =     0.0
 Etot   =     -1115.4749  EKtot   =       831.7942  EPtot      =     -1947.2691
 BOND   =       228.5550  ANGLE   =       484.8370  DIHED      =       839.5910
 1-4 NB =       239.9988  1-4 EEL =      3034.9884  VDWAALS    =      -444.8011
 EELEC  =     -4023.3851  EGB     =     -2351.6911  RESTRAINT  =         9.4146
 EAMBER (non-restraint)  =     -1956.6837
 ESURF=        35.2234
 ------------------------------------------------------------------------------


 NSTEP =    10000   TIME(PS) =    1270.000  TEMP(K) =   308.52  PRESS =     0.0
 Etot   =     -1142.3647  EKtot   =       804.6884  EPtot      =     -1947.0530
 BOND   =       223.0546  ANGLE   =       490.2547  DIHED      =       840.0787
 1-4 NB =       231.9995  1-4 EEL =      3037.2112  VDWAALS    =      -458.0430
 EELEC  =     -3944.1501  EGB     =     -2415.4338  RESTRAINT  =        13.9063
 EAMBER (non-restraint)  =     -1960.9594
 ESURF=        34.0689
 ------------------------------------------------------------------------------


 NSTEP =    15000   TIME(PS) =    1280.000  TEMP(K) =   298.24  PRESS =     0.0
 Etot   =     -1166.2318  EKtot   =       777.8713  EPtot      =     -1944.1031
 BOND   =       217.4896  ANGLE   =       501.9383  DIHED      =       828.8015
 1-4 NB =       233.6428  1-4 EEL =      3018.6189  VDWAALS    =      -456.6579
 EELEC  =     -3885.6159  EGB     =     -2447.9132  RESTRAINT  =        11.4018
 EAMBER (non-restraint)  =     -1955.5050
 ESURF=        34.1910
 ------------------------------------------------------------------------------


 NSTEP =    20000   TIME(PS) =    1290.000  TEMP(K) =   293.81  PRESS =     0.0
 Etot   =     -1169.6999  EKtot   =       766.3087  EPtot      =     -1936.0086
 BOND   =       219.8541  ANGLE   =       511.4997  DIHED      =       832.7050
 1-4 NB =       233.4358  1-4 EEL =      3046.4672  VDWAALS    =      -454.6495
 EELEC  =     -3934.6414  EGB     =     -2437.8986  RESTRAINT  =        11.5505
 EAMBER (non-restraint)  =     -1947.5591
 ESURF=        35.6685
 ------------------------------------------------------------------------------


 NSTEP =    25000   TIME(PS) =    1300.000  TEMP(K) =   304.43  PRESS =     0.0
 Etot   =     -1151.4181  EKtot   =       794.0170  EPtot      =     -1945.4351
 BOND   =       218.2972  ANGLE   =       508.0927  DIHED      =       826.5969
 1-4 NB =       230.5126  1-4 EEL =      3018.7717  VDWAALS    =      -444.3973
 EELEC  =     -3943.3287  EGB     =     -2409.2933  RESTRAINT  =        13.3420
 EAMBER (non-restraint)  =     -1958.7771
 ESURF=        35.9710
 ------------------------------------------------------------------------------


 NSTEP =    30000   TIME(PS) =    1310.000  TEMP(K) =   313.19  PRESS =     0.0
 Etot   =     -1105.6509  EKtot   =       816.8665  EPtot      =     -1922.5174
 BOND   =       240.9537  ANGLE   =       514.6541  DIHED      =       834.4375
 1-4 NB =       219.6858  1-4 EEL =      3026.1116  VDWAALS    =      -446.6745
 EELEC  =     -3916.5222  EGB     =     -2444.4803  RESTRAINT  =        13.6293
 EAMBER (non-restraint)  =     -1936.1467
 ESURF=        35.6876
 ------------------------------------------------------------------------------


 NSTEP =    35000   TIME(PS) =    1320.000  TEMP(K) =   302.01  PRESS =     0.0
 Etot   =     -1165.2742  EKtot   =       787.7056  EPtot      =     -1952.9798
 BOND   =       206.4878  ANGLE   =       505.8001  DIHED      =       828.6981
 1-4 NB =       243.4642  1-4 EEL =      3028.7932  VDWAALS    =      -453.6400
 EELEC  =     -3921.2823  EGB     =     -2436.6048  RESTRAINT  =         9.4798
 EAMBER (non-restraint)  =     -1962.4596
 ESURF=        35.8241
 ------------------------------------------------------------------------------


 NSTEP =    40000   TIME(PS) =    1330.000  TEMP(K) =   309.57  PRESS =     0.0
 Etot   =     -1134.9678  EKtot   =       807.4229  EPtot      =     -1942.3907
 BOND   =       221.6235  ANGLE   =       509.5420  DIHED      =       823.9613
 1-4 NB =       231.1555  1-4 EEL =      2997.2626  VDWAALS    =      -451.3853
 EELEC  =     -3857.4983  EGB     =     -2460.8160  RESTRAINT  =         8.8614
 EAMBER (non-restraint)  =     -1951.2521
 ESURF=        34.9025
 ------------------------------------------------------------------------------


 NSTEP =    45000   TIME(PS) =    1340.000  TEMP(K) =   301.98  PRESS =     0.0
 Etot   =     -1189.3359  EKtot   =       787.6266  EPtot      =     -1976.9624
 BOND   =       208.1450  ANGLE   =       486.2257  DIHED      =       821.3481
 1-4 NB =       239.6357  1-4 EEL =      3043.8324  VDWAALS    =      -447.3968
 EELEC  =     -4008.5471  EGB     =     -2365.9644  RESTRAINT  =        11.5041
 EAMBER (non-restraint)  =     -1988.4666
 ESURF=        34.2549
 ------------------------------------------------------------------------------


 NSTEP =    50000   TIME(PS) =    1350.000  TEMP(K) =   304.99  PRESS =     0.0
 Etot   =     -1189.3203  EKtot   =       795.4777  EPtot      =     -1984.7980
 BOND   =       201.5610  ANGLE   =       488.8719  DIHED      =       820.1237
 1-4 NB =       232.6691  1-4 EEL =      3068.5611  VDWAALS    =      -442.2074
 EELEC  =     -4007.2664  EGB     =     -2391.6263  RESTRAINT  =         9.6307
 EAMBER (non-restraint)  =     -1994.4287
 ESURF=        34.8844
 ------------------------------------------------------------------------------


 NSTEP =    55000   TIME(PS) =    1360.000  TEMP(K) =   305.23  PRESS =     0.0
 Etot   =     -1147.1277  EKtot   =       796.1001  EPtot      =     -1943.2278
 BOND   =       239.6598  ANGLE   =       488.2896  DIHED      =       817.0930
 1-4 NB =       239.5981  1-4 EEL =      3070.7479  VDWAALS    =      -438.1533
 EELEC  =     -4003.4703  EGB     =     -2405.8903  RESTRAINT  =        14.8007
 EAMBER (non-restraint)  =     -1958.0285
 ESURF=        34.0970
 ------------------------------------------------------------------------------


 NSTEP =    60000   TIME(PS) =    1370.000  TEMP(K) =   308.42  PRESS =     0.0
 Etot   =     -1123.0552  EKtot   =       804.4054  EPtot      =     -1927.4607
 BOND   =       230.9809  ANGLE   =       506.0962  DIHED      =       831.3415
 1-4 NB =       228.3756  1-4 EEL =      3014.6074  VDWAALS    =      -450.0546
 EELEC  =     -3876.7488  EGB     =     -2458.7283  RESTRAINT  =        10.1259
 EAMBER (non-restraint)  =     -1937.5866
 ESURF=        36.5436
 ------------------------------------------------------------------------------


 NSTEP =    65000   TIME(PS) =    1380.000  TEMP(K) =   307.66  PRESS =     0.0
 Etot   =     -1144.6778  EKtot   =       802.4353  EPtot      =     -1947.1131
 BOND   =       217.9798  ANGLE   =       497.0153  DIHED      =       849.0975
 1-4 NB =       226.0250  1-4 EEL =      3016.0034  VDWAALS    =      -460.9883
 EELEC  =     -3840.9508  EGB     =     -2494.6993  RESTRAINT  =         7.8670
 EAMBER (non-restraint)  =     -1954.9802
 ESURF=        35.5372
 ------------------------------------------------------------------------------


 NSTEP =    70000   TIME(PS) =    1390.000  TEMP(K) =   304.07  PRESS =     0.0
 Etot   =     -1155.9889  EKtot   =       793.0602  EPtot      =     -1949.0491
 BOND   =       200.0773  ANGLE   =       543.9012  DIHED      =       820.6002
 1-4 NB =       235.0545  1-4 EEL =      3016.6960  VDWAALS    =      -445.7942
 EELEC  =     -3956.3060  EGB     =     -2413.2321  RESTRAINT  =        14.7880
 EAMBER (non-restraint)  =     -1963.8372
 ESURF=        35.1659
 ------------------------------------------------------------------------------


 NSTEP =    75000   TIME(PS) =    1400.000  TEMP(K) =   298.46  PRESS =     0.0
 Etot   =     -1160.2837  EKtot   =       778.4335  EPtot      =     -1938.7172
 BOND   =       232.2360  ANGLE   =       507.8477  DIHED      =       824.4572
 1-4 NB =       237.8550  1-4 EEL =      3006.7013  VDWAALS    =      -462.5427
 EELEC  =     -3856.6693  EGB     =     -2475.5568  RESTRAINT  =        12.6389
 EAMBER (non-restraint)  =     -1951.3560
 ESURF=        34.3156
 ------------------------------------------------------------------------------


 NSTEP =    80000   TIME(PS) =    1410.000  TEMP(K) =   281.31  PRESS =     0.0
 Etot   =     -1230.9593  EKtot   =       733.7136  EPtot      =     -1964.6729
 BOND   =       209.0819  ANGLE   =       519.5671  DIHED      =       816.5937
 1-4 NB =       236.0171  1-4 EEL =      3044.8731  VDWAALS    =      -455.6594
 EELEC  =     -3935.1183  EGB     =     -2442.9284  RESTRAINT  =         9.6046
 EAMBER (non-restraint)  =     -1974.2775
 ESURF=        33.2957
 ------------------------------------------------------------------------------


 NSTEP =    85000   TIME(PS) =    1420.000  TEMP(K) =   305.22  PRESS =     0.0
 Etot   =     -1158.9758  EKtot   =       796.0628  EPtot      =     -1955.0386
 BOND   =       202.7924  ANGLE   =       498.4687  DIHED      =       819.0416
 1-4 NB =       232.2699  1-4 EEL =      3050.7852  VDWAALS    =      -442.5333
 EELEC  =     -3897.4927  EGB     =     -2470.0931  RESTRAINT  =        15.7098
 EAMBER (non-restraint)  =     -1970.7484
 ESURF=        36.0127
 ------------------------------------------------------------------------------


 NSTEP =    90000   TIME(PS) =    1430.000  TEMP(K) =   295.87  PRESS =     0.0
 Etot   =     -1173.8229  EKtot   =       771.6847  EPtot      =     -1945.5076
 BOND   =       196.3550  ANGLE   =       549.6935  DIHED      =       822.3244
 1-4 NB =       229.9595  1-4 EEL =      3025.0780  VDWAALS    =      -452.7013
 EELEC  =     -3892.7214  EGB     =     -2466.9640  RESTRAINT  =         8.3258
 EAMBER (non-restraint)  =     -1953.8334
 ESURF=        35.1429
 ------------------------------------------------------------------------------


 NSTEP =    95000   TIME(PS) =    1440.000  TEMP(K) =   294.18  PRESS =     0.0
 Etot   =     -1154.2487  EKtot   =       767.2756  EPtot      =     -1921.5243
 BOND   =       224.7901  ANGLE   =       522.2321  DIHED      =       832.3720
 1-4 NB =       228.5542  1-4 EEL =      3040.2887  VDWAALS    =      -456.2350
 EELEC  =     -3935.3603  EGB     =     -2423.5572  RESTRAINT  =        11.1505
 EAMBER (non-restraint)  =     -1932.6748
 ESURF=        34.2404
 ------------------------------------------------------------------------------


 NSTEP =   100000   TIME(PS) =    1450.000  TEMP(K) =   306.37  PRESS =     0.0
 Etot   =     -1141.0208  EKtot   =       799.0734  EPtot      =     -1940.0942
 BOND   =       237.3789  ANGLE   =       499.5197  DIHED      =       827.1226
 1-4 NB =       236.0475  1-4 EEL =      3035.8299  VDWAALS    =      -434.4400
 EELEC  =     -4013.9734  EGB     =     -2375.4336  RESTRAINT  =        13.8228
 EAMBER (non-restraint)  =     -1953.9170
 ESURF=        34.0314
 ------------------------------------------------------------------------------


 NSTEP =   105000   TIME(PS) =    1460.000  TEMP(K) =   309.61  PRESS =     0.0
 Etot   =     -1176.6631  EKtot   =       807.5217  EPtot      =     -1984.1849
 BOND   =       205.8172  ANGLE   =       457.0925  DIHED      =       844.1014
 1-4 NB =       242.6016  1-4 EEL =      3066.2928  VDWAALS    =      -449.8067
 EELEC  =     -3966.9538  EGB     =     -2425.8765  RESTRAINT  =         8.2087
 EAMBER (non-restraint)  =     -1992.3936
 ESURF=        34.3379
 ------------------------------------------------------------------------------


 NSTEP =   110000   TIME(PS) =    1470.000  TEMP(K) =   293.63  PRESS =     0.0
 Etot   =     -1149.5477  EKtot   =       765.8344  EPtot      =     -1915.3821
 BOND   =       234.3964  ANGLE   =       503.7611  DIHED      =       836.3599
 1-4 NB =       237.1587  1-4 EEL =      3028.6742  VDWAALS    =      -452.9501
 EELEC  =     -3960.9150  EGB     =     -2386.9739  RESTRAINT  =        10.0042
 EAMBER (non-restraint)  =     -1925.3862
 ESURF=        35.1024
 ------------------------------------------------------------------------------


 NSTEP =   115000   TIME(PS) =    1480.000  TEMP(K) =   305.72  PRESS =     0.0
 Etot   =     -1138.2488  EKtot   =       797.3660  EPtot      =     -1935.6148
 BOND   =       223.5466  ANGLE   =       495.6395  DIHED      =       825.7299
 1-4 NB =       234.7978  1-4 EEL =      3011.9320  VDWAALS    =      -437.4986
 EELEC  =     -3901.5436  EGB     =     -2436.1706  RESTRAINT  =        11.7510
 EAMBER (non-restraint)  =     -1947.3657
 ESURF=        36.2014
 ------------------------------------------------------------------------------


 NSTEP =   120000   TIME(PS) =    1490.000  TEMP(K) =   291.03  PRESS =     0.0
 Etot   =     -1234.6760  EKtot   =       759.0568  EPtot      =     -1993.7329
 BOND   =       214.7894  ANGLE   =       496.5702  DIHED      =       814.0691
 1-4 NB =       229.0296  1-4 EEL =      3015.5313  VDWAALS    =      -448.9851
 EELEC  =     -3890.8782  EGB     =     -2470.2535  RESTRAINT  =        11.9508
 EAMBER (non-restraint)  =     -2005.6837
 ESURF=        34.4436
 ------------------------------------------------------------------------------


 NSTEP =   125000   TIME(PS) =    1500.000  TEMP(K) =   302.91  PRESS =     0.0
 Etot   =     -1135.6707  EKtot   =       790.0543  EPtot      =     -1925.7250
 BOND   =       215.9188  ANGLE   =       520.8923  DIHED      =       838.6925
 1-4 NB =       233.2283  1-4 EEL =      3012.6834  VDWAALS    =      -433.5087
 EELEC  =     -3895.7289  EGB     =     -2464.4137  RESTRAINT  =        11.7268
 EAMBER (non-restraint)  =     -1937.4518
 ESURF=        34.7843
 ------------------------------------------------------------------------------


      A V E R A G E S   O V E R      25 S T E P S


 NSTEP =   125000   TIME(PS) =    1500.000  TEMP(K) =   302.61  PRESS =     0.0
 Etot   =     -1158.1882  EKtot   =       789.2743  EPtot      =     -1947.4625
 BOND   =       218.8729  ANGLE   =       504.3321  DIHED      =       828.6135
 1-4 NB =       233.7109  1-4 EEL =      3031.0937  VDWAALS    =      -448.8682
 EELEC  =     -3930.6827  EGB     =     -2430.8997  RESTRAINT  =        11.4078
 EAMBER (non-restraint)  =     -1958.8703
 ESURF=        34.9571
 ------------------------------------------------------------------------------


      R M S  F L U C T U A T I O N S


 NSTEP =   125000   TIME(PS) =    1500.000  TEMP(K) =     7.79  PRESS =     0.0
 Etot   =        29.7840  EKtot   =        20.3219  EPtot      =        19.8016
 BOND   =        12.6281  ANGLE   =        18.4975  DIHED      =         8.9617
 1-4 NB =         5.2774  1-4 EEL =        19.1053  VDWAALS    =         7.7484
 EELEC  =        51.5186  EGB     =        36.1842  RESTRAINT  =         2.1981
 EAMBER (non-restraint)  =        17.6035
 ESURF=         0.8085
 ------------------------------------------------------------------------------

--------------------------------------------------------------------------------
   5.  TIMINGS
--------------------------------------------------------------------------------

|  NonSetup CPU Time in Major Routines:
|
|     Routine           Sec        %
|     ------------------------------
|     Nonbond        5697.55   97.66
|     Bond              1.08    0.02
|     Angle            15.46    0.27
|     Dihedral         90.81    1.56
|     Shake             4.15    0.07
|     RunMD            24.67    0.42
|     Other             0.07    0.00
|     ------------------------------
|     Total          5833.79

|  Generalized Born CPU Time:
|
|     Routine                 Sec        %
|     ------------------------------------
|     Radii Calc           1343.04   23.02
|     Diagonal Calc        2503.74   42.92
|     Off Diagonal Calc    1844.47   31.62
|     GBSA LCPO Calc          0.11    0.00
|     ---------------------------------
|     Total                5691.25   97.56

|  Final Performance Info:
|     -----------------------------------------------------
|     Average timings for last       1 steps:
|     Elapsed(s) =       0.00 Per Step(ms) =       0.10
|         ns/day =    1661.48   seconds/ns =      52.00
|
|     Average timings for all steps:
|     Elapsed(s) =   51855.52 Per Step(ms) =     414.84
|         ns/day =       0.42   seconds/ns =  207422.07
|     -----------------------------------------------------

|  Setup CPU time:            0.02 seconds
|  NonSetup CPU time:      5833.79 seconds
|  Total CPU time:         5833.81 seconds     1.62 hours

|  Setup wall time:           0    seconds
|  NonSetup wall time:    51855    seconds
|  Total wall time:       51855    seconds    14.40 hours
