
          -------------------------------------------------------
          Amber 22 PMEMD                              2022
          -------------------------------------------------------

| PMEMD implementation of SANDER, Release 22

|  Compiled date/time: Thu Apr 14 23:36:37 2022
| Run on 12/23/2023 at 11:55:55

|   Executable path: pmemd
| Working directory: /home/arul/Reegina/MD_Sim/sample/2JMC_info
|          Hostname: Unknown
  [-O]verwriting output

File Assignments:
|   MDIN: eq1.in                                                                
|  MDOUT: eq1.out                                                               
| INPCRD: heat.rst7                                                             
|   PARM: 2JMC.hmass.parm7                                                      
| RESTRT: eq1.rst7                                                              
|   REFC: heat.rst7                                                             
|  MDVEL: mdvel                                                                 
|   MDEN: mden                                                                  
|  MDCRD: eq1.crd                                                               
| MDINFO: eq1.info                                                              
|  MDFRC: mdfrc                                                                 


 Here is the input file:

&cntrl                                                                         
   ntx = 5,                                                                    
                                                                               
   ntwx = 5000, ntwe = 0, ntwr = 500,                                          
   ntpr = 5000,                                                                
                                                                               
   ioutfm=0, ntxo=1,                                                           
                                                                               
   imin = 0, nstlim = 125000, dt = 0.002,                                      
                                                                               
   ntt = 3, gamma_ln=1.0, temp0 = 300.0,                                       
   nscm = 1000, ig = -1, irest = 1,                                            
                                                                               
   ntc= 2, ntf = 2, cut = 1000,                                                
                                                                               
   igb=8, gbsa=3, surften=0.007, ntb = 0,                                      
   saltcon=0.,                                                                 
                                                                               
   ntr=1, restraintmask="@CA,N,C,O",                                           
   restraint_wt=1.0,                                                           
 /                                                                             


Note: ig = -1. Setting random seed to   141731 based on wallclock time in 
      microseconds.
| irandom = 1, using AMBER's internal random number generator (default).
 
| Conditional Compilation Defines Used:
| PUBFFT
| BINTRAJ
| EMIL

| New format PARM file being parsed.
| Version =    1.000 Date = 12/05/23 Time = 14:07:19

| Note: 1-4 EEL scale factors are being read from the topology file.

| Note: 1-4 VDW scale factors are being read from the topology file.
| INFO:    Reading atomic numbers from topology file.
| Duplicated    0 dihedrals

| Duplicated    0 dihedrals

--------------------------------------------------------------------------------
   1.  RESOURCE   USE: 
--------------------------------------------------------------------------------

 NATOM  =    1183 NTYPES =      13 NBONH =     587 MBONA  =     612
 NTHETH =    1350 MTHETA =     834 NPHIH =    2702 MPHIA  =    2601
 NHPARM =       0 NPARM  =       0 NNB   =    6588 NRES   =      77
 NBONA  =     612 NTHETA =     834 NPHIA =    2601 NUMBND =      57
 NUMANG =     135 NPTRA  =     165 NATYP =      27 NPHB   =       0
 IFBOX  =       0 NMXRS  =      24 IFCAP =       0 NEXTRA =       0
 NCOPY  =       0

 Implicit solvent radii are ArgH and AspGluO modified Bondi2 radii (mbondi3)                                
 Replacing prmtop screening parameters with GBn2 (igb=8) values
--------------------------------------------------------------------------------
   2.  CONTROL  DATA  FOR  THE  RUN
--------------------------------------------------------------------------------

default_name                                                                    

General flags:
     imin    =       0, nmropt  =       0

Nature and format of input:
     ntx     =       5, irest   =       1, ntrx    =       1

Nature and format of output:
     ntxo    =       1, ntpr    =    5000, ntrx    =       1, ntwr    =     500
     iwrap   =       0, ntwx    =    5000, ntwv    =       0, ntwe    =       0
     ioutfm  =       0, ntwprt  =       0, idecomp =       0, rbornstat=      0

Potential function:
     ntf     =       2, ntb     =       0, igb     =       8, nsnb    =      25
     ipol    =       0, gbsa    =       3, iesp    =       0
     dielc   =   1.00000, cut     =1000.00000, intdiel =   1.00000
     saltcon =   0.00000, offset  =   0.19514, surften =   0.00700
     rdt     =   0.00000, rgbmax  =  25.00000  extdiel =  78.50000
     alpb  =        0
     gbalphaH  =   0.78844, gbbetaH   =   0.79870,  gbgammaH  =    0.43733
     gbalphaC  =   0.73376, gbbetaC   =   0.50638,  gbgammaC  =    0.20584
     gbalphaN  =   0.50336, gbbetaN   =   0.31683,  gbgammaN  =    0.19292
     gbalphaOS =   0.86781, gbbetaOS  =   0.87664,  gbgammaOS =    0.38788
     gbalphaP  =   1.00000, gbbetaP   =   0.80000,  gbgammaP  =    4.85000
     gb_alpha_hnu  =   0.53705, gb_beta_hnu   =   0.36286,  gb_gamma_hnu  =    0.11670
     gb_alpha_cnu  =   0.33167, gb_beta_cnu   =   0.19684,  gb_gamma_cnu  =    0.09342
     gb_alpha_nnu  =   0.68631, gb_beta_nnu   =   0.46319,  gb_gamma_nnu  =    0.13872
     gb_alpha_onu  =   0.60634, gb_beta_onu   =   0.46301,  gb_gamma_onu  =    0.14226
     gb_alpha_pnu  =   0.41836, gb_beta_pnu   =   0.29005,  gb_gamma_pnu  =    0.10642

Frozen or restrained atoms:
     ibelly  =       0, ntr     =       1
     restraint_wt =   1.00000

Molecular dynamics:
     nstlim  =    125000, nscm    =         0, nrespa  =         1
     t       =   0.00000, dt      =   0.00200, vlimit  =  20.00000

Langevin dynamics temperature regulation:
     ig      =  141731
     temp0   = 300.00000, tempi   =   0.00000, gamma_ln=   1.00000

SHAKE:
     ntc     =       2, jfastw  =       0
     tol     =   0.00001

| Intermolecular bonds treatment:
|     no_intermolecular_bonds =       1

| Energy averages sample interval:
|     ene_avg_sampling =    5000

    LOADING THE CONSTRAINED ATOMS AS GROUPS


   5.  REFERENCE ATOM COORDINATES

  default_name                                                                    
     Mask @CA,N,C,O; matches   308 atoms

--------------------------------------------------------------------------------
   3.  ATOMIC COORDINATES AND VELOCITIES
--------------------------------------------------------------------------------

default_name                                                                    
 begin time read from input coords =  1000.000 ps

 
 Number of triangulated 3-point waters found:        0
| Dynamic Memory, Types Used:
| Reals               41831
| Integers           142180

--------------------------------------------------------------------------------
   4.  RESULTS
--------------------------------------------------------------------------------


 NSTEP =     5000   TIME(PS) =    1010.000  TEMP(K) =   305.85  PRESS =     0.0
 Etot   =      -619.1470  EKtot   =       900.1392  EPtot      =     -1519.2862
 BOND   =       218.0154  ANGLE   =       583.0444  DIHED      =       954.4648
 1-4 NB =       256.6842  1-4 EEL =      3737.4921  VDWAALS    =      -514.3551
 EELEC  =     -5592.5195  EGB     =     -1246.9862  RESTRAINT  =        49.2794
 EAMBER (non-restraint)  =     -1568.5656
 ESURF=        35.5943
 ------------------------------------------------------------------------------


 NSTEP =    10000   TIME(PS) =    1020.000  TEMP(K) =   313.17  PRESS =     0.0
 Etot   =      -594.6531  EKtot   =       921.6656  EPtot      =     -1516.3187
 BOND   =       231.6150  ANGLE   =       577.8156  DIHED      =       944.4715
 1-4 NB =       253.8470  1-4 EEL =      3750.0877  VDWAALS    =      -513.1875
 EELEC  =     -5601.3953  EGB     =     -1243.3796  RESTRAINT  =        48.6866
 EAMBER (non-restraint)  =     -1565.0053
 ESURF=        35.1203
 ------------------------------------------------------------------------------


 NSTEP =    15000   TIME(PS) =    1030.000  TEMP(K) =   296.56  PRESS =     0.0
 Etot   =      -642.9861  EKtot   =       872.7907  EPtot      =     -1515.7767
 BOND   =       226.4816  ANGLE   =       592.8468  DIHED      =       964.3163
 1-4 NB =       246.3230  1-4 EEL =      3727.3062  VDWAALS    =      -515.2679
 EELEC  =     -5554.1696  EGB     =     -1302.7692  RESTRAINT  =        63.1512
 EAMBER (non-restraint)  =     -1578.9279
 ESURF=        36.0050
 ------------------------------------------------------------------------------


 NSTEP =    20000   TIME(PS) =    1040.000  TEMP(K) =   291.13  PRESS =     0.0
 Etot   =      -629.8211  EKtot   =       856.8163  EPtot      =     -1486.6375
 BOND   =       243.9657  ANGLE   =       591.5639  DIHED      =       967.3970
 1-4 NB =       248.6360  1-4 EEL =      3747.7560  VDWAALS    =      -521.5824
 EELEC  =     -5526.2304  EGB     =     -1320.4799  RESTRAINT  =        45.2569
 EAMBER (non-restraint)  =     -1531.8944
 ESURF=        37.0798
 ------------------------------------------------------------------------------


 NSTEP =    25000   TIME(PS) =    1050.000  TEMP(K) =   321.82  PRESS =     0.0
 Etot   =      -580.5099  EKtot   =       947.1266  EPtot      =     -1527.6365
 BOND   =       224.8829  ANGLE   =       562.1803  DIHED      =       951.8968
 1-4 NB =       252.2259  1-4 EEL =      3730.4522  VDWAALS    =      -518.5372
 EELEC  =     -5495.6073  EGB     =     -1324.6624  RESTRAINT  =        54.7467
 EAMBER (non-restraint)  =     -1582.3832
 ESURF=        34.7856
 ------------------------------------------------------------------------------


 NSTEP =    30000   TIME(PS) =    1060.000  TEMP(K) =   304.48  PRESS =     0.0
 Etot   =      -640.7492  EKtot   =       896.0934  EPtot      =     -1536.8427
 BOND   =       211.6175  ANGLE   =       555.0870  DIHED      =       962.3012
 1-4 NB =       254.5019  1-4 EEL =      3749.0092  VDWAALS    =      -524.6668
 EELEC  =     -5561.8083  EGB     =     -1271.3846  RESTRAINT  =        52.2663
 EAMBER (non-restraint)  =     -1589.1090
 ESURF=        36.2340
 ------------------------------------------------------------------------------


 NSTEP =    35000   TIME(PS) =    1070.000  TEMP(K) =   316.71  PRESS =     0.0
 Etot   =      -557.7749  EKtot   =       932.0815  EPtot      =     -1489.8564
 BOND   =       246.4784  ANGLE   =       603.6513  DIHED      =       957.4214
 1-4 NB =       244.6413  1-4 EEL =      3727.8058  VDWAALS    =      -512.1308
 EELEC  =     -5581.9255  EGB     =     -1260.5240  RESTRAINT  =        50.0374
 EAMBER (non-restraint)  =     -1539.8938
 ESURF=        34.6883
 ------------------------------------------------------------------------------


 NSTEP =    40000   TIME(PS) =    1080.000  TEMP(K) =   298.10  PRESS =     0.0
 Etot   =      -621.5188  EKtot   =       877.3105  EPtot      =     -1498.8293
 BOND   =       214.2407  ANGLE   =       609.9763  DIHED      =       960.0854
 1-4 NB =       244.9618  1-4 EEL =      3723.3874  VDWAALS    =      -528.8788
 EELEC  =     -5504.2998  EGB     =     -1306.2723  RESTRAINT  =        51.6922
 EAMBER (non-restraint)  =     -1550.5215
 ESURF=        36.2778
 ------------------------------------------------------------------------------


 NSTEP =    45000   TIME(PS) =    1090.000  TEMP(K) =   311.21  PRESS =     0.0
 Etot   =      -619.5272  EKtot   =       915.8937  EPtot      =     -1535.4209
 BOND   =       231.0639  ANGLE   =       566.1765  DIHED      =       960.2054
 1-4 NB =       256.1647  1-4 EEL =      3713.6970  VDWAALS    =      -526.1513
 EELEC  =     -5536.2935  EGB     =     -1285.6287  RESTRAINT  =        50.3208
 EAMBER (non-restraint)  =     -1585.7418
 ESURF=        35.0244
 ------------------------------------------------------------------------------


 NSTEP =    50000   TIME(PS) =    1100.000  TEMP(K) =   290.68  PRESS =     0.0
 Etot   =      -608.0750  EKtot   =       855.4860  EPtot      =     -1463.5610
 BOND   =       256.8002  ANGLE   =       602.3594  DIHED      =       960.2033
 1-4 NB =       244.6366  1-4 EEL =      3733.8044  VDWAALS    =      -519.0342
 EELEC  =     -5522.2212  EGB     =     -1312.4723  RESTRAINT  =        56.7934
 EAMBER (non-restraint)  =     -1520.3544
 ESURF=        35.5694
 ------------------------------------------------------------------------------


 NSTEP =    55000   TIME(PS) =    1110.000  TEMP(K) =   298.33  PRESS =     0.0
 Etot   =      -615.8850  EKtot   =       878.0058  EPtot      =     -1493.8908
 BOND   =       254.6105  ANGLE   =       600.7769  DIHED      =       943.0199
 1-4 NB =       245.0416  1-4 EEL =      3706.3148  VDWAALS    =      -525.9245
 EELEC  =     -5477.9963  EGB     =     -1328.3555  RESTRAINT  =        52.3007
 EAMBER (non-restraint)  =     -1546.1915
 ESURF=        36.3210
 ------------------------------------------------------------------------------


 NSTEP =    60000   TIME(PS) =    1120.000  TEMP(K) =   300.81  PRESS =     0.0
 Etot   =      -646.3548  EKtot   =       885.3039  EPtot      =     -1531.6587
 BOND   =       200.2476  ANGLE   =       586.1211  DIHED      =       954.7506
 1-4 NB =       246.0242  1-4 EEL =      3739.5402  VDWAALS    =      -519.6082
 EELEC  =     -5523.0249  EGB     =     -1311.2402  RESTRAINT  =        59.1701
 EAMBER (non-restraint)  =     -1590.8288
 ESURF=        36.3609
 ------------------------------------------------------------------------------


 NSTEP =    65000   TIME(PS) =    1130.000  TEMP(K) =   303.31  PRESS =     0.0
 Etot   =      -587.6634  EKtot   =       892.6473  EPtot      =     -1480.3107
 BOND   =       234.3173  ANGLE   =       587.6728  DIHED      =       947.7431
 1-4 NB =       264.7991  1-4 EEL =      3741.3850  VDWAALS    =      -503.9225
 EELEC  =     -5559.3619  EGB     =     -1286.6686  RESTRAINT  =        57.3544
 EAMBER (non-restraint)  =     -1537.6652
 ESURF=        36.3705
 ------------------------------------------------------------------------------


 NSTEP =    70000   TIME(PS) =    1140.000  TEMP(K) =   293.56  PRESS =     0.0
 Etot   =      -605.5060  EKtot   =       863.9469  EPtot      =     -1469.4530
 BOND   =       238.8424  ANGLE   =       598.0017  DIHED      =       950.1562
 1-4 NB =       266.9130  1-4 EEL =      3740.0827  VDWAALS    =      -513.9838
 EELEC  =     -5558.7497  EGB     =     -1286.1616  RESTRAINT  =        59.3886
 EAMBER (non-restraint)  =     -1528.8416
 ESURF=        36.0574
 ------------------------------------------------------------------------------


 NSTEP =    75000   TIME(PS) =    1150.000  TEMP(K) =   308.75  PRESS =     0.0
 Etot   =      -604.5065  EKtot   =       908.6489  EPtot      =     -1513.1553
 BOND   =       226.1115  ANGLE   =       575.4375  DIHED      =       956.8616
 1-4 NB =       268.7504  1-4 EEL =      3743.7552  VDWAALS    =      -526.5370
 EELEC  =     -5564.9879  EGB     =     -1280.7645  RESTRAINT  =        52.9498
 EAMBER (non-restraint)  =     -1566.1051
 ESURF=        35.2682
 ------------------------------------------------------------------------------


 NSTEP =    80000   TIME(PS) =    1160.000  TEMP(K) =   305.14  PRESS =     0.0
 Etot   =      -616.3774  EKtot   =       898.0235  EPtot      =     -1514.4009
 BOND   =       214.7438  ANGLE   =       579.7097  DIHED      =       951.5316
 1-4 NB =       263.2550  1-4 EEL =      3764.9643  VDWAALS    =      -502.2542
 EELEC  =     -5549.7216  EGB     =     -1329.7216  RESTRAINT  =        57.9905
 EAMBER (non-restraint)  =     -1572.3914
 ESURF=        35.1015
 ------------------------------------------------------------------------------


 NSTEP =    85000   TIME(PS) =    1170.000  TEMP(K) =   297.79  PRESS =     0.0
 Etot   =      -596.6506  EKtot   =       876.4180  EPtot      =     -1473.0685
 BOND   =       247.6374  ANGLE   =       595.7541  DIHED      =       955.8439
 1-4 NB =       246.4788  1-4 EEL =      3743.7221  VDWAALS    =      -513.9207
 EELEC  =     -5543.7036  EGB     =     -1297.2617  RESTRAINT  =        57.1051
 EAMBER (non-restraint)  =     -1530.1737
 ESURF=        35.2761
 ------------------------------------------------------------------------------


 NSTEP =    90000   TIME(PS) =    1180.000  TEMP(K) =   289.40  PRESS =     0.0
 Etot   =      -638.7483  EKtot   =       851.7034  EPtot      =     -1490.4517
 BOND   =       230.9539  ANGLE   =       613.8949  DIHED      =       952.8484
 1-4 NB =       244.7932  1-4 EEL =      3764.8716  VDWAALS    =      -508.7079
 EELEC  =     -5561.8278  EGB     =     -1312.9824  RESTRAINT  =        48.7228
 EAMBER (non-restraint)  =     -1539.1745
 ESURF=        36.9815
 ------------------------------------------------------------------------------


 NSTEP =    95000   TIME(PS) =    1190.000  TEMP(K) =   297.84  PRESS =     0.0
 Etot   =      -633.8320  EKtot   =       876.5569  EPtot      =     -1510.3888
 BOND   =       212.8552  ANGLE   =       573.6520  DIHED      =       956.8540
 1-4 NB =       263.2295  1-4 EEL =      3779.7504  VDWAALS    =      -532.4035
 EELEC  =     -5568.9986  EGB     =     -1278.7877  RESTRAINT  =        49.4952
 EAMBER (non-restraint)  =     -1559.8841
 ESURF=        33.9645
 ------------------------------------------------------------------------------


 NSTEP =   100000   TIME(PS) =    1200.000  TEMP(K) =   295.08  PRESS =     0.0
 Etot   =      -622.8785  EKtot   =       868.4234  EPtot      =     -1491.3020
 BOND   =       224.9462  ANGLE   =       604.9622  DIHED      =       974.9143
 1-4 NB =       258.9783  1-4 EEL =      3770.1004  VDWAALS    =      -527.5700
 EELEC  =     -5548.5529  EGB     =     -1338.1557  RESTRAINT  =        54.1224
 EAMBER (non-restraint)  =     -1545.4244
 ESURF=        34.9528
 ------------------------------------------------------------------------------


 NSTEP =   105000   TIME(PS) =    1210.000  TEMP(K) =   297.67  PRESS =     0.0
 Etot   =      -641.6690  EKtot   =       876.0505  EPtot      =     -1517.7195
 BOND   =       215.2911  ANGLE   =       612.4516  DIHED      =       955.1874
 1-4 NB =       261.8597  1-4 EEL =      3702.7154  VDWAALS    =      -522.8116
 EELEC  =     -5535.6270  EGB     =     -1289.1110  RESTRAINT  =        48.4003
 EAMBER (non-restraint)  =     -1566.1198
 ESURF=        33.9245
 ------------------------------------------------------------------------------


 NSTEP =   110000   TIME(PS) =    1220.000  TEMP(K) =   296.91  PRESS =     0.0
 Etot   =      -643.5493  EKtot   =       873.8288  EPtot      =     -1517.3781
 BOND   =       246.4767  ANGLE   =       585.1832  DIHED      =       955.9699
 1-4 NB =       250.2477  1-4 EEL =      3794.7360  VDWAALS    =      -528.0406
 EELEC  =     -5617.6974  EGB     =     -1286.3389  RESTRAINT  =        47.6859
 EAMBER (non-restraint)  =     -1565.0640
 ESURF=        34.3995
 ------------------------------------------------------------------------------


 NSTEP =   115000   TIME(PS) =    1230.000  TEMP(K) =   295.91  PRESS =     0.0
 Etot   =      -638.4463  EKtot   =       870.8854  EPtot      =     -1509.3317
 BOND   =       225.8716  ANGLE   =       586.6098  DIHED      =       957.1226
 1-4 NB =       257.6418  1-4 EEL =      3755.2011  VDWAALS    =      -530.6076
 EELEC  =     -5513.2290  EGB     =     -1343.8158  RESTRAINT  =        61.2738
 EAMBER (non-restraint)  =     -1570.6055
 ESURF=        34.6000
 ------------------------------------------------------------------------------


 NSTEP =   120000   TIME(PS) =    1240.000  TEMP(K) =   309.65  PRESS =     0.0
 Etot   =      -609.3870  EKtot   =       911.3229  EPtot      =     -1520.7099
 BOND   =       233.5666  ANGLE   =       586.8854  DIHED      =       947.2443
 1-4 NB =       257.0766  1-4 EEL =      3803.8939  VDWAALS    =      -534.8465
 EELEC  =     -5600.8355  EGB     =     -1299.7173  RESTRAINT  =        52.6534
 EAMBER (non-restraint)  =     -1573.3633
 ESURF=        33.3691
 ------------------------------------------------------------------------------


 NSTEP =   125000   TIME(PS) =    1250.000  TEMP(K) =   299.75  PRESS =     0.0
 Etot   =      -613.6776  EKtot   =       882.1610  EPtot      =     -1495.8386
 BOND   =       213.4138  ANGLE   =       617.5134  DIHED      =       963.8527
 1-4 NB =       255.3348  1-4 EEL =      3754.2098  VDWAALS    =      -526.0218
 EELEC  =     -5540.4006  EGB     =     -1323.8523  RESTRAINT  =        53.9864
 EAMBER (non-restraint)  =     -1549.8251
 ESURF=        36.1251
 ------------------------------------------------------------------------------


      A V E R A G E S   O V E R      25 S T E P S


 NSTEP =   125000   TIME(PS) =    1250.000  TEMP(K) =   301.58  PRESS =     0.0
 Etot   =      -617.1958  EKtot   =       887.5732  EPtot      =     -1504.7690
 BOND   =       229.0019  ANGLE   =       589.9731  DIHED      =       956.2665
 1-4 NB =       254.1218  1-4 EEL =      3745.8416  VDWAALS    =      -520.4381
 EELEC  =     -5549.6474  EGB     =     -1298.6998  RESTRAINT  =        53.3932
 EAMBER (non-restraint)  =     -1558.1622
 ESURF=        35.4181
 ------------------------------------------------------------------------------


      R M S  F L U C T U A T I O N S


 NSTEP =   125000   TIME(PS) =    1250.000  TEMP(K) =     8.14  PRESS =     0.0
 Etot   =        21.8282  EKtot   =        23.9571  EPtot      =        20.1942
 BOND   =        14.4109  ANGLE   =        16.0315  DIHED      =         7.0567
 1-4 NB =         7.5940  1-4 EEL =        24.1643  VDWAALS    =         8.5012
 EELEC  =        33.3800  EGB     =        26.2426  RESTRAINT  =         4.5524
 EAMBER (non-restraint)  =        15.6418
 ESURF=         0.9447
 ------------------------------------------------------------------------------

--------------------------------------------------------------------------------
   5.  TIMINGS
--------------------------------------------------------------------------------

|  NonSetup CPU Time in Major Routines:
|
|     Routine           Sec        %
|     ------------------------------
|     Nonbond        6765.60   97.97
|     Bond              0.97    0.01
|     Angle            16.13    0.23
|     Dihedral         94.19    1.36
|     Shake             4.19    0.06
|     RunMD            24.89    0.36
|     Other             0.06    0.00
|     ------------------------------
|     Total          6906.02

|  Generalized Born CPU Time:
|
|     Routine                 Sec        %
|     ------------------------------------
|     Radii Calc           1594.74   23.09
|     Diagonal Calc        2959.95   42.86
|     Off Diagonal Calc    2204.48   31.92
|     GBSA LCPO Calc          0.06    0.00
|     ---------------------------------
|     Total                6759.18   97.87

|  Final Performance Info:
|     -----------------------------------------------------
|     Average timings for last       1 steps:
|     Elapsed(s) =       0.00 Per Step(ms) =       0.10
|         ns/day =    1782.84   seconds/ns =      48.46
|
|     Average timings for all steps:
|     Elapsed(s) =   15059.11 Per Step(ms) =     120.47
|         ns/day =       1.43   seconds/ns =   60236.44
|     -----------------------------------------------------

|  Setup CPU time:            0.02 seconds
|  NonSetup CPU time:      6906.02 seconds
|  Total CPU time:         6906.04 seconds     1.92 hours

|  Setup wall time:           0    seconds
|  NonSetup wall time:    15059    seconds
|  Total wall time:       15059    seconds     4.18 hours
