
          -------------------------------------------------------
          Amber 22 PMEMD                              2022
          -------------------------------------------------------

| PMEMD implementation of SANDER, Release 22

|  Compiled date/time: Thu Apr 14 23:36:37 2022
| Run on 12/22/2023 at 15:16:12

|   Executable path: pmemd
| Working directory: /home/arul/Reegina/MD_Sim/sample/2JMC_info
|          Hostname: Unknown
  [-O]verwriting output

File Assignments:
|   MDIN: heat.in                                                               
|  MDOUT: heat.out                                                              
| INPCRD: min_2JMC.rst7                                                         
|   PARM: 2JMC.hmass.parm7                                                      
| RESTRT: heat.rst7                                                             
|   REFC: min_2JMC.rst7                                                         
|  MDVEL: mdvel                                                                 
|   MDEN: mden                                                                  
|  MDCRD: heat.crd                                                              
| MDINFO: heat.info                                                             
|  MDFRC: mdfrc                                                                 


 Here is the input file:

&cntrl                                                                         
   ntx = 1,                                                                    
   ntwx = 5000,                                                                
   ntwe = 0,                                                                   
   ntwr = 500,                                                                 
   ntpr = 5000,                                                                
   ioutfm=0,                                                                   
   ntxo=1,                                                                     
   imin = 0,                                                                   
   nstlim = 500000,                                                            
   dt = 0.002,                                                                 
   ntt = 3,                                                                    
   gamma_ln=1.,                                                                
   temp0 = 100.0,                                                              
   nscm = 1000,                                                                
   ig = -1,                                                                    
   ntc= 2,                                                                     
   ntf = 2,                                                                    
   cut = 1000,                                                                 
   igb=8,                                                                      
   gbsa=3,                                                                     
   surften=0.007,                                                              
   ntb = 0,                                                                    
   saltcon=0.,                                                                 
   ntr=1,                                                                      
   restraintmask="@CA,N,C,O",                                                  
   restraint_wt=10.0,                                                          
   nmropt=1,                                                                   
 &end                                                                          
 &wt                                                                           
   TYPE="TEMP0", istep1=0, istep2=500000,                                      
   value1=100., value2=300.,                                                   
 &end                                                                          
 &wt                                                                           
   TYPE="END",                                                                 
 &end                                                                          


Note: ig = -1. Setting random seed to   539443 based on wallclock time in 
      microseconds.
| irandom = 1, using AMBER's internal random number generator (default).
 
| Conditional Compilation Defines Used:
| PUBFFT
| BINTRAJ
| EMIL

| New format PARM file being parsed.
| Version =    1.000 Date = 12/05/23 Time = 14:07:19

| Note: 1-4 EEL scale factors are being read from the topology file.

| Note: 1-4 VDW scale factors are being read from the topology file.
| INFO:    Reading atomic numbers from topology file.
| Duplicated    0 dihedrals

| Duplicated    0 dihedrals

--------------------------------------------------------------------------------
   1.  RESOURCE   USE: 
--------------------------------------------------------------------------------

 NATOM  =    1183 NTYPES =      13 NBONH =     587 MBONA  =     612
 NTHETH =    1350 MTHETA =     834 NPHIH =    2702 MPHIA  =    2601
 NHPARM =       0 NPARM  =       0 NNB   =    6588 NRES   =      77
 NBONA  =     612 NTHETA =     834 NPHIA =    2601 NUMBND =      57
 NUMANG =     135 NPTRA  =     165 NATYP =      27 NPHB   =       0
 IFBOX  =       0 NMXRS  =      24 IFCAP =       0 NEXTRA =       0
 NCOPY  =       0

 Implicit solvent radii are ArgH and AspGluO modified Bondi2 radii (mbondi3)                                
 Replacing prmtop screening parameters with GBn2 (igb=8) values
--------------------------------------------------------------------------------
   2.  CONTROL  DATA  FOR  THE  RUN
--------------------------------------------------------------------------------

default_name                                                                    

General flags:
     imin    =       0, nmropt  =       1

Nature and format of input:
     ntx     =       1, irest   =       0, ntrx    =       1

Nature and format of output:
     ntxo    =       1, ntpr    =    5000, ntrx    =       1, ntwr    =     500
     iwrap   =       0, ntwx    =    5000, ntwv    =       0, ntwe    =       0
     ioutfm  =       0, ntwprt  =       0, idecomp =       0, rbornstat=      0

Potential function:
     ntf     =       2, ntb     =       0, igb     =       8, nsnb    =      25
     ipol    =       0, gbsa    =       3, iesp    =       0
     dielc   =   1.00000, cut     =1000.00000, intdiel =   1.00000
     saltcon =   0.00000, offset  =   0.19514, surften =   0.00700
     rdt     =   0.00000, rgbmax  =  25.00000  extdiel =  78.50000
     alpb  =        0
     gbalphaH  =   0.78844, gbbetaH   =   0.79870,  gbgammaH  =    0.43733
     gbalphaC  =   0.73376, gbbetaC   =   0.50638,  gbgammaC  =    0.20584
     gbalphaN  =   0.50336, gbbetaN   =   0.31683,  gbgammaN  =    0.19292
     gbalphaOS =   0.86781, gbbetaOS  =   0.87664,  gbgammaOS =    0.38788
     gbalphaP  =   1.00000, gbbetaP   =   0.80000,  gbgammaP  =    4.85000
     gb_alpha_hnu  =   0.53705, gb_beta_hnu   =   0.36286,  gb_gamma_hnu  =    0.11670
     gb_alpha_cnu  =   0.33167, gb_beta_cnu   =   0.19684,  gb_gamma_cnu  =    0.09342
     gb_alpha_nnu  =   0.68631, gb_beta_nnu   =   0.46319,  gb_gamma_nnu  =    0.13872
     gb_alpha_onu  =   0.60634, gb_beta_onu   =   0.46301,  gb_gamma_onu  =    0.14226
     gb_alpha_pnu  =   0.41836, gb_beta_pnu   =   0.29005,  gb_gamma_pnu  =    0.10642

Frozen or restrained atoms:
     ibelly  =       0, ntr     =       1
     restraint_wt =  10.00000

Molecular dynamics:
     nstlim  =    500000, nscm    =         0, nrespa  =         1
     t       =   0.00000, dt      =   0.00200, vlimit  =  20.00000

Langevin dynamics temperature regulation:
     ig      =  539443
     temp0   = 100.00000, tempi   =   0.00000, gamma_ln=   1.00000

SHAKE:
     ntc     =       2, jfastw  =       0
     tol     =   0.00001

NMR refinement options:
     iscale  =       0, noeskp  =       1, ipnlty  =       1, mxsub   =       1
     scalm   = 100.00000, pencut  =   0.10000, tausw   =   0.10000

| Intermolecular bonds treatment:
|     no_intermolecular_bonds =       1

| Energy averages sample interval:
|     ene_avg_sampling =    5000

    LOADING THE CONSTRAINED ATOMS AS GROUPS


   5.  REFERENCE ATOM COORDINATES

  default_name                                                                    
     Mask @CA,N,C,O; matches   308 atoms

--------------------------------------------------------------------------------
   3.  ATOMIC COORDINATES AND VELOCITIES
--------------------------------------------------------------------------------

default_name                                                                    
 begin time read from input coords =     0.000 ps



           Begin reading energy term weight changes/NMR restraints
 WEIGHT CHANGES:
 TEMP0         0 500000  100.000000  300.000000      0      0

 RESTRAINTS:
                          ** No restraint defined **

                  Done reading weight changes/NMR restraints


 
 Number of triangulated 3-point waters found:        0
| Dynamic Memory, Types Used:
| Reals               41853
| Integers           142238

--------------------------------------------------------------------------------
   4.  RESULTS
--------------------------------------------------------------------------------


 NSTEP =        0   TIME(PS) =       0.000  TEMP(K) =     0.00  PRESS =     0.0
 Etot   =     -2096.5214  EKtot   =         0.0000  EPtot      =     -2096.5214
 BOND   =        34.8398  ANGLE   =       154.3195  DIHED      =       961.2165
 1-4 NB =       250.9253  1-4 EEL =      3791.5880  VDWAALS    =      -517.5309
 EELEC  =     -5429.7866  EGB     =     -1371.8931  RESTRAINT  =         0.0000
 ESURF=        29.8001
 ------------------------------------------------------------------------------

 NMR restraints: Bond =    0.000   Angle =     0.000   Torsion =     0.000
===============================================================================

 NSTEP =     5000   TIME(PS) =      10.000  TEMP(K) =   102.69  PRESS =     0.0
 Etot   =     -1717.9252  EKtot   =       302.2275  EPtot      =     -2020.1526
 BOND   =       103.5111  ANGLE   =       294.1655  DIHED      =       903.3891
 1-4 NB =       225.6067  1-4 EEL =      3800.2054  VDWAALS    =      -545.8661
 EELEC  =     -5505.5919  EGB     =     -1371.1822  RESTRAINT  =        41.9907
 EAMBER (non-restraint)  =     -2062.1434
 ESURF=        33.6191
 ------------------------------------------------------------------------------

 NMR restraints: Bond =    0.000   Angle =     0.000   Torsion =     0.000
===============================================================================

 NSTEP =    10000   TIME(PS) =      20.000  TEMP(K) =   106.49  PRESS =     0.0
 Etot   =     -1690.7817  EKtot   =       313.4048  EPtot      =     -2004.1865
 BOND   =       102.2627  ANGLE   =       307.2823  DIHED      =       898.2912
 1-4 NB =       240.0463  1-4 EEL =      3784.4741  VDWAALS    =      -543.5042
 EELEC  =     -5498.7065  EGB     =     -1367.5004  RESTRAINT  =        40.2002
 EAMBER (non-restraint)  =     -2044.3867
 ESURF=        32.9679
 ------------------------------------------------------------------------------

 NMR restraints: Bond =    0.000   Angle =     0.000   Torsion =     0.000
===============================================================================

 NSTEP =    15000   TIME(PS) =      30.000  TEMP(K) =   109.10  PRESS =     0.0
 Etot   =     -1690.3170  EKtot   =       321.0897  EPtot      =     -2011.4067
 BOND   =        94.0649  ANGLE   =       304.7770  DIHED      =       897.1535
 1-4 NB =       240.3021  1-4 EEL =      3799.7521  VDWAALS    =      -539.1171
 EELEC  =     -5526.7554  EGB     =     -1357.2001  RESTRAINT  =        42.9901
 EAMBER (non-restraint)  =     -2054.3967
 ESURF=        32.6262
 ------------------------------------------------------------------------------

 NMR restraints: Bond =    0.000   Angle =     0.000   Torsion =     0.000
===============================================================================

 NSTEP =    20000   TIME(PS) =      40.000  TEMP(K) =   103.99  PRESS =     0.0
 Etot   =     -1702.6000  EKtot   =       306.0334  EPtot      =     -2008.6334
 BOND   =       110.0227  ANGLE   =       286.5676  DIHED      =       901.0996
 1-4 NB =       243.2037  1-4 EEL =      3781.6709  VDWAALS    =      -537.9632
 EELEC  =     -5550.3095  EGB     =     -1317.1670  RESTRAINT  =        41.6356
 EAMBER (non-restraint)  =     -2050.2690
 ESURF=        32.6061
 ------------------------------------------------------------------------------

 NMR restraints: Bond =    0.000   Angle =     0.000   Torsion =     0.000
===============================================================================

 NSTEP =    25000   TIME(PS) =      50.000  TEMP(K) =   108.63  PRESS =     0.0
 Etot   =     -1689.8876  EKtot   =       319.6946  EPtot      =     -2009.5822
 BOND   =       108.8677  ANGLE   =       302.8819  DIHED      =       894.0592
 1-4 NB =       233.0583  1-4 EEL =      3796.5936  VDWAALS    =      -540.0214
 EELEC  =     -5532.0014  EGB     =     -1346.3201  RESTRAINT  =        39.9985
 EAMBER (non-restraint)  =     -2049.5807
 ESURF=        33.3016
 ------------------------------------------------------------------------------

 NMR restraints: Bond =    0.000   Angle =     0.000   Torsion =     0.000
===============================================================================

 NSTEP =    30000   TIME(PS) =      60.000  TEMP(K) =   107.58  PRESS =     0.0
 Etot   =     -1686.3378  EKtot   =       316.6035  EPtot      =     -2002.9412
 BOND   =       101.1163  ANGLE   =       304.0146  DIHED      =       896.7519
 1-4 NB =       235.0265  1-4 EEL =      3791.1270  VDWAALS    =      -542.4009
 EELEC  =     -5522.7587  EGB     =     -1341.2600  RESTRAINT  =        41.9491
 EAMBER (non-restraint)  =     -2044.8903
 ESURF=        33.4931
 ------------------------------------------------------------------------------

 NMR restraints: Bond =    0.000   Angle =     0.000   Torsion =     0.000
===============================================================================

 NSTEP =    35000   TIME(PS) =      70.000  TEMP(K) =   108.32  PRESS =     0.0
 Etot   =     -1673.4740  EKtot   =       318.7815  EPtot      =     -1992.2555
 BOND   =        96.3527  ANGLE   =       315.5769  DIHED      =       908.1149
 1-4 NB =       237.8479  1-4 EEL =      3794.0990  VDWAALS    =      -534.0345
 EELEC  =     -5587.8937  EGB     =     -1297.4657  RESTRAINT  =        42.1281
 EAMBER (non-restraint)  =     -2034.3836
 ESURF=        33.0189
 ------------------------------------------------------------------------------

 NMR restraints: Bond =    0.000   Angle =     0.000   Torsion =     0.000
===============================================================================

 NSTEP =    40000   TIME(PS) =      80.000  TEMP(K) =   116.57  PRESS =     0.0
 Etot   =     -1645.3289  EKtot   =       343.0734  EPtot      =     -1988.4024
 BOND   =       114.2532  ANGLE   =       313.1402  DIHED      =       903.9847
 1-4 NB =       240.0234  1-4 EEL =      3794.8592  VDWAALS    =      -544.9010
 EELEC  =     -5596.9485  EGB     =     -1288.8385  RESTRAINT  =        44.1852
 EAMBER (non-restraint)  =     -2032.5876
 ESURF=        31.8397
 ------------------------------------------------------------------------------

 NMR restraints: Bond =    0.000   Angle =     0.000   Torsion =     0.000
===============================================================================

 NSTEP =    45000   TIME(PS) =      90.000  TEMP(K) =   121.84  PRESS =     0.0
 Etot   =     -1620.0391  EKtot   =       358.5926  EPtot      =     -1978.6317
 BOND   =       109.5276  ANGLE   =       301.3935  DIHED      =       913.7818
 1-4 NB =       235.4804  1-4 EEL =      3814.1266  VDWAALS    =      -545.2281
 EELEC  =     -5563.6575  EGB     =     -1322.7969  RESTRAINT  =        46.0465
 EAMBER (non-restraint)  =     -2024.6782
 ESURF=        32.6943
 ------------------------------------------------------------------------------

 NMR restraints: Bond =    0.000   Angle =     0.000   Torsion =     0.000
===============================================================================

 NSTEP =    50000   TIME(PS) =     100.000  TEMP(K) =   122.71  PRESS =     0.0
 Etot   =     -1615.0970  EKtot   =       361.1511  EPtot      =     -1976.2481
 BOND   =       112.6401  ANGLE   =       318.1121  DIHED      =       904.4985
 1-4 NB =       243.0043  1-4 EEL =      3798.4750  VDWAALS    =      -542.1731
 EELEC  =     -5537.8553  EGB     =     -1352.1633  RESTRAINT  =        46.5795
 EAMBER (non-restraint)  =     -2022.8276
 ESURF=        32.6340
 ------------------------------------------------------------------------------

 NMR restraints: Bond =    0.000   Angle =     0.000   Torsion =     0.000
===============================================================================

 NSTEP =    55000   TIME(PS) =     110.000  TEMP(K) =   113.78  PRESS =     0.0
 Etot   =     -1645.8310  EKtot   =       334.8621  EPtot      =     -1980.6932
 BOND   =       111.9901  ANGLE   =       311.0757  DIHED      =       906.6105
 1-4 NB =       235.4239  1-4 EEL =      3812.1445  VDWAALS    =      -544.9144
 EELEC  =     -5508.9899  EGB     =     -1379.9303  RESTRAINT  =        43.4950
 EAMBER (non-restraint)  =     -2024.1882
 ESURF=        32.4019
 ------------------------------------------------------------------------------

 NMR restraints: Bond =    0.000   Angle =     0.000   Torsion =     0.000
===============================================================================

 NSTEP =    60000   TIME(PS) =     120.000  TEMP(K) =   126.22  PRESS =     0.0
 Etot   =     -1586.2792  EKtot   =       371.4702  EPtot      =     -1957.7494
 BOND   =       116.8213  ANGLE   =       328.3687  DIHED      =       900.5066
 1-4 NB =       234.5394  1-4 EEL =      3781.2747  VDWAALS    =      -528.3289
 EELEC  =     -5486.0915  EGB     =     -1385.3653  RESTRAINT  =        47.0993
 EAMBER (non-restraint)  =     -2004.8487
 ESURF=        33.4262
 ------------------------------------------------------------------------------

 NMR restraints: Bond =    0.000   Angle =     0.000   Torsion =     0.000
===============================================================================

 NSTEP =    65000   TIME(PS) =     130.000  TEMP(K) =   123.41  PRESS =     0.0
 Etot   =     -1592.3553  EKtot   =       363.2120  EPtot      =     -1955.5673
 BOND   =       111.0049  ANGLE   =       319.6854  DIHED      =       899.4068
 1-4 NB =       232.9973  1-4 EEL =      3815.2507  VDWAALS    =      -540.1842
 EELEC  =     -5473.2842  EGB     =     -1403.5671  RESTRAINT  =        49.3174
 EAMBER (non-restraint)  =     -2004.8847
 ESURF=        33.8058
 ------------------------------------------------------------------------------

 NMR restraints: Bond =    0.000   Angle =     0.000   Torsion =     0.000
===============================================================================

 NSTEP =    70000   TIME(PS) =     140.000  TEMP(K) =   125.79  PRESS =     0.0
 Etot   =     -1592.7734  EKtot   =       370.2109  EPtot      =     -1962.9843
 BOND   =       127.1493  ANGLE   =       305.1377  DIHED      =       913.5458
 1-4 NB =       241.4955  1-4 EEL =      3799.0596  VDWAALS    =      -542.2471
 EELEC  =     -5500.8059  EGB     =     -1379.6716  RESTRAINT  =        39.4134
 EAMBER (non-restraint)  =     -2002.3977
 ESURF=        33.9390
 ------------------------------------------------------------------------------

 NMR restraints: Bond =    0.000   Angle =     0.000   Torsion =     0.000
===============================================================================

 NSTEP =    75000   TIME(PS) =     150.000  TEMP(K) =   131.72  PRESS =     0.0
 Etot   =     -1552.8532  EKtot   =       387.6621  EPtot      =     -1940.5153
 BOND   =       112.4180  ANGLE   =       334.0017  DIHED      =       916.3356
 1-4 NB =       235.3125  1-4 EEL =      3795.5042  VDWAALS    =      -535.8397
 EELEC  =     -5492.5141  EGB     =     -1386.8010  RESTRAINT  =        46.8324
 EAMBER (non-restraint)  =     -1987.3477
 ESURF=        34.2350
 ------------------------------------------------------------------------------

 NMR restraints: Bond =    0.000   Angle =     0.000   Torsion =     0.000
===============================================================================

 NSTEP =    80000   TIME(PS) =     160.000  TEMP(K) =   132.81  PRESS =     0.0
 Etot   =     -1545.3790  EKtot   =       390.8704  EPtot      =     -1936.2494
 BOND   =       125.3309  ANGLE   =       334.3811  DIHED      =       900.4563
 1-4 NB =       245.4827  1-4 EEL =      3795.9548  VDWAALS    =      -533.1733
 EELEC  =     -5489.4182  EGB     =     -1393.3495  RESTRAINT  =        44.1357
 EAMBER (non-restraint)  =     -1980.3851
 ESURF=        33.9500
 ------------------------------------------------------------------------------

 NMR restraints: Bond =    0.000   Angle =     0.000   Torsion =     0.000
===============================================================================

 NSTEP =    85000   TIME(PS) =     170.000  TEMP(K) =   137.43  PRESS =     0.0
 Etot   =     -1534.5900  EKtot   =       404.4530  EPtot      =     -1939.0430
 BOND   =       107.2078  ANGLE   =       323.3689  DIHED      =       899.6289
 1-4 NB =       248.0166  1-4 EEL =      3809.0159  VDWAALS    =      -530.1991
 EELEC  =     -5495.2256  EGB     =     -1379.2837  RESTRAINT  =        45.0805
 EAMBER (non-restraint)  =     -1984.1235
 ESURF=        33.3469
 ------------------------------------------------------------------------------

 NMR restraints: Bond =    0.000   Angle =     0.000   Torsion =     0.000
===============================================================================

 NSTEP =    90000   TIME(PS) =     180.000  TEMP(K) =   131.63  PRESS =     0.0
 Etot   =     -1541.6140  EKtot   =       387.3964  EPtot      =     -1929.0104
 BOND   =       123.3137  ANGLE   =       331.9515  DIHED      =       917.2789
 1-4 NB =       240.0258  1-4 EEL =      3804.8918  VDWAALS    =      -538.0837
 EELEC  =     -5504.2204  EGB     =     -1383.4701  RESTRAINT  =        45.4135
 EAMBER (non-restraint)  =     -1974.4239
 ESURF=        33.8886
 ------------------------------------------------------------------------------

 NMR restraints: Bond =    0.000   Angle =     0.000   Torsion =     0.000
===============================================================================

 NSTEP =    95000   TIME(PS) =     190.000  TEMP(K) =   142.94  PRESS =     0.0
 Etot   =     -1501.8466  EKtot   =       420.6737  EPtot      =     -1922.5203
 BOND   =       123.0530  ANGLE   =       332.0480  DIHED      =       917.0792
 1-4 NB =       240.2594  1-4 EEL =      3811.3074  VDWAALS    =      -538.0137
 EELEC  =     -5518.6654  EGB     =     -1373.9721  RESTRAINT  =        51.2307
 EAMBER (non-restraint)  =     -1973.7510
 ESURF=        33.1533
 ------------------------------------------------------------------------------

 NMR restraints: Bond =    0.000   Angle =     0.000   Torsion =     0.000
===============================================================================

 NSTEP =   100000   TIME(PS) =     200.000  TEMP(K) =   130.42  PRESS =     0.0
 Etot   =     -1550.9863  EKtot   =       383.8277  EPtot      =     -1934.8140
 BOND   =       121.2065  ANGLE   =       327.9460  DIHED      =       905.4012
 1-4 NB =       242.1444  1-4 EEL =      3795.4250  VDWAALS    =      -528.2577
 EELEC  =     -5489.5706  EGB     =     -1386.3166  RESTRAINT  =        43.7936
 EAMBER (non-restraint)  =     -1978.6076
 ESURF=        33.4142
 ------------------------------------------------------------------------------

 NMR restraints: Bond =    0.000   Angle =     0.000   Torsion =     0.000
===============================================================================

 NSTEP =   105000   TIME(PS) =     210.000  TEMP(K) =   142.49  PRESS =     0.0
 Etot   =     -1516.4961  EKtot   =       419.3392  EPtot      =     -1935.8353
 BOND   =       126.2909  ANGLE   =       331.9384  DIHED      =       908.6414
 1-4 NB =       241.2595  1-4 EEL =      3793.9876  VDWAALS    =      -538.4546
 EELEC  =     -5532.5143  EGB     =     -1345.4125  RESTRAINT  =        45.1734
 EAMBER (non-restraint)  =     -1981.0086
 ESURF=        33.2551
 ------------------------------------------------------------------------------

 NMR restraints: Bond =    0.000   Angle =     0.000   Torsion =     0.000
===============================================================================

 NSTEP =   110000   TIME(PS) =     220.000  TEMP(K) =   141.66  PRESS =     0.0
 Etot   =     -1485.0757  EKtot   =       416.9022  EPtot      =     -1901.9778
 BOND   =       119.8001  ANGLE   =       366.2248  DIHED      =       904.4834
 1-4 NB =       235.6867  1-4 EEL =      3806.5350  VDWAALS    =      -534.1028
 EELEC  =     -5558.4716  EGB     =     -1327.5946  RESTRAINT  =        52.4993
 EAMBER (non-restraint)  =     -1954.4772
 ESURF=        32.9619
 ------------------------------------------------------------------------------

 NMR restraints: Bond =    0.000   Angle =     0.000   Torsion =     0.000
===============================================================================

 NSTEP =   115000   TIME(PS) =     230.000  TEMP(K) =   145.70  PRESS =     0.0
 Etot   =     -1487.8629  EKtot   =       428.7967  EPtot      =     -1916.6597
 BOND   =       137.0069  ANGLE   =       344.1585  DIHED      =       915.8843
 1-4 NB =       239.4302  1-4 EEL =      3787.1507  VDWAALS    =      -525.6601
 EELEC  =     -5504.0044  EGB     =     -1385.8971  RESTRAINT  =        41.3993
 EAMBER (non-restraint)  =     -1958.0589
 ESURF=        33.8721
 ------------------------------------------------------------------------------

 NMR restraints: Bond =    0.000   Angle =     0.000   Torsion =     0.000
===============================================================================

 NSTEP =   120000   TIME(PS) =     240.000  TEMP(K) =   148.53  PRESS =     0.0
 Etot   =     -1455.1068  EKtot   =       437.1295  EPtot      =     -1892.2363
 BOND   =       125.4147  ANGLE   =       354.5132  DIHED      =       914.6335
 1-4 NB =       247.8540  1-4 EEL =      3800.4494  VDWAALS    =      -537.0701
 EELEC  =     -5522.1819  EGB     =     -1359.2970  RESTRAINT  =        50.9152
 EAMBER (non-restraint)  =     -1943.1515
 ESURF=        32.5328
 ------------------------------------------------------------------------------

 NMR restraints: Bond =    0.000   Angle =     0.000   Torsion =     0.000
===============================================================================

 NSTEP =   125000   TIME(PS) =     250.000  TEMP(K) =   144.99  PRESS =     0.0
 Etot   =     -1485.9261  EKtot   =       426.7146  EPtot      =     -1912.6406
 BOND   =       116.4425  ANGLE   =       355.0743  DIHED      =       910.7407
 1-4 NB =       246.6602  1-4 EEL =      3794.6122  VDWAALS    =      -544.0399
 EELEC  =     -5452.8495  EGB     =     -1417.4415  RESTRAINT  =        44.5551
 EAMBER (non-restraint)  =     -1957.1957
 ESURF=        33.6053
 ------------------------------------------------------------------------------

 NMR restraints: Bond =    0.000   Angle =     0.000   Torsion =     0.000
===============================================================================

 NSTEP =   130000   TIME(PS) =     260.000  TEMP(K) =   153.90  PRESS =     0.0
 Etot   =     -1427.6605  EKtot   =       452.9242  EPtot      =     -1880.5847
 BOND   =       142.4617  ANGLE   =       360.8666  DIHED      =       909.4491
 1-4 NB =       237.7335  1-4 EEL =      3811.9667  VDWAALS    =      -533.9363
 EELEC  =     -5517.8313  EGB     =     -1371.5916  RESTRAINT  =        46.8333
 EAMBER (non-restraint)  =     -1927.4181
 ESURF=        33.4635
 ------------------------------------------------------------------------------

 NMR restraints: Bond =    0.000   Angle =     0.000   Torsion =     0.000
===============================================================================

 NSTEP =   135000   TIME(PS) =     270.000  TEMP(K) =   150.11  PRESS =     0.0
 Etot   =     -1458.8242  EKtot   =       441.7784  EPtot      =     -1900.6026
 BOND   =       121.4920  ANGLE   =       362.1486  DIHED      =       914.8095
 1-4 NB =       237.7898  1-4 EEL =      3782.2667  VDWAALS    =      -538.5546
 EELEC  =     -5491.4845  EGB     =     -1371.1793  RESTRAINT  =        48.8777
 EAMBER (non-restraint)  =     -1949.4803
 ESURF=        33.2316
 ------------------------------------------------------------------------------

 NMR restraints: Bond =    0.000   Angle =     0.000   Torsion =     0.000
===============================================================================

 NSTEP =   140000   TIME(PS) =     280.000  TEMP(K) =   151.42  PRESS =     0.0
 Etot   =     -1444.2379  EKtot   =       445.6462  EPtot      =     -1889.8841
 BOND   =       129.8521  ANGLE   =       347.2220  DIHED      =       917.7045
 1-4 NB =       238.6352  1-4 EEL =      3800.9692  VDWAALS    =      -532.8647
 EELEC  =     -5479.9828  EGB     =     -1395.2041  RESTRAINT  =        50.1671
 EAMBER (non-restraint)  =     -1940.0512
 ESURF=        33.6174
 ------------------------------------------------------------------------------

 NMR restraints: Bond =    0.000   Angle =     0.000   Torsion =     0.000
===============================================================================

 NSTEP =   145000   TIME(PS) =     290.000  TEMP(K) =   157.01  PRESS =     0.0
 Etot   =     -1418.6436  EKtot   =       462.0960  EPtot      =     -1880.7396
 BOND   =       135.2401  ANGLE   =       357.5519  DIHED      =       922.8117
 1-4 NB =       241.8748  1-4 EEL =      3793.2713  VDWAALS    =      -535.1169
 EELEC  =     -5520.1683  EGB     =     -1367.7773  RESTRAINT  =        58.3813
 EAMBER (non-restraint)  =     -1939.1210
 ESURF=        33.1916
 ------------------------------------------------------------------------------

 NMR restraints: Bond =    0.000   Angle =     0.000   Torsion =     0.000
===============================================================================

 NSTEP =   150000   TIME(PS) =     300.000  TEMP(K) =   161.09  PRESS =     0.0
 Etot   =     -1388.0504  EKtot   =       474.0887  EPtot      =     -1862.1391
 BOND   =       138.1524  ANGLE   =       375.8611  DIHED      =       917.3490
 1-4 NB =       243.1857  1-4 EEL =      3806.0694  VDWAALS    =      -530.7166
 EELEC  =     -5523.6511  EGB     =     -1375.0279  RESTRAINT  =        54.1594
 EAMBER (non-restraint)  =     -1916.2985
 ESURF=        32.4795
 ------------------------------------------------------------------------------

 NMR restraints: Bond =    0.000   Angle =     0.000   Torsion =     0.000
===============================================================================

 NSTEP =   155000   TIME(PS) =     310.000  TEMP(K) =   164.18  PRESS =     0.0
 Etot   =     -1384.0443  EKtot   =       483.1775  EPtot      =     -1867.2217
 BOND   =       144.6340  ANGLE   =       363.7039  DIHED      =       919.2909
 1-4 NB =       235.1986  1-4 EEL =      3784.5540  VDWAALS    =      -542.4715
 EELEC  =     -5511.5903  EGB     =     -1347.2931  RESTRAINT  =        53.8166
 EAMBER (non-restraint)  =     -1921.0384
 ESURF=        32.9352
 ------------------------------------------------------------------------------

 NMR restraints: Bond =    0.000   Angle =     0.000   Torsion =     0.000
===============================================================================

 NSTEP =   160000   TIME(PS) =     320.000  TEMP(K) =   170.42  PRESS =     0.0
 Etot   =     -1360.7869  EKtot   =       501.5631  EPtot      =     -1862.3500
 BOND   =       145.1307  ANGLE   =       359.9692  DIHED      =       908.3941
 1-4 NB =       246.8282  1-4 EEL =      3812.3171  VDWAALS    =      -532.0046
 EELEC  =     -5531.1994  EGB     =     -1354.3860  RESTRAINT  =        49.5681
 EAMBER (non-restraint)  =     -1911.9181
 ESURF=        33.0326
 ------------------------------------------------------------------------------

 NMR restraints: Bond =    0.000   Angle =     0.000   Torsion =     0.000
===============================================================================

 NSTEP =   165000   TIME(PS) =     330.000  TEMP(K) =   162.61  PRESS =     0.0
 Etot   =     -1405.5856  EKtot   =       478.5706  EPtot      =     -1884.1562
 BOND   =       128.0189  ANGLE   =       378.9618  DIHED      =       905.0891
 1-4 NB =       246.9017  1-4 EEL =      3814.9910  VDWAALS    =      -552.0381
 EELEC  =     -5542.2100  EGB     =     -1343.7355  RESTRAINT  =        47.2820
 EAMBER (non-restraint)  =     -1931.4382
 ESURF=        32.5828
 ------------------------------------------------------------------------------

 NMR restraints: Bond =    0.000   Angle =     0.000   Torsion =     0.000
===============================================================================

 NSTEP =   170000   TIME(PS) =     340.000  TEMP(K) =   172.35  PRESS =     0.0
 Etot   =     -1339.8548  EKtot   =       507.2289  EPtot      =     -1847.0837
 BOND   =       131.3883  ANGLE   =       385.0559  DIHED      =       923.0256
 1-4 NB =       245.5121  1-4 EEL =      3799.4927  VDWAALS    =      -539.2646
 EELEC  =     -5500.7393  EGB     =     -1374.2471  RESTRAINT  =        49.7177
 EAMBER (non-restraint)  =     -1896.8013
 ESURF=        32.9751
 ------------------------------------------------------------------------------

 NMR restraints: Bond =    0.000   Angle =     0.000   Torsion =     0.000
===============================================================================

 NSTEP =   175000   TIME(PS) =     350.000  TEMP(K) =   178.31  PRESS =     0.0
 Etot   =     -1327.4449  EKtot   =       524.7798  EPtot      =     -1852.2247
 BOND   =       136.7702  ANGLE   =       389.9131  DIHED      =       914.0245
 1-4 NB =       240.4056  1-4 EEL =      3800.9588  VDWAALS    =      -523.7472
 EELEC  =     -5540.1998  EGB     =     -1355.0356  RESTRAINT  =        51.2248
 EAMBER (non-restraint)  =     -1903.4494
 ESURF=        33.4610
 ------------------------------------------------------------------------------

 NMR restraints: Bond =    0.000   Angle =     0.000   Torsion =     0.000
===============================================================================

 NSTEP =   180000   TIME(PS) =     360.000  TEMP(K) =   177.65  PRESS =     0.0
 Etot   =     -1293.5115  EKtot   =       522.8309  EPtot      =     -1816.3423
 BOND   =       145.5975  ANGLE   =       423.2339  DIHED      =       901.9863
 1-4 NB =       244.9041  1-4 EEL =      3807.6944  VDWAALS    =      -534.8902
 EELEC  =     -5519.4565  EGB     =     -1368.3574  RESTRAINT  =        50.0984
 EAMBER (non-restraint)  =     -1866.4407
 ESURF=        32.8472
 ------------------------------------------------------------------------------

 NMR restraints: Bond =    0.000   Angle =     0.000   Torsion =     0.000
===============================================================================

 NSTEP =   185000   TIME(PS) =     370.000  TEMP(K) =   175.19  PRESS =     0.0
 Etot   =     -1319.9371  EKtot   =       515.5870  EPtot      =     -1835.5241
 BOND   =       146.1771  ANGLE   =       398.0177  DIHED      =       907.9902
 1-4 NB =       238.1271  1-4 EEL =      3781.3870  VDWAALS    =      -531.3380
 EELEC  =     -5512.1280  EGB     =     -1356.9766  RESTRAINT  =        60.1651
 EAMBER (non-restraint)  =     -1895.6892
 ESURF=        33.0544
 ------------------------------------------------------------------------------

 NMR restraints: Bond =    0.000   Angle =     0.000   Torsion =     0.000
===============================================================================

 NSTEP =   190000   TIME(PS) =     380.000  TEMP(K) =   186.40  PRESS =     0.0
 Etot   =     -1267.1161  EKtot   =       548.5670  EPtot      =     -1815.6830
 BOND   =       139.0576  ANGLE   =       402.5830  DIHED      =       925.5567
 1-4 NB =       248.5580  1-4 EEL =      3796.8454  VDWAALS    =      -528.6786
 EELEC  =     -5518.0064  EGB     =     -1365.5255  RESTRAINT  =        51.4104
 EAMBER (non-restraint)  =     -1867.0934
 ESURF=        32.5163
 ------------------------------------------------------------------------------

 NMR restraints: Bond =    0.000   Angle =     0.000   Torsion =     0.000
===============================================================================

 NSTEP =   195000   TIME(PS) =     390.000  TEMP(K) =   184.92  PRESS =     0.0
 Etot   =     -1275.0403  EKtot   =       544.2306  EPtot      =     -1819.2709
 BOND   =       142.1352  ANGLE   =       396.0672  DIHED      =       927.5402
 1-4 NB =       245.6482  1-4 EEL =      3804.8807  VDWAALS    =      -531.9846
 EELEC  =     -5546.2381  EGB     =     -1341.9208  RESTRAINT  =        52.1123
 EAMBER (non-restraint)  =     -1871.3832
 ESURF=        32.4887
 ------------------------------------------------------------------------------

 NMR restraints: Bond =    0.000   Angle =     0.000   Torsion =     0.000
===============================================================================

 NSTEP =   200000   TIME(PS) =     400.000  TEMP(K) =   179.74  PRESS =     0.0
 Etot   =     -1302.7747  EKtot   =       528.9785  EPtot      =     -1831.7532
 BOND   =       155.7737  ANGLE   =       394.1456  DIHED      =       920.3829
 1-4 NB =       239.7549  1-4 EEL =      3808.3788  VDWAALS    =      -540.5623
 EELEC  =     -5527.3167  EGB     =     -1362.5053  RESTRAINT  =        47.7845
 EAMBER (non-restraint)  =     -1879.5377
 ESURF=        32.4106
 ------------------------------------------------------------------------------

 NMR restraints: Bond =    0.000   Angle =     0.000   Torsion =     0.000
===============================================================================

 NSTEP =   205000   TIME(PS) =     410.000  TEMP(K) =   188.72  PRESS =     0.0
 Etot   =     -1266.3645  EKtot   =       555.4046  EPtot      =     -1821.7692
 BOND   =       145.6595  ANGLE   =       399.5704  DIHED      =       915.6091
 1-4 NB =       247.2087  1-4 EEL =      3796.1225  VDWAALS    =      -532.4019
 EELEC  =     -5530.1258  EGB     =     -1350.0956  RESTRAINT  =        54.1918
 EAMBER (non-restraint)  =     -1875.9610
 ESURF=        32.4920
 ------------------------------------------------------------------------------

 NMR restraints: Bond =    0.000   Angle =     0.000   Torsion =     0.000
===============================================================================

 NSTEP =   210000   TIME(PS) =     420.000  TEMP(K) =   182.53  PRESS =     0.0
 Etot   =     -1249.6140  EKtot   =       537.1982  EPtot      =     -1786.8122
 BOND   =       144.6787  ANGLE   =       423.2568  DIHED      =       932.1453
 1-4 NB =       247.2700  1-4 EEL =      3781.4214  VDWAALS    =      -540.5442
 EELEC  =     -5480.9534  EGB     =     -1382.2813  RESTRAINT  =        54.8955
 EAMBER (non-restraint)  =     -1841.7076
 ESURF=        33.2992
 ------------------------------------------------------------------------------

 NMR restraints: Bond =    0.000   Angle =     0.000   Torsion =     0.000
===============================================================================

 NSTEP =   215000   TIME(PS) =     430.000  TEMP(K) =   179.73  PRESS =     0.0
 Etot   =     -1251.1306  EKtot   =       528.9504  EPtot      =     -1780.0809
 BOND   =       160.1746  ANGLE   =       418.8674  DIHED      =       943.3240
 1-4 NB =       243.7782  1-4 EEL =      3762.4426  VDWAALS    =      -535.8111
 EELEC  =     -5503.5453  EGB     =     -1358.8361  RESTRAINT  =        56.2916
 EAMBER (non-restraint)  =     -1836.3725
 ESURF=        33.2332
 ------------------------------------------------------------------------------

 NMR restraints: Bond =    0.000   Angle =     0.000   Torsion =     0.000
===============================================================================

 NSTEP =   220000   TIME(PS) =     440.000  TEMP(K) =   189.09  PRESS =     0.0
 Etot   =     -1219.5849  EKtot   =       556.4851  EPtot      =     -1776.0700
 BOND   =       150.8508  ANGLE   =       416.4252  DIHED      =       928.7434
 1-4 NB =       246.7949  1-4 EEL =      3789.8242  VDWAALS    =      -540.0146
 EELEC  =     -5485.4135  EGB     =     -1380.6873  RESTRAINT  =        64.3694
 EAMBER (non-restraint)  =     -1840.4394
 ESURF=        33.0376
 ------------------------------------------------------------------------------

 NMR restraints: Bond =    0.000   Angle =     0.000   Torsion =     0.000
===============================================================================

 NSTEP =   225000   TIME(PS) =     450.000  TEMP(K) =   195.25  PRESS =     0.0
 Etot   =     -1208.3772  EKtot   =       574.6224  EPtot      =     -1782.9996
 BOND   =       154.1736  ANGLE   =       418.3721  DIHED      =       914.7610
 1-4 NB =       243.0045  1-4 EEL =      3802.1127  VDWAALS    =      -515.0516
 EELEC  =     -5555.9641  EGB     =     -1338.6830  RESTRAINT  =        61.0535
 EAMBER (non-restraint)  =     -1844.0531
 ESURF=        33.2216
 ------------------------------------------------------------------------------

 NMR restraints: Bond =    0.000   Angle =     0.000   Torsion =     0.000
===============================================================================

 NSTEP =   230000   TIME(PS) =     460.000  TEMP(K) =   188.88  PRESS =     0.0
 Etot   =     -1233.7808  EKtot   =       555.8747  EPtot      =     -1789.6555
 BOND   =       161.1266  ANGLE   =       420.6679  DIHED      =       924.8399
 1-4 NB =       244.3853  1-4 EEL =      3774.3266  VDWAALS    =      -526.0757
 EELEC  =     -5522.1492  EGB     =     -1358.9566  RESTRAINT  =        58.7129
 EAMBER (non-restraint)  =     -1848.3684
 ESURF=        33.4668
 ------------------------------------------------------------------------------

 NMR restraints: Bond =    0.000   Angle =     0.000   Torsion =     0.000
===============================================================================

 NSTEP =   235000   TIME(PS) =     470.000  TEMP(K) =   197.89  PRESS =     0.0
 Etot   =     -1156.3428  EKtot   =       582.3931  EPtot      =     -1738.7359
 BOND   =       152.0295  ANGLE   =       448.7562  DIHED      =       939.1451
 1-4 NB =       255.4151  1-4 EEL =      3786.5176  VDWAALS    =      -540.3828
 EELEC  =     -5519.4384  EGB     =     -1350.4228  RESTRAINT  =        56.1654
 EAMBER (non-restraint)  =     -1794.9013
 ESURF=        33.4790
 ------------------------------------------------------------------------------

 NMR restraints: Bond =    0.000   Angle =     0.000   Torsion =     0.000
===============================================================================

 NSTEP =   240000   TIME(PS) =     480.000  TEMP(K) =   198.61  PRESS =     0.0
 Etot   =     -1165.2855  EKtot   =       584.5273  EPtot      =     -1749.8128
 BOND   =       166.8945  ANGLE   =       429.2815  DIHED      =       927.5679
 1-4 NB =       251.8393  1-4 EEL =      3796.1928  VDWAALS    =      -530.9280
 EELEC  =     -5522.5587  EGB     =     -1366.5139  RESTRAINT  =        64.7551
 EAMBER (non-restraint)  =     -1814.5679
 ESURF=        33.6567
 ------------------------------------------------------------------------------

 NMR restraints: Bond =    0.000   Angle =     0.000   Torsion =     0.000
===============================================================================

 NSTEP =   245000   TIME(PS) =     490.000  TEMP(K) =   200.22  PRESS =     0.0
 Etot   =     -1152.1657  EKtot   =       589.2590  EPtot      =     -1741.4248
 BOND   =       150.3154  ANGLE   =       420.2971  DIHED      =       941.4570
 1-4 NB =       247.4627  1-4 EEL =      3795.4445  VDWAALS    =      -520.9492
 EELEC  =     -5487.7280  EGB     =     -1377.5124  RESTRAINT  =        56.2949
 EAMBER (non-restraint)  =     -1797.7196
 ESURF=        33.4933
 ------------------------------------------------------------------------------

 NMR restraints: Bond =    0.000   Angle =     0.000   Torsion =     0.000
===============================================================================

 NSTEP =   250000   TIME(PS) =     500.000  TEMP(K) =   196.86  PRESS =     0.0
 Etot   =     -1151.5874  EKtot   =       579.3605  EPtot      =     -1730.9478
 BOND   =       168.1486  ANGLE   =       423.2272  DIHED      =       931.4310
 1-4 NB =       256.4419  1-4 EEL =      3809.4561  VDWAALS    =      -524.6354
 EELEC  =     -5525.4242  EGB     =     -1365.8662  RESTRAINT  =        63.0626
 EAMBER (non-restraint)  =     -1794.0104
 ESURF=        33.2105
 ------------------------------------------------------------------------------

 NMR restraints: Bond =    0.000   Angle =     0.000   Torsion =     0.000
===============================================================================

 NSTEP =   255000   TIME(PS) =     510.000  TEMP(K) =   194.52  PRESS =     0.0
 Etot   =     -1161.9347  EKtot   =       572.4828  EPtot      =     -1734.4176
 BOND   =       154.4838  ANGLE   =       439.2988  DIHED      =       933.6752
 1-4 NB =       256.3903  1-4 EEL =      3793.9872  VDWAALS    =      -532.4480
 EELEC  =     -5472.9998  EGB     =     -1403.8431  RESTRAINT  =        64.2528
 EAMBER (non-restraint)  =     -1798.6704
 ESURF=        32.7852
 ------------------------------------------------------------------------------

 NMR restraints: Bond =    0.000   Angle =     0.000   Torsion =     0.000
===============================================================================

 NSTEP =   260000   TIME(PS) =     520.000  TEMP(K) =   196.69  PRESS =     0.0
 Etot   =     -1159.4438  EKtot   =       578.8724  EPtot      =     -1738.3162
 BOND   =       167.7819  ANGLE   =       444.6516  DIHED      =       921.6734
 1-4 NB =       239.2614  1-4 EEL =      3791.0470  VDWAALS    =      -529.1949
 EELEC  =     -5480.9152  EGB     =     -1389.3755  RESTRAINT  =        63.2596
 EAMBER (non-restraint)  =     -1801.5758
 ESURF=        33.4946
 ------------------------------------------------------------------------------

 NMR restraints: Bond =    0.000   Angle =     0.000   Torsion =     0.000
===============================================================================

 NSTEP =   265000   TIME(PS) =     530.000  TEMP(K) =   207.57  PRESS =     0.0
 Etot   =     -1093.7671  EKtot   =       610.8840  EPtot      =     -1704.6511
 BOND   =       163.6335  ANGLE   =       462.2478  DIHED      =       949.5631
 1-4 NB =       247.9222  1-4 EEL =      3804.4178  VDWAALS    =      -542.7545
 EELEC  =     -5491.9390  EGB     =     -1385.1971  RESTRAINT  =        55.0701
 EAMBER (non-restraint)  =     -1759.7212
 ESURF=        32.3850
 ------------------------------------------------------------------------------

 NMR restraints: Bond =    0.000   Angle =     0.000   Torsion =     0.000
===============================================================================

 NSTEP =   270000   TIME(PS) =     540.000  TEMP(K) =   207.68  PRESS =     0.0
 Etot   =     -1091.5538  EKtot   =       611.2118  EPtot      =     -1702.7656
 BOND   =       166.5201  ANGLE   =       448.4970  DIHED      =       934.8558
 1-4 NB =       247.6604  1-4 EEL =      3802.9638  VDWAALS    =      -531.5932
 EELEC  =     -5514.7938  EGB     =     -1360.3453  RESTRAINT  =        70.5869
 EAMBER (non-restraint)  =     -1773.3526
 ESURF=        32.8826
 ------------------------------------------------------------------------------

 NMR restraints: Bond =    0.000   Angle =     0.000   Torsion =     0.000
===============================================================================

 NSTEP =   275000   TIME(PS) =     550.000  TEMP(K) =   209.10  PRESS =     0.0
 Etot   =     -1088.6507  EKtot   =       615.3809  EPtot      =     -1704.0316
 BOND   =       179.4842  ANGLE   =       450.7689  DIHED      =       943.2471
 1-4 NB =       244.1342  1-4 EEL =      3797.7000  VDWAALS    =      -524.6851
 EELEC  =     -5483.1886  EGB     =     -1404.1095  RESTRAINT  =        59.1581
 EAMBER (non-restraint)  =     -1763.1897
 ESURF=        33.4590
 ------------------------------------------------------------------------------

 NMR restraints: Bond =    0.000   Angle =     0.000   Torsion =     0.000
===============================================================================

 NSTEP =   280000   TIME(PS) =     560.000  TEMP(K) =   209.26  PRESS =     0.0
 Etot   =     -1094.5300  EKtot   =       615.8454  EPtot      =     -1710.3754
 BOND   =       167.2849  ANGLE   =       456.5156  DIHED      =       941.1479
 1-4 NB =       238.5077  1-4 EEL =      3782.4244  VDWAALS    =      -528.1004
 EELEC  =     -5446.9604  EGB     =     -1419.6081  RESTRAINT  =        65.3025
 EAMBER (non-restraint)  =     -1775.6779
 ESURF=        33.1106
 ------------------------------------------------------------------------------

 NMR restraints: Bond =    0.000   Angle =     0.000   Torsion =     0.000
===============================================================================

 NSTEP =   285000   TIME(PS) =     570.000  TEMP(K) =   207.08  PRESS =     0.0
 Etot   =     -1071.7576  EKtot   =       609.4326  EPtot      =     -1681.1902
 BOND   =       184.0270  ANGLE   =       467.5418  DIHED      =       947.5849
 1-4 NB =       242.7590  1-4 EEL =      3782.5878  VDWAALS    =      -529.4802
 EELEC  =     -5481.5331  EGB     =     -1394.0564  RESTRAINT  =        66.6961
 EAMBER (non-restraint)  =     -1747.8863
 ESURF=        32.6829
 ------------------------------------------------------------------------------

 NMR restraints: Bond =    0.000   Angle =     0.000   Torsion =     0.000
===============================================================================

 NSTEP =   290000   TIME(PS) =     580.000  TEMP(K) =   220.92  PRESS =     0.0
 Etot   =     -1026.3724  EKtot   =       650.1799  EPtot      =     -1676.5523
 BOND   =       170.2346  ANGLE   =       466.4896  DIHED      =       935.8615
 1-4 NB =       256.1041  1-4 EEL =      3798.5019  VDWAALS    =      -544.3241
 EELEC  =     -5455.5115  EGB     =     -1401.9909  RESTRAINT  =        64.8893
 EAMBER (non-restraint)  =     -1741.4416
 ESURF=        33.1931
 ------------------------------------------------------------------------------

 NMR restraints: Bond =    0.000   Angle =     0.000   Torsion =     0.000
===============================================================================

 NSTEP =   295000   TIME(PS) =     590.000  TEMP(K) =   208.80  PRESS =     0.0
 Etot   =     -1067.1788  EKtot   =       614.5101  EPtot      =     -1681.6889
 BOND   =       180.6011  ANGLE   =       464.5336  DIHED      =       928.0534
 1-4 NB =       245.6245  1-4 EEL =      3813.6177  VDWAALS    =      -524.7471
 EELEC  =     -5472.5217  EGB     =     -1407.4990  RESTRAINT  =        57.6959
 EAMBER (non-restraint)  =     -1739.3848
 ESURF=        32.9527
 ------------------------------------------------------------------------------

 NMR restraints: Bond =    0.000   Angle =     0.000   Torsion =     0.000
===============================================================================

 NSTEP =   300000   TIME(PS) =     600.000  TEMP(K) =   227.22  PRESS =     0.0
 Etot   =     -1030.6254  EKtot   =       668.7127  EPtot      =     -1699.3381
 BOND   =       166.1773  ANGLE   =       455.2552  DIHED      =       936.4390
 1-4 NB =       250.6258  1-4 EEL =      3811.6950  VDWAALS    =      -538.0310
 EELEC  =     -5462.0933  EGB     =     -1416.3984  RESTRAINT  =        64.6303
 EAMBER (non-restraint)  =     -1763.9684
 ESURF=        32.3618
 ------------------------------------------------------------------------------

 NMR restraints: Bond =    0.000   Angle =     0.000   Torsion =     0.000
===============================================================================

 NSTEP =   305000   TIME(PS) =     610.000  TEMP(K) =   220.48  PRESS =     0.0
 Etot   =     -1035.1138  EKtot   =       648.8802  EPtot      =     -1683.9939
 BOND   =       180.2119  ANGLE   =       456.4974  DIHED      =       936.9180
 1-4 NB =       247.0343  1-4 EEL =      3791.9203  VDWAALS    =      -529.3444
 EELEC  =     -5510.6436  EGB     =     -1354.9383  RESTRAINT  =        65.1799
 EAMBER (non-restraint)  =     -1749.1738
 ESURF=        33.1706
 ------------------------------------------------------------------------------

 NMR restraints: Bond =    0.000   Angle =     0.000   Torsion =     0.000
===============================================================================

 NSTEP =   310000   TIME(PS) =     620.000  TEMP(K) =   223.16  PRESS =     0.0
 Etot   =     -1022.1158  EKtot   =       656.7807  EPtot      =     -1678.8966
 BOND   =       167.7237  ANGLE   =       467.8316  DIHED      =       958.6403
 1-4 NB =       244.6266  1-4 EEL =      3793.6745  VDWAALS    =      -527.5885
 EELEC  =     -5476.0387  EGB     =     -1405.7690  RESTRAINT  =        64.0158
 EAMBER (non-restraint)  =     -1742.9123
 ESURF=        33.9871
 ------------------------------------------------------------------------------

 NMR restraints: Bond =    0.000   Angle =     0.000   Torsion =     0.000
===============================================================================

 NSTEP =   315000   TIME(PS) =     630.000  TEMP(K) =   223.54  PRESS =     0.0
 Etot   =     -1000.5669  EKtot   =       657.8760  EPtot      =     -1658.4428
 BOND   =       187.1812  ANGLE   =       472.9668  DIHED      =       941.9828
 1-4 NB =       249.9682  1-4 EEL =      3786.7840  VDWAALS    =      -536.4336
 EELEC  =     -5530.3923  EGB     =     -1334.7175  RESTRAINT  =        70.2194
 EAMBER (non-restraint)  =     -1728.6622
 ESURF=        33.9982
 ------------------------------------------------------------------------------

 NMR restraints: Bond =    0.000   Angle =     0.000   Torsion =     0.000
===============================================================================

 NSTEP =   320000   TIME(PS) =     640.000  TEMP(K) =   231.05  PRESS =     0.0
 Etot   =      -975.9908  EKtot   =       679.9904  EPtot      =     -1655.9812
 BOND   =       178.3717  ANGLE   =       477.8285  DIHED      =       948.0975
 1-4 NB =       252.6100  1-4 EEL =      3809.6480  VDWAALS    =      -525.7947
 EELEC  =     -5553.7668  EGB     =     -1337.4652  RESTRAINT  =        61.9131
 EAMBER (non-restraint)  =     -1717.8943
 ESURF=        32.5767
 ------------------------------------------------------------------------------

 NMR restraints: Bond =    0.000   Angle =     0.000   Torsion =     0.000
===============================================================================

 NSTEP =   325000   TIME(PS) =     650.000  TEMP(K) =   220.63  PRESS =     0.0
 Etot   =     -1014.6674  EKtot   =       649.3253  EPtot      =     -1663.9927
 BOND   =       194.4184  ANGLE   =       465.4559  DIHED      =       952.7310
 1-4 NB =       243.5814  1-4 EEL =      3804.4404  VDWAALS    =      -540.2094
 EELEC  =     -5511.5696  EGB     =     -1371.2802  RESTRAINT  =        65.8015
 EAMBER (non-restraint)  =     -1729.7942
 ESURF=        32.6379
 ------------------------------------------------------------------------------

 NMR restraints: Bond =    0.000   Angle =     0.000   Torsion =     0.000
===============================================================================

 NSTEP =   330000   TIME(PS) =     660.000  TEMP(K) =   224.88  PRESS =     0.0
 Etot   =     -1014.1721  EKtot   =       661.8360  EPtot      =     -1676.0081
 BOND   =       164.8125  ANGLE   =       459.8819  DIHED      =       960.1368
 1-4 NB =       246.6409  1-4 EEL =      3829.5617  VDWAALS    =      -526.9643
 EELEC  =     -5557.1459  EGB     =     -1346.9668  RESTRAINT  =        61.4713
 EAMBER (non-restraint)  =     -1737.4794
 ESURF=        32.5637
 ------------------------------------------------------------------------------

 NMR restraints: Bond =    0.000   Angle =     0.000   Torsion =     0.000
===============================================================================

 NSTEP =   335000   TIME(PS) =     670.000  TEMP(K) =   237.57  PRESS =     0.0
 Etot   =      -925.4979  EKtot   =       699.1707  EPtot      =     -1624.6686
 BOND   =       183.9375  ANGLE   =       504.3654  DIHED      =       953.9762
 1-4 NB =       259.0312  1-4 EEL =      3773.3052  VDWAALS    =      -533.2566
 EELEC  =     -5525.5204  EGB     =     -1333.3745  RESTRAINT  =        60.4751
 EAMBER (non-restraint)  =     -1685.1437
 ESURF=        32.3923
 ------------------------------------------------------------------------------

 NMR restraints: Bond =    0.000   Angle =     0.000   Torsion =     0.000
===============================================================================

 NSTEP =   340000   TIME(PS) =     680.000  TEMP(K) =   233.37  PRESS =     0.0
 Etot   =      -973.5966  EKtot   =       686.8053  EPtot      =     -1660.4020
 BOND   =       160.0916  ANGLE   =       502.5542  DIHED      =       955.1303
 1-4 NB =       246.5292  1-4 EEL =      3789.3193  VDWAALS    =      -532.4411
 EELEC  =     -5518.7954  EGB     =     -1363.2325  RESTRAINT  =        66.5410
 EAMBER (non-restraint)  =     -1726.9429
 ESURF=        33.9015
 ------------------------------------------------------------------------------

 NMR restraints: Bond =    0.000   Angle =     0.000   Torsion =     0.000
===============================================================================

 NSTEP =   345000   TIME(PS) =     690.000  TEMP(K) =   242.84  PRESS =     0.0
 Etot   =      -912.8018  EKtot   =       714.6838  EPtot      =     -1627.4856
 BOND   =       174.2106  ANGLE   =       480.7296  DIHED      =       950.5054
 1-4 NB =       258.2935  1-4 EEL =      3799.4358  VDWAALS    =      -530.5032
 EELEC  =     -5529.9446  EGB     =     -1335.8942  RESTRAINT  =        72.3480
 EAMBER (non-restraint)  =     -1699.8336
 ESURF=        33.3334
 ------------------------------------------------------------------------------

 NMR restraints: Bond =    0.000   Angle =     0.000   Torsion =     0.000
===============================================================================

 NSTEP =   350000   TIME(PS) =     700.000  TEMP(K) =   238.50  PRESS =     0.0
 Etot   =      -904.3516  EKtot   =       701.9045  EPtot      =     -1606.2560
 BOND   =       193.2353  ANGLE   =       495.4613  DIHED      =       940.3646
 1-4 NB =       253.3383  1-4 EEL =      3765.8524  VDWAALS    =      -508.5104
 EELEC  =     -5483.1201  EGB     =     -1375.8465  RESTRAINT  =        78.8080
 EAMBER (non-restraint)  =     -1685.0640
 ESURF=        34.1611
 ------------------------------------------------------------------------------

 NMR restraints: Bond =    0.000   Angle =     0.000   Torsion =     0.000
===============================================================================

 NSTEP =   355000   TIME(PS) =     710.000  TEMP(K) =   244.48  PRESS =     0.0
 Etot   =      -853.2382  EKtot   =       719.5245  EPtot      =     -1572.7627
 BOND   =       204.7385  ANGLE   =       493.7747  DIHED      =       958.5053
 1-4 NB =       261.3686  1-4 EEL =      3763.2052  VDWAALS    =      -520.7630
 EELEC  =     -5471.5853  EGB     =     -1368.4490  RESTRAINT  =        73.9266
 EAMBER (non-restraint)  =     -1646.6893
 ESURF=        32.5157
 ------------------------------------------------------------------------------

 NMR restraints: Bond =    0.000   Angle =     0.000   Torsion =     0.000
===============================================================================

 NSTEP =   360000   TIME(PS) =     720.000  TEMP(K) =   240.65  PRESS =     0.0
 Etot   =      -887.1151  EKtot   =       708.2454  EPtot      =     -1595.3605
 BOND   =       194.4381  ANGLE   =       502.3703  DIHED      =       946.4380
 1-4 NB =       252.6308  1-4 EEL =      3823.1715  VDWAALS    =      -509.8280
 EELEC  =     -5528.5772  EGB     =     -1379.3337  RESTRAINT  =        69.9202
 EAMBER (non-restraint)  =     -1665.2807
 ESURF=        33.4095
 ------------------------------------------------------------------------------

 NMR restraints: Bond =    0.000   Angle =     0.000   Torsion =     0.000
===============================================================================

 NSTEP =   365000   TIME(PS) =     730.000  TEMP(K) =   249.52  PRESS =     0.0
 Etot   =      -842.3436  EKtot   =       734.3457  EPtot      =     -1576.6893
 BOND   =       202.1335  ANGLE   =       497.5274  DIHED      =       968.5732
 1-4 NB =       255.1785  1-4 EEL =      3800.5506  VDWAALS    =      -518.2215
 EELEC  =     -5532.6158  EGB     =     -1360.5600  RESTRAINT  =        76.4730
 EAMBER (non-restraint)  =     -1653.1624
 ESURF=        34.2718
 ------------------------------------------------------------------------------

 NMR restraints: Bond =    0.000   Angle =     0.000   Torsion =     0.000
===============================================================================

 NSTEP =   370000   TIME(PS) =     740.000  TEMP(K) =   258.37  PRESS =     0.0
 Etot   =      -865.6161  EKtot   =       760.3872  EPtot      =     -1626.0033
 BOND   =       193.6272  ANGLE   =       496.8210  DIHED      =       948.8068
 1-4 NB =       245.0199  1-4 EEL =      3787.8147  VDWAALS    =      -523.0523
 EELEC  =     -5495.1004  EGB     =     -1387.9389  RESTRAINT  =        74.1309
 EAMBER (non-restraint)  =     -1700.1342
 ESURF=        33.8680
 ------------------------------------------------------------------------------

 NMR restraints: Bond =    0.000   Angle =     0.000   Torsion =     0.000
===============================================================================

 NSTEP =   375000   TIME(PS) =     750.000  TEMP(K) =   255.00  PRESS =     0.0
 Etot   =      -878.8695  EKtot   =       750.4859  EPtot      =     -1629.3554
 BOND   =       184.2050  ANGLE   =       484.0692  DIHED      =       954.4012
 1-4 NB =       255.8364  1-4 EEL =      3787.1117  VDWAALS    =      -526.6672
 EELEC  =     -5535.8448  EGB     =     -1325.5392  RESTRAINT  =        59.7143
 EAMBER (non-restraint)  =     -1689.0696
 ESURF=        33.3581
 ------------------------------------------------------------------------------

 NMR restraints: Bond =    0.000   Angle =     0.000   Torsion =     0.000
===============================================================================

 NSTEP =   380000   TIME(PS) =     760.000  TEMP(K) =   265.88  PRESS =     0.0
 Etot   =      -809.2188  EKtot   =       782.5027  EPtot      =     -1591.7215
 BOND   =       187.5730  ANGLE   =       509.7192  DIHED      =       967.6830
 1-4 NB =       243.1173  1-4 EEL =      3796.3225  VDWAALS    =      -524.0486
 EELEC  =     -5539.9819  EGB     =     -1338.7575  RESTRAINT  =        72.8752
 EAMBER (non-restraint)  =     -1664.5967
 ESURF=        33.7763
 ------------------------------------------------------------------------------

 NMR restraints: Bond =    0.000   Angle =     0.000   Torsion =     0.000
===============================================================================

 NSTEP =   385000   TIME(PS) =     770.000  TEMP(K) =   251.55  PRESS =     0.0
 Etot   =      -871.3878  EKtot   =       740.3306  EPtot      =     -1611.7184
 BOND   =       170.6281  ANGLE   =       505.9387  DIHED      =       949.5984
 1-4 NB =       259.3850  1-4 EEL =      3813.3851  VDWAALS    =      -524.0690
 EELEC  =     -5551.5652  EGB     =     -1338.7850  RESTRAINT  =        69.9897
 EAMBER (non-restraint)  =     -1681.7080
 ESURF=        33.7757
 ------------------------------------------------------------------------------

 NMR restraints: Bond =    0.000   Angle =     0.000   Torsion =     0.000
===============================================================================

 NSTEP =   390000   TIME(PS) =     780.000  TEMP(K) =   256.54  PRESS =     0.0
 Etot   =      -783.6382  EKtot   =       755.0146  EPtot      =     -1538.6528
 BOND   =       227.5774  ANGLE   =       540.7067  DIHED      =       961.0390
 1-4 NB =       248.5391  1-4 EEL =      3782.8898  VDWAALS    =      -509.6148
 EELEC  =     -5568.9225  EGB     =     -1326.0050  RESTRAINT  =        71.6069
 EAMBER (non-restraint)  =     -1610.2597
 ESURF=        33.5307
 ------------------------------------------------------------------------------

 NMR restraints: Bond =    0.000   Angle =     0.000   Torsion =     0.000
===============================================================================

 NSTEP =   395000   TIME(PS) =     790.000  TEMP(K) =   262.25  PRESS =     0.0
 Etot   =      -790.3970  EKtot   =       771.8033  EPtot      =     -1562.2003
 BOND   =       207.1265  ANGLE   =       517.1810  DIHED      =       961.2700
 1-4 NB =       252.4676  1-4 EEL =      3792.2151  VDWAALS    =      -523.2461
 EELEC  =     -5513.0703  EGB     =     -1358.1547  RESTRAINT  =        68.0267
 EAMBER (non-restraint)  =     -1630.2270
 ESURF=        33.9839
 ------------------------------------------------------------------------------

 NMR restraints: Bond =    0.000   Angle =     0.000   Torsion =     0.000
===============================================================================

 NSTEP =   400000   TIME(PS) =     800.000  TEMP(K) =   268.38  PRESS =     0.0
 Etot   =      -817.8045  EKtot   =       789.8581  EPtot      =     -1607.6626
 BOND   =       194.3376  ANGLE   =       516.4841  DIHED      =       946.2486
 1-4 NB =       252.6600  1-4 EEL =      3794.9126  VDWAALS    =      -527.9152
 EELEC  =     -5552.0400  EGB     =     -1328.4123  RESTRAINT  =        63.1717
 EAMBER (non-restraint)  =     -1670.8344
 ESURF=        32.8903
 ------------------------------------------------------------------------------

 NMR restraints: Bond =    0.000   Angle =     0.000   Torsion =     0.000
===============================================================================

 NSTEP =   405000   TIME(PS) =     810.000  TEMP(K) =   256.72  PRESS =     0.0
 Etot   =      -831.1902  EKtot   =       755.5268  EPtot      =     -1586.7170
 BOND   =       203.9995  ANGLE   =       531.0459  DIHED      =       931.6651
 1-4 NB =       253.8557  1-4 EEL =      3788.5151  VDWAALS    =      -514.7438
 EELEC  =     -5489.6506  EGB     =     -1390.4157  RESTRAINT  =        63.9357
 EAMBER (non-restraint)  =     -1650.6527
 ESURF=        35.0762
 ------------------------------------------------------------------------------

 NMR restraints: Bond =    0.000   Angle =     0.000   Torsion =     0.000
===============================================================================

 NSTEP =   410000   TIME(PS) =     820.000  TEMP(K) =   252.06  PRESS =     0.0
 Etot   =      -770.4644  EKtot   =       741.8234  EPtot      =     -1512.2878
 BOND   =       208.3857  ANGLE   =       543.9642  DIHED      =       955.1148
 1-4 NB =       256.2183  1-4 EEL =      3801.6368  VDWAALS    =      -520.8514
 EELEC  =     -5511.6356  EGB     =     -1352.3573  RESTRAINT  =        72.3356
 EAMBER (non-restraint)  =     -1584.6234
 ESURF=        34.9012
 ------------------------------------------------------------------------------

 NMR restraints: Bond =    0.000   Angle =     0.000   Torsion =     0.000
===============================================================================

 NSTEP =   415000   TIME(PS) =     830.000  TEMP(K) =   262.35  PRESS =     0.0
 Etot   =      -754.4065  EKtot   =       772.1101  EPtot      =     -1526.5166
 BOND   =       200.1734  ANGLE   =       527.2230  DIHED      =       965.7313
 1-4 NB =       254.9387  1-4 EEL =      3789.3065  VDWAALS    =      -528.4015
 EELEC  =     -5547.2946  EGB     =     -1304.8441  RESTRAINT  =        82.6087
 EAMBER (non-restraint)  =     -1609.1253
 ESURF=        34.0420
 ------------------------------------------------------------------------------

 NMR restraints: Bond =    0.000   Angle =     0.000   Torsion =     0.000
===============================================================================

 NSTEP =   420000   TIME(PS) =     840.000  TEMP(K) =   270.81  PRESS =     0.0
 Etot   =      -771.0560  EKtot   =       797.0039  EPtot      =     -1568.0599
 BOND   =       212.6032  ANGLE   =       533.6034  DIHED      =       950.4607
 1-4 NB =       253.0043  1-4 EEL =      3789.2735  VDWAALS    =      -516.3919
 EELEC  =     -5583.9379  EGB     =     -1301.2715  RESTRAINT  =        60.7576
 EAMBER (non-restraint)  =     -1628.8175
 ESURF=        33.8386
 ------------------------------------------------------------------------------

 NMR restraints: Bond =    0.000   Angle =     0.000   Torsion =     0.000
===============================================================================

 NSTEP =   425000   TIME(PS) =     850.000  TEMP(K) =   278.38  PRESS =     0.0
 Etot   =      -731.5577  EKtot   =       819.2754  EPtot      =     -1550.8331
 BOND   =       200.1288  ANGLE   =       524.4093  DIHED      =       962.8623
 1-4 NB =       252.3670  1-4 EEL =      3810.9671  VDWAALS    =      -526.5378
 EELEC  =     -5561.9617  EGB     =     -1315.4570  RESTRAINT  =        67.5692
 EAMBER (non-restraint)  =     -1618.4022
 ESURF=        34.8199
 ------------------------------------------------------------------------------

 NMR restraints: Bond =    0.000   Angle =     0.000   Torsion =     0.000
===============================================================================

 NSTEP =   430000   TIME(PS) =     860.000  TEMP(K) =   262.18  PRESS =     0.0
 Etot   =      -752.5547  EKtot   =       771.6140  EPtot      =     -1524.1687
 BOND   =       215.2583  ANGLE   =       563.1759  DIHED      =       961.1812
 1-4 NB =       249.2647  1-4 EEL =      3776.7085  VDWAALS    =      -520.7755
 EELEC  =     -5593.4195  EGB     =     -1286.9444  RESTRAINT  =        77.2352
 EAMBER (non-restraint)  =     -1601.4040
 ESURF=        34.1467
 ------------------------------------------------------------------------------

 NMR restraints: Bond =    0.000   Angle =     0.000   Torsion =     0.000
===============================================================================

 NSTEP =   435000   TIME(PS) =     870.000  TEMP(K) =   279.51  PRESS =     0.0
 Etot   =      -682.5086  EKtot   =       822.5972  EPtot      =     -1505.1058
 BOND   =       200.0284  ANGLE   =       586.8803  DIHED      =       962.6389
 1-4 NB =       258.0192  1-4 EEL =      3775.5471  VDWAALS    =      -526.2184
 EELEC  =     -5580.9232  EGB     =     -1290.3335  RESTRAINT  =        75.7353
 EAMBER (non-restraint)  =     -1580.8411
 ESURF=        33.5202
 ------------------------------------------------------------------------------

 NMR restraints: Bond =    0.000   Angle =     0.000   Torsion =     0.000
===============================================================================

 NSTEP =   440000   TIME(PS) =     880.000  TEMP(K) =   281.83  PRESS =     0.0
 Etot   =      -729.2041  EKtot   =       829.4198  EPtot      =     -1558.6239
 BOND   =       210.9189  ANGLE   =       524.5434  DIHED      =       950.0458
 1-4 NB =       257.3921  1-4 EEL =      3800.0151  VDWAALS    =      -523.4570
 EELEC  =     -5585.0113  EGB     =     -1300.8032  RESTRAINT  =        73.7309
 EAMBER (non-restraint)  =     -1632.3549
 ESURF=        34.0014
 ------------------------------------------------------------------------------

 NMR restraints: Bond =    0.000   Angle =     0.000   Torsion =     0.000
===============================================================================

 NSTEP =   445000   TIME(PS) =     890.000  TEMP(K) =   285.97  PRESS =     0.0
 Etot   =      -678.8451  EKtot   =       841.6303  EPtot      =     -1520.4754
 BOND   =       204.1233  ANGLE   =       539.6725  DIHED      =       957.2420
 1-4 NB =       264.7529  1-4 EEL =      3831.9814  VDWAALS    =      -523.5262
 EELEC  =     -5595.1453  EGB     =     -1308.9995  RESTRAINT  =        76.4315
 EAMBER (non-restraint)  =     -1596.9069
 ESURF=        32.9918
 ------------------------------------------------------------------------------

 NMR restraints: Bond =    0.000   Angle =     0.000   Torsion =     0.000
===============================================================================

 NSTEP =   450000   TIME(PS) =     900.000  TEMP(K) =   282.05  PRESS =     0.0
 Etot   =      -683.2810  EKtot   =       830.0741  EPtot      =     -1513.3550
 BOND   =       214.8330  ANGLE   =       547.4349  DIHED      =       951.1221
 1-4 NB =       259.7216  1-4 EEL =      3799.2824  VDWAALS    =      -513.7130
 EELEC  =     -5577.0678  EGB     =     -1304.6689  RESTRAINT  =        76.2968
 EAMBER (non-restraint)  =     -1589.6518
 ESURF=        33.4037
 ------------------------------------------------------------------------------

 NMR restraints: Bond =    0.000   Angle =     0.000   Torsion =     0.000
===============================================================================

 NSTEP =   455000   TIME(PS) =     910.000  TEMP(K) =   284.70  PRESS =     0.0
 Etot   =      -679.3767  EKtot   =       837.8919  EPtot      =     -1517.2686
 BOND   =       212.9456  ANGLE   =       566.1636  DIHED      =       947.0018
 1-4 NB =       246.9480  1-4 EEL =      3783.5971  VDWAALS    =      -513.2276
 EELEC  =     -5587.8146  EGB     =     -1281.6441  RESTRAINT  =        74.7388
 EAMBER (non-restraint)  =     -1592.0074
 ESURF=        34.0229
 ------------------------------------------------------------------------------

 NMR restraints: Bond =    0.000   Angle =     0.000   Torsion =     0.000
===============================================================================

 NSTEP =   460000   TIME(PS) =     920.000  TEMP(K) =   292.24  PRESS =     0.0
 Etot   =      -638.1554  EKtot   =       860.0707  EPtot      =     -1498.2261
 BOND   =       221.0429  ANGLE   =       551.9511  DIHED      =       968.6171
 1-4 NB =       258.2835  1-4 EEL =      3824.4197  VDWAALS    =      -522.1933
 EELEC  =     -5620.6746  EGB     =     -1282.5500  RESTRAINT  =        70.5808
 EAMBER (non-restraint)  =     -1568.8069
 ESURF=        32.2968
 ------------------------------------------------------------------------------

 NMR restraints: Bond =    0.000   Angle =     0.000   Torsion =     0.000
===============================================================================

 NSTEP =   465000   TIME(PS) =     930.000  TEMP(K) =   288.62  PRESS =     0.0
 Etot   =      -601.4075  EKtot   =       849.4296  EPtot      =     -1450.8372
 BOND   =       206.7365  ANGLE   =       579.4694  DIHED      =       987.1642
 1-4 NB =       263.9598  1-4 EEL =      3799.1158  VDWAALS    =      -507.3131
 EELEC  =     -5577.4479  EGB     =     -1326.5662  RESTRAINT  =        89.3484
 EAMBER (non-restraint)  =     -1540.1856
 ESURF=        34.6959
 ------------------------------------------------------------------------------

 NMR restraints: Bond =    0.000   Angle =     0.000   Torsion =     0.000
===============================================================================

 NSTEP =   470000   TIME(PS) =     940.000  TEMP(K) =   282.74  PRESS =     0.0
 Etot   =      -670.9861  EKtot   =       832.1058  EPtot      =     -1503.0919
 BOND   =       216.0722  ANGLE   =       544.5096  DIHED      =       961.9463
 1-4 NB =       261.7634  1-4 EEL =      3823.0255  VDWAALS    =      -510.2115
 EELEC  =     -5652.4990  EGB     =     -1254.6639  RESTRAINT  =        73.5648
 EAMBER (non-restraint)  =     -1576.6567
 ESURF=        33.4007
 ------------------------------------------------------------------------------

 NMR restraints: Bond =    0.000   Angle =     0.000   Torsion =     0.000
===============================================================================

 NSTEP =   475000   TIME(PS) =     950.000  TEMP(K) =   295.44  PRESS =     0.0
 Etot   =      -582.4895  EKtot   =       869.4776  EPtot      =     -1451.9671
 BOND   =       209.1358  ANGLE   =       587.8024  DIHED      =       980.9272
 1-4 NB =       260.3236  1-4 EEL =      3789.3616  VDWAALS    =      -517.6095
 EELEC  =     -5634.3547  EGB     =     -1238.7388  RESTRAINT  =        77.7956
 EAMBER (non-restraint)  =     -1529.7627
 ESURF=        33.3898
 ------------------------------------------------------------------------------

 NMR restraints: Bond =    0.000   Angle =     0.000   Torsion =     0.000
===============================================================================

 NSTEP =   480000   TIME(PS) =     960.000  TEMP(K) =   296.76  PRESS =     0.0
 Etot   =      -638.8481  EKtot   =       873.3752  EPtot      =     -1512.2233
 BOND   =       190.4216  ANGLE   =       549.6931  DIHED      =       989.5459
 1-4 NB =       260.0489  1-4 EEL =      3821.7925  VDWAALS    =      -510.8702
 EELEC  =     -5634.5569  EGB     =     -1282.0130  RESTRAINT  =        70.3102
 EAMBER (non-restraint)  =     -1582.5335
 ESURF=        33.4046
 ------------------------------------------------------------------------------

 NMR restraints: Bond =    0.000   Angle =     0.000   Torsion =     0.000
===============================================================================

 NSTEP =   485000   TIME(PS) =     970.000  TEMP(K) =   311.65  PRESS =     0.0
 Etot   =      -527.5712  EKtot   =       917.2082  EPtot      =     -1444.7794
 BOND   =       239.0213  ANGLE   =       572.6044  DIHED      =       972.7036
 1-4 NB =       266.5108  1-4 EEL =      3763.5739  VDWAALS    =      -521.3279
 EELEC  =     -5550.7490  EGB     =     -1299.2121  RESTRAINT  =        78.2125
 EAMBER (non-restraint)  =     -1522.9919
 ESURF=        33.8832
 ------------------------------------------------------------------------------

 NMR restraints: Bond =    0.000   Angle =     0.000   Torsion =     0.000
===============================================================================

 NSTEP =   490000   TIME(PS) =     980.000  TEMP(K) =   297.72  PRESS =     0.0
 Etot   =      -536.1502  EKtot   =       876.1959  EPtot      =     -1412.3461
 BOND   =       205.6140  ANGLE   =       623.6619  DIHED      =       973.8542
 1-4 NB =       269.4449  1-4 EEL =      3755.7524  VDWAALS    =      -513.6536
 EELEC  =     -5566.9686  EGB     =     -1282.3832  RESTRAINT  =        88.3720
 EAMBER (non-restraint)  =     -1500.7181
 ESURF=        33.9599
 ------------------------------------------------------------------------------

 NMR restraints: Bond =    0.000   Angle =     0.000   Torsion =     0.000
===============================================================================

 NSTEP =   495000   TIME(PS) =     990.000  TEMP(K) =   307.17  PRESS =     0.0
 Etot   =      -520.1590  EKtot   =       903.9979  EPtot      =     -1424.1569
 BOND   =       225.6574  ANGLE   =       599.9326  DIHED      =       972.4855
 1-4 NB =       258.8118  1-4 EEL =      3742.7173  VDWAALS    =      -511.5797
 EELEC  =     -5546.3191  EGB     =     -1290.6495  RESTRAINT  =        91.0819
 EAMBER (non-restraint)  =     -1515.2388
 ESURF=        33.7048
 ------------------------------------------------------------------------------

 NMR restraints: Bond =    0.000   Angle =     0.000   Torsion =     0.000
===============================================================================

 NSTEP =   500000   TIME(PS) =    1000.000  TEMP(K) =   295.28  PRESS =     0.0
 Etot   =      -589.6684  EKtot   =       869.0277  EPtot      =     -1458.6961
 BOND   =       244.1197  ANGLE   =       565.8541  DIHED      =       956.8941
 1-4 NB =       247.6248  1-4 EEL =      3751.4741  VDWAALS    =      -520.5020
 EELEC  =     -5529.5688  EGB     =     -1280.5130  RESTRAINT  =        73.1339
 EAMBER (non-restraint)  =     -1531.8300
 ESURF=        32.7868
 ------------------------------------------------------------------------------

 NMR restraints: Bond =    0.000   Angle =     0.000   Torsion =     0.000
===============================================================================

      A V E R A G E S   O V E R     100 S T E P S


 NSTEP =   500000   TIME(PS) =    1000.000  TEMP(K) =   201.72  PRESS =     0.0
 Etot   =     -1147.0871  EKtot   =       593.6741  EPtot      =     -1740.7612
 BOND   =       161.8503  ANGLE   =       435.2937  DIHED      =       933.7854
 1-4 NB =       247.4495  1-4 EEL =      3795.4038  VDWAALS    =      -529.7568
 EELEC  =     -5526.4249  EGB     =     -1351.5875  RESTRAINT  =        59.9137
 EAMBER (non-restraint)  =     -1800.6750
 ESURF=        33.3116
 ------------------------------------------------------------------------------

 NMR restraints: Bond =    0.000   Angle =     0.000   Torsion =     0.000
===============================================================================

      R M S  F L U C T U A T I O N S


 NSTEP =   500000   TIME(PS) =    1000.000  TEMP(K) =    59.08  PRESS =     0.0
 Etot   =       345.7036  EKtot   =       173.8731  EPtot      =       172.7273
 BOND   =        37.7391  ANGLE   =        88.4187  DIHED      =        24.0043
 1-4 NB =         8.5392  1-4 EEL =        15.9064  VDWAALS    =        10.0468
 EELEC  =        40.8467  EGB     =        38.1629  RESTRAINT  =        12.6236
 EAMBER (non-restraint)  =       160.1037
 ESURF=         0.6213
 ------------------------------------------------------------------------------


 NMR restraints on final step:

--------------------------------------------------------------------------------
   5.  TIMINGS
--------------------------------------------------------------------------------

|  NonSetup CPU Time in Major Routines:
|
|     Routine           Sec        %
|     ------------------------------
|     Nonbond       26968.28   97.96
|     Bond              3.63    0.01
|     Angle            63.90    0.23
|     Dihedral        378.23    1.37
|     Shake            16.50    0.06
|     RunMD            99.47    0.36
|     Other             0.35    0.00
|     ------------------------------
|     Total         27530.35

|  Generalized Born CPU Time:
|
|     Routine                 Sec        %
|     ------------------------------------
|     Radii Calc           6349.24   23.06
|     Diagonal Calc       11856.48   43.07
|     Off Diagonal Calc    8736.82   31.74
|     GBSA LCPO Calc          0.22    0.00
|     ---------------------------------
|     Total               26942.55   97.86

|  Final Performance Info:
|     -----------------------------------------------------
|     Average timings for last       1 steps:
|     Elapsed(s) =       0.00 Per Step(ms) =       0.15
|         ns/day =    1183.59   seconds/ns =      73.00
|
|     Average timings for all steps:
|     Elapsed(s) =   47702.84 Per Step(ms) =      95.41
|         ns/day =       1.81   seconds/ns =   47702.84
|     -----------------------------------------------------

|  Setup CPU time:            0.01 seconds
|  NonSetup CPU time:     27530.35 seconds
|  Total CPU time:        27530.37 seconds     7.65 hours

|  Setup wall time:           0    seconds
|  NonSetup wall time:    47702    seconds
|  Total wall time:       47702    seconds    13.25 hours
