Salt Bridges Plugin, Version 1.0
Wed Apr 17 13:10:25 +0530 2024

Parameters used in the calculation of salt bridges:
- Atomselection: protein
- Update selections every frame: yes
- Initial frame: 0
- Frame step: 1
- Final frame: 499
- Oxygen-nitrogen cut-off: 3.2
- Center of mass cut-off: none
- Write a file for each salt bridge: yes

Searching for ion-pairs with oxygen-nitrogen distance within 3.2 Angstroms in the selected frames... Done.
Removing redundancies in the ion-pairs found... Done.
Extracting identification of each salt bridge... Done.
Found 23 salt bridges.

ASP56-LYS52
GLU42-ARG43
GLU67-LYS66
GLU23-LYS76
GLU78-LYS81
GLU79-LYS76
GLU79-LYS82
ASP21-LYS18
GLU11-LYS7
GLU10-LYS7
GLU10-LYS13
GLU23-LYS83
GLU11-LYS81
ASP75-LYS71
ASP48-LYS52
GLU67-LYS71
ASP6-LYS7
GLU78-LYS82
ASP21-LYS50
ASP56-ARG43
GLU79-LYS83
ASP68-LYS71
GLU4-LYS7

Printing distances over all frames for each salt-bridge... Done.
