Salt Bridges Plugin, Version 1.0
Fri Apr 19 16:49:07 +0530 2024

Parameters used in the calculation of salt bridges:
- Atomselection: protein
- Update selections every frame: yes
- Initial frame: 0
- Frame step: 1
- Final frame: 24
- Oxygen-nitrogen cut-off: 3.2
- Center of mass cut-off: none
- Write a file for each salt bridge: yes

Searching for ion-pairs with oxygen-nitrogen distance within 3.2 Angstroms in the selected frames... Done.
Removing redundancies in the ion-pairs found... Done.
Extracting identification of each salt bridge... Done.
Found 37 salt bridges.

GLU16-ARG14
GLU274-ARG518
GLU31-LYS35
GLU498-LYS501
ASP476-LYS472
ASP215-LYS211
GLU16-ARG257
ASP104-ARG137
ASP116-ARG3
GLU493-LYS490
GLU366-LYS362
GLU372-LYS373
GLU500-LYS293
ASP304-LYS514
ASP46-LYS253
ASP116-ARG81
GLU192-LYS189
ASP377-ARG342
ASP412-ARG439
GLU300-LYS507
ASP296-LYS344
ASP152-LYS189
ASP413-LYS450
ASP365-ARG398
ASP377-ARG261
ASP414-ARG417
GLU274-LYS514
GLU16-LYS253
GLU237-LYS240
ASP151-ARG178
GLU232-LYS229
GLU105-LYS101
ASP38-LYS83
GLU289-LYS293
GLU453-LYS450
GLU42-LYS246
ASP153-ARG156

Printing distances over all frames for each salt-bridge... Done.
