
          -------------------------------------------------------
          Amber 22 PMEMD                              2022
          -------------------------------------------------------

| PMEMD implementation of SANDER, Release 22

|  Compiled date/time: Thu Apr 14 23:36:37 2022
| Run on 12/23/2023 at 11:56:12

|   Executable path: pmemd
| Working directory: /home/arul/Reegina/MD_Sim/sample/2L6R_info
|          Hostname: Unknown
  [-O]verwriting output

File Assignments:
|   MDIN: eq1.in                                                                
|  MDOUT: eq1.out                                                               
| INPCRD: heat.rst7                                                             
|   PARM: 2L6R.hmass.parm7                                                      
| RESTRT: eq1.rst7                                                              
|   REFC: heat.rst7                                                             
|  MDVEL: mdvel                                                                 
|   MDEN: mden                                                                  
|  MDCRD: eq1.crd                                                               
| MDINFO: eq1.info                                                              
|  MDFRC: mdfrc                                                                 


 Here is the input file:

&cntrl                                                                         
   ntx = 5,                                                                    
                                                                               
   ntwx = 5000, ntwe = 0, ntwr = 500,                                          
   ntpr = 5000,                                                                
                                                                               
   ioutfm=0, ntxo=1,                                                           
                                                                               
   imin = 0, nstlim = 125000, dt = 0.002,                                      
                                                                               
   ntt = 3, gamma_ln=1.0, temp0 = 300.0,                                       
   nscm = 1000, ig = -1, irest = 1,                                            
                                                                               
   ntc= 2, ntf = 2, cut = 1000,                                                
                                                                               
   igb=8, gbsa=3, surften=0.007, ntb = 0,                                      
   saltcon=0.,                                                                 
                                                                               
   ntr=1, restraintmask="@CA,N,C,O",                                           
   restraint_wt=1.0,                                                           
 /                                                                             


Note: ig = -1. Setting random seed to   948599 based on wallclock time in 
      microseconds.
| irandom = 1, using AMBER's internal random number generator (default).
 
| Conditional Compilation Defines Used:
| PUBFFT
| BINTRAJ
| EMIL

| New format PARM file being parsed.
| Version =    1.000 Date = 12/05/23 Time = 14:07:21

| Note: 1-4 EEL scale factors are being read from the topology file.

| Note: 1-4 VDW scale factors are being read from the topology file.
| INFO:    Reading atomic numbers from topology file.
| Duplicated    0 dihedrals

| Duplicated    0 dihedrals

--------------------------------------------------------------------------------
   1.  RESOURCE   USE: 
--------------------------------------------------------------------------------

 NATOM  =     995 NTYPES =      14 NBONH =     508 MBONA  =     489
 NTHETH =    1145 MTHETA =     653 NPHIH =    2317 MPHIA  =    2035
 NHPARM =       0 NPARM  =       0 NNB   =    5426 NRES   =      62
 NBONA  =     489 NTHETA =     653 NPHIA =    2035 NUMBND =      54
 NUMANG =     121 NPTRA  =     154 NATYP =      28 NPHB   =       0
 IFBOX  =       0 NMXRS  =      24 IFCAP =       0 NEXTRA =       0
 NCOPY  =       0

 Implicit solvent radii are ArgH and AspGluO modified Bondi2 radii (mbondi3)                                
 Replacing prmtop screening parameters with GBn2 (igb=8) values
--------------------------------------------------------------------------------
   2.  CONTROL  DATA  FOR  THE  RUN
--------------------------------------------------------------------------------

default_name                                                                    

General flags:
     imin    =       0, nmropt  =       0

Nature and format of input:
     ntx     =       5, irest   =       1, ntrx    =       1

Nature and format of output:
     ntxo    =       1, ntpr    =    5000, ntrx    =       1, ntwr    =     500
     iwrap   =       0, ntwx    =    5000, ntwv    =       0, ntwe    =       0
     ioutfm  =       0, ntwprt  =       0, idecomp =       0, rbornstat=      0

Potential function:
     ntf     =       2, ntb     =       0, igb     =       8, nsnb    =      25
     ipol    =       0, gbsa    =       3, iesp    =       0
     dielc   =   1.00000, cut     =1000.00000, intdiel =   1.00000
     saltcon =   0.00000, offset  =   0.19514, surften =   0.00700
     rdt     =   0.00000, rgbmax  =  25.00000  extdiel =  78.50000
     alpb  =        0
     gbalphaH  =   0.78844, gbbetaH   =   0.79870,  gbgammaH  =    0.43733
     gbalphaC  =   0.73376, gbbetaC   =   0.50638,  gbgammaC  =    0.20584
     gbalphaN  =   0.50336, gbbetaN   =   0.31683,  gbgammaN  =    0.19292
     gbalphaOS =   0.86781, gbbetaOS  =   0.87664,  gbgammaOS =    0.38788
     gbalphaP  =   1.00000, gbbetaP   =   0.80000,  gbgammaP  =    4.85000
     gb_alpha_hnu  =   0.53705, gb_beta_hnu   =   0.36286,  gb_gamma_hnu  =    0.11670
     gb_alpha_cnu  =   0.33167, gb_beta_cnu   =   0.19684,  gb_gamma_cnu  =    0.09342
     gb_alpha_nnu  =   0.68631, gb_beta_nnu   =   0.46319,  gb_gamma_nnu  =    0.13872
     gb_alpha_onu  =   0.60634, gb_beta_onu   =   0.46301,  gb_gamma_onu  =    0.14226
     gb_alpha_pnu  =   0.41836, gb_beta_pnu   =   0.29005,  gb_gamma_pnu  =    0.10642

Frozen or restrained atoms:
     ibelly  =       0, ntr     =       1
     restraint_wt =   1.00000

Molecular dynamics:
     nstlim  =    125000, nscm    =         0, nrespa  =         1
     t       =   0.00000, dt      =   0.00200, vlimit  =  20.00000

Langevin dynamics temperature regulation:
     ig      =  948599
     temp0   = 300.00000, tempi   =   0.00000, gamma_ln=   1.00000

SHAKE:
     ntc     =       2, jfastw  =       0
     tol     =   0.00001

| Intermolecular bonds treatment:
|     no_intermolecular_bonds =       1

| Energy averages sample interval:
|     ene_avg_sampling =    5000

    LOADING THE CONSTRAINED ATOMS AS GROUPS


   5.  REFERENCE ATOM COORDINATES

  default_name                                                                    
     Mask @CA,N,C,O; matches   248 atoms

--------------------------------------------------------------------------------
   3.  ATOMIC COORDINATES AND VELOCITIES
--------------------------------------------------------------------------------

default_name                                                                    
 begin time read from input coords =  1000.000 ps

 
 Number of triangulated 3-point waters found:        0
| Dynamic Memory, Types Used:
| Reals               35456
| Integers           117145

--------------------------------------------------------------------------------
   4.  RESULTS
--------------------------------------------------------------------------------


 NSTEP =     5000   TIME(PS) =    1010.000  TEMP(K) =   298.20  PRESS =     0.0
 Etot   =     -1638.6801  EKtot   =       733.9121  EPtot      =     -2372.5923
 BOND   =       201.1066  ANGLE   =       506.5008  DIHED      =       743.0401
 1-4 NB =       202.6959  1-4 EEL =      1145.7004  VDWAALS    =      -361.4583
 EELEC  =     -3397.9312  EGB     =     -1488.8567  RESTRAINT  =        35.1478
 EAMBER (non-restraint)  =     -2407.7401
 ESURF=        41.4623
 ------------------------------------------------------------------------------


 NSTEP =    10000   TIME(PS) =    1020.000  TEMP(K) =   300.95  PRESS =     0.0
 Etot   =     -1636.1685  EKtot   =       740.6868  EPtot      =     -2376.8553
 BOND   =       192.8242  ANGLE   =       499.5855  DIHED      =       767.8064
 1-4 NB =       208.6268  1-4 EEL =      1145.2962  VDWAALS    =      -364.2609
 EELEC  =     -3379.2394  EGB     =     -1515.0988  RESTRAINT  =        26.4633
 EAMBER (non-restraint)  =     -2403.3186
 ESURF=        41.1415
 ------------------------------------------------------------------------------


 NSTEP =    15000   TIME(PS) =    1030.000  TEMP(K) =   303.76  PRESS =     0.0
 Etot   =     -1627.0738  EKtot   =       747.5826  EPtot      =     -2374.6564
 BOND   =       194.8662  ANGLE   =       490.1710  DIHED      =       751.8725
 1-4 NB =       210.1810  1-4 EEL =      1195.2159  VDWAALS    =      -358.5051
 EELEC  =     -3433.2189  EGB     =     -1500.0984  RESTRAINT  =        33.6593
 EAMBER (non-restraint)  =     -2408.3157
 ESURF=        41.2001
 ------------------------------------------------------------------------------


 NSTEP =    20000   TIME(PS) =    1040.000  TEMP(K) =   301.86  PRESS =     0.0
 Etot   =     -1616.2852  EKtot   =       742.9264  EPtot      =     -2359.2117
 BOND   =       201.8690  ANGLE   =       527.4145  DIHED      =       747.6729
 1-4 NB =       206.0679  1-4 EEL =      1117.8290  VDWAALS    =      -369.2595
 EELEC  =     -3380.1531  EGB     =     -1487.2989  RESTRAINT  =        35.5302
 EAMBER (non-restraint)  =     -2394.7419
 ESURF=        41.1163
 ------------------------------------------------------------------------------


 NSTEP =    25000   TIME(PS) =    1050.000  TEMP(K) =   305.20  PRESS =     0.0
 Etot   =     -1619.3323  EKtot   =       751.1429  EPtot      =     -2370.4752
 BOND   =       190.7079  ANGLE   =       498.6800  DIHED      =       759.5856
 1-4 NB =       222.6066  1-4 EEL =      1162.7962  VDWAALS    =      -359.6934
 EELEC  =     -3469.7498  EGB     =     -1453.8008  RESTRAINT  =        37.5758
 EAMBER (non-restraint)  =     -2408.0510
 ESURF=        40.8167
 ------------------------------------------------------------------------------


 NSTEP =    30000   TIME(PS) =    1060.000  TEMP(K) =   307.42  PRESS =     0.0
 Etot   =     -1629.0465  EKtot   =       756.6108  EPtot      =     -2385.6573
 BOND   =       188.1011  ANGLE   =       515.7939  DIHED      =       767.4457
 1-4 NB =       197.9298  1-4 EEL =      1124.7057  VDWAALS    =      -365.3712
 EELEC  =     -3398.9631  EGB     =     -1485.2109  RESTRAINT  =        30.2261
 EAMBER (non-restraint)  =     -2415.8833
 ESURF=        39.6856
 ------------------------------------------------------------------------------


 NSTEP =    35000   TIME(PS) =    1070.000  TEMP(K) =   321.30  PRESS =     0.0
 Etot   =     -1601.6618  EKtot   =       790.7699  EPtot      =     -2392.4317
 BOND   =       209.1594  ANGLE   =       485.6384  DIHED      =       759.7620
 1-4 NB =       202.3178  1-4 EEL =      1148.6270  VDWAALS    =      -377.4005
 EELEC  =     -3474.8691  EGB     =     -1420.0131  RESTRAINT  =        34.1219
 EAMBER (non-restraint)  =     -2426.5535
 ESURF=        40.2246
 ------------------------------------------------------------------------------


 NSTEP =    40000   TIME(PS) =    1080.000  TEMP(K) =   305.28  PRESS =     0.0
 Etot   =     -1662.2524  EKtot   =       751.3396  EPtot      =     -2413.5921
 BOND   =       174.9672  ANGLE   =       460.3902  DIHED      =       772.3251
 1-4 NB =       212.6286  1-4 EEL =      1131.8225  VDWAALS    =      -370.6215
 EELEC  =     -3437.0767  EGB     =     -1442.1923  RESTRAINT  =        43.9987
 EAMBER (non-restraint)  =     -2457.5908
 ESURF=        40.1661
 ------------------------------------------------------------------------------


 NSTEP =    45000   TIME(PS) =    1090.000  TEMP(K) =   275.22  PRESS =     0.0
 Etot   =     -1721.6997  EKtot   =       677.3435  EPtot      =     -2399.0432
 BOND   =       188.3819  ANGLE   =       497.4625  DIHED      =       758.7354
 1-4 NB =       206.4789  1-4 EEL =      1165.9636  VDWAALS    =      -363.6958
 EELEC  =     -3465.5796  EGB     =     -1463.6405  RESTRAINT  =        36.4909
 EAMBER (non-restraint)  =     -2435.5341
 ESURF=        40.3596
 ------------------------------------------------------------------------------


 NSTEP =    50000   TIME(PS) =    1100.000  TEMP(K) =   296.67  PRESS =     0.0
 Etot   =     -1623.9697  EKtot   =       730.1336  EPtot      =     -2354.1033
 BOND   =       209.7270  ANGLE   =       493.1476  DIHED      =       746.6484
 1-4 NB =       207.5582  1-4 EEL =      1137.7227  VDWAALS    =      -365.6228
 EELEC  =     -3374.6652  EGB     =     -1495.4059  RESTRAINT  =        45.4015
 EAMBER (non-restraint)  =     -2399.5048
 ESURF=        41.3852
 ------------------------------------------------------------------------------


 NSTEP =    55000   TIME(PS) =    1110.000  TEMP(K) =   297.56  PRESS =     0.0
 Etot   =     -1647.9617  EKtot   =       732.3465  EPtot      =     -2380.3081
 BOND   =       215.1457  ANGLE   =       495.0424  DIHED      =       759.3873
 1-4 NB =       199.4702  1-4 EEL =      1134.8989  VDWAALS    =      -359.7747
 EELEC  =     -3462.6568  EGB     =     -1440.5159  RESTRAINT  =        38.3463
 EAMBER (non-restraint)  =     -2418.6545
 ESURF=        40.3484
 ------------------------------------------------------------------------------


 NSTEP =    60000   TIME(PS) =    1120.000  TEMP(K) =   294.83  PRESS =     0.0
 Etot   =     -1643.2719  EKtot   =       725.6163  EPtot      =     -2368.8882
 BOND   =       205.7822  ANGLE   =       505.2266  DIHED      =       746.9421
 1-4 NB =       212.8308  1-4 EEL =      1137.1724  VDWAALS    =      -382.7889
 EELEC  =     -3407.0391  EGB     =     -1471.9337  RESTRAINT  =        46.1932
 EAMBER (non-restraint)  =     -2415.0814
 ESURF=        38.7263
 ------------------------------------------------------------------------------


 NSTEP =    65000   TIME(PS) =    1130.000  TEMP(K) =   309.57  PRESS =     0.0
 Etot   =     -1627.2174  EKtot   =       761.8919  EPtot      =     -2389.1094
 BOND   =       205.8676  ANGLE   =       486.8532  DIHED      =       763.1165
 1-4 NB =       209.3414  1-4 EEL =      1132.6436  VDWAALS    =      -371.2182
 EELEC  =     -3473.1171  EGB     =     -1420.5469  RESTRAINT  =        37.9589
 EAMBER (non-restraint)  =     -2427.0683
 ESURF=        39.9916
 ------------------------------------------------------------------------------


 NSTEP =    70000   TIME(PS) =    1140.000  TEMP(K) =   291.30  PRESS =     0.0
 Etot   =     -1659.9976  EKtot   =       716.9186  EPtot      =     -2376.9162
 BOND   =       191.9554  ANGLE   =       501.8716  DIHED      =       757.5339
 1-4 NB =       212.8165  1-4 EEL =      1157.2521  VDWAALS    =      -370.3091
 EELEC  =     -3496.0865  EGB     =     -1415.5881  RESTRAINT  =        44.2577
 EAMBER (non-restraint)  =     -2421.1738
 ESURF=        39.3804
 ------------------------------------------------------------------------------


 NSTEP =    75000   TIME(PS) =    1150.000  TEMP(K) =   300.31  PRESS =     0.0
 Etot   =     -1666.7178  EKtot   =       739.1011  EPtot      =     -2405.8189
 BOND   =       198.2652  ANGLE   =       485.4672  DIHED      =       742.8927
 1-4 NB =       203.3417  1-4 EEL =      1133.5264  VDWAALS    =      -375.0236
 EELEC  =     -3512.1293  EGB     =     -1362.6932  RESTRAINT  =        39.9825
 EAMBER (non-restraint)  =     -2445.8014
 ESURF=        40.5515
 ------------------------------------------------------------------------------


 NSTEP =    80000   TIME(PS) =    1160.000  TEMP(K) =   294.70  PRESS =     0.0
 Etot   =     -1645.3943  EKtot   =       725.2903  EPtot      =     -2370.6846
 BOND   =       196.6985  ANGLE   =       525.0379  DIHED      =       751.6656
 1-4 NB =       201.7823  1-4 EEL =      1126.2227  VDWAALS    =      -369.4060
 EELEC  =     -3414.1102  EGB     =     -1462.9957  RESTRAINT  =        33.7243
 EAMBER (non-restraint)  =     -2404.4090
 ESURF=        40.6960
 ------------------------------------------------------------------------------


 NSTEP =    85000   TIME(PS) =    1170.000  TEMP(K) =   292.62  PRESS =     0.0
 Etot   =     -1659.5107  EKtot   =       720.1742  EPtot      =     -2379.6850
 BOND   =       199.2182  ANGLE   =       488.4924  DIHED      =       778.4351
 1-4 NB =       212.4803  1-4 EEL =      1158.0068  VDWAALS    =      -361.7636
 EELEC  =     -3488.2448  EGB     =     -1437.6119  RESTRAINT  =        31.9868
 EAMBER (non-restraint)  =     -2411.6718
 ESURF=        39.3157
 ------------------------------------------------------------------------------


 NSTEP =    90000   TIME(PS) =    1180.000  TEMP(K) =   295.76  PRESS =     0.0
 Etot   =     -1668.2074  EKtot   =       727.9058  EPtot      =     -2396.1132
 BOND   =       199.2962  ANGLE   =       483.5765  DIHED      =       750.1349
 1-4 NB =       208.2479  1-4 EEL =      1147.1884  VDWAALS    =      -369.1149
 EELEC  =     -3480.1759  EGB     =     -1412.5523  RESTRAINT  =        37.5886
 EAMBER (non-restraint)  =     -2433.7018
 ESURF=        39.6974
 ------------------------------------------------------------------------------


 NSTEP =    95000   TIME(PS) =    1190.000  TEMP(K) =   307.91  PRESS =     0.0
 Etot   =     -1633.9387  EKtot   =       757.8127  EPtot      =     -2391.7514
 BOND   =       186.6887  ANGLE   =       510.6549  DIHED      =       747.2262
 1-4 NB =       203.9386  1-4 EEL =      1115.2473  VDWAALS    =      -370.7463
 EELEC  =     -3420.6223  EGB     =     -1445.7345  RESTRAINT  =        42.1566
 EAMBER (non-restraint)  =     -2433.9079
 ESURF=        39.4394
 ------------------------------------------------------------------------------


 NSTEP =   100000   TIME(PS) =    1200.000  TEMP(K) =   314.01  PRESS =     0.0
 Etot   =     -1603.3386  EKtot   =       772.8117  EPtot      =     -2376.1504
 BOND   =       199.6820  ANGLE   =       487.6139  DIHED      =       748.3108
 1-4 NB =       214.6273  1-4 EEL =      1179.6480  VDWAALS    =      -366.4323
 EELEC  =     -3451.1766  EGB     =     -1463.4529  RESTRAINT  =        35.0955
 EAMBER (non-restraint)  =     -2411.2459
 ESURF=        39.9339
 ------------------------------------------------------------------------------


 NSTEP =   105000   TIME(PS) =    1210.000  TEMP(K) =   303.90  PRESS =     0.0
 Etot   =     -1619.9820  EKtot   =       747.9308  EPtot      =     -2367.9128
 BOND   =       194.8766  ANGLE   =       525.8930  DIHED      =       740.2567
 1-4 NB =       210.3248  1-4 EEL =      1127.7980  VDWAALS    =      -364.7992
 EELEC  =     -3466.5868  EGB     =     -1412.9138  RESTRAINT  =        37.2611
 EAMBER (non-restraint)  =     -2405.1738
 ESURF=        39.9768
 ------------------------------------------------------------------------------


 NSTEP =   110000   TIME(PS) =    1220.000  TEMP(K) =   310.96  PRESS =     0.0
 Etot   =     -1636.3338  EKtot   =       765.3170  EPtot      =     -2401.6507
 BOND   =       203.2480  ANGLE   =       499.0781  DIHED      =       738.1635
 1-4 NB =       210.3304  1-4 EEL =      1113.6941  VDWAALS    =      -369.2038
 EELEC  =     -3403.3089  EGB     =     -1465.1836  RESTRAINT  =        32.2012
 EAMBER (non-restraint)  =     -2433.8519
 ESURF=        39.3303
 ------------------------------------------------------------------------------


 NSTEP =   115000   TIME(PS) =    1230.000  TEMP(K) =   298.38  PRESS =     0.0
 Etot   =     -1615.5888  EKtot   =       734.3489  EPtot      =     -2349.9377
 BOND   =       197.3933  ANGLE   =       527.6507  DIHED      =       745.6415
 1-4 NB =       213.6309  1-4 EEL =      1103.5479  VDWAALS    =      -370.7328
 EELEC  =     -3431.5365  EGB     =     -1418.9605  RESTRAINT  =        43.0323
 EAMBER (non-restraint)  =     -2392.9700
 ESURF=        40.3957
 ------------------------------------------------------------------------------


 NSTEP =   120000   TIME(PS) =    1240.000  TEMP(K) =   294.07  PRESS =     0.0
 Etot   =     -1652.9320  EKtot   =       723.7555  EPtot      =     -2376.6875
 BOND   =       195.7483  ANGLE   =       532.7644  DIHED      =       747.1331
 1-4 NB =       200.2439  1-4 EEL =      1136.5888  VDWAALS    =      -377.7748
 EELEC  =     -3461.4684  EGB     =     -1431.4396  RESTRAINT  =        41.5589
 EAMBER (non-restraint)  =     -2418.2464
 ESURF=        39.9580
 ------------------------------------------------------------------------------


 NSTEP =   125000   TIME(PS) =    1250.000  TEMP(K) =   287.69  PRESS =     0.0
 Etot   =     -1691.0422  EKtot   =       708.0472  EPtot      =     -2399.0894
 BOND   =       186.6692  ANGLE   =       488.6262  DIHED      =       747.2237
 1-4 NB =       212.8857  1-4 EEL =      1158.7300  VDWAALS    =      -370.4660
 EELEC  =     -3451.2914  EGB     =     -1447.9873  RESTRAINT  =        37.2649
 EAMBER (non-restraint)  =     -2436.3543
 ESURF=        39.2556
 ------------------------------------------------------------------------------


      A V E R A G E S   O V E R      25 S T E P S


 NSTEP =   125000   TIME(PS) =    1250.000  TEMP(K) =   300.38  PRESS =     0.0
 Etot   =     -1641.9042  EKtot   =       739.2687  EPtot      =     -2381.1729
 BOND   =       197.1298  ANGLE   =       500.7453  DIHED      =       753.5583
 1-4 NB =       208.1354  1-4 EEL =      1141.5138  VDWAALS    =      -368.2177
 EELEC  =     -3441.2399  EGB     =     -1450.4691  RESTRAINT  =        37.4890
 EAMBER (non-restraint)  =     -2418.6618
 ESURF=        40.1822
 ------------------------------------------------------------------------------


      R M S  F L U C T U A T I O N S


 NSTEP =   125000   TIME(PS) =    1250.000  TEMP(K) =     9.15  PRESS =     0.0
 Etot   =        26.6978  EKtot   =        22.5106  EPtot      =        15.7558
 BOND   =         8.5752  ANGLE   =        17.1238  DIHED      =        10.2059
 1-4 NB =         5.6431  1-4 EEL =        20.8115  VDWAALS    =         5.8888
 EELEC  =        38.2819  EGB     =        34.1716  RESTRAINT  =         4.8650
 EAMBER (non-restraint)  =        10.8908
 ESURF=         0.7251
 ------------------------------------------------------------------------------

--------------------------------------------------------------------------------
   5.  TIMINGS
--------------------------------------------------------------------------------

|  NonSetup CPU Time in Major Routines:
|
|     Routine           Sec        %
|     ------------------------------
|     Nonbond        4624.88   97.56
|     Bond              0.74    0.02
|     Angle            13.19    0.28
|     Dihedral         77.12    1.63
|     Shake             3.70    0.08
|     RunMD            20.81    0.44
|     Other             0.05    0.00
|     ------------------------------
|     Total          4740.49

|  Generalized Born CPU Time:
|
|     Routine                 Sec        %
|     ------------------------------------
|     Radii Calc           1077.27   22.72
|     Diagonal Calc        1990.89   42.00
|     Off Diagonal Calc    1551.54   32.73
|     GBSA LCPO Calc          0.04    0.00
|     ---------------------------------
|     Total                4619.70   97.45

|  Final Performance Info:
|     -----------------------------------------------------
|     Average timings for last       1 steps:
|     Elapsed(s) =       0.00 Per Step(ms) =       0.10
|         ns/day =    1726.31   seconds/ns =      50.05
|
|     Average timings for all steps:
|     Elapsed(s) =    9381.64 Per Step(ms) =      75.05
|         ns/day =       2.30   seconds/ns =   37526.57
|     -----------------------------------------------------

|  Setup CPU time:            0.01 seconds
|  NonSetup CPU time:      4740.49 seconds
|  Total CPU time:         4740.50 seconds     1.32 hours

|  Setup wall time:           0    seconds
|  NonSetup wall time:     9382    seconds
|  Total wall time:        9382    seconds     2.61 hours
