Note: The following floating-point exceptions are signalling: IEEE_INVALID_FLAG
Note: The following floating-point exceptions are signalling: IEEE_INVALID_FLAG
Note: The following floating-point exceptions are signalling: IEEE_INVALID_FLAG
At line 894 of file /opt/amber22_src/src/pmemd/src/runfiles.F90 (unit = 6)
Fortran runtime error: Cannot open file 'prod.out': No such file or directory

Error termination. Backtrace:
#0  0x7f1237823960 in ???
#1  0x7f12378244d9 in ???
#2  0x7f123782510f in ???
#3  0x7f1237a73ee6 in ???
#4  0x7f1237a741dd in ???
#5  0x55c0fe1449d9 in ???
#6  0x55c0fe115ec3 in ???
#7  0x55c0fe1593c0 in ???
#8  0x55c0fe03102e in ???
#9  0x7f1237429d8f in __libc_start_call_main
	at ../sysdeps/nptl/libc_start_call_main.h:58
#10  0x7f1237429e3f in __libc_start_main_impl
	at ../csu/libc-start.c:392
#11  0x55c0fe031064 in ???
#12  0xffffffffffffffff in ???
