
          -------------------------------------------------------
          Amber 22 PMEMD                              2022
          -------------------------------------------------------

| PMEMD implementation of SANDER, Release 22

|  Compiled date/time: Thu Apr 14 23:36:37 2022
| Run on 01/01/2024 at 16:57:19

|   Executable path: pmemd
| Working directory: /home/arul/Reegina/MD_Sim/SET3_GROUP/1HZ6_info
|          Hostname: Unknown
  [-O]verwriting output

File Assignments:
|   MDIN: heat.in                                                               
|  MDOUT: heat.out                                                              
| INPCRD: min_1HZ6.rst7                                                         
|   PARM: 1HZ6.hmass.parm7                                                      
| RESTRT: heat.rst7                                                             
|   REFC: min_1HZ6.rst7                                                         
|  MDVEL: mdvel                                                                 
|   MDEN: mden                                                                  
|  MDCRD: heat.crd                                                              
| MDINFO: heat.info                                                             
|  MDFRC: mdfrc                                                                 


 Here is the input file:

&cntrl                                                                         
   ntx = 1,                                                                    
   ntwx = 5000,                                                                
   ntwe = 0,                                                                   
   ntwr = 500,                                                                 
   ntpr = 5000,                                                                
   ioutfm=0,                                                                   
   ntxo=1,                                                                     
   imin = 0,                                                                   
   nstlim = 500000,                                                            
   dt = 0.002,                                                                 
   ntt = 3,                                                                    
   gamma_ln=1.,                                                                
   temp0 = 100.0,                                                              
   nscm = 1000,                                                                
   ig = -1,                                                                    
   ntc= 2,                                                                     
   ntf = 2,                                                                    
   cut = 1000,                                                                 
   igb=8,                                                                      
   gbsa=3,                                                                     
   surften=0.007,                                                              
   ntb = 0,                                                                    
   saltcon=0.,                                                                 
   ntr=1,                                                                      
   restraintmask="@CA,N,C,O",                                                  
   restraint_wt=10.0,                                                          
   nmropt=1,                                                                   
 &end                                                                          
 &wt                                                                           
   TYPE="TEMP0", istep1=0, istep2=500000,                                      
   value1=100., value2=300.,                                                   
 &end                                                                          
 &wt                                                                           
   TYPE="END",                                                                 
 &end                                                                          


Note: ig = -1. Setting random seed to   815409 based on wallclock time in 
      microseconds.
| irandom = 1, using AMBER's internal random number generator (default).
 
| Conditional Compilation Defines Used:
| PUBFFT
| BINTRAJ
| EMIL

| New format PARM file being parsed.
| Version =    1.000 Date = 01/01/24 Time = 14:18:03

| Note: 1-4 EEL scale factors are being read from the topology file.

| Note: 1-4 VDW scale factors are being read from the topology file.
| INFO:    Reading atomic numbers from topology file.
| Duplicated    0 dihedrals

| Duplicated    0 dihedrals

--------------------------------------------------------------------------------
   1.  RESOURCE   USE: 
--------------------------------------------------------------------------------

 NATOM  =    2929 NTYPES =      14 NBONH =    1435 MBONA  =    1520
 NTHETH =    3262 MTHETA =    2054 NPHIH =    6687 MPHIA  =    6454
 NHPARM =       0 NPARM  =       0 NNB   =   16088 NRES   =     193
 NBONA  =    1520 NTHETA =    2054 NPHIA =    6454 NUMBND =      57
 NUMANG =     134 NPTRA  =     178 NATYP =      30 NPHB   =       0
 IFBOX  =       0 NMXRS  =      24 IFCAP =       0 NEXTRA =       0
 NCOPY  =       0

 Implicit solvent radii are ArgH and AspGluO modified Bondi2 radii (mbondi3)                                
 Replacing prmtop screening parameters with GBn2 (igb=8) values
--------------------------------------------------------------------------------
   2.  CONTROL  DATA  FOR  THE  RUN
--------------------------------------------------------------------------------

default_name                                                                    

General flags:
     imin    =       0, nmropt  =       1

Nature and format of input:
     ntx     =       1, irest   =       0, ntrx    =       1

Nature and format of output:
     ntxo    =       1, ntpr    =    5000, ntrx    =       1, ntwr    =     500
     iwrap   =       0, ntwx    =    5000, ntwv    =       0, ntwe    =       0
     ioutfm  =       0, ntwprt  =       0, idecomp =       0, rbornstat=      0

Potential function:
     ntf     =       2, ntb     =       0, igb     =       8, nsnb    =      25
     ipol    =       0, gbsa    =       3, iesp    =       0
     dielc   =   1.00000, cut     =1000.00000, intdiel =   1.00000
     saltcon =   0.00000, offset  =   0.19514, surften =   0.00700
     rdt     =   0.00000, rgbmax  =  25.00000  extdiel =  78.50000
     alpb  =        0
     gbalphaH  =   0.78844, gbbetaH   =   0.79870,  gbgammaH  =    0.43733
     gbalphaC  =   0.73376, gbbetaC   =   0.50638,  gbgammaC  =    0.20584
     gbalphaN  =   0.50336, gbbetaN   =   0.31683,  gbgammaN  =    0.19292
     gbalphaOS =   0.86781, gbbetaOS  =   0.87664,  gbgammaOS =    0.38788
     gbalphaP  =   1.00000, gbbetaP   =   0.80000,  gbgammaP  =    4.85000
     gb_alpha_hnu  =   0.53705, gb_beta_hnu   =   0.36286,  gb_gamma_hnu  =    0.11670
     gb_alpha_cnu  =   0.33167, gb_beta_cnu   =   0.19684,  gb_gamma_cnu  =    0.09342
     gb_alpha_nnu  =   0.68631, gb_beta_nnu   =   0.46319,  gb_gamma_nnu  =    0.13872
     gb_alpha_onu  =   0.60634, gb_beta_onu   =   0.46301,  gb_gamma_onu  =    0.14226
     gb_alpha_pnu  =   0.41836, gb_beta_pnu   =   0.29005,  gb_gamma_pnu  =    0.10642

Frozen or restrained atoms:
     ibelly  =       0, ntr     =       1
     restraint_wt =  10.00000

Molecular dynamics:
     nstlim  =    500000, nscm    =         0, nrespa  =         1
     t       =   0.00000, dt      =   0.00200, vlimit  =  20.00000

Langevin dynamics temperature regulation:
     ig      =  815409
     temp0   = 100.00000, tempi   =   0.00000, gamma_ln=   1.00000

SHAKE:
     ntc     =       2, jfastw  =       0
     tol     =   0.00001

NMR refinement options:
     iscale  =       0, noeskp  =       1, ipnlty  =       1, mxsub   =       1
     scalm   = 100.00000, pencut  =   0.10000, tausw   =   0.10000

| Intermolecular bonds treatment:
|     no_intermolecular_bonds =       1

| Energy averages sample interval:
|     ene_avg_sampling =    5000

    LOADING THE CONSTRAINED ATOMS AS GROUPS


   5.  REFERENCE ATOM COORDINATES

  default_name                                                                    
     Mask @CA,N,C,O; matches   772 atoms

--------------------------------------------------------------------------------
   3.  ATOMIC COORDINATES AND VELOCITIES
--------------------------------------------------------------------------------

default_name                                                                    
 begin time read from input coords =     0.000 ps



           Begin reading energy term weight changes/NMR restraints
 WEIGHT CHANGES:
 TEMP0         0 500000  100.000000  300.000000      0      0

 RESTRAINTS:
                          ** No restraint defined **

                  Done reading weight changes/NMR restraints


 
 Number of triangulated 3-point waters found:        0
| Dynamic Memory, Types Used:
| Reals              100463
| Integers           349345

--------------------------------------------------------------------------------
   4.  RESULTS
--------------------------------------------------------------------------------


 NSTEP =        0   TIME(PS) =       0.000  TEMP(K) =     0.00  PRESS =     0.0
 Etot   =     -6052.2445  EKtot   =         0.0000  EPtot      =     -6052.2445
 BOND   =        75.2213  ANGLE   =       286.5333  DIHED      =      2020.2052
 1-4 NB =       592.1158  1-4 EEL =     10859.1559  VDWAALS    =     -1551.3155
 EELEC  =    -14908.3637  EGB     =     -3486.8796  RESTRAINT  =         0.0000
 ESURF=        61.0828
 ------------------------------------------------------------------------------

 NMR restraints: Bond =    0.000   Angle =     0.000   Torsion =     0.000
===============================================================================

 NSTEP =     5000   TIME(PS) =      10.000  TEMP(K) =   100.19  PRESS =     0.0
 Etot   =     -4670.8299  EKtot   =       731.8638  EPtot      =     -5402.6937
 BOND   =       238.6277  ANGLE   =       660.2715  DIHED      =      2097.0578
 1-4 NB =       624.2855  1-4 EEL =     10866.2439  VDWAALS    =     -1503.3929
 EELEC  =    -15055.2863  EGB     =     -3462.6663  RESTRAINT  =        68.9788
 EAMBER (non-restraint)  =     -5471.6726
 ESURF=        63.1865
 ------------------------------------------------------------------------------

 NMR restraints: Bond =    0.000   Angle =     0.000   Torsion =     0.000
===============================================================================

 NSTEP =    10000   TIME(PS) =      20.000  TEMP(K) =   104.92  PRESS =     0.0
 Etot   =     -4638.4526  EKtot   =       766.4243  EPtot      =     -5404.8769
 BOND   =       243.0123  ANGLE   =       658.0106  DIHED      =      2086.6756
 1-4 NB =       625.3895  1-4 EEL =     10887.8818  VDWAALS    =     -1514.8471
 EELEC  =    -15036.2769  EGB     =     -3477.2710  RESTRAINT  =        60.2850
 EAMBER (non-restraint)  =     -5465.1619
 ESURF=        62.2634
 ------------------------------------------------------------------------------

 NMR restraints: Bond =    0.000   Angle =     0.000   Torsion =     0.000
===============================================================================

 NSTEP =    15000   TIME(PS) =      30.000  TEMP(K) =   108.30  PRESS =     0.0
 Etot   =     -4580.6287  EKtot   =       791.1065  EPtot      =     -5371.7352
 BOND   =       247.0353  ANGLE   =       697.2293  DIHED      =      2096.1580
 1-4 NB =       616.5471  1-4 EEL =     10855.7172  VDWAALS    =     -1517.7363
 EELEC  =    -15028.8718  EGB     =     -3465.5096  RESTRAINT  =        64.4112
 EAMBER (non-restraint)  =     -5436.1463
 ESURF=        63.2845
 ------------------------------------------------------------------------------

 NMR restraints: Bond =    0.000   Angle =     0.000   Torsion =     0.000
===============================================================================

 NSTEP =    20000   TIME(PS) =      40.000  TEMP(K) =   108.45  PRESS =     0.0
 Etot   =     -4579.5584  EKtot   =       792.2365  EPtot      =     -5371.7949
 BOND   =       250.7419  ANGLE   =       675.4892  DIHED      =      2090.5391
 1-4 NB =       627.4397  1-4 EEL =     10866.1196  VDWAALS    =     -1510.6869
 EELEC  =    -15009.7340  EGB     =     -3485.0871  RESTRAINT  =        60.6221
 EAMBER (non-restraint)  =     -5432.4170
 ESURF=        62.7616
 ------------------------------------------------------------------------------

 NMR restraints: Bond =    0.000   Angle =     0.000   Torsion =     0.000
===============================================================================

 NSTEP =    25000   TIME(PS) =      50.000  TEMP(K) =   109.04  PRESS =     0.0
 Etot   =     -4578.2433  EKtot   =       796.5230  EPtot      =     -5374.7663
 BOND   =       247.8808  ANGLE   =       664.7765  DIHED      =      2094.0870
 1-4 NB =       625.9114  1-4 EEL =     10902.5002  VDWAALS    =     -1504.6620
 EELEC  =    -15031.0068  EGB     =     -3502.8153  RESTRAINT  =        64.8976
 EAMBER (non-restraint)  =     -5439.6639
 ESURF=        63.6644
 ------------------------------------------------------------------------------

 NMR restraints: Bond =    0.000   Angle =     0.000   Torsion =     0.000
===============================================================================

 NSTEP =    30000   TIME(PS) =      60.000  TEMP(K) =   109.07  PRESS =     0.0
 Etot   =     -4566.0009  EKtot   =       796.7467  EPtot      =     -5362.7476
 BOND   =       262.3081  ANGLE   =       679.7633  DIHED      =      2087.1588
 1-4 NB =       616.8495  1-4 EEL =     10845.1154  VDWAALS    =     -1509.4901
 EELEC  =    -15012.7943  EGB     =     -3463.6884  RESTRAINT  =        68.0061
 EAMBER (non-restraint)  =     -5430.7537
 ESURF=        64.0242
 ------------------------------------------------------------------------------

 NMR restraints: Bond =    0.000   Angle =     0.000   Torsion =     0.000
===============================================================================

 NSTEP =    35000   TIME(PS) =      70.000  TEMP(K) =   113.29  PRESS =     0.0
 Etot   =     -4506.4204  EKtot   =       827.5785  EPtot      =     -5333.9989
 BOND   =       262.4905  ANGLE   =       687.6625  DIHED      =      2097.7533
 1-4 NB =       620.7210  1-4 EEL =     10864.4243  VDWAALS    =     -1505.2035
 EELEC  =    -14978.8258  EGB     =     -3515.4350  RESTRAINT  =        69.0245
 EAMBER (non-restraint)  =     -5403.0235
 ESURF=        63.3893
 ------------------------------------------------------------------------------

 NMR restraints: Bond =    0.000   Angle =     0.000   Torsion =     0.000
===============================================================================

 NSTEP =    40000   TIME(PS) =      80.000  TEMP(K) =   117.55  PRESS =     0.0
 Etot   =     -4466.4136  EKtot   =       858.7198  EPtot      =     -5325.1335
 BOND   =       258.8771  ANGLE   =       696.0073  DIHED      =      2091.1233
 1-4 NB =       629.2829  1-4 EEL =     10865.2577  VDWAALS    =     -1516.0738
 EELEC  =    -15023.6982  EGB     =     -3457.3808  RESTRAINT  =        68.3337
 EAMBER (non-restraint)  =     -5393.4672
 ESURF=        63.1372
 ------------------------------------------------------------------------------

 NMR restraints: Bond =    0.000   Angle =     0.000   Torsion =     0.000
===============================================================================

 NSTEP =    45000   TIME(PS) =      90.000  TEMP(K) =   119.73  PRESS =     0.0
 Etot   =     -4425.3510  EKtot   =       874.6370  EPtot      =     -5299.9880
 BOND   =       268.1852  ANGLE   =       692.0580  DIHED      =      2105.7871
 1-4 NB =       624.9411  1-4 EEL =     10885.5503  VDWAALS    =     -1509.1878
 EELEC  =    -15005.7227  EGB     =     -3494.9067  RESTRAINT  =        70.0955
 EAMBER (non-restraint)  =     -5370.0835
 ESURF=        63.2121
 ------------------------------------------------------------------------------

 NMR restraints: Bond =    0.000   Angle =     0.000   Torsion =     0.000
===============================================================================

 NSTEP =    50000   TIME(PS) =     100.000  TEMP(K) =   121.94  PRESS =     0.0
 Etot   =     -4413.0081  EKtot   =       890.7788  EPtot      =     -5303.7869
 BOND   =       273.4056  ANGLE   =       686.0165  DIHED      =      2106.4372
 1-4 NB =       625.2349  1-4 EEL =     10844.0268  VDWAALS    =     -1503.6281
 EELEC  =    -15021.9515  EGB     =     -3454.1316  RESTRAINT  =        77.1182
 EAMBER (non-restraint)  =     -5380.9051
 ESURF=        63.6851
 ------------------------------------------------------------------------------

 NMR restraints: Bond =    0.000   Angle =     0.000   Torsion =     0.000
===============================================================================

 NSTEP =    55000   TIME(PS) =     110.000  TEMP(K) =   126.70  PRESS =     0.0
 Etot   =     -4339.2364  EKtot   =       925.5693  EPtot      =     -5264.8057
 BOND   =       261.4701  ANGLE   =       736.7807  DIHED      =      2119.7518
 1-4 NB =       625.3181  1-4 EEL =     10851.9274  VDWAALS    =     -1510.9385
 EELEC  =    -14986.8237  EGB     =     -3503.8252  RESTRAINT  =        78.1718
 EAMBER (non-restraint)  =     -5342.9776
 ESURF=        63.3616
 ------------------------------------------------------------------------------

 NMR restraints: Bond =    0.000   Angle =     0.000   Torsion =     0.000
===============================================================================

 NSTEP =    60000   TIME(PS) =     120.000  TEMP(K) =   122.09  PRESS =     0.0
 Etot   =     -4372.0253  EKtot   =       891.8716  EPtot      =     -5263.8969
 BOND   =       274.6396  ANGLE   =       714.9433  DIHED      =      2118.3760
 1-4 NB =       619.4064  1-4 EEL =     10867.6753  VDWAALS    =     -1491.7833
 EELEC  =    -15058.3329  EGB     =     -3443.7359  RESTRAINT  =        71.8731
 EAMBER (non-restraint)  =     -5335.7700
 ESURF=        63.0415
 ------------------------------------------------------------------------------

 NMR restraints: Bond =    0.000   Angle =     0.000   Torsion =     0.000
===============================================================================

 NSTEP =    65000   TIME(PS) =     130.000  TEMP(K) =   124.91  PRESS =     0.0
 Etot   =     -4329.4727  EKtot   =       912.4411  EPtot      =     -5241.9138
 BOND   =       263.5121  ANGLE   =       763.0776  DIHED      =      2124.8411
 1-4 NB =       613.7486  1-4 EEL =     10887.0156  VDWAALS    =     -1501.8429
 EELEC  =    -15074.8005  EGB     =     -3453.9642  RESTRAINT  =        73.1805
 EAMBER (non-restraint)  =     -5315.0943
 ESURF=        63.3183
 ------------------------------------------------------------------------------

 NMR restraints: Bond =    0.000   Angle =     0.000   Torsion =     0.000
===============================================================================

 NSTEP =    70000   TIME(PS) =     140.000  TEMP(K) =   128.69  PRESS =     0.0
 Etot   =     -4286.4092  EKtot   =       940.0437  EPtot      =     -5226.4529
 BOND   =       272.8465  ANGLE   =       765.5488  DIHED      =      2105.3971
 1-4 NB =       618.7404  1-4 EEL =     10847.2930  VDWAALS    =     -1505.0170
 EELEC  =    -15082.3118  EGB     =     -3391.3060  RESTRAINT  =        80.1744
 EAMBER (non-restraint)  =     -5306.6273
 ESURF=        62.1817
 ------------------------------------------------------------------------------

 NMR restraints: Bond =    0.000   Angle =     0.000   Torsion =     0.000
===============================================================================

 NSTEP =    75000   TIME(PS) =     150.000  TEMP(K) =   131.57  PRESS =     0.0
 Etot   =     -4271.8425  EKtot   =       961.1361  EPtot      =     -5232.9787
 BOND   =       286.5077  ANGLE   =       736.7868  DIHED      =      2124.9158
 1-4 NB =       635.6315  1-4 EEL =     10866.3086  VDWAALS    =     -1521.4723
 EELEC  =    -14987.5927  EGB     =     -3505.3923  RESTRAINT  =        68.4805
 EAMBER (non-restraint)  =     -5301.4592
 ESURF=        62.8477
 ------------------------------------------------------------------------------

 NMR restraints: Bond =    0.000   Angle =     0.000   Torsion =     0.000
===============================================================================

 NSTEP =    80000   TIME(PS) =     160.000  TEMP(K) =   129.37  PRESS =     0.0
 Etot   =     -4260.0757  EKtot   =       945.0408  EPtot      =     -5205.1165
 BOND   =       286.0305  ANGLE   =       760.8872  DIHED      =      2104.7448
 1-4 NB =       634.9036  1-4 EEL =     10853.5759  VDWAALS    =     -1508.0657
 EELEC  =    -14993.6664  EGB     =     -3486.8103  RESTRAINT  =        78.9133
 EAMBER (non-restraint)  =     -5284.0298
 ESURF=        64.3706
 ------------------------------------------------------------------------------

 NMR restraints: Bond =    0.000   Angle =     0.000   Torsion =     0.000
===============================================================================

 NSTEP =    85000   TIME(PS) =     170.000  TEMP(K) =   130.49  PRESS =     0.0
 Etot   =     -4255.2237  EKtot   =       953.2069  EPtot      =     -5208.4306
 BOND   =       289.9200  ANGLE   =       753.6217  DIHED      =      2118.1523
 1-4 NB =       628.0986  1-4 EEL =     10869.8323  VDWAALS    =     -1499.6772
 EELEC  =    -15048.2192  EGB     =     -3466.0113  RESTRAINT  =        80.6362
 EAMBER (non-restraint)  =     -5289.0668
 ESURF=        65.2160
 ------------------------------------------------------------------------------

 NMR restraints: Bond =    0.000   Angle =     0.000   Torsion =     0.000
===============================================================================

 NSTEP =    90000   TIME(PS) =     180.000  TEMP(K) =   137.54  PRESS =     0.0
 Etot   =     -4175.0217  EKtot   =      1004.6993  EPtot      =     -5179.7210
 BOND   =       287.8495  ANGLE   =       789.9679  DIHED      =      2120.7285
 1-4 NB =       618.8019  1-4 EEL =     10872.8507  VDWAALS    =     -1507.8607
 EELEC  =    -15065.8828  EGB     =     -3436.5365  RESTRAINT  =        76.8850
 EAMBER (non-restraint)  =     -5256.6060
 ESURF=        63.4754
 ------------------------------------------------------------------------------

 NMR restraints: Bond =    0.000   Angle =     0.000   Torsion =     0.000
===============================================================================

 NSTEP =    95000   TIME(PS) =     190.000  TEMP(K) =   138.49  PRESS =     0.0
 Etot   =     -4169.9247  EKtot   =      1011.6554  EPtot      =     -5181.5801
 BOND   =       288.1340  ANGLE   =       778.8119  DIHED      =      2116.1444
 1-4 NB =       626.6048  1-4 EEL =     10873.6780  VDWAALS    =     -1503.8042
 EELEC  =    -15046.4239  EGB     =     -3463.6490  RESTRAINT  =        83.7490
 EAMBER (non-restraint)  =     -5265.3291
 ESURF=        65.1750
 ------------------------------------------------------------------------------

 NMR restraints: Bond =    0.000   Angle =     0.000   Torsion =     0.000
===============================================================================

 NSTEP =   100000   TIME(PS) =     200.000  TEMP(K) =   140.60  PRESS =     0.0
 Etot   =     -4154.6021  EKtot   =      1027.0842  EPtot      =     -5181.6862
 BOND   =       282.2189  ANGLE   =       771.4662  DIHED      =      2120.0377
 1-4 NB =       633.8346  1-4 EEL =     10900.9620  VDWAALS    =     -1503.1346
 EELEC  =    -15082.0594  EGB     =     -3446.0074  RESTRAINT  =        77.3106
 EAMBER (non-restraint)  =     -5258.9968
 ESURF=        63.6852
 ------------------------------------------------------------------------------

 NMR restraints: Bond =    0.000   Angle =     0.000   Torsion =     0.000
===============================================================================

 NSTEP =   105000   TIME(PS) =     210.000  TEMP(K) =   139.78  PRESS =     0.0
 Etot   =     -4133.2729  EKtot   =      1021.0523  EPtot      =     -5154.3252
 BOND   =       285.9253  ANGLE   =       811.1447  DIHED      =      2122.3197
 1-4 NB =       617.9682  1-4 EEL =     10860.9788  VDWAALS    =     -1515.7526
 EELEC  =    -15036.0715  EGB     =     -3447.0228  RESTRAINT  =        81.3180
 EAMBER (non-restraint)  =     -5235.6432
 ESURF=        64.8671
 ------------------------------------------------------------------------------

 NMR restraints: Bond =    0.000   Angle =     0.000   Torsion =     0.000
===============================================================================

 NSTEP =   110000   TIME(PS) =     220.000  TEMP(K) =   146.61  PRESS =     0.0
 Etot   =     -4031.7931  EKtot   =      1070.9818  EPtot      =     -5102.7749
 BOND   =       296.7581  ANGLE   =       817.3657  DIHED      =      2139.1264
 1-4 NB =       626.4676  1-4 EEL =     10878.2661  VDWAALS    =     -1493.3359
 EELEC  =    -15029.6065  EGB     =     -3484.6712  RESTRAINT  =        82.6391
 EAMBER (non-restraint)  =     -5185.4139
 ESURF=        64.2158
 ------------------------------------------------------------------------------

 NMR restraints: Bond =    0.000   Angle =     0.000   Torsion =     0.000
===============================================================================

 NSTEP =   115000   TIME(PS) =     230.000  TEMP(K) =   147.83  PRESS =     0.0
 Etot   =     -3990.5619  EKtot   =      1079.8594  EPtot      =     -5070.4213
 BOND   =       301.9253  ANGLE   =       847.8480  DIHED      =      2141.9004
 1-4 NB =       635.7974  1-4 EEL =     10834.6655  VDWAALS    =     -1506.5935
 EELEC  =    -15019.6686  EGB     =     -3453.2205  RESTRAINT  =        83.8472
 EAMBER (non-restraint)  =     -5154.2684
 ESURF=        63.0776
 ------------------------------------------------------------------------------

 NMR restraints: Bond =    0.000   Angle =     0.000   Torsion =     0.000
===============================================================================

 NSTEP =   120000   TIME(PS) =     240.000  TEMP(K) =   146.29  PRESS =     0.0
 Etot   =     -4012.3153  EKtot   =      1068.6005  EPtot      =     -5080.9157
 BOND   =       316.5590  ANGLE   =       825.1710  DIHED      =      2149.4751
 1-4 NB =       622.1101  1-4 EEL =     10861.0081  VDWAALS    =     -1510.7704
 EELEC  =    -15021.5510  EGB     =     -3480.5688  RESTRAINT  =        94.7904
 EAMBER (non-restraint)  =     -5175.7062
 ESURF=        62.8607
 ------------------------------------------------------------------------------

 NMR restraints: Bond =    0.000   Angle =     0.000   Torsion =     0.000
===============================================================================

 NSTEP =   125000   TIME(PS) =     250.000  TEMP(K) =   148.18  PRESS =     0.0
 Etot   =     -4021.5900  EKtot   =      1082.4772  EPtot      =     -5104.0672
 BOND   =       311.5914  ANGLE   =       805.1504  DIHED      =      2128.2695
 1-4 NB =       632.0286  1-4 EEL =     10855.9776  VDWAALS    =     -1488.7786
 EELEC  =    -15051.8148  EGB     =     -3449.2975  RESTRAINT  =        90.0813
 EAMBER (non-restraint)  =     -5194.1485
 ESURF=        62.7249
 ------------------------------------------------------------------------------

 NMR restraints: Bond =    0.000   Angle =     0.000   Torsion =     0.000
===============================================================================

 NSTEP =   130000   TIME(PS) =     260.000  TEMP(K) =   148.87  PRESS =     0.0
 Etot   =     -3986.5197  EKtot   =      1087.4768  EPtot      =     -5073.9964
 BOND   =       313.1366  ANGLE   =       837.3474  DIHED      =      2132.9024
 1-4 NB =       624.0730  1-4 EEL =     10864.9499  VDWAALS    =     -1500.2080
 EELEC  =    -15057.9650  EGB     =     -3445.6697  RESTRAINT  =        92.2860
 EAMBER (non-restraint)  =     -5166.2825
 ESURF=        65.1508
 ------------------------------------------------------------------------------

 NMR restraints: Bond =    0.000   Angle =     0.000   Torsion =     0.000
===============================================================================

 NSTEP =   135000   TIME(PS) =     270.000  TEMP(K) =   158.81  PRESS =     0.0
 Etot   =     -3910.0905  EKtot   =      1160.0930  EPtot      =     -5070.1834
 BOND   =       307.8488  ANGLE   =       826.5577  DIHED      =      2146.1173
 1-4 NB =       634.9109  1-4 EEL =     10843.3036  VDWAALS    =     -1490.8932
 EELEC  =    -14983.1952  EGB     =     -3509.0678  RESTRAINT  =        89.9658
 EAMBER (non-restraint)  =     -5160.1493
 ESURF=        64.2686
 ------------------------------------------------------------------------------

 NMR restraints: Bond =    0.000   Angle =     0.000   Torsion =     0.000
===============================================================================

 NSTEP =   140000   TIME(PS) =     280.000  TEMP(K) =   159.82  PRESS =     0.0
 Etot   =     -3851.3969  EKtot   =      1167.4623  EPtot      =     -5018.8592
 BOND   =       307.9713  ANGLE   =       854.4009  DIHED      =      2145.8128
 1-4 NB =       633.2783  1-4 EEL =     10875.0528  VDWAALS    =     -1493.2214
 EELEC  =    -15075.7202  EGB     =     -3424.9172  RESTRAINT  =        94.2721
 EAMBER (non-restraint)  =     -5113.1313
 ESURF=        64.2113
 ------------------------------------------------------------------------------

 NMR restraints: Bond =    0.000   Angle =     0.000   Torsion =     0.000
===============================================================================

 NSTEP =   145000   TIME(PS) =     290.000  TEMP(K) =   155.70  PRESS =     0.0
 Etot   =     -3894.8560  EKtot   =      1137.3904  EPtot      =     -5032.2464
 BOND   =       311.5577  ANGLE   =       854.0429  DIHED      =      2141.6961
 1-4 NB =       637.2684  1-4 EEL =     10856.0049  VDWAALS    =     -1499.9229
 EELEC  =    -15009.7700  EGB     =     -3471.9084  RESTRAINT  =        83.9794
 EAMBER (non-restraint)  =     -5116.2258
 ESURF=        64.8055
 ------------------------------------------------------------------------------

 NMR restraints: Bond =    0.000   Angle =     0.000   Torsion =     0.000
===============================================================================

 NSTEP =   150000   TIME(PS) =     300.000  TEMP(K) =   159.95  PRESS =     0.0
 Etot   =     -3817.0981  EKtot   =      1168.3959  EPtot      =     -4985.4940
 BOND   =       321.3193  ANGLE   =       849.6111  DIHED      =      2144.1418
 1-4 NB =       644.2233  1-4 EEL =     10913.2232  VDWAALS    =     -1496.2121
 EELEC  =    -15040.8086  EGB     =     -3486.5236  RESTRAINT  =       100.2485
 EAMBER (non-restraint)  =     -5085.7425
 ESURF=        65.2831
 ------------------------------------------------------------------------------

 NMR restraints: Bond =    0.000   Angle =     0.000   Torsion =     0.000
===============================================================================

 NSTEP =   155000   TIME(PS) =     310.000  TEMP(K) =   160.64  PRESS =     0.0
 Etot   =     -3777.6508  EKtot   =      1173.4727  EPtot      =     -4951.1234
 BOND   =       332.3262  ANGLE   =       901.2050  DIHED      =      2154.4198
 1-4 NB =       630.9579  1-4 EEL =     10884.4044  VDWAALS    =     -1486.8591
 EELEC  =    -15065.8423  EGB     =     -3457.6228  RESTRAINT  =        91.9045
 EAMBER (non-restraint)  =     -5043.0279
 ESURF=        63.9830
 ------------------------------------------------------------------------------

 NMR restraints: Bond =    0.000   Angle =     0.000   Torsion =     0.000
===============================================================================

 NSTEP =   160000   TIME(PS) =     320.000  TEMP(K) =   161.83  PRESS =     0.0
 Etot   =     -3813.8112  EKtot   =      1182.1588  EPtot      =     -4995.9700
 BOND   =       342.5688  ANGLE   =       833.8573  DIHED      =      2156.6430
 1-4 NB =       630.4816  1-4 EEL =     10881.5834  VDWAALS    =     -1490.6299
 EELEC  =    -15042.3829  EGB     =     -3462.6880  RESTRAINT  =        90.2833
 EAMBER (non-restraint)  =     -5086.2533
 ESURF=        64.3133
 ------------------------------------------------------------------------------

 NMR restraints: Bond =    0.000   Angle =     0.000   Torsion =     0.000
===============================================================================

 NSTEP =   165000   TIME(PS) =     330.000  TEMP(K) =   164.71  PRESS =     0.0
 Etot   =     -3718.7401  EKtot   =      1203.1787  EPtot      =     -4921.9188
 BOND   =       345.2208  ANGLE   =       873.0205  DIHED      =      2160.8160
 1-4 NB =       638.6982  1-4 EEL =     10871.4636  VDWAALS    =     -1489.1961
 EELEC  =    -15001.5598  EGB     =     -3478.3654  RESTRAINT  =        92.8147
 EAMBER (non-restraint)  =     -5014.7335
 ESURF=        65.1687
 ------------------------------------------------------------------------------

 NMR restraints: Bond =    0.000   Angle =     0.000   Torsion =     0.000
===============================================================================

 NSTEP =   170000   TIME(PS) =     340.000  TEMP(K) =   163.66  PRESS =     0.0
 Etot   =     -3754.1037  EKtot   =      1195.5469  EPtot      =     -4949.6506
 BOND   =       346.5390  ANGLE   =       894.2138  DIHED      =      2146.3864
 1-4 NB =       638.0927  1-4 EEL =     10888.0245  VDWAALS    =     -1490.9473
 EELEC  =    -15102.2616  EGB     =     -3426.2995  RESTRAINT  =        91.1256
 EAMBER (non-restraint)  =     -5040.7762
 ESURF=        65.4759
 ------------------------------------------------------------------------------

 NMR restraints: Bond =    0.000   Angle =     0.000   Torsion =     0.000
===============================================================================

 NSTEP =   175000   TIME(PS) =     350.000  TEMP(K) =   163.68  PRESS =     0.0
 Etot   =     -3710.1760  EKtot   =      1195.6866  EPtot      =     -4905.8627
 BOND   =       349.7561  ANGLE   =       908.8308  DIHED      =      2163.6153
 1-4 NB =       635.9076  1-4 EEL =     10857.7074  VDWAALS    =     -1485.4784
 EELEC  =    -15086.9053  EGB     =     -3407.0813  RESTRAINT  =        94.3145
 EAMBER (non-restraint)  =     -5000.1772
 ESURF=        63.4704
 ------------------------------------------------------------------------------

 NMR restraints: Bond =    0.000   Angle =     0.000   Torsion =     0.000
===============================================================================

 NSTEP =   180000   TIME(PS) =     360.000  TEMP(K) =   173.55  PRESS =     0.0
 Etot   =     -3628.1065  EKtot   =      1267.7349  EPtot      =     -4895.8414
 BOND   =       356.6151  ANGLE   =       890.8130  DIHED      =      2167.7781
 1-4 NB =       635.5521  1-4 EEL =     10892.2559  VDWAALS    =     -1492.8510
 EELEC  =    -15051.0371  EGB     =     -3460.4453  RESTRAINT  =       100.6504
 EAMBER (non-restraint)  =     -4996.4918
 ESURF=        64.8274
 ------------------------------------------------------------------------------

 NMR restraints: Bond =    0.000   Angle =     0.000   Torsion =     0.000
===============================================================================

 NSTEP =   185000   TIME(PS) =     370.000  TEMP(K) =   173.64  PRESS =     0.0
 Etot   =     -3655.1189  EKtot   =      1268.4292  EPtot      =     -4923.5481
 BOND   =       311.0870  ANGLE   =       926.2604  DIHED      =      2161.2107
 1-4 NB =       633.2165  1-4 EEL =     10902.4209  VDWAALS    =     -1484.8384
 EELEC  =    -15045.4787  EGB     =     -3484.4513  RESTRAINT  =        90.9757
 EAMBER (non-restraint)  =     -5014.5239
 ESURF=        66.0491
 ------------------------------------------------------------------------------

 NMR restraints: Bond =    0.000   Angle =     0.000   Torsion =     0.000
===============================================================================

 NSTEP =   190000   TIME(PS) =     380.000  TEMP(K) =   174.57  PRESS =     0.0
 Etot   =     -3653.2007  EKtot   =      1275.2298  EPtot      =     -4928.4305
 BOND   =       346.1783  ANGLE   =       897.7990  DIHED      =      2171.0742
 1-4 NB =       637.5178  1-4 EEL =     10868.5637  VDWAALS    =     -1489.4361
 EELEC  =    -15029.5175  EGB     =     -3475.3451  RESTRAINT  =        79.3203
 EAMBER (non-restraint)  =     -5007.7509
 ESURF=        65.4147
 ------------------------------------------------------------------------------

 NMR restraints: Bond =    0.000   Angle =     0.000   Torsion =     0.000
===============================================================================

 NSTEP =   195000   TIME(PS) =     390.000  TEMP(K) =   177.08  PRESS =     0.0
 Etot   =     -3572.6524  EKtot   =      1293.5288  EPtot      =     -4866.1812
 BOND   =       327.9687  ANGLE   =       941.8255  DIHED      =      2160.3917
 1-4 NB =       647.5718  1-4 EEL =     10871.3505  VDWAALS    =     -1473.2336
 EELEC  =    -15018.6711  EGB     =     -3485.6289  RESTRAINT  =        96.9995
 EAMBER (non-restraint)  =     -4963.1807
 ESURF=        65.2448
 ------------------------------------------------------------------------------

 NMR restraints: Bond =    0.000   Angle =     0.000   Torsion =     0.000
===============================================================================

 NSTEP =   200000   TIME(PS) =     400.000  TEMP(K) =   179.61  PRESS =     0.0
 Etot   =     -3523.7207  EKtot   =      1312.0240  EPtot      =     -4835.7447
 BOND   =       354.4585  ANGLE   =       953.4640  DIHED      =      2158.2404
 1-4 NB =       636.8198  1-4 EEL =     10874.8231  VDWAALS    =     -1481.1617
 EELEC  =    -15040.5368  EGB     =     -3459.9042  RESTRAINT  =       102.5502
 EAMBER (non-restraint)  =     -4938.2949
 ESURF=        65.5019
 ------------------------------------------------------------------------------

 NMR restraints: Bond =    0.000   Angle =     0.000   Torsion =     0.000
===============================================================================

 NSTEP =   205000   TIME(PS) =     410.000  TEMP(K) =   183.88  PRESS =     0.0
 Etot   =     -3514.6133  EKtot   =      1343.2452  EPtot      =     -4857.8586
 BOND   =       340.1815  ANGLE   =       934.2880  DIHED      =      2159.2449
 1-4 NB =       635.9969  1-4 EEL =     10860.5242  VDWAALS    =     -1465.7636
 EELEC  =    -15030.5129  EGB     =     -3463.1477  RESTRAINT  =       105.9795
 EAMBER (non-restraint)  =     -4963.8381
 ESURF=        65.3507
 ------------------------------------------------------------------------------

 NMR restraints: Bond =    0.000   Angle =     0.000   Torsion =     0.000
===============================================================================

 NSTEP =   210000   TIME(PS) =     420.000  TEMP(K) =   186.82  PRESS =     0.0
 Etot   =     -3427.8462  EKtot   =      1364.6838  EPtot      =     -4792.5300
 BOND   =       348.1706  ANGLE   =       982.8280  DIHED      =      2162.7832
 1-4 NB =       647.1279  1-4 EEL =     10882.7266  VDWAALS    =     -1504.7937
 EELEC  =    -15028.9315  EGB     =     -3454.2590  RESTRAINT  =       107.3166
 EAMBER (non-restraint)  =     -4899.8466
 ESURF=        64.5012
 ------------------------------------------------------------------------------

 NMR restraints: Bond =    0.000   Angle =     0.000   Torsion =     0.000
===============================================================================

 NSTEP =   215000   TIME(PS) =     430.000  TEMP(K) =   186.84  PRESS =     0.0
 Etot   =     -3474.0685  EKtot   =      1364.8330  EPtot      =     -4838.9015
 BOND   =       361.3610  ANGLE   =       968.3232  DIHED      =      2156.7970
 1-4 NB =       628.7837  1-4 EEL =     10883.2310  VDWAALS    =     -1480.6506
 EELEC  =    -15065.3386  EGB     =     -3457.9094  RESTRAINT  =       102.1359
 EAMBER (non-restraint)  =     -4941.0374
 ESURF=        64.3654
 ------------------------------------------------------------------------------

 NMR restraints: Bond =    0.000   Angle =     0.000   Torsion =     0.000
===============================================================================

 NSTEP =   220000   TIME(PS) =     440.000  TEMP(K) =   187.29  PRESS =     0.0
 Etot   =     -3477.7884  EKtot   =      1368.1639  EPtot      =     -4845.9523
 BOND   =       364.6166  ANGLE   =       960.3417  DIHED      =      2140.5032
 1-4 NB =       637.6520  1-4 EEL =     10853.1851  VDWAALS    =     -1484.2191
 EELEC  =    -15060.2800  EGB     =     -3423.6899  RESTRAINT  =       100.6927
 EAMBER (non-restraint)  =     -4946.6450
 ESURF=        65.2454
 ------------------------------------------------------------------------------

 NMR restraints: Bond =    0.000   Angle =     0.000   Torsion =     0.000
===============================================================================

 NSTEP =   225000   TIME(PS) =     450.000  TEMP(K) =   192.10  PRESS =     0.0
 Etot   =     -3358.3675  EKtot   =      1403.2509  EPtot      =     -4761.6184
 BOND   =       383.6557  ANGLE   =       987.4040  DIHED      =      2171.1769
 1-4 NB =       634.4497  1-4 EEL =     10867.8427  VDWAALS    =     -1476.4390
 EELEC  =    -15081.7824  EGB     =     -3416.6350  RESTRAINT  =       104.6796
 EAMBER (non-restraint)  =     -4866.2980
 ESURF=        64.0293
 ------------------------------------------------------------------------------

 NMR restraints: Bond =    0.000   Angle =     0.000   Torsion =     0.000
===============================================================================

 NSTEP =   230000   TIME(PS) =     460.000  TEMP(K) =   185.79  PRESS =     0.0
 Etot   =     -3416.0546  EKtot   =      1357.2167  EPtot      =     -4773.2713
 BOND   =       380.0520  ANGLE   =       966.9673  DIHED      =      2179.2477
 1-4 NB =       650.4105  1-4 EEL =     10910.8396  VDWAALS    =     -1484.2107
 EELEC  =    -15133.7265  EGB     =     -3416.9475  RESTRAINT  =       110.1186
 EAMBER (non-restraint)  =     -4883.3899
 ESURF=        63.9777
 ------------------------------------------------------------------------------

 NMR restraints: Bond =    0.000   Angle =     0.000   Torsion =     0.000
===============================================================================

 NSTEP =   235000   TIME(PS) =     470.000  TEMP(K) =   189.28  PRESS =     0.0
 Etot   =     -3342.7704  EKtot   =      1382.6435  EPtot      =     -4725.4140
 BOND   =       387.2564  ANGLE   =      1006.7015  DIHED      =      2192.2928
 1-4 NB =       637.9716  1-4 EEL =     10828.1126  VDWAALS    =     -1493.3356
 EELEC  =    -14990.1405  EGB     =     -3459.6441  RESTRAINT  =        99.7924
 EAMBER (non-restraint)  =     -4825.2064
 ESURF=        65.5788
 ------------------------------------------------------------------------------

 NMR restraints: Bond =    0.000   Angle =     0.000   Torsion =     0.000
===============================================================================

 NSTEP =   240000   TIME(PS) =     480.000  TEMP(K) =   198.97  PRESS =     0.0
 Etot   =     -3272.7729  EKtot   =      1453.4536  EPtot      =     -4726.2264
 BOND   =       372.5338  ANGLE   =       998.2067  DIHED      =      2184.4393
 1-4 NB =       652.0049  1-4 EEL =     10862.2214  VDWAALS    =     -1489.9827
 EELEC  =    -15082.1087  EGB     =     -3397.1512  RESTRAINT  =       109.6970
 EAMBER (non-restraint)  =     -4835.9234
 ESURF=        63.9131
 ------------------------------------------------------------------------------

 NMR restraints: Bond =    0.000   Angle =     0.000   Torsion =     0.000
===============================================================================

 NSTEP =   245000   TIME(PS) =     490.000  TEMP(K) =   200.12  PRESS =     0.0
 Etot   =     -3239.3975  EKtot   =      1461.8489  EPtot      =     -4701.2464
 BOND   =       400.1301  ANGLE   =       992.7113  DIHED      =      2182.3960
 1-4 NB =       640.9455  1-4 EEL =     10882.2190  VDWAALS    =     -1493.9900
 EELEC  =    -15015.8102  EGB     =     -3463.9983  RESTRAINT  =       108.5289
 EAMBER (non-restraint)  =     -4809.7753
 ESURF=        65.6213
 ------------------------------------------------------------------------------

 NMR restraints: Bond =    0.000   Angle =     0.000   Torsion =     0.000
===============================================================================

 NSTEP =   250000   TIME(PS) =     500.000  TEMP(K) =   201.85  PRESS =     0.0
 Etot   =     -3217.8309  EKtot   =      1474.5003  EPtot      =     -4692.3311
 BOND   =       396.5737  ANGLE   =       999.8731  DIHED      =      2190.4266
 1-4 NB =       655.6534  1-4 EEL =     10877.8919  VDWAALS    =     -1493.5235
 EELEC  =    -15076.3459  EGB     =     -3411.8603  RESTRAINT  =       104.8021
 EAMBER (non-restraint)  =     -4797.1333
 ESURF=        64.1779
 ------------------------------------------------------------------------------

 NMR restraints: Bond =    0.000   Angle =     0.000   Torsion =     0.000
===============================================================================

 NSTEP =   255000   TIME(PS) =     510.000  TEMP(K) =   203.99  PRESS =     0.0
 Etot   =     -3213.9544  EKtot   =      1490.0956  EPtot      =     -4704.0500
 BOND   =       389.9877  ANGLE   =      1020.3983  DIHED      =      2195.3701
 1-4 NB =       635.4384  1-4 EEL =     10896.4425  VDWAALS    =     -1487.9642
 EELEC  =    -15028.8774  EGB     =     -3500.5273  RESTRAINT  =       109.2185
 EAMBER (non-restraint)  =     -4813.2685
 ESURF=        66.4633
 ------------------------------------------------------------------------------

 NMR restraints: Bond =    0.000   Angle =     0.000   Torsion =     0.000
===============================================================================

 NSTEP =   260000   TIME(PS) =     520.000  TEMP(K) =   207.28  PRESS =     0.0
 Etot   =     -3155.9736  EKtot   =      1514.1968  EPtot      =     -4670.1704
 BOND   =       402.5374  ANGLE   =      1036.7834  DIHED      =      2175.7034
 1-4 NB =       640.4232  1-4 EEL =     10846.7638  VDWAALS    =     -1465.7907
 EELEC  =    -15055.2662  EGB     =     -3433.2296  RESTRAINT  =       116.3956
 EAMBER (non-restraint)  =     -4786.5660
 ESURF=        65.5095
 ------------------------------------------------------------------------------

 NMR restraints: Bond =    0.000   Angle =     0.000   Torsion =     0.000
===============================================================================

 NSTEP =   265000   TIME(PS) =     530.000  TEMP(K) =   199.10  PRESS =     0.0
 Etot   =     -3192.3462  EKtot   =      1454.4121  EPtot      =     -4646.7583
 BOND   =       418.4473  ANGLE   =      1049.3162  DIHED      =      2192.1354
 1-4 NB =       633.2673  1-4 EEL =     10833.6125  VDWAALS    =     -1478.8719
 EELEC  =    -15018.9661  EGB     =     -3462.2125  RESTRAINT  =       120.6440
 EAMBER (non-restraint)  =     -4767.4022
 ESURF=        65.8693
 ------------------------------------------------------------------------------

 NMR restraints: Bond =    0.000   Angle =     0.000   Torsion =     0.000
===============================================================================

 NSTEP =   270000   TIME(PS) =     540.000  TEMP(K) =   208.03  PRESS =     0.0
 Etot   =     -3152.7250  EKtot   =      1519.6249  EPtot      =     -4672.3499
 BOND   =       367.4677  ANGLE   =      1039.4332  DIHED      =      2191.3584
 1-4 NB =       656.9594  1-4 EEL =     10877.7723  VDWAALS    =     -1468.8757
 EELEC  =    -15021.1400  EGB     =     -3495.7598  RESTRAINT  =       113.6314
 EAMBER (non-restraint)  =     -4785.9813
 ESURF=        66.8033
 ------------------------------------------------------------------------------

 NMR restraints: Bond =    0.000   Angle =     0.000   Torsion =     0.000
===============================================================================

 NSTEP =   275000   TIME(PS) =     550.000  TEMP(K) =   213.13  PRESS =     0.0
 Etot   =     -3078.3327  EKtot   =      1556.9317  EPtot      =     -4635.2644
 BOND   =       410.5055  ANGLE   =      1051.8339  DIHED      =      2180.6139
 1-4 NB =       649.6672  1-4 EEL =     10869.3213  VDWAALS    =     -1489.6214
 EELEC  =    -15056.6499  EGB     =     -3434.2655  RESTRAINT  =       118.2055
 EAMBER (non-restraint)  =     -4753.4699
 ESURF=        65.1250
 ------------------------------------------------------------------------------

 NMR restraints: Bond =    0.000   Angle =     0.000   Torsion =     0.000
===============================================================================

 NSTEP =   280000   TIME(PS) =     560.000  TEMP(K) =   215.52  PRESS =     0.0
 Etot   =     -3044.3780  EKtot   =      1574.3865  EPtot      =     -4618.7646
 BOND   =       426.1759  ANGLE   =      1047.5863  DIHED      =      2199.5986
 1-4 NB =       639.2923  1-4 EEL =     10854.6947  VDWAALS    =     -1488.1475
 EELEC  =    -15082.9372  EGB     =     -3389.9990  RESTRAINT  =       109.5832
 EAMBER (non-restraint)  =     -4728.3478
 ESURF=        65.3881
 ------------------------------------------------------------------------------

 NMR restraints: Bond =    0.000   Angle =     0.000   Torsion =     0.000
===============================================================================

 NSTEP =   285000   TIME(PS) =     570.000  TEMP(K) =   217.84  PRESS =     0.0
 Etot   =     -2989.0629  EKtot   =      1591.3009  EPtot      =     -4580.3638
 BOND   =       424.1838  ANGLE   =      1054.8111  DIHED      =      2200.1801
 1-4 NB =       640.6118  1-4 EEL =     10886.8011  VDWAALS    =     -1472.7385
 EELEC  =    -15048.9496  EGB     =     -3444.8778  RESTRAINT  =       115.2830
 EAMBER (non-restraint)  =     -4695.6469
 ESURF=        64.3311
 ------------------------------------------------------------------------------

 NMR restraints: Bond =    0.000   Angle =     0.000   Torsion =     0.000
===============================================================================

 NSTEP =   290000   TIME(PS) =     580.000  TEMP(K) =   217.15  PRESS =     0.0
 Etot   =     -2944.4472  EKtot   =      1586.2822  EPtot      =     -4530.7294
 BOND   =       469.8892  ANGLE   =      1076.2321  DIHED      =      2193.2415
 1-4 NB =       645.1382  1-4 EEL =     10893.0113  VDWAALS    =     -1476.7426
 EELEC  =    -15049.7919  EGB     =     -3466.3693  RESTRAINT  =       119.7693
 EAMBER (non-restraint)  =     -4650.4987
 ESURF=        64.8928
 ------------------------------------------------------------------------------

 NMR restraints: Bond =    0.000   Angle =     0.000   Torsion =     0.000
===============================================================================

 NSTEP =   295000   TIME(PS) =     590.000  TEMP(K) =   216.58  PRESS =     0.0
 Etot   =     -2952.4041  EKtot   =      1582.1308  EPtot      =     -4534.5349
 BOND   =       414.7130  ANGLE   =      1108.3287  DIHED      =      2211.8502
 1-4 NB =       647.7310  1-4 EEL =     10826.9881  VDWAALS    =     -1476.4402
 EELEC  =    -15068.8626  EGB     =     -3394.6149  RESTRAINT  =       128.8281
 EAMBER (non-restraint)  =     -4663.3630
 ESURF=        66.9437
 ------------------------------------------------------------------------------

 NMR restraints: Bond =    0.000   Angle =     0.000   Torsion =     0.000
===============================================================================

 NSTEP =   300000   TIME(PS) =     600.000  TEMP(K) =   216.29  PRESS =     0.0
 Etot   =     -2997.6358  EKtot   =      1580.0133  EPtot      =     -4577.6491
 BOND   =       440.9494  ANGLE   =      1093.5231  DIHED      =      2184.8200
 1-4 NB =       636.0765  1-4 EEL =     10868.5545  VDWAALS    =     -1481.0856
 EELEC  =    -15069.0131  EGB     =     -3431.7484  RESTRAINT  =       115.2072
 EAMBER (non-restraint)  =     -4692.8563
 ESURF=        65.0673
 ------------------------------------------------------------------------------

 NMR restraints: Bond =    0.000   Angle =     0.000   Torsion =     0.000
===============================================================================

 NSTEP =   305000   TIME(PS) =     610.000  TEMP(K) =   222.51  PRESS =     0.0
 Etot   =     -2892.5365  EKtot   =      1625.3925  EPtot      =     -4517.9291
 BOND   =       432.3291  ANGLE   =      1090.8349  DIHED      =      2210.9911
 1-4 NB =       645.3630  1-4 EEL =     10896.9562  VDWAALS    =     -1480.5283
 EELEC  =    -15042.1691  EGB     =     -3456.3745  RESTRAINT  =       118.1003
 EAMBER (non-restraint)  =     -4636.0293
 ESURF=        66.5683
 ------------------------------------------------------------------------------

 NMR restraints: Bond =    0.000   Angle =     0.000   Torsion =     0.000
===============================================================================

 NSTEP =   310000   TIME(PS) =     620.000  TEMP(K) =   220.95  PRESS =     0.0
 Etot   =     -2920.9239  EKtot   =      1614.0217  EPtot      =     -4534.9456
 BOND   =       425.2737  ANGLE   =      1087.4554  DIHED      =      2213.8098
 1-4 NB =       662.2084  1-4 EEL =     10842.5370  VDWAALS    =     -1474.2038
 EELEC  =    -15031.0500  EGB     =     -3433.9725  RESTRAINT  =       109.5986
 EAMBER (non-restraint)  =     -4644.5441
 ESURF=        63.3978
 ------------------------------------------------------------------------------

 NMR restraints: Bond =    0.000   Angle =     0.000   Torsion =     0.000
===============================================================================

 NSTEP =   315000   TIME(PS) =     630.000  TEMP(K) =   223.13  PRESS =     0.0
 Etot   =     -2913.8137  EKtot   =      1629.9541  EPtot      =     -4543.7679
 BOND   =       425.5052  ANGLE   =      1066.8462  DIHED      =      2208.6124
 1-4 NB =       636.3161  1-4 EEL =     10875.7166  VDWAALS    =     -1465.0989
 EELEC  =    -15043.0489  EGB     =     -3444.7435  RESTRAINT  =       130.9169
 EAMBER (non-restraint)  =     -4674.6847
 ESURF=        65.2101
 ------------------------------------------------------------------------------

 NMR restraints: Bond =    0.000   Angle =     0.000   Torsion =     0.000
===============================================================================

 NSTEP =   320000   TIME(PS) =     640.000  TEMP(K) =   230.54  PRESS =     0.0
 Etot   =     -2842.2367  EKtot   =      1684.0597  EPtot      =     -4526.2964
 BOND   =       434.3805  ANGLE   =      1074.3621  DIHED      =      2210.6169
 1-4 NB =       648.2473  1-4 EEL =     10873.6441  VDWAALS    =     -1475.6610
 EELEC  =    -15025.9039  EGB     =     -3458.4408  RESTRAINT  =       127.1756
 EAMBER (non-restraint)  =     -4653.4721
 ESURF=        65.2828
 ------------------------------------------------------------------------------

 NMR restraints: Bond =    0.000   Angle =     0.000   Torsion =     0.000
===============================================================================

 NSTEP =   325000   TIME(PS) =     650.000  TEMP(K) =   233.39  PRESS =     0.0
 Etot   =     -2706.1251  EKtot   =      1704.8816  EPtot      =     -4411.0067
 BOND   =       444.8392  ANGLE   =      1148.3846  DIHED      =      2228.2907
 1-4 NB =       650.4908  1-4 EEL =     10899.4953  VDWAALS    =     -1468.3379
 EELEC  =    -15085.4594  EGB     =     -3417.5803  RESTRAINT  =       123.2293
 EAMBER (non-restraint)  =     -4534.2359
 ESURF=        65.6410
 ------------------------------------------------------------------------------

 NMR restraints: Bond =    0.000   Angle =     0.000   Torsion =     0.000
===============================================================================

 NSTEP =   330000   TIME(PS) =     660.000  TEMP(K) =   236.41  PRESS =     0.0
 Etot   =     -2741.6506  EKtot   =      1726.9526  EPtot      =     -4468.6031
 BOND   =       437.6405  ANGLE   =      1159.3352  DIHED      =      2209.2527
 1-4 NB =       642.1216  1-4 EEL =     10903.8102  VDWAALS    =     -1475.8650
 EELEC  =    -15091.6036  EGB     =     -3447.2705  RESTRAINT  =       128.6152
 EAMBER (non-restraint)  =     -4597.2184
 ESURF=        65.3605
 ------------------------------------------------------------------------------

 NMR restraints: Bond =    0.000   Angle =     0.000   Torsion =     0.000
===============================================================================

 NSTEP =   335000   TIME(PS) =     670.000  TEMP(K) =   241.28  PRESS =     0.0
 Etot   =     -2662.5200  EKtot   =      1762.5665  EPtot      =     -4425.0865
 BOND   =       459.3346  ANGLE   =      1121.5169  DIHED      =      2225.4899
 1-4 NB =       664.0609  1-4 EEL =     10895.3148  VDWAALS    =     -1463.7092
 EELEC  =    -15107.8782  EGB     =     -3409.2312  RESTRAINT  =       124.2955
 EAMBER (non-restraint)  =     -4549.3820
 ESURF=        65.7196
 ------------------------------------------------------------------------------

 NMR restraints: Bond =    0.000   Angle =     0.000   Torsion =     0.000
===============================================================================

 NSTEP =   340000   TIME(PS) =     680.000  TEMP(K) =   242.74  PRESS =     0.0
 Etot   =     -2660.6896  EKtot   =      1773.1717  EPtot      =     -4433.8614
 BOND   =       453.7818  ANGLE   =      1136.2097  DIHED      =      2201.8238
 1-4 NB =       652.2884  1-4 EEL =     10885.3059  VDWAALS    =     -1466.0632
 EELEC  =    -15062.8988  EGB     =     -3429.5011  RESTRAINT  =       130.6814
 EAMBER (non-restraint)  =     -4564.5427
 ESURF=        64.5107
 ------------------------------------------------------------------------------

 NMR restraints: Bond =    0.000   Angle =     0.000   Torsion =     0.000
===============================================================================

 NSTEP =   345000   TIME(PS) =     690.000  TEMP(K) =   240.32  PRESS =     0.0
 Etot   =     -2612.6600  EKtot   =      1755.5461  EPtot      =     -4368.2061
 BOND   =       452.9936  ANGLE   =      1193.4561  DIHED      =      2229.2979
 1-4 NB =       654.3361  1-4 EEL =     10852.5402  VDWAALS    =     -1470.3569
 EELEC  =    -15013.8023  EGB     =     -3453.8476  RESTRAINT  =       121.5198
 EAMBER (non-restraint)  =     -4489.7259
 ESURF=        65.6571
 ------------------------------------------------------------------------------

 NMR restraints: Bond =    0.000   Angle =     0.000   Torsion =     0.000
===============================================================================

 NSTEP =   350000   TIME(PS) =     700.000  TEMP(K) =   240.88  PRESS =     0.0
 Etot   =     -2669.2403  EKtot   =      1759.6256  EPtot      =     -4428.8659
 BOND   =       449.5345  ANGLE   =      1145.7086  DIHED      =      2223.4176
 1-4 NB =       655.1802  1-4 EEL =     10865.5830  VDWAALS    =     -1477.2795
 EELEC  =    -15007.9992  EGB     =     -3470.5767  RESTRAINT  =       122.2411
 EAMBER (non-restraint)  =     -4551.1069
 ESURF=        65.3246
 ------------------------------------------------------------------------------

 NMR restraints: Bond =    0.000   Angle =     0.000   Torsion =     0.000
===============================================================================

 NSTEP =   355000   TIME(PS) =     710.000  TEMP(K) =   243.81  PRESS =     0.0
 Etot   =     -2553.2332  EKtot   =      1781.0403  EPtot      =     -4334.2735
 BOND   =       489.3357  ANGLE   =      1170.3858  DIHED      =      2234.5434
 1-4 NB =       642.0560  1-4 EEL =     10863.6613  VDWAALS    =     -1463.8622
 EELEC  =    -14976.2126  EGB     =     -3501.0253  RESTRAINT  =       139.9131
 EAMBER (non-restraint)  =     -4474.1866
 ESURF=        66.9313
 ------------------------------------------------------------------------------

 NMR restraints: Bond =    0.000   Angle =     0.000   Torsion =     0.000
===============================================================================

 NSTEP =   360000   TIME(PS) =     720.000  TEMP(K) =   246.46  PRESS =     0.0
 Etot   =     -2617.3560  EKtot   =      1800.3360  EPtot      =     -4417.6921
 BOND   =       440.4490  ANGLE   =      1171.3555  DIHED      =      2226.1715
 1-4 NB =       654.9561  1-4 EEL =     10852.5896  VDWAALS    =     -1474.0704
 EELEC  =    -15032.2291  EGB     =     -3455.8555  RESTRAINT  =       132.7953
 EAMBER (non-restraint)  =     -4550.4874
 ESURF=        66.1460
 ------------------------------------------------------------------------------

 NMR restraints: Bond =    0.000   Angle =     0.000   Torsion =     0.000
===============================================================================

 NSTEP =   365000   TIME(PS) =     730.000  TEMP(K) =   243.74  PRESS =     0.0
 Etot   =     -2583.9403  EKtot   =      1780.5220  EPtot      =     -4364.4623
 BOND   =       468.2114  ANGLE   =      1142.5426  DIHED      =      2227.4837
 1-4 NB =       669.9915  1-4 EEL =     10879.4267  VDWAALS    =     -1447.5455
 EELEC  =    -15094.5202  EGB     =     -3415.0595  RESTRAINT  =       138.4820
 EAMBER (non-restraint)  =     -4502.9443
 ESURF=        66.5251
 ------------------------------------------------------------------------------

 NMR restraints: Bond =    0.000   Angle =     0.000   Torsion =     0.000
===============================================================================

 NSTEP =   370000   TIME(PS) =     740.000  TEMP(K) =   250.78  PRESS =     0.0
 Etot   =     -2540.7078  EKtot   =      1831.9543  EPtot      =     -4372.6621
 BOND   =       456.3939  ANGLE   =      1155.5207  DIHED      =      2233.7443
 1-4 NB =       660.5152  1-4 EEL =     10881.9672  VDWAALS    =     -1463.6275
 EELEC  =    -15072.1553  EGB     =     -3414.5940  RESTRAINT  =       125.2168
 EAMBER (non-restraint)  =     -4497.8790
 ESURF=        64.3566
 ------------------------------------------------------------------------------

 NMR restraints: Bond =    0.000   Angle =     0.000   Torsion =     0.000
===============================================================================

 NSTEP =   375000   TIME(PS) =     750.000  TEMP(K) =   250.84  PRESS =     0.0
 Etot   =     -2501.9279  EKtot   =      1832.3463  EPtot      =     -4334.2742
 BOND   =       463.7024  ANGLE   =      1166.3131  DIHED      =      2240.3301
 1-4 NB =       664.4649  1-4 EEL =     10866.9461  VDWAALS    =     -1480.6176
 EELEC  =    -15066.0481  EGB     =     -3393.5910  RESTRAINT  =       140.6246
 EAMBER (non-restraint)  =     -4474.8988
 ESURF=        63.6013
 ------------------------------------------------------------------------------

 NMR restraints: Bond =    0.000   Angle =     0.000   Torsion =     0.000
===============================================================================

 NSTEP =   380000   TIME(PS) =     760.000  TEMP(K) =   251.60  PRESS =     0.0
 Etot   =     -2494.4782  EKtot   =      1837.8968  EPtot      =     -4332.3749
 BOND   =       454.0342  ANGLE   =      1176.1090  DIHED      =      2236.1559
 1-4 NB =       674.9570  1-4 EEL =     10904.4198  VDWAALS    =     -1483.4814
 EELEC  =    -15025.3362  EGB     =     -3476.8147  RESTRAINT  =       142.3666
 EAMBER (non-restraint)  =     -4474.7415
 ESURF=        65.2149
 ------------------------------------------------------------------------------

 NMR restraints: Bond =    0.000   Angle =     0.000   Torsion =     0.000
===============================================================================

 NSTEP =   385000   TIME(PS) =     770.000  TEMP(K) =   253.77  PRESS =     0.0
 Etot   =     -2449.3572  EKtot   =      1853.7844  EPtot      =     -4303.1416
 BOND   =       493.7697  ANGLE   =      1182.8548  DIHED      =      2240.8280
 1-4 NB =       652.9645  1-4 EEL =     10875.6632  VDWAALS    =     -1443.3869
 EELEC  =    -15090.9131  EGB     =     -3421.0300  RESTRAINT  =       139.5630
 EAMBER (non-restraint)  =     -4442.7046
 ESURF=        66.5452
 ------------------------------------------------------------------------------

 NMR restraints: Bond =    0.000   Angle =     0.000   Torsion =     0.000
===============================================================================

 NSTEP =   390000   TIME(PS) =     780.000  TEMP(K) =   252.98  PRESS =     0.0
 Etot   =     -2390.7544  EKtot   =      1848.0241  EPtot      =     -4238.7785
 BOND   =       493.0095  ANGLE   =      1225.6126  DIHED      =      2233.5758
 1-4 NB =       653.6860  1-4 EEL =     10853.6255  VDWAALS    =     -1457.3438
 EELEC  =    -15034.5178  EGB     =     -3424.1711  RESTRAINT  =       151.8661
 EAMBER (non-restraint)  =     -4390.6446
 ESURF=        65.8787
 ------------------------------------------------------------------------------

 NMR restraints: Bond =    0.000   Angle =     0.000   Torsion =     0.000
===============================================================================

 NSTEP =   395000   TIME(PS) =     790.000  TEMP(K) =   248.41  PRESS =     0.0
 Etot   =     -2451.9174  EKtot   =      1814.5980  EPtot      =     -4266.5154
 BOND   =       441.8138  ANGLE   =      1232.4439  DIHED      =      2257.0332
 1-4 NB =       659.3837  1-4 EEL =     10851.2695  VDWAALS    =     -1447.0598
 EELEC  =    -15008.9912  EGB     =     -3466.9536  RESTRAINT  =       150.1235
 EAMBER (non-restraint)  =     -4416.6389
 ESURF=        64.4216
 ------------------------------------------------------------------------------

 NMR restraints: Bond =    0.000   Angle =     0.000   Torsion =     0.000
===============================================================================

 NSTEP =   400000   TIME(PS) =     800.000  TEMP(K) =   261.98  PRESS =     0.0
 Etot   =     -2327.2181  EKtot   =      1913.7188  EPtot      =     -4240.9370
 BOND   =       482.8048  ANGLE   =      1206.8696  DIHED      =      2231.5613
 1-4 NB =       675.3347  1-4 EEL =     10902.5106  VDWAALS    =     -1434.8265
 EELEC  =    -15004.6184  EGB     =     -3513.6107  RESTRAINT  =       145.8743
 EAMBER (non-restraint)  =     -4386.8112
 ESURF=        67.1634
 ------------------------------------------------------------------------------

 NMR restraints: Bond =    0.000   Angle =     0.000   Torsion =     0.000
===============================================================================

 NSTEP =   405000   TIME(PS) =     810.000  TEMP(K) =   267.71  PRESS =     0.0
 Etot   =     -2272.7956  EKtot   =      1955.6119  EPtot      =     -4228.4076
 BOND   =       476.0872  ANGLE   =      1249.3609  DIHED      =      2243.8665
 1-4 NB =       664.5433  1-4 EEL =     10852.1143  VDWAALS    =     -1464.9811
 EELEC  =    -14998.0025  EGB     =     -3467.3967  RESTRAINT  =       149.8535
 EAMBER (non-restraint)  =     -4378.2611
 ESURF=        66.1471
 ------------------------------------------------------------------------------

 NMR restraints: Bond =    0.000   Angle =     0.000   Torsion =     0.000
===============================================================================

 NSTEP =   410000   TIME(PS) =     820.000  TEMP(K) =   264.11  PRESS =     0.0
 Etot   =     -2329.3924  EKtot   =      1929.3336  EPtot      =     -4258.7260
 BOND   =       494.9652  ANGLE   =      1242.9322  DIHED      =      2241.8668
 1-4 NB =       646.6624  1-4 EEL =     10833.1773  VDWAALS    =     -1464.5150
 EELEC  =    -14988.1824  EGB     =     -3463.7314  RESTRAINT  =       131.9326
 EAMBER (non-restraint)  =     -4390.6586
 ESURF=        66.1663
 ------------------------------------------------------------------------------

 NMR restraints: Bond =    0.000   Angle =     0.000   Torsion =     0.000
===============================================================================

 NSTEP =   415000   TIME(PS) =     830.000  TEMP(K) =   269.70  PRESS =     0.0
 Etot   =     -2250.8000  EKtot   =      1970.1215  EPtot      =     -4220.9215
 BOND   =       499.8192  ANGLE   =      1219.9704  DIHED      =      2261.6210
 1-4 NB =       655.5834  1-4 EEL =     10873.3724  VDWAALS    =     -1440.3939
 EELEC  =    -15076.7821  EGB     =     -3429.7054  RESTRAINT  =       148.0966
 EAMBER (non-restraint)  =     -4369.0180
 ESURF=        67.4969
 ------------------------------------------------------------------------------

 NMR restraints: Bond =    0.000   Angle =     0.000   Torsion =     0.000
===============================================================================

 NSTEP =   420000   TIME(PS) =     840.000  TEMP(K) =   269.40  PRESS =     0.0
 Etot   =     -2223.2117  EKtot   =      1967.9756  EPtot      =     -4191.1874
 BOND   =       470.4202  ANGLE   =      1252.7724  DIHED      =      2253.8818
 1-4 NB =       681.3457  1-4 EEL =     10924.2610  VDWAALS    =     -1450.0727
 EELEC  =    -15156.8587  EGB     =     -3381.1521  RESTRAINT  =       148.8468
 EAMBER (non-restraint)  =     -4340.0341
 ESURF=        65.3684
 ------------------------------------------------------------------------------

 NMR restraints: Bond =    0.000   Angle =     0.000   Torsion =     0.000
===============================================================================

 NSTEP =   425000   TIME(PS) =     850.000  TEMP(K) =   274.28  PRESS =     0.0
 Etot   =     -2159.8217  EKtot   =      2003.5826  EPtot      =     -4163.4043
 BOND   =       484.1778  ANGLE   =      1253.9153  DIHED      =      2255.2831
 1-4 NB =       680.3305  1-4 EEL =     10883.1491  VDWAALS    =     -1457.9967
 EELEC  =    -15074.7987  EGB     =     -3406.5915  RESTRAINT  =       151.4666
 EAMBER (non-restraint)  =     -4314.8710
 ESURF=        67.6600
 ------------------------------------------------------------------------------

 NMR restraints: Bond =    0.000   Angle =     0.000   Torsion =     0.000
===============================================================================

 NSTEP =   430000   TIME(PS) =     860.000  TEMP(K) =   273.79  PRESS =     0.0
 Etot   =     -2087.3490  EKtot   =      1999.9856  EPtot      =     -4087.3346
 BOND   =       517.6293  ANGLE   =      1296.4811  DIHED      =      2273.8322
 1-4 NB =       664.0603  1-4 EEL =     10867.3247  VDWAALS    =     -1464.3149
 EELEC  =    -15004.5501  EGB     =     -3453.8784  RESTRAINT  =       149.4851
 EAMBER (non-restraint)  =     -4236.8197
 ESURF=        66.5960
 ------------------------------------------------------------------------------

 NMR restraints: Bond =    0.000   Angle =     0.000   Torsion =     0.000
===============================================================================

 NSTEP =   435000   TIME(PS) =     870.000  TEMP(K) =   274.52  PRESS =     0.0
 Etot   =     -2092.7681  EKtot   =      2005.3353  EPtot      =     -4098.1034
 BOND   =       531.1290  ANGLE   =      1292.1182  DIHED      =      2252.5769
 1-4 NB =       656.4612  1-4 EEL =     10881.8967  VDWAALS    =     -1454.8438
 EELEC  =    -15019.3292  EGB     =     -3453.6533  RESTRAINT  =       149.2370
 EAMBER (non-restraint)  =     -4247.3404
 ESURF=        66.3038
 ------------------------------------------------------------------------------

 NMR restraints: Bond =    0.000   Angle =     0.000   Torsion =     0.000
===============================================================================

 NSTEP =   440000   TIME(PS) =     880.000  TEMP(K) =   281.86  PRESS =     0.0
 Etot   =     -2010.4467  EKtot   =      2058.9289  EPtot      =     -4069.3755
 BOND   =       532.9596  ANGLE   =      1314.8917  DIHED      =      2259.7582
 1-4 NB =       665.5769  1-4 EEL =     10918.4959  VDWAALS    =     -1426.3223
 EELEC  =    -15131.0231  EGB     =     -3424.4509  RESTRAINT  =       154.0243
 EAMBER (non-restraint)  =     -4223.3998
 ESURF=        66.7141
 ------------------------------------------------------------------------------

 NMR restraints: Bond =    0.000   Angle =     0.000   Torsion =     0.000
===============================================================================

 NSTEP =   445000   TIME(PS) =     890.000  TEMP(K) =   268.49  PRESS =     0.0
 Etot   =     -2179.5532  EKtot   =      1961.3142  EPtot      =     -4140.8674
 BOND   =       500.1750  ANGLE   =      1280.9382  DIHED      =      2262.6189
 1-4 NB =       656.2747  1-4 EEL =     10869.9154  VDWAALS    =     -1449.3960
 EELEC  =    -15032.3077  EGB     =     -3447.6998  RESTRAINT  =       150.6764
 EAMBER (non-restraint)  =     -4291.5438
 ESURF=        67.9374
 ------------------------------------------------------------------------------

 NMR restraints: Bond =    0.000   Angle =     0.000   Torsion =     0.000
===============================================================================

 NSTEP =   450000   TIME(PS) =     900.000  TEMP(K) =   274.19  PRESS =     0.0
 Etot   =     -2077.7664  EKtot   =      2002.9420  EPtot      =     -4080.7084
 BOND   =       555.2297  ANGLE   =      1302.7037  DIHED      =      2264.2107
 1-4 NB =       647.0329  1-4 EEL =     10866.0577  VDWAALS    =     -1449.4532
 EELEC  =    -15068.7933  EGB     =     -3402.8818  RESTRAINT  =       137.9797
 EAMBER (non-restraint)  =     -4218.6881
 ESURF=        67.2055
 ------------------------------------------------------------------------------

 NMR restraints: Bond =    0.000   Angle =     0.000   Torsion =     0.000
===============================================================================

 NSTEP =   455000   TIME(PS) =     910.000  TEMP(K) =   289.59  PRESS =     0.0
 Etot   =     -1951.2895  EKtot   =      2115.4641  EPtot      =     -4066.7536
 BOND   =       485.9404  ANGLE   =      1345.4628  DIHED      =      2307.1473
 1-4 NB =       666.3979  1-4 EEL =     10840.9765  VDWAALS    =     -1464.8540
 EELEC  =    -14967.1444  EGB     =     -3487.6396  RESTRAINT  =       141.6829
 EAMBER (non-restraint)  =     -4208.4365
 ESURF=        65.2765
 ------------------------------------------------------------------------------

 NMR restraints: Bond =    0.000   Angle =     0.000   Torsion =     0.000
===============================================================================

 NSTEP =   460000   TIME(PS) =     920.000  TEMP(K) =   290.36  PRESS =     0.0
 Etot   =     -1966.7954  EKtot   =      2121.0848  EPtot      =     -4087.8803
 BOND   =       497.1164  ANGLE   =      1264.5740  DIHED      =      2265.0461
 1-4 NB =       672.2757  1-4 EEL =     10883.4366  VDWAALS    =     -1432.8670
 EELEC  =    -14907.6156  EGB     =     -3557.5469  RESTRAINT  =       161.2382
 EAMBER (non-restraint)  =     -4249.1185
 ESURF=        66.4623
 ------------------------------------------------------------------------------

 NMR restraints: Bond =    0.000   Angle =     0.000   Torsion =     0.000
===============================================================================

 NSTEP =   465000   TIME(PS) =     930.000  TEMP(K) =   287.64  PRESS =     0.0
 Etot   =     -1998.8936  EKtot   =      2101.2167  EPtot      =     -4100.1103
 BOND   =       500.1018  ANGLE   =      1295.2698  DIHED      =      2259.8636
 1-4 NB =       667.3839  1-4 EEL =     10859.8012  VDWAALS    =     -1447.7025
 EELEC  =    -14964.2368  EGB     =     -3495.0073  RESTRAINT  =       157.9533
 EAMBER (non-restraint)  =     -4258.0636
 ESURF=        66.4628
 ------------------------------------------------------------------------------

 NMR restraints: Bond =    0.000   Angle =     0.000   Torsion =     0.000
===============================================================================

 NSTEP =   470000   TIME(PS) =     940.000  TEMP(K) =   293.73  PRESS =     0.0
 Etot   =     -1898.1993  EKtot   =      2145.6909  EPtot      =     -4043.8902
 BOND   =       514.1938  ANGLE   =      1348.1056  DIHED      =      2261.5733
 1-4 NB =       666.9423  1-4 EEL =     10875.5233  VDWAALS    =     -1447.0051
 EELEC  =    -14986.0402  EGB     =     -3514.9251  RESTRAINT  =       170.6540
 EAMBER (non-restraint)  =     -4214.5442
 ESURF=        67.0880
 ------------------------------------------------------------------------------

 NMR restraints: Bond =    0.000   Angle =     0.000   Torsion =     0.000
===============================================================================

 NSTEP =   475000   TIME(PS) =     950.000  TEMP(K) =   286.42  PRESS =     0.0
 Etot   =     -1971.0524  EKtot   =      2092.2550  EPtot      =     -4063.3075
 BOND   =       543.0955  ANGLE   =      1290.8635  DIHED      =      2281.9139
 1-4 NB =       666.9818  1-4 EEL =     10879.2544  VDWAALS    =     -1431.1434
 EELEC  =    -14920.2127  EGB     =     -3591.1638  RESTRAINT  =       148.5262
 EAMBER (non-restraint)  =     -4211.8336
 ESURF=        68.5772
 ------------------------------------------------------------------------------

 NMR restraints: Bond =    0.000   Angle =     0.000   Torsion =     0.000
===============================================================================

 NSTEP =   480000   TIME(PS) =     960.000  TEMP(K) =   296.49  PRESS =     0.0
 Etot   =     -1866.7467  EKtot   =      2165.8495  EPtot      =     -4032.5962
 BOND   =       533.0094  ANGLE   =      1325.3177  DIHED      =      2279.2268
 1-4 NB =       663.1301  1-4 EEL =     10917.2750  VDWAALS    =     -1420.5293
 EELEC  =    -14900.9970  EGB     =     -3654.2367  RESTRAINT  =       156.5266
 EAMBER (non-restraint)  =     -4189.1228
 ESURF=        68.6813
 ------------------------------------------------------------------------------

 NMR restraints: Bond =    0.000   Angle =     0.000   Torsion =     0.000
===============================================================================

 NSTEP =   485000   TIME(PS) =     970.000  TEMP(K) =   283.55  PRESS =     0.0
 Etot   =     -1929.9495  EKtot   =      2071.3129  EPtot      =     -4001.2624
 BOND   =       526.6527  ANGLE   =      1338.8979  DIHED      =      2271.9020
 1-4 NB =       675.0413  1-4 EEL =     10921.4618  VDWAALS    =     -1439.7444
 EELEC  =    -15006.4557  EGB     =     -3524.8564  RESTRAINT  =       167.6162
 EAMBER (non-restraint)  =     -4168.8787
 ESURF=        68.2222
 ------------------------------------------------------------------------------

 NMR restraints: Bond =    0.000   Angle =     0.000   Torsion =     0.000
===============================================================================

 NSTEP =   490000   TIME(PS) =     980.000  TEMP(K) =   300.17  PRESS =     0.0
 Etot   =     -1704.0683  EKtot   =      2192.7094  EPtot      =     -3896.7777
 BOND   =       563.9033  ANGLE   =      1385.7092  DIHED      =      2293.7165
 1-4 NB =       665.2127  1-4 EEL =     10902.2730  VDWAALS    =     -1418.4868
 EELEC  =    -14996.2494  EGB     =     -3523.5082  RESTRAINT  =       162.3930
 EAMBER (non-restraint)  =     -4059.1707
 ESURF=        68.2590
 ------------------------------------------------------------------------------

 NMR restraints: Bond =    0.000   Angle =     0.000   Torsion =     0.000
===============================================================================

 NSTEP =   495000   TIME(PS) =     990.000  TEMP(K) =   297.01  PRESS =     0.0
 Etot   =     -1741.6842  EKtot   =      2169.6640  EPtot      =     -3911.3483
 BOND   =       556.5745  ANGLE   =      1431.5043  DIHED      =      2286.4881
 1-4 NB =       658.6101  1-4 EEL =     10954.1083  VDWAALS    =     -1475.7540
 EELEC  =    -14995.8907  EGB     =     -3554.8328  RESTRAINT  =       160.6937
 EAMBER (non-restraint)  =     -4072.0419
 ESURF=        67.1503
 ------------------------------------------------------------------------------

 NMR restraints: Bond =    0.000   Angle =     0.000   Torsion =     0.000
===============================================================================

 NSTEP =   500000   TIME(PS) =    1000.000  TEMP(K) =   299.28  PRESS =     0.0
 Etot   =     -1758.2125  EKtot   =      2186.1988  EPtot      =     -3944.4113
 BOND   =       549.4856  ANGLE   =      1375.3436  DIHED      =      2286.5967
 1-4 NB =       668.2483  1-4 EEL =     10936.2995  VDWAALS    =     -1443.6965
 EELEC  =    -14891.6229  EGB     =     -3652.9248  RESTRAINT  =       158.1016
 EAMBER (non-restraint)  =     -4102.5130
 ESURF=        69.7575
 ------------------------------------------------------------------------------

 NMR restraints: Bond =    0.000   Angle =     0.000   Torsion =     0.000
===============================================================================

      A V E R A G E S   O V E R     100 S T E P S


 NSTEP =   500000   TIME(PS) =    1000.000  TEMP(K) =   201.34  PRESS =     0.0
 Etot   =     -3219.6237  EKtot   =      1470.8033  EPtot      =     -4690.4270
 BOND   =       391.6420  ANGLE   =      1012.5625  DIHED      =      2186.4840
 1-4 NB =       644.1725  1-4 EEL =     10874.3590  VDWAALS    =     -1479.1901
 EELEC  =    -15035.1053  EGB     =     -3462.3770  RESTRAINT  =       111.8621
 EAMBER (non-restraint)  =     -4802.2890
 ESURF=        65.1634
 ------------------------------------------------------------------------------

 NMR restraints: Bond =    0.000   Angle =     0.000   Torsion =     0.000
===============================================================================

      R M S  F L U C T U A T I O N S


 NSTEP =   500000   TIME(PS) =    1000.000  TEMP(K) =    58.20  PRESS =     0.0
 Etot   =       858.9635  EKtot   =       425.1687  EPtot      =       434.4837
 BOND   =        92.1946  ANGLE   =       211.4460  DIHED      =        58.4914
 1-4 NB =        16.5903  1-4 EEL =        23.3885  VDWAALS    =        23.9086
 EELEC  =        45.5005  EGB     =        46.5096  RESTRAINT  =        29.8126
 EAMBER (non-restraint)  =       404.6711
 ESURF=         1.5447
 ------------------------------------------------------------------------------


 NMR restraints on final step:

--------------------------------------------------------------------------------
   5.  TIMINGS
--------------------------------------------------------------------------------

|  NonSetup CPU Time in Major Routines:
|
|     Routine           Sec        %
|     ------------------------------
|     Nonbond      138283.68   98.98
|     Bond              9.56    0.01
|     Angle           161.06    0.12
|     Dihedral        958.12    0.69
|     Shake            42.81    0.03
|     RunMD           255.52    0.18
|     Other             0.60    0.00
|     ------------------------------
|     Total        139711.35

|  Generalized Born CPU Time:
|
|     Routine                 Sec        %
|     ------------------------------------
|     Radii Calc          29130.79   20.85
|     Diagonal Calc       54466.93   38.99
|     Off Diagonal Calc   54621.36   39.10
|     GBSA LCPO Calc          0.39    0.00
|     ---------------------------------
|     Total              138219.08   98.93

|  Final Performance Info:
|     -----------------------------------------------------
|     Average timings for last       1 steps:
|     Elapsed(s) =       0.00 Per Step(ms) =       0.11
|         ns/day =    1515.61   seconds/ns =      57.01
|
|     Average timings for all steps:
|     Elapsed(s) =  333720.20 Per Step(ms) =     667.44
|         ns/day =       0.26   seconds/ns =  333720.20
|     -----------------------------------------------------

|  Setup CPU time:            0.03 seconds
|  NonSetup CPU time:    139711.35 seconds
|  Total CPU time:       139711.39 seconds    38.81 hours

|  Setup wall time:           0    seconds
|  NonSetup wall time:   333720    seconds
|  Total wall time:      333720    seconds    92.70 hours
