
          -------------------------------------------------------
          Amber 22 PMEMD                              2022
          -------------------------------------------------------

| PMEMD implementation of SANDER, Release 22

|  Compiled date/time: Thu Apr 14 23:36:37 2022
| Run on 01/08/2024 at 14:01:46

|   Executable path: pmemd
| Working directory: /home/arul/Reegina/MD_Sim/finalll/1SHF_info
|          Hostname: Unknown
  [-O]verwriting output

File Assignments:
|   MDIN: eq2.in                                                                
|  MDOUT: eq2.out                                                               
| INPCRD: eq1.rst7                                                              
|   PARM: 1SHF.hmass.parm7                                                      
| RESTRT: eq2.rst7                                                              
|   REFC: eq1.rst7                                                              
|  MDVEL: mdvel                                                                 
|   MDEN: mden                                                                  
|  MDCRD: eq2.crd                                                               
| MDINFO: eq2.info                                                              
|  MDFRC: mdfrc                                                                 


 Here is the input file:

&cntrl                                                                         
   ntx = 5,                                                                    
   ntwx = 5000, ntwe = 0, ntwr = 500,                                          
   ntpr = 5000,                                                                
                                                                               
   ioutfm=0, ntxo=1,                                                           
                                                                               
   imin = 0, nstlim = 125000, dt = 0.002,                                      
                                                                               
   ntt = 3, gamma_ln=1., temp0 = 300.0,                                        
   nscm = 1000, ig = -1, irest = 1,                                            
                                                                               
   ntc= 2, ntf = 2, cut = 1000,                                                
                                                                               
   igb=8, gbsa=3, surften=0.007, ntb = 0,                                      
   saltcon=0.,                                                                 
                                                                               
   ntr=1, restraintmask="@CA,N,C,O",                                           
   restraint_wt=0.1,                                                           
 /                                                                             


Note: ig = -1. Setting random seed to   217686 based on wallclock time in 
      microseconds.
| irandom = 1, using AMBER's internal random number generator (default).
 
| Conditional Compilation Defines Used:
| PUBFFT
| BINTRAJ
| EMIL

| New format PARM file being parsed.
| Version =    1.000 Date = 12/29/23 Time = 17:09:31

| Note: 1-4 EEL scale factors are being read from the topology file.

| Note: 1-4 VDW scale factors are being read from the topology file.
| INFO:    Reading atomic numbers from topology file.
| Duplicated    0 dihedrals

| Duplicated    0 dihedrals

--------------------------------------------------------------------------------
   1.  RESOURCE   USE: 
--------------------------------------------------------------------------------

 NATOM  =    1834 NTYPES =      13 NBONH =     878 MBONA  =     982
 NTHETH =    1990 MTHETA =    1340 NPHIH =    4172 MPHIA  =    4182
 NHPARM =       0 NPARM  =       0 NNB   =   10100 NRES   =     118
 NBONA  =     982 NTHETA =    1340 NPHIA =    4182 NUMBND =      61
 NUMANG =     144 NPTRA  =     169 NATYP =      30 NPHB   =       0
 IFBOX  =       0 NMXRS  =      24 IFCAP =       0 NEXTRA =       0
 NCOPY  =       0

 Implicit solvent radii are ArgH and AspGluO modified Bondi2 radii (mbondi3)                                
 Replacing prmtop screening parameters with GBn2 (igb=8) values
--------------------------------------------------------------------------------
   2.  CONTROL  DATA  FOR  THE  RUN
--------------------------------------------------------------------------------

default_name                                                                    

General flags:
     imin    =       0, nmropt  =       0

Nature and format of input:
     ntx     =       5, irest   =       1, ntrx    =       1

Nature and format of output:
     ntxo    =       1, ntpr    =    5000, ntrx    =       1, ntwr    =     500
     iwrap   =       0, ntwx    =    5000, ntwv    =       0, ntwe    =       0
     ioutfm  =       0, ntwprt  =       0, idecomp =       0, rbornstat=      0

Potential function:
     ntf     =       2, ntb     =       0, igb     =       8, nsnb    =      25
     ipol    =       0, gbsa    =       3, iesp    =       0
     dielc   =   1.00000, cut     =1000.00000, intdiel =   1.00000
     saltcon =   0.00000, offset  =   0.19514, surften =   0.00700
     rdt     =   0.00000, rgbmax  =  25.00000  extdiel =  78.50000
     alpb  =        0
     gbalphaH  =   0.78844, gbbetaH   =   0.79870,  gbgammaH  =    0.43733
     gbalphaC  =   0.73376, gbbetaC   =   0.50638,  gbgammaC  =    0.20584
     gbalphaN  =   0.50336, gbbetaN   =   0.31683,  gbgammaN  =    0.19292
     gbalphaOS =   0.86781, gbbetaOS  =   0.87664,  gbgammaOS =    0.38788
     gbalphaP  =   1.00000, gbbetaP   =   0.80000,  gbgammaP  =    4.85000
     gb_alpha_hnu  =   0.53705, gb_beta_hnu   =   0.36286,  gb_gamma_hnu  =    0.11670
     gb_alpha_cnu  =   0.33167, gb_beta_cnu   =   0.19684,  gb_gamma_cnu  =    0.09342
     gb_alpha_nnu  =   0.68631, gb_beta_nnu   =   0.46319,  gb_gamma_nnu  =    0.13872
     gb_alpha_onu  =   0.60634, gb_beta_onu   =   0.46301,  gb_gamma_onu  =    0.14226
     gb_alpha_pnu  =   0.41836, gb_beta_pnu   =   0.29005,  gb_gamma_pnu  =    0.10642

Frozen or restrained atoms:
     ibelly  =       0, ntr     =       1
     restraint_wt =   0.10000

Molecular dynamics:
     nstlim  =    125000, nscm    =         0, nrespa  =         1
     t       =   0.00000, dt      =   0.00200, vlimit  =  20.00000

Langevin dynamics temperature regulation:
     ig      =  217686
     temp0   = 300.00000, tempi   =   0.00000, gamma_ln=   1.00000

SHAKE:
     ntc     =       2, jfastw  =       0
     tol     =   0.00001

| Intermolecular bonds treatment:
|     no_intermolecular_bonds =       1

| Energy averages sample interval:
|     ene_avg_sampling =    5000

    LOADING THE CONSTRAINED ATOMS AS GROUPS


   5.  REFERENCE ATOM COORDINATES

  default_name                                                                    
     Mask @CA,N,C,O; matches   472 atoms

--------------------------------------------------------------------------------
   3.  ATOMIC COORDINATES AND VELOCITIES
--------------------------------------------------------------------------------

default_name                                                                    
 begin time read from input coords =  1250.000 ps

 
 Number of triangulated 3-point waters found:        0
| Dynamic Memory, Types Used:
| Reals               63679
| Integers           220538

--------------------------------------------------------------------------------
   4.  RESULTS
--------------------------------------------------------------------------------


 NSTEP =     5000   TIME(PS) =    1260.000  TEMP(K) =   311.90  PRESS =     0.0
 Etot   =     -1492.4630  EKtot   =      1432.9971  EPtot      =     -2925.4602
 BOND   =       350.7288  ANGLE   =       915.5126  DIHED      =      1403.6809
 1-4 NB =       433.3476  1-4 EEL =      5460.1502  VDWAALS    =      -849.5027
 EELEC  =     -6627.9338  EGB     =     -4081.2142  RESTRAINT  =        15.5241
 EAMBER (non-restraint)  =     -2940.9843
 ESURF=        54.2463
 ------------------------------------------------------------------------------


 NSTEP =    10000   TIME(PS) =    1270.000  TEMP(K) =   293.02  PRESS =     0.0
 Etot   =     -1567.2688  EKtot   =      1346.2582  EPtot      =     -2913.5270
 BOND   =       355.9359  ANGLE   =       900.6531  DIHED      =      1418.2825
 1-4 NB =       415.3836  1-4 EEL =      5424.4076  VDWAALS    =      -831.0686
 EELEC  =     -6641.2132  EGB     =     -4027.3803  RESTRAINT  =        15.8919
 EAMBER (non-restraint)  =     -2929.4189
 ESURF=        55.5805
 ------------------------------------------------------------------------------


 NSTEP =    15000   TIME(PS) =    1280.000  TEMP(K) =   307.42  PRESS =     0.0
 Etot   =     -1551.6191  EKtot   =      1412.3908  EPtot      =     -2964.0099
 BOND   =       372.0668  ANGLE   =       874.1031  DIHED      =      1399.4894
 1-4 NB =       413.8388  1-4 EEL =      5427.4507  VDWAALS    =      -830.6206
 EELEC  =     -6756.7009  EGB     =     -3935.2609  RESTRAINT  =        18.4789
 EAMBER (non-restraint)  =     -2982.4888
 ESURF=        53.1447
 ------------------------------------------------------------------------------


 NSTEP =    20000   TIME(PS) =    1290.000  TEMP(K) =   298.73  PRESS =     0.0
 Etot   =     -1511.0620  EKtot   =      1372.5001  EPtot      =     -2883.5621
 BOND   =       358.9438  ANGLE   =       937.4153  DIHED      =      1412.2139
 1-4 NB =       421.4481  1-4 EEL =      5438.9674  VDWAALS    =      -821.4272
 EELEC  =     -6705.3422  EGB     =     -3997.2837  RESTRAINT  =        18.4687
 EAMBER (non-restraint)  =     -2902.0308
 ESURF=        53.0337
 ------------------------------------------------------------------------------


 NSTEP =    25000   TIME(PS) =    1300.000  TEMP(K) =   300.48  PRESS =     0.0
 Etot   =     -1538.4429  EKtot   =      1380.5193  EPtot      =     -2918.9623
 BOND   =       352.0474  ANGLE   =       914.3687  DIHED      =      1399.0689
 1-4 NB =       409.6142  1-4 EEL =      5443.2151  VDWAALS    =      -856.6740
 EELEC  =     -6661.7015  EGB     =     -3992.6442  RESTRAINT  =        20.2053
 EAMBER (non-restraint)  =     -2939.1676
 ESURF=        53.5376
 ------------------------------------------------------------------------------


 NSTEP =    30000   TIME(PS) =    1310.000  TEMP(K) =   299.14  PRESS =     0.0
 Etot   =     -1554.0637  EKtot   =      1374.3776  EPtot      =     -2928.4413
 BOND   =       393.5300  ANGLE   =       885.6772  DIHED      =      1404.8403
 1-4 NB =       412.1935  1-4 EEL =      5415.5715  VDWAALS    =      -848.6049
 EELEC  =     -6650.5399  EGB     =     -4018.1686  RESTRAINT  =        22.3613
 EAMBER (non-restraint)  =     -2950.8026
 ESURF=        54.6985
 ------------------------------------------------------------------------------


 NSTEP =    35000   TIME(PS) =    1320.000  TEMP(K) =   298.22  PRESS =     0.0
 Etot   =     -1561.2882  EKtot   =      1370.1439  EPtot      =     -2931.4321
 BOND   =       381.2842  ANGLE   =       888.6903  DIHED      =      1401.8339
 1-4 NB =       417.4486  1-4 EEL =      5426.8917  VDWAALS    =      -845.8930
 EELEC  =     -6668.7562  EGB     =     -4005.8675  RESTRAINT  =        17.7084
 EAMBER (non-restraint)  =     -2949.1405
 ESURF=        55.2275
 ------------------------------------------------------------------------------


 NSTEP =    40000   TIME(PS) =    1330.000  TEMP(K) =   296.31  PRESS =     0.0
 Etot   =     -1544.2983  EKtot   =      1361.3634  EPtot      =     -2905.6617
 BOND   =       412.0047  ANGLE   =       872.7039  DIHED      =      1402.4123
 1-4 NB =       413.0611  1-4 EEL =      5386.2558  VDWAALS    =      -838.5832
 EELEC  =     -6551.3462  EGB     =     -4078.7044  RESTRAINT  =        20.4470
 EAMBER (non-restraint)  =     -2926.1087
 ESURF=        56.0873
 ------------------------------------------------------------------------------


 NSTEP =    45000   TIME(PS) =    1340.000  TEMP(K) =   302.24  PRESS =     0.0
 Etot   =     -1544.3752  EKtot   =      1388.6122  EPtot      =     -2932.9874
 BOND   =       348.9285  ANGLE   =       882.3574  DIHED      =      1398.7847
 1-4 NB =       422.1237  1-4 EEL =      5453.4611  VDWAALS    =      -827.4081
 EELEC  =     -6611.1914  EGB     =     -4072.3540  RESTRAINT  =        16.8798
 EAMBER (non-restraint)  =     -2949.8672
 ESURF=        55.4309
 ------------------------------------------------------------------------------


 NSTEP =    50000   TIME(PS) =    1350.000  TEMP(K) =   298.31  PRESS =     0.0
 Etot   =     -1468.0819  EKtot   =      1370.5459  EPtot      =     -2838.6278
 BOND   =       401.3755  ANGLE   =       932.0516  DIHED      =      1407.2357
 1-4 NB =       404.6965  1-4 EEL =      5382.2378  VDWAALS    =      -836.8291
 EELEC  =     -6513.0664  EGB     =     -4095.0464  RESTRAINT  =        22.4903
 EAMBER (non-restraint)  =     -2861.1182
 ESURF=        56.2267
 ------------------------------------------------------------------------------


 NSTEP =    55000   TIME(PS) =    1360.000  TEMP(K) =   291.16  PRESS =     0.0
 Etot   =     -1545.3389  EKtot   =      1337.7227  EPtot      =     -2883.0616
 BOND   =       390.9627  ANGLE   =       895.6315  DIHED      =      1421.7019
 1-4 NB =       407.2909  1-4 EEL =      5357.5797  VDWAALS    =      -834.1698
 EELEC  =     -6599.5691  EGB     =     -3998.9387  RESTRAINT  =        22.8165
 EAMBER (non-restraint)  =     -2905.8781
 ESURF=        53.6327
 ------------------------------------------------------------------------------


 NSTEP =    60000   TIME(PS) =    1370.000  TEMP(K) =   305.14  PRESS =     0.0
 Etot   =     -1462.4498  EKtot   =      1401.9458  EPtot      =     -2864.3956
 BOND   =       397.0558  ANGLE   =       919.7720  DIHED      =      1388.6932
 1-4 NB =       427.4872  1-4 EEL =      5412.5461  VDWAALS    =      -849.4779
 EELEC  =     -6602.0264  EGB     =     -4030.2224  RESTRAINT  =        17.1264
 EAMBER (non-restraint)  =     -2881.5220
 ESURF=        54.6504
 ------------------------------------------------------------------------------


 NSTEP =    65000   TIME(PS) =    1380.000  TEMP(K) =   306.35  PRESS =     0.0
 Etot   =     -1519.5865  EKtot   =      1407.5028  EPtot      =     -2927.0893
 BOND   =       386.0872  ANGLE   =       861.9829  DIHED      =      1403.3393
 1-4 NB =       418.4990  1-4 EEL =      5435.8427  VDWAALS    =      -834.0341
 EELEC  =     -6679.0842  EGB     =     -3992.1741  RESTRAINT  =        18.1139
 EAMBER (non-restraint)  =     -2945.2031
 ESURF=        54.3382
 ------------------------------------------------------------------------------


 NSTEP =    70000   TIME(PS) =    1390.000  TEMP(K) =   302.33  PRESS =     0.0
 Etot   =     -1479.0692  EKtot   =      1389.0189  EPtot      =     -2868.0881
 BOND   =       378.0356  ANGLE   =       925.3073  DIHED      =      1407.3572
 1-4 NB =       418.7272  1-4 EEL =      5400.8381  VDWAALS    =      -844.5718
 EELEC  =     -6545.5235  EGB     =     -4086.4304  RESTRAINT  =        22.5178
 EAMBER (non-restraint)  =     -2890.6059
 ESURF=        55.6544
 ------------------------------------------------------------------------------


 NSTEP =    75000   TIME(PS) =    1400.000  TEMP(K) =   303.06  PRESS =     0.0
 Etot   =     -1497.1084  EKtot   =      1392.3754  EPtot      =     -2889.4838
 BOND   =       383.8740  ANGLE   =       886.1318  DIHED      =      1427.7128
 1-4 NB =       407.9690  1-4 EEL =      5441.5991  VDWAALS    =      -827.8287
 EELEC  =     -6738.8985  EGB     =     -3945.8840  RESTRAINT  =        20.7545
 EAMBER (non-restraint)  =     -2910.2383
 ESURF=        55.0862
 ------------------------------------------------------------------------------


 NSTEP =    80000   TIME(PS) =    1410.000  TEMP(K) =   290.68  PRESS =     0.0
 Etot   =     -1523.3178  EKtot   =      1335.4920  EPtot      =     -2858.8099
 BOND   =       397.6249  ANGLE   =       872.3168  DIHED      =      1433.9884
 1-4 NB =       430.6574  1-4 EEL =      5469.9333  VDWAALS    =      -849.3790
 EELEC  =     -6691.2202  EGB     =     -3997.1386  RESTRAINT  =        18.1230
 EAMBER (non-restraint)  =     -2876.9328
 ESURF=        56.2843
 ------------------------------------------------------------------------------


 NSTEP =    85000   TIME(PS) =    1420.000  TEMP(K) =   301.30  PRESS =     0.0
 Etot   =     -1557.2897  EKtot   =      1384.2774  EPtot      =     -2941.5671
 BOND   =       389.4925  ANGLE   =       887.7006  DIHED      =      1381.1345
 1-4 NB =       419.4136  1-4 EEL =      5443.5728  VDWAALS    =      -829.1453
 EELEC  =     -6740.9193  EGB     =     -3964.7997  RESTRAINT  =        16.6269
 EAMBER (non-restraint)  =     -2958.1940
 ESURF=        55.3564
 ------------------------------------------------------------------------------


 NSTEP =    90000   TIME(PS) =    1430.000  TEMP(K) =   308.62  PRESS =     0.0
 Etot   =     -1468.9483  EKtot   =      1417.9166  EPtot      =     -2886.8649
 BOND   =       361.2713  ANGLE   =       926.3313  DIHED      =      1396.8843
 1-4 NB =       423.6769  1-4 EEL =      5450.0971  VDWAALS    =      -838.5969
 EELEC  =     -6740.1616  EGB     =     -3942.6147  RESTRAINT  =        21.1024
 EAMBER (non-restraint)  =     -2907.9673
 ESURF=        55.1449
 ------------------------------------------------------------------------------


 NSTEP =    95000   TIME(PS) =    1440.000  TEMP(K) =   291.82  PRESS =     0.0
 Etot   =     -1631.4583  EKtot   =      1340.7440  EPtot      =     -2972.2023
 BOND   =       365.6273  ANGLE   =       875.0251  DIHED      =      1384.1625
 1-4 NB =       410.6693  1-4 EEL =      5419.7655  VDWAALS    =      -841.8372
 EELEC  =     -6675.8228  EGB     =     -3982.7178  RESTRAINT  =        18.4642
 EAMBER (non-restraint)  =     -2990.6665
 ESURF=        54.4615
 ------------------------------------------------------------------------------


 NSTEP =   100000   TIME(PS) =    1450.000  TEMP(K) =   305.82  PRESS =     0.0
 Etot   =     -1491.5468  EKtot   =      1405.0638  EPtot      =     -2896.6106
 BOND   =       381.5262  ANGLE   =       905.3505  DIHED      =      1404.5192
 1-4 NB =       405.4672  1-4 EEL =      5420.5991  VDWAALS    =      -825.7855
 EELEC  =     -6723.0865  EGB     =     -3934.3359  RESTRAINT  =        15.0965
 EAMBER (non-restraint)  =     -2911.7071
 ESURF=        54.0387
 ------------------------------------------------------------------------------


 NSTEP =   105000   TIME(PS) =    1460.000  TEMP(K) =   301.10  PRESS =     0.0
 Etot   =     -1558.9561  EKtot   =      1383.3671  EPtot      =     -2942.3232
 BOND   =       369.3951  ANGLE   =       897.5919  DIHED      =      1401.9316
 1-4 NB =       406.5631  1-4 EEL =      5457.5248  VDWAALS    =      -862.5542
 EELEC  =     -6662.4154  EGB     =     -4025.2126  RESTRAINT  =        21.7337
 EAMBER (non-restraint)  =     -2964.0569
 ESURF=        53.1187
 ------------------------------------------------------------------------------


 NSTEP =   110000   TIME(PS) =    1470.000  TEMP(K) =   309.60  PRESS =     0.0
 Etot   =     -1519.1730  EKtot   =      1422.4271  EPtot      =     -2941.6001
 BOND   =       397.9999  ANGLE   =       855.3938  DIHED      =      1435.6078
 1-4 NB =       406.7524  1-4 EEL =      5372.4837  VDWAALS    =      -858.2008
 EELEC  =     -6610.2492  EGB     =     -4019.7474  RESTRAINT  =        23.7798
 EAMBER (non-restraint)  =     -2965.3799
 ESURF=        54.5798
 ------------------------------------------------------------------------------


 NSTEP =   115000   TIME(PS) =    1480.000  TEMP(K) =   306.14  PRESS =     0.0
 Etot   =     -1503.4297  EKtot   =      1406.5372  EPtot      =     -2909.9669
 BOND   =       374.5452  ANGLE   =       941.2579  DIHED      =      1378.7810
 1-4 NB =       411.5926  1-4 EEL =      5393.8783  VDWAALS    =      -861.2474
 EELEC  =     -6651.5732  EGB     =     -3976.8260  RESTRAINT  =        25.2089
 EAMBER (non-restraint)  =     -2935.1758
 ESURF=        54.4157
 ------------------------------------------------------------------------------


 NSTEP =   120000   TIME(PS) =    1490.000  TEMP(K) =   305.86  PRESS =     0.0
 Etot   =     -1518.7990  EKtot   =      1405.2201  EPtot      =     -2924.0192
 BOND   =       367.4550  ANGLE   =       879.1895  DIHED      =      1394.6487
 1-4 NB =       416.2303  1-4 EEL =      5393.1039  VDWAALS    =      -843.6724
 EELEC  =     -6605.8211  EGB     =     -4010.3544  RESTRAINT  =        30.4901
 EAMBER (non-restraint)  =     -2954.5093
 ESURF=        54.7113
 ------------------------------------------------------------------------------


 NSTEP =   125000   TIME(PS) =    1500.000  TEMP(K) =   307.32  PRESS =     0.0
 Etot   =     -1562.0902  EKtot   =      1411.9655  EPtot      =     -2974.0557
 BOND   =       363.5483  ANGLE   =       869.1025  DIHED      =      1386.3620
 1-4 NB =       412.9739  1-4 EEL =      5400.9688  VDWAALS    =      -847.4195
 EELEC  =     -6669.2893  EGB     =     -3967.0891  RESTRAINT  =        25.4291
 EAMBER (non-restraint)  =     -2999.4848
 ESURF=        51.3576
 ------------------------------------------------------------------------------


      A V E R A G E S   O V E R      25 S T E P S


 NSTEP =   125000   TIME(PS) =    1500.000  TEMP(K) =   301.68  PRESS =     0.0
 Etot   =     -1526.8610  EKtot   =      1386.0514  EPtot      =     -2912.9124
 BOND   =       377.2539  ANGLE   =       896.0647  DIHED      =      1403.7867
 1-4 NB =       415.4850  1-4 EEL =      5421.1577  VDWAALS    =      -841.3813
 EELEC  =     -6652.9381  EGB     =     -4007.1364  RESTRAINT  =        20.2336
 EAMBER (non-restraint)  =     -2933.1460
 ESURF=        54.5618
 ------------------------------------------------------------------------------


      R M S  F L U C T U A T I O N S


 NSTEP =   125000   TIME(PS) =    1500.000  TEMP(K) =     5.81  PRESS =     0.0
 Etot   =        38.4398  EKtot   =        26.6957  EPtot      =        34.6381
 BOND   =        17.3067  ANGLE   =        24.1533  DIHED      =        14.6789
 1-4 NB =         7.6793  1-4 EEL =        28.7953  VDWAALS    =        11.3390
 EELEC  =        62.5930  EGB     =        46.6609  RESTRAINT  =         3.5795
 EAMBER (non-restraint)  =        31.0586
 ESURF=         1.1287
 ------------------------------------------------------------------------------

--------------------------------------------------------------------------------
   5.  TIMINGS
--------------------------------------------------------------------------------

|  NonSetup CPU Time in Major Routines:
|
|     Routine           Sec        %
|     ------------------------------
|     Nonbond       15145.19   98.50
|     Bond              1.68    0.01
|     Angle            26.43    0.17
|     Dihedral        154.16    1.00
|     Shake             6.87    0.04
|     RunMD            41.06    0.27
|     Other             0.07    0.00
|     ------------------------------
|     Total         15375.46

|  Generalized Born CPU Time:
|
|     Routine                 Sec        %
|     ------------------------------------
|     Radii Calc           3382.10   22.00
|     Diagonal Calc        6297.05   40.96
|     Off Diagonal Calc    5455.80   35.48
|     GBSA LCPO Calc          0.09    0.00
|     ---------------------------------
|     Total               15134.95   98.44

|  Final Performance Info:
|     -----------------------------------------------------
|     Average timings for last       1 steps:
|     Elapsed(s) =       0.00 Per Step(ms) =       0.11
|         ns/day =    1630.85   seconds/ns =      52.98
|
|     Average timings for all steps:
|     Elapsed(s) =   59668.76 Per Step(ms) =     477.35
|         ns/day =       0.36   seconds/ns =  238675.05
|     -----------------------------------------------------

|  Setup CPU time:            0.03 seconds
|  NonSetup CPU time:     15375.46 seconds
|  Total CPU time:        15375.49 seconds     4.27 hours

|  Setup wall time:           0    seconds
|  NonSetup wall time:    59669    seconds
|  Total wall time:       59669    seconds    16.57 hours
