
          -------------------------------------------------------
          Amber 22 PMEMD                              2022
          -------------------------------------------------------

| PMEMD implementation of SANDER, Release 22

|  Compiled date/time: Thu Apr 14 23:36:37 2022
| Run on 12/20/2023 at 13:25:01

|   Executable path: pmemd
| Working directory: /home/arul/Reegina/MD_Sim/amber_parameters/1RA9_info
|          Hostname: Unknown
  [-O]verwriting output

File Assignments:
|   MDIN: /home/arul/Reegina/MD_Sim/trial_file/min.in                           
|  MDOUT: min_1RA9.out                                                          
| INPCRD: 1RA9.rst7                                                             
|   PARM: 1RA9.hmass.parm7                                                      
| RESTRT: min_1RA9.rst7                                                         
|   REFC: refc                                                                  
|  MDVEL: mdvel                                                                 
|   MDEN: mden                                                                  
|  MDCRD: min_1RA9.crd                                                          
| MDINFO: min_1RA9.info                                                         
|  MDFRC: mdfrc                                                                 


 Here is the input file:

&cntrl                                                                         
  imin = 1,                                                                    
  maxcyc=100,                                                                  
  ntx = 1,                                                                     
  ntwr = 100,                                                                  
  ntpr = 10,                                                                   
  ioutfm=0,                                                                    
  ntxo=1,                                                                      
  cut = 1000.0,                                                                
  ntb=0,                                                                       
  igb = 8,                                                                     
  gbsa=3,                                                                      
  surften=0.007,                                                               
  saltcon = 0.0,                                                               
/                                                                              


Note: ig = -1. Setting random seed to   115858 based on wallclock time in 
      microseconds.
| irandom = 1, using AMBER's internal random number generator (default).
 
| Conditional Compilation Defines Used:
| PUBFFT
| BINTRAJ
| EMIL

| New format PARM file being parsed.
| Version =    1.000 Date = 12/04/23 Time = 16:32:23

| Note: 1-4 EEL scale factors are being read from the topology file.

| Note: 1-4 VDW scale factors are being read from the topology file.
| INFO:    Reading atomic numbers from topology file.
| Duplicated    0 dihedrals

| Duplicated    0 dihedrals

--------------------------------------------------------------------------------
   1.  RESOURCE   USE: 
--------------------------------------------------------------------------------

 NATOM  =    2489 NTYPES =      14 NBONH =    1221 MBONA  =    1302
 NTHETH =    2789 MTHETA =    1772 NPHIH =    5612 MPHIA  =    5611
 NHPARM =       0 NPARM  =       0 NNB   =   13767 NRES   =     159
 NBONA  =    1302 NTHETA =    1772 NPHIA =    5611 NUMBND =      65
 NUMANG =     152 NPTRA  =     190 NATYP =      33 NPHB   =       0
 IFBOX  =       0 NMXRS  =      25 IFCAP =       0 NEXTRA =       0
 NCOPY  =       0

 Implicit solvent radii are ArgH and AspGluO modified Bondi2 radii (mbondi3)                                
 Replacing prmtop screening parameters with GBn2 (igb=8) values
--------------------------------------------------------------------------------
   2.  CONTROL  DATA  FOR  THE  RUN
--------------------------------------------------------------------------------

default_name                                                                    

General flags:
     imin    =       1, nmropt  =       0

Nature and format of input:
     ntx     =       1, irest   =       0, ntrx    =       1

Nature and format of output:
     ntxo    =       1, ntpr    =      10, ntrx    =       1, ntwr    =     100
     iwrap   =       0, ntwx    =       0, ntwv    =       0, ntwe    =       0
     ioutfm  =       0, ntwprt  =       0, idecomp =       0, rbornstat=      0

Potential function:
     ntf     =       1, ntb     =       0, igb     =       8, nsnb    =      25
     ipol    =       0, gbsa    =       3, iesp    =       0
     dielc   =   1.00000, cut     =1000.00000, intdiel =   1.00000
     saltcon =   0.00000, offset  =   0.19514, surften =   0.00700
     rdt     =   0.00000, rgbmax  =  25.00000  extdiel =  78.50000
     alpb  =        0
     gbalphaH  =   0.78844, gbbetaH   =   0.79870,  gbgammaH  =    0.43733
     gbalphaC  =   0.73376, gbbetaC   =   0.50638,  gbgammaC  =    0.20584
     gbalphaN  =   0.50336, gbbetaN   =   0.31683,  gbgammaN  =    0.19292
     gbalphaOS =   0.86781, gbbetaOS  =   0.87664,  gbgammaOS =    0.38788
     gbalphaP  =   1.00000, gbbetaP   =   0.80000,  gbgammaP  =    4.85000
     gb_alpha_hnu  =   0.53705, gb_beta_hnu   =   0.36286,  gb_gamma_hnu  =    0.11670
     gb_alpha_cnu  =   0.33167, gb_beta_cnu   =   0.19684,  gb_gamma_cnu  =    0.09342
     gb_alpha_nnu  =   0.68631, gb_beta_nnu   =   0.46319,  gb_gamma_nnu  =    0.13872
     gb_alpha_onu  =   0.60634, gb_beta_onu   =   0.46301,  gb_gamma_onu  =    0.14226
     gb_alpha_pnu  =   0.41836, gb_beta_pnu   =   0.29005,  gb_gamma_pnu  =    0.10642

Frozen or restrained atoms:
     ibelly  =       0, ntr     =       0

Energy minimization:
     maxcyc  =     100, ncyc    =      10, ntmin   =       1
     dx0     =   0.01000, drms    =   0.00010

| Intermolecular bonds treatment:
|     no_intermolecular_bonds =       1

| Energy averages sample interval:
|     ene_avg_sampling =       1

--------------------------------------------------------------------------------
   3.  ATOMIC COORDINATES AND VELOCITIES
--------------------------------------------------------------------------------

default_name                                                                    
 begin time read from input coords =     0.000 ps

 
 Number of triangulated 3-point waters found:        0
| Dynamic Memory, Types Used:
| Reals               67243
| Integers           293610

--------------------------------------------------------------------------------
   4.  RESULTS
--------------------------------------------------------------------------------



   NSTEP       ENERGY          RMS            GMAX         NAME    NUMBER
      1      -3.3651E+03     3.5471E+01     1.4239E+03     HB2       236

 BOND    =      312.0891  ANGLE   =      704.9503  DIHED      =     1814.0413
 VDWAALS =     -432.5441  EEL     =   -10032.3766  EGB        =    -3774.2054
 1-4 VDW =      895.6472  1-4 EEL =     7104.3899  RESTRAINT  =        0.0000
 ESURF   =       42.9394


   NSTEP       ENERGY          RMS            GMAX         NAME    NUMBER
     10      -3.8502E+03     1.5561E+01     2.9500E+02     HB2       236

 BOND    =      207.0149  ANGLE   =      656.5205  DIHED      =     1812.1063
 VDWAALS =     -741.7525  EEL     =   -10033.6332  EGB        =    -3775.2641
 1-4 VDW =      882.8397  1-4 EEL =     7099.0638  RESTRAINT  =        0.0000
 ESURF   =       42.9533


   NSTEP       ENERGY          RMS            GMAX         NAME    NUMBER
     20      -4.8703E+03     5.1670E+00     1.2865E+02     N         577

 BOND    =      105.7201  ANGLE   =      444.4363  DIHED      =     1820.1366
 VDWAALS =    -1178.7547  EEL     =    -9972.9887  EGB        =    -3800.5440
 1-4 VDW =      712.0120  1-4 EEL =     6955.8643  RESTRAINT  =        0.0000
 ESURF   =       43.8148


   NSTEP       ENERGY          RMS            GMAX         NAME    NUMBER
     30      -5.1042E+03     2.9450E+00     3.0455E+01     HD13      570

 BOND    =       70.4107  ANGLE   =      363.2602  DIHED      =     1813.0898
 VDWAALS =    -1206.6176  EEL     =    -9917.3763  EGB        =    -3796.1457
 1-4 VDW =      644.5335  1-4 EEL =     6880.1729  RESTRAINT  =        0.0000
 ESURF   =       44.4447


   NSTEP       ENERGY          RMS            GMAX         NAME    NUMBER
     40      -5.2746E+03     3.2621E+00     3.8947E+01     N         577

 BOND    =       76.7779  ANGLE   =      339.4424  DIHED      =     1807.3560
 VDWAALS =    -1264.0991  EEL     =    -9885.5919  EGB        =    -3807.0489
 1-4 VDW =      581.4707  1-4 EEL =     6831.7022  RESTRAINT  =        0.0000
 ESURF   =       45.4350


   NSTEP       ENERGY          RMS            GMAX         NAME    NUMBER
     50      -5.3905E+03     1.8343E+00     2.7957E+01     CD       1565

 BOND    =       83.9177  ANGLE   =      350.6937  DIHED      =     1817.7486
 VDWAALS =    -1303.7048  EEL     =    -9828.0039  EGB        =    -3811.0288
 1-4 VDW =      510.8622  1-4 EEL =     6742.3233  RESTRAINT  =        0.0000
 ESURF   =       46.6714


   NSTEP       ENERGY          RMS            GMAX         NAME    NUMBER
     60      -5.4104E+03     1.2948E+00     1.8224E+01     C         575

 BOND    =       79.0124  ANGLE   =      344.9303  DIHED      =     1812.1354
 VDWAALS =    -1308.1934  EEL     =    -9830.3808  EGB        =    -3812.1402
 1-4 VDW =      515.2397  1-4 EEL =     6742.2842  RESTRAINT  =        0.0000
 ESURF   =       46.7071


   NSTEP       ENERGY          RMS            GMAX         NAME    NUMBER
     70      -5.4535E+03     1.3444E+00     1.9991E+01     CG       2236

 BOND    =       75.3971  ANGLE   =      333.9520  DIHED      =     1793.8658
 VDWAALS =    -1312.4424  EEL     =    -9846.4642  EGB        =    -3807.3629
 1-4 VDW =      525.3354  1-4 EEL =     6737.2715  RESTRAINT  =        0.0000
 ESURF   =       46.9591


   NSTEP       ENERGY          RMS            GMAX         NAME    NUMBER
     80      -5.4740E+03     7.4765E-01     5.1341E+00     HG1       555

 BOND    =       73.3889  ANGLE   =      330.8735  DIHED      =     1790.2545
 VDWAALS =    -1314.1852  EEL     =    -9846.7132  EGB        =    -3806.4680
 1-4 VDW =      524.2553  1-4 EEL =     6727.4641  RESTRAINT  =        0.0000
 ESURF   =       47.1427


   NSTEP       ENERGY          RMS            GMAX         NAME    NUMBER
     90      -5.4964E+03     1.1667E+00     3.1751E+01     CG       2236

 BOND    =       81.4934  ANGLE   =      333.1837  DIHED      =     1788.5944
 VDWAALS =    -1320.6230  EEL     =    -9833.7224  EGB        =    -3808.4691
 1-4 VDW =      505.6129  1-4 EEL =     6710.1229  RESTRAINT  =        0.0000
 ESURF   =       47.3786


   NSTEP       ENERGY          RMS            GMAX         NAME    NUMBER
    100      -5.5113E+03     7.2899E-01     6.4209E+00     SD        241

 BOND    =       86.3474  ANGLE   =      341.4093  DIHED      =     1787.7822
 VDWAALS =    -1325.7417  EEL     =    -9823.6151  EGB        =    -3809.6057
 1-4 VDW =      492.1542  1-4 EEL =     6692.3290  RESTRAINT  =        0.0000
 ESURF   =       47.6055


  Maximum number of minimization cycles reached.


                    FINAL RESULTS



   NSTEP       ENERGY          RMS            GMAX         NAME    NUMBER
    100      -5.5113E+03     7.2899E-01     6.4209E+00     SD        241

 BOND    =       86.3474  ANGLE   =      341.4093  DIHED      =     1787.7822
 VDWAALS =    -1325.7417  EEL     =    -9823.6151  EGB        =    -3809.6057
 1-4 VDW =      492.1542  1-4 EEL =     6692.3290  RESTRAINT  =        0.0000
 ESURF   =       47.6055
--------------------------------------------------------------------------------
   5.  TIMINGS
--------------------------------------------------------------------------------

|  NonSetup CPU Time in Major Routines:
|
|     Routine           Sec        %
|     ------------------------------
|     Nonbond          21.70   99.10
|     Bond              0.00    0.01
|     Angle             0.03    0.12
|     Dihedral          0.16    0.72
|     Shake             0.00    0.00
|     Other             0.01    0.05
|     ------------------------------
|     Total            21.90

|  Generalized Born CPU Time:
|
|     Routine                 Sec        %
|     ------------------------------------
|     Radii Calc              4.97   22.67
|     Diagonal Calc           9.15   41.76
|     Off Diagonal Calc       7.58   34.62
|     GBSA LCPO Calc          0.00    0.00
|     ---------------------------------
|     Total                  21.69   99.05

|  Setup CPU time:            0.03 seconds
|  NonSetup CPU time:        21.90 seconds
|  Total CPU time:           21.93 seconds     0.01 hours

|  Setup wall time:           0    seconds
|  NonSetup wall time:       22    seconds
|  Total wall time:          22    seconds     0.01 hours
