
          -------------------------------------------------------
          Amber 22 PMEMD                              2022
          -------------------------------------------------------

| PMEMD implementation of SANDER, Release 22

|  Compiled date/time: Thu Apr 14 23:36:37 2022
| Run on 01/09/2024 at 10:35:49

|   Executable path: pmemd
| Working directory: /home/arul/Reegina/MD_Sim/set2_group/1QTU_info
|          Hostname: Unknown
  [-O]verwriting output

File Assignments:
|   MDIN: eq2.in                                                                
|  MDOUT: eq2.out                                                               
| INPCRD: eq1.rst7                                                              
|   PARM: 1QTU.hmass.parm7                                                      
| RESTRT: eq2.rst7                                                              
|   REFC: eq1.rst7                                                              
|  MDVEL: mdvel                                                                 
|   MDEN: mden                                                                  
|  MDCRD: eq2.crd                                                               
| MDINFO: eq2.info                                                              
|  MDFRC: mdfrc                                                                 


 Here is the input file:

&cntrl                                                                         
   ntx = 5,                                                                    
   ntwx = 5000, ntwe = 0, ntwr = 500,                                          
   ntpr = 5000,                                                                
                                                                               
   ioutfm=0, ntxo=1,                                                           
                                                                               
   imin = 0, nstlim = 125000, dt = 0.002,                                      
                                                                               
   ntt = 3, gamma_ln=1., temp0 = 300.0,                                        
   nscm = 1000, ig = -1, irest = 1,                                            
                                                                               
   ntc= 2, ntf = 2, cut = 1000,                                                
                                                                               
   igb=8, gbsa=3, surften=0.007, ntb = 0,                                      
   saltcon=0.,                                                                 
                                                                               
   ntr=1, restraintmask="@CA,N,C,O",                                           
   restraint_wt=0.1,                                                           
 /                                                                             


Note: ig = -1. Setting random seed to   642933 based on wallclock time in 
      microseconds.
| irandom = 1, using AMBER's internal random number generator (default).
 
| Conditional Compilation Defines Used:
| PUBFFT
| BINTRAJ
| EMIL

| New format PARM file being parsed.
| Version =    1.000 Date = 12/30/23 Time = 23:54:18

| Note: 1-4 EEL scale factors are being read from the topology file.

| Note: 1-4 VDW scale factors are being read from the topology file.
| INFO:    Reading atomic numbers from topology file.
| Duplicated    0 dihedrals

| Duplicated    0 dihedrals

--------------------------------------------------------------------------------
   1.  RESOURCE   USE: 
--------------------------------------------------------------------------------

 NATOM  =    1862 NTYPES =      14 NBONH =     917 MBONA  =     971
 NTHETH =    2087 MTHETA =    1323 NPHIH =    4240 MPHIA  =    4148
 NHPARM =       0 NPARM  =       0 NNB   =   10289 NRES   =     115
 NBONA  =     971 NTHETA =    1323 NPHIA =    4148 NUMBND =      65
 NUMANG =     150 NPTRA  =     183 NATYP =      32 NPHB   =       0
 IFBOX  =       0 NMXRS  =      24 IFCAP =       0 NEXTRA =       0
 NCOPY  =       0

 Implicit solvent radii are ArgH and AspGluO modified Bondi2 radii (mbondi3)                                
 Replacing prmtop screening parameters with GBn2 (igb=8) values
--------------------------------------------------------------------------------
   2.  CONTROL  DATA  FOR  THE  RUN
--------------------------------------------------------------------------------

default_name                                                                    

General flags:
     imin    =       0, nmropt  =       0

Nature and format of input:
     ntx     =       5, irest   =       1, ntrx    =       1

Nature and format of output:
     ntxo    =       1, ntpr    =    5000, ntrx    =       1, ntwr    =     500
     iwrap   =       0, ntwx    =    5000, ntwv    =       0, ntwe    =       0
     ioutfm  =       0, ntwprt  =       0, idecomp =       0, rbornstat=      0

Potential function:
     ntf     =       2, ntb     =       0, igb     =       8, nsnb    =      25
     ipol    =       0, gbsa    =       3, iesp    =       0
     dielc   =   1.00000, cut     =1000.00000, intdiel =   1.00000
     saltcon =   0.00000, offset  =   0.19514, surften =   0.00700
     rdt     =   0.00000, rgbmax  =  25.00000  extdiel =  78.50000
     alpb  =        0
     gbalphaH  =   0.78844, gbbetaH   =   0.79870,  gbgammaH  =    0.43733
     gbalphaC  =   0.73376, gbbetaC   =   0.50638,  gbgammaC  =    0.20584
     gbalphaN  =   0.50336, gbbetaN   =   0.31683,  gbgammaN  =    0.19292
     gbalphaOS =   0.86781, gbbetaOS  =   0.87664,  gbgammaOS =    0.38788
     gbalphaP  =   1.00000, gbbetaP   =   0.80000,  gbgammaP  =    4.85000
     gb_alpha_hnu  =   0.53705, gb_beta_hnu   =   0.36286,  gb_gamma_hnu  =    0.11670
     gb_alpha_cnu  =   0.33167, gb_beta_cnu   =   0.19684,  gb_gamma_cnu  =    0.09342
     gb_alpha_nnu  =   0.68631, gb_beta_nnu   =   0.46319,  gb_gamma_nnu  =    0.13872
     gb_alpha_onu  =   0.60634, gb_beta_onu   =   0.46301,  gb_gamma_onu  =    0.14226
     gb_alpha_pnu  =   0.41836, gb_beta_pnu   =   0.29005,  gb_gamma_pnu  =    0.10642

Frozen or restrained atoms:
     ibelly  =       0, ntr     =       1
     restraint_wt =   0.10000

Molecular dynamics:
     nstlim  =    125000, nscm    =         0, nrespa  =         1
     t       =   0.00000, dt      =   0.00200, vlimit  =  20.00000

Langevin dynamics temperature regulation:
     ig      =  642933
     temp0   = 300.00000, tempi   =   0.00000, gamma_ln=   1.00000

SHAKE:
     ntc     =       2, jfastw  =       0
     tol     =   0.00001

| Intermolecular bonds treatment:
|     no_intermolecular_bonds =       1

| Energy averages sample interval:
|     ene_avg_sampling =    5000

    LOADING THE CONSTRAINED ATOMS AS GROUPS


   5.  REFERENCE ATOM COORDINATES

  default_name                                                                    
     Mask @CA,N,C,O; matches   460 atoms

--------------------------------------------------------------------------------
   3.  ATOMIC COORDINATES AND VELOCITIES
--------------------------------------------------------------------------------

default_name                                                                    
 begin time read from input coords =  1250.000 ps

 
 Number of triangulated 3-point waters found:        0
| Dynamic Memory, Types Used:
| Reals               64832
| Integers           223220

--------------------------------------------------------------------------------
   4.  RESULTS
--------------------------------------------------------------------------------


 NSTEP =     5000   TIME(PS) =    1260.000  TEMP(K) =   307.36  PRESS =     0.0
 Etot   =     -1912.8284  EKtot   =      1425.8778  EPtot      =     -3338.7062
 BOND   =       375.8203  ANGLE   =      1031.7397  DIHED      =      1502.8686
 1-4 NB =       381.2321  1-4 EEL =      3444.8856  VDWAALS    =      -854.9895
 EELEC  =     -7380.0514  EGB     =     -1907.5189  RESTRAINT  =        19.2217
 EAMBER (non-restraint)  =     -3357.9280
 ESURF=        48.0855
 ------------------------------------------------------------------------------


 NSTEP =    10000   TIME(PS) =    1270.000  TEMP(K) =   303.26  PRESS =     0.0
 Etot   =     -1996.3519  EKtot   =      1406.8338  EPtot      =     -3403.1857
 BOND   =       382.1512  ANGLE   =       987.2313  DIHED      =      1495.3400
 1-4 NB =       395.0529  1-4 EEL =      3420.8727  VDWAALS    =      -867.1941
 EELEC  =     -7475.5136  EGB     =     -1807.2161  RESTRAINT  =        19.8083
 EAMBER (non-restraint)  =     -3422.9940
 ESURF=        46.2817
 ------------------------------------------------------------------------------


 NSTEP =    15000   TIME(PS) =    1280.000  TEMP(K) =   313.15  PRESS =     0.0
 Etot   =     -1860.3759  EKtot   =      1452.7160  EPtot      =     -3313.0918
 BOND   =       387.8705  ANGLE   =       997.5946  DIHED      =      1531.0892
 1-4 NB =       392.8685  1-4 EEL =      3450.7131  VDWAALS    =      -839.1825
 EELEC  =     -7471.4016  EGB     =     -1830.0007  RESTRAINT  =        19.4181
 EAMBER (non-restraint)  =     -3332.5099
 ESURF=        47.9389
 ------------------------------------------------------------------------------


 NSTEP =    20000   TIME(PS) =    1290.000  TEMP(K) =   309.99  PRESS =     0.0
 Etot   =     -1879.5101  EKtot   =      1438.0619  EPtot      =     -3317.5720
 BOND   =       394.8232  ANGLE   =      1040.0597  DIHED      =      1492.3423
 1-4 NB =       371.2792  1-4 EEL =      3451.4252  VDWAALS    =      -838.9895
 EELEC  =     -7426.2158  EGB     =     -1874.0149  RESTRAINT  =        22.4833
 EAMBER (non-restraint)  =     -3340.0554
 ESURF=        49.2352
 ------------------------------------------------------------------------------


 NSTEP =    25000   TIME(PS) =    1300.000  TEMP(K) =   286.13  PRESS =     0.0
 Etot   =     -1978.2589  EKtot   =      1327.3858  EPtot      =     -3305.6447
 BOND   =       400.9117  ANGLE   =      1085.4255  DIHED      =      1492.6462
 1-4 NB =       378.5291  1-4 EEL =      3415.5625  VDWAALS    =      -853.6432
 EELEC  =     -7458.5641  EGB     =     -1837.2618  RESTRAINT  =        20.4545
 EAMBER (non-restraint)  =     -3326.0992
 ESURF=        50.2948
 ------------------------------------------------------------------------------


 NSTEP =    30000   TIME(PS) =    1310.000  TEMP(K) =   301.90  PRESS =     0.0
 Etot   =     -1871.4948  EKtot   =      1400.5305  EPtot      =     -3272.0253
 BOND   =       371.4942  ANGLE   =      1050.1058  DIHED      =      1508.8143
 1-4 NB =       398.9654  1-4 EEL =      3462.1551  VDWAALS    =      -850.3959
 EELEC  =     -7340.4505  EGB     =     -1944.8976  RESTRAINT  =        23.3845
 EAMBER (non-restraint)  =     -3295.4098
 ESURF=        48.7993
 ------------------------------------------------------------------------------


 NSTEP =    35000   TIME(PS) =    1320.000  TEMP(K) =   301.06  PRESS =     0.0
 Etot   =     -1923.7651  EKtot   =      1396.6486  EPtot      =     -3320.4136
 BOND   =       356.6304  ANGLE   =      1046.7779  DIHED      =      1508.8241
 1-4 NB =       389.2983  1-4 EEL =      3462.9199  VDWAALS    =      -841.4943
 EELEC  =     -7496.2593  EGB     =     -1816.9956  RESTRAINT  =        21.3029
 EAMBER (non-restraint)  =     -3341.7165
 ESURF=        48.5820
 ------------------------------------------------------------------------------


 NSTEP =    40000   TIME(PS) =    1330.000  TEMP(K) =   293.96  PRESS =     0.0
 Etot   =     -1959.3782  EKtot   =      1363.7198  EPtot      =     -3323.0981
 BOND   =       381.6084  ANGLE   =      1045.6946  DIHED      =      1508.0040
 1-4 NB =       382.1510  1-4 EEL =      3430.9205  VDWAALS    =      -842.4061
 EELEC  =     -7436.3078  EGB     =     -1860.4694  RESTRAINT  =        18.1325
 EAMBER (non-restraint)  =     -3341.2306
 ESURF=        49.5742
 ------------------------------------------------------------------------------


 NSTEP =    45000   TIME(PS) =    1340.000  TEMP(K) =   297.43  PRESS =     0.0
 Etot   =     -1966.6710  EKtot   =      1379.8244  EPtot      =     -3346.4955
 BOND   =       366.9037  ANGLE   =      1015.9389  DIHED      =      1492.9796
 1-4 NB =       386.5208  1-4 EEL =      3419.6029  VDWAALS    =      -822.1733
 EELEC  =     -7431.6051  EGB     =     -1847.6316  RESTRAINT  =        23.3055
 EAMBER (non-restraint)  =     -3369.8009
 ESURF=        49.6631
 ------------------------------------------------------------------------------


 NSTEP =    50000   TIME(PS) =    1350.000  TEMP(K) =   301.47  PRESS =     0.0
 Etot   =     -1967.5719  EKtot   =      1398.5548  EPtot      =     -3366.1267
 BOND   =       393.9313  ANGLE   =      1000.5287  DIHED      =      1496.9220
 1-4 NB =       382.2808  1-4 EEL =      3445.3112  VDWAALS    =      -841.7779
 EELEC  =     -7496.9253  EGB     =     -1817.7538  RESTRAINT  =        22.8219
 EAMBER (non-restraint)  =     -3388.9486
 ESURF=        48.5345
 ------------------------------------------------------------------------------


 NSTEP =    55000   TIME(PS) =    1360.000  TEMP(K) =   299.87  PRESS =     0.0
 Etot   =     -1985.0662  EKtot   =      1391.1303  EPtot      =     -3376.1965
 BOND   =       366.5719  ANGLE   =      1021.6516  DIHED      =      1505.2426
 1-4 NB =       389.7697  1-4 EEL =      3447.1782  VDWAALS    =      -852.0998
 EELEC  =     -7500.4035  EGB     =     -1817.4548  RESTRAINT  =        16.6354
 EAMBER (non-restraint)  =     -3392.8319
 ESURF=        46.7123
 ------------------------------------------------------------------------------


 NSTEP =    60000   TIME(PS) =    1370.000  TEMP(K) =   306.20  PRESS =     0.0
 Etot   =     -1893.4479  EKtot   =      1420.4882  EPtot      =     -3313.9361
 BOND   =       387.1129  ANGLE   =      1015.3760  DIHED      =      1545.1794
 1-4 NB =       376.4460  1-4 EEL =      3450.6514  VDWAALS    =      -847.8891
 EELEC  =     -7439.7880  EGB     =     -1873.9258  RESTRAINT  =        25.8291
 EAMBER (non-restraint)  =     -3339.7651
 ESURF=        47.0721
 ------------------------------------------------------------------------------


 NSTEP =    65000   TIME(PS) =    1380.000  TEMP(K) =   311.02  PRESS =     0.0
 Etot   =     -1865.9965  EKtot   =      1442.8713  EPtot      =     -3308.8678
 BOND   =       395.7198  ANGLE   =      1085.5121  DIHED      =      1466.7835
 1-4 NB =       396.4145  1-4 EEL =      3426.6344  VDWAALS    =      -838.0953
 EELEC  =     -7443.8249  EGB     =     -1869.0290  RESTRAINT  =        22.3287
 EAMBER (non-restraint)  =     -3331.1966
 ESURF=        48.6883
 ------------------------------------------------------------------------------


 NSTEP =    70000   TIME(PS) =    1390.000  TEMP(K) =   309.72  PRESS =     0.0
 Etot   =     -1861.0743  EKtot   =      1436.8183  EPtot      =     -3297.8926
 BOND   =       401.1765  ANGLE   =      1021.2073  DIHED      =      1497.1121
 1-4 NB =       394.9028  1-4 EEL =      3423.1905  VDWAALS    =      -832.3900
 EELEC  =     -7351.4737  EGB     =     -1924.7703  RESTRAINT  =        23.5998
 EAMBER (non-restraint)  =     -3321.4924
 ESURF=        49.5524
 ------------------------------------------------------------------------------


 NSTEP =    75000   TIME(PS) =    1400.000  TEMP(K) =   293.69  PRESS =     0.0
 Etot   =     -1988.2793  EKtot   =      1362.4483  EPtot      =     -3350.7275
 BOND   =       390.5963  ANGLE   =      1008.6362  DIHED      =      1510.7488
 1-4 NB =       391.4293  1-4 EEL =      3441.8912  VDWAALS    =      -855.6202
 EELEC  =     -7566.2344  EGB     =     -1746.5203  RESTRAINT  =        27.2692
 EAMBER (non-restraint)  =     -3377.9968
 ESURF=        47.0762
 ------------------------------------------------------------------------------


 NSTEP =    80000   TIME(PS) =    1410.000  TEMP(K) =   307.87  PRESS =     0.0
 Etot   =     -1892.6442  EKtot   =      1428.2584  EPtot      =     -3320.9026
 BOND   =       358.7584  ANGLE   =      1050.2375  DIHED      =      1490.0988
 1-4 NB =       389.6475  1-4 EEL =      3472.8019  VDWAALS    =      -842.1891
 EELEC  =     -7539.6192  EGB     =     -1774.5917  RESTRAINT  =        25.9226
 EAMBER (non-restraint)  =     -3346.8253
 ESURF=        48.0307
 ------------------------------------------------------------------------------


 NSTEP =    85000   TIME(PS) =    1420.000  TEMP(K) =   307.37  PRESS =     0.0
 Etot   =     -1947.7685  EKtot   =      1425.9106  EPtot      =     -3373.6791
 BOND   =       393.2004  ANGLE   =      1022.5191  DIHED      =      1496.1310
 1-4 NB =       393.7912  1-4 EEL =      3391.9734  VDWAALS    =      -860.5454
 EELEC  =     -7505.0108  EGB     =     -1774.7153  RESTRAINT  =        21.7385
 EAMBER (non-restraint)  =     -3395.4175
 ESURF=        47.2389
 ------------------------------------------------------------------------------


 NSTEP =    90000   TIME(PS) =    1430.000  TEMP(K) =   302.97  PRESS =     0.0
 Etot   =     -1932.6536  EKtot   =      1405.5212  EPtot      =     -3338.1748
 BOND   =       378.5709  ANGLE   =      1020.7280  DIHED      =      1528.3618
 1-4 NB =       375.6095  1-4 EEL =      3431.7466  VDWAALS    =      -835.4424
 EELEC  =     -7571.5798  EGB     =     -1739.4778  RESTRAINT  =        25.3023
 EAMBER (non-restraint)  =     -3363.4771
 ESURF=        48.0062
 ------------------------------------------------------------------------------


 NSTEP =    95000   TIME(PS) =    1440.000  TEMP(K) =   299.27  PRESS =     0.0
 Etot   =     -1878.9774  EKtot   =      1388.3359  EPtot      =     -3267.3133
 BOND   =       371.1533  ANGLE   =      1085.6137  DIHED      =      1534.8571
 1-4 NB =       385.0285  1-4 EEL =      3464.1311  VDWAALS    =      -845.1870
 EELEC  =     -7384.4171  EGB     =     -1948.8223  RESTRAINT  =        21.0927
 EAMBER (non-restraint)  =     -3288.4060
 ESURF=        49.2367
 ------------------------------------------------------------------------------


 NSTEP =   100000   TIME(PS) =    1450.000  TEMP(K) =   283.78  PRESS =     0.0
 Etot   =     -2007.6806  EKtot   =      1316.4901  EPtot      =     -3324.1706
 BOND   =       370.4636  ANGLE   =      1046.9180  DIHED      =      1495.8338
 1-4 NB =       388.9890  1-4 EEL =      3433.3538  VDWAALS    =      -830.5454
 EELEC  =     -7350.5263  EGB     =     -1959.8538  RESTRAINT  =        30.7446
 EAMBER (non-restraint)  =     -3354.9152
 ESURF=        50.4519
 ------------------------------------------------------------------------------


 NSTEP =   105000   TIME(PS) =    1460.000  TEMP(K) =   304.90  PRESS =     0.0
 Etot   =     -1886.3208  EKtot   =      1414.4411  EPtot      =     -3300.7619
 BOND   =       373.7465  ANGLE   =      1071.0305  DIHED      =      1488.7715
 1-4 NB =       391.9957  1-4 EEL =      3428.9369  VDWAALS    =      -839.1593
 EELEC  =     -7368.6414  EGB     =     -1929.6260  RESTRAINT  =        31.9012
 EAMBER (non-restraint)  =     -3332.6630
 ESURF=        50.2825
 ------------------------------------------------------------------------------


 NSTEP =   110000   TIME(PS) =    1470.000  TEMP(K) =   299.92  PRESS =     0.0
 Etot   =     -1900.4298  EKtot   =      1391.3712  EPtot      =     -3291.8009
 BOND   =       383.2345  ANGLE   =      1027.6155  DIHED      =      1503.6509
 1-4 NB =       394.5217  1-4 EEL =      3459.5695  VDWAALS    =      -844.2189
 EELEC  =     -7354.6077  EGB     =     -1937.9763  RESTRAINT  =        24.9075
 EAMBER (non-restraint)  =     -3316.7084
 ESURF=        51.5023
 ------------------------------------------------------------------------------


 NSTEP =   115000   TIME(PS) =    1480.000  TEMP(K) =   298.87  PRESS =     0.0
 Etot   =     -1940.0754  EKtot   =      1386.4926  EPtot      =     -3326.5680
 BOND   =       359.8521  ANGLE   =      1042.1098  DIHED      =      1470.8428
 1-4 NB =       388.4155  1-4 EEL =      3428.6896  VDWAALS    =      -841.0694
 EELEC  =     -7334.6407  EGB     =     -1919.2694  RESTRAINT  =        28.8325
 EAMBER (non-restraint)  =     -3355.4005
 ESURF=        49.6692
 ------------------------------------------------------------------------------


 NSTEP =   120000   TIME(PS) =    1490.000  TEMP(K) =   310.56  PRESS =     0.0
 Etot   =     -1933.7590  EKtot   =      1440.7134  EPtot      =     -3374.4724
 BOND   =       353.9937  ANGLE   =      1014.6418  DIHED      =      1512.2400
 1-4 NB =       391.2729  1-4 EEL =      3422.1840  VDWAALS    =      -835.3741
 EELEC  =     -7407.5434  EGB     =     -1899.0094  RESTRAINT  =        24.9436
 EAMBER (non-restraint)  =     -3399.4160
 ESURF=        48.1786
 ------------------------------------------------------------------------------


 NSTEP =   125000   TIME(PS) =    1500.000  TEMP(K) =   306.65  PRESS =     0.0
 Etot   =     -1920.8133  EKtot   =      1422.5793  EPtot      =     -3343.3926
 BOND   =       377.0635  ANGLE   =      1033.5845  DIHED      =      1483.2253
 1-4 NB =       389.6746  1-4 EEL =      3423.4284  VDWAALS    =      -838.9183
 EELEC  =     -7432.3503  EGB     =     -1850.8046  RESTRAINT  =        22.7271
 EAMBER (non-restraint)  =     -3366.1197
 ESURF=        48.9774
 ------------------------------------------------------------------------------


      A V E R A G E S   O V E R      25 S T E P S


 NSTEP =   125000   TIME(PS) =    1500.000  TEMP(K) =   302.33  PRESS =     0.0
 Etot   =     -1926.0477  EKtot   =      1402.5609  EPtot      =     -3328.6087
 BOND   =       378.9344  ANGLE   =      1034.7391  DIHED      =      1502.3564
 1-4 NB =       387.8435  1-4 EEL =      3438.0292  VDWAALS    =      -843.6396
 EELEC  =     -7438.5582  EGB     =     -1860.3843  RESTRAINT  =        23.3643
 EAMBER (non-restraint)  =     -3351.9730
 ESURF=        48.7066
 ------------------------------------------------------------------------------


      R M S  F L U C T U A T I O N S


 NSTEP =   125000   TIME(PS) =    1500.000  TEMP(K) =     7.23  PRESS =     0.0
 Etot   =        45.1947  EKtot   =        33.5470  EPtot      =        32.4334
 BOND   =        13.6752  ANGLE   =        26.3866  DIHED      =        18.0169
 1-4 NB =         6.9787  1-4 EEL =        18.5582  VDWAALS    =         9.7535
 EELEC  =        68.5022  EGB     =        63.1849  RESTRAINT  =         3.6601
 EAMBER (non-restraint)  =        28.7734
 ESURF=         1.2555
 ------------------------------------------------------------------------------

--------------------------------------------------------------------------------
   5.  TIMINGS
--------------------------------------------------------------------------------

|  NonSetup CPU Time in Major Routines:
|
|     Routine           Sec        %
|     ------------------------------
|     Nonbond       16571.41   98.61
|     Bond              1.60    0.01
|     Angle            26.74    0.16
|     Dihedral        156.20    0.93
|     Shake             7.02    0.04
|     RunMD            41.96    0.25
|     Other             0.07    0.00
|     ------------------------------
|     Total         16805.00

|  Generalized Born CPU Time:
|
|     Routine                 Sec        %
|     ------------------------------------
|     Radii Calc           3839.28   22.85
|     Diagonal Calc        7150.77   42.55
|     Off Diagonal Calc    5570.74   33.15
|     GBSA LCPO Calc          0.10    0.00
|     ---------------------------------
|     Total               16560.78   98.55

|  Final Performance Info:
|     -----------------------------------------------------
|     Average timings for last       1 steps:
|     Elapsed(s) =       0.00 Per Step(ms) =       0.11
|         ns/day =    1502.74   seconds/ns =      57.50
|
|     Average timings for all steps:
|     Elapsed(s) =  109553.01 Per Step(ms) =     876.42
|         ns/day =       0.20   seconds/ns =  438212.02
|     -----------------------------------------------------

|  Setup CPU time:            0.02 seconds
|  NonSetup CPU time:     16805.00 seconds
|  Total CPU time:        16805.03 seconds     4.67 hours

|  Setup wall time:           0    seconds
|  NonSetup wall time:   109553    seconds
|  Total wall time:      109553    seconds    30.43 hours
