
          -------------------------------------------------------
          Amber 22 PMEMD                              2022
          -------------------------------------------------------

| PMEMD implementation of SANDER, Release 22

|  Compiled date/time: Thu Apr 14 23:36:37 2022
| Run on 12/31/2023 at 21:14:57

|   Executable path: pmemd
| Working directory: /home/arul/Reegina/MD_Sim/set2_group/1QTU_info
|          Hostname: Unknown
  [-O]verwriting output

File Assignments:
|   MDIN: heat.in                                                               
|  MDOUT: heat.out                                                              
| INPCRD: min_1QTU.rst7                                                         
|   PARM: 1QTU.hmass.parm7                                                      
| RESTRT: heat.rst7                                                             
|   REFC: min_1QTU.rst7                                                         
|  MDVEL: mdvel                                                                 
|   MDEN: mden                                                                  
|  MDCRD: heat.crd                                                              
| MDINFO: heat.info                                                             
|  MDFRC: mdfrc                                                                 


 Here is the input file:

&cntrl                                                                         
   ntx = 1,                                                                    
   ntwx = 5000,                                                                
   ntwe = 0,                                                                   
   ntwr = 500,                                                                 
   ntpr = 5000,                                                                
   ioutfm=0,                                                                   
   ntxo=1,                                                                     
   imin = 0,                                                                   
   nstlim = 500000,                                                            
   dt = 0.002,                                                                 
   ntt = 3,                                                                    
   gamma_ln=1.,                                                                
   temp0 = 100.0,                                                              
   nscm = 1000,                                                                
   ig = -1,                                                                    
   ntc= 2,                                                                     
   ntf = 2,                                                                    
   cut = 1000,                                                                 
   igb=8,                                                                      
   gbsa=3,                                                                     
   surften=0.007,                                                              
   ntb = 0,                                                                    
   saltcon=0.,                                                                 
   ntr=1,                                                                      
   restraintmask="@CA,N,C,O",                                                  
   restraint_wt=10.0,                                                          
   nmropt=1,                                                                   
 &end                                                                          
 &wt                                                                           
   TYPE="TEMP0", istep1=0, istep2=500000,                                      
   value1=100., value2=300.,                                                   
 &end                                                                          
 &wt                                                                           
   TYPE="END",                                                                 
 &end                                                                          


Note: ig = -1. Setting random seed to   229196 based on wallclock time in 
      microseconds.
| irandom = 1, using AMBER's internal random number generator (default).
 
| Conditional Compilation Defines Used:
| PUBFFT
| BINTRAJ
| EMIL

| New format PARM file being parsed.
| Version =    1.000 Date = 12/30/23 Time = 23:54:18

| Note: 1-4 EEL scale factors are being read from the topology file.

| Note: 1-4 VDW scale factors are being read from the topology file.
| INFO:    Reading atomic numbers from topology file.
| Duplicated    0 dihedrals

| Duplicated    0 dihedrals

--------------------------------------------------------------------------------
   1.  RESOURCE   USE: 
--------------------------------------------------------------------------------

 NATOM  =    1862 NTYPES =      14 NBONH =     917 MBONA  =     971
 NTHETH =    2087 MTHETA =    1323 NPHIH =    4240 MPHIA  =    4148
 NHPARM =       0 NPARM  =       0 NNB   =   10289 NRES   =     115
 NBONA  =     971 NTHETA =    1323 NPHIA =    4148 NUMBND =      65
 NUMANG =     150 NPTRA  =     183 NATYP =      32 NPHB   =       0
 IFBOX  =       0 NMXRS  =      24 IFCAP =       0 NEXTRA =       0
 NCOPY  =       0

 Implicit solvent radii are ArgH and AspGluO modified Bondi2 radii (mbondi3)                                
 Replacing prmtop screening parameters with GBn2 (igb=8) values
--------------------------------------------------------------------------------
   2.  CONTROL  DATA  FOR  THE  RUN
--------------------------------------------------------------------------------

default_name                                                                    

General flags:
     imin    =       0, nmropt  =       1

Nature and format of input:
     ntx     =       1, irest   =       0, ntrx    =       1

Nature and format of output:
     ntxo    =       1, ntpr    =    5000, ntrx    =       1, ntwr    =     500
     iwrap   =       0, ntwx    =    5000, ntwv    =       0, ntwe    =       0
     ioutfm  =       0, ntwprt  =       0, idecomp =       0, rbornstat=      0

Potential function:
     ntf     =       2, ntb     =       0, igb     =       8, nsnb    =      25
     ipol    =       0, gbsa    =       3, iesp    =       0
     dielc   =   1.00000, cut     =1000.00000, intdiel =   1.00000
     saltcon =   0.00000, offset  =   0.19514, surften =   0.00700
     rdt     =   0.00000, rgbmax  =  25.00000  extdiel =  78.50000
     alpb  =        0
     gbalphaH  =   0.78844, gbbetaH   =   0.79870,  gbgammaH  =    0.43733
     gbalphaC  =   0.73376, gbbetaC   =   0.50638,  gbgammaC  =    0.20584
     gbalphaN  =   0.50336, gbbetaN   =   0.31683,  gbgammaN  =    0.19292
     gbalphaOS =   0.86781, gbbetaOS  =   0.87664,  gbgammaOS =    0.38788
     gbalphaP  =   1.00000, gbbetaP   =   0.80000,  gbgammaP  =    4.85000
     gb_alpha_hnu  =   0.53705, gb_beta_hnu   =   0.36286,  gb_gamma_hnu  =    0.11670
     gb_alpha_cnu  =   0.33167, gb_beta_cnu   =   0.19684,  gb_gamma_cnu  =    0.09342
     gb_alpha_nnu  =   0.68631, gb_beta_nnu   =   0.46319,  gb_gamma_nnu  =    0.13872
     gb_alpha_onu  =   0.60634, gb_beta_onu   =   0.46301,  gb_gamma_onu  =    0.14226
     gb_alpha_pnu  =   0.41836, gb_beta_pnu   =   0.29005,  gb_gamma_pnu  =    0.10642

Frozen or restrained atoms:
     ibelly  =       0, ntr     =       1
     restraint_wt =  10.00000

Molecular dynamics:
     nstlim  =    500000, nscm    =         0, nrespa  =         1
     t       =   0.00000, dt      =   0.00200, vlimit  =  20.00000

Langevin dynamics temperature regulation:
     ig      =  229196
     temp0   = 100.00000, tempi   =   0.00000, gamma_ln=   1.00000

SHAKE:
     ntc     =       2, jfastw  =       0
     tol     =   0.00001

NMR refinement options:
     iscale  =       0, noeskp  =       1, ipnlty  =       1, mxsub   =       1
     scalm   = 100.00000, pencut  =   0.10000, tausw   =   0.10000

| Intermolecular bonds treatment:
|     no_intermolecular_bonds =       1

| Energy averages sample interval:
|     ene_avg_sampling =    5000

    LOADING THE CONSTRAINED ATOMS AS GROUPS


   5.  REFERENCE ATOM COORDINATES

  default_name                                                                    
     Mask @CA,N,C,O; matches   460 atoms

--------------------------------------------------------------------------------
   3.  ATOMIC COORDINATES AND VELOCITIES
--------------------------------------------------------------------------------

default_name                                                                    
 begin time read from input coords =     0.000 ps



           Begin reading energy term weight changes/NMR restraints
 WEIGHT CHANGES:
 TEMP0         0 500000  100.000000  300.000000      0      0

 RESTRAINTS:
                          ** No restraint defined **

                  Done reading weight changes/NMR restraints


 
 Number of triangulated 3-point waters found:        0
| Dynamic Memory, Types Used:
| Reals               64854
| Integers           223278

--------------------------------------------------------------------------------
   4.  RESULTS
--------------------------------------------------------------------------------


 NSTEP =        0   TIME(PS) =       0.000  TEMP(K) =     0.00  PRESS =     0.0
 Etot   =     -4624.4451  EKtot   =         0.0000  EPtot      =     -4624.4451
 BOND   =        62.9951  ANGLE   =       331.4896  DIHED      =      1416.8082
 1-4 NB =       361.0668  1-4 EEL =      3579.5075  VDWAALS    =      -957.7132
 EELEC  =     -7868.4352  EGB     =     -1576.3838  RESTRAINT  =         0.0000
 ESURF=        26.2199
 ------------------------------------------------------------------------------

 NMR restraints: Bond =    0.000   Angle =     0.000   Torsion =     0.000
===============================================================================

 NSTEP =     5000   TIME(PS) =      10.000  TEMP(K) =   101.44  PRESS =     0.0
 Etot   =     -3726.0008  EKtot   =       470.5959  EPtot      =     -4196.5967
 BOND   =       173.2101  ANGLE   =       562.4042  DIHED      =      1444.5650
 1-4 NB =       371.6296  1-4 EEL =      3546.7089  VDWAALS    =      -924.4629
 EELEC  =     -7783.4438  EGB     =     -1655.8520  RESTRAINT  =        37.2661
 EAMBER (non-restraint)  =     -4233.8628
 ESURF=        31.3781
 ------------------------------------------------------------------------------

 NMR restraints: Bond =    0.000   Angle =     0.000   Torsion =     0.000
===============================================================================

 NSTEP =    10000   TIME(PS) =      20.000  TEMP(K) =   106.13  PRESS =     0.0
 Etot   =     -3691.1250  EKtot   =       492.3607  EPtot      =     -4183.4857
 BOND   =       172.1268  ANGLE   =       571.0873  DIHED      =      1441.9098
 1-4 NB =       367.4663  1-4 EEL =      3555.8634  VDWAALS    =      -928.4075
 EELEC  =     -7762.1013  EGB     =     -1675.2614  RESTRAINT  =        42.3784
 EAMBER (non-restraint)  =     -4225.8640
 ESURF=        31.4526
 ------------------------------------------------------------------------------

 NMR restraints: Bond =    0.000   Angle =     0.000   Torsion =     0.000
===============================================================================

 NSTEP =    15000   TIME(PS) =      30.000  TEMP(K) =   106.20  PRESS =     0.0
 Etot   =     -3688.4070  EKtot   =       492.6712  EPtot      =     -4181.0783
 BOND   =       172.6942  ANGLE   =       571.3385  DIHED      =      1428.2168
 1-4 NB =       368.8258  1-4 EEL =      3558.6915  VDWAALS    =      -921.4205
 EELEC  =     -7734.7242  EGB     =     -1699.1081  RESTRAINT  =        42.4932
 EAMBER (non-restraint)  =     -4223.5715
 ESURF=        31.9143
 ------------------------------------------------------------------------------

 NMR restraints: Bond =    0.000   Angle =     0.000   Torsion =     0.000
===============================================================================

 NSTEP =    20000   TIME(PS) =      40.000  TEMP(K) =   105.60  PRESS =     0.0
 Etot   =     -3681.2013  EKtot   =       489.8931  EPtot      =     -4171.0944
 BOND   =       170.1639  ANGLE   =       579.8188  DIHED      =      1449.0441
 1-4 NB =       371.0779  1-4 EEL =      3542.7039  VDWAALS    =      -930.2439
 EELEC  =     -7742.4012  EGB     =     -1686.2432  RESTRAINT  =        42.7814
 EAMBER (non-restraint)  =     -4213.8757
 ESURF=        32.2039
 ------------------------------------------------------------------------------

 NMR restraints: Bond =    0.000   Angle =     0.000   Torsion =     0.000
===============================================================================

 NSTEP =    25000   TIME(PS) =      50.000  TEMP(K) =   109.53  PRESS =     0.0
 Etot   =     -3648.0499  EKtot   =       508.1028  EPtot      =     -4156.1527
 BOND   =       167.2653  ANGLE   =       587.4072  DIHED      =      1442.3698
 1-4 NB =       375.1184  1-4 EEL =      3565.9355  VDWAALS    =      -932.6243
 EELEC  =     -7757.0572  EGB     =     -1680.8570  RESTRAINT  =        45.0471
 EAMBER (non-restraint)  =     -4201.1997
 ESURF=        31.2425
 ------------------------------------------------------------------------------

 NMR restraints: Bond =    0.000   Angle =     0.000   Torsion =     0.000
===============================================================================

 NSTEP =    30000   TIME(PS) =      60.000  TEMP(K) =   115.47  PRESS =     0.0
 Etot   =     -3598.2863  EKtot   =       535.6739  EPtot      =     -4133.9602
 BOND   =       181.0326  ANGLE   =       583.2288  DIHED      =      1462.4684
 1-4 NB =       376.1085  1-4 EEL =      3543.3642  VDWAALS    =      -924.4058
 EELEC  =     -7783.7659  EGB     =     -1646.9269  RESTRAINT  =        42.9051
 EAMBER (non-restraint)  =     -4176.8652
 ESURF=        32.0308
 ------------------------------------------------------------------------------

 NMR restraints: Bond =    0.000   Angle =     0.000   Torsion =     0.000
===============================================================================

 NSTEP =    35000   TIME(PS) =      70.000  TEMP(K) =   113.44  PRESS =     0.0
 Etot   =     -3618.8222  EKtot   =       526.2597  EPtot      =     -4145.0819
 BOND   =       173.7440  ANGLE   =       588.6986  DIHED      =      1452.8755
 1-4 NB =       374.5354  1-4 EEL =      3552.3425  VDWAALS    =      -924.9556
 EELEC  =     -7796.0033  EGB     =     -1639.8820  RESTRAINT  =        42.3305
 EAMBER (non-restraint)  =     -4187.4123
 ESURF=        31.2326
 ------------------------------------------------------------------------------

 NMR restraints: Bond =    0.000   Angle =     0.000   Torsion =     0.000
===============================================================================

 NSTEP =    40000   TIME(PS) =      80.000  TEMP(K) =   113.31  PRESS =     0.0
 Etot   =     -3591.1494  EKtot   =       525.6407  EPtot      =     -4116.7901
 BOND   =       187.6951  ANGLE   =       588.2465  DIHED      =      1446.4825
 1-4 NB =       365.5022  1-4 EEL =      3551.3636  VDWAALS    =      -922.6959
 EELEC  =     -7738.3368  EGB     =     -1677.5047  RESTRAINT  =        50.3794
 EAMBER (non-restraint)  =     -4167.1695
 ESURF=        32.0779
 ------------------------------------------------------------------------------

 NMR restraints: Bond =    0.000   Angle =     0.000   Torsion =     0.000
===============================================================================

 NSTEP =    45000   TIME(PS) =      90.000  TEMP(K) =   115.80  PRESS =     0.0
 Etot   =     -3569.2628  EKtot   =       537.1945  EPtot      =     -4106.4573
 BOND   =       184.1337  ANGLE   =       600.9500  DIHED      =      1459.3491
 1-4 NB =       380.1278  1-4 EEL =      3544.5610  VDWAALS    =      -918.1719
 EELEC  =     -7766.2166  EGB     =     -1667.2764  RESTRAINT  =        44.9873
 EAMBER (non-restraint)  =     -4151.4446
 ESURF=        31.0988
 ------------------------------------------------------------------------------

 NMR restraints: Bond =    0.000   Angle =     0.000   Torsion =     0.000
===============================================================================

 NSTEP =    50000   TIME(PS) =     100.000  TEMP(K) =   120.29  PRESS =     0.0
 Etot   =     -3563.4744  EKtot   =       558.0379  EPtot      =     -4121.5123
 BOND   =       189.9430  ANGLE   =       593.8575  DIHED      =      1446.2527
 1-4 NB =       373.0821  1-4 EEL =      3556.3959  VDWAALS    =      -931.3500
 EELEC  =     -7744.0161  EGB     =     -1683.2574  RESTRAINT  =        46.0800
 EAMBER (non-restraint)  =     -4167.5923
 ESURF=        31.5001
 ------------------------------------------------------------------------------

 NMR restraints: Bond =    0.000   Angle =     0.000   Torsion =     0.000
===============================================================================

 NSTEP =    55000   TIME(PS) =     110.000  TEMP(K) =   120.44  PRESS =     0.0
 Etot   =     -3553.5515  EKtot   =       558.7325  EPtot      =     -4112.2840
 BOND   =       187.0596  ANGLE   =       595.6290  DIHED      =      1460.5427
 1-4 NB =       373.9302  1-4 EEL =      3551.7079  VDWAALS    =      -916.7141
 EELEC  =     -7789.1241  EGB     =     -1644.7154  RESTRAINT  =        38.9375
 EAMBER (non-restraint)  =     -4151.2215
 ESURF=        30.4626
 ------------------------------------------------------------------------------

 NMR restraints: Bond =    0.000   Angle =     0.000   Torsion =     0.000
===============================================================================

 NSTEP =    60000   TIME(PS) =     120.000  TEMP(K) =   121.83  PRESS =     0.0
 Etot   =     -3506.5930  EKtot   =       565.1841  EPtot      =     -4071.7772
 BOND   =       196.2652  ANGLE   =       633.8759  DIHED      =      1462.6795
 1-4 NB =       373.5904  1-4 EEL =      3512.7585  VDWAALS    =      -925.6857
 EELEC  =     -7738.1787  EGB     =     -1662.1734  RESTRAINT  =        43.8687
 EAMBER (non-restraint)  =     -4115.6458
 ESURF=        31.2225
 ------------------------------------------------------------------------------

 NMR restraints: Bond =    0.000   Angle =     0.000   Torsion =     0.000
===============================================================================

 NSTEP =    65000   TIME(PS) =     130.000  TEMP(K) =   124.96  PRESS =     0.0
 Etot   =     -3503.8161  EKtot   =       579.7238  EPtot      =     -4083.5399
 BOND   =       187.7268  ANGLE   =       619.3123  DIHED      =      1466.0426
 1-4 NB =       369.2314  1-4 EEL =      3538.6317  VDWAALS    =      -922.4311
 EELEC  =     -7762.4822  EGB     =     -1656.5906  RESTRAINT  =        45.9633
 EAMBER (non-restraint)  =     -4129.5032
 ESURF=        31.0559
 ------------------------------------------------------------------------------

 NMR restraints: Bond =    0.000   Angle =     0.000   Torsion =     0.000
===============================================================================

 NSTEP =    70000   TIME(PS) =     140.000  TEMP(K) =   123.66  PRESS =     0.0
 Etot   =     -3490.9529  EKtot   =       573.6486  EPtot      =     -4064.6015
 BOND   =       188.9379  ANGLE   =       629.1102  DIHED      =      1457.0984
 1-4 NB =       375.7593  1-4 EEL =      3557.3858  VDWAALS    =      -914.8636
 EELEC  =     -7753.7097  EGB     =     -1686.1432  RESTRAINT  =        50.4796
 EAMBER (non-restraint)  =     -4115.0811
 ESURF=        31.3438
 ------------------------------------------------------------------------------

 NMR restraints: Bond =    0.000   Angle =     0.000   Torsion =     0.000
===============================================================================

 NSTEP =    75000   TIME(PS) =     150.000  TEMP(K) =   124.95  PRESS =     0.0
 Etot   =     -3466.0925  EKtot   =       579.6567  EPtot      =     -4045.7491
 BOND   =       204.5163  ANGLE   =       636.7144  DIHED      =      1449.4547
 1-4 NB =       376.9435  1-4 EEL =      3533.5503  VDWAALS    =      -939.3732
 EELEC  =     -7707.1088  EGB     =     -1680.1059  RESTRAINT  =        48.3575
 EAMBER (non-restraint)  =     -4094.1066
 ESURF=        31.3021
 ------------------------------------------------------------------------------

 NMR restraints: Bond =    0.000   Angle =     0.000   Torsion =     0.000
===============================================================================

 NSTEP =    80000   TIME(PS) =     160.000  TEMP(K) =   134.47  PRESS =     0.0
 Etot   =     -3442.3216  EKtot   =       623.8080  EPtot      =     -4066.1296
 BOND   =       210.9464  ANGLE   =       624.6364  DIHED      =      1455.4444
 1-4 NB =       370.8508  1-4 EEL =      3539.3965  VDWAALS    =      -913.5794
 EELEC  =     -7807.0751  EGB     =     -1625.2107  RESTRAINT  =        47.3132
 EAMBER (non-restraint)  =     -4113.4428
 ESURF=        31.1479
 ------------------------------------------------------------------------------

 NMR restraints: Bond =    0.000   Angle =     0.000   Torsion =     0.000
===============================================================================

 NSTEP =    85000   TIME(PS) =     170.000  TEMP(K) =   134.90  PRESS =     0.0
 Etot   =     -3415.3799  EKtot   =       625.7931  EPtot      =     -4041.1730
 BOND   =       206.9281  ANGLE   =       626.6398  DIHED      =      1457.1115
 1-4 NB =       381.7928  1-4 EEL =      3573.7787  VDWAALS    =      -925.7948
 EELEC  =     -7761.5340  EGB     =     -1682.0329  RESTRAINT  =        50.4905
 EAMBER (non-restraint)  =     -4091.6635
 ESURF=        31.4473
 ------------------------------------------------------------------------------

 NMR restraints: Bond =    0.000   Angle =     0.000   Torsion =     0.000
===============================================================================

 NSTEP =    90000   TIME(PS) =     180.000  TEMP(K) =   137.52  PRESS =     0.0
 Etot   =     -3391.6910  EKtot   =       637.9493  EPtot      =     -4029.6404
 BOND   =       200.3648  ANGLE   =       648.9024  DIHED      =      1464.6719
 1-4 NB =       368.3307  1-4 EEL =      3546.7502  VDWAALS    =      -919.1535
 EELEC  =     -7736.2561  EGB     =     -1690.3325  RESTRAINT  =        54.2395
 EAMBER (non-restraint)  =     -4083.8799
 ESURF=        32.8423
 ------------------------------------------------------------------------------

 NMR restraints: Bond =    0.000   Angle =     0.000   Torsion =     0.000
===============================================================================

 NSTEP =    95000   TIME(PS) =     190.000  TEMP(K) =   137.62  PRESS =     0.0
 Etot   =     -3382.3031  EKtot   =       638.4307  EPtot      =     -4020.7338
 BOND   =       196.3092  ANGLE   =       642.8282  DIHED      =      1463.3158
 1-4 NB =       380.7658  1-4 EEL =      3565.2067  VDWAALS    =      -930.7948
 EELEC  =     -7746.0884  EGB     =     -1676.8195  RESTRAINT  =        54.0237
 EAMBER (non-restraint)  =     -4074.7574
 ESURF=        30.5195
 ------------------------------------------------------------------------------

 NMR restraints: Bond =    0.000   Angle =     0.000   Torsion =     0.000
===============================================================================

 NSTEP =   100000   TIME(PS) =     200.000  TEMP(K) =   134.12  PRESS =     0.0
 Etot   =     -3390.2829  EKtot   =       622.1791  EPtot      =     -4012.4620
 BOND   =       200.7869  ANGLE   =       655.9042  DIHED      =      1460.4277
 1-4 NB =       377.0305  1-4 EEL =      3587.2143  VDWAALS    =      -927.7629
 EELEC  =     -7751.9944  EGB     =     -1702.3545  RESTRAINT  =        56.4639
 EAMBER (non-restraint)  =     -4068.9259
 ESURF=        31.8223
 ------------------------------------------------------------------------------

 NMR restraints: Bond =    0.000   Angle =     0.000   Torsion =     0.000
===============================================================================

 NSTEP =   105000   TIME(PS) =     210.000  TEMP(K) =   142.14  PRESS =     0.0
 Etot   =     -3354.6052  EKtot   =       659.3985  EPtot      =     -4014.0037
 BOND   =       200.4655  ANGLE   =       647.5539  DIHED      =      1455.0334
 1-4 NB =       372.5901  1-4 EEL =      3568.7916  VDWAALS    =      -914.4866
 EELEC  =     -7711.4259  EGB     =     -1715.6507  RESTRAINT  =        51.6348
 EAMBER (non-restraint)  =     -4065.6385
 ESURF=        31.4901
 ------------------------------------------------------------------------------

 NMR restraints: Bond =    0.000   Angle =     0.000   Torsion =     0.000
===============================================================================

 NSTEP =   110000   TIME(PS) =     220.000  TEMP(K) =   142.03  PRESS =     0.0
 Etot   =     -3346.1609  EKtot   =       658.8999  EPtot      =     -4005.0609
 BOND   =       214.7290  ANGLE   =       659.6471  DIHED      =      1464.3717
 1-4 NB =       377.8292  1-4 EEL =      3548.4259  VDWAALS    =      -924.4342
 EELEC  =     -7724.6019  EGB     =     -1703.0981  RESTRAINT  =        50.2984
 EAMBER (non-restraint)  =     -4055.3592
 ESURF=        31.7721
 ------------------------------------------------------------------------------

 NMR restraints: Bond =    0.000   Angle =     0.000   Torsion =     0.000
===============================================================================

 NSTEP =   115000   TIME(PS) =     230.000  TEMP(K) =   145.12  PRESS =     0.0
 Etot   =     -3306.6366  EKtot   =       673.2350  EPtot      =     -3979.8717
 BOND   =       227.7304  ANGLE   =       666.9544  DIHED      =      1474.1936
 1-4 NB =       372.4327  1-4 EEL =      3554.7235  VDWAALS    =      -921.3837
 EELEC  =     -7767.3164  EGB     =     -1669.9870  RESTRAINT  =        51.3860
 EAMBER (non-restraint)  =     -4031.2576
 ESURF=        31.3948
 ------------------------------------------------------------------------------

 NMR restraints: Bond =    0.000   Angle =     0.000   Torsion =     0.000
===============================================================================

 NSTEP =   120000   TIME(PS) =     240.000  TEMP(K) =   153.42  PRESS =     0.0
 Etot   =     -3275.7165  EKtot   =       711.7116  EPtot      =     -3987.4280
 BOND   =       210.6706  ANGLE   =       664.3104  DIHED      =      1461.5042
 1-4 NB =       380.7486  1-4 EEL =      3558.6126  VDWAALS    =      -908.6884
 EELEC  =     -7788.3890  EGB     =     -1654.9958  RESTRAINT  =        58.1272
 EAMBER (non-restraint)  =     -4045.5552
 ESURF=        30.6717
 ------------------------------------------------------------------------------

 NMR restraints: Bond =    0.000   Angle =     0.000   Torsion =     0.000
===============================================================================

 NSTEP =   125000   TIME(PS) =     250.000  TEMP(K) =   147.13  PRESS =     0.0
 Etot   =     -3285.4440  EKtot   =       682.5401  EPtot      =     -3967.9841
 BOND   =       223.4019  ANGLE   =       679.8293  DIHED      =      1464.3305
 1-4 NB =       371.0390  1-4 EEL =      3547.9535  VDWAALS    =      -927.4072
 EELEC  =     -7708.5216  EGB     =     -1710.1496  RESTRAINT  =        59.8439
 EAMBER (non-restraint)  =     -4027.8280
 ESURF=        31.6962
 ------------------------------------------------------------------------------

 NMR restraints: Bond =    0.000   Angle =     0.000   Torsion =     0.000
===============================================================================

 NSTEP =   130000   TIME(PS) =     260.000  TEMP(K) =   151.54  PRESS =     0.0
 Etot   =     -3249.9984  EKtot   =       703.0288  EPtot      =     -3953.0272
 BOND   =       213.2166  ANGLE   =       686.5673  DIHED      =      1470.8175
 1-4 NB =       378.4270  1-4 EEL =      3554.1882  VDWAALS    =      -909.6252
 EELEC  =     -7717.1567  EGB     =     -1718.8322  RESTRAINT  =        56.7989
 EAMBER (non-restraint)  =     -4009.8261
 ESURF=        32.5714
 ------------------------------------------------------------------------------

 NMR restraints: Bond =    0.000   Angle =     0.000   Torsion =     0.000
===============================================================================

 NSTEP =   135000   TIME(PS) =     270.000  TEMP(K) =   159.96  PRESS =     0.0
 Etot   =     -3202.3564  EKtot   =       742.0664  EPtot      =     -3944.4229
 BOND   =       218.2533  ANGLE   =       657.3745  DIHED      =      1477.7207
 1-4 NB =       385.1620  1-4 EEL =      3568.5462  VDWAALS    =      -925.8850
 EELEC  =     -7693.5450  EGB     =     -1721.3136  RESTRAINT  =        57.3374
 EAMBER (non-restraint)  =     -4001.7602
 ESURF=        31.9265
 ------------------------------------------------------------------------------

 NMR restraints: Bond =    0.000   Angle =     0.000   Torsion =     0.000
===============================================================================

 NSTEP =   140000   TIME(PS) =     280.000  TEMP(K) =   152.60  PRESS =     0.0
 Etot   =     -3226.8615  EKtot   =       707.9316  EPtot      =     -3934.7931
 BOND   =       219.3541  ANGLE   =       702.2296  DIHED      =      1459.0117
 1-4 NB =       382.5279  1-4 EEL =      3541.6447  VDWAALS    =      -904.7685
 EELEC  =     -7726.7693  EGB     =     -1693.9499  RESTRAINT  =        54.7537
 EAMBER (non-restraint)  =     -3989.5468
 ESURF=        31.1729
 ------------------------------------------------------------------------------

 NMR restraints: Bond =    0.000   Angle =     0.000   Torsion =     0.000
===============================================================================

 NSTEP =   145000   TIME(PS) =     290.000  TEMP(K) =   162.20  PRESS =     0.0
 Etot   =     -3200.4659  EKtot   =       752.4530  EPtot      =     -3952.9190
 BOND   =       228.5481  ANGLE   =       676.6212  DIHED      =      1454.0700
 1-4 NB =       379.6419  1-4 EEL =      3548.6483  VDWAALS    =      -915.2812
 EELEC  =     -7709.7206  EGB     =     -1704.9186  RESTRAINT  =        58.2166
 EAMBER (non-restraint)  =     -4011.1355
 ESURF=        31.2554
 ------------------------------------------------------------------------------

 NMR restraints: Bond =    0.000   Angle =     0.000   Torsion =     0.000
===============================================================================

 NSTEP =   150000   TIME(PS) =     300.000  TEMP(K) =   159.74  PRESS =     0.0
 Etot   =     -3189.2076  EKtot   =       741.0336  EPtot      =     -3930.2412
 BOND   =       209.5841  ANGLE   =       706.0368  DIHED      =      1472.0159
 1-4 NB =       381.8574  1-4 EEL =      3549.4212  VDWAALS    =      -909.7493
 EELEC  =     -7716.7650  EGB     =     -1706.0878  RESTRAINT  =        51.5714
 EAMBER (non-restraint)  =     -3981.8126
 ESURF=        31.8741
 ------------------------------------------------------------------------------

 NMR restraints: Bond =    0.000   Angle =     0.000   Torsion =     0.000
===============================================================================

 NSTEP =   155000   TIME(PS) =     310.000  TEMP(K) =   158.77  PRESS =     0.0
 Etot   =     -3170.6429  EKtot   =       736.5392  EPtot      =     -3907.1820
 BOND   =       224.3523  ANGLE   =       705.2892  DIHED      =      1469.4498
 1-4 NB =       385.0602  1-4 EEL =      3555.0549  VDWAALS    =      -915.1156
 EELEC  =     -7713.7517  EGB     =     -1706.0770  RESTRAINT  =        56.0563
 EAMBER (non-restraint)  =     -3963.2384
 ESURF=        32.4995
 ------------------------------------------------------------------------------

 NMR restraints: Bond =    0.000   Angle =     0.000   Torsion =     0.000
===============================================================================

 NSTEP =   160000   TIME(PS) =     320.000  TEMP(K) =   162.27  PRESS =     0.0
 Etot   =     -3134.9795  EKtot   =       752.7801  EPtot      =     -3887.7596
 BOND   =       232.4067  ANGLE   =       706.5585  DIHED      =      1481.4716
 1-4 NB =       394.2163  1-4 EEL =      3548.7017  VDWAALS    =      -927.2277
 EELEC  =     -7744.4741  EGB     =     -1671.1772  RESTRAINT  =        60.3100
 EAMBER (non-restraint)  =     -3948.0696
 ESURF=        31.4547
 ------------------------------------------------------------------------------

 NMR restraints: Bond =    0.000   Angle =     0.000   Torsion =     0.000
===============================================================================

 NSTEP =   165000   TIME(PS) =     330.000  TEMP(K) =   167.17  PRESS =     0.0
 Etot   =     -3113.2105  EKtot   =       775.5109  EPtot      =     -3888.7214
 BOND   =       215.8656  ANGLE   =       728.2075  DIHED      =      1473.0678
 1-4 NB =       385.8681  1-4 EEL =      3547.0511  VDWAALS    =      -938.3642
 EELEC  =     -7680.2824  EGB     =     -1717.3983  RESTRAINT  =        65.2772
 EAMBER (non-restraint)  =     -3953.9986
 ESURF=        31.9864
 ------------------------------------------------------------------------------

 NMR restraints: Bond =    0.000   Angle =     0.000   Torsion =     0.000
===============================================================================

 NSTEP =   170000   TIME(PS) =     340.000  TEMP(K) =   163.54  PRESS =     0.0
 Etot   =     -3115.1886  EKtot   =       758.6688  EPtot      =     -3873.8574
 BOND   =       232.7014  ANGLE   =       704.6143  DIHED      =      1476.0154
 1-4 NB =       392.9939  1-4 EEL =      3550.7980  VDWAALS    =      -906.4667
 EELEC  =     -7702.4154  EGB     =     -1714.4521  RESTRAINT  =        59.8420
 EAMBER (non-restraint)  =     -3933.6994
 ESURF=        32.5117
 ------------------------------------------------------------------------------

 NMR restraints: Bond =    0.000   Angle =     0.000   Torsion =     0.000
===============================================================================

 NSTEP =   175000   TIME(PS) =     350.000  TEMP(K) =   164.29  PRESS =     0.0
 Etot   =     -3091.2400  EKtot   =       762.1774  EPtot      =     -3853.4174
 BOND   =       234.0199  ANGLE   =       731.1461  DIHED      =      1490.2575
 1-4 NB =       394.8484  1-4 EEL =      3541.0351  VDWAALS    =      -929.2425
 EELEC  =     -7696.9984  EGB     =     -1715.6032  RESTRAINT  =        65.8236
 EAMBER (non-restraint)  =     -3919.2410
 ESURF=        31.2962
 ------------------------------------------------------------------------------

 NMR restraints: Bond =    0.000   Angle =     0.000   Torsion =     0.000
===============================================================================

 NSTEP =   180000   TIME(PS) =     360.000  TEMP(K) =   169.46  PRESS =     0.0
 Etot   =     -3052.3388  EKtot   =       786.1537  EPtot      =     -3838.4925
 BOND   =       240.8516  ANGLE   =       752.9188  DIHED      =      1478.2591
 1-4 NB =       380.4771  1-4 EEL =      3546.9525  VDWAALS    =      -923.4444
 EELEC  =     -7681.1418  EGB     =     -1729.5617  RESTRAINT  =        65.0076
 EAMBER (non-restraint)  =     -3903.5001
 ESURF=        31.1886
 ------------------------------------------------------------------------------

 NMR restraints: Bond =    0.000   Angle =     0.000   Torsion =     0.000
===============================================================================

 NSTEP =   185000   TIME(PS) =     370.000  TEMP(K) =   173.82  PRESS =     0.0
 Etot   =     -3029.1677  EKtot   =       806.3461  EPtot      =     -3835.5138
 BOND   =       248.6092  ANGLE   =       752.6993  DIHED      =      1480.4430
 1-4 NB =       368.4122  1-4 EEL =      3541.1105  VDWAALS    =      -933.0943
 EELEC  =     -7681.0764  EGB     =     -1712.4796  RESTRAINT  =        69.8799
 EAMBER (non-restraint)  =     -3905.3937
 ESURF=        29.9824
 ------------------------------------------------------------------------------

 NMR restraints: Bond =    0.000   Angle =     0.000   Torsion =     0.000
===============================================================================

 NSTEP =   190000   TIME(PS) =     380.000  TEMP(K) =   174.97  PRESS =     0.0
 Etot   =     -3010.8410  EKtot   =       811.6909  EPtot      =     -3822.5319
 BOND   =       241.8704  ANGLE   =       753.0100  DIHED      =      1481.8975
 1-4 NB =       378.6834  1-4 EEL =      3524.6854  VDWAALS    =      -926.5710
 EELEC  =     -7615.0522  EGB     =     -1757.4222  RESTRAINT  =        66.2389
 EAMBER (non-restraint)  =     -3888.7708
 ESURF=        30.1279
 ------------------------------------------------------------------------------

 NMR restraints: Bond =    0.000   Angle =     0.000   Torsion =     0.000
===============================================================================

 NSTEP =   195000   TIME(PS) =     390.000  TEMP(K) =   172.66  PRESS =     0.0
 Etot   =     -3048.3573  EKtot   =       800.9893  EPtot      =     -3849.3465
 BOND   =       232.9623  ANGLE   =       740.4438  DIHED      =      1479.8217
 1-4 NB =       393.0849  1-4 EEL =      3524.8962  VDWAALS    =      -903.8539
 EELEC  =     -7645.9758  EGB     =     -1760.3074  RESTRAINT  =        58.6818
 EAMBER (non-restraint)  =     -3908.0283
 ESURF=        30.8998
 ------------------------------------------------------------------------------

 NMR restraints: Bond =    0.000   Angle =     0.000   Torsion =     0.000
===============================================================================

 NSTEP =   200000   TIME(PS) =     400.000  TEMP(K) =   178.97  PRESS =     0.0
 Etot   =     -2952.1505  EKtot   =       830.2498  EPtot      =     -3782.4004
 BOND   =       252.3222  ANGLE   =       757.3883  DIHED      =      1484.9621
 1-4 NB =       377.6238  1-4 EEL =      3573.8202  VDWAALS    =      -915.2834
 EELEC  =     -7618.8629  EGB     =     -1785.6248  RESTRAINT  =        59.5071
 EAMBER (non-restraint)  =     -3841.9074
 ESURF=        31.7471
 ------------------------------------------------------------------------------

 NMR restraints: Bond =    0.000   Angle =     0.000   Torsion =     0.000
===============================================================================

 NSTEP =   205000   TIME(PS) =     410.000  TEMP(K) =   185.38  PRESS =     0.0
 Etot   =     -2959.3379  EKtot   =       859.9847  EPtot      =     -3819.3226
 BOND   =       241.2332  ANGLE   =       758.4699  DIHED      =      1480.4909
 1-4 NB =       384.1100  1-4 EEL =      3536.7646  VDWAALS    =      -912.5281
 EELEC  =     -7692.7414  EGB     =     -1708.0848  RESTRAINT  =        62.1733
 EAMBER (non-restraint)  =     -3881.4959
 ESURF=        30.7899
 ------------------------------------------------------------------------------

 NMR restraints: Bond =    0.000   Angle =     0.000   Torsion =     0.000
===============================================================================

 NSTEP =   210000   TIME(PS) =     420.000  TEMP(K) =   185.38  PRESS =     0.0
 Etot   =     -2951.6390  EKtot   =       860.0065  EPtot      =     -3811.6454
 BOND   =       246.8922  ANGLE   =       748.8333  DIHED      =      1496.9326
 1-4 NB =       393.9623  1-4 EEL =      3537.5335  VDWAALS    =      -928.7988
 EELEC  =     -7656.3930  EGB     =     -1748.2704  RESTRAINT  =        65.6555
 EAMBER (non-restraint)  =     -3877.3009
 ESURF=        32.0073
 ------------------------------------------------------------------------------

 NMR restraints: Bond =    0.000   Angle =     0.000   Torsion =     0.000
===============================================================================

 NSTEP =   215000   TIME(PS) =     430.000  TEMP(K) =   179.50  PRESS =     0.0
 Etot   =     -2966.5609  EKtot   =       832.7026  EPtot      =     -3799.2635
 BOND   =       258.2351  ANGLE   =       771.4433  DIHED      =      1480.3334
 1-4 NB =       367.5566  1-4 EEL =      3529.5193  VDWAALS    =      -908.6204
 EELEC  =     -7612.2798  EGB     =     -1780.7557  RESTRAINT  =        64.0725
 EAMBER (non-restraint)  =     -3863.3360
 ESURF=        31.2322
 ------------------------------------------------------------------------------

 NMR restraints: Bond =    0.000   Angle =     0.000   Torsion =     0.000
===============================================================================

 NSTEP =   220000   TIME(PS) =     440.000  TEMP(K) =   196.43  PRESS =     0.0
 Etot   =     -2868.0958  EKtot   =       911.2620  EPtot      =     -3779.3578
 BOND   =       245.7060  ANGLE   =       773.5096  DIHED      =      1474.9548
 1-4 NB =       389.4411  1-4 EEL =      3522.5076  VDWAALS    =      -917.9474
 EELEC  =     -7598.3359  EGB     =     -1767.1492  RESTRAINT  =        66.9709
 EAMBER (non-restraint)  =     -3846.3287
 ESURF=        30.9847
 ------------------------------------------------------------------------------

 NMR restraints: Bond =    0.000   Angle =     0.000   Torsion =     0.000
===============================================================================

 NSTEP =   225000   TIME(PS) =     450.000  TEMP(K) =   193.18  PRESS =     0.0
 Etot   =     -2904.1899  EKtot   =       896.1727  EPtot      =     -3800.3625
 BOND   =       248.9425  ANGLE   =       758.1918  DIHED      =      1490.6103
 1-4 NB =       375.4495  1-4 EEL =      3527.3093  VDWAALS    =      -911.0091
 EELEC  =     -7566.5454  EGB     =     -1822.4457  RESTRAINT  =        66.7894
 EAMBER (non-restraint)  =     -3867.1519
 ESURF=        32.3448
 ------------------------------------------------------------------------------

 NMR restraints: Bond =    0.000   Angle =     0.000   Torsion =     0.000
===============================================================================

 NSTEP =   230000   TIME(PS) =     460.000  TEMP(K) =   185.40  PRESS =     0.0
 Etot   =     -2906.8899  EKtot   =       860.0984  EPtot      =     -3766.9883
 BOND   =       246.5887  ANGLE   =       777.9322  DIHED      =      1480.8921
 1-4 NB =       391.8834  1-4 EEL =      3527.7922  VDWAALS    =      -909.6002
 EELEC  =     -7618.9682  EGB     =     -1762.6791  RESTRAINT  =        67.4430
 EAMBER (non-restraint)  =     -3834.4313
 ESURF=        31.7276
 ------------------------------------------------------------------------------

 NMR restraints: Bond =    0.000   Angle =     0.000   Torsion =     0.000
===============================================================================

 NSTEP =   235000   TIME(PS) =     470.000  TEMP(K) =   192.86  PRESS =     0.0
 Etot   =     -2843.8306  EKtot   =       894.7075  EPtot      =     -3738.5381
 BOND   =       267.1477  ANGLE   =       772.8510  DIHED      =      1489.3809
 1-4 NB =       393.9034  1-4 EEL =      3537.0259  VDWAALS    =      -923.0039
 EELEC  =     -7611.5548  EGB     =     -1769.0537  RESTRAINT  =        72.8761
 EAMBER (non-restraint)  =     -3811.4143
 ESURF=        31.8893
 ------------------------------------------------------------------------------

 NMR restraints: Bond =    0.000   Angle =     0.000   Torsion =     0.000
===============================================================================

 NSTEP =   240000   TIME(PS) =     480.000  TEMP(K) =   198.81  PRESS =     0.0
 Etot   =     -2854.7272  EKtot   =       922.2973  EPtot      =     -3777.0245
 BOND   =       243.1657  ANGLE   =       764.6853  DIHED      =      1487.3953
 1-4 NB =       388.4900  1-4 EEL =      3535.2951  VDWAALS    =      -897.7734
 EELEC  =     -7525.9679  EGB     =     -1869.7920  RESTRAINT  =        65.4542
 EAMBER (non-restraint)  =     -3842.4787
 ESURF=        32.0232
 ------------------------------------------------------------------------------

 NMR restraints: Bond =    0.000   Angle =     0.000   Torsion =     0.000
===============================================================================

 NSTEP =   245000   TIME(PS) =     490.000  TEMP(K) =   198.08  PRESS =     0.0
 Etot   =     -2837.3211  EKtot   =       918.9254  EPtot      =     -3756.2465
 BOND   =       251.3499  ANGLE   =       776.4012  DIHED      =      1488.8874
 1-4 NB =       383.0852  1-4 EEL =      3546.8676  VDWAALS    =      -893.2566
 EELEC  =     -7599.4751  EGB     =     -1812.6353  RESTRAINT  =        70.4338
 EAMBER (non-restraint)  =     -3826.6802
 ESURF=        32.0954
 ------------------------------------------------------------------------------

 NMR restraints: Bond =    0.000   Angle =     0.000   Torsion =     0.000
===============================================================================

 NSTEP =   250000   TIME(PS) =     500.000  TEMP(K) =   193.46  PRESS =     0.0
 Etot   =     -2841.2703  EKtot   =       897.4758  EPtot      =     -3738.7461
 BOND   =       268.5207  ANGLE   =       789.3729  DIHED      =      1484.1667
 1-4 NB =       379.7386  1-4 EEL =      3559.4527  VDWAALS    =      -919.3359
 EELEC  =     -7602.0924  EGB     =     -1802.5955  RESTRAINT  =        72.1156
 EAMBER (non-restraint)  =     -3810.8617
 ESURF=        31.9105
 ------------------------------------------------------------------------------

 NMR restraints: Bond =    0.000   Angle =     0.000   Torsion =     0.000
===============================================================================

 NSTEP =   255000   TIME(PS) =     510.000  TEMP(K) =   205.86  PRESS =     0.0
 Etot   =     -2743.3739  EKtot   =       954.9971  EPtot      =     -3698.3710
 BOND   =       271.8888  ANGLE   =       821.4264  DIHED      =      1497.6060
 1-4 NB =       389.4190  1-4 EEL =      3516.0808  VDWAALS    =      -921.5556
 EELEC  =     -7561.8975  EGB     =     -1811.2940  RESTRAINT  =        66.5630
 EAMBER (non-restraint)  =     -3764.9340
 ESURF=        33.3920
 ------------------------------------------------------------------------------

 NMR restraints: Bond =    0.000   Angle =     0.000   Torsion =     0.000
===============================================================================

 NSTEP =   260000   TIME(PS) =     520.000  TEMP(K) =   192.91  PRESS =     0.0
 Etot   =     -2802.6012  EKtot   =       894.9249  EPtot      =     -3697.5261
 BOND   =       242.7392  ANGLE   =       787.6870  DIHED      =      1492.7893
 1-4 NB =       399.5048  1-4 EEL =      3536.1897  VDWAALS    =      -893.2418
 EELEC  =     -7612.4677  EGB     =     -1758.9033  RESTRAINT  =        76.4227
 EAMBER (non-restraint)  =     -3773.9488
 ESURF=        31.7540
 ------------------------------------------------------------------------------

 NMR restraints: Bond =    0.000   Angle =     0.000   Torsion =     0.000
===============================================================================

 NSTEP =   265000   TIME(PS) =     530.000  TEMP(K) =   208.93  PRESS =     0.0
 Etot   =     -2726.2061  EKtot   =       969.2689  EPtot      =     -3695.4750
 BOND   =       283.9382  ANGLE   =       789.2394  DIHED      =      1514.5321
 1-4 NB =       383.7044  1-4 EEL =      3541.6246  VDWAALS    =      -917.0088
 EELEC  =     -7577.1503  EGB     =     -1827.1387  RESTRAINT  =        79.8432
 EAMBER (non-restraint)  =     -3775.3182
 ESURF=        32.9409
 ------------------------------------------------------------------------------

 NMR restraints: Bond =    0.000   Angle =     0.000   Torsion =     0.000
===============================================================================

 NSTEP =   270000   TIME(PS) =     540.000  TEMP(K) =   198.29  PRESS =     0.0
 Etot   =     -2734.5029  EKtot   =       919.8892  EPtot      =     -3654.3921
 BOND   =       286.3398  ANGLE   =       822.0409  DIHED      =      1513.6843
 1-4 NB =       385.3453  1-4 EEL =      3530.8588  VDWAALS    =      -913.3597
 EELEC  =     -7549.5463  EGB     =     -1844.0184  RESTRAINT  =        82.5261
 EAMBER (non-restraint)  =     -3736.9181
 ESURF=        31.7372
 ------------------------------------------------------------------------------

 NMR restraints: Bond =    0.000   Angle =     0.000   Torsion =     0.000
===============================================================================

 NSTEP =   275000   TIME(PS) =     550.000  TEMP(K) =   211.34  PRESS =     0.0
 Etot   =     -2709.4408  EKtot   =       980.4220  EPtot      =     -3689.8627
 BOND   =       263.4381  ANGLE   =       804.0855  DIHED      =      1493.6717
 1-4 NB =       398.7373  1-4 EEL =      3541.6667  VDWAALS    =      -914.6150
 EELEC  =     -7564.8741  EGB     =     -1813.8814  RESTRAINT  =        69.7428
 EAMBER (non-restraint)  =     -3759.6055
 ESURF=        32.1657
 ------------------------------------------------------------------------------

 NMR restraints: Bond =    0.000   Angle =     0.000   Torsion =     0.000
===============================================================================

 NSTEP =   280000   TIME(PS) =     560.000  TEMP(K) =   206.30  PRESS =     0.0
 Etot   =     -2703.9274  EKtot   =       957.0420  EPtot      =     -3660.9694
 BOND   =       284.2449  ANGLE   =       839.5714  DIHED      =      1496.1710
 1-4 NB =       376.3211  1-4 EEL =      3534.0847  VDWAALS    =      -920.7467
 EELEC  =     -7555.2684  EGB     =     -1819.5804  RESTRAINT  =        71.8207
 EAMBER (non-restraint)  =     -3732.7901
 ESURF=        32.4123
 ------------------------------------------------------------------------------

 NMR restraints: Bond =    0.000   Angle =     0.000   Torsion =     0.000
===============================================================================

 NSTEP =   285000   TIME(PS) =     570.000  TEMP(K) =   221.94  PRESS =     0.0
 Etot   =     -2632.6512  EKtot   =      1029.6175  EPtot      =     -3662.2687
 BOND   =       272.3531  ANGLE   =       823.2741  DIHED      =      1518.5987
 1-4 NB =       386.8936  1-4 EEL =      3508.4905  VDWAALS    =      -914.0351
 EELEC  =     -7558.1073  EGB     =     -1802.4337  RESTRAINT  =        70.3191
 EAMBER (non-restraint)  =     -3732.5879
 ESURF=        32.3782
 ------------------------------------------------------------------------------

 NMR restraints: Bond =    0.000   Angle =     0.000   Torsion =     0.000
===============================================================================

 NSTEP =   290000   TIME(PS) =     580.000  TEMP(K) =   216.23  PRESS =     0.0
 Etot   =     -2669.1838  EKtot   =      1003.0892  EPtot      =     -3672.2730
 BOND   =       259.5653  ANGLE   =       822.1685  DIHED      =      1481.0102
 1-4 NB =       387.1206  1-4 EEL =      3557.6921  VDWAALS    =      -907.5875
 EELEC  =     -7560.7769  EGB     =     -1824.1710  RESTRAINT  =        80.1949
 EAMBER (non-restraint)  =     -3752.4679
 ESURF=        32.5108
 ------------------------------------------------------------------------------

 NMR restraints: Bond =    0.000   Angle =     0.000   Torsion =     0.000
===============================================================================

 NSTEP =   295000   TIME(PS) =     590.000  TEMP(K) =   216.42  PRESS =     0.0
 Etot   =     -2631.0408  EKtot   =      1003.9864  EPtot      =     -3635.0273
 BOND   =       279.4129  ANGLE   =       842.3273  DIHED      =      1523.2708
 1-4 NB =       391.7191  1-4 EEL =      3541.6116  VDWAALS    =      -915.4495
 EELEC  =     -7568.5453  EGB     =     -1837.4471  RESTRAINT  =        75.8252
 EAMBER (non-restraint)  =     -3710.8524
 ESURF=        32.2476
 ------------------------------------------------------------------------------

 NMR restraints: Bond =    0.000   Angle =     0.000   Torsion =     0.000
===============================================================================

 NSTEP =   300000   TIME(PS) =     600.000  TEMP(K) =   217.75  PRESS =     0.0
 Etot   =     -2655.5335  EKtot   =      1010.1541  EPtot      =     -3665.6877
 BOND   =       268.3892  ANGLE   =       796.3185  DIHED      =      1514.9285
 1-4 NB =       392.8770  1-4 EEL =      3536.3949  VDWAALS    =      -904.6222
 EELEC  =     -7576.9600  EGB     =     -1805.6185  RESTRAINT  =        80.9013
 EAMBER (non-restraint)  =     -3746.5890
 ESURF=        31.7036
 ------------------------------------------------------------------------------

 NMR restraints: Bond =    0.000   Angle =     0.000   Torsion =     0.000
===============================================================================

 NSTEP =   305000   TIME(PS) =     610.000  TEMP(K) =   228.23  PRESS =     0.0
 Etot   =     -2572.0546  EKtot   =      1058.8038  EPtot      =     -3630.8584
 BOND   =       288.7709  ANGLE   =       838.4760  DIHED      =      1514.7766
 1-4 NB =       395.7730  1-4 EEL =      3500.0018  VDWAALS    =      -920.7153
 EELEC  =     -7527.7591  EGB     =     -1835.3554  RESTRAINT  =        82.1953
 EAMBER (non-restraint)  =     -3713.0537
 ESURF=        32.9778
 ------------------------------------------------------------------------------

 NMR restraints: Bond =    0.000   Angle =     0.000   Torsion =     0.000
===============================================================================

 NSTEP =   310000   TIME(PS) =     620.000  TEMP(K) =   215.84  PRESS =     0.0
 Etot   =     -2583.0522  EKtot   =      1001.2903  EPtot      =     -3584.3425
 BOND   =       298.0183  ANGLE   =       864.4442  DIHED      =      1514.5780
 1-4 NB =       396.3520  1-4 EEL =      3521.0850  VDWAALS    =      -916.2958
 EELEC  =     -7533.5665  EGB     =     -1840.3803  RESTRAINT  =        79.9372
 EAMBER (non-restraint)  =     -3664.2797
 ESURF=        31.4853
 ------------------------------------------------------------------------------

 NMR restraints: Bond =    0.000   Angle =     0.000   Torsion =     0.000
===============================================================================

 NSTEP =   315000   TIME(PS) =     630.000  TEMP(K) =   225.81  PRESS =     0.0
 Etot   =     -2526.5062  EKtot   =      1047.5350  EPtot      =     -3574.0412
 BOND   =       313.6282  ANGLE   =       867.2653  DIHED      =      1506.9474
 1-4 NB =       385.0649  1-4 EEL =      3529.0344  VDWAALS    =      -921.4120
 EELEC  =     -7537.4841  EGB     =     -1841.7379  RESTRAINT  =        93.0582
 EAMBER (non-restraint)  =     -3667.0994
 ESURF=        31.5943
 ------------------------------------------------------------------------------

 NMR restraints: Bond =    0.000   Angle =     0.000   Torsion =     0.000
===============================================================================

 NSTEP =   320000   TIME(PS) =     640.000  TEMP(K) =   229.37  PRESS =     0.0
 Etot   =     -2450.6086  EKtot   =      1064.0556  EPtot      =     -3514.6643
 BOND   =       321.3341  ANGLE   =       886.8822  DIHED      =      1542.7809
 1-4 NB =       388.2683  1-4 EEL =      3531.5778  VDWAALS    =      -908.3457
 EELEC  =     -7509.5387  EGB     =     -1879.2020  RESTRAINT  =        78.8469
 EAMBER (non-restraint)  =     -3593.5111
 ESURF=        32.7320
 ------------------------------------------------------------------------------

 NMR restraints: Bond =    0.000   Angle =     0.000   Torsion =     0.000
===============================================================================

 NSTEP =   325000   TIME(PS) =     650.000  TEMP(K) =   230.64  PRESS =     0.0
 Etot   =     -2542.6003  EKtot   =      1069.9717  EPtot      =     -3612.5720
 BOND   =       277.3459  ANGLE   =       861.1729  DIHED      =      1520.6279
 1-4 NB =       387.2198  1-4 EEL =      3492.5269  VDWAALS    =      -911.3576
 EELEC  =     -7527.5383  EGB     =     -1826.6168  RESTRAINT  =        81.0143
 EAMBER (non-restraint)  =     -3693.5863
 ESURF=        33.0329
 ------------------------------------------------------------------------------

 NMR restraints: Bond =    0.000   Angle =     0.000   Torsion =     0.000
===============================================================================

 NSTEP =   330000   TIME(PS) =     660.000  TEMP(K) =   227.74  PRESS =     0.0
 Etot   =     -2489.4877  EKtot   =      1056.4907  EPtot      =     -3545.9784
 BOND   =       304.2185  ANGLE   =       883.8459  DIHED      =      1529.6589
 1-4 NB =       389.0124  1-4 EEL =      3518.4154  VDWAALS    =      -921.1776
 EELEC  =     -7572.1612  EGB     =     -1801.1170  RESTRAINT  =        91.3595
 EAMBER (non-restraint)  =     -3637.3379
 ESURF=        31.9669
 ------------------------------------------------------------------------------

 NMR restraints: Bond =    0.000   Angle =     0.000   Torsion =     0.000
===============================================================================

 NSTEP =   335000   TIME(PS) =     670.000  TEMP(K) =   233.40  PRESS =     0.0
 Etot   =     -2524.9658  EKtot   =      1082.7488  EPtot      =     -3607.7146
 BOND   =       297.6366  ANGLE   =       851.1756  DIHED      =      1519.3230
 1-4 NB =       377.0398  1-4 EEL =      3516.0665  VDWAALS    =      -905.4769
 EELEC  =     -7538.3088  EGB     =     -1836.0473  RESTRAINT  =        77.8054
 EAMBER (non-restraint)  =     -3685.5201
 ESURF=        33.0713
 ------------------------------------------------------------------------------

 NMR restraints: Bond =    0.000   Angle =     0.000   Torsion =     0.000
===============================================================================

 NSTEP =   340000   TIME(PS) =     680.000  TEMP(K) =   236.11  PRESS =     0.0
 Etot   =     -2480.6138  EKtot   =      1095.3305  EPtot      =     -3575.9444
 BOND   =       294.7758  ANGLE   =       862.8103  DIHED      =      1507.7519
 1-4 NB =       386.9682  1-4 EEL =      3537.8369  VDWAALS    =      -911.3749
 EELEC  =     -7523.3450  EGB     =     -1856.2492  RESTRAINT  =        91.1899
 EAMBER (non-restraint)  =     -3667.1342
 ESURF=        33.6917
 ------------------------------------------------------------------------------

 NMR restraints: Bond =    0.000   Angle =     0.000   Torsion =     0.000
===============================================================================

 NSTEP =   345000   TIME(PS) =     690.000  TEMP(K) =   244.26  PRESS =     0.0
 Etot   =     -2384.0223  EKtot   =      1133.1257  EPtot      =     -3517.1480
 BOND   =       295.5860  ANGLE   =       902.5315  DIHED      =      1508.6164
 1-4 NB =       401.7042  1-4 EEL =      3534.3947  VDWAALS    =      -905.4625
 EELEC  =     -7519.6844  EGB     =     -1841.6582  RESTRAINT  =        75.0038
 EAMBER (non-restraint)  =     -3592.1517
 ESURF=        31.8206
 ------------------------------------------------------------------------------

 NMR restraints: Bond =    0.000   Angle =     0.000   Torsion =     0.000
===============================================================================

 NSTEP =   350000   TIME(PS) =     700.000  TEMP(K) =   239.58  PRESS =     0.0
 Etot   =     -2411.6868  EKtot   =      1111.4236  EPtot      =     -3523.1104
 BOND   =       296.8082  ANGLE   =       894.7620  DIHED      =      1502.8759
 1-4 NB =       401.6977  1-4 EEL =      3516.2492  VDWAALS    =      -897.1894
 EELEC  =     -7495.9921  EGB     =     -1867.7898  RESTRAINT  =        91.9503
 EAMBER (non-restraint)  =     -3615.0607
 ESURF=        33.5177
 ------------------------------------------------------------------------------

 NMR restraints: Bond =    0.000   Angle =     0.000   Torsion =     0.000
===============================================================================

 NSTEP =   355000   TIME(PS) =     710.000  TEMP(K) =   235.53  PRESS =     0.0
 Etot   =     -2426.2056  EKtot   =      1092.6577  EPtot      =     -3518.8634
 BOND   =       326.4905  ANGLE   =       855.5859  DIHED      =      1527.0928
 1-4 NB =       399.8360  1-4 EEL =      3545.8374  VDWAALS    =      -912.5605
 EELEC  =     -7532.7546  EGB     =     -1851.2063  RESTRAINT  =        88.5986
 EAMBER (non-restraint)  =     -3607.4619
 ESURF=        34.2168
 ------------------------------------------------------------------------------

 NMR restraints: Bond =    0.000   Angle =     0.000   Torsion =     0.000
===============================================================================

 NSTEP =   360000   TIME(PS) =     720.000  TEMP(K) =   249.27  PRESS =     0.0
 Etot   =     -2379.7461  EKtot   =      1156.4048  EPtot      =     -3536.1510
 BOND   =       305.0767  ANGLE   =       886.4613  DIHED      =      1512.8304
 1-4 NB =       392.9589  1-4 EEL =      3556.8342  VDWAALS    =      -909.0899
 EELEC  =     -7515.8701  EGB     =     -1879.5176  RESTRAINT  =        79.9795
 EAMBER (non-restraint)  =     -3616.1305
 ESURF=        34.1855
 ------------------------------------------------------------------------------

 NMR restraints: Bond =    0.000   Angle =     0.000   Torsion =     0.000
===============================================================================

 NSTEP =   365000   TIME(PS) =     730.000  TEMP(K) =   241.18  PRESS =     0.0
 Etot   =     -2393.3082  EKtot   =      1118.8740  EPtot      =     -3512.1822
 BOND   =       291.8009  ANGLE   =       899.0305  DIHED      =      1510.3572
 1-4 NB =       407.6225  1-4 EEL =      3553.6368  VDWAALS    =      -898.3665
 EELEC  =     -7505.8111  EGB     =     -1888.4959  RESTRAINT  =        85.1625
 EAMBER (non-restraint)  =     -3597.3446
 ESURF=        32.8808
 ------------------------------------------------------------------------------

 NMR restraints: Bond =    0.000   Angle =     0.000   Torsion =     0.000
===============================================================================

 NSTEP =   370000   TIME(PS) =     740.000  TEMP(K) =   252.68  PRESS =     0.0
 Etot   =     -2315.8144  EKtot   =      1172.1885  EPtot      =     -3488.0029
 BOND   =       317.2521  ANGLE   =       895.9717  DIHED      =      1503.3671
 1-4 NB =       390.9178  1-4 EEL =      3516.6884  VDWAALS    =      -878.1717
 EELEC  =     -7484.4632  EGB     =     -1868.1068  RESTRAINT  =        84.4144
 EAMBER (non-restraint)  =     -3572.4173
 ESURF=        34.1275
 ------------------------------------------------------------------------------

 NMR restraints: Bond =    0.000   Angle =     0.000   Torsion =     0.000
===============================================================================

 NSTEP =   375000   TIME(PS) =     750.000  TEMP(K) =   246.39  PRESS =     0.0
 Etot   =     -2383.3277  EKtot   =      1143.0255  EPtot      =     -3526.3532
 BOND   =       314.4981  ANGLE   =       901.1513  DIHED      =      1508.9753
 1-4 NB =       380.3082  1-4 EEL =      3520.2855  VDWAALS    =      -898.4750
 EELEC  =     -7491.0930  EGB     =     -1878.2543  RESTRAINT  =        82.1634
 EAMBER (non-restraint)  =     -3608.5166
 ESURF=        34.0874
 ------------------------------------------------------------------------------

 NMR restraints: Bond =    0.000   Angle =     0.000   Torsion =     0.000
===============================================================================

 NSTEP =   380000   TIME(PS) =     760.000  TEMP(K) =   249.70  PRESS =     0.0
 Etot   =     -2351.9485  EKtot   =      1158.3869  EPtot      =     -3510.3354
 BOND   =       300.1753  ANGLE   =       915.8902  DIHED      =      1515.0660
 1-4 NB =       381.6618  1-4 EEL =      3506.8642  VDWAALS    =      -898.1375
 EELEC  =     -7421.1070  EGB     =     -1930.4059  RESTRAINT  =        86.7482
 EAMBER (non-restraint)  =     -3597.0837
 ESURF=        32.9091
 ------------------------------------------------------------------------------

 NMR restraints: Bond =    0.000   Angle =     0.000   Torsion =     0.000
===============================================================================

 NSTEP =   385000   TIME(PS) =     770.000  TEMP(K) =   253.69  PRESS =     0.0
 Etot   =     -2317.6910  EKtot   =      1176.8822  EPtot      =     -3494.5732
 BOND   =       305.1137  ANGLE   =       912.6317  DIHED      =      1515.9850
 1-4 NB =       403.0405  1-4 EEL =      3553.2020  VDWAALS    =      -910.2656
 EELEC  =     -7485.8742  EGB     =     -1896.8609  RESTRAINT  =        75.9253
 EAMBER (non-restraint)  =     -3570.4986
 ESURF=        32.5292
 ------------------------------------------------------------------------------

 NMR restraints: Bond =    0.000   Angle =     0.000   Torsion =     0.000
===============================================================================

 NSTEP =   390000   TIME(PS) =     780.000  TEMP(K) =   248.66  PRESS =     0.0
 Etot   =     -2305.2350  EKtot   =      1153.5458  EPtot      =     -3458.7808
 BOND   =       345.0647  ANGLE   =       910.1307  DIHED      =      1534.7180
 1-4 NB =       392.8089  1-4 EEL =      3510.1732  VDWAALS    =      -906.1267
 EELEC  =     -7471.5537  EGB     =     -1896.1197  RESTRAINT  =        87.2736
 EAMBER (non-restraint)  =     -3546.0543
 ESURF=        34.8503
 ------------------------------------------------------------------------------

 NMR restraints: Bond =    0.000   Angle =     0.000   Torsion =     0.000
===============================================================================

 NSTEP =   395000   TIME(PS) =     790.000  TEMP(K) =   248.15  PRESS =     0.0
 Etot   =     -2301.2902  EKtot   =      1151.2104  EPtot      =     -3452.5006
 BOND   =       318.0503  ANGLE   =       919.8647  DIHED      =      1529.0989
 1-4 NB =       395.2370  1-4 EEL =      3513.7808  VDWAALS    =      -900.9410
 EELEC  =     -7482.0271  EGB     =     -1867.4095  RESTRAINT  =        88.0856
 EAMBER (non-restraint)  =     -3540.5862
 ESURF=        33.7597
 ------------------------------------------------------------------------------

 NMR restraints: Bond =    0.000   Angle =     0.000   Torsion =     0.000
===============================================================================

 NSTEP =   400000   TIME(PS) =     800.000  TEMP(K) =   259.31  PRESS =     0.0
 Etot   =     -2271.3803  EKtot   =      1202.9617  EPtot      =     -3474.3420
 BOND   =       317.4990  ANGLE   =       911.9825  DIHED      =      1538.9279
 1-4 NB =       391.5546  1-4 EEL =      3528.7402  VDWAALS    =      -904.1498
 EELEC  =     -7557.3544  EGB     =     -1820.5182  RESTRAINT  =        85.5582
 EAMBER (non-restraint)  =     -3559.9002
 ESURF=        33.4178
 ------------------------------------------------------------------------------

 NMR restraints: Bond =    0.000   Angle =     0.000   Torsion =     0.000
===============================================================================

 NSTEP =   405000   TIME(PS) =     810.000  TEMP(K) =   262.26  PRESS =     0.0
 Etot   =     -2230.8262  EKtot   =      1216.6300  EPtot      =     -3447.4563
 BOND   =       314.7093  ANGLE   =       938.0292  DIHED      =      1530.6607
 1-4 NB =       396.8017  1-4 EEL =      3540.7117  VDWAALS    =      -891.1512
 EELEC  =     -7569.4321  EGB     =     -1828.8402  RESTRAINT  =        86.8570
 EAMBER (non-restraint)  =     -3534.3132
 ESURF=        34.1978
 ------------------------------------------------------------------------------

 NMR restraints: Bond =    0.000   Angle =     0.000   Torsion =     0.000
===============================================================================

 NSTEP =   410000   TIME(PS) =     820.000  TEMP(K) =   267.17  PRESS =     0.0
 Etot   =     -2175.1477  EKtot   =      1239.4474  EPtot      =     -3414.5951
 BOND   =       334.5574  ANGLE   =       952.6804  DIHED      =      1531.0229
 1-4 NB =       391.2406  1-4 EEL =      3540.8725  VDWAALS    =      -900.2116
 EELEC  =     -7522.0726  EGB     =     -1860.9515  RESTRAINT  =        83.4653
 EAMBER (non-restraint)  =     -3498.0604
 ESURF=        34.8014
 ------------------------------------------------------------------------------

 NMR restraints: Bond =    0.000   Angle =     0.000   Torsion =     0.000
===============================================================================

 NSTEP =   415000   TIME(PS) =     830.000  TEMP(K) =   264.46  PRESS =     0.0
 Etot   =     -2207.4609  EKtot   =      1226.8628  EPtot      =     -3434.3237
 BOND   =       329.9384  ANGLE   =       943.8120  DIHED      =      1528.5487
 1-4 NB =       382.9887  1-4 EEL =      3545.2806  VDWAALS    =      -923.2161
 EELEC  =     -7455.4236  EGB     =     -1907.0686  RESTRAINT  =        86.7895
 EAMBER (non-restraint)  =     -3521.1132
 ESURF=        34.0267
 ------------------------------------------------------------------------------

 NMR restraints: Bond =    0.000   Angle =     0.000   Torsion =     0.000
===============================================================================

 NSTEP =   420000   TIME(PS) =     840.000  TEMP(K) =   264.63  PRESS =     0.0
 Etot   =     -2216.7840  EKtot   =      1227.6631  EPtot      =     -3444.4471
 BOND   =       355.0183  ANGLE   =       904.0226  DIHED      =      1526.4831
 1-4 NB =       390.2318  1-4 EEL =      3530.5844  VDWAALS    =      -918.2830
 EELEC  =     -7477.9245  EGB     =     -1873.3346  RESTRAINT  =        85.2267
 EAMBER (non-restraint)  =     -3529.6738
 ESURF=        33.5281
 ------------------------------------------------------------------------------

 NMR restraints: Bond =    0.000   Angle =     0.000   Torsion =     0.000
===============================================================================

 NSTEP =   425000   TIME(PS) =     850.000  TEMP(K) =   265.17  PRESS =     0.0
 Etot   =     -2119.2337  EKtot   =      1230.1348  EPtot      =     -3349.3686
 BOND   =       333.7521  ANGLE   =       981.2344  DIHED      =      1555.8444
 1-4 NB =       393.7279  1-4 EEL =      3514.9621  VDWAALS    =      -898.9267
 EELEC  =     -7477.5364  EGB     =     -1882.3287  RESTRAINT  =        95.2182
 EAMBER (non-restraint)  =     -3444.5868
 ESURF=        34.6842
 ------------------------------------------------------------------------------

 NMR restraints: Bond =    0.000   Angle =     0.000   Torsion =     0.000
===============================================================================

 NSTEP =   430000   TIME(PS) =     860.000  TEMP(K) =   278.33  PRESS =     0.0
 Etot   =     -2067.6602  EKtot   =      1291.2080  EPtot      =     -3358.8682
 BOND   =       363.1517  ANGLE   =       937.7995  DIHED      =      1526.6784
 1-4 NB =       398.0789  1-4 EEL =      3552.2342  VDWAALS    =      -872.0005
 EELEC  =     -7547.2084  EGB     =     -1843.6014  RESTRAINT  =        93.1973
 EAMBER (non-restraint)  =     -3452.0656
 ESURF=        32.8020
 ------------------------------------------------------------------------------

 NMR restraints: Bond =    0.000   Angle =     0.000   Torsion =     0.000
===============================================================================

 NSTEP =   435000   TIME(PS) =     870.000  TEMP(K) =   270.06  PRESS =     0.0
 Etot   =     -2093.5016  EKtot   =      1252.8347  EPtot      =     -3346.3363
 BOND   =       367.2019  ANGLE   =       967.0823  DIHED      =      1536.0625
 1-4 NB =       394.6119  1-4 EEL =      3515.5969  VDWAALS    =      -905.5513
 EELEC  =     -7478.6405  EGB     =     -1864.9714  RESTRAINT  =        88.0520
 EAMBER (non-restraint)  =     -3434.3883
 ESURF=        34.2194
 ------------------------------------------------------------------------------

 NMR restraints: Bond =    0.000   Angle =     0.000   Torsion =     0.000
===============================================================================

 NSTEP =   440000   TIME(PS) =     880.000  TEMP(K) =   275.20  PRESS =     0.0
 Etot   =     -2055.8220  EKtot   =      1276.7028  EPtot      =     -3332.5248
 BOND   =       333.9170  ANGLE   =       964.9060  DIHED      =      1555.0689
 1-4 NB =       408.4181  1-4 EEL =      3510.2644  VDWAALS    =      -885.9809
 EELEC  =     -7422.7268  EGB     =     -1921.4386  RESTRAINT  =        88.8922
 EAMBER (non-restraint)  =     -3421.4170
 ESURF=        36.1550
 ------------------------------------------------------------------------------

 NMR restraints: Bond =    0.000   Angle =     0.000   Torsion =     0.000
===============================================================================

 NSTEP =   445000   TIME(PS) =     890.000  TEMP(K) =   270.90  PRESS =     0.0
 Etot   =     -2116.2750  EKtot   =      1256.7470  EPtot      =     -3373.0220
 BOND   =       358.9193  ANGLE   =       957.6548  DIHED      =      1522.1639
 1-4 NB =       389.2235  1-4 EEL =      3502.2312  VDWAALS    =      -886.1303
 EELEC  =     -7391.2259  EGB     =     -1952.7313  RESTRAINT  =        89.8649
 EAMBER (non-restraint)  =     -3462.8869
 ESURF=        37.0079
 ------------------------------------------------------------------------------

 NMR restraints: Bond =    0.000   Angle =     0.000   Torsion =     0.000
===============================================================================

 NSTEP =   450000   TIME(PS) =     900.000  TEMP(K) =   279.54  PRESS =     0.0
 Etot   =     -2015.5224  EKtot   =      1296.7968  EPtot      =     -3312.3192
 BOND   =       352.1964  ANGLE   =       959.6192  DIHED      =      1547.8557
 1-4 NB =       397.9971  1-4 EEL =      3567.2402  VDWAALS    =      -887.7485
 EELEC  =     -7399.2419  EGB     =     -1987.1588  RESTRAINT  =       101.1021
 EAMBER (non-restraint)  =     -3413.4214
 ESURF=        35.8192
 ------------------------------------------------------------------------------

 NMR restraints: Bond =    0.000   Angle =     0.000   Torsion =     0.000
===============================================================================

 NSTEP =   455000   TIME(PS) =     910.000  TEMP(K) =   277.12  PRESS =     0.0
 Etot   =     -2069.1584  EKtot   =      1285.6096  EPtot      =     -3354.7679
 BOND   =       327.7000  ANGLE   =       966.6015  DIHED      =      1548.9205
 1-4 NB =       398.2961  1-4 EEL =      3520.7506  VDWAALS    =      -898.2922
 EELEC  =     -7470.6002  EGB     =     -1884.5757  RESTRAINT  =       101.6785
 EAMBER (non-restraint)  =     -3456.4464
 ESURF=        34.7531
 ------------------------------------------------------------------------------

 NMR restraints: Bond =    0.000   Angle =     0.000   Torsion =     0.000
===============================================================================

 NSTEP =   460000   TIME(PS) =     920.000  TEMP(K) =   271.71  PRESS =     0.0
 Etot   =     -2079.8290  EKtot   =      1260.4781  EPtot      =     -3340.3071
 BOND   =       368.4418  ANGLE   =       939.9010  DIHED      =      1559.0244
 1-4 NB =       385.4079  1-4 EEL =      3506.9256  VDWAALS    =      -902.9354
 EELEC  =     -7375.4836  EGB     =     -1951.9907  RESTRAINT  =        95.0225
 EAMBER (non-restraint)  =     -3435.3296
 ESURF=        35.3793
 ------------------------------------------------------------------------------

 NMR restraints: Bond =    0.000   Angle =     0.000   Torsion =     0.000
===============================================================================

 NSTEP =   465000   TIME(PS) =     930.000  TEMP(K) =   277.64  PRESS =     0.0
 Etot   =     -2034.6045  EKtot   =      1287.9857  EPtot      =     -3322.5902
 BOND   =       327.8661  ANGLE   =       951.7186  DIHED      =      1554.4631
 1-4 NB =       401.5589  1-4 EEL =      3578.1371  VDWAALS    =      -889.7603
 EELEC  =     -7456.1235  EGB     =     -1930.5641  RESTRAINT  =       103.1198
 EAMBER (non-restraint)  =     -3425.7100
 ESURF=        36.9942
 ------------------------------------------------------------------------------

 NMR restraints: Bond =    0.000   Angle =     0.000   Torsion =     0.000
===============================================================================

 NSTEP =   470000   TIME(PS) =     940.000  TEMP(K) =   291.10  PRESS =     0.0
 Etot   =     -1967.6235  EKtot   =      1350.4377  EPtot      =     -3318.0612
 BOND   =       336.6629  ANGLE   =       994.9933  DIHED      =      1544.6480
 1-4 NB =       402.1170  1-4 EEL =      3542.4552  VDWAALS    =      -901.2905
 EELEC  =     -7476.4116  EGB     =     -1895.8981  RESTRAINT  =        99.3078
 EAMBER (non-restraint)  =     -3417.3690
 ESURF=        35.3548
 ------------------------------------------------------------------------------

 NMR restraints: Bond =    0.000   Angle =     0.000   Torsion =     0.000
===============================================================================

 NSTEP =   475000   TIME(PS) =     950.000  TEMP(K) =   287.19  PRESS =     0.0
 Etot   =     -1976.4989  EKtot   =      1332.2942  EPtot      =     -3308.7931
 BOND   =       346.0627  ANGLE   =       982.6453  DIHED      =      1555.4282
 1-4 NB =       410.2825  1-4 EEL =      3530.0714  VDWAALS    =      -903.3965
 EELEC  =     -7417.2632  EGB     =     -1950.0097  RESTRAINT  =       102.1197
 EAMBER (non-restraint)  =     -3410.9129
 ESURF=        35.2666
 ------------------------------------------------------------------------------

 NMR restraints: Bond =    0.000   Angle =     0.000   Torsion =     0.000
===============================================================================

 NSTEP =   480000   TIME(PS) =     960.000  TEMP(K) =   290.91  PRESS =     0.0
 Etot   =     -1935.6364  EKtot   =      1349.5825  EPtot      =     -3285.2189
 BOND   =       362.1502  ANGLE   =      1006.4924  DIHED      =      1548.4320
 1-4 NB =       405.6910  1-4 EEL =      3538.4818  VDWAALS    =      -890.9616
 EELEC  =     -7441.7561  EGB     =     -1935.9641  RESTRAINT  =        86.6288
 EAMBER (non-restraint)  =     -3371.8477
 ESURF=        35.5869
 ------------------------------------------------------------------------------

 NMR restraints: Bond =    0.000   Angle =     0.000   Torsion =     0.000
===============================================================================

 NSTEP =   485000   TIME(PS) =     970.000  TEMP(K) =   292.05  PRESS =     0.0
 Etot   =     -1902.8878  EKtot   =      1354.8511  EPtot      =     -3257.7388
 BOND   =       349.1503  ANGLE   =      1020.3451  DIHED      =      1555.5132
 1-4 NB =       420.5359  1-4 EEL =      3538.7330  VDWAALS    =      -895.2968
 EELEC  =     -7489.7997  EGB     =     -1899.9785  RESTRAINT  =       105.3328
 EAMBER (non-restraint)  =     -3363.0716
 ESURF=        37.7258
 ------------------------------------------------------------------------------

 NMR restraints: Bond =    0.000   Angle =     0.000   Torsion =     0.000
===============================================================================

 NSTEP =   490000   TIME(PS) =     980.000  TEMP(K) =   290.88  PRESS =     0.0
 Etot   =     -1905.2761  EKtot   =      1349.4094  EPtot      =     -3254.6855
 BOND   =       360.0404  ANGLE   =      1034.7192  DIHED      =      1561.7900
 1-4 NB =       404.4938  1-4 EEL =      3486.7019  VDWAALS    =      -892.0277
 EELEC  =     -7493.7762  EGB     =     -1850.3270  RESTRAINT  =        97.8444
 EAMBER (non-restraint)  =     -3352.5299
 ESURF=        35.8556
 ------------------------------------------------------------------------------

 NMR restraints: Bond =    0.000   Angle =     0.000   Torsion =     0.000
===============================================================================

 NSTEP =   495000   TIME(PS) =     990.000  TEMP(K) =   293.81  PRESS =     0.0
 Etot   =     -1859.3559  EKtot   =      1362.9942  EPtot      =     -3222.3501
 BOND   =       350.4554  ANGLE   =      1059.3442  DIHED      =      1578.1443
 1-4 NB =       396.5582  1-4 EEL =      3515.0661  VDWAALS    =      -890.5887
 EELEC  =     -7486.8479  EGB     =     -1888.6668  RESTRAINT  =       106.4345
 EAMBER (non-restraint)  =     -3328.7846
 ESURF=        37.7505
 ------------------------------------------------------------------------------

 NMR restraints: Bond =    0.000   Angle =     0.000   Torsion =     0.000
===============================================================================

 NSTEP =   500000   TIME(PS) =    1000.000  TEMP(K) =   299.39  PRESS =     0.0
 Etot   =     -1880.5207  EKtot   =      1388.8964  EPtot      =     -3269.4171
 BOND   =       324.0907  ANGLE   =       994.2629  DIHED      =      1564.1322
 1-4 NB =       399.5125  1-4 EEL =      3522.4945  VDWAALS    =      -863.4315
 EELEC  =     -7475.2947  EGB     =     -1878.8493  RESTRAINT  =       106.2935
 EAMBER (non-restraint)  =     -3375.7106
 ESURF=        37.3722
 ------------------------------------------------------------------------------

 NMR restraints: Bond =    0.000   Angle =     0.000   Torsion =     0.000
===============================================================================

      A V E R A G E S   O V E R     100 S T E P S


 NSTEP =   500000   TIME(PS) =    1000.000  TEMP(K) =   199.73  PRESS =     0.0
 Etot   =     -2795.3783  EKtot   =       926.5644  EPtot      =     -3721.9427
 BOND   =       265.2898  ANGLE   =       792.3975  DIHED      =      1497.1459
 1-4 NB =       386.5731  1-4 EEL =      3538.2716  VDWAALS    =      -911.5163
 EELEC  =     -7605.3388  EGB     =     -1788.6798  RESTRAINT  =        71.2024
 EAMBER (non-restraint)  =     -3793.1451
 ESURF=        32.7120
 ------------------------------------------------------------------------------

 NMR restraints: Bond =    0.000   Angle =     0.000   Torsion =     0.000
===============================================================================

      R M S  F L U C T U A T I O N S


 NSTEP =   500000   TIME(PS) =    1000.000  TEMP(K) =    57.19  PRESS =     0.0
 Etot   =       540.7509  EKtot   =       265.3153  EPtot      =       276.1975
 BOND   =        57.6840  ANGLE   =       132.8036  DIHED      =        35.0488
 1-4 NB =        11.3021  1-4 EEL =        19.1687  VDWAALS    =        14.3243
 EELEC  =       116.8342  EGB     =        91.9368  RESTRAINT  =        18.3815
 EAMBER (non-restraint)  =       257.8160
 ESURF=         1.7410
 ------------------------------------------------------------------------------


 NMR restraints on final step:

--------------------------------------------------------------------------------
   5.  TIMINGS
--------------------------------------------------------------------------------

|  NonSetup CPU Time in Major Routines:
|
|     Routine           Sec        %
|     ------------------------------
|     Nonbond       68820.32   98.63
|     Bond              6.77    0.01
|     Angle           108.73    0.16
|     Dihedral        639.89    0.92
|     Shake            28.84    0.04
|     RunMD           171.84    0.25
|     Other             0.58    0.00
|     ------------------------------
|     Total         69776.97

|  Generalized Born CPU Time:
|
|     Routine                 Sec        %
|     ------------------------------------
|     Radii Calc          16009.54   22.94
|     Diagonal Calc       29736.98   42.62
|     Off Diagonal Calc   23031.10   33.01
|     GBSA LCPO Calc          0.39    0.00
|     ---------------------------------
|     Total               68777.62   98.57

|  Final Performance Info:
|     -----------------------------------------------------
|     Average timings for last       1 steps:
|     Elapsed(s) =       0.00 Per Step(ms) =       0.12
|         ns/day =    1393.29   seconds/ns =      62.01
|
|     Average timings for all steps:
|     Elapsed(s) =  220829.37 Per Step(ms) =     441.66
|         ns/day =       0.39   seconds/ns =  220829.37
|     -----------------------------------------------------

|  Setup CPU time:            0.03 seconds
|  NonSetup CPU time:     69776.97 seconds
|  Total CPU time:        69777.00 seconds    19.38 hours

|  Setup wall time:           0    seconds
|  NonSetup wall time:   220830    seconds
|  Total wall time:      220830    seconds    61.34 hours
