
          -------------------------------------------------------
          Amber 22 PMEMD                              2022
          -------------------------------------------------------

| PMEMD implementation of SANDER, Release 22

|  Compiled date/time: Thu Apr 14 23:36:37 2022
| Run on 12/31/2023 at 00:09:39

|   Executable path: pmemd
| Working directory: /home/arul/Reegina/MD_Sim/amber_parameters/1QTU_info
|          Hostname: Unknown
  [-O]verwriting output

File Assignments:
|   MDIN: /home/arul/Reegina/MD_Sim/trial_file/min.in                           
|  MDOUT: min_1QTU.out                                                          
| INPCRD: 1QTU.rst7                                                             
|   PARM: 1QTU.hmass.parm7                                                      
| RESTRT: min_1QTU.rst7                                                         
|   REFC: refc                                                                  
|  MDVEL: mdvel                                                                 
|   MDEN: mden                                                                  
|  MDCRD: min_1QTU.crd                                                          
| MDINFO: min_1QTU.info                                                         
|  MDFRC: mdfrc                                                                 


 Here is the input file:

&cntrl                                                                         
  imin = 1,                                                                    
  maxcyc=100,                                                                  
  ntx = 1,                                                                     
  ntwr = 100,                                                                  
  ntpr = 10,                                                                   
  ioutfm=0,                                                                    
  ntxo=1,                                                                      
  cut = 1000.0,                                                                
  ntb=0,                                                                       
  igb = 8,                                                                     
  gbsa=3,                                                                      
  surften=0.007,                                                               
  saltcon = 0.0,                                                               
/                                                                              


Note: ig = -1. Setting random seed to    44511 based on wallclock time in 
      microseconds.
| irandom = 1, using AMBER's internal random number generator (default).
 
| Conditional Compilation Defines Used:
| PUBFFT
| BINTRAJ
| EMIL

| New format PARM file being parsed.
| Version =    1.000 Date = 12/30/23 Time = 23:54:18

| Note: 1-4 EEL scale factors are being read from the topology file.

| Note: 1-4 VDW scale factors are being read from the topology file.
| INFO:    Reading atomic numbers from topology file.
| Duplicated    0 dihedrals

| Duplicated    0 dihedrals

--------------------------------------------------------------------------------
   1.  RESOURCE   USE: 
--------------------------------------------------------------------------------

 NATOM  =    1862 NTYPES =      14 NBONH =     917 MBONA  =     971
 NTHETH =    2087 MTHETA =    1323 NPHIH =    4240 MPHIA  =    4148
 NHPARM =       0 NPARM  =       0 NNB   =   10289 NRES   =     115
 NBONA  =     971 NTHETA =    1323 NPHIA =    4148 NUMBND =      65
 NUMANG =     150 NPTRA  =     183 NATYP =      32 NPHB   =       0
 IFBOX  =       0 NMXRS  =      24 IFCAP =       0 NEXTRA =       0
 NCOPY  =       0

 Implicit solvent radii are ArgH and AspGluO modified Bondi2 radii (mbondi3)                                
 Replacing prmtop screening parameters with GBn2 (igb=8) values
--------------------------------------------------------------------------------
   2.  CONTROL  DATA  FOR  THE  RUN
--------------------------------------------------------------------------------

default_name                                                                    

General flags:
     imin    =       1, nmropt  =       0

Nature and format of input:
     ntx     =       1, irest   =       0, ntrx    =       1

Nature and format of output:
     ntxo    =       1, ntpr    =      10, ntrx    =       1, ntwr    =     100
     iwrap   =       0, ntwx    =       0, ntwv    =       0, ntwe    =       0
     ioutfm  =       0, ntwprt  =       0, idecomp =       0, rbornstat=      0

Potential function:
     ntf     =       1, ntb     =       0, igb     =       8, nsnb    =      25
     ipol    =       0, gbsa    =       3, iesp    =       0
     dielc   =   1.00000, cut     =1000.00000, intdiel =   1.00000
     saltcon =   0.00000, offset  =   0.19514, surften =   0.00700
     rdt     =   0.00000, rgbmax  =  25.00000  extdiel =  78.50000
     alpb  =        0
     gbalphaH  =   0.78844, gbbetaH   =   0.79870,  gbgammaH  =    0.43733
     gbalphaC  =   0.73376, gbbetaC   =   0.50638,  gbgammaC  =    0.20584
     gbalphaN  =   0.50336, gbbetaN   =   0.31683,  gbgammaN  =    0.19292
     gbalphaOS =   0.86781, gbbetaOS  =   0.87664,  gbgammaOS =    0.38788
     gbalphaP  =   1.00000, gbbetaP   =   0.80000,  gbgammaP  =    4.85000
     gb_alpha_hnu  =   0.53705, gb_beta_hnu   =   0.36286,  gb_gamma_hnu  =    0.11670
     gb_alpha_cnu  =   0.33167, gb_beta_cnu   =   0.19684,  gb_gamma_cnu  =    0.09342
     gb_alpha_nnu  =   0.68631, gb_beta_nnu   =   0.46319,  gb_gamma_nnu  =    0.13872
     gb_alpha_onu  =   0.60634, gb_beta_onu   =   0.46301,  gb_gamma_onu  =    0.14226
     gb_alpha_pnu  =   0.41836, gb_beta_pnu   =   0.29005,  gb_gamma_pnu  =    0.10642

Frozen or restrained atoms:
     ibelly  =       0, ntr     =       0

Energy minimization:
     maxcyc  =     100, ncyc    =      10, ntmin   =       1
     dx0     =   0.01000, drms    =   0.00010

| Intermolecular bonds treatment:
|     no_intermolecular_bonds =       1

| Energy averages sample interval:
|     ene_avg_sampling =       1

--------------------------------------------------------------------------------
   3.  ATOMIC COORDINATES AND VELOCITIES
--------------------------------------------------------------------------------

default_name                                                                    
 begin time read from input coords =     0.000 ps

 
 Number of triangulated 3-point waters found:        0
| Dynamic Memory, Types Used:
| Reals               50881
| Integers           219524

--------------------------------------------------------------------------------
   4.  RESULTS
--------------------------------------------------------------------------------



   NSTEP       ENERGY          RMS            GMAX         NAME    NUMBER
      1      -4.3176E+03     6.5130E+00     1.8281E+02     OXT      1862

 BOND    =       46.7808  ANGLE   =      372.6814  DIHED      =     1446.1829
 VDWAALS =     -868.2611  EEL     =    -8093.5014  EGB        =    -1525.1594
 1-4 VDW =      420.3404  1-4 EEL =     3860.7574  RESTRAINT  =        0.0000
 ESURF   =       22.5345


   NSTEP       ENERGY          RMS            GMAX         NAME    NUMBER
     10      -4.3964E+03     2.7513E+00     9.6153E+01     OXT      1862

 BOND    =       40.2319  ANGLE   =      339.0543  DIHED      =     1444.6263
 VDWAALS =     -876.0017  EEL     =    -8084.3972  EGB        =    -1531.4796
 1-4 VDW =      411.9686  1-4 EEL =     3837.0763  RESTRAINT  =        0.0000
 ESURF   =       22.5595


   NSTEP       ENERGY          RMS            GMAX         NAME    NUMBER
     20      -4.4994E+03     1.6600E+00     4.8999E+01     CA       1847

 BOND    =       59.3003  ANGLE   =      326.5291  DIHED      =     1441.5452
 VDWAALS =     -906.4861  EEL     =    -7983.3837  EGB        =    -1545.0735
 1-4 VDW =      399.4832  1-4 EEL =     3685.7510  RESTRAINT  =        0.0000
 ESURF   =       22.9416


   NSTEP       ENERGY          RMS            GMAX         NAME    NUMBER
     30      -4.5281E+03     1.1035E+00     1.8377E+01     C        1843

 BOND    =       62.6055  ANGLE   =      325.4412  DIHED      =     1437.3253
 VDWAALS =     -918.2225  EEL     =    -7946.8837  EGB        =    -1548.4015
 1-4 VDW =      390.4603  1-4 EEL =     3646.3092  RESTRAINT  =        0.0000
 ESURF   =       23.2951


   NSTEP       ENERGY          RMS            GMAX         NAME    NUMBER
     40      -4.5510E+03     1.5568E+00     5.0748E+01     C        1860

 BOND    =       62.0121  ANGLE   =      324.9285  DIHED      =     1435.5178
 VDWAALS =     -932.0944  EEL     =    -7936.5408  EGB        =    -1554.2128
 1-4 VDW =      380.6359  1-4 EEL =     3644.8662  RESTRAINT  =        0.0000
 ESURF   =       23.8518


   NSTEP       ENERGY          RMS            GMAX         NAME    NUMBER
     50      -4.5844E+03     1.0988E+00     2.0434E+01     CA       1847

 BOND    =       70.3411  ANGLE   =      335.8774  DIHED      =     1430.3105
 VDWAALS =     -953.7889  EEL     =    -7867.6612  EGB        =    -1567.4779
 1-4 VDW =      361.5907  1-4 EEL =     3581.2402  RESTRAINT  =        0.0000
 ESURF   =       25.1703


   NSTEP       ENERGY          RMS            GMAX         NAME    NUMBER
     60      -4.5906E+03     7.1865E-01     1.8733E+01     C        1860

 BOND    =       69.6923  ANGLE   =      336.1743  DIHED      =     1429.2666
 VDWAALS =     -955.4506  EEL     =    -7864.7000  EGB        =    -1568.0188
 1-4 VDW =      361.7501  1-4 EEL =     3575.4545  RESTRAINT  =        0.0000
 ESURF   =       25.2156


   NSTEP       ENERGY          RMS            GMAX         NAME    NUMBER
     70      -4.5998E+03     7.3038E-01     1.0781E+01     C        1843

 BOND    =       70.3474  ANGLE   =      335.4150  DIHED      =     1425.2093
 VDWAALS =     -957.3744  EEL     =    -7864.0060  EGB        =    -1570.7247
 1-4 VDW =      364.5085  1-4 EEL =     3571.3841  RESTRAINT  =        0.0000
 ESURF   =       25.4417


   NSTEP       ENERGY          RMS            GMAX         NAME    NUMBER
     80      -4.6067E+03     4.7678E-01     5.4882E+00     HA       1848

 BOND    =       66.8440  ANGLE   =      330.7503  DIHED      =     1421.1304
 VDWAALS =     -956.5623  EEL     =    -7876.6260  EGB        =    -1572.2643
 1-4 VDW =      365.7456  1-4 EEL =     3588.5995  RESTRAINT  =        0.0000
 ESURF   =       25.6619


   NSTEP       ENERGY          RMS            GMAX         NAME    NUMBER
     90      -4.6122E+03     5.8282E-01     8.9785E+00     C        1860

 BOND    =       67.4560  ANGLE   =      329.9434  DIHED      =     1420.0878
 VDWAALS =     -957.3368  EEL     =    -7875.4271  EGB        =    -1573.3139
 1-4 VDW =      363.9241  1-4 EEL =     3586.6809  RESTRAINT  =        0.0000
 ESURF   =       25.8137


   NSTEP       ENERGY          RMS            GMAX         NAME    NUMBER
    100      -4.6187E+03     6.7579E-01     1.1635E+01     CA       1847

 BOND    =       68.6949  ANGLE   =      331.4896  DIHED      =     1416.8082
 VDWAALS =     -957.7132  EEL     =    -7868.4353  EGB        =    -1576.3838
 1-4 VDW =      361.0668  1-4 EEL =     3579.5075  RESTRAINT  =        0.0000
 ESURF   =       26.2199


  Maximum number of minimization cycles reached.


                    FINAL RESULTS



   NSTEP       ENERGY          RMS            GMAX         NAME    NUMBER
    100      -4.6187E+03     6.7579E-01     1.1635E+01     CA       1847

 BOND    =       68.6949  ANGLE   =      331.4896  DIHED      =     1416.8082
 VDWAALS =     -957.7132  EEL     =    -7868.4353  EGB        =    -1576.3838
 1-4 VDW =      361.0668  1-4 EEL =     3579.5075  RESTRAINT  =        0.0000
 ESURF   =       26.2199
--------------------------------------------------------------------------------
   5.  TIMINGS
--------------------------------------------------------------------------------

|  NonSetup CPU Time in Major Routines:
|
|     Routine           Sec        %
|     ------------------------------
|     Nonbond          14.53   98.85
|     Bond              0.00    0.02
|     Angle             0.02    0.16
|     Dihedral          0.13    0.91
|     Shake             0.00    0.00
|     Other             0.01    0.06
|     ------------------------------
|     Total            14.70

|  Generalized Born CPU Time:
|
|     Routine                 Sec        %
|     ------------------------------------
|     Radii Calc              3.39   23.05
|     Diagonal Calc           6.25   42.56
|     Off Diagonal Calc       4.88   33.19
|     GBSA LCPO Calc          0.00    0.00
|     ---------------------------------
|     Total                  14.52   98.79

|  Setup CPU time:            0.02 seconds
|  NonSetup CPU time:        14.70 seconds
|  Total CPU time:           14.72 seconds     0.00 hours

|  Setup wall time:           0    seconds
|  NonSetup wall time:       38    seconds
|  Total wall time:          38    seconds     0.01 hours
