
          -------------------------------------------------------
          Amber 22 PMEMD                              2022
          -------------------------------------------------------

| PMEMD implementation of SANDER, Release 22

|  Compiled date/time: Thu Apr 14 23:36:37 2022
| Run on 12/30/2023 at 23:59:17

|   Executable path: pmemd
| Working directory: /home/arul/Reegina/MD_Sim/amber_parameters/1AVZ_info
|          Hostname: Unknown
  [-O]verwriting output

File Assignments:
|   MDIN: /home/arul/Reegina/MD_Sim/trial_file/min.in                           
|  MDOUT: min_1AVZ.out                                                          
| INPCRD: 1AVZ.rst7                                                             
|   PARM: 1AVZ.hmass.parm7                                                      
| RESTRT: min_1AVZ.rst7                                                         
|   REFC: refc                                                                  
|  MDVEL: mdvel                                                                 
|   MDEN: mden                                                                  
|  MDCRD: min_1AVZ.crd                                                          
| MDINFO: min_1AVZ.info                                                         
|  MDFRC: mdfrc                                                                 


 Here is the input file:

&cntrl                                                                         
  imin = 1,                                                                    
  maxcyc=100,                                                                  
  ntx = 1,                                                                     
  ntwr = 100,                                                                  
  ntpr = 10,                                                                   
  ioutfm=0,                                                                    
  ntxo=1,                                                                      
  cut = 1000.0,                                                                
  ntb=0,                                                                       
  igb = 8,                                                                     
  gbsa=3,                                                                      
  surften=0.007,                                                               
  saltcon = 0.0,                                                               
/                                                                              


Note: ig = -1. Setting random seed to   644977 based on wallclock time in 
      microseconds.
| irandom = 1, using AMBER's internal random number generator (default).
 
| Conditional Compilation Defines Used:
| PUBFFT
| BINTRAJ
| EMIL

| New format PARM file being parsed.
| Version =    1.000 Date = 12/30/23 Time = 23:53:51

| Note: 1-4 EEL scale factors are being read from the topology file.

| Note: 1-4 VDW scale factors are being read from the topology file.
| INFO:    Reading atomic numbers from topology file.
| Duplicated    0 dihedrals

| Duplicated    0 dihedrals

--------------------------------------------------------------------------------
   1.  RESOURCE   USE: 
--------------------------------------------------------------------------------

 NATOM  =     889 NTYPES =      13 NBONH =     426 MBONA  =     476
 NTHETH =     965 MTHETA =     649 NPHIH =    2027 MPHIA  =    2016
 NHPARM =       0 NPARM  =       0 NNB   =    4895 NRES   =      57
 NBONA  =     476 NTHETA =     649 NPHIA =    2016 NUMBND =      61
 NUMANG =     144 NPTRA  =     169 NATYP =      30 NPHB   =       0
 IFBOX  =       0 NMXRS  =      24 IFCAP =       0 NEXTRA =       0
 NCOPY  =       0

 Implicit solvent radii are ArgH and AspGluO modified Bondi2 radii (mbondi3)                                
 Replacing prmtop screening parameters with GBn2 (igb=8) values
--------------------------------------------------------------------------------
   2.  CONTROL  DATA  FOR  THE  RUN
--------------------------------------------------------------------------------

default_name                                                                    

General flags:
     imin    =       1, nmropt  =       0

Nature and format of input:
     ntx     =       1, irest   =       0, ntrx    =       1

Nature and format of output:
     ntxo    =       1, ntpr    =      10, ntrx    =       1, ntwr    =     100
     iwrap   =       0, ntwx    =       0, ntwv    =       0, ntwe    =       0
     ioutfm  =       0, ntwprt  =       0, idecomp =       0, rbornstat=      0

Potential function:
     ntf     =       1, ntb     =       0, igb     =       8, nsnb    =      25
     ipol    =       0, gbsa    =       3, iesp    =       0
     dielc   =   1.00000, cut     =1000.00000, intdiel =   1.00000
     saltcon =   0.00000, offset  =   0.19514, surften =   0.00700
     rdt     =   0.00000, rgbmax  =  25.00000  extdiel =  78.50000
     alpb  =        0
     gbalphaH  =   0.78844, gbbetaH   =   0.79870,  gbgammaH  =    0.43733
     gbalphaC  =   0.73376, gbbetaC   =   0.50638,  gbgammaC  =    0.20584
     gbalphaN  =   0.50336, gbbetaN   =   0.31683,  gbgammaN  =    0.19292
     gbalphaOS =   0.86781, gbbetaOS  =   0.87664,  gbgammaOS =    0.38788
     gbalphaP  =   1.00000, gbbetaP   =   0.80000,  gbgammaP  =    4.85000
     gb_alpha_hnu  =   0.53705, gb_beta_hnu   =   0.36286,  gb_gamma_hnu  =    0.11670
     gb_alpha_cnu  =   0.33167, gb_beta_cnu   =   0.19684,  gb_gamma_cnu  =    0.09342
     gb_alpha_nnu  =   0.68631, gb_beta_nnu   =   0.46319,  gb_gamma_nnu  =    0.13872
     gb_alpha_onu  =   0.60634, gb_beta_onu   =   0.46301,  gb_gamma_onu  =    0.14226
     gb_alpha_pnu  =   0.41836, gb_beta_pnu   =   0.29005,  gb_gamma_pnu  =    0.10642

Frozen or restrained atoms:
     ibelly  =       0, ntr     =       0

Energy minimization:
     maxcyc  =     100, ncyc    =      10, ntmin   =       1
     dx0     =   0.01000, drms    =   0.00010

| Intermolecular bonds treatment:
|     no_intermolecular_bonds =       1

| Energy averages sample interval:
|     ene_avg_sampling =       1

--------------------------------------------------------------------------------
   3.  ATOMIC COORDINATES AND VELOCITIES
--------------------------------------------------------------------------------

default_name                                                                    
 begin time read from input coords =     0.000 ps

 
 Number of triangulated 3-point waters found:        0
| Dynamic Memory, Types Used:
| Reals               25393
| Integers           105254

--------------------------------------------------------------------------------
   4.  RESULTS
--------------------------------------------------------------------------------



   NSTEP       ENERGY          RMS            GMAX         NAME    NUMBER
      1      -1.5460E+03     1.3022E+01     1.8149E+02     HG2       778

 BOND    =       31.5637  ANGLE   =      132.5008  DIHED      =      624.3437
 VDWAALS =     -193.7498  EEL     =    -3335.8185  EGB        =    -1686.2802
 1-4 VDW =      267.2983  1-4 EEL =     2590.5572  RESTRAINT  =        0.0000
 ESURF   =       23.5473


   NSTEP       ENERGY          RMS            GMAX         NAME    NUMBER
     10      -1.6618E+03     6.0898E+00     6.0320E+01     HD1        45

 BOND    =       23.1312  ANGLE   =      115.9785  DIHED      =      622.8889
 VDWAALS =     -267.3046  EEL     =    -3339.1162  EGB        =    -1686.8712
 1-4 VDW =      260.5377  1-4 EEL =     2585.3877  RESTRAINT  =        0.0000
 ESURF   =       23.5554


   NSTEP       ENERGY          RMS            GMAX         NAME    NUMBER
     20      -1.8415E+03     3.4448E+00     2.1287E+01     CE2       547

 BOND    =       30.0693  ANGLE   =      130.9633  DIHED      =      628.5095
 VDWAALS =     -395.6708  EEL     =    -3341.7798  EGB        =    -1689.7793
 1-4 VDW =      224.6093  1-4 EEL =     2547.6594  RESTRAINT  =        0.0000
 ESURF   =       23.9512


   NSTEP       ENERGY          RMS            GMAX         NAME    NUMBER
     30      -1.8957E+03     3.0456E+00     3.1956E+01     C         887

 BOND    =       29.8808  ANGLE   =      114.9745  DIHED      =      626.7869
 VDWAALS =     -407.1176  EEL     =    -3345.3760  EGB        =    -1686.6954
 1-4 VDW =      210.4056  1-4 EEL =     2537.1652  RESTRAINT  =        0.0000
 ESURF   =       24.2596


   NSTEP       ENERGY          RMS            GMAX         NAME    NUMBER
     40      -1.9343E+03     2.2861E+00     1.7955E+01     CG        650

 BOND    =       28.0537  ANGLE   =      105.5309  DIHED      =      623.2374
 VDWAALS =     -420.1538  EEL     =    -3355.6360  EGB        =    -1684.2345
 1-4 VDW =      206.5006  1-4 EEL =     2537.8841  RESTRAINT  =        0.0000
 ESURF   =       24.4721


   NSTEP       ENERGY          RMS            GMAX         NAME    NUMBER
     50      -1.9782E+03     2.1229E+00     2.2564E+01     CD        511

 BOND    =       29.7495  ANGLE   =      113.4768  DIHED      =      624.1208
 VDWAALS =     -434.8658  EEL     =    -3367.3670  EGB        =    -1679.4732
 1-4 VDW =      191.4972  1-4 EEL =     2519.6457  RESTRAINT  =        0.0000
 ESURF   =       25.0427


   NSTEP       ENERGY          RMS            GMAX         NAME    NUMBER
     60      -1.9864E+03     1.0759E+00     1.2556E+01     CD        511

 BOND    =       27.5280  ANGLE   =      109.8814  DIHED      =      623.6139
 VDWAALS =     -436.9262  EEL     =    -3367.5569  EGB        =    -1678.9359
 1-4 VDW =      191.7990  1-4 EEL =     2519.1062  RESTRAINT  =        0.0000
 ESURF   =       25.0785


   NSTEP       ENERGY          RMS            GMAX         NAME    NUMBER
     70      -1.9988E+03     1.5137E+00     1.3065E+01     CD2       556

 BOND    =       28.4036  ANGLE   =      111.7332  DIHED      =      621.9372
 VDWAALS =     -442.2961  EEL     =    -3370.6925  EGB        =    -1678.3737
 1-4 VDW =      192.1910  1-4 EEL =     2513.0487  RESTRAINT  =        0.0000
 ESURF   =       25.2178


   NSTEP       ENERGY          RMS            GMAX         NAME    NUMBER
     80      -2.0106E+03     9.0610E-01     6.8354E+00     HG2       778

 BOND    =       28.8997  ANGLE   =      108.8175  DIHED      =      620.7051
 VDWAALS =     -441.8473  EEL     =    -3376.1135  EGB        =    -1676.6462
 1-4 VDW =      190.7478  1-4 EEL =     2509.4748  RESTRAINT  =        0.0000
 ESURF   =       25.3783


   NSTEP       ENERGY          RMS            GMAX         NAME    NUMBER
     90      -2.0201E+03     1.0983E+00     8.9131E+00     C         887

 BOND    =       28.4754  ANGLE   =      105.7550  DIHED      =      617.8203
 VDWAALS =     -441.1760  EEL     =    -3380.7020  EGB        =    -1676.0049
 1-4 VDW =      189.7848  1-4 EEL =     2510.5115  RESTRAINT  =        0.0000
 ESURF   =       25.4312


   NSTEP       ENERGY          RMS            GMAX         NAME    NUMBER
    100      -2.0263E+03     1.0262E+00     8.9991E+00     CD        511

 BOND    =       28.4477  ANGLE   =      107.5811  DIHED      =      616.4279
 VDWAALS =     -440.6445  EEL     =    -3382.3863  EGB        =    -1676.4613
 1-4 VDW =      187.5330  1-4 EEL =     2507.6818  RESTRAINT  =        0.0000
 ESURF   =       25.5256


  Maximum number of minimization cycles reached.


                    FINAL RESULTS



   NSTEP       ENERGY          RMS            GMAX         NAME    NUMBER
    100      -2.0263E+03     1.0262E+00     8.9991E+00     CD        511

 BOND    =       28.4477  ANGLE   =      107.5811  DIHED      =      616.4279
 VDWAALS =     -440.6445  EEL     =    -3382.3863  EGB        =    -1676.4613
 1-4 VDW =      187.5330  1-4 EEL =     2507.6818  RESTRAINT  =        0.0000
 ESURF   =       25.5256
--------------------------------------------------------------------------------
   5.  TIMINGS
--------------------------------------------------------------------------------

|  NonSetup CPU Time in Major Routines:
|
|     Routine           Sec        %
|     ------------------------------
|     Nonbond           3.57   97.75
|     Bond              0.00    0.03
|     Angle             0.01    0.30
|     Dihedral          0.06    1.77
|     Shake             0.00    0.00
|     Other             0.01    0.14
|     ------------------------------
|     Total             3.65

|  Generalized Born CPU Time:
|
|     Routine                 Sec        %
|     ------------------------------------
|     Radii Calc              0.85   23.22
|     Diagonal Calc           1.55   42.48
|     Off Diagonal Calc       1.16   31.93
|     GBSA LCPO Calc          0.00    0.00
|     ---------------------------------
|     Total                   3.56   97.63

|  Setup CPU time:            0.01 seconds
|  NonSetup CPU time:         3.65 seconds
|  Total CPU time:            3.66 seconds     0.00 hours

|  Setup wall time:           0    seconds
|  NonSetup wall time:        9    seconds
|  Total wall time:           9    seconds     0.00 hours
