
          -------------------------------------------------------
          Amber 22 PMEMD                              2022
          -------------------------------------------------------

| PMEMD implementation of SANDER, Release 22

|  Compiled date/time: Thu Apr 14 23:36:37 2022
| Run on 01/01/2024 at 17:42:51

|   Executable path: pmemd
| Working directory: /home/arul/Reegina/MD_Sim/finalll/1PNJ_info
|          Hostname: Unknown
  [-O]verwriting output

File Assignments:
|   MDIN: eq1.in                                                                
|  MDOUT: eq1.out                                                               
| INPCRD: heat.rst7                                                             
|   PARM: 1PNJ.hmass.parm7                                                      
| RESTRT: eq1.rst7                                                              
|   REFC: heat.rst7                                                             
|  MDVEL: mdvel                                                                 
|   MDEN: mden                                                                  
|  MDCRD: eq1.crd                                                               
| MDINFO: eq1.info                                                              
|  MDFRC: mdfrc                                                                 


 Here is the input file:

&cntrl                                                                         
   ntx = 5,                                                                    
                                                                               
   ntwx = 5000, ntwe = 0, ntwr = 500,                                          
   ntpr = 5000,                                                                
                                                                               
   ioutfm=0, ntxo=1,                                                           
                                                                               
   imin = 0, nstlim = 125000, dt = 0.002,                                      
                                                                               
   ntt = 3, gamma_ln=1.0, temp0 = 300.0,                                       
   nscm = 1000, ig = -1, irest = 1,                                            
                                                                               
   ntc= 2, ntf = 2, cut = 1000,                                                
                                                                               
   igb=8, gbsa=3, surften=0.007, ntb = 0,                                      
   saltcon=0.,                                                                 
                                                                               
   ntr=1, restraintmask="@CA,N,C,O",                                           
   restraint_wt=1.0,                                                           
 /                                                                             


Note: ig = -1. Setting random seed to    67261 based on wallclock time in 
      microseconds.
| irandom = 1, using AMBER's internal random number generator (default).
 
| Conditional Compilation Defines Used:
| PUBFFT
| BINTRAJ
| EMIL

| New format PARM file being parsed.
| Version =    1.000 Date = 12/29/23 Time = 22:54:45

| Note: 1-4 EEL scale factors are being read from the topology file.

| Note: 1-4 VDW scale factors are being read from the topology file.
| INFO:    Reading atomic numbers from topology file.
| Duplicated    0 dihedrals

| Duplicated    0 dihedrals

--------------------------------------------------------------------------------
   1.  RESOURCE   USE: 
--------------------------------------------------------------------------------

 NATOM  =    1327 NTYPES =      14 NBONH =     646 MBONA  =     695
 NTHETH =    1476 MTHETA =     936 NPHIH =    3035 MPHIA  =    2896
 NHPARM =       0 NPARM  =       0 NNB   =    7301 NRES   =      86
 NBONA  =     695 NTHETA =     936 NPHIA =    2896 NUMBND =      65
 NUMANG =     150 NPTRA  =     183 NATYP =      32 NPHB   =       0
 IFBOX  =       0 NMXRS  =      24 IFCAP =       0 NEXTRA =       0
 NCOPY  =       0

 Implicit solvent radii are ArgH and AspGluO modified Bondi2 radii (mbondi3)                                
 Replacing prmtop screening parameters with GBn2 (igb=8) values
--------------------------------------------------------------------------------
   2.  CONTROL  DATA  FOR  THE  RUN
--------------------------------------------------------------------------------

default_name                                                                    

General flags:
     imin    =       0, nmropt  =       0

Nature and format of input:
     ntx     =       5, irest   =       1, ntrx    =       1

Nature and format of output:
     ntxo    =       1, ntpr    =    5000, ntrx    =       1, ntwr    =     500
     iwrap   =       0, ntwx    =    5000, ntwv    =       0, ntwe    =       0
     ioutfm  =       0, ntwprt  =       0, idecomp =       0, rbornstat=      0

Potential function:
     ntf     =       2, ntb     =       0, igb     =       8, nsnb    =      25
     ipol    =       0, gbsa    =       3, iesp    =       0
     dielc   =   1.00000, cut     =1000.00000, intdiel =   1.00000
     saltcon =   0.00000, offset  =   0.19514, surften =   0.00700
     rdt     =   0.00000, rgbmax  =  25.00000  extdiel =  78.50000
     alpb  =        0
     gbalphaH  =   0.78844, gbbetaH   =   0.79870,  gbgammaH  =    0.43733
     gbalphaC  =   0.73376, gbbetaC   =   0.50638,  gbgammaC  =    0.20584
     gbalphaN  =   0.50336, gbbetaN   =   0.31683,  gbgammaN  =    0.19292
     gbalphaOS =   0.86781, gbbetaOS  =   0.87664,  gbgammaOS =    0.38788
     gbalphaP  =   1.00000, gbbetaP   =   0.80000,  gbgammaP  =    4.85000
     gb_alpha_hnu  =   0.53705, gb_beta_hnu   =   0.36286,  gb_gamma_hnu  =    0.11670
     gb_alpha_cnu  =   0.33167, gb_beta_cnu   =   0.19684,  gb_gamma_cnu  =    0.09342
     gb_alpha_nnu  =   0.68631, gb_beta_nnu   =   0.46319,  gb_gamma_nnu  =    0.13872
     gb_alpha_onu  =   0.60634, gb_beta_onu   =   0.46301,  gb_gamma_onu  =    0.14226
     gb_alpha_pnu  =   0.41836, gb_beta_pnu   =   0.29005,  gb_gamma_pnu  =    0.10642

Frozen or restrained atoms:
     ibelly  =       0, ntr     =       1
     restraint_wt =   1.00000

Molecular dynamics:
     nstlim  =    125000, nscm    =         0, nrespa  =         1
     t       =   0.00000, dt      =   0.00200, vlimit  =  20.00000

Langevin dynamics temperature regulation:
     ig      =   67261
     temp0   = 300.00000, tempi   =   0.00000, gamma_ln=   1.00000

SHAKE:
     ntc     =       2, jfastw  =       0
     tol     =   0.00001

| Intermolecular bonds treatment:
|     no_intermolecular_bonds =       1

| Energy averages sample interval:
|     ene_avg_sampling =    5000

    LOADING THE CONSTRAINED ATOMS AS GROUPS


   5.  REFERENCE ATOM COORDINATES

  default_name                                                                    
     Mask @CA,N,C,O; matches   344 atoms

--------------------------------------------------------------------------------
   3.  ATOMIC COORDINATES AND VELOCITIES
--------------------------------------------------------------------------------

default_name                                                                    
 begin time read from input coords =  1000.000 ps

 
 Number of triangulated 3-point waters found:        0
| Dynamic Memory, Types Used:
| Reals               46906
| Integers           158317

--------------------------------------------------------------------------------
   4.  RESULTS
--------------------------------------------------------------------------------


 NSTEP =     5000   TIME(PS) =    1010.000  TEMP(K) =   306.60  PRESS =     0.0
 Etot   =     -1195.2476  EKtot   =      1015.9497  EPtot      =     -2211.1973
 BOND   =       240.8507  ANGLE   =       660.4684  DIHED      =      1014.0218
 1-4 NB =       288.4430  1-4 EEL =      3882.8644  VDWAALS    =      -547.7756
 EELEC  =     -5347.4354  EGB     =     -2499.3545  RESTRAINT  =        50.4500
 EAMBER (non-restraint)  =     -2261.6473
 ESURF=        46.2699
 ------------------------------------------------------------------------------


 NSTEP =    10000   TIME(PS) =    1020.000  TEMP(K) =   299.75  PRESS =     0.0
 Etot   =     -1153.2107  EKtot   =       993.2678  EPtot      =     -2146.4786
 BOND   =       279.0902  ANGLE   =       662.4983  DIHED      =      1023.1815
 1-4 NB =       293.9337  1-4 EEL =      3870.2162  VDWAALS    =      -548.3372
 EELEC  =     -5333.5790  EGB     =     -2502.2384  RESTRAINT  =        63.2024
 EAMBER (non-restraint)  =     -2209.6809
 ESURF=        45.5539
 ------------------------------------------------------------------------------


 NSTEP =    15000   TIME(PS) =    1030.000  TEMP(K) =   306.55  PRESS =     0.0
 Etot   =     -1179.7968  EKtot   =      1015.7974  EPtot      =     -2195.5942
 BOND   =       274.6975  ANGLE   =       685.6294  DIHED      =      1010.1554
 1-4 NB =       275.8047  1-4 EEL =      3860.8241  VDWAALS    =      -540.5823
 EELEC  =     -5336.1849  EGB     =     -2523.2061  RESTRAINT  =        50.6595
 EAMBER (non-restraint)  =     -2246.2537
 ESURF=        46.6085
 ------------------------------------------------------------------------------


 NSTEP =    20000   TIME(PS) =    1040.000  TEMP(K) =   287.74  PRESS =     0.0
 Etot   =     -1217.7655  EKtot   =       953.4701  EPtot      =     -2171.2355
 BOND   =       298.3300  ANGLE   =       644.2523  DIHED      =      1002.9173
 1-4 NB =       294.9523  1-4 EEL =      3819.5757  VDWAALS    =      -541.8457
 EELEC  =     -5311.5903  EGB     =     -2483.4684  RESTRAINT  =        59.0292
 EAMBER (non-restraint)  =     -2230.2647
 ESURF=        46.6122
 ------------------------------------------------------------------------------


 NSTEP =    25000   TIME(PS) =    1050.000  TEMP(K) =   288.78  PRESS =     0.0
 Etot   =     -1213.1642  EKtot   =       956.9232  EPtot      =     -2170.0874
 BOND   =       283.3662  ANGLE   =       654.5203  DIHED      =      1010.9228
 1-4 NB =       298.7158  1-4 EEL =      3898.0167  VDWAALS    =      -549.3846
 EELEC  =     -5453.4656  EGB     =     -2411.6531  RESTRAINT  =        52.8759
 EAMBER (non-restraint)  =     -2222.9633
 ESURF=        45.9982
 ------------------------------------------------------------------------------


 NSTEP =    30000   TIME(PS) =    1060.000  TEMP(K) =   305.17  PRESS =     0.0
 Etot   =     -1126.1518  EKtot   =      1011.2326  EPtot      =     -2137.3844
 BOND   =       255.4123  ANGLE   =       724.0736  DIHED      =      1030.4627
 1-4 NB =       290.3702  1-4 EEL =      3847.1173  VDWAALS    =      -567.7608
 EELEC  =     -5408.6672  EGB     =     -2415.0722  RESTRAINT  =        61.4502
 EAMBER (non-restraint)  =     -2198.8346
 ESURF=        45.2295
 ------------------------------------------------------------------------------


 NSTEP =    35000   TIME(PS) =    1070.000  TEMP(K) =   309.30  PRESS =     0.0
 Etot   =     -1157.5245  EKtot   =      1024.9205  EPtot      =     -2182.4450
 BOND   =       237.9922  ANGLE   =       684.3765  DIHED      =      1013.1917
 1-4 NB =       294.1847  1-4 EEL =      3874.1453  VDWAALS    =      -552.3521
 EELEC  =     -5401.3004  EGB     =     -2426.7558  RESTRAINT  =        48.4339
 EAMBER (non-restraint)  =     -2230.8789
 ESURF=        45.6390
 ------------------------------------------------------------------------------


 NSTEP =    40000   TIME(PS) =    1080.000  TEMP(K) =   293.32  PRESS =     0.0
 Etot   =     -1192.1441  EKtot   =       971.9650  EPtot      =     -2164.1091
 BOND   =       255.0061  ANGLE   =       689.6023  DIHED      =      1011.1831
 1-4 NB =       302.9710  1-4 EEL =      3872.2940  VDWAALS    =      -543.9803
 EELEC  =     -5452.1962  EGB     =     -2406.3422  RESTRAINT  =        60.8687
 EAMBER (non-restraint)  =     -2224.9778
 ESURF=        46.4843
 ------------------------------------------------------------------------------


 NSTEP =    45000   TIME(PS) =    1090.000  TEMP(K) =   294.09  PRESS =     0.0
 Etot   =     -1201.4654  EKtot   =       974.5154  EPtot      =     -2175.9808
 BOND   =       260.0118  ANGLE   =       706.8320  DIHED      =      1006.4539
 1-4 NB =       291.3082  1-4 EEL =      3853.7537  VDWAALS    =      -555.6543
 EELEC  =     -5493.1947  EGB     =     -2350.9322  RESTRAINT  =        60.2696
 EAMBER (non-restraint)  =     -2236.2504
 ESURF=        45.1711
 ------------------------------------------------------------------------------


 NSTEP =    50000   TIME(PS) =    1100.000  TEMP(K) =   298.28  PRESS =     0.0
 Etot   =     -1205.4151  EKtot   =       988.4040  EPtot      =     -2193.8192
 BOND   =       276.6425  ANGLE   =       652.9834  DIHED      =       978.6310
 1-4 NB =       298.1146  1-4 EEL =      3868.8311  VDWAALS    =      -543.8558
 EELEC  =     -5463.1027  EGB     =     -2365.9406  RESTRAINT  =        58.8114
 EAMBER (non-restraint)  =     -2252.6306
 ESURF=        45.0660
 ------------------------------------------------------------------------------


 NSTEP =    55000   TIME(PS) =    1110.000  TEMP(K) =   298.84  PRESS =     0.0
 Etot   =     -1160.9952  EKtot   =       990.2491  EPtot      =     -2151.2443
 BOND   =       290.0127  ANGLE   =       665.8489  DIHED      =      1001.1844
 1-4 NB =       290.9631  1-4 EEL =      3850.1650  VDWAALS    =      -533.1394
 EELEC  =     -5429.9827  EGB     =     -2392.3159  RESTRAINT  =        58.4992
 EAMBER (non-restraint)  =     -2209.7435
 ESURF=        47.5203
 ------------------------------------------------------------------------------


 NSTEP =    60000   TIME(PS) =    1120.000  TEMP(K) =   303.91  PRESS =     0.0
 Etot   =     -1177.0755  EKtot   =      1007.0501  EPtot      =     -2184.1256
 BOND   =       264.5370  ANGLE   =       672.5092  DIHED      =      1008.7320
 1-4 NB =       287.1608  1-4 EEL =      3862.0347  VDWAALS    =      -547.7349
 EELEC  =     -5451.5159  EGB     =     -2376.8621  RESTRAINT  =        50.2447
 EAMBER (non-restraint)  =     -2234.3703
 ESURF=        46.7688
 ------------------------------------------------------------------------------


 NSTEP =    65000   TIME(PS) =    1130.000  TEMP(K) =   292.81  PRESS =     0.0
 Etot   =     -1233.2706  EKtot   =       970.2785  EPtot      =     -2203.5491
 BOND   =       256.9116  ANGLE   =       655.8835  DIHED      =      1014.2105
 1-4 NB =       294.0702  1-4 EEL =      3857.7264  VDWAALS    =      -538.6625
 EELEC  =     -5425.2217  EGB     =     -2416.2972  RESTRAINT  =        53.3198
 EAMBER (non-restraint)  =     -2256.8690
 ESURF=        44.5104
 ------------------------------------------------------------------------------


 NSTEP =    70000   TIME(PS) =    1140.000  TEMP(K) =   297.05  PRESS =     0.0
 Etot   =     -1263.9773  EKtot   =       984.3214  EPtot      =     -2248.2988
 BOND   =       265.6579  ANGLE   =       645.1833  DIHED      =       990.3705
 1-4 NB =       295.0221  1-4 EEL =      3831.4566  VDWAALS    =      -558.6268
 EELEC  =     -5452.1056  EGB     =     -2361.1041  RESTRAINT  =        49.7751
 EAMBER (non-restraint)  =     -2298.0739
 ESURF=        46.0723
 ------------------------------------------------------------------------------


 NSTEP =    75000   TIME(PS) =    1150.000  TEMP(K) =   307.55  PRESS =     0.0
 Etot   =     -1173.6172  EKtot   =      1019.1047  EPtot      =     -2192.7219
 BOND   =       266.2592  ANGLE   =       683.4244  DIHED      =      1002.3669
 1-4 NB =       285.9370  1-4 EEL =      3836.2161  VDWAALS    =      -552.4012
 EELEC  =     -5406.0541  EGB     =     -2413.0905  RESTRAINT  =        58.1489
 EAMBER (non-restraint)  =     -2250.8707
 ESURF=        46.4716
 ------------------------------------------------------------------------------


 NSTEP =    80000   TIME(PS) =    1160.000  TEMP(K) =   307.36  PRESS =     0.0
 Etot   =     -1210.1351  EKtot   =      1018.4787  EPtot      =     -2228.6137
 BOND   =       256.8795  ANGLE   =       640.1574  DIHED      =      1011.1688
 1-4 NB =       297.2156  1-4 EEL =      3851.4131  VDWAALS    =      -536.9204
 EELEC  =     -5454.4900  EGB     =     -2394.4989  RESTRAINT  =        54.3915
 EAMBER (non-restraint)  =     -2283.0053
 ESURF=        46.0697
 ------------------------------------------------------------------------------


 NSTEP =    85000   TIME(PS) =    1170.000  TEMP(K) =   298.06  PRESS =     0.0
 Etot   =     -1208.9769  EKtot   =       987.6679  EPtot      =     -2196.6447
 BOND   =       262.2509  ANGLE   =       704.7659  DIHED      =       982.5867
 1-4 NB =       289.1198  1-4 EEL =      3855.2764  VDWAALS    =      -539.7401
 EELEC  =     -5492.3184  EGB     =     -2359.3685  RESTRAINT  =        54.7538
 EAMBER (non-restraint)  =     -2251.3985
 ESURF=        46.0288
 ------------------------------------------------------------------------------


 NSTEP =    90000   TIME(PS) =    1180.000  TEMP(K) =   303.67  PRESS =     0.0
 Etot   =     -1209.0725  EKtot   =      1006.2673  EPtot      =     -2215.3398
 BOND   =       277.8521  ANGLE   =       678.9049  DIHED      =       989.5944
 1-4 NB =       285.6441  1-4 EEL =      3842.6587  VDWAALS    =      -548.0814
 EELEC  =     -5439.4502  EGB     =     -2402.6929  RESTRAINT  =        53.2748
 EAMBER (non-restraint)  =     -2268.6146
 ESURF=        46.9555
 ------------------------------------------------------------------------------


 NSTEP =    95000   TIME(PS) =    1190.000  TEMP(K) =   290.47  PRESS =     0.0
 Etot   =     -1222.1693  EKtot   =       962.5094  EPtot      =     -2184.6787
 BOND   =       285.5613  ANGLE   =       676.4264  DIHED      =       979.8051
 1-4 NB =       291.1380  1-4 EEL =      3898.8161  VDWAALS    =      -537.6943
 EELEC  =     -5490.5672  EGB     =     -2385.9911  RESTRAINT  =        51.2235
 EAMBER (non-restraint)  =     -2235.9022
 ESURF=        46.6035
 ------------------------------------------------------------------------------


 NSTEP =   100000   TIME(PS) =    1200.000  TEMP(K) =   312.48  PRESS =     0.0
 Etot   =     -1145.1586  EKtot   =      1035.4395  EPtot      =     -2180.5981
 BOND   =       267.9480  ANGLE   =       675.3592  DIHED      =      1016.7977
 1-4 NB =       289.3437  1-4 EEL =      3842.2238  VDWAALS    =      -555.4450
 EELEC  =     -5488.3275  EGB     =     -2328.3245  RESTRAINT  =        54.1132
 EAMBER (non-restraint)  =     -2234.7113
 ESURF=        45.7132
 ------------------------------------------------------------------------------


 NSTEP =   105000   TIME(PS) =    1210.000  TEMP(K) =   306.43  PRESS =     0.0
 Etot   =     -1110.2598  EKtot   =      1015.3859  EPtot      =     -2125.6458
 BOND   =       289.4429  ANGLE   =       677.6532  DIHED      =      1002.8925
 1-4 NB =       304.5430  1-4 EEL =      3900.2014  VDWAALS    =      -539.8437
 EELEC  =     -5440.5350  EGB     =     -2417.1068  RESTRAINT  =        50.7686
 EAMBER (non-restraint)  =     -2176.4143
 ESURF=        46.3383
 ------------------------------------------------------------------------------


 NSTEP =   110000   TIME(PS) =    1220.000  TEMP(K) =   285.67  PRESS =     0.0
 Etot   =     -1231.9154  EKtot   =       946.5957  EPtot      =     -2178.5111
 BOND   =       281.1517  ANGLE   =       681.0923  DIHED      =      1000.2091
 1-4 NB =       287.2708  1-4 EEL =      3901.9889  VDWAALS    =      -561.3751
 EELEC  =     -5538.1561  EGB     =     -2332.0591  RESTRAINT  =        55.4205
 EAMBER (non-restraint)  =     -2233.9316
 ESURF=        45.9460
 ------------------------------------------------------------------------------


 NSTEP =   115000   TIME(PS) =    1230.000  TEMP(K) =   315.66  PRESS =     0.0
 Etot   =     -1153.7214  EKtot   =      1045.9915  EPtot      =     -2199.7129
 BOND   =       270.6519  ANGLE   =       636.0624  DIHED      =       991.2898
 1-4 NB =       308.6524  1-4 EEL =      3889.9710  VDWAALS    =      -549.7685
 EELEC  =     -5429.7637  EGB     =     -2421.7220  RESTRAINT  =        59.4844
 EAMBER (non-restraint)  =     -2259.1973
 ESURF=        45.4293
 ------------------------------------------------------------------------------


 NSTEP =   120000   TIME(PS) =    1240.000  TEMP(K) =   296.07  PRESS =     0.0
 Etot   =     -1221.6184  EKtot   =       981.0864  EPtot      =     -2202.7047
 BOND   =       274.0809  ANGLE   =       649.7047  DIHED      =       990.3550
 1-4 NB =       301.0248  1-4 EEL =      3875.9452  VDWAALS    =      -543.3131
 EELEC  =     -5427.5879  EGB     =     -2417.8565  RESTRAINT  =        49.0929
 EAMBER (non-restraint)  =     -2251.7976
 ESURF=        45.8493
 ------------------------------------------------------------------------------


 NSTEP =   125000   TIME(PS) =    1250.000  TEMP(K) =   295.65  PRESS =     0.0
 Etot   =     -1193.0323  EKtot   =       979.6860  EPtot      =     -2172.7183
 BOND   =       292.7594  ANGLE   =       682.7610  DIHED      =      1004.4562
 1-4 NB =       285.8438  1-4 EEL =      3811.4889  VDWAALS    =      -552.1596
 EELEC  =     -5412.2334  EGB     =     -2377.2641  RESTRAINT  =        47.0340
 EAMBER (non-restraint)  =     -2219.7522
 ESURF=        44.5957
 ------------------------------------------------------------------------------


      A V E R A G E S   O V E R      25 S T E P S


 NSTEP =   125000   TIME(PS) =    1250.000  TEMP(K) =   300.05  PRESS =     0.0
 Etot   =     -1190.2752  EKtot   =       994.2623  EPtot      =     -2184.5376
 BOND   =       270.5343  ANGLE   =       671.6389  DIHED      =      1003.4856
 1-4 NB =       292.8699  1-4 EEL =      3862.2088  VDWAALS    =      -547.4574
 EELEC  =     -5431.1610  EGB     =     -2407.2607  RESTRAINT  =        54.6238
 EAMBER (non-restraint)  =     -2239.1614
 ESURF=        45.9802
 ------------------------------------------------------------------------------


      R M S  F L U C T U A T I O N S


 NSTEP =   125000   TIME(PS) =    1250.000  TEMP(K) =     7.84  PRESS =     0.0
 Etot   =        35.5149  EKtot   =        25.9782  EPtot      =        27.0795
 BOND   =        15.1614  ANGLE   =        21.5067  DIHED      =        12.9428
 1-4 NB =         6.9683  1-4 EEL =        24.3396  VDWAALS    =         8.1727
 EELEC  =        53.5294  EGB     =        49.6476  RESTRAINT  =         4.5404
 EAMBER (non-restraint)  =        22.5391
 ESURF=         0.7121
 ------------------------------------------------------------------------------

--------------------------------------------------------------------------------
   5.  TIMINGS
--------------------------------------------------------------------------------

|  NonSetup CPU Time in Major Routines:
|
|     Routine           Sec        %
|     ------------------------------
|     Nonbond        8679.09   98.12
|     Bond              1.25    0.01
|     Angle            18.82    0.21
|     Dihedral        110.90    1.25
|     Shake             5.14    0.06
|     RunMD            30.12    0.34
|     Other             0.07    0.00
|     ------------------------------
|     Total          8845.39

|  Generalized Born CPU Time:
|
|     Routine                 Sec        %
|     ------------------------------------
|     Radii Calc           2022.61   22.87
|     Diagonal Calc        3757.82   42.48
|     Off Diagonal Calc    2890.93   32.68
|     GBSA LCPO Calc          0.09    0.00
|     ---------------------------------
|     Total                8671.35   98.03

|  Final Performance Info:
|     -----------------------------------------------------
|     Average timings for last       1 steps:
|     Elapsed(s) =       0.00 Per Step(ms) =       0.11
|         ns/day =    1627.10   seconds/ns =      53.10
|
|     Average timings for all steps:
|     Elapsed(s) =   42400.75 Per Step(ms) =     339.21
|         ns/day =       0.51   seconds/ns =  169603.01
|     -----------------------------------------------------

|  Setup CPU time:            0.02 seconds
|  NonSetup CPU time:      8845.39 seconds
|  Total CPU time:         8845.40 seconds     2.46 hours

|  Setup wall time:           0    seconds
|  NonSetup wall time:    42401    seconds
|  Total wall time:       42401    seconds    11.78 hours
