
          -------------------------------------------------------
          Amber 22 PMEMD                              2022
          -------------------------------------------------------

| PMEMD implementation of SANDER, Release 22

|  Compiled date/time: Thu Apr 14 23:36:37 2022
| Run on 01/08/2024 at 14:02:31

|   Executable path: pmemd
| Working directory: /home/arul/Reegina/MD_Sim/finalll/1PNJ_info
|          Hostname: Unknown
  [-O]verwriting output

File Assignments:
|   MDIN: eq2.in                                                                
|  MDOUT: eq2.out                                                               
| INPCRD: eq1.rst7                                                              
|   PARM: 1PNJ.hmass.parm7                                                      
| RESTRT: eq2.rst7                                                              
|   REFC: eq1.rst7                                                              
|  MDVEL: mdvel                                                                 
|   MDEN: mden                                                                  
|  MDCRD: eq2.crd                                                               
| MDINFO: eq2.info                                                              
|  MDFRC: mdfrc                                                                 


 Here is the input file:

&cntrl                                                                         
   ntx = 5,                                                                    
   ntwx = 5000, ntwe = 0, ntwr = 500,                                          
   ntpr = 5000,                                                                
                                                                               
   ioutfm=0, ntxo=1,                                                           
                                                                               
   imin = 0, nstlim = 125000, dt = 0.002,                                      
                                                                               
   ntt = 3, gamma_ln=1., temp0 = 300.0,                                        
   nscm = 1000, ig = -1, irest = 1,                                            
                                                                               
   ntc= 2, ntf = 2, cut = 1000,                                                
                                                                               
   igb=8, gbsa=3, surften=0.007, ntb = 0,                                      
   saltcon=0.,                                                                 
                                                                               
   ntr=1, restraintmask="@CA,N,C,O",                                           
   restraint_wt=0.1,                                                           
 /                                                                             


Note: ig = -1. Setting random seed to   242934 based on wallclock time in 
      microseconds.
| irandom = 1, using AMBER's internal random number generator (default).
 
| Conditional Compilation Defines Used:
| PUBFFT
| BINTRAJ
| EMIL

| New format PARM file being parsed.
| Version =    1.000 Date = 12/29/23 Time = 22:54:45

| Note: 1-4 EEL scale factors are being read from the topology file.

| Note: 1-4 VDW scale factors are being read from the topology file.
| INFO:    Reading atomic numbers from topology file.
| Duplicated    0 dihedrals

| Duplicated    0 dihedrals

--------------------------------------------------------------------------------
   1.  RESOURCE   USE: 
--------------------------------------------------------------------------------

 NATOM  =    1327 NTYPES =      14 NBONH =     646 MBONA  =     695
 NTHETH =    1476 MTHETA =     936 NPHIH =    3035 MPHIA  =    2896
 NHPARM =       0 NPARM  =       0 NNB   =    7301 NRES   =      86
 NBONA  =     695 NTHETA =     936 NPHIA =    2896 NUMBND =      65
 NUMANG =     150 NPTRA  =     183 NATYP =      32 NPHB   =       0
 IFBOX  =       0 NMXRS  =      24 IFCAP =       0 NEXTRA =       0
 NCOPY  =       0

 Implicit solvent radii are ArgH and AspGluO modified Bondi2 radii (mbondi3)                                
 Replacing prmtop screening parameters with GBn2 (igb=8) values
--------------------------------------------------------------------------------
   2.  CONTROL  DATA  FOR  THE  RUN
--------------------------------------------------------------------------------

default_name                                                                    

General flags:
     imin    =       0, nmropt  =       0

Nature and format of input:
     ntx     =       5, irest   =       1, ntrx    =       1

Nature and format of output:
     ntxo    =       1, ntpr    =    5000, ntrx    =       1, ntwr    =     500
     iwrap   =       0, ntwx    =    5000, ntwv    =       0, ntwe    =       0
     ioutfm  =       0, ntwprt  =       0, idecomp =       0, rbornstat=      0

Potential function:
     ntf     =       2, ntb     =       0, igb     =       8, nsnb    =      25
     ipol    =       0, gbsa    =       3, iesp    =       0
     dielc   =   1.00000, cut     =1000.00000, intdiel =   1.00000
     saltcon =   0.00000, offset  =   0.19514, surften =   0.00700
     rdt     =   0.00000, rgbmax  =  25.00000  extdiel =  78.50000
     alpb  =        0
     gbalphaH  =   0.78844, gbbetaH   =   0.79870,  gbgammaH  =    0.43733
     gbalphaC  =   0.73376, gbbetaC   =   0.50638,  gbgammaC  =    0.20584
     gbalphaN  =   0.50336, gbbetaN   =   0.31683,  gbgammaN  =    0.19292
     gbalphaOS =   0.86781, gbbetaOS  =   0.87664,  gbgammaOS =    0.38788
     gbalphaP  =   1.00000, gbbetaP   =   0.80000,  gbgammaP  =    4.85000
     gb_alpha_hnu  =   0.53705, gb_beta_hnu   =   0.36286,  gb_gamma_hnu  =    0.11670
     gb_alpha_cnu  =   0.33167, gb_beta_cnu   =   0.19684,  gb_gamma_cnu  =    0.09342
     gb_alpha_nnu  =   0.68631, gb_beta_nnu   =   0.46319,  gb_gamma_nnu  =    0.13872
     gb_alpha_onu  =   0.60634, gb_beta_onu   =   0.46301,  gb_gamma_onu  =    0.14226
     gb_alpha_pnu  =   0.41836, gb_beta_pnu   =   0.29005,  gb_gamma_pnu  =    0.10642

Frozen or restrained atoms:
     ibelly  =       0, ntr     =       1
     restraint_wt =   0.10000

Molecular dynamics:
     nstlim  =    125000, nscm    =         0, nrespa  =         1
     t       =   0.00000, dt      =   0.00200, vlimit  =  20.00000

Langevin dynamics temperature regulation:
     ig      =  242934
     temp0   = 300.00000, tempi   =   0.00000, gamma_ln=   1.00000

SHAKE:
     ntc     =       2, jfastw  =       0
     tol     =   0.00001

| Intermolecular bonds treatment:
|     no_intermolecular_bonds =       1

| Energy averages sample interval:
|     ene_avg_sampling =    5000

    LOADING THE CONSTRAINED ATOMS AS GROUPS


   5.  REFERENCE ATOM COORDINATES

  default_name                                                                    
     Mask @CA,N,C,O; matches   344 atoms

--------------------------------------------------------------------------------
   3.  ATOMIC COORDINATES AND VELOCITIES
--------------------------------------------------------------------------------

default_name                                                                    
 begin time read from input coords =  1250.000 ps

 
 Number of triangulated 3-point waters found:        0
| Dynamic Memory, Types Used:
| Reals               46906
| Integers           158317

--------------------------------------------------------------------------------
   4.  RESULTS
--------------------------------------------------------------------------------


 NSTEP =     5000   TIME(PS) =    1260.000  TEMP(K) =   293.77  PRESS =     0.0
 Etot   =     -1274.5996  EKtot   =       973.4509  EPtot      =     -2248.0505
 BOND   =       260.2012  ANGLE   =       609.7616  DIHED      =      1024.0192
 1-4 NB =       314.3723  1-4 EEL =      3848.4261  VDWAALS    =      -535.6211
 EELEC  =     -5493.6431  EGB     =     -2344.2855  RESTRAINT  =        23.1419
 EAMBER (non-restraint)  =     -2271.1923
 ESURF=        45.5770
 ------------------------------------------------------------------------------


 NSTEP =    10000   TIME(PS) =    1270.000  TEMP(K) =   297.91  PRESS =     0.0
 Etot   =     -1236.7801  EKtot   =       987.1508  EPtot      =     -2223.9309
 BOND   =       270.4864  ANGLE   =       677.9993  DIHED      =      1015.4620
 1-4 NB =       300.4827  1-4 EEL =      3820.2942  VDWAALS    =      -564.2059
 EELEC  =     -5383.0016  EGB     =     -2429.6408  RESTRAINT  =        23.4125
 EAMBER (non-restraint)  =     -2247.3434
 ESURF=        44.7803
 ------------------------------------------------------------------------------


 NSTEP =    15000   TIME(PS) =    1280.000  TEMP(K) =   294.50  PRESS =     0.0
 Etot   =     -1255.1111  EKtot   =       975.8734  EPtot      =     -2230.9846
 BOND   =       278.6259  ANGLE   =       676.3637  DIHED      =      1008.5164
 1-4 NB =       291.8345  1-4 EEL =      3843.9673  VDWAALS    =      -572.8048
 EELEC  =     -5463.6451  EGB     =     -2362.3117  RESTRAINT  =        23.5579
 EAMBER (non-restraint)  =     -2254.5425
 ESURF=        44.9113
 ------------------------------------------------------------------------------


 NSTEP =    20000   TIME(PS) =    1290.000  TEMP(K) =   292.44  PRESS =     0.0
 Etot   =     -1251.5997  EKtot   =       969.0413  EPtot      =     -2220.6411
 BOND   =       271.3668  ANGLE   =       658.5571  DIHED      =       994.5476
 1-4 NB =       293.3782  1-4 EEL =      3842.2487  VDWAALS    =      -546.8212
 EELEC  =     -5343.7384  EGB     =     -2461.4219  RESTRAINT  =        21.0601
 EAMBER (non-restraint)  =     -2241.7011
 ESURF=        50.1820
 ------------------------------------------------------------------------------


 NSTEP =    25000   TIME(PS) =    1300.000  TEMP(K) =   302.85  PRESS =     0.0
 Etot   =     -1188.6905  EKtot   =      1003.5282  EPtot      =     -2192.2187
 BOND   =       263.8715  ANGLE   =       711.5746  DIHED      =      1010.1491
 1-4 NB =       287.7506  1-4 EEL =      3803.7742  VDWAALS    =      -553.4754
 EELEC  =     -5387.8961  EGB     =     -2405.8292  RESTRAINT  =        32.0124
 EAMBER (non-restraint)  =     -2224.2312
 ESURF=        45.8495
 ------------------------------------------------------------------------------


 NSTEP =    30000   TIME(PS) =    1310.000  TEMP(K) =   293.90  PRESS =     0.0
 Etot   =     -1273.5105  EKtot   =       973.8660  EPtot      =     -2247.3764
 BOND   =       302.7264  ANGLE   =       644.2821  DIHED      =       997.1161
 1-4 NB =       284.2548  1-4 EEL =      3866.7655  VDWAALS    =      -558.4056
 EELEC  =     -5442.7423  EGB     =     -2414.0519  RESTRAINT  =        25.5258
 EAMBER (non-restraint)  =     -2272.9022
 ESURF=        47.1528
 ------------------------------------------------------------------------------


 NSTEP =    35000   TIME(PS) =    1320.000  TEMP(K) =   278.34  PRESS =     0.0
 Etot   =     -1310.7758  EKtot   =       922.3116  EPtot      =     -2233.0874
 BOND   =       276.4452  ANGLE   =       680.9268  DIHED      =      1008.5755
 1-4 NB =       278.6096  1-4 EEL =      3831.5914  VDWAALS    =      -562.7304
 EELEC  =     -5472.4991  EGB     =     -2348.5911  RESTRAINT  =        28.6800
 EAMBER (non-restraint)  =     -2261.7674
 ESURF=        45.9047
 ------------------------------------------------------------------------------


 NSTEP =    40000   TIME(PS) =    1330.000  TEMP(K) =   311.31  PRESS =     0.0
 Etot   =     -1219.6434  EKtot   =      1031.5787  EPtot      =     -2251.2220
 BOND   =       263.7150  ANGLE   =       669.9256  DIHED      =      1001.2424
 1-4 NB =       283.2643  1-4 EEL =      3823.0829  VDWAALS    =      -558.9072
 EELEC  =     -5486.0518  EGB     =     -2317.1294  RESTRAINT  =        24.9161
 EAMBER (non-restraint)  =     -2276.1381
 ESURF=        44.7201
 ------------------------------------------------------------------------------


 NSTEP =    45000   TIME(PS) =    1340.000  TEMP(K) =   304.17  PRESS =     0.0
 Etot   =     -1190.1042  EKtot   =      1007.9026  EPtot      =     -2198.0069
 BOND   =       274.3914  ANGLE   =       686.3982  DIHED      =       977.4647
 1-4 NB =       308.1422  1-4 EEL =      3856.1120  VDWAALS    =      -531.8622
 EELEC  =     -5368.8700  EGB     =     -2471.7257  RESTRAINT  =        24.4086
 EAMBER (non-restraint)  =     -2222.4154
 ESURF=        47.5340
 ------------------------------------------------------------------------------


 NSTEP =    50000   TIME(PS) =    1350.000  TEMP(K) =   304.27  PRESS =     0.0
 Etot   =     -1210.3393  EKtot   =      1008.2395  EPtot      =     -2218.5789
 BOND   =       286.9348  ANGLE   =       684.0336  DIHED      =       995.1352
 1-4 NB =       293.9214  1-4 EEL =      3820.2539  VDWAALS    =      -566.9766
 EELEC  =     -5384.1564  EGB     =     -2416.1380  RESTRAINT  =        23.3042
 EAMBER (non-restraint)  =     -2241.8831
 ESURF=        45.1090
 ------------------------------------------------------------------------------


 NSTEP =    55000   TIME(PS) =    1360.000  TEMP(K) =   312.40  PRESS =     0.0
 Etot   =     -1194.9949  EKtot   =      1035.1777  EPtot      =     -2230.1726
 BOND   =       271.1126  ANGLE   =       659.4532  DIHED      =      1020.1448
 1-4 NB =       298.4360  1-4 EEL =      3818.7597  VDWAALS    =      -568.7005
 EELEC  =     -5460.5922  EGB     =     -2349.2052  RESTRAINT  =        33.7765
 EAMBER (non-restraint)  =     -2263.9491
 ESURF=        46.6423
 ------------------------------------------------------------------------------


 NSTEP =    60000   TIME(PS) =    1370.000  TEMP(K) =   305.79  PRESS =     0.0
 Etot   =     -1182.3677  EKtot   =      1013.2656  EPtot      =     -2195.6333
 BOND   =       274.4130  ANGLE   =       695.9634  DIHED      =       993.1488
 1-4 NB =       300.2770  1-4 EEL =      3859.3229  VDWAALS    =      -531.3582
 EELEC  =     -5416.5456  EGB     =     -2439.8249  RESTRAINT  =        23.1273
 EAMBER (non-restraint)  =     -2218.7606
 ESURF=        45.8430
 ------------------------------------------------------------------------------


 NSTEP =    65000   TIME(PS) =    1380.000  TEMP(K) =   294.25  PRESS =     0.0
 Etot   =     -1279.6038  EKtot   =       975.0469  EPtot      =     -2254.6507
 BOND   =       283.6265  ANGLE   =       670.2117  DIHED      =      1000.1839
 1-4 NB =       284.7062  1-4 EEL =      3814.0456  VDWAALS    =      -567.5235
 EELEC  =     -5397.4266  EGB     =     -2413.8939  RESTRAINT  =        25.4210
 EAMBER (non-restraint)  =     -2280.0718
 ESURF=        45.9983
 ------------------------------------------------------------------------------


 NSTEP =    70000   TIME(PS) =    1390.000  TEMP(K) =   294.34  PRESS =     0.0
 Etot   =     -1250.5087  EKtot   =       975.3506  EPtot      =     -2225.8593
 BOND   =       278.8129  ANGLE   =       652.5027  DIHED      =       991.5771
 1-4 NB =       301.3254  1-4 EEL =      3855.1570  VDWAALS    =      -538.9617
 EELEC  =     -5380.2066  EGB     =     -2456.7825  RESTRAINT  =        24.7252
 EAMBER (non-restraint)  =     -2250.5845
 ESURF=        45.9910
 ------------------------------------------------------------------------------


 NSTEP =    75000   TIME(PS) =    1400.000  TEMP(K) =   298.22  PRESS =     0.0
 Etot   =     -1275.6467  EKtot   =       988.2096  EPtot      =     -2263.8563
 BOND   =       260.3209  ANGLE   =       650.8105  DIHED      =      1005.5948
 1-4 NB =       305.1987  1-4 EEL =      3870.1695  VDWAALS    =      -554.9936
 EELEC  =     -5518.8295  EGB     =     -2358.2906  RESTRAINT  =        29.5895
 EAMBER (non-restraint)  =     -2293.4458
 ESURF=        46.5735
 ------------------------------------------------------------------------------


 NSTEP =    80000   TIME(PS) =    1410.000  TEMP(K) =   293.06  PRESS =     0.0
 Etot   =     -1311.1522  EKtot   =       971.0867  EPtot      =     -2282.2389
 BOND   =       260.8076  ANGLE   =       649.5893  DIHED      =       978.6992
 1-4 NB =       293.8793  1-4 EEL =      3856.0495  VDWAALS    =      -541.8110
 EELEC  =     -5505.7279  EGB     =     -2352.2125  RESTRAINT  =        30.7822
 EAMBER (non-restraint)  =     -2313.0211
 ESURF=        47.7054
 ------------------------------------------------------------------------------


 NSTEP =    85000   TIME(PS) =    1420.000  TEMP(K) =   287.70  PRESS =     0.0
 Etot   =     -1348.3920  EKtot   =       953.3360  EPtot      =     -2301.7280
 BOND   =       244.0782  ANGLE   =       654.0283  DIHED      =       993.9517
 1-4 NB =       289.9145  1-4 EEL =      3849.7017  VDWAALS    =      -547.6497
 EELEC  =     -5512.6213  EGB     =     -2340.2642  RESTRAINT  =        20.4828
 EAMBER (non-restraint)  =     -2322.2109
 ESURF=        46.6499
 ------------------------------------------------------------------------------


 NSTEP =    90000   TIME(PS) =    1430.000  TEMP(K) =   293.90  PRESS =     0.0
 Etot   =     -1275.5880  EKtot   =       973.8863  EPtot      =     -2249.4744
 BOND   =       298.0913  ANGLE   =       641.3000  DIHED      =       996.6511
 1-4 NB =       291.0236  1-4 EEL =      3871.5777  VDWAALS    =      -534.6122
 EELEC  =     -5537.2526  EGB     =     -2352.2740  RESTRAINT  =        29.7050
 EAMBER (non-restraint)  =     -2279.1793
 ESURF=        46.3159
 ------------------------------------------------------------------------------


 NSTEP =    95000   TIME(PS) =    1440.000  TEMP(K) =   299.09  PRESS =     0.0
 Etot   =     -1190.8437  EKtot   =       991.0722  EPtot      =     -2181.9158
 BOND   =       270.8545  ANGLE   =       683.3927  DIHED      =      1008.4774
 1-4 NB =       299.7304  1-4 EEL =      3880.4442  VDWAALS    =      -539.6668
 EELEC  =     -5464.3691  EGB     =     -2396.3813  RESTRAINT  =        29.3633
 EAMBER (non-restraint)  =     -2211.2792
 ESURF=        46.2389
 ------------------------------------------------------------------------------


 NSTEP =   100000   TIME(PS) =    1450.000  TEMP(K) =   291.06  PRESS =     0.0
 Etot   =     -1272.6401  EKtot   =       964.4757  EPtot      =     -2237.1158
 BOND   =       260.1832  ANGLE   =       687.7744  DIHED      =      1016.3932
 1-4 NB =       290.7567  1-4 EEL =      3854.3118  VDWAALS    =      -544.3413
 EELEC  =     -5567.7145  EGB     =     -2304.9338  RESTRAINT  =        25.5758
 EAMBER (non-restraint)  =     -2262.6916
 ESURF=        44.8788
 ------------------------------------------------------------------------------


 NSTEP =   105000   TIME(PS) =    1460.000  TEMP(K) =   290.85  PRESS =     0.0
 Etot   =     -1241.2070  EKtot   =       963.7603  EPtot      =     -2204.9673
 BOND   =       292.2065  ANGLE   =       690.2355  DIHED      =      1001.1037
 1-4 NB =       283.0774  1-4 EEL =      3864.9822  VDWAALS    =      -536.9126
 EELEC  =     -5452.9372  EGB     =     -2417.9712  RESTRAINT  =        23.2672
 EAMBER (non-restraint)  =     -2228.2346
 ESURF=        47.9813
 ------------------------------------------------------------------------------


 NSTEP =   110000   TIME(PS) =    1470.000  TEMP(K) =   302.34  PRESS =     0.0
 Etot   =     -1191.6653  EKtot   =      1001.8451  EPtot      =     -2193.5104
 BOND   =       279.5477  ANGLE   =       675.4574  DIHED      =      1004.3217
 1-4 NB =       300.7031  1-4 EEL =      3844.3663  VDWAALS    =      -536.1775
 EELEC  =     -5580.7970  EGB     =     -2256.6365  RESTRAINT  =        30.6566
 EAMBER (non-restraint)  =     -2224.1671
 ESURF=        45.0477
 ------------------------------------------------------------------------------


 NSTEP =   115000   TIME(PS) =    1480.000  TEMP(K) =   304.07  PRESS =     0.0
 Etot   =     -1243.8137  EKtot   =      1007.5829  EPtot      =     -2251.3966
 BOND   =       254.9919  ANGLE   =       674.4199  DIHED      =      1004.4565
 1-4 NB =       287.2875  1-4 EEL =      3856.2629  VDWAALS    =      -543.0202
 EELEC  =     -5591.9763  EGB     =     -2271.4121  RESTRAINT  =        30.5464
 EAMBER (non-restraint)  =     -2281.9430
 ESURF=        47.0469
 ------------------------------------------------------------------------------


 NSTEP =   120000   TIME(PS) =    1490.000  TEMP(K) =   305.35  PRESS =     0.0
 Etot   =     -1238.5094  EKtot   =      1011.8231  EPtot      =     -2250.3324
 BOND   =       265.4213  ANGLE   =       654.8898  DIHED      =      1008.8197
 1-4 NB =       303.6633  1-4 EEL =      3861.9691  VDWAALS    =      -550.1938
 EELEC  =     -5551.0780  EGB     =     -2319.6273  RESTRAINT  =        30.6995
 EAMBER (non-restraint)  =     -2281.0320
 ESURF=        45.1041
 ------------------------------------------------------------------------------


 NSTEP =   125000   TIME(PS) =    1500.000  TEMP(K) =   303.29  PRESS =     0.0
 Etot   =     -1264.3311  EKtot   =      1004.9793  EPtot      =     -2269.3104
 BOND   =       257.9510  ANGLE   =       661.5504  DIHED      =      1016.4191
 1-4 NB =       298.8441  1-4 EEL =      3884.2162  VDWAALS    =      -551.6615
 EELEC  =     -5703.5516  EGB     =     -2212.0395  RESTRAINT  =        36.4619
 EAMBER (non-restraint)  =     -2305.7723
 ESURF=        42.4994
 ------------------------------------------------------------------------------


      A V E R A G E S   O V E R      25 S T E P S


 NSTEP =   125000   TIME(PS) =    1500.000  TEMP(K) =   297.97  PRESS =     0.0
 Etot   =     -1246.8967  EKtot   =       987.3536  EPtot      =     -2234.2504
 BOND   =       272.0474  ANGLE   =       668.0561  DIHED      =      1002.8868
 1-4 NB =       294.5934  1-4 EEL =      3847.9141  VDWAALS    =      -549.5758
 EELEC  =     -5474.7148  EGB     =     -2368.5150  RESTRAINT  =        26.9680
 EAMBER (non-restraint)  =     -2261.2184
 ESURF=        46.0895
 ------------------------------------------------------------------------------


      R M S  F L U C T U A T I O N S


 NSTEP =   125000   TIME(PS) =    1500.000  TEMP(K) =     7.55  PRESS =     0.0
 Etot   =        42.7703  EKtot   =        25.0035  EPtot      =        29.1791
 BOND   =        13.5048  ANGLE   =        20.9319  DIHED      =        11.3351
 1-4 NB =         8.6234  1-4 EEL =        21.0924  VDWAALS    =        12.4718
 EELEC  =        83.2634  EGB     =        64.8825  RESTRAINT  =         4.0978
 EAMBER (non-restraint)  =        25.0813
 ESURF=         1.4252
 ------------------------------------------------------------------------------

--------------------------------------------------------------------------------
   5.  TIMINGS
--------------------------------------------------------------------------------

|  NonSetup CPU Time in Major Routines:
|
|     Routine           Sec        %
|     ------------------------------
|     Nonbond        8848.56   98.12
|     Bond              1.25    0.01
|     Angle            19.22    0.21
|     Dihedral        112.99    1.25
|     Shake             5.20    0.06
|     RunMD            31.02    0.34
|     Other             0.06    0.00
|     ------------------------------
|     Total          9018.30

|  Generalized Born CPU Time:
|
|     Routine                 Sec        %
|     ------------------------------------
|     Radii Calc           2064.88   22.90
|     Diagonal Calc        3826.81   42.43
|     Off Diagonal Calc    2948.99   32.70
|     GBSA LCPO Calc          0.09    0.00
|     ---------------------------------
|     Total                8840.68   98.03

|  Final Performance Info:
|     -----------------------------------------------------
|     Average timings for last       1 steps:
|     Elapsed(s) =       0.00 Per Step(ms) =       0.10
|         ns/day =    1726.31   seconds/ns =      50.05
|
|     Average timings for all steps:
|     Elapsed(s) =   37357.33 Per Step(ms) =     298.86
|         ns/day =       0.58   seconds/ns =  149429.32
|     -----------------------------------------------------

|  Setup CPU time:            0.02 seconds
|  NonSetup CPU time:      9018.30 seconds
|  Total CPU time:         9018.32 seconds     2.51 hours

|  Setup wall time:           0    seconds
|  NonSetup wall time:    37358    seconds
|  Total wall time:       37358    seconds    10.38 hours
