
          -------------------------------------------------------
          Amber 22 PMEMD                              2022
          -------------------------------------------------------

| PMEMD implementation of SANDER, Release 22

|  Compiled date/time: Thu Apr 14 23:36:37 2022
| Run on 12/29/2023 at 23:09:30

|   Executable path: pmemd
| Working directory: /home/arul/Reegina/MD_Sim/amber_parameters/1PNJ_info
|          Hostname: Unknown
  [-O]verwriting output

File Assignments:
|   MDIN: /home/arul/Reegina/MD_Sim/trial_file/min.in                           
|  MDOUT: min_1PNJ.out                                                          
| INPCRD: 1PNJ.rst7                                                             
|   PARM: 1PNJ.hmass.parm7                                                      
| RESTRT: min_1PNJ.rst7                                                         
|   REFC: refc                                                                  
|  MDVEL: mdvel                                                                 
|   MDEN: mden                                                                  
|  MDCRD: min_1PNJ.crd                                                          
| MDINFO: min_1PNJ.info                                                         
|  MDFRC: mdfrc                                                                 


 Here is the input file:

&cntrl                                                                         
  imin = 1,                                                                    
  maxcyc=100,                                                                  
  ntx = 1,                                                                     
  ntwr = 100,                                                                  
  ntpr = 10,                                                                   
  ioutfm=0,                                                                    
  ntxo=1,                                                                      
  cut = 1000.0,                                                                
  ntb=0,                                                                       
  igb = 8,                                                                     
  gbsa=3,                                                                      
  surften=0.007,                                                               
  saltcon = 0.0,                                                               
/                                                                              


Note: ig = -1. Setting random seed to   794461 based on wallclock time in 
      microseconds.
| irandom = 1, using AMBER's internal random number generator (default).
 
| Conditional Compilation Defines Used:
| PUBFFT
| BINTRAJ
| EMIL

| New format PARM file being parsed.
| Version =    1.000 Date = 12/29/23 Time = 22:54:45

| Note: 1-4 EEL scale factors are being read from the topology file.

| Note: 1-4 VDW scale factors are being read from the topology file.
| INFO:    Reading atomic numbers from topology file.
| Duplicated    0 dihedrals

| Duplicated    0 dihedrals

--------------------------------------------------------------------------------
   1.  RESOURCE   USE: 
--------------------------------------------------------------------------------

 NATOM  =    1327 NTYPES =      14 NBONH =     646 MBONA  =     695
 NTHETH =    1476 MTHETA =     936 NPHIH =    3035 MPHIA  =    2896
 NHPARM =       0 NPARM  =       0 NNB   =    7301 NRES   =      86
 NBONA  =     695 NTHETA =     936 NPHIA =    2896 NUMBND =      65
 NUMANG =     150 NPTRA  =     183 NATYP =      32 NPHB   =       0
 IFBOX  =       0 NMXRS  =      24 IFCAP =       0 NEXTRA =       0
 NCOPY  =       0

 Implicit solvent radii are ArgH and AspGluO modified Bondi2 radii (mbondi3)                                
 Replacing prmtop screening parameters with GBn2 (igb=8) values
--------------------------------------------------------------------------------
   2.  CONTROL  DATA  FOR  THE  RUN
--------------------------------------------------------------------------------

default_name                                                                    

General flags:
     imin    =       1, nmropt  =       0

Nature and format of input:
     ntx     =       1, irest   =       0, ntrx    =       1

Nature and format of output:
     ntxo    =       1, ntpr    =      10, ntrx    =       1, ntwr    =     100
     iwrap   =       0, ntwx    =       0, ntwv    =       0, ntwe    =       0
     ioutfm  =       0, ntwprt  =       0, idecomp =       0, rbornstat=      0

Potential function:
     ntf     =       1, ntb     =       0, igb     =       8, nsnb    =      25
     ipol    =       0, gbsa    =       3, iesp    =       0
     dielc   =   1.00000, cut     =1000.00000, intdiel =   1.00000
     saltcon =   0.00000, offset  =   0.19514, surften =   0.00700
     rdt     =   0.00000, rgbmax  =  25.00000  extdiel =  78.50000
     alpb  =        0
     gbalphaH  =   0.78844, gbbetaH   =   0.79870,  gbgammaH  =    0.43733
     gbalphaC  =   0.73376, gbbetaC   =   0.50638,  gbgammaC  =    0.20584
     gbalphaN  =   0.50336, gbbetaN   =   0.31683,  gbgammaN  =    0.19292
     gbalphaOS =   0.86781, gbbetaOS  =   0.87664,  gbgammaOS =    0.38788
     gbalphaP  =   1.00000, gbbetaP   =   0.80000,  gbgammaP  =    4.85000
     gb_alpha_hnu  =   0.53705, gb_beta_hnu   =   0.36286,  gb_gamma_hnu  =    0.11670
     gb_alpha_cnu  =   0.33167, gb_beta_cnu   =   0.19684,  gb_gamma_cnu  =    0.09342
     gb_alpha_nnu  =   0.68631, gb_beta_nnu   =   0.46319,  gb_gamma_nnu  =    0.13872
     gb_alpha_onu  =   0.60634, gb_beta_onu   =   0.46301,  gb_gamma_onu  =    0.14226
     gb_alpha_pnu  =   0.41836, gb_beta_pnu   =   0.29005,  gb_gamma_pnu  =    0.10642

Frozen or restrained atoms:
     ibelly  =       0, ntr     =       0

Energy minimization:
     maxcyc  =     100, ncyc    =      10, ntmin   =       1
     dx0     =   0.01000, drms    =   0.00010

| Intermolecular bonds treatment:
|     no_intermolecular_bonds =       1

| Energy averages sample interval:
|     ene_avg_sampling =       1

--------------------------------------------------------------------------------
   3.  ATOMIC COORDINATES AND VELOCITIES
--------------------------------------------------------------------------------

default_name                                                                    
 begin time read from input coords =     0.000 ps

 
 Number of triangulated 3-point waters found:        0
| Dynamic Memory, Types Used:
| Reals               36971
| Integers           155698

--------------------------------------------------------------------------------
   4.  RESULTS
--------------------------------------------------------------------------------



   NSTEP       ENERGY          RMS            GMAX         NAME    NUMBER
      1      -2.1563E+03     1.6306E+01     1.1881E+02     CG        861

 BOND    =      271.9183  ANGLE   =       89.5163  DIHED      =     1195.5186
 VDWAALS =     -501.0023  EEL     =    -5111.9129  EGB        =    -2595.0248
 1-4 VDW =      418.3220  1-4 EEL =     4034.2589  RESTRAINT  =        0.0000
 ESURF   =       42.1111


   NSTEP       ENERGY          RMS            GMAX         NAME    NUMBER
     10      -2.3442E+03     7.8297E+00     6.0814E+01     CG        861

 BOND    =      112.3443  ANGLE   =       88.0637  DIHED      =     1193.5852
 VDWAALS =     -505.9775  EEL     =    -5113.6417  EGB        =    -2605.9055
 1-4 VDW =      408.5682  1-4 EEL =     4036.5801  RESTRAINT  =        0.0000
 ESURF   =       42.1374


   NSTEP       ENERGY          RMS            GMAX         NAME    NUMBER
     20      -2.5158E+03     2.9951E+00     2.4316E+01     CG        861

 BOND    =       37.4041  ANGLE   =      118.1365  DIHED      =     1188.8758
 VDWAALS =     -541.4106  EEL     =    -5118.9715  EGB        =    -2626.8366
 1-4 VDW =      360.4226  1-4 EEL =     4024.0323  RESTRAINT  =        0.0000
 ESURF   =       42.5749


   NSTEP       ENERGY          RMS            GMAX         NAME    NUMBER
     30      -2.5813E+03     3.2484E+00     4.3644E+01     CD         69

 BOND    =       41.2226  ANGLE   =      150.4840  DIHED      =     1180.9052
 VDWAALS =     -570.6763  EEL     =    -5132.5373  EGB        =    -2621.8736
 1-4 VDW =      334.2167  1-4 EEL =     3993.8262  RESTRAINT  =        0.0000
 ESURF   =       43.1541


   NSTEP       ENERGY          RMS            GMAX         NAME    NUMBER
     40      -2.6288E+03     2.1514E+00     2.8384E+01     CE2       866

 BOND    =       42.5905  ANGLE   =      125.4242  DIHED      =     1168.3061
 VDWAALS =     -568.6621  EEL     =    -5144.5959  EGB        =    -2621.1761
 1-4 VDW =      334.2785  1-4 EEL =     3991.6693  RESTRAINT  =        0.0000
 ESURF   =       43.3188


   NSTEP       ENERGY          RMS            GMAX         NAME    NUMBER
     50      -2.7182E+03     3.0164E+00     3.3207E+01     CD        747

 BOND    =       50.6032  ANGLE   =      162.1759  DIHED      =     1139.3137
 VDWAALS =     -582.2534  EEL     =    -5190.1151  EGB        =    -2610.6195
 1-4 VDW =      306.2114  1-4 EEL =     3962.0513  RESTRAINT  =        0.0000
 ESURF   =       44.4194


   NSTEP       ENERGY          RMS            GMAX         NAME    NUMBER
     60      -2.7460E+03     2.0788E+00     3.1461E+01     CD        747

 BOND    =       50.2782  ANGLE   =      153.2857  DIHED      =     1133.6148
 VDWAALS =     -585.9105  EEL     =    -5188.3342  EGB        =    -2612.7000
 1-4 VDW =      306.2967  1-4 EEL =     3953.0503  RESTRAINT  =        0.0000
 ESURF   =       44.4617


   NSTEP       ENERGY          RMS            GMAX         NAME    NUMBER
     70      -2.7707E+03     1.2130E+00     8.4878E+00     CG        861

 BOND    =       44.8407  ANGLE   =      156.3701  DIHED      =     1124.3306
 VDWAALS =     -590.1460  EEL     =    -5192.5626  EGB        =    -2609.0832
 1-4 VDW =      304.4179  1-4 EEL =     3946.5068  RESTRAINT  =        0.0000
 ESURF   =       44.6032


   NSTEP       ENERGY          RMS            GMAX         NAME    NUMBER
     80      -2.7870E+03     1.7539E+00     2.0577E+01     CD1       862

 BOND    =       46.6040  ANGLE   =      156.7986  DIHED      =     1115.9582
 VDWAALS =     -591.0200  EEL     =    -5200.1299  EGB        =    -2607.2490
 1-4 VDW =      301.9918  1-4 EEL =     3945.2578  RESTRAINT  =        0.0000
 ESURF   =       44.7531


   NSTEP       ENERGY          RMS            GMAX         NAME    NUMBER
     90      -2.8095E+03     1.0947E+00     1.2218E+01     CE2       866

 BOND    =       47.4650  ANGLE   =      144.6437  DIHED      =     1106.7616
 VDWAALS =     -588.6639  EEL     =    -5206.5190  EGB        =    -2606.5298
 1-4 VDW =      303.7180  1-4 EEL =     3944.8171  RESTRAINT  =        0.0000
 ESURF   =       44.8073


   NSTEP       ENERGY          RMS            GMAX         NAME    NUMBER
    100      -2.8415E+03     1.5926E+00     1.4201E+01     OD2       369

 BOND    =       51.3733  ANGLE   =      151.0341  DIHED      =     1086.4038
 VDWAALS =     -581.3803  EEL     =    -5223.0144  EGB        =    -2605.2292
 1-4 VDW =      295.4643  1-4 EEL =     3938.7194  RESTRAINT  =        0.0000
 ESURF   =       45.1159


  Maximum number of minimization cycles reached.


                    FINAL RESULTS



   NSTEP       ENERGY          RMS            GMAX         NAME    NUMBER
    100      -2.8415E+03     1.5926E+00     1.4201E+01     OD2       369

 BOND    =       51.3733  ANGLE   =      151.0341  DIHED      =     1086.4038
 VDWAALS =     -581.3803  EEL     =    -5223.0144  EGB        =    -2605.2292
 1-4 VDW =      295.4643  1-4 EEL =     3938.7194  RESTRAINT  =        0.0000
 ESURF   =       45.1159
--------------------------------------------------------------------------------
   5.  TIMINGS
--------------------------------------------------------------------------------

|  NonSetup CPU Time in Major Routines:
|
|     Routine           Sec        %
|     ------------------------------
|     Nonbond           7.40   98.42
|     Bond              0.00    0.03
|     Angle             0.02    0.21
|     Dihedral          0.09    1.25
|     Shake             0.00    0.00
|     Other             0.01    0.09
|     ------------------------------
|     Total             7.52

|  Generalized Born CPU Time:
|
|     Routine                 Sec        %
|     ------------------------------------
|     Radii Calc              1.72   22.88
|     Diagonal Calc           3.22   42.80
|     Off Diagonal Calc       2.46   32.65
|     GBSA LCPO Calc          0.00    0.00
|     ---------------------------------
|     Total                   7.40   98.33

|  Setup CPU time:            0.02 seconds
|  NonSetup CPU time:         7.52 seconds
|  Total CPU time:            7.54 seconds     0.00 hours

|  Setup wall time:           0    seconds
|  NonSetup wall time:       17    seconds
|  Total wall time:          17    seconds     0.00 hours
