Salt Bridges Plugin, Version 1.0
Wed Apr 17 13:09:56 +0530 2024

Parameters used in the calculation of salt bridges:
- Atomselection: protein
- Update selections every frame: yes
- Initial frame: 0
- Frame step: 1
- Final frame: 499
- Oxygen-nitrogen cut-off: 3.2
- Center of mass cut-off: none
- Write a file for each salt bridge: yes

Searching for ion-pairs with oxygen-nitrogen distance within 3.2 Angstroms in the selected frames... Done.
Removing redundancies in the ion-pairs found... Done.
Extracting identification of each salt bridge... Done.
Found 52 salt bridges.

GLU13-ARG17
GLU113-ARG145
GLU195-ARG169
GLU113-ARG114
GLU194-ARG190
GLU60-LYS61
GLU68-ARG71
GLU9-ARG149
GLU194-ARG197
GLU48-ARG49
GLU189-LYS216
GLU192-LYS165
GLU115-ARG114
ASP102-ARG2
GLU25-LYS84
GLU166-ARG169
GLU37-LYS29
GLU48-LYS45
GLU219-LYS216
GLU25-LYS27
GLU68-LYS72
GLU195-LYS165
GLU59-LYS61
GLU137-LYS170
ASP35-ARG212
ASP136-LYS170
GLU133-ARG156
GLU42-LYS45
GLU13-LYS16
GLU215-LYS218
GLU42-ARG38
ASP35-LYS29
GLU166-LYS165
GLU129-ARG149
GLU184-LYS84
GLU159-LYS109
GLU195-LYS198
GLU37-ARG28
GLU90-LYS89
GLU37-ARG212
GLU194-LYS198
ASP39-ARG28
ASP141-ARG145
GLU129-ARG124
ASP157-LYS109
GLU219-ARG190
ASP136-LYS109
GLU117-ARG114
GLU192-ARG169
GLU121-ARG124
GLU215-LYS216
GLU219-LYS218

Printing distances over all frames for each salt-bridge... Done.
