
          -------------------------------------------------------
          Amber 22 PMEMD                              2022
          -------------------------------------------------------

| PMEMD implementation of SANDER, Release 22

|  Compiled date/time: Thu Apr 14 23:36:37 2022
| Run on 01/09/2024 at 10:23:15

|   Executable path: pmemd
| Working directory: /home/arul/Reegina/MD_Sim/finalll/1DWR_info
|          Hostname: Unknown
  [-O]verwriting output

File Assignments:
|   MDIN: eq2.in                                                                
|  MDOUT: eq2.out                                                               
| INPCRD: eq1.rst7                                                              
|   PARM: 1DWR.hmass.parm7                                                      
| RESTRT: eq2.rst7                                                              
|   REFC: eq1.rst7                                                              
|  MDVEL: mdvel                                                                 
|   MDEN: mden                                                                  
|  MDCRD: eq2.crd                                                               
| MDINFO: eq2.info                                                              
|  MDFRC: mdfrc                                                                 


 Here is the input file:

&cntrl                                                                         
   ntx = 5,                                                                    
   ntwx = 5000, ntwe = 0, ntwr = 500,                                          
   ntpr = 5000,                                                                
                                                                               
   ioutfm=0, ntxo=1,                                                           
                                                                               
   imin = 0, nstlim = 125000, dt = 0.002,                                      
                                                                               
   ntt = 3, gamma_ln=1., temp0 = 300.0,                                        
   nscm = 1000, ig = -1, irest = 1,                                            
                                                                               
   ntc= 2, ntf = 2, cut = 1000,                                                
                                                                               
   igb=8, gbsa=3, surften=0.007, ntb = 0,                                      
   saltcon=0.,                                                                 
                                                                               
   ntr=1, restraintmask="@CA,N,C,O",                                           
   restraint_wt=0.1,                                                           
 /                                                                             


Note: ig = -1. Setting random seed to   440367 based on wallclock time in 
      microseconds.
| irandom = 1, using AMBER's internal random number generator (default).
 
| Conditional Compilation Defines Used:
| PUBFFT
| BINTRAJ
| EMIL

| New format PARM file being parsed.
| Version =    1.000 Date = 12/29/23 Time = 17:09:19

| Note: 1-4 EEL scale factors are being read from the topology file.

| Note: 1-4 VDW scale factors are being read from the topology file.
| INFO:    Reading atomic numbers from topology file.
| Duplicated    0 dihedrals

| Duplicated    0 dihedrals

--------------------------------------------------------------------------------
   1.  RESOURCE   USE: 
--------------------------------------------------------------------------------

 NATOM  =    2404 NTYPES =      14 NBONH =    1209 MBONA  =    1222
 NTHETH =    2783 MTHETA =    1642 NPHIH =    5427 MPHIA  =    5129
 NHPARM =       0 NPARM  =       0 NNB   =   13325 NRES   =     152
 NBONA  =    1222 NTHETA =    1642 NPHIA =    5129 NUMBND =      63
 NUMANG =     148 NPTRA  =     178 NATYP =      31 NPHB   =       0
 IFBOX  =       0 NMXRS  =      24 IFCAP =       0 NEXTRA =       0
 NCOPY  =       0

 Implicit solvent radii are ArgH and AspGluO modified Bondi2 radii (mbondi3)                                
 Replacing prmtop screening parameters with GBn2 (igb=8) values
--------------------------------------------------------------------------------
   2.  CONTROL  DATA  FOR  THE  RUN
--------------------------------------------------------------------------------

default_name                                                                    

General flags:
     imin    =       0, nmropt  =       0

Nature and format of input:
     ntx     =       5, irest   =       1, ntrx    =       1

Nature and format of output:
     ntxo    =       1, ntpr    =    5000, ntrx    =       1, ntwr    =     500
     iwrap   =       0, ntwx    =    5000, ntwv    =       0, ntwe    =       0
     ioutfm  =       0, ntwprt  =       0, idecomp =       0, rbornstat=      0

Potential function:
     ntf     =       2, ntb     =       0, igb     =       8, nsnb    =      25
     ipol    =       0, gbsa    =       3, iesp    =       0
     dielc   =   1.00000, cut     =1000.00000, intdiel =   1.00000
     saltcon =   0.00000, offset  =   0.19514, surften =   0.00700
     rdt     =   0.00000, rgbmax  =  25.00000  extdiel =  78.50000
     alpb  =        0
     gbalphaH  =   0.78844, gbbetaH   =   0.79870,  gbgammaH  =    0.43733
     gbalphaC  =   0.73376, gbbetaC   =   0.50638,  gbgammaC  =    0.20584
     gbalphaN  =   0.50336, gbbetaN   =   0.31683,  gbgammaN  =    0.19292
     gbalphaOS =   0.86781, gbbetaOS  =   0.87664,  gbgammaOS =    0.38788
     gbalphaP  =   1.00000, gbbetaP   =   0.80000,  gbgammaP  =    4.85000
     gb_alpha_hnu  =   0.53705, gb_beta_hnu   =   0.36286,  gb_gamma_hnu  =    0.11670
     gb_alpha_cnu  =   0.33167, gb_beta_cnu   =   0.19684,  gb_gamma_cnu  =    0.09342
     gb_alpha_nnu  =   0.68631, gb_beta_nnu   =   0.46319,  gb_gamma_nnu  =    0.13872
     gb_alpha_onu  =   0.60634, gb_beta_onu   =   0.46301,  gb_gamma_onu  =    0.14226
     gb_alpha_pnu  =   0.41836, gb_beta_pnu   =   0.29005,  gb_gamma_pnu  =    0.10642

Frozen or restrained atoms:
     ibelly  =       0, ntr     =       1
     restraint_wt =   0.10000

Molecular dynamics:
     nstlim  =    125000, nscm    =         0, nrespa  =         1
     t       =   0.00000, dt      =   0.00200, vlimit  =  20.00000

Langevin dynamics temperature regulation:
     ig      =  440367
     temp0   = 300.00000, tempi   =   0.00000, gamma_ln=   1.00000

SHAKE:
     ntc     =       2, jfastw  =       0
     tol     =   0.00001

| Intermolecular bonds treatment:
|     no_intermolecular_bonds =       1

| Energy averages sample interval:
|     ene_avg_sampling =    5000

    LOADING THE CONSTRAINED ATOMS AS GROUPS


   5.  REFERENCE ATOM COORDINATES

  default_name                                                                    
     Mask @CA,N,C,O; matches   608 atoms

--------------------------------------------------------------------------------
   3.  ATOMIC COORDINATES AND VELOCITIES
--------------------------------------------------------------------------------

default_name                                                                    
 begin time read from input coords =  1176.000 ps

 
 Number of triangulated 3-point waters found:        0
| Dynamic Memory, Types Used:
| Reals               82954
| Integers           285287

--------------------------------------------------------------------------------
   4.  RESULTS
--------------------------------------------------------------------------------


 NSTEP =     5000   TIME(PS) =    1186.000  TEMP(K) =   299.74  PRESS =     0.0
 Etot   =      -771.4810  EKtot   =      1787.8096  EPtot      =     -2559.2906
 BOND   =       451.8831  ANGLE   =      1371.6512  DIHED      =      1891.6248
 1-4 NB =       522.7188  1-4 EEL =      8754.8998  VDWAALS    =     -1197.5556
 EELEC  =    -12201.2313  EGB     =     -2230.8179  RESTRAINT  =        21.6456
 EAMBER (non-restraint)  =     -2580.9362
 ESURF=        55.8909
 ------------------------------------------------------------------------------


 NSTEP =    10000   TIME(PS) =    1196.000  TEMP(K) =   301.09  PRESS =     0.0
 Etot   =      -751.8161  EKtot   =      1795.8751  EPtot      =     -2547.6911
 BOND   =       471.2205  ANGLE   =      1348.8344  DIHED      =      1907.8800
 1-4 NB =       524.5561  1-4 EEL =      8730.0501  VDWAALS    =     -1204.6107
 EELEC  =    -12239.1454  EGB     =     -2162.2647  RESTRAINT  =        19.5700
 EAMBER (non-restraint)  =     -2567.2612
 ESURF=        56.2184
 ------------------------------------------------------------------------------


 NSTEP =    15000   TIME(PS) =    1206.000  TEMP(K) =   297.91  PRESS =     0.0
 Etot   =      -742.5724  EKtot   =      1776.8719  EPtot      =     -2519.4442
 BOND   =       464.1704  ANGLE   =      1393.5903  DIHED      =      1889.4781
 1-4 NB =       534.3932  1-4 EEL =      8771.0771  VDWAALS    =     -1213.2654
 EELEC  =    -12270.9607  EGB     =     -2164.2499  RESTRAINT  =        20.5255
 EAMBER (non-restraint)  =     -2539.9698
 ESURF=        55.7972
 ------------------------------------------------------------------------------


 NSTEP =    20000   TIME(PS) =    1216.000  TEMP(K) =   305.34  PRESS =     0.0
 Etot   =      -711.6428  EKtot   =      1821.2107  EPtot      =     -2532.8535
 BOND   =       430.5909  ANGLE   =      1391.1337  DIHED      =      1879.1635
 1-4 NB =       544.8493  1-4 EEL =      8717.4910  VDWAALS    =     -1208.4424
 EELEC  =    -12175.3885  EGB     =     -2189.4799  RESTRAINT  =        22.1604
 EAMBER (non-restraint)  =     -2555.0140
 ESURF=        55.0682
 ------------------------------------------------------------------------------


 NSTEP =    25000   TIME(PS) =    1226.000  TEMP(K) =   299.56  PRESS =     0.0
 Etot   =      -729.9905  EKtot   =      1786.7613  EPtot      =     -2516.7518
 BOND   =       467.0488  ANGLE   =      1373.6545  DIHED      =      1909.9838
 1-4 NB =       532.7144  1-4 EEL =      8730.9851  VDWAALS    =     -1176.4851
 EELEC  =    -12123.4122  EGB     =     -2310.0863  RESTRAINT  =        22.2974
 EAMBER (non-restraint)  =     -2539.0492
 ESURF=        56.5477
 ------------------------------------------------------------------------------


 NSTEP =    30000   TIME(PS) =    1236.000  TEMP(K) =   302.38  PRESS =     0.0
 Etot   =      -765.5794  EKtot   =      1803.5776  EPtot      =     -2569.1570
 BOND   =       441.3676  ANGLE   =      1334.3913  DIHED      =      1864.6865
 1-4 NB =       537.7470  1-4 EEL =      8756.0207  VDWAALS    =     -1207.4523
 EELEC  =    -12171.6028  EGB     =     -2206.4423  RESTRAINT  =        25.8322
 EAMBER (non-restraint)  =     -2594.9892
 ESURF=        56.2952
 ------------------------------------------------------------------------------


 NSTEP =    35000   TIME(PS) =    1246.000  TEMP(K) =   294.71  PRESS =     0.0
 Etot   =      -838.8178  EKtot   =      1757.8335  EPtot      =     -2596.6513
 BOND   =       461.6326  ANGLE   =      1355.6553  DIHED      =      1887.3249
 1-4 NB =       525.0537  1-4 EEL =      8737.0162  VDWAALS    =     -1202.0594
 EELEC  =    -12397.0011  EGB     =     -2040.9979  RESTRAINT  =        21.6539
 EAMBER (non-restraint)  =     -2618.3051
 ESURF=        55.0706
 ------------------------------------------------------------------------------


 NSTEP =    40000   TIME(PS) =    1256.000  TEMP(K) =   308.86  PRESS =     0.0
 Etot   =      -682.9332  EKtot   =      1842.2077  EPtot      =     -2525.1409
 BOND   =       480.5728  ANGLE   =      1332.6095  DIHED      =      1911.3809
 1-4 NB =       544.2142  1-4 EEL =      8734.3417  VDWAALS    =     -1195.5903
 EELEC  =    -12223.2335  EGB     =     -2185.0615  RESTRAINT  =        21.0399
 EAMBER (non-restraint)  =     -2546.1808
 ESURF=        54.5854
 ------------------------------------------------------------------------------


 NSTEP =    45000   TIME(PS) =    1266.000  TEMP(K) =   308.17  PRESS =     0.0
 Etot   =      -702.3534  EKtot   =      1838.1175  EPtot      =     -2540.4710
 BOND   =       481.8468  ANGLE   =      1410.6034  DIHED      =      1872.1922
 1-4 NB =       518.1420  1-4 EEL =      8723.2741  VDWAALS    =     -1181.3770
 EELEC  =    -12262.7816  EGB     =     -2176.7391  RESTRAINT  =        21.0167
 EAMBER (non-restraint)  =     -2561.4877
 ESURF=        53.3517
 ------------------------------------------------------------------------------


 NSTEP =    50000   TIME(PS) =    1276.000  TEMP(K) =   309.80  PRESS =     0.0
 Etot   =      -774.7326  EKtot   =      1847.8037  EPtot      =     -2622.5363
 BOND   =       452.0061  ANGLE   =      1348.4486  DIHED      =      1877.4632
 1-4 NB =       530.5444  1-4 EEL =      8728.8357  VDWAALS    =     -1199.0337
 EELEC  =    -12309.7501  EGB     =     -2130.2639  RESTRAINT  =        21.9799
 EAMBER (non-restraint)  =     -2644.5161
 ESURF=        57.2337
 ------------------------------------------------------------------------------


 NSTEP =    55000   TIME(PS) =    1286.000  TEMP(K) =   302.83  PRESS =     0.0
 Etot   =      -770.7774  EKtot   =      1806.2249  EPtot      =     -2577.0023
 BOND   =       458.9829  ANGLE   =      1326.4136  DIHED      =      1881.9687
 1-4 NB =       549.7157  1-4 EEL =      8755.1702  VDWAALS    =     -1193.6952
 EELEC  =    -12310.5306  EGB     =     -2121.7766  RESTRAINT  =        23.1438
 EAMBER (non-restraint)  =     -2600.1462
 ESURF=        53.6050
 ------------------------------------------------------------------------------


 NSTEP =    60000   TIME(PS) =    1296.000  TEMP(K) =   305.89  PRESS =     0.0
 Etot   =      -704.5236  EKtot   =      1824.5208  EPtot      =     -2529.0444
 BOND   =       471.8653  ANGLE   =      1399.2936  DIHED      =      1867.9179
 1-4 NB =       540.8007  1-4 EEL =      8744.7595  VDWAALS    =     -1203.1581
 EELEC  =    -12264.8242  EGB     =     -2161.9866  RESTRAINT  =        20.6418
 EAMBER (non-restraint)  =     -2549.6862
 ESURF=        55.6456
 ------------------------------------------------------------------------------


 NSTEP =    65000   TIME(PS) =    1306.000  TEMP(K) =   299.84  PRESS =     0.0
 Etot   =      -719.5116  EKtot   =      1788.4174  EPtot      =     -2507.9290
 BOND   =       479.7232  ANGLE   =      1363.7829  DIHED      =      1885.7978
 1-4 NB =       536.7322  1-4 EEL =      8751.7208  VDWAALS    =     -1181.8273
 EELEC  =    -12212.9957  EGB     =     -2210.9009  RESTRAINT  =        21.5076
 EAMBER (non-restraint)  =     -2529.4366
 ESURF=        58.5303
 ------------------------------------------------------------------------------


 NSTEP =    70000   TIME(PS) =    1316.000  TEMP(K) =   299.25  PRESS =     0.0
 Etot   =      -777.6397  EKtot   =      1784.8979  EPtot      =     -2562.5376
 BOND   =       475.4042  ANGLE   =      1346.5445  DIHED      =      1894.6710
 1-4 NB =       533.3817  1-4 EEL =      8743.8022  VDWAALS    =     -1200.2563
 EELEC  =    -12309.1664  EGB     =     -2123.3459  RESTRAINT  =        21.3130
 EAMBER (non-restraint)  =     -2583.8506
 ESURF=        55.1145
 ------------------------------------------------------------------------------


 NSTEP =    75000   TIME(PS) =    1326.000  TEMP(K) =   301.09  PRESS =     0.0
 Etot   =      -744.4654  EKtot   =      1795.8621  EPtot      =     -2540.3275
 BOND   =       469.0840  ANGLE   =      1345.1101  DIHED      =      1886.3256
 1-4 NB =       543.4556  1-4 EEL =      8758.4239  VDWAALS    =     -1198.7973
 EELEC  =    -12219.1108  EGB     =     -2201.4067  RESTRAINT  =        20.3759
 EAMBER (non-restraint)  =     -2560.7034
 ESURF=        56.2122
 ------------------------------------------------------------------------------


 NSTEP =    80000   TIME(PS) =    1336.000  TEMP(K) =   305.44  PRESS =     0.0
 Etot   =      -664.1528  EKtot   =      1821.8104  EPtot      =     -2485.9633
 BOND   =       488.0171  ANGLE   =      1390.2822  DIHED      =      1908.8115
 1-4 NB =       537.2108  1-4 EEL =      8698.2805  VDWAALS    =     -1191.4500
 EELEC  =    -12296.8360  EGB     =     -2096.4026  RESTRAINT  =        21.4181
 EAMBER (non-restraint)  =     -2507.3814
 ESURF=        54.7051
 ------------------------------------------------------------------------------


 NSTEP =    85000   TIME(PS) =    1346.000  TEMP(K) =   293.61  PRESS =     0.0
 Etot   =      -767.3186  EKtot   =      1751.2753  EPtot      =     -2518.5939
 BOND   =       472.1510  ANGLE   =      1362.8355  DIHED      =      1901.2806
 1-4 NB =       543.7313  1-4 EEL =      8761.3503  VDWAALS    =     -1204.3163
 EELEC  =    -12360.0797  EGB     =     -2071.5757  RESTRAINT  =        22.1623
 EAMBER (non-restraint)  =     -2540.7562
 ESURF=        53.8668
 ------------------------------------------------------------------------------


 NSTEP =    90000   TIME(PS) =    1356.000  TEMP(K) =   300.55  PRESS =     0.0
 Etot   =      -726.2121  EKtot   =      1792.6263  EPtot      =     -2518.8383
 BOND   =       462.0883  ANGLE   =      1400.0476  DIHED      =      1897.1570
 1-4 NB =       528.1628  1-4 EEL =      8706.2009  VDWAALS    =     -1164.5087
 EELEC  =    -12259.9757  EGB     =     -2170.9623  RESTRAINT  =        23.9891
 EAMBER (non-restraint)  =     -2542.8275
 ESURF=        58.9627
 ------------------------------------------------------------------------------


 NSTEP =    95000   TIME(PS) =    1366.000  TEMP(K) =   293.90  PRESS =     0.0
 Etot   =      -814.7396  EKtot   =      1752.9823  EPtot      =     -2567.7219
 BOND   =       461.7431  ANGLE   =      1365.0414  DIHED      =      1894.4742
 1-4 NB =       528.7000  1-4 EEL =      8752.9196  VDWAALS    =     -1188.0618
 EELEC  =    -12379.9488  EGB     =     -2081.1755  RESTRAINT  =        24.3381
 EAMBER (non-restraint)  =     -2592.0600
 ESURF=        54.2477
 ------------------------------------------------------------------------------


 NSTEP =   100000   TIME(PS) =    1376.000  TEMP(K) =   301.44  PRESS =     0.0
 Etot   =      -762.8651  EKtot   =      1797.9806  EPtot      =     -2560.8458
 BOND   =       447.5530  ANGLE   =      1346.7288  DIHED      =      1874.0319
 1-4 NB =       567.0061  1-4 EEL =      8770.6141  VDWAALS    =     -1197.1382
 EELEC  =    -12353.3643  EGB     =     -2093.9201  RESTRAINT  =        23.2937
 EAMBER (non-restraint)  =     -2584.1395
 ESURF=        54.3493
 ------------------------------------------------------------------------------


 NSTEP =   105000   TIME(PS) =    1386.000  TEMP(K) =   297.04  PRESS =     0.0
 Etot   =      -811.6681  EKtot   =      1771.6895  EPtot      =     -2583.3576
 BOND   =       469.7941  ANGLE   =      1348.5136  DIHED      =      1912.1255
 1-4 NB =       519.7062  1-4 EEL =      8700.9025  VDWAALS    =     -1214.2318
 EELEC  =    -12329.1048  EGB     =     -2063.5585  RESTRAINT  =        21.2810
 EAMBER (non-restraint)  =     -2604.6386
 ESURF=        51.2147
 ------------------------------------------------------------------------------


 NSTEP =   110000   TIME(PS) =    1396.000  TEMP(K) =   300.75  PRESS =     0.0
 Etot   =      -742.8475  EKtot   =      1793.8355  EPtot      =     -2536.6830
 BOND   =       467.3219  ANGLE   =      1365.4831  DIHED      =      1903.8283
 1-4 NB =       529.1109  1-4 EEL =      8728.8421  VDWAALS    =     -1203.2824
 EELEC  =    -12382.3211  EGB     =     -2022.0826  RESTRAINT  =        23.0124
 EAMBER (non-restraint)  =     -2559.6954
 ESURF=        53.4045
 ------------------------------------------------------------------------------


 NSTEP =   115000   TIME(PS) =    1406.000  TEMP(K) =   304.14  PRESS =     0.0
 Etot   =      -691.5399  EKtot   =      1814.0771  EPtot      =     -2505.6170
 BOND   =       458.2266  ANGLE   =      1383.7228  DIHED      =      1888.7281
 1-4 NB =       541.2699  1-4 EEL =      8722.8248  VDWAALS    =     -1176.0141
 EELEC  =    -12198.6210  EGB     =     -2208.9273  RESTRAINT  =        24.8235
 EAMBER (non-restraint)  =     -2530.4405
 ESURF=        58.3497
 ------------------------------------------------------------------------------


 NSTEP =   120000   TIME(PS) =    1416.000  TEMP(K) =   292.30  PRESS =     0.0
 Etot   =      -715.9888  EKtot   =      1743.4626  EPtot      =     -2459.4514
 BOND   =       477.2424  ANGLE   =      1393.1753  DIHED      =      1878.7373
 1-4 NB =       542.9945  1-4 EEL =      8728.7334  VDWAALS    =     -1169.8076
 EELEC  =    -12218.9481  EGB     =     -2171.0022  RESTRAINT  =        23.2975
 EAMBER (non-restraint)  =     -2482.7488
 ESURF=        56.1263
 ------------------------------------------------------------------------------


 NSTEP =   125000   TIME(PS) =    1426.000  TEMP(K) =   295.21  PRESS =     0.0
 Etot   =      -798.7553  EKtot   =      1760.7993  EPtot      =     -2559.5546
 BOND   =       462.4227  ANGLE   =      1410.7064  DIHED      =      1870.4891
 1-4 NB =       522.1456  1-4 EEL =      8674.6584  VDWAALS    =     -1191.9297
 EELEC  =    -12261.8730  EGB     =     -2127.5043  RESTRAINT  =        24.3607
 EAMBER (non-restraint)  =     -2583.9152
 ESURF=        56.9695
 ------------------------------------------------------------------------------


      A V E R A G E S   O V E R      25 S T E P S


 NSTEP =   125000   TIME(PS) =    1426.000  TEMP(K) =   300.83  PRESS =     0.0
 Etot   =      -747.3970  EKtot   =      1794.3412  EPtot      =     -2541.7382
 BOND   =       464.9584  ANGLE   =      1368.3301  DIHED      =      1889.5009
 1-4 NB =       535.1623  1-4 EEL =      8735.3278  VDWAALS    =     -1194.5739
 EELEC  =    -12269.2883  EGB     =     -2148.9173  RESTRAINT  =        22.2672
 EAMBER (non-restraint)  =     -2564.0054
 ESURF=        55.4945
 ------------------------------------------------------------------------------


      R M S  F L U C T U A T I O N S


 NSTEP =   125000   TIME(PS) =    1426.000  TEMP(K) =     4.71  PRESS =     0.0
 Etot   =        42.5935  EKtot   =        28.1032  EPtot      =        34.9061
 BOND   =        12.9997  ANGLE   =        24.6128  DIHED      =        14.1631
 1-4 NB =        10.7955  1-4 EEL =        23.2916  VDWAALS    =        12.9108
 EELEC  =        71.1708  EGB     =        64.8210  RESTRAINT  =         1.5227
 EAMBER (non-restraint)  =        33.3834
 ESURF=         1.7479
 ------------------------------------------------------------------------------

--------------------------------------------------------------------------------
   5.  TIMINGS
--------------------------------------------------------------------------------

|  NonSetup CPU Time in Major Routines:
|
|     Routine           Sec        %
|     ------------------------------
|     Nonbond       26769.03   98.90
|     Bond              2.16    0.01
|     Angle            34.86    0.13
|     Dihedral        196.03    0.72
|     Shake             9.47    0.03
|     RunMD            54.02    0.20
|     Other             0.08    0.00
|     ------------------------------
|     Total         27065.66

|  Generalized Born CPU Time:
|
|     Routine                 Sec        %
|     ------------------------------------
|     Radii Calc           6048.94   22.35
|     Diagonal Calc       11271.89   41.65
|     Off Diagonal Calc    9434.40   34.86
|     GBSA LCPO Calc          0.11    0.00
|     ---------------------------------
|     Total               26755.24   98.85

|  Final Performance Info:
|     -----------------------------------------------------
|     Average timings for last       1 steps:
|     Elapsed(s) =       0.00 Per Step(ms) =       0.11
|         ns/day =    1601.33   seconds/ns =      53.96
|
|     Average timings for all steps:
|     Elapsed(s) =  124666.24 Per Step(ms) =     997.33
|         ns/day =       0.17   seconds/ns =  498664.95
|     -----------------------------------------------------

|  Setup CPU time:            0.03 seconds
|  NonSetup CPU time:     27065.66 seconds
|  Total CPU time:        27065.69 seconds     7.52 hours

|  Setup wall time:           1    seconds
|  NonSetup wall time:   124666    seconds
|  Total wall time:      124667    seconds    34.63 hours
