
          -------------------------------------------------------
          Amber 22 PMEMD                              2022
          -------------------------------------------------------

| PMEMD implementation of SANDER, Release 22

|  Compiled date/time: Thu Apr 14 23:36:37 2022
| Run on 12/29/2023 at 23:20:09

|   Executable path: pmemd
| Working directory: /home/arul/Reegina/MD_Sim/finalll/1DWR_info
|          Hostname: Unknown
  [-O]verwriting output

File Assignments:
|   MDIN: /home/arul/Reegina/MD_Sim/trial_file/min.in                           
|  MDOUT: min_1DWR.out                                                          
| INPCRD: 1DWR.rst7                                                             
|   PARM: 1DWR.hmass.parm7                                                      
| RESTRT: min_1DWR.rst7                                                         
|   REFC: refc                                                                  
|  MDVEL: mdvel                                                                 
|   MDEN: mden                                                                  
|  MDCRD: min_1DWR.crd                                                          
| MDINFO: min_1DWR.info                                                         
|  MDFRC: mdfrc                                                                 


 Here is the input file:

&cntrl                                                                         
  imin = 1,                                                                    
  maxcyc=100,                                                                  
  ntx = 1,                                                                     
  ntwr = 100,                                                                  
  ntpr = 10,                                                                   
  ioutfm=0,                                                                    
  ntxo=1,                                                                      
  cut = 1000.0,                                                                
  ntb=0,                                                                       
  igb = 8,                                                                     
  gbsa=3,                                                                      
  surften=0.007,                                                               
  saltcon = 0.0,                                                               
/                                                                              


Note: ig = -1. Setting random seed to   117062 based on wallclock time in 
      microseconds.
| irandom = 1, using AMBER's internal random number generator (default).
 
| Conditional Compilation Defines Used:
| PUBFFT
| BINTRAJ
| EMIL

| New format PARM file being parsed.
| Version =    1.000 Date = 12/29/23 Time = 17:09:19

| Note: 1-4 EEL scale factors are being read from the topology file.

| Note: 1-4 VDW scale factors are being read from the topology file.
| INFO:    Reading atomic numbers from topology file.
| Duplicated    0 dihedrals

| Duplicated    0 dihedrals

--------------------------------------------------------------------------------
   1.  RESOURCE   USE: 
--------------------------------------------------------------------------------

 NATOM  =    2404 NTYPES =      14 NBONH =    1209 MBONA  =    1222
 NTHETH =    2783 MTHETA =    1642 NPHIH =    5427 MPHIA  =    5129
 NHPARM =       0 NPARM  =       0 NNB   =   13325 NRES   =     152
 NBONA  =    1222 NTHETA =    1642 NPHIA =    5129 NUMBND =      63
 NUMANG =     148 NPTRA  =     178 NATYP =      31 NPHB   =       0
 IFBOX  =       0 NMXRS  =      24 IFCAP =       0 NEXTRA =       0
 NCOPY  =       0

 Implicit solvent radii are ArgH and AspGluO modified Bondi2 radii (mbondi3)                                
 Replacing prmtop screening parameters with GBn2 (igb=8) values
--------------------------------------------------------------------------------
   2.  CONTROL  DATA  FOR  THE  RUN
--------------------------------------------------------------------------------

default_name                                                                    

General flags:
     imin    =       1, nmropt  =       0

Nature and format of input:
     ntx     =       1, irest   =       0, ntrx    =       1

Nature and format of output:
     ntxo    =       1, ntpr    =      10, ntrx    =       1, ntwr    =     100
     iwrap   =       0, ntwx    =       0, ntwv    =       0, ntwe    =       0
     ioutfm  =       0, ntwprt  =       0, idecomp =       0, rbornstat=      0

Potential function:
     ntf     =       1, ntb     =       0, igb     =       8, nsnb    =      25
     ipol    =       0, gbsa    =       3, iesp    =       0
     dielc   =   1.00000, cut     =1000.00000, intdiel =   1.00000
     saltcon =   0.00000, offset  =   0.19514, surften =   0.00700
     rdt     =   0.00000, rgbmax  =  25.00000  extdiel =  78.50000
     alpb  =        0
     gbalphaH  =   0.78844, gbbetaH   =   0.79870,  gbgammaH  =    0.43733
     gbalphaC  =   0.73376, gbbetaC   =   0.50638,  gbgammaC  =    0.20584
     gbalphaN  =   0.50336, gbbetaN   =   0.31683,  gbgammaN  =    0.19292
     gbalphaOS =   0.86781, gbbetaOS  =   0.87664,  gbgammaOS =    0.38788
     gbalphaP  =   1.00000, gbbetaP   =   0.80000,  gbgammaP  =    4.85000
     gb_alpha_hnu  =   0.53705, gb_beta_hnu   =   0.36286,  gb_gamma_hnu  =    0.11670
     gb_alpha_cnu  =   0.33167, gb_beta_cnu   =   0.19684,  gb_gamma_cnu  =    0.09342
     gb_alpha_nnu  =   0.68631, gb_beta_nnu   =   0.46319,  gb_gamma_nnu  =    0.13872
     gb_alpha_onu  =   0.60634, gb_beta_onu   =   0.46301,  gb_gamma_onu  =    0.14226
     gb_alpha_pnu  =   0.41836, gb_beta_pnu   =   0.29005,  gb_gamma_pnu  =    0.10642

Frozen or restrained atoms:
     ibelly  =       0, ntr     =       0

Energy minimization:
     maxcyc  =     100, ncyc    =      10, ntmin   =       1
     dx0     =   0.01000, drms    =   0.00010

| Intermolecular bonds treatment:
|     no_intermolecular_bonds =       1

| Energy averages sample interval:
|     ene_avg_sampling =       1

--------------------------------------------------------------------------------
   3.  ATOMIC COORDINATES AND VELOCITIES
--------------------------------------------------------------------------------

default_name                                                                    
 begin time read from input coords =     0.000 ps

 
 Number of triangulated 3-point waters found:        0
| Dynamic Memory, Types Used:
| Reals               64917
| Integers           280465

--------------------------------------------------------------------------------
   4.  RESULTS
--------------------------------------------------------------------------------



   NSTEP       ENERGY          RMS            GMAX         NAME    NUMBER
      1      -3.3424E+03     1.0843E+01     3.4419E+02     OXT      2404

 BOND    =       91.7534  ANGLE   =      575.6349  DIHED      =     1727.2506
 VDWAALS =    -1086.8407  EEL     =   -12420.6307  EGB        =    -1942.2187
 1-4 VDW =      673.7380  1-4 EEL =     8997.7208  RESTRAINT  =        0.0000
 ESURF   =       41.2176


   NSTEP       ENERGY          RMS            GMAX         NAME    NUMBER
     10      -3.5149E+03     6.0651E+00     1.7020E+02     OXT      2404

 BOND    =       56.9162  ANGLE   =      520.6138  DIHED      =     1723.5836
 VDWAALS =    -1127.7064  EEL     =   -12424.4704  EGB        =    -1943.9320
 1-4 VDW =      646.2571  1-4 EEL =     8992.6064  RESTRAINT  =        0.0000
 ESURF   =       41.2287


   NSTEP       ENERGY          RMS            GMAX         NAME    NUMBER
     20      -3.8798E+03     3.3791E+00     9.3819E+01     C        2402

 BOND    =       53.2958  ANGLE   =      456.1755  DIHED      =     1720.7517
 VDWAALS =    -1255.1975  EEL     =   -12402.7804  EGB        =    -1960.9865
 1-4 VDW =      570.0369  1-4 EEL =     8897.1143  RESTRAINT  =        0.0000
 ESURF   =       41.7972


   NSTEP       ENERGY          RMS            GMAX         NAME    NUMBER
     30      -3.9664E+03     1.9438E+00     2.0772E+01     OXT      2404

 BOND    =       59.6089  ANGLE   =      428.5660  DIHED      =     1712.7864
 VDWAALS =    -1269.7107  EEL     =   -12392.2162  EGB        =    -1958.2694
 1-4 VDW =      545.6737  1-4 EEL =     8864.9003  RESTRAINT  =        0.0000
 ESURF   =       42.2832


   NSTEP       ENERGY          RMS            GMAX         NAME    NUMBER
     40      -4.0380E+03     2.2114E+00     3.9295E+01     CA       2389

 BOND    =       60.0666  ANGLE   =      415.8106  DIHED      =     1705.9105
 VDWAALS =    -1294.3128  EEL     =   -12383.5009  EGB        =    -1967.8118
 1-4 VDW =      526.8938  1-4 EEL =     8856.0039  RESTRAINT  =        0.0000
 ESURF   =       42.9761


   NSTEP       ENERGY          RMS            GMAX         NAME    NUMBER
     50      -4.1219E+03     1.4701E+00     1.9202E+01     CG        298

 BOND    =       83.6343  ANGLE   =      443.8796  DIHED      =     1706.7534
 VDWAALS =    -1328.9158  EEL     =   -12347.7484  EGB        =    -1977.3824
 1-4 VDW =      476.4620  1-4 EEL =     8776.9583  RESTRAINT  =        0.0000
 ESURF   =       44.4478


   NSTEP       ENERGY          RMS            GMAX         NAME    NUMBER
     60      -4.1361E+03     9.2915E-01     7.9223E+00     CG        298

 BOND    =       75.5644  ANGLE   =      442.8618  DIHED      =     1703.7815
 VDWAALS =    -1333.6989  EEL     =   -12350.5841  EGB        =    -1979.6731
 1-4 VDW =      481.2755  1-4 EEL =     8779.9378  RESTRAINT  =        0.0000
 ESURF   =       44.4720


   NSTEP       ENERGY          RMS            GMAX         NAME    NUMBER
     70      -4.1612E+03     1.1648E+00     1.1861E+01     CE2        86

 BOND    =       72.3569  ANGLE   =      430.9994  DIHED      =     1693.4793
 VDWAALS =    -1339.6853  EEL     =   -12359.1240  EGB        =    -1980.5416
 1-4 VDW =      487.7370  1-4 EEL =     8788.9338  RESTRAINT  =        0.0000
 ESURF   =       44.6477


   NSTEP       ENERGY          RMS            GMAX         NAME    NUMBER
     80      -4.1757E+03     5.2489E-01     4.7247E+00     HD3       735

 BOND    =       66.3615  ANGLE   =      428.7007  DIHED      =     1690.8777
 VDWAALS =    -1342.3318  EEL     =   -12363.3305  EGB        =    -1982.3982
 1-4 VDW =      491.5126  1-4 EEL =     8790.0946  RESTRAINT  =        0.0000
 ESURF   =       44.7910


   NSTEP       ENERGY          RMS            GMAX         NAME    NUMBER
     90      -4.1892E+03     9.6425E-01     1.5794E+01     C        2402

 BOND    =       70.5944  ANGLE   =      427.2536  DIHED      =     1687.6226
 VDWAALS =    -1342.4594  EEL     =   -12366.7572  EGB        =    -1983.6975
 1-4 VDW =      485.4098  1-4 EEL =     8787.8771  RESTRAINT  =        0.0000
 ESURF   =       44.9925


   NSTEP       ENERGY          RMS            GMAX         NAME    NUMBER
    100      -4.2010E+03     6.3282E-01     5.9691E+00     CD        733

 BOND    =       77.1341  ANGLE   =      433.9677  DIHED      =     1686.7220
 VDWAALS =    -1344.6446  EEL     =   -12365.4825  EGB        =    -1984.6593
 1-4 VDW =      475.7754  1-4 EEL =     8774.9097  RESTRAINT  =        0.0000
 ESURF   =       45.2641


  Maximum number of minimization cycles reached.


                    FINAL RESULTS



   NSTEP       ENERGY          RMS            GMAX         NAME    NUMBER
    100      -4.2010E+03     6.3282E-01     5.9691E+00     CD        733

 BOND    =       77.1341  ANGLE   =      433.9677  DIHED      =     1686.7220
 VDWAALS =    -1344.6446  EEL     =   -12365.4825  EGB        =    -1984.6593
 1-4 VDW =      475.7754  1-4 EEL =     8774.9097  RESTRAINT  =        0.0000
 ESURF   =       45.2641
--------------------------------------------------------------------------------
   5.  TIMINGS
--------------------------------------------------------------------------------

|  NonSetup CPU Time in Major Routines:
|
|     Routine           Sec        %
|     ------------------------------
|     Nonbond          23.06   99.11
|     Bond              0.00    0.01
|     Angle             0.03    0.12
|     Dihedral          0.16    0.70
|     Shake             0.00    0.00
|     Other             0.01    0.05
|     ------------------------------
|     Total            23.27

|  Generalized Born CPU Time:
|
|     Routine                 Sec        %
|     ------------------------------------
|     Radii Calc              5.28   22.71
|     Diagonal Calc           9.67   41.55
|     Off Diagonal Calc       8.10   34.80
|     GBSA LCPO Calc          0.00    0.00
|     ---------------------------------
|     Total                  23.05   99.06

|  Setup CPU time:            0.03 seconds
|  NonSetup CPU time:        23.27 seconds
|  Total CPU time:           23.30 seconds     0.01 hours

|  Setup wall time:           0    seconds
|  NonSetup wall time:       53    seconds
|  Total wall time:          53    seconds     0.01 hours
