
          -------------------------------------------------------
          Amber 22 PMEMD                              2022
          -------------------------------------------------------

| PMEMD implementation of SANDER, Release 22

|  Compiled date/time: Thu Apr 14 23:36:37 2022
| Run on 12/21/2023 at 21:34:48

|   Executable path: pmemd
| Working directory: /home/arul/Reegina/MD_Sim/sample/1G6P_info
|          Hostname: Unknown
  [-O]verwriting output

File Assignments:
|   MDIN: eq1.in                                                                
|  MDOUT: eq1.out                                                               
| INPCRD: heat.rst7                                                             
|   PARM: 1G6P.hmass.parm7                                                      
| RESTRT: eq1.rst7                                                              
|   REFC: heat.rst7                                                             
|  MDVEL: mdvel                                                                 
|   MDEN: mden                                                                  
|  MDCRD: eq1.crd                                                               
| MDINFO: eq1.info                                                              
|  MDFRC: mdfrc                                                                 


 Here is the input file:

&cntrl                                                                         
   ntx = 5,                                                                    
                                                                               
   ntwx = 5000, ntwe = 0, ntwr = 500,                                          
   ntpr = 5000,                                                                
                                                                               
   ioutfm=0, ntxo=1,                                                           
                                                                               
   imin = 0, nstlim = 125000, dt = 0.002,                                      
                                                                               
   ntt = 3, gamma_ln=1.0, temp0 = 300.0,                                       
   nscm = 1000, ig = -1, irest = 1,                                            
                                                                               
   ntc= 2, ntf = 2, cut = 1000,                                                
                                                                               
   igb=8, gbsa=3, surften=0.007, ntb = 0,                                      
   saltcon=0.,                                                                 
                                                                               
   ntr=1, restraintmask="@CA,N,C,O",                                           
   restraint_wt=1.0,                                                           
 /                                                                             


Note: ig = -1. Setting random seed to    64471 based on wallclock time in 
      microseconds.
| irandom = 1, using AMBER's internal random number generator (default).
 
| Conditional Compilation Defines Used:
| PUBFFT
| BINTRAJ
| EMIL

| New format PARM file being parsed.
| Version =    1.000 Date = 12/05/23 Time = 14:07:07

| Note: 1-4 EEL scale factors are being read from the topology file.

| Note: 1-4 VDW scale factors are being read from the topology file.
| INFO:    Reading atomic numbers from topology file.
| Duplicated    0 dihedrals

| Duplicated    0 dihedrals

--------------------------------------------------------------------------------
   1.  RESOURCE   USE: 
--------------------------------------------------------------------------------

 NATOM  =    1054 NTYPES =      14 NBONH =     526 MBONA  =     540
 NTHETH =    1213 MTHETA =     720 NPHIH =    2363 MPHIA  =    2215
 NHPARM =       0 NPARM  =       0 NNB   =    5825 NRES   =      66
 NBONA  =     540 NTHETA =     720 NPHIA =    2215 NUMBND =      62
 NUMANG =     148 NPTRA  =     167 NATYP =      30 NPHB   =       0
 IFBOX  =       0 NMXRS  =      24 IFCAP =       0 NEXTRA =       0
 NCOPY  =       0

 Implicit solvent radii are ArgH and AspGluO modified Bondi2 radii (mbondi3)                                
 Replacing prmtop screening parameters with GBn2 (igb=8) values
--------------------------------------------------------------------------------
   2.  CONTROL  DATA  FOR  THE  RUN
--------------------------------------------------------------------------------

default_name                                                                    

General flags:
     imin    =       0, nmropt  =       0

Nature and format of input:
     ntx     =       5, irest   =       1, ntrx    =       1

Nature and format of output:
     ntxo    =       1, ntpr    =    5000, ntrx    =       1, ntwr    =     500
     iwrap   =       0, ntwx    =    5000, ntwv    =       0, ntwe    =       0
     ioutfm  =       0, ntwprt  =       0, idecomp =       0, rbornstat=      0

Potential function:
     ntf     =       2, ntb     =       0, igb     =       8, nsnb    =      25
     ipol    =       0, gbsa    =       3, iesp    =       0
     dielc   =   1.00000, cut     =1000.00000, intdiel =   1.00000
     saltcon =   0.00000, offset  =   0.19514, surften =   0.00700
     rdt     =   0.00000, rgbmax  =  25.00000  extdiel =  78.50000
     alpb  =        0
     gbalphaH  =   0.78844, gbbetaH   =   0.79870,  gbgammaH  =    0.43733
     gbalphaC  =   0.73376, gbbetaC   =   0.50638,  gbgammaC  =    0.20584
     gbalphaN  =   0.50336, gbbetaN   =   0.31683,  gbgammaN  =    0.19292
     gbalphaOS =   0.86781, gbbetaOS  =   0.87664,  gbgammaOS =    0.38788
     gbalphaP  =   1.00000, gbbetaP   =   0.80000,  gbgammaP  =    4.85000
     gb_alpha_hnu  =   0.53705, gb_beta_hnu   =   0.36286,  gb_gamma_hnu  =    0.11670
     gb_alpha_cnu  =   0.33167, gb_beta_cnu   =   0.19684,  gb_gamma_cnu  =    0.09342
     gb_alpha_nnu  =   0.68631, gb_beta_nnu   =   0.46319,  gb_gamma_nnu  =    0.13872
     gb_alpha_onu  =   0.60634, gb_beta_onu   =   0.46301,  gb_gamma_onu  =    0.14226
     gb_alpha_pnu  =   0.41836, gb_beta_pnu   =   0.29005,  gb_gamma_pnu  =    0.10642

Frozen or restrained atoms:
     ibelly  =       0, ntr     =       1
     restraint_wt =   1.00000

Molecular dynamics:
     nstlim  =    125000, nscm    =         0, nrespa  =         1
     t       =   0.00000, dt      =   0.00200, vlimit  =  20.00000

Langevin dynamics temperature regulation:
     ig      =   64471
     temp0   = 300.00000, tempi   =   0.00000, gamma_ln=   1.00000

SHAKE:
     ntc     =       2, jfastw  =       0
     tol     =   0.00001

| Intermolecular bonds treatment:
|     no_intermolecular_bonds =       1

| Energy averages sample interval:
|     ene_avg_sampling =    5000

    LOADING THE CONSTRAINED ATOMS AS GROUPS


   5.  REFERENCE ATOM COORDINATES

  default_name                                                                    
     Mask @CA,N,C,O; matches   264 atoms

--------------------------------------------------------------------------------
   3.  ATOMIC COORDINATES AND VELOCITIES
--------------------------------------------------------------------------------

default_name                                                                    
 begin time read from input coords =  1000.000 ps

 
 Number of triangulated 3-point waters found:        0
| Dynamic Memory, Types Used:
| Reals               37627
| Integers           124479

--------------------------------------------------------------------------------
   4.  RESULTS
--------------------------------------------------------------------------------


 NSTEP =     5000   TIME(PS) =    1010.000  TEMP(K) =   297.06  PRESS =     0.0
 Etot   =      -309.8636  EKtot   =       778.0354  EPtot      =     -1087.8990
 BOND   =       211.4083  ANGLE   =       565.2531  DIHED      =       773.3134
 1-4 NB =       206.4098  1-4 EEL =      4013.4470  VDWAALS    =      -413.4858
 EELEC  =     -4827.9712  EGB     =     -1698.0517  RESTRAINT  =        45.5999
 EAMBER (non-restraint)  =     -1133.4989
 ESURF=        36.1783
 ------------------------------------------------------------------------------


 NSTEP =    10000   TIME(PS) =    1020.000  TEMP(K) =   308.78  PRESS =     0.0
 Etot   =      -298.8855  EKtot   =       808.7428  EPtot      =     -1107.6284
 BOND   =       207.4522  ANGLE   =       554.4808  DIHED      =       755.7930
 1-4 NB =       218.4839  1-4 EEL =      4052.6682  VDWAALS    =      -416.5116
 EELEC  =     -4962.7992  EGB     =     -1593.4198  RESTRAINT  =        42.6599
 EAMBER (non-restraint)  =     -1150.2883
 ESURF=        33.5642
 ------------------------------------------------------------------------------


 NSTEP =    15000   TIME(PS) =    1030.000  TEMP(K) =   292.66  PRESS =     0.0
 Etot   =      -321.7436  EKtot   =       766.5138  EPtot      =     -1088.2574
 BOND   =       216.3203  ANGLE   =       569.0903  DIHED      =       764.6261
 1-4 NB =       226.6140  1-4 EEL =      4025.8812  VDWAALS    =      -421.9782
 EELEC  =     -4946.9333  EGB     =     -1594.6769  RESTRAINT  =        39.0460
 EAMBER (non-restraint)  =     -1127.3034
 ESURF=        33.7531
 ------------------------------------------------------------------------------


 NSTEP =    20000   TIME(PS) =    1040.000  TEMP(K) =   299.70  PRESS =     0.0
 Etot   =      -323.0771  EKtot   =       784.9403  EPtot      =     -1108.0175
 BOND   =       208.3205  ANGLE   =       540.4141  DIHED      =       761.6653
 1-4 NB =       215.4026  1-4 EEL =      4016.6511  VDWAALS    =      -408.1729
 EELEC  =     -4945.1469  EGB     =     -1575.6888  RESTRAINT  =        44.0786
 EAMBER (non-restraint)  =     -1152.0960
 ESURF=        34.4588
 ------------------------------------------------------------------------------


 NSTEP =    25000   TIME(PS) =    1050.000  TEMP(K) =   310.69  PRESS =     0.0
 Etot   =      -262.1176  EKtot   =       813.7457  EPtot      =     -1075.8633
 BOND   =       218.1587  ANGLE   =       580.5728  DIHED      =       758.1012
 1-4 NB =       215.0422  1-4 EEL =      3978.9081  VDWAALS    =      -413.4328
 EELEC  =     -4954.1908  EGB     =     -1542.1170  RESTRAINT  =        49.1584
 EAMBER (non-restraint)  =     -1125.0216
 ESURF=        33.9359
 ------------------------------------------------------------------------------


 NSTEP =    30000   TIME(PS) =    1060.000  TEMP(K) =   305.55  PRESS =     0.0
 Etot   =      -308.7321  EKtot   =       800.2840  EPtot      =     -1109.0161
 BOND   =       199.4589  ANGLE   =       548.6221  DIHED      =       771.2027
 1-4 NB =       217.7664  1-4 EEL =      4020.2813  VDWAALS    =      -434.7861
 EELEC  =     -4928.1998  EGB     =     -1586.8172  RESTRAINT  =        48.2523
 EAMBER (non-restraint)  =     -1157.2684
 ESURF=        35.2032
 ------------------------------------------------------------------------------


 NSTEP =    35000   TIME(PS) =    1070.000  TEMP(K) =   292.70  PRESS =     0.0
 Etot   =      -354.4545  EKtot   =       766.6134  EPtot      =     -1121.0680
 BOND   =       207.1092  ANGLE   =       552.5767  DIHED      =       763.3309
 1-4 NB =       221.1072  1-4 EEL =      4022.4414  VDWAALS    =      -416.3626
 EELEC  =     -4976.0949  EGB     =     -1579.1819  RESTRAINT  =        48.4419
 EAMBER (non-restraint)  =     -1169.5099
 ESURF=        35.5641
 ------------------------------------------------------------------------------


 NSTEP =    40000   TIME(PS) =    1080.000  TEMP(K) =   319.47  PRESS =     0.0
 Etot   =      -214.4617  EKtot   =       836.7329  EPtot      =     -1051.1946
 BOND   =       225.1609  ANGLE   =       586.5323  DIHED      =       777.9636
 1-4 NB =       215.8964  1-4 EEL =      4019.9342  VDWAALS    =      -422.4516
 EELEC  =     -4946.4107  EGB     =     -1592.3983  RESTRAINT  =        49.5778
 EAMBER (non-restraint)  =     -1100.7724
 ESURF=        35.0009
 ------------------------------------------------------------------------------


 NSTEP =    45000   TIME(PS) =    1090.000  TEMP(K) =   294.13  PRESS =     0.0
 Etot   =      -313.6314  EKtot   =       770.3739  EPtot      =     -1084.0053
 BOND   =       224.3837  ANGLE   =       566.0371  DIHED      =       748.1412
 1-4 NB =       221.9427  1-4 EEL =      3993.6188  VDWAALS    =      -416.0285
 EELEC  =     -4914.2774  EGB     =     -1593.5415  RESTRAINT  =        49.7054
 EAMBER (non-restraint)  =     -1133.7107
 ESURF=        36.0132
 ------------------------------------------------------------------------------


 NSTEP =    50000   TIME(PS) =    1100.000  TEMP(K) =   297.29  PRESS =     0.0
 Etot   =      -337.2100  EKtot   =       778.6425  EPtot      =     -1115.8525
 BOND   =       207.4775  ANGLE   =       551.2619  DIHED      =       757.0753
 1-4 NB =       211.0629  1-4 EEL =      4024.4609  VDWAALS    =      -411.1602
 EELEC  =     -4996.1249  EGB     =     -1535.8772  RESTRAINT  =        41.3098
 EAMBER (non-restraint)  =     -1157.1623
 ESURF=        34.6615
 ------------------------------------------------------------------------------


 NSTEP =    55000   TIME(PS) =    1110.000  TEMP(K) =   296.43  PRESS =     0.0
 Etot   =      -276.0381  EKtot   =       776.3832  EPtot      =     -1052.4213
 BOND   =       242.7103  ANGLE   =       570.5930  DIHED      =       756.9170
 1-4 NB =       215.7229  1-4 EEL =      4028.7553  VDWAALS    =      -408.8343
 EELEC  =     -4943.4673  EGB     =     -1600.1970  RESTRAINT  =        48.9991
 EAMBER (non-restraint)  =     -1101.4204
 ESURF=        36.3797
 ------------------------------------------------------------------------------


 NSTEP =    60000   TIME(PS) =    1120.000  TEMP(K) =   309.77  PRESS =     0.0
 Etot   =      -268.4431  EKtot   =       811.3296  EPtot      =     -1079.7726
 BOND   =       201.5967  ANGLE   =       590.0338  DIHED      =       771.7654
 1-4 NB =       214.5611  1-4 EEL =      4015.6284  VDWAALS    =      -417.4306
 EELEC  =     -4929.8763  EGB     =     -1603.1780  RESTRAINT  =        40.9533
 EAMBER (non-restraint)  =     -1120.7259
 ESURF=        36.1736
 ------------------------------------------------------------------------------


 NSTEP =    65000   TIME(PS) =    1130.000  TEMP(K) =   311.57  PRESS =     0.0
 Etot   =      -285.3780  EKtot   =       816.0446  EPtot      =     -1101.4227
 BOND   =       178.9454  ANGLE   =       560.7257  DIHED      =       781.9231
 1-4 NB =       219.1368  1-4 EEL =      4021.4306  VDWAALS    =      -411.4966
 EELEC  =     -4956.6345  EGB     =     -1582.0473  RESTRAINT  =        51.6563
 EAMBER (non-restraint)  =     -1153.0790
 ESURF=        34.9378
 ------------------------------------------------------------------------------


 NSTEP =    70000   TIME(PS) =    1140.000  TEMP(K) =   297.10  PRESS =     0.0
 Etot   =      -287.1404  EKtot   =       778.1527  EPtot      =     -1065.2932
 BOND   =       216.1337  ANGLE   =       584.0836  DIHED      =       769.5986
 1-4 NB =       210.6608  1-4 EEL =      4007.4222  VDWAALS    =      -425.3708
 EELEC  =     -4976.0387  EGB     =     -1541.4099  RESTRAINT  =        55.7141
 EAMBER (non-restraint)  =     -1121.0073
 ESURF=        33.9131
 ------------------------------------------------------------------------------


 NSTEP =    75000   TIME(PS) =    1150.000  TEMP(K) =   303.40  PRESS =     0.0
 Etot   =      -288.9360  EKtot   =       794.6532  EPtot      =     -1083.5892
 BOND   =       223.0262  ANGLE   =       554.1909  DIHED      =       754.7699
 1-4 NB =       214.2794  1-4 EEL =      4013.2936  VDWAALS    =      -414.8733
 EELEC  =     -4959.5521  EGB     =     -1556.4947  RESTRAINT  =        51.7727
 EAMBER (non-restraint)  =     -1135.3619
 ESURF=        35.9983
 ------------------------------------------------------------------------------


 NSTEP =    80000   TIME(PS) =    1160.000  TEMP(K) =   301.06  PRESS =     0.0
 Etot   =      -275.2373  EKtot   =       788.5043  EPtot      =     -1063.7416
 BOND   =       239.6393  ANGLE   =       569.2881  DIHED      =       769.1510
 1-4 NB =       219.0586  1-4 EEL =      4024.8761  VDWAALS    =      -419.1417
 EELEC  =     -5056.3491  EGB     =     -1493.9496  RESTRAINT  =        48.7860
 EAMBER (non-restraint)  =     -1112.5276
 ESURF=        34.8997
 ------------------------------------------------------------------------------


 NSTEP =    85000   TIME(PS) =    1170.000  TEMP(K) =   308.98  PRESS =     0.0
 Etot   =      -269.2113  EKtot   =       809.2597  EPtot      =     -1078.4710
 BOND   =       211.0323  ANGLE   =       570.2581  DIHED      =       768.0744
 1-4 NB =       222.6076  1-4 EEL =      4009.8356  VDWAALS    =      -419.6309
 EELEC  =     -4924.7391  EGB     =     -1597.1527  RESTRAINT  =        46.8384
 EAMBER (non-restraint)  =     -1125.3094
 ESURF=        34.4053
 ------------------------------------------------------------------------------


 NSTEP =    90000   TIME(PS) =    1180.000  TEMP(K) =   292.70  PRESS =     0.0
 Etot   =      -345.4910  EKtot   =       766.6085  EPtot      =     -1112.0995
 BOND   =       200.8931  ANGLE   =       565.5757  DIHED      =       758.9974
 1-4 NB =       217.1402  1-4 EEL =      3989.2017  VDWAALS    =      -416.5806
 EELEC  =     -4984.6209  EGB     =     -1524.6447  RESTRAINT  =        47.5772
 EAMBER (non-restraint)  =     -1159.6767
 ESURF=        34.3614
 ------------------------------------------------------------------------------


 NSTEP =    95000   TIME(PS) =    1190.000  TEMP(K) =   305.99  PRESS =     0.0
 Etot   =      -287.0994  EKtot   =       801.4367  EPtot      =     -1088.5361
 BOND   =       192.4148  ANGLE   =       584.0802  DIHED      =       754.3536
 1-4 NB =       220.3392  1-4 EEL =      4032.3584  VDWAALS    =      -424.7697
 EELEC  =     -4977.9053  EGB     =     -1559.1623  RESTRAINT  =        54.5961
 EAMBER (non-restraint)  =     -1143.1322
 ESURF=        35.1589
 ------------------------------------------------------------------------------


 NSTEP =   100000   TIME(PS) =    1200.000  TEMP(K) =   301.67  PRESS =     0.0
 Etot   =      -257.6870  EKtot   =       790.1006  EPtot      =     -1047.7876
 BOND   =       225.5972  ANGLE   =       607.3475  DIHED      =       760.8096
 1-4 NB =       209.1306  1-4 EEL =      4002.5952  VDWAALS    =      -420.3147
 EELEC  =     -4962.1394  EGB     =     -1552.2366  RESTRAINT  =        46.3714
 EAMBER (non-restraint)  =     -1094.1590
 ESURF=        35.0518
 ------------------------------------------------------------------------------


 NSTEP =   105000   TIME(PS) =    1210.000  TEMP(K) =   306.38  PRESS =     0.0
 Etot   =      -294.1972  EKtot   =       802.4568  EPtot      =     -1096.6540
 BOND   =       216.3930  ANGLE   =       543.2940  DIHED      =       770.4629
 1-4 NB =       220.3938  1-4 EEL =      4009.0930  VDWAALS    =      -413.2064
 EELEC  =     -4951.5890  EGB     =     -1583.8454  RESTRAINT  =        55.6380
 EAMBER (non-restraint)  =     -1152.2920
 ESURF=        36.7121
 ------------------------------------------------------------------------------


 NSTEP =   110000   TIME(PS) =    1220.000  TEMP(K) =   296.18  PRESS =     0.0
 Etot   =      -344.1686  EKtot   =       775.7350  EPtot      =     -1119.9036
 BOND   =       214.1850  ANGLE   =       572.5435  DIHED      =       749.4030
 1-4 NB =       219.1913  1-4 EEL =      4001.1060  VDWAALS    =      -425.0305
 EELEC  =     -4994.6634  EGB     =     -1536.3000  RESTRAINT  =        44.0968
 EAMBER (non-restraint)  =     -1164.0004
 ESURF=        35.5647
 ------------------------------------------------------------------------------


 NSTEP =   115000   TIME(PS) =    1230.000  TEMP(K) =   310.39  PRESS =     0.0
 Etot   =      -273.4788  EKtot   =       812.9393  EPtot      =     -1086.4181
 BOND   =       231.1589  ANGLE   =       564.6674  DIHED      =       765.0385
 1-4 NB =       216.3397  1-4 EEL =      4007.4611  VDWAALS    =      -424.0754
 EELEC  =     -5032.2619  EGB     =     -1491.6228  RESTRAINT  =        42.6704
 EAMBER (non-restraint)  =     -1129.0885
 ESURF=        34.2059
 ------------------------------------------------------------------------------


 NSTEP =   120000   TIME(PS) =    1240.000  TEMP(K) =   297.75  PRESS =     0.0
 Etot   =      -337.8542  EKtot   =       779.8525  EPtot      =     -1117.7067
 BOND   =       203.2481  ANGLE   =       555.4491  DIHED      =       765.7753
 1-4 NB =       221.3699  1-4 EEL =      4026.9713  VDWAALS    =      -428.9183
 EELEC  =     -5009.4592  EGB     =     -1537.2113  RESTRAINT  =        50.6583
 EAMBER (non-restraint)  =     -1168.3650
 ESURF=        34.4101
 ------------------------------------------------------------------------------


 NSTEP =   125000   TIME(PS) =    1250.000  TEMP(K) =   306.75  PRESS =     0.0
 Etot   =      -281.3309  EKtot   =       803.4247  EPtot      =     -1084.7556
 BOND   =       210.1269  ANGLE   =       580.4596  DIHED      =       765.0706
 1-4 NB =       219.3906  1-4 EEL =      4011.1887  VDWAALS    =      -404.8651
 EELEC  =     -5069.3975  EGB     =     -1486.2905  RESTRAINT  =        53.7524
 EAMBER (non-restraint)  =     -1138.5080
 ESURF=        35.8087
 ------------------------------------------------------------------------------


      A V E R A G E S   O V E R      25 S T E P S


 NSTEP =   125000   TIME(PS) =    1250.000  TEMP(K) =   302.57  PRESS =     0.0
 Etot   =      -296.6347  EKtot   =       792.4602  EPtot      =     -1089.0950
 BOND   =       213.2940  ANGLE   =       567.4973  DIHED      =       763.7329
 1-4 NB =       217.1620  1-4 EEL =      4014.7804  VDWAALS    =      -417.9564
 EELEC  =     -4965.0737  EGB     =     -1565.5005  RESTRAINT  =        47.9164
 EAMBER (non-restraint)  =     -1137.0114
 ESURF=        35.0526
 ------------------------------------------------------------------------------


      R M S  F L U C T U A T I O N S


 NSTEP =   125000   TIME(PS) =    1250.000  TEMP(K) =     7.05  PRESS =     0.0
 Etot   =        32.4425  EKtot   =        18.4769  EPtot      =        21.4469
 BOND   =        13.8392  ANGLE   =        15.6383  DIHED      =         8.2935
 1-4 NB =         4.4764  1-4 EEL =        14.8013  VDWAALS    =         6.8109
 EELEC  =        47.2809  EGB     =        43.8940  RESTRAINT  =         4.5149
 EAMBER (non-restraint)  =        16.9320
 ESURF=         0.8719
 ------------------------------------------------------------------------------

--------------------------------------------------------------------------------
   5.  TIMINGS
--------------------------------------------------------------------------------

|  NonSetup CPU Time in Major Routines:
|
|     Routine           Sec        %
|     ------------------------------
|     Nonbond        5356.83   97.77
|     Bond              0.86    0.02
|     Angle            14.14    0.26
|     Dihedral         81.09    1.48
|     Shake             3.69    0.07
|     RunMD            22.13    0.40
|     Other             0.05    0.00
|     ------------------------------
|     Total          5478.79

|  Generalized Born CPU Time:
|
|     Routine                 Sec        %
|     ------------------------------------
|     Radii Calc           1257.73   22.96
|     Diagonal Calc        2343.46   42.77
|     Off Diagonal Calc    1750.08   31.94
|     GBSA LCPO Calc          0.05    0.00
|     ---------------------------------
|     Total                5351.26   97.67

|  Final Performance Info:
|     -----------------------------------------------------
|     Average timings for last       1 steps:
|     Elapsed(s) =       0.00 Per Step(ms) =       0.10
|         ns/day =    1765.06   seconds/ns =      48.95
|
|     Average timings for all steps:
|     Elapsed(s) =    9730.04 Per Step(ms) =      77.84
|         ns/day =       2.22   seconds/ns =   38920.15
|     -----------------------------------------------------

|  Setup CPU time:            0.01 seconds
|  NonSetup CPU time:      5478.79 seconds
|  Total CPU time:         5478.80 seconds     1.52 hours

|  Setup wall time:           0    seconds
|  NonSetup wall time:     9730    seconds
|  Total wall time:        9730    seconds     2.70 hours
