
          -------------------------------------------------------
          Amber 22 PMEMD                              2022
          -------------------------------------------------------

| PMEMD implementation of SANDER, Release 22

|  Compiled date/time: Thu Apr 14 23:36:37 2022
| Run on 12/20/2023 at 13:27:33

|   Executable path: pmemd
| Working directory: /home/arul/Reegina/MD_Sim/amber_parameters/1TTG_info
|          Hostname: Unknown
  [-O]verwriting output

File Assignments:
|   MDIN: /home/arul/Reegina/MD_Sim/trial_file/min.in                           
|  MDOUT: min_1TTG.out                                                          
| INPCRD: 1TTG.rst7                                                             
|   PARM: 1TTG.hmass.parm7                                                      
| RESTRT: min_1TTG.rst7                                                         
|   REFC: refc                                                                  
|  MDVEL: mdvel                                                                 
|   MDEN: mden                                                                  
|  MDCRD: min_1TTG.crd                                                          
| MDINFO: min_1TTG.info                                                         
|  MDFRC: mdfrc                                                                 


 Here is the input file:

&cntrl                                                                         
  imin = 1,                                                                    
  maxcyc=100,                                                                  
  ntx = 1,                                                                     
  ntwr = 100,                                                                  
  ntpr = 10,                                                                   
  ioutfm=0,                                                                    
  ntxo=1,                                                                      
  cut = 1000.0,                                                                
  ntb=0,                                                                       
  igb = 8,                                                                     
  gbsa=3,                                                                      
  surften=0.007,                                                               
  saltcon = 0.0,                                                               
/                                                                              


Note: ig = -1. Setting random seed to   207589 based on wallclock time in 
      microseconds.
| irandom = 1, using AMBER's internal random number generator (default).
 
| Conditional Compilation Defines Used:
| PUBFFT
| BINTRAJ
| EMIL

| New format PARM file being parsed.
| Version =    1.000 Date = 12/05/23 Time = 14:07:15

| Note: 1-4 EEL scale factors are being read from the topology file.

| Note: 1-4 VDW scale factors are being read from the topology file.
| INFO:    Reading atomic numbers from topology file.
| Duplicated    0 dihedrals

| Duplicated    0 dihedrals

--------------------------------------------------------------------------------
   1.  RESOURCE   USE: 
--------------------------------------------------------------------------------

 NATOM  =    1402 NTYPES =      12 NBONH =     700 MBONA  =     718
 NTHETH =    1580 MTHETA =     987 NPHIH =    3287 MPHIA  =    3181
 NHPARM =       0 NPARM  =       0 NNB   =    7772 NRES   =      94
 NBONA  =     718 NTHETA =     987 NPHIA =    3181 NUMBND =      55
 NUMANG =     131 NPTRA  =     156 NATYP =      26 NPHB   =       0
 IFBOX  =       0 NMXRS  =      24 IFCAP =       0 NEXTRA =       0
 NCOPY  =       0

 Implicit solvent radii are ArgH and AspGluO modified Bondi2 radii (mbondi3)                                
 Replacing prmtop screening parameters with GBn2 (igb=8) values
--------------------------------------------------------------------------------
   2.  CONTROL  DATA  FOR  THE  RUN
--------------------------------------------------------------------------------

default_name                                                                    

General flags:
     imin    =       1, nmropt  =       0

Nature and format of input:
     ntx     =       1, irest   =       0, ntrx    =       1

Nature and format of output:
     ntxo    =       1, ntpr    =      10, ntrx    =       1, ntwr    =     100
     iwrap   =       0, ntwx    =       0, ntwv    =       0, ntwe    =       0
     ioutfm  =       0, ntwprt  =       0, idecomp =       0, rbornstat=      0

Potential function:
     ntf     =       1, ntb     =       0, igb     =       8, nsnb    =      25
     ipol    =       0, gbsa    =       3, iesp    =       0
     dielc   =   1.00000, cut     =1000.00000, intdiel =   1.00000
     saltcon =   0.00000, offset  =   0.19514, surften =   0.00700
     rdt     =   0.00000, rgbmax  =  25.00000  extdiel =  78.50000
     alpb  =        0
     gbalphaH  =   0.78844, gbbetaH   =   0.79870,  gbgammaH  =    0.43733
     gbalphaC  =   0.73376, gbbetaC   =   0.50638,  gbgammaC  =    0.20584
     gbalphaN  =   0.50336, gbbetaN   =   0.31683,  gbgammaN  =    0.19292
     gbalphaOS =   0.86781, gbbetaOS  =   0.87664,  gbgammaOS =    0.38788
     gbalphaP  =   1.00000, gbbetaP   =   0.80000,  gbgammaP  =    4.85000
     gb_alpha_hnu  =   0.53705, gb_beta_hnu   =   0.36286,  gb_gamma_hnu  =    0.11670
     gb_alpha_cnu  =   0.33167, gb_beta_cnu   =   0.19684,  gb_gamma_cnu  =    0.09342
     gb_alpha_nnu  =   0.68631, gb_beta_nnu   =   0.46319,  gb_gamma_nnu  =    0.13872
     gb_alpha_onu  =   0.60634, gb_beta_onu   =   0.46301,  gb_gamma_onu  =    0.14226
     gb_alpha_pnu  =   0.41836, gb_beta_pnu   =   0.29005,  gb_gamma_pnu  =    0.10642

Frozen or restrained atoms:
     ibelly  =       0, ntr     =       0

Energy minimization:
     maxcyc  =     100, ncyc    =      10, ntmin   =       1
     dx0     =   0.01000, drms    =   0.00010

| Intermolecular bonds treatment:
|     no_intermolecular_bonds =       1

| Energy averages sample interval:
|     ene_avg_sampling =       1

--------------------------------------------------------------------------------
   3.  ATOMIC COORDINATES AND VELOCITIES
--------------------------------------------------------------------------------

default_name                                                                    
 begin time read from input coords =     0.000 ps

 
 Number of triangulated 3-point waters found:        0
| Dynamic Memory, Types Used:
| Reals               38526
| Integers           167448

--------------------------------------------------------------------------------
   4.  RESULTS
--------------------------------------------------------------------------------



   NSTEP       ENERGY          RMS            GMAX         NAME    NUMBER
      1      -1.4442E+03     1.6098E+01     1.1499E+02     CG        322

 BOND    =      206.7940  ANGLE   =      148.2397  DIHED      =     1278.7001
 VDWAALS =     -235.3763  EEL     =    -5705.3932  EGB        =    -1417.7085
 1-4 VDW =      637.4629  1-4 EEL =     3594.2822  RESTRAINT  =        0.0000
 ESURF   =       48.7659


   NSTEP       ENERGY          RMS            GMAX         NAME    NUMBER
     10      -1.6442E+03     9.0079E+00     7.0878E+01     O        1232

 BOND    =       94.8567  ANGLE   =      136.1346  DIHED      =     1277.4050
 VDWAALS =     -271.7405  EEL     =    -5714.3556  EGB        =    -1424.5183
 1-4 VDW =      610.5168  1-4 EEL =     3598.7468  RESTRAINT  =        0.0000
 ESURF   =       48.8044


   NSTEP       ENERGY          RMS            GMAX         NAME    NUMBER
     20      -2.0277E+03     4.5023E+00     2.4379E+01     N         194

 BOND    =       48.9425  ANGLE   =      162.2904  DIHED      =     1278.4361
 VDWAALS =     -460.2802  EEL     =    -5731.9260  EGB        =    -1441.6049
 1-4 VDW =      450.2694  1-4 EEL =     3616.6610  RESTRAINT  =        0.0000
 ESURF   =       49.5595


   NSTEP       ENERGY          RMS            GMAX         NAME    NUMBER
     30      -2.1396E+03     3.6085E+00     2.9774E+01     CG        103

 BOND    =       38.8793  ANGLE   =      165.5097  DIHED      =     1265.7537
 VDWAALS =     -498.5302  EEL     =    -5721.1585  EGB        =    -1443.1057
 1-4 VDW =      410.3498  1-4 EEL =     3592.7138  RESTRAINT  =        0.0000
 ESURF   =       49.9903


   NSTEP       ENERGY          RMS            GMAX         NAME    NUMBER
     40      -2.2303E+03     5.0579E+00     4.9876E+01     HG3       136

 BOND    =       64.5499  ANGLE   =      164.2236  DIHED      =     1249.2093
 VDWAALS =     -531.0389  EEL     =    -5708.3494  EGB        =    -1449.8477
 1-4 VDW =      362.7128  1-4 EEL =     3567.6824  RESTRAINT  =        0.0000
 ESURF   =       50.5401


   NSTEP       ENERGY          RMS            GMAX         NAME    NUMBER
     50      -2.3790E+03     2.1409E+00     3.5301E+01     CG        134

 BOND    =       57.0736  ANGLE   =      163.0330  DIHED      =     1225.3640
 VDWAALS =     -565.5082  EEL     =    -5683.2235  EGB        =    -1458.2757
 1-4 VDW =      310.7243  1-4 EEL =     3520.3216  RESTRAINT  =        0.0000
 ESURF   =       51.4622


   NSTEP       ENERGY          RMS            GMAX         NAME    NUMBER
     60      -2.4096E+03     2.1284E+00     4.4428E+01     CB        131

 BOND    =       55.3110  ANGLE   =      148.9286  DIHED      =     1218.2473
 VDWAALS =     -570.7624  EEL     =    -5686.7697  EGB        =    -1456.5538
 1-4 VDW =      306.5026  1-4 EEL =     3523.9761  RESTRAINT  =        0.0000
 ESURF   =       51.4838


   NSTEP       ENERGY          RMS            GMAX         NAME    NUMBER
     70      -2.4441E+03     1.4839E+00     2.2485E+01     CD        137

 BOND    =       46.1177  ANGLE   =      132.1712  DIHED      =     1205.0575
 VDWAALS =     -569.5681  EEL     =    -5697.1439  EGB        =    -1454.4508
 1-4 VDW =      317.9933  1-4 EEL =     3524.3041  RESTRAINT  =        0.0000
 ESURF   =       51.4681


   NSTEP       ENERGY          RMS            GMAX         NAME    NUMBER
     80      -2.4644E+03     1.4298E+00     2.1682E+01     CD        137

 BOND    =       43.9821  ANGLE   =      118.9308  DIHED      =     1192.1520
 VDWAALS =     -564.7525  EEL     =    -5701.8196  EGB        =    -1453.6643
 1-4 VDW =      326.3829  1-4 EEL =     3522.8833  RESTRAINT  =        0.0000
 ESURF   =       51.4788


   NSTEP       ENERGY          RMS            GMAX         NAME    NUMBER
     90      -2.4849E+03     9.3946E-01     1.6305E+01     CA        129

 BOND    =       46.0112  ANGLE   =      119.7011  DIHED      =     1183.8597
 VDWAALS =     -569.1547  EEL     =    -5691.8158  EGB        =    -1455.1466
 1-4 VDW =      316.2452  1-4 EEL =     3513.8016  RESTRAINT  =        0.0000
 ESURF   =       51.5635


   NSTEP       ENERGY          RMS            GMAX         NAME    NUMBER
    100      -2.5138E+03     1.2178E+00     1.5111E+01     CG        134

 BOND    =       54.1349  ANGLE   =      136.5898  DIHED      =     1165.4329
 VDWAALS =     -578.0579  EEL     =    -5674.5659  EGB        =    -1460.1826
 1-4 VDW =      296.9027  1-4 EEL =     3494.1552  RESTRAINT  =        0.0000
 ESURF   =       51.8132


  Maximum number of minimization cycles reached.


                    FINAL RESULTS



   NSTEP       ENERGY          RMS            GMAX         NAME    NUMBER
    100      -2.5138E+03     1.2178E+00     1.5111E+01     CG        134

 BOND    =       54.1349  ANGLE   =      136.5898  DIHED      =     1165.4329
 VDWAALS =     -578.0579  EEL     =    -5674.5659  EGB        =    -1460.1826
 1-4 VDW =      296.9027  1-4 EEL =     3494.1552  RESTRAINT  =        0.0000
 ESURF   =       51.8132
--------------------------------------------------------------------------------
   5.  TIMINGS
--------------------------------------------------------------------------------

|  NonSetup CPU Time in Major Routines:
|
|     Routine           Sec        %
|     ------------------------------
|     Nonbond           7.44   98.49
|     Bond              0.00    0.02
|     Angle             0.02    0.20
|     Dihedral          0.09    1.20
|     Shake             0.00    0.00
|     Other             0.01    0.09
|     ------------------------------
|     Total             7.56

|  Generalized Born CPU Time:
|
|     Routine                 Sec        %
|     ------------------------------------
|     Radii Calc              1.73   22.85
|     Diagonal Calc           3.16   41.82
|     Off Diagonal Calc       2.55   33.73
|     GBSA LCPO Calc          0.00    0.00
|     ---------------------------------
|     Total                   7.44   98.41

|  Setup CPU time:            0.02 seconds
|  NonSetup CPU time:         7.56 seconds
|  Total CPU time:            7.57 seconds     0.00 hours

|  Setup wall time:           0    seconds
|  NonSetup wall time:        8    seconds
|  Total wall time:           8    seconds     0.00 hours
