
          -------------------------------------------------------
          Amber 22 PMEMD                              2022
          -------------------------------------------------------

| PMEMD implementation of SANDER, Release 22

|  Compiled date/time: Thu Apr 14 23:36:37 2022
| Run on 01/25/2024 at 09:45:26

|   Executable path: pmemd
| Working directory: /home/arul/Reegina/MD_Sim/eq2/1IGS_info
|          Hostname: Unknown
  [-O]verwriting output

File Assignments:
|   MDIN: /home/arul/Reegina/MD_Sim/eq2.in                                      
|  MDOUT: eq2.out                                                               
| INPCRD: eq1.rst7                                                              
|   PARM: 1IGS.hmass.parm7                                                      
| RESTRT: eq2.rst7                                                              
|   REFC: eq1.rst7                                                              
|  MDVEL: mdvel                                                                 
|   MDEN: mden                                                                  
|  MDCRD: eq2.crd                                                               
| MDINFO: eq2.info                                                              
|  MDFRC: mdfrc                                                                 


 Here is the input file:

&cntrl                                                                         
   ntx = 5,                                                                    
   ntwx = 5000, ntwe = 0, ntwr = 500,                                          
   ntpr = 5000,                                                                
                                                                               
   ioutfm=0, ntxo=1,                                                           
                                                                               
   imin = 0, nstlim = 125000, dt = 0.002,                                      
                                                                               
   ntt = 3, gamma_ln=1., temp0 = 300.0,                                        
   nscm = 1000, ig = -1, irest = 1,                                            
                                                                               
   ntc= 2, ntf = 2, cut = 1000,                                                
                                                                               
   igb=8, gbsa=3, surften=0.007, ntb = 0,                                      
   saltcon=0.,                                                                 
                                                                               
   ntr=1, restraintmask="@CA,N,C,O",                                           
   restraint_wt=0.1,                                                           
 /                                                                             


Note: ig = -1. Setting random seed to   663731 based on wallclock time in 
      microseconds.
| irandom = 1, using AMBER's internal random number generator (default).
 
| Conditional Compilation Defines Used:
| PUBFFT
| BINTRAJ
| EMIL

| New format PARM file being parsed.
| Version =    1.000 Date = 12/29/23 Time = 17:09:24

| Note: 1-4 EEL scale factors are being read from the topology file.

| Note: 1-4 VDW scale factors are being read from the topology file.
| INFO:    Reading atomic numbers from topology file.
| Duplicated    0 dihedrals

| Duplicated    0 dihedrals

--------------------------------------------------------------------------------
   1.  RESOURCE   USE: 
--------------------------------------------------------------------------------

 NATOM  =    3639 NTYPES =      12 NBONH =    1850 MBONA  =    1810
 NTHETH =    4221 MTHETA =    2435 NPHIH =    8342 MPHIA  =    7870
 NHPARM =       0 NPARM  =       0 NNB   =   20144 NRES   =     222
 NBONA  =    1810 NTHETA =    2435 NPHIA =    7870 NUMBND =      47
 NUMANG =     115 NPTRA  =     147 NATYP =      21 NPHB   =       0
 IFBOX  =       0 NMXRS  =      24 IFCAP =       0 NEXTRA =       0
 NCOPY  =       0

 Implicit solvent radii are ArgH and AspGluO modified Bondi2 radii (mbondi3)                                
 Replacing prmtop screening parameters with GBn2 (igb=8) values
--------------------------------------------------------------------------------
   2.  CONTROL  DATA  FOR  THE  RUN
--------------------------------------------------------------------------------

default_name                                                                    

General flags:
     imin    =       0, nmropt  =       0

Nature and format of input:
     ntx     =       5, irest   =       1, ntrx    =       1

Nature and format of output:
     ntxo    =       1, ntpr    =    5000, ntrx    =       1, ntwr    =     500
     iwrap   =       0, ntwx    =    5000, ntwv    =       0, ntwe    =       0
     ioutfm  =       0, ntwprt  =       0, idecomp =       0, rbornstat=      0

Potential function:
     ntf     =       2, ntb     =       0, igb     =       8, nsnb    =      25
     ipol    =       0, gbsa    =       3, iesp    =       0
     dielc   =   1.00000, cut     =1000.00000, intdiel =   1.00000
     saltcon =   0.00000, offset  =   0.19514, surften =   0.00700
     rdt     =   0.00000, rgbmax  =  25.00000  extdiel =  78.50000
     alpb  =        0
     gbalphaH  =   0.78844, gbbetaH   =   0.79870,  gbgammaH  =    0.43733
     gbalphaC  =   0.73376, gbbetaC   =   0.50638,  gbgammaC  =    0.20584
     gbalphaN  =   0.50336, gbbetaN   =   0.31683,  gbgammaN  =    0.19292
     gbalphaOS =   0.86781, gbbetaOS  =   0.87664,  gbgammaOS =    0.38788
     gbalphaP  =   1.00000, gbbetaP   =   0.80000,  gbgammaP  =    4.85000
     gb_alpha_hnu  =   0.53705, gb_beta_hnu   =   0.36286,  gb_gamma_hnu  =    0.11670
     gb_alpha_cnu  =   0.33167, gb_beta_cnu   =   0.19684,  gb_gamma_cnu  =    0.09342
     gb_alpha_nnu  =   0.68631, gb_beta_nnu   =   0.46319,  gb_gamma_nnu  =    0.13872
     gb_alpha_onu  =   0.60634, gb_beta_onu   =   0.46301,  gb_gamma_onu  =    0.14226
     gb_alpha_pnu  =   0.41836, gb_beta_pnu   =   0.29005,  gb_gamma_pnu  =    0.10642

Frozen or restrained atoms:
     ibelly  =       0, ntr     =       1
     restraint_wt =   0.10000

Molecular dynamics:
     nstlim  =    125000, nscm    =         0, nrespa  =         1
     t       =   0.00000, dt      =   0.00200, vlimit  =  20.00000

Langevin dynamics temperature regulation:
     ig      =  663731
     temp0   = 300.00000, tempi   =   0.00000, gamma_ln=   1.00000

SHAKE:
     ntc     =       2, jfastw  =       0
     tol     =   0.00001

| Intermolecular bonds treatment:
|     no_intermolecular_bonds =       1

| Energy averages sample interval:
|     ene_avg_sampling =    5000

    LOADING THE CONSTRAINED ATOMS AS GROUPS


   5.  REFERENCE ATOM COORDINATES

  default_name                                                                    
     Mask @CA,N,C,O; matches   888 atoms

--------------------------------------------------------------------------------
   3.  ATOMIC COORDINATES AND VELOCITIES
--------------------------------------------------------------------------------

default_name                                                                    
 begin time read from input coords =  1250.000 ps

 
 Number of triangulated 3-point waters found:        0
| Dynamic Memory, Types Used:
| Reals              123859
| Integers           434143

--------------------------------------------------------------------------------
   4.  RESULTS
--------------------------------------------------------------------------------


 NSTEP =     5000   TIME(PS) =    1260.000  TEMP(K) =   296.98  PRESS =     0.0
 Etot   =     -4018.4681  EKtot   =      2675.4503  EPtot      =     -6693.9184
 BOND   =       733.9798  ANGLE   =      1806.1561  DIHED      =      2893.9048
 1-4 NB =       821.4385  1-4 EEL =      8084.7719  VDWAALS    =     -1845.6528
 EELEC  =    -15691.9566  EGB     =     -3592.2170  RESTRAINT  =        24.1156
 EAMBER (non-restraint)  =     -6718.0340
 ESURF=        71.5413
 ------------------------------------------------------------------------------


 NSTEP =    10000   TIME(PS) =    1270.000  TEMP(K) =   300.89  PRESS =     0.0
 Etot   =     -3948.3489  EKtot   =      2710.7115  EPtot      =     -6659.0604
 BOND   =       729.7372  ANGLE   =      1862.9975  DIHED      =      2888.0843
 1-4 NB =       799.5987  1-4 EEL =      8055.3832  VDWAALS    =     -1820.5827
 EELEC  =    -15716.8071  EGB     =     -3556.1734  RESTRAINT  =        27.0567
 EAMBER (non-restraint)  =     -6686.1171
 ESURF=        71.6451
 ------------------------------------------------------------------------------


 NSTEP =    15000   TIME(PS) =    1280.000  TEMP(K) =   297.85  PRESS =     0.0
 Etot   =     -4070.2746  EKtot   =      2683.3283  EPtot      =     -6753.6030
 BOND   =       717.9781  ANGLE   =      1759.1296  DIHED      =      2857.8450
 1-4 NB =       805.3174  1-4 EEL =      8091.0138  VDWAALS    =     -1843.9380
 EELEC  =    -15630.3729  EGB     =     -3607.4197  RESTRAINT  =        26.0502
 EAMBER (non-restraint)  =     -6779.6532
 ESURF=        70.7934
 ------------------------------------------------------------------------------


 NSTEP =    20000   TIME(PS) =    1290.000  TEMP(K) =   305.64  PRESS =     0.0
 Etot   =     -3994.9435  EKtot   =      2753.4636  EPtot      =     -6748.4071
 BOND   =       710.1079  ANGLE   =      1713.8561  DIHED      =      2869.3227
 1-4 NB =       815.5491  1-4 EEL =      8086.8193  VDWAALS    =     -1824.3715
 EELEC  =    -15666.7223  EGB     =     -3550.1416  RESTRAINT  =        26.2911
 EAMBER (non-restraint)  =     -6774.6983
 ESURF=        70.8820
 ------------------------------------------------------------------------------


 NSTEP =    25000   TIME(PS) =    1300.000  TEMP(K) =   304.91  PRESS =     0.0
 Etot   =     -3925.2268  EKtot   =      2746.8748  EPtot      =     -6672.1016
 BOND   =       717.7991  ANGLE   =      1767.0253  DIHED      =      2908.9370
 1-4 NB =       836.8183  1-4 EEL =      8071.8024  VDWAALS    =     -1833.2204
 EELEC  =    -15677.3201  EGB     =     -3565.9873  RESTRAINT  =        30.1383
 EAMBER (non-restraint)  =     -6702.2399
 ESURF=        71.9059
 ------------------------------------------------------------------------------


 NSTEP =    30000   TIME(PS) =    1310.000  TEMP(K) =   296.34  PRESS =     0.0
 Etot   =     -4007.1546  EKtot   =      2669.6710  EPtot      =     -6676.8256
 BOND   =       692.3570  ANGLE   =      1817.5766  DIHED      =      2887.3738
 1-4 NB =       819.0133  1-4 EEL =      7998.3754  VDWAALS    =     -1846.4756
 EELEC  =    -15548.4630  EGB     =     -3596.2960  RESTRAINT  =        28.2649
 EAMBER (non-restraint)  =     -6705.0905
 ESURF=        71.4480
 ------------------------------------------------------------------------------


 NSTEP =    35000   TIME(PS) =    1320.000  TEMP(K) =   301.19  PRESS =     0.0
 Etot   =     -4012.4530  EKtot   =      2713.4177  EPtot      =     -6725.8707
 BOND   =       718.8480  ANGLE   =      1787.3456  DIHED      =      2883.3803
 1-4 NB =       801.0069  1-4 EEL =      8015.2925  VDWAALS    =     -1839.8308
 EELEC  =    -15587.6802  EGB     =     -3602.6305  RESTRAINT  =        27.9322
 EAMBER (non-restraint)  =     -6753.8029
 ESURF=        70.4653
 ------------------------------------------------------------------------------


 NSTEP =    40000   TIME(PS) =    1330.000  TEMP(K) =   295.16  PRESS =     0.0
 Etot   =     -4075.0817  EKtot   =      2659.0339  EPtot      =     -6734.1156
 BOND   =       717.7062  ANGLE   =      1745.2862  DIHED      =      2878.2012
 1-4 NB =       816.7392  1-4 EEL =      8064.1546  VDWAALS    =     -1835.2301
 EELEC  =    -15612.5566  EGB     =     -3608.8517  RESTRAINT  =        30.4716
 EAMBER (non-restraint)  =     -6764.5872
 ESURF=        69.9638
 ------------------------------------------------------------------------------


 NSTEP =    45000   TIME(PS) =    1340.000  TEMP(K) =   311.06  PRESS =     0.0
 Etot   =     -3883.8149  EKtot   =      2802.3340  EPtot      =     -6686.1490
 BOND   =       721.4482  ANGLE   =      1755.4314  DIHED      =      2864.8054
 1-4 NB =       827.6610  1-4 EEL =      8001.4442  VDWAALS    =     -1811.6101
 EELEC  =    -15465.9383  EGB     =     -3683.4484  RESTRAINT  =        30.7291
 EAMBER (non-restraint)  =     -6716.8781
 ESURF=        73.3287
 ------------------------------------------------------------------------------


 NSTEP =    50000   TIME(PS) =    1350.000  TEMP(K) =   298.30  PRESS =     0.0
 Etot   =     -4074.6331  EKtot   =      2687.3267  EPtot      =     -6761.9598
 BOND   =       668.7973  ANGLE   =      1765.1573  DIHED      =      2899.3375
 1-4 NB =       808.9732  1-4 EEL =      8043.2789  VDWAALS    =     -1847.4156
 EELEC  =    -15513.4081  EGB     =     -3691.8161  RESTRAINT  =        32.8794
 EAMBER (non-restraint)  =     -6794.8392
 ESURF=        72.2565
 ------------------------------------------------------------------------------


 NSTEP =    55000   TIME(PS) =    1360.000  TEMP(K) =   304.44  PRESS =     0.0
 Etot   =     -3918.1543  EKtot   =      2742.6825  EPtot      =     -6660.8369
 BOND   =       689.0944  ANGLE   =      1816.8574  DIHED      =      2886.4864
 1-4 NB =       809.3522  1-4 EEL =      8122.8176  VDWAALS    =     -1805.6216
 EELEC  =    -15608.3873  EGB     =     -3671.5882  RESTRAINT  =        26.7899
 EAMBER (non-restraint)  =     -6687.6268
 ESURF=        73.3623
 ------------------------------------------------------------------------------


 NSTEP =    60000   TIME(PS) =    1370.000  TEMP(K) =   303.81  PRESS =     0.0
 Etot   =     -3995.4233  EKtot   =      2736.9711  EPtot      =     -6732.3945
 BOND   =       719.5285  ANGLE   =      1759.8372  DIHED      =      2894.1372
 1-4 NB =       822.5943  1-4 EEL =      8055.2529  VDWAALS    =     -1827.1089
 EELEC  =    -15530.1537  EGB     =     -3725.6993  RESTRAINT  =        29.2192
 EAMBER (non-restraint)  =     -6761.6137
 ESURF=        69.9980
 ------------------------------------------------------------------------------


 NSTEP =    65000   TIME(PS) =    1380.000  TEMP(K) =   299.49  PRESS =     0.0
 Etot   =     -4034.7647  EKtot   =      2698.1020  EPtot      =     -6732.8667
 BOND   =       688.8804  ANGLE   =      1763.3697  DIHED      =      2882.5403
 1-4 NB =       831.4803  1-4 EEL =      8105.6238  VDWAALS    =     -1835.2154
 EELEC  =    -15708.2930  EGB     =     -3558.9185  RESTRAINT  =        29.4863
 EAMBER (non-restraint)  =     -6762.3531
 ESURF=        68.1793
 ------------------------------------------------------------------------------


 NSTEP =    70000   TIME(PS) =    1390.000  TEMP(K) =   302.14  PRESS =     0.0
 Etot   =     -3973.8667  EKtot   =      2721.9541  EPtot      =     -6695.8208
 BOND   =       704.8454  ANGLE   =      1779.9909  DIHED      =      2887.7083
 1-4 NB =       817.5862  1-4 EEL =      8049.7138  VDWAALS    =     -1830.0986
 EELEC  =    -15654.8090  EGB     =     -3553.2941  RESTRAINT  =        31.4520
 EAMBER (non-restraint)  =     -6727.2728
 ESURF=        71.0842
 ------------------------------------------------------------------------------


 NSTEP =    75000   TIME(PS) =    1400.000  TEMP(K) =   304.35  PRESS =     0.0
 Etot   =     -4018.3224  EKtot   =      2741.8778  EPtot      =     -6760.2003
 BOND   =       697.7951  ANGLE   =      1742.3687  DIHED      =      2891.0393
 1-4 NB =       831.7801  1-4 EEL =      8050.9982  VDWAALS    =     -1858.3789
 EELEC  =    -15580.9749  EGB     =     -3634.3118  RESTRAINT  =        30.4893
 EAMBER (non-restraint)  =     -6790.6895
 ESURF=        68.9947
 ------------------------------------------------------------------------------


 NSTEP =    80000   TIME(PS) =    1410.000  TEMP(K) =   299.13  PRESS =     0.0
 Etot   =     -4032.7967  EKtot   =      2694.7992  EPtot      =     -6727.5959
 BOND   =       722.8577  ANGLE   =      1754.6656  DIHED      =      2865.7414
 1-4 NB =       816.3619  1-4 EEL =      8041.7906  VDWAALS    =     -1849.7950
 EELEC  =    -15486.7486  EGB     =     -3693.2476  RESTRAINT  =        29.6794
 EAMBER (non-restraint)  =     -6757.2753
 ESURF=        71.0988
 ------------------------------------------------------------------------------


 NSTEP =    85000   TIME(PS) =    1420.000  TEMP(K) =   305.81  PRESS =     0.0
 Etot   =     -3895.8717  EKtot   =      2755.0366  EPtot      =     -6650.9083
 BOND   =       703.9924  ANGLE   =      1822.7893  DIHED      =      2909.3340
 1-4 NB =       813.0880  1-4 EEL =      8006.5023  VDWAALS    =     -1820.2996
 EELEC  =    -15530.0704  EGB     =     -3659.7499  RESTRAINT  =        32.6708
 EAMBER (non-restraint)  =     -6683.5790
 ESURF=        70.8348
 ------------------------------------------------------------------------------


 NSTEP =    90000   TIME(PS) =    1430.000  TEMP(K) =   297.21  PRESS =     0.0
 Etot   =     -4064.7202  EKtot   =      2677.5427  EPtot      =     -6742.2629
 BOND   =       741.5591  ANGLE   =      1726.3690  DIHED      =      2866.8136
 1-4 NB =       813.3655  1-4 EEL =      8061.6371  VDWAALS    =     -1836.9364
 EELEC  =    -15618.7288  EGB     =     -3597.6240  RESTRAINT  =        32.5719
 EAMBER (non-restraint)  =     -6774.8348
 ESURF=        68.7101
 ------------------------------------------------------------------------------


 NSTEP =    95000   TIME(PS) =    1440.000  TEMP(K) =   303.80  PRESS =     0.0
 Etot   =     -4037.2032  EKtot   =      2736.9524  EPtot      =     -6774.1556
 BOND   =       671.6560  ANGLE   =      1776.3591  DIHED      =      2887.0023
 1-4 NB =       809.7683  1-4 EEL =      8060.5419  VDWAALS    =     -1868.6935
 EELEC  =    -15575.4131  EGB     =     -3636.9265  RESTRAINT  =        31.9518
 EAMBER (non-restraint)  =     -6806.1073
 ESURF=        69.5981
 ------------------------------------------------------------------------------


 NSTEP =   100000   TIME(PS) =    1450.000  TEMP(K) =   296.88  PRESS =     0.0
 Etot   =     -3973.8068  EKtot   =      2674.6067  EPtot      =     -6648.4136
 BOND   =       714.9279  ANGLE   =      1803.0903  DIHED      =      2893.4786
 1-4 NB =       832.7176  1-4 EEL =      8016.6128  VDWAALS    =     -1870.2023
 EELEC  =    -15484.5640  EGB     =     -3653.8136  RESTRAINT  =        27.9029
 EAMBER (non-restraint)  =     -6676.3165
 ESURF=        71.4362
 ------------------------------------------------------------------------------


 NSTEP =   105000   TIME(PS) =    1460.000  TEMP(K) =   307.32  PRESS =     0.0
 Etot   =     -3962.7324  EKtot   =      2768.6256  EPtot      =     -6731.3581
 BOND   =       693.3783  ANGLE   =      1748.8220  DIHED      =      2853.6625
 1-4 NB =       808.8802  1-4 EEL =      8100.9484  VDWAALS    =     -1836.4210
 EELEC  =    -15476.6667  EGB     =     -3733.2127  RESTRAINT  =        35.3038
 EAMBER (non-restraint)  =     -6766.6618
 ESURF=        73.9472
 ------------------------------------------------------------------------------


 NSTEP =   110000   TIME(PS) =    1470.000  TEMP(K) =   302.77  PRESS =     0.0
 Etot   =     -4030.7908  EKtot   =      2727.6783  EPtot      =     -6758.4691
 BOND   =       721.3398  ANGLE   =      1759.2149  DIHED      =      2841.9337
 1-4 NB =       820.1599  1-4 EEL =      8004.2350  VDWAALS    =     -1843.5172
 EELEC  =    -15476.9912  EGB     =     -3691.0633  RESTRAINT  =        35.3844
 EAMBER (non-restraint)  =     -6793.8534
 ESURF=        70.8349
 ------------------------------------------------------------------------------


 NSTEP =   115000   TIME(PS) =    1480.000  TEMP(K) =   304.08  PRESS =     0.0
 Etot   =     -3982.6740  EKtot   =      2739.4609  EPtot      =     -6722.1348
 BOND   =       696.7247  ANGLE   =      1742.2246  DIHED      =      2885.9796
 1-4 NB =       805.4634  1-4 EEL =      7974.4597  VDWAALS    =     -1834.3621
 EELEC  =    -15342.6641  EGB     =     -3764.0793  RESTRAINT  =        41.7045
 EAMBER (non-restraint)  =     -6763.8393
 ESURF=        72.4141
 ------------------------------------------------------------------------------


 NSTEP =   120000   TIME(PS) =    1490.000  TEMP(K) =   302.33  PRESS =     0.0
 Etot   =     -3941.3105  EKtot   =      2723.7023  EPtot      =     -6665.0127
 BOND   =       725.0716  ANGLE   =      1852.4762  DIHED      =      2828.6102
 1-4 NB =       809.9476  1-4 EEL =      7991.5893  VDWAALS    =     -1838.4694
 EELEC  =    -15370.4372  EGB     =     -3771.7666  RESTRAINT  =        37.3150
 EAMBER (non-restraint)  =     -6702.3278
 ESURF=        70.6505
 ------------------------------------------------------------------------------


 NSTEP =   125000   TIME(PS) =    1500.000  TEMP(K) =   301.45  PRESS =     0.0
 Etot   =     -4014.0261  EKtot   =      2715.7535  EPtot      =     -6729.7795
 BOND   =       711.5700  ANGLE   =      1770.7867  DIHED      =      2828.7802
 1-4 NB =       812.8824  1-4 EEL =      8011.7417  VDWAALS    =     -1832.6655
 EELEC  =    -15340.7734  EGB     =     -3789.3396  RESTRAINT  =        26.5217
 EAMBER (non-restraint)  =     -6756.3012
 ESURF=        70.7164
 ------------------------------------------------------------------------------


      A V E R A G E S   O V E R      25 S T E P S


 NSTEP =   125000   TIME(PS) =    1500.000  TEMP(K) =   301.73  PRESS =     0.0
 Etot   =     -3995.4745  EKtot   =      2718.2943  EPtot      =     -6713.7688
 BOND   =       709.2792  ANGLE   =      1775.9673  DIHED      =      2877.3776
 1-4 NB =       816.3017  1-4 EEL =      8046.6720  VDWAALS    =     -1837.4445
 EELEC  =    -15555.8760  EGB     =     -3647.5847  RESTRAINT  =        30.4949
 EAMBER (non-restraint)  =     -6744.2637
 ESURF=        71.0436
 ------------------------------------------------------------------------------


      R M S  F L U C T U A T I O N S


 NSTEP =   125000   TIME(PS) =    1500.000  TEMP(K) =     3.84  PRESS =     0.0
 Etot   =        53.4292  EKtot   =        34.6042  EPtot      =        38.3641
 BOND   =        17.8951  ANGLE   =        36.4208  DIHED      =        21.4883
 1-4 NB =         9.8018  1-4 EEL =        38.9692  VDWAALS    =        15.0013
 EELEC  =       106.1539  EGB     =        70.8180  RESTRAINT  =         3.8894
 EAMBER (non-restraint)  =        34.4747
 ESURF=         1.3714
 ------------------------------------------------------------------------------

--------------------------------------------------------------------------------
   5.  TIMINGS
--------------------------------------------------------------------------------

|  NonSetup CPU Time in Major Routines:
|
|     Routine           Sec        %
|     ------------------------------
|     Nonbond       59510.87   99.23
|     Bond              3.13    0.01
|     Angle            52.64    0.09
|     Dihedral        307.81    0.51
|     Shake            14.67    0.02
|     RunMD            83.41    0.14
|     Other             0.08    0.00
|     ------------------------------
|     Total         59972.60

|  Generalized Born CPU Time:
|
|     Routine                 Sec        %
|     ------------------------------------
|     Radii Calc          13070.82   21.79
|     Diagonal Calc       24473.09   40.81
|     Off Diagonal Calc   21945.78   36.59
|     GBSA LCPO Calc          0.08    0.00
|     ---------------------------------
|     Total               59489.70   99.19

|  Final Performance Info:
|     -----------------------------------------------------
|     Average timings for last       1 steps:
|     Elapsed(s) =       0.00 Per Step(ms) =       0.12
|         ns/day =    1429.88   seconds/ns =      60.42
|
|     Average timings for all steps:
|     Elapsed(s) =  216178.40 Per Step(ms) =    1729.43
|         ns/day =       0.10   seconds/ns =  864713.59
|     -----------------------------------------------------

|  Setup CPU time:            0.05 seconds
|  NonSetup CPU time:     59972.60 seconds
|  Total CPU time:        59972.65 seconds    16.66 hours

|  Setup wall time:           0    seconds
|  NonSetup wall time:   216178    seconds
|  Total wall time:      216178    seconds    60.05 hours
