
          -------------------------------------------------------
          Amber 22 PMEMD                              2022
          -------------------------------------------------------

| PMEMD implementation of SANDER, Release 22

|  Compiled date/time: Thu Apr 14 23:36:37 2022
| Run on 01/20/2024 at 15:13:31

|   Executable path: pmemd
| Working directory: /home/arul/Reegina/MD_Sim/eq2/1FNF_info
|          Hostname: Unknown
  [-O]verwriting output

File Assignments:
|   MDIN: /home/arul/Reegina/MD_Sim/eq2.in                                      
|  MDOUT: eq2.out                                                               
| INPCRD: eq1.rst7                                                              
|   PARM: 1FNF.hmass.parm7                                                      
| RESTRT: eq2.rst7                                                              
|   REFC: eq1.rst7                                                              
|  MDVEL: mdvel                                                                 
|   MDEN: mden                                                                  
|  MDCRD: eq2.crd                                                               
| MDINFO: eq2.info                                                              
|  MDFRC: mdfrc                                                                 


 Here is the input file:

&cntrl                                                                         
   ntx = 5,                                                                    
   ntwx = 5000, ntwe = 0, ntwr = 500,                                          
   ntpr = 5000,                                                                
                                                                               
   ioutfm=0, ntxo=1,                                                           
                                                                               
   imin = 0, nstlim = 125000, dt = 0.002,                                      
                                                                               
   ntt = 3, gamma_ln=1., temp0 = 300.0,                                        
   nscm = 1000, ig = -1, irest = 1,                                            
                                                                               
   ntc= 2, ntf = 2, cut = 1000,                                                
                                                                               
   igb=8, gbsa=3, surften=0.007, ntb = 0,                                      
   saltcon=0.,                                                                 
                                                                               
   ntr=1, restraintmask="@CA,N,C,O",                                           
   restraint_wt=0.1,                                                           
 /                                                                             


Note: ig = -1. Setting random seed to   492980 based on wallclock time in 
      microseconds.
| irandom = 1, using AMBER's internal random number generator (default).
 
| Conditional Compilation Defines Used:
| PUBFFT
| BINTRAJ
| EMIL

| New format PARM file being parsed.
| Version =    1.000 Date = 12/30/23 Time = 23:54:04

| Note: 1-4 EEL scale factors are being read from the topology file.

| Note: 1-4 VDW scale factors are being read from the topology file.
| INFO:    Reading atomic numbers from topology file.
| Duplicated    0 dihedrals

| Duplicated    0 dihedrals

--------------------------------------------------------------------------------
   1.  RESOURCE   USE: 
--------------------------------------------------------------------------------

 NATOM  =    1410 NTYPES =      13 NBONH =     698 MBONA  =     730
 NTHETH =    1574 MTHETA =     998 NPHIH =    3318 MPHIA  =    3181
 NHPARM =       0 NPARM  =       0 NNB   =    7792 NRES   =      91
 NBONA  =     730 NTHETA =     998 NPHIA =    3181 NUMBND =      58
 NUMANG =     139 NPTRA  =     169 NATYP =      29 NPHB   =       0
 IFBOX  =       0 NMXRS  =      24 IFCAP =       0 NEXTRA =       0
 NCOPY  =       0

 Implicit solvent radii are ArgH and AspGluO modified Bondi2 radii (mbondi3)                                
 Replacing prmtop screening parameters with GBn2 (igb=8) values
--------------------------------------------------------------------------------
   2.  CONTROL  DATA  FOR  THE  RUN
--------------------------------------------------------------------------------

default_name                                                                    

General flags:
     imin    =       0, nmropt  =       0

Nature and format of input:
     ntx     =       5, irest   =       1, ntrx    =       1

Nature and format of output:
     ntxo    =       1, ntpr    =    5000, ntrx    =       1, ntwr    =     500
     iwrap   =       0, ntwx    =    5000, ntwv    =       0, ntwe    =       0
     ioutfm  =       0, ntwprt  =       0, idecomp =       0, rbornstat=      0

Potential function:
     ntf     =       2, ntb     =       0, igb     =       8, nsnb    =      25
     ipol    =       0, gbsa    =       3, iesp    =       0
     dielc   =   1.00000, cut     =1000.00000, intdiel =   1.00000
     saltcon =   0.00000, offset  =   0.19514, surften =   0.00700
     rdt     =   0.00000, rgbmax  =  25.00000  extdiel =  78.50000
     alpb  =        0
     gbalphaH  =   0.78844, gbbetaH   =   0.79870,  gbgammaH  =    0.43733
     gbalphaC  =   0.73376, gbbetaC   =   0.50638,  gbgammaC  =    0.20584
     gbalphaN  =   0.50336, gbbetaN   =   0.31683,  gbgammaN  =    0.19292
     gbalphaOS =   0.86781, gbbetaOS  =   0.87664,  gbgammaOS =    0.38788
     gbalphaP  =   1.00000, gbbetaP   =   0.80000,  gbgammaP  =    4.85000
     gb_alpha_hnu  =   0.53705, gb_beta_hnu   =   0.36286,  gb_gamma_hnu  =    0.11670
     gb_alpha_cnu  =   0.33167, gb_beta_cnu   =   0.19684,  gb_gamma_cnu  =    0.09342
     gb_alpha_nnu  =   0.68631, gb_beta_nnu   =   0.46319,  gb_gamma_nnu  =    0.13872
     gb_alpha_onu  =   0.60634, gb_beta_onu   =   0.46301,  gb_gamma_onu  =    0.14226
     gb_alpha_pnu  =   0.41836, gb_beta_pnu   =   0.29005,  gb_gamma_pnu  =    0.10642

Frozen or restrained atoms:
     ibelly  =       0, ntr     =       1
     restraint_wt =   0.10000

Molecular dynamics:
     nstlim  =    125000, nscm    =         0, nrespa  =         1
     t       =   0.00000, dt      =   0.00200, vlimit  =  20.00000

Langevin dynamics temperature regulation:
     ig      =  492980
     temp0   = 300.00000, tempi   =   0.00000, gamma_ln=   1.00000

SHAKE:
     ntc     =       2, jfastw  =       0
     tol     =   0.00001

| Intermolecular bonds treatment:
|     no_intermolecular_bonds =       1

| Energy averages sample interval:
|     ene_avg_sampling =    5000

    LOADING THE CONSTRAINED ATOMS AS GROUPS


   5.  REFERENCE ATOM COORDINATES

  default_name                                                                    
     Mask @CA,N,C,O; matches   364 atoms

--------------------------------------------------------------------------------
   3.  ATOMIC COORDINATES AND VELOCITIES
--------------------------------------------------------------------------------

default_name                                                                    
 begin time read from input coords =  1250.000 ps

 
 Number of triangulated 3-point waters found:        0
| Dynamic Memory, Types Used:
| Reals               49479
| Integers           170898

--------------------------------------------------------------------------------
   4.  RESULTS
--------------------------------------------------------------------------------


 NSTEP =     5000   TIME(PS) =    1260.000  TEMP(K) =   292.88  PRESS =     0.0
 Etot   =     -1483.9931  EKtot   =      1027.8362  EPtot      =     -2511.8293
 BOND   =       273.8726  ANGLE   =       776.9657  DIHED      =      1170.9860
 1-4 NB =       298.3357  1-4 EEL =      2445.7997  VDWAALS    =      -648.4710
 EELEC  =     -5330.3301  EGB     =     -1549.4944  RESTRAINT  =        13.6028
 EAMBER (non-restraint)  =     -2525.4322
 ESURF=        36.9037
 ------------------------------------------------------------------------------


 NSTEP =    10000   TIME(PS) =    1270.000  TEMP(K) =   292.81  PRESS =     0.0
 Etot   =     -1452.5485  EKtot   =      1027.5864  EPtot      =     -2480.1348
 BOND   =       289.9095  ANGLE   =       770.8489  DIHED      =      1157.7471
 1-4 NB =       300.0119  1-4 EEL =      2423.0248  VDWAALS    =      -652.8287
 EELEC  =     -5178.8158  EGB     =     -1646.2301  RESTRAINT  =        20.3551
 EAMBER (non-restraint)  =     -2500.4899
 ESURF=        35.8424
 ------------------------------------------------------------------------------


 NSTEP =    15000   TIME(PS) =    1280.000  TEMP(K) =   298.19  PRESS =     0.0
 Etot   =     -1429.6960  EKtot   =      1046.4732  EPtot      =     -2476.1691
 BOND   =       284.0925  ANGLE   =       784.1022  DIHED      =      1157.0189
 1-4 NB =       305.4456  1-4 EEL =      2447.7751  VDWAALS    =      -644.9399
 EELEC  =     -5275.4328  EGB     =     -1582.5774  RESTRAINT  =        11.3515
 EAMBER (non-restraint)  =     -2487.5206
 ESURF=        36.9952
 ------------------------------------------------------------------------------


 NSTEP =    20000   TIME(PS) =    1290.000  TEMP(K) =   298.53  PRESS =     0.0
 Etot   =     -1468.5745  EKtot   =      1047.6635  EPtot      =     -2516.2380
 BOND   =       307.7713  ANGLE   =       764.2732  DIHED      =      1115.7793
 1-4 NB =       290.0865  1-4 EEL =      2399.0756  VDWAALS    =      -627.5875
 EELEC  =     -5192.6942  EGB     =     -1627.2804  RESTRAINT  =        15.9296
 EAMBER (non-restraint)  =     -2532.1676
 ESURF=        38.4087
 ------------------------------------------------------------------------------


 NSTEP =    25000   TIME(PS) =    1300.000  TEMP(K) =   288.97  PRESS =     0.0
 Etot   =     -1514.5170  EKtot   =      1014.0934  EPtot      =     -2528.6104
 BOND   =       290.0643  ANGLE   =       743.9527  DIHED      =      1143.2808
 1-4 NB =       293.2613  1-4 EEL =      2427.9106  VDWAALS    =      -647.0417
 EELEC  =     -5192.5696  EGB     =     -1644.3893  RESTRAINT  =        18.7858
 EAMBER (non-restraint)  =     -2547.3962
 ESURF=        38.1346
 ------------------------------------------------------------------------------


 NSTEP =    30000   TIME(PS) =    1310.000  TEMP(K) =   301.65  PRESS =     0.0
 Etot   =     -1423.7501  EKtot   =      1058.6020  EPtot      =     -2482.3521
 BOND   =       280.6250  ANGLE   =       768.1806  DIHED      =      1159.9811
 1-4 NB =       303.3030  1-4 EEL =      2418.4548  VDWAALS    =      -631.7051
 EELEC  =     -5156.2263  EGB     =     -1686.4307  RESTRAINT  =        23.6341
 EAMBER (non-restraint)  =     -2505.9862
 ESURF=        37.8314
 ------------------------------------------------------------------------------


 NSTEP =    35000   TIME(PS) =    1320.000  TEMP(K) =   301.81  PRESS =     0.0
 Etot   =     -1417.5448  EKtot   =      1059.1829  EPtot      =     -2476.7277
 BOND   =       302.5288  ANGLE   =       765.2589  DIHED      =      1145.4101
 1-4 NB =       299.1406  1-4 EEL =      2408.0044  VDWAALS    =      -659.1210
 EELEC  =     -5101.4703  EGB     =     -1689.4094  RESTRAINT  =        14.6707
 EAMBER (non-restraint)  =     -2491.3983
 ESURF=        38.2596
 ------------------------------------------------------------------------------


 NSTEP =    40000   TIME(PS) =    1330.000  TEMP(K) =   291.74  PRESS =     0.0
 Etot   =     -1467.6469  EKtot   =      1023.8133  EPtot      =     -2491.4602
 BOND   =       284.0484  ANGLE   =       789.4293  DIHED      =      1144.6619
 1-4 NB =       295.0497  1-4 EEL =      2437.9366  VDWAALS    =      -643.1244
 EELEC  =     -5157.9471  EGB     =     -1697.4213  RESTRAINT  =        17.4922
 EAMBER (non-restraint)  =     -2508.9524
 ESURF=        38.4145
 ------------------------------------------------------------------------------


 NSTEP =    45000   TIME(PS) =    1340.000  TEMP(K) =   301.42  PRESS =     0.0
 Etot   =     -1482.6493  EKtot   =      1057.7997  EPtot      =     -2540.4490
 BOND   =       290.0818  ANGLE   =       752.1782  DIHED      =      1127.0416
 1-4 NB =       305.3218  1-4 EEL =      2415.5220  VDWAALS    =      -631.9167
 EELEC  =     -5154.3525  EGB     =     -1697.0856  RESTRAINT  =        15.0344
 EAMBER (non-restraint)  =     -2555.4834
 ESURF=        37.7261
 ------------------------------------------------------------------------------


 NSTEP =    50000   TIME(PS) =    1350.000  TEMP(K) =   307.16  PRESS =     0.0
 Etot   =     -1445.0117  EKtot   =      1077.9439  EPtot      =     -2522.9556
 BOND   =       288.7995  ANGLE   =       748.9642  DIHED      =      1133.1663
 1-4 NB =       287.9710  1-4 EEL =      2448.9046  VDWAALS    =      -637.4000
 EELEC  =     -5205.3517  EGB     =     -1642.6151  RESTRAINT  =        16.5061
 EAMBER (non-restraint)  =     -2539.4617
 ESURF=        38.0995
 ------------------------------------------------------------------------------


 NSTEP =    55000   TIME(PS) =    1360.000  TEMP(K) =   290.04  PRESS =     0.0
 Etot   =     -1499.1494  EKtot   =      1017.8516  EPtot      =     -2517.0010
 BOND   =       279.7505  ANGLE   =       803.0356  DIHED      =      1114.5803
 1-4 NB =       293.0880  1-4 EEL =      2408.9873  VDWAALS    =      -650.8896
 EELEC  =     -5155.9643  EGB     =     -1665.7369  RESTRAINT  =        18.0739
 EAMBER (non-restraint)  =     -2535.0749
 ESURF=        38.0742
 ------------------------------------------------------------------------------


 NSTEP =    60000   TIME(PS) =    1370.000  TEMP(K) =   303.42  PRESS =     0.0
 Etot   =     -1391.1235  EKtot   =      1064.8329  EPtot      =     -2455.9564
 BOND   =       284.7197  ANGLE   =       813.1314  DIHED      =      1131.5392
 1-4 NB =       298.4618  1-4 EEL =      2406.0863  VDWAALS    =      -631.5098
 EELEC  =     -5116.6981  EGB     =     -1695.0215  RESTRAINT  =        13.9987
 EAMBER (non-restraint)  =     -2469.9552
 ESURF=        39.3359
 ------------------------------------------------------------------------------


 NSTEP =    65000   TIME(PS) =    1380.000  TEMP(K) =   295.82  PRESS =     0.0
 Etot   =     -1503.7309  EKtot   =      1038.1420  EPtot      =     -2541.8729
 BOND   =       264.2693  ANGLE   =       780.3137  DIHED      =      1114.5338
 1-4 NB =       295.7400  1-4 EEL =      2411.9752  VDWAALS    =      -634.4070
 EELEC  =     -5213.8199  EGB     =     -1610.1668  RESTRAINT  =        12.5892
 EAMBER (non-restraint)  =     -2554.4621
 ESURF=        37.0997
 ------------------------------------------------------------------------------


 NSTEP =    70000   TIME(PS) =    1390.000  TEMP(K) =   293.07  PRESS =     0.0
 Etot   =     -1478.7926  EKtot   =      1028.4778  EPtot      =     -2507.2704
 BOND   =       295.2618  ANGLE   =       782.6817  DIHED      =      1146.8789
 1-4 NB =       300.2554  1-4 EEL =      2434.9321  VDWAALS    =      -670.3050
 EELEC  =     -5232.6731  EGB     =     -1615.3056  RESTRAINT  =        16.9658
 EAMBER (non-restraint)  =     -2524.2362
 ESURF=        34.0376
 ------------------------------------------------------------------------------


 NSTEP =    75000   TIME(PS) =    1400.000  TEMP(K) =   305.99  PRESS =     0.0
 Etot   =     -1490.5749  EKtot   =      1073.8475  EPtot      =     -2564.4224
 BOND   =       269.3021  ANGLE   =       781.2564  DIHED      =      1130.3647
 1-4 NB =       291.2147  1-4 EEL =      2408.6043  VDWAALS    =      -664.0219
 EELEC  =     -5232.7854  EGB     =     -1600.0563  RESTRAINT  =        15.9115
 EAMBER (non-restraint)  =     -2580.3339
 ESURF=        35.7873
 ------------------------------------------------------------------------------


 NSTEP =    80000   TIME(PS) =    1410.000  TEMP(K) =   303.14  PRESS =     0.0
 Etot   =     -1377.1442  EKtot   =      1063.8200  EPtot      =     -2440.9642
 BOND   =       296.8485  ANGLE   =       796.2745  DIHED      =      1154.4630
 1-4 NB =       307.1010  1-4 EEL =      2428.3391  VDWAALS    =      -657.0730
 EELEC  =     -5098.9068  EGB     =     -1722.6780  RESTRAINT  =        16.7389
 EAMBER (non-restraint)  =     -2457.7030
 ESURF=        37.9287
 ------------------------------------------------------------------------------


 NSTEP =    85000   TIME(PS) =    1420.000  TEMP(K) =   305.14  PRESS =     0.0
 Etot   =     -1415.8223  EKtot   =      1070.8417  EPtot      =     -2486.6639
 BOND   =       320.4364  ANGLE   =       762.1983  DIHED      =      1152.2631
 1-4 NB =       295.5683  1-4 EEL =      2393.7149  VDWAALS    =      -654.8759
 EELEC  =     -5125.9585  EGB     =     -1682.9971  RESTRAINT  =        15.3073
 EAMBER (non-restraint)  =     -2501.9712
 ESURF=        37.6793
 ------------------------------------------------------------------------------


 NSTEP =    90000   TIME(PS) =    1430.000  TEMP(K) =   298.92  PRESS =     0.0
 Etot   =     -1462.0438  EKtot   =      1049.0254  EPtot      =     -2511.0692
 BOND   =       292.3373  ANGLE   =       765.9068  DIHED      =      1124.7559
 1-4 NB =       296.9166  1-4 EEL =      2423.0528  VDWAALS    =      -634.0852
 EELEC  =     -5175.3111  EGB     =     -1657.7371  RESTRAINT  =        16.5373
 EAMBER (non-restraint)  =     -2527.6065
 ESURF=        36.5576
 ------------------------------------------------------------------------------


 NSTEP =    95000   TIME(PS) =    1440.000  TEMP(K) =   302.15  PRESS =     0.0
 Etot   =     -1460.8774  EKtot   =      1060.3748  EPtot      =     -2521.2523
 BOND   =       268.6159  ANGLE   =       816.3711  DIHED      =      1131.2682
 1-4 NB =       291.1925  1-4 EEL =      2394.9716  VDWAALS    =      -636.6691
 EELEC  =     -5158.5945  EGB     =     -1678.7595  RESTRAINT  =        13.3509
 EAMBER (non-restraint)  =     -2534.6032
 ESURF=        37.0007
 ------------------------------------------------------------------------------


 NSTEP =   100000   TIME(PS) =    1450.000  TEMP(K) =   311.24  PRESS =     0.0
 Etot   =     -1392.3143  EKtot   =      1092.2561  EPtot      =     -2484.5704
 BOND   =       281.8973  ANGLE   =       797.8150  DIHED      =      1161.9842
 1-4 NB =       310.7158  1-4 EEL =      2418.9190  VDWAALS    =      -655.2539
 EELEC  =     -5232.2816  EGB     =     -1618.7448  RESTRAINT  =        14.0837
 EAMBER (non-restraint)  =     -2498.6541
 ESURF=        36.2949
 ------------------------------------------------------------------------------


 NSTEP =   105000   TIME(PS) =    1460.000  TEMP(K) =   306.66  PRESS =     0.0
 Etot   =     -1383.4687  EKtot   =      1076.2014  EPtot      =     -2459.6701
 BOND   =       272.5297  ANGLE   =       790.8069  DIHED      =      1145.0944
 1-4 NB =       307.2644  1-4 EEL =      2421.8152  VDWAALS    =      -634.5165
 EELEC  =     -5155.6872  EGB     =     -1666.7775  RESTRAINT  =        21.6260
 EAMBER (non-restraint)  =     -2481.2961
 ESURF=        38.1746
 ------------------------------------------------------------------------------


 NSTEP =   110000   TIME(PS) =    1470.000  TEMP(K) =   300.57  PRESS =     0.0
 Etot   =     -1439.7068  EKtot   =      1054.8271  EPtot      =     -2494.5339
 BOND   =       284.7353  ANGLE   =       764.8111  DIHED      =      1140.0569
 1-4 NB =       308.4635  1-4 EEL =      2457.3777  VDWAALS    =      -640.7754
 EELEC  =     -5273.9013  EGB     =     -1592.4694  RESTRAINT  =        18.8763
 EAMBER (non-restraint)  =     -2513.4102
 ESURF=        38.2913
 ------------------------------------------------------------------------------


 NSTEP =   115000   TIME(PS) =    1480.000  TEMP(K) =   289.23  PRESS =     0.0
 Etot   =     -1477.6989  EKtot   =      1015.0009  EPtot      =     -2492.6998
 BOND   =       296.3118  ANGLE   =       766.9535  DIHED      =      1136.9008
 1-4 NB =       288.6886  1-4 EEL =      2430.7547  VDWAALS    =      -633.1714
 EELEC  =     -5111.1793  EGB     =     -1726.8909  RESTRAINT  =        19.9612
 EAMBER (non-restraint)  =     -2512.6611
 ESURF=        38.9711
 ------------------------------------------------------------------------------


 NSTEP =   120000   TIME(PS) =    1490.000  TEMP(K) =   295.12  PRESS =     0.0
 Etot   =     -1482.0896  EKtot   =      1035.6762  EPtot      =     -2517.7658
 BOND   =       267.4898  ANGLE   =       767.4377  DIHED      =      1149.2435
 1-4 NB =       314.3746  1-4 EEL =      2399.6400  VDWAALS    =      -632.7951
 EELEC  =     -5149.2709  EGB     =     -1686.2130  RESTRAINT  =        14.4611
 EAMBER (non-restraint)  =     -2532.2269
 ESURF=        37.8664
 ------------------------------------------------------------------------------


 NSTEP =   125000   TIME(PS) =    1500.000  TEMP(K) =   307.55  PRESS =     0.0
 Etot   =     -1415.5961  EKtot   =      1079.3167  EPtot      =     -2494.9128
 BOND   =       272.5323  ANGLE   =       788.9842  DIHED      =      1147.4619
 1-4 NB =       294.2675  1-4 EEL =      2416.8634  VDWAALS    =      -656.3465
 EELEC  =     -5109.8447  EGB     =     -1701.8059  RESTRAINT  =        14.4696
 EAMBER (non-restraint)  =     -2509.3824
 ESURF=        38.5055
 ------------------------------------------------------------------------------


      A V E R A G E S   O V E R      25 S T E P S


 NSTEP =   125000   TIME(PS) =    1500.000  TEMP(K) =   299.33  PRESS =     0.0
 Etot   =     -1450.2426  EKtot   =      1050.4595  EPtot      =     -2500.7021
 BOND   =       285.5533  ANGLE   =       777.6853  DIHED      =      1141.4585
 1-4 NB =       298.8496  1-4 EEL =      2421.1377  VDWAALS    =      -644.4333
 EELEC  =     -5179.5227  EGB     =     -1655.3718  RESTRAINT  =        16.4126
 EAMBER (non-restraint)  =     -2517.1146
 ESURF=        37.5288
 ------------------------------------------------------------------------------


      R M S  F L U C T U A T I O N S


 NSTEP =   125000   TIME(PS) =    1500.000  TEMP(K) =     6.22  PRESS =     0.0
 Etot   =        39.0125  EKtot   =        21.8415  EPtot      =        28.2654
 BOND   =        13.1690  ANGLE   =        18.4605  DIHED      =        14.9779
 1-4 NB =         7.1036  1-4 EEL =        17.0970  VDWAALS    =        11.6528
 EELEC  =        58.1552  EGB     =        45.2465  RESTRAINT  =         2.8741
 EAMBER (non-restraint)  =        25.3913
 ESURF=         1.1398
 ------------------------------------------------------------------------------

--------------------------------------------------------------------------------
   5.  TIMINGS
--------------------------------------------------------------------------------

|  NonSetup CPU Time in Major Routines:
|
|     Routine           Sec        %
|     ------------------------------
|     Nonbond        9426.61   98.19
|     Bond              1.26    0.01
|     Angle            19.44    0.20
|     Dihedral        116.87    1.22
|     Shake             5.33    0.06
|     RunMD            30.92    0.32
|     Other             0.06    0.00
|     ------------------------------
|     Total          9600.49

|  Generalized Born CPU Time:
|
|     Routine                 Sec        %
|     ------------------------------------
|     Radii Calc           2188.47   22.80
|     Diagonal Calc        4050.29   42.19
|     Off Diagonal Calc    3180.10   33.12
|     GBSA LCPO Calc          0.08    0.00
|     ---------------------------------
|     Total                9418.87   98.11

|  Final Performance Info:
|     -----------------------------------------------------
|     Average timings for last       1 steps:
|     Elapsed(s) =       0.00 Per Step(ms) =       0.11
|         ns/day =    1615.96   seconds/ns =      53.47
|
|     Average timings for all steps:
|     Elapsed(s) =   35918.22 Per Step(ms) =     287.35
|         ns/day =       0.60   seconds/ns =  143672.87
|     -----------------------------------------------------

|  Setup CPU time:            0.02 seconds
|  NonSetup CPU time:      9600.49 seconds
|  Total CPU time:         9600.51 seconds     2.67 hours

|  Setup wall time:           1    seconds
|  NonSetup wall time:    35918    seconds
|  Total wall time:       35919    seconds     9.98 hours
