
          -------------------------------------------------------
          Amber 22 PMEMD                              2022
          -------------------------------------------------------

| PMEMD implementation of SANDER, Release 22

|  Compiled date/time: Thu Apr 14 23:36:37 2022
| Run on 12/31/2023 at 00:05:20

|   Executable path: pmemd
| Working directory: /home/arul/Reegina/MD_Sim/amber_parameters/1FNF_info
|          Hostname: Unknown
  [-O]verwriting output

File Assignments:
|   MDIN: /home/arul/Reegina/MD_Sim/trial_file/min.in                           
|  MDOUT: min_1FNF.out                                                          
| INPCRD: 1FNF.rst7                                                             
|   PARM: 1FNF.hmass.parm7                                                      
| RESTRT: min_1FNF.rst7                                                         
|   REFC: refc                                                                  
|  MDVEL: mdvel                                                                 
|   MDEN: mden                                                                  
|  MDCRD: min_1FNF.crd                                                          
| MDINFO: min_1FNF.info                                                         
|  MDFRC: mdfrc                                                                 


 Here is the input file:

&cntrl                                                                         
  imin = 1,                                                                    
  maxcyc=100,                                                                  
  ntx = 1,                                                                     
  ntwr = 100,                                                                  
  ntpr = 10,                                                                   
  ioutfm=0,                                                                    
  ntxo=1,                                                                      
  cut = 1000.0,                                                                
  ntb=0,                                                                       
  igb = 8,                                                                     
  gbsa=3,                                                                      
  surften=0.007,                                                               
  saltcon = 0.0,                                                               
/                                                                              


Note: ig = -1. Setting random seed to   282645 based on wallclock time in 
      microseconds.
| irandom = 1, using AMBER's internal random number generator (default).
 
| Conditional Compilation Defines Used:
| PUBFFT
| BINTRAJ
| EMIL

| New format PARM file being parsed.
| Version =    1.000 Date = 12/30/23 Time = 23:54:04

| Note: 1-4 EEL scale factors are being read from the topology file.

| Note: 1-4 VDW scale factors are being read from the topology file.
| INFO:    Reading atomic numbers from topology file.
| Duplicated    0 dihedrals

| Duplicated    0 dihedrals

--------------------------------------------------------------------------------
   1.  RESOURCE   USE: 
--------------------------------------------------------------------------------

 NATOM  =    1410 NTYPES =      13 NBONH =     698 MBONA  =     730
 NTHETH =    1574 MTHETA =     998 NPHIH =    3318 MPHIA  =    3181
 NHPARM =       0 NPARM  =       0 NNB   =    7792 NRES   =      91
 NBONA  =     730 NTHETA =     998 NPHIA =    3181 NUMBND =      58
 NUMANG =     139 NPTRA  =     169 NATYP =      29 NPHB   =       0
 IFBOX  =       0 NMXRS  =      24 IFCAP =       0 NEXTRA =       0
 NCOPY  =       0

 Implicit solvent radii are ArgH and AspGluO modified Bondi2 radii (mbondi3)                                
 Replacing prmtop screening parameters with GBn2 (igb=8) values
--------------------------------------------------------------------------------
   2.  CONTROL  DATA  FOR  THE  RUN
--------------------------------------------------------------------------------

default_name                                                                    

General flags:
     imin    =       1, nmropt  =       0

Nature and format of input:
     ntx     =       1, irest   =       0, ntrx    =       1

Nature and format of output:
     ntxo    =       1, ntpr    =      10, ntrx    =       1, ntwr    =     100
     iwrap   =       0, ntwx    =       0, ntwv    =       0, ntwe    =       0
     ioutfm  =       0, ntwprt  =       0, idecomp =       0, rbornstat=      0

Potential function:
     ntf     =       1, ntb     =       0, igb     =       8, nsnb    =      25
     ipol    =       0, gbsa    =       3, iesp    =       0
     dielc   =   1.00000, cut     =1000.00000, intdiel =   1.00000
     saltcon =   0.00000, offset  =   0.19514, surften =   0.00700
     rdt     =   0.00000, rgbmax  =  25.00000  extdiel =  78.50000
     alpb  =        0
     gbalphaH  =   0.78844, gbbetaH   =   0.79870,  gbgammaH  =    0.43733
     gbalphaC  =   0.73376, gbbetaC   =   0.50638,  gbgammaC  =    0.20584
     gbalphaN  =   0.50336, gbbetaN   =   0.31683,  gbgammaN  =    0.19292
     gbalphaOS =   0.86781, gbbetaOS  =   0.87664,  gbgammaOS =    0.38788
     gbalphaP  =   1.00000, gbbetaP   =   0.80000,  gbgammaP  =    4.85000
     gb_alpha_hnu  =   0.53705, gb_beta_hnu   =   0.36286,  gb_gamma_hnu  =    0.11670
     gb_alpha_cnu  =   0.33167, gb_beta_cnu   =   0.19684,  gb_gamma_cnu  =    0.09342
     gb_alpha_nnu  =   0.68631, gb_beta_nnu   =   0.46319,  gb_gamma_nnu  =    0.13872
     gb_alpha_onu  =   0.60634, gb_beta_onu   =   0.46301,  gb_gamma_onu  =    0.14226
     gb_alpha_pnu  =   0.41836, gb_beta_pnu   =   0.29005,  gb_gamma_pnu  =    0.10642

Frozen or restrained atoms:
     ibelly  =       0, ntr     =       0

Energy minimization:
     maxcyc  =     100, ncyc    =      10, ntmin   =       1
     dx0     =   0.01000, drms    =   0.00010

| Intermolecular bonds treatment:
|     no_intermolecular_bonds =       1

| Energy averages sample interval:
|     ene_avg_sampling =       1

--------------------------------------------------------------------------------
   3.  ATOMIC COORDINATES AND VELOCITIES
--------------------------------------------------------------------------------

default_name                                                                    
 begin time read from input coords =     0.000 ps

 
 Number of triangulated 3-point waters found:        0
| Dynamic Memory, Types Used:
| Reals               38911
| Integers           168092

--------------------------------------------------------------------------------
   4.  RESULTS
--------------------------------------------------------------------------------



   NSTEP       ENERGY          RMS            GMAX         NAME    NUMBER
      1      -2.6787E+03     1.4422E+01     1.7836E+02     C        1408

 BOND    =       95.2271  ANGLE   =      352.2925  DIHED      =     1025.9703
 VDWAALS =     -361.1909  EEL     =    -5499.9821  EGB        =    -1443.1411
 1-4 VDW =      420.8754  1-4 EEL =     2707.4105  RESTRAINT  =        0.0000
 ESURF   =       23.8187


   NSTEP       ENERGY          RMS            GMAX         NAME    NUMBER
     10      -2.8572E+03     8.1432E+00     1.3858E+02     OXT      1410

 BOND    =       50.4408  ANGLE   =      316.8886  DIHED      =     1022.6515
 VDWAALS =     -433.2674  EEL     =    -5503.8541  EGB        =    -1446.8610
 1-4 VDW =      412.1604  1-4 EEL =     2700.8253  RESTRAINT  =        0.0000
 ESURF   =       23.8466


   NSTEP       ENERGY          RMS            GMAX         NAME    NUMBER
     20      -3.1932E+03     3.8068E+00     4.9863E+01     C        1408

 BOND    =       48.1316  ANGLE   =      264.6381  DIHED      =     1023.9362
 VDWAALS =     -609.7054  EEL     =    -5464.0347  EGB        =    -1462.0740
 1-4 VDW =      362.5053  1-4 EEL =     2618.9931  RESTRAINT  =        0.0000
 ESURF   =       24.3640


   NSTEP       ENERGY          RMS            GMAX         NAME    NUMBER
     30      -3.2692E+03     3.0117E+00     4.3932E+01     CD       1054

 BOND    =       46.8206  ANGLE   =      252.5709  DIHED      =     1025.4054
 VDWAALS =     -631.6674  EEL     =    -5438.7507  EGB        =    -1469.1292
 1-4 VDW =      342.1702  1-4 EEL =     2578.6591  RESTRAINT  =        0.0000
 ESURF   =       24.6999


   NSTEP       ENERGY          RMS            GMAX         NAME    NUMBER
     40      -3.3261E+03     2.8324E+00     4.5134E+01     CA       1398

 BOND    =       48.8090  ANGLE   =      255.6884  DIHED      =     1024.7332
 VDWAALS =     -667.3183  EEL     =    -5439.0728  EGB        =    -1474.2522
 1-4 VDW =      324.9682  1-4 EEL =     2575.2002  RESTRAINT  =        0.0000
 ESURF   =       25.1703


   NSTEP       ENERGY          RMS            GMAX         NAME    NUMBER
     50      -3.4032E+03     1.6896E+00     1.8639E+01     CA       1398

 BOND    =       51.5669  ANGLE   =      264.3348  DIHED      =     1037.9709
 VDWAALS =     -704.6234  EEL     =    -5401.1840  EGB        =    -1489.4223
 1-4 VDW =      289.0590  1-4 EEL =     2522.8227  RESTRAINT  =        0.0000
 ESURF   =       26.2492


   NSTEP       ENERGY          RMS            GMAX         NAME    NUMBER
     60      -3.4138E+03     1.2387E+00     2.1617E+01     C        1408

 BOND    =       53.2725  ANGLE   =      259.3109  DIHED      =     1035.7594
 VDWAALS =     -707.2213  EEL     =    -5398.5679  EGB        =    -1489.7837
 1-4 VDW =      289.5579  1-4 EEL =     2517.5429  RESTRAINT  =        0.0000
 ESURF   =       26.2810


   NSTEP       ENERGY          RMS            GMAX         NAME    NUMBER
     70      -3.4337E+03     1.1228E+00     1.2167E+01     CZ2       324

 BOND    =       52.3595  ANGLE   =      252.5459  DIHED      =     1030.9070
 VDWAALS =     -711.7647  EEL     =    -5396.3413  EGB        =    -1491.9107
 1-4 VDW =      293.9630  1-4 EEL =     2510.0904  RESTRAINT  =        0.0000
 ESURF   =       26.4642


   NSTEP       ENERGY          RMS            GMAX         NAME    NUMBER
     80      -3.4456E+03     6.2829E-01     4.7837E+00     HA       1399

 BOND    =       47.3631  ANGLE   =      243.0646  DIHED      =     1028.5790
 VDWAALS =     -709.0410  EEL     =    -5404.5498  EGB        =    -1492.1472
 1-4 VDW =      294.9713  1-4 EEL =     2519.4994  RESTRAINT  =        0.0000
 ESURF   =       26.6457


   NSTEP       ENERGY          RMS            GMAX         NAME    NUMBER
     90      -3.4566E+03     1.0873E+00     1.6941E+01     CE2       323

 BOND    =       53.2856  ANGLE   =      249.5189  DIHED      =     1031.9895
 VDWAALS =     -715.0705  EEL     =    -5392.2337  EGB        =    -1496.5711
 1-4 VDW =      284.0262  1-4 EEL =     2501.5324  RESTRAINT  =        0.0000
 ESURF   =       26.8836


   NSTEP       ENERGY          RMS            GMAX         NAME    NUMBER
    100      -3.4652E+03     7.4460E-01     6.7664E+00     CA       1398

 BOND    =       54.0368  ANGLE   =      253.4334  DIHED      =     1033.5239
 VDWAALS =     -717.7525  EEL     =    -5386.6462  EGB        =    -1501.4395
 1-4 VDW =      278.3440  1-4 EEL =     2494.2264  RESTRAINT  =        0.0000
 ESURF   =       27.1190


  Maximum number of minimization cycles reached.


                    FINAL RESULTS



   NSTEP       ENERGY          RMS            GMAX         NAME    NUMBER
    100      -3.4652E+03     7.4460E-01     6.7664E+00     CA       1398

 BOND    =       54.0368  ANGLE   =      253.4334  DIHED      =     1033.5239
 VDWAALS =     -717.7525  EEL     =    -5386.6462  EGB        =    -1501.4395
 1-4 VDW =      278.3440  1-4 EEL =     2494.2264  RESTRAINT  =        0.0000
 ESURF   =       27.1190
--------------------------------------------------------------------------------
   5.  TIMINGS
--------------------------------------------------------------------------------

|  NonSetup CPU Time in Major Routines:
|
|     Routine           Sec        %
|     ------------------------------
|     Nonbond           8.44   98.41
|     Bond              0.00    0.02
|     Angle             0.02    0.20
|     Dihedral          0.10    1.20
|     Shake             0.00    0.00
|     Other             0.01    0.17
|     ------------------------------
|     Total             8.58

|  Generalized Born CPU Time:
|
|     Routine                 Sec        %
|     ------------------------------------
|     Radii Calc              1.92   22.38
|     Diagonal Calc           3.63   42.33
|     Off Diagonal Calc       2.88   33.61
|     GBSA LCPO Calc          0.00    0.00
|     ---------------------------------
|     Total                   8.44   98.32

|  Setup CPU time:            0.02 seconds
|  NonSetup CPU time:         8.58 seconds
|  Total CPU time:            8.60 seconds     0.00 hours

|  Setup wall time:           0    seconds
|  NonSetup wall time:       22    seconds
|  Total wall time:          22    seconds     0.01 hours
