Salt Bridges Plugin, Version 1.0
Wed Apr 17 13:12:54 +0530 2024

Parameters used in the calculation of salt bridges:
- Atomselection: protein
- Update selections every frame: yes
- Initial frame: 0
- Frame step: 1
- Final frame: 499
- Oxygen-nitrogen cut-off: 3.2
- Center of mass cut-off: none
- Write a file for each salt bridge: yes

Searching for ion-pairs with oxygen-nitrogen distance within 3.2 Angstroms in the selected frames... Done.
Removing redundancies in the ion-pairs found... Done.
Extracting identification of each salt bridge... Done.
Found 7 salt bridges.

ASP6-ARG34
GLU41-ARG37
GLU18-ARG14
ASP6-ARG13
ASP39-LYS42
GLU38-ARG37
GLU38-LYS42

Printing distances over all frames for each salt-bridge... Done.
