
          -------------------------------------------------------
          Amber 22 PMEMD                              2022
          -------------------------------------------------------

| PMEMD implementation of SANDER, Release 22

|  Compiled date/time: Thu Apr 14 23:36:37 2022
| Run on 12/20/2023 at 13:30:50

|   Executable path: pmemd
| Working directory: /home/arul/Reegina/MD_Sim/amber_parameters/2FS6_info
|          Hostname: Unknown
  [-O]verwriting output

File Assignments:
|   MDIN: /home/arul/Reegina/MD_Sim/trial_file/min.in                           
|  MDOUT: min_2FS6.out                                                          
| INPCRD: 2FS6.rst7                                                             
|   PARM: 2FS6.hmass.parm7                                                      
| RESTRT: min_2FS6.rst7                                                         
|   REFC: refc                                                                  
|  MDVEL: mdvel                                                                 
|   MDEN: mden                                                                  
|  MDCRD: min_2FS6.crd                                                          
| MDINFO: min_2FS6.info                                                         
|  MDFRC: mdfrc                                                                 


 Here is the input file:

&cntrl                                                                         
  imin = 1,                                                                    
  maxcyc=100,                                                                  
  ntx = 1,                                                                     
  ntwr = 100,                                                                  
  ntpr = 10,                                                                   
  ioutfm=0,                                                                    
  ntxo=1,                                                                      
  cut = 1000.0,                                                                
  ntb=0,                                                                       
  igb = 8,                                                                     
  gbsa=3,                                                                      
  surften=0.007,                                                               
  saltcon = 0.0,                                                               
/                                                                              


Note: ig = -1. Setting random seed to   328604 based on wallclock time in 
      microseconds.
| irandom = 1, using AMBER's internal random number generator (default).
 
| Conditional Compilation Defines Used:
| PUBFFT
| BINTRAJ
| EMIL

| New format PARM file being parsed.
| Version =    1.000 Date = 12/04/23 Time = 16:32:32

| Note: 1-4 EEL scale factors are being read from the topology file.

| Note: 1-4 VDW scale factors are being read from the topology file.
| INFO:    Reading atomic numbers from topology file.
| Duplicated    0 dihedrals

| Duplicated    0 dihedrals

--------------------------------------------------------------------------------
   1.  RESOURCE   USE: 
--------------------------------------------------------------------------------

 NATOM  =    4380 NTYPES =      13 NBONH =    2205 MBONA  =    2206
 NTHETH =    5031 MTHETA =    2975 NPHIH =   10101 MPHIA  =    9496
 NHPARM =       0 NPARM  =       0 NNB   =   24234 NRES   =     273
 NBONA  =    2206 NTHETA =    2975 NPHIA =    9496 NUMBND =      61
 NUMANG =     147 NPTRA  =     177 NATYP =      29 NPHB   =       0
 IFBOX  =       0 NMXRS  =      24 IFCAP =       0 NEXTRA =       0
 NCOPY  =       0

 Implicit solvent radii are ArgH and AspGluO modified Bondi2 radii (mbondi3)                                
 Replacing prmtop screening parameters with GBn2 (igb=8) values
--------------------------------------------------------------------------------
   2.  CONTROL  DATA  FOR  THE  RUN
--------------------------------------------------------------------------------

default_name                                                                    

General flags:
     imin    =       1, nmropt  =       0

Nature and format of input:
     ntx     =       1, irest   =       0, ntrx    =       1

Nature and format of output:
     ntxo    =       1, ntpr    =      10, ntrx    =       1, ntwr    =     100
     iwrap   =       0, ntwx    =       0, ntwv    =       0, ntwe    =       0
     ioutfm  =       0, ntwprt  =       0, idecomp =       0, rbornstat=      0

Potential function:
     ntf     =       1, ntb     =       0, igb     =       8, nsnb    =      25
     ipol    =       0, gbsa    =       3, iesp    =       0
     dielc   =   1.00000, cut     =1000.00000, intdiel =   1.00000
     saltcon =   0.00000, offset  =   0.19514, surften =   0.00700
     rdt     =   0.00000, rgbmax  =  25.00000  extdiel =  78.50000
     alpb  =        0
     gbalphaH  =   0.78844, gbbetaH   =   0.79870,  gbgammaH  =    0.43733
     gbalphaC  =   0.73376, gbbetaC   =   0.50638,  gbgammaC  =    0.20584
     gbalphaN  =   0.50336, gbbetaN   =   0.31683,  gbgammaN  =    0.19292
     gbalphaOS =   0.86781, gbbetaOS  =   0.87664,  gbgammaOS =    0.38788
     gbalphaP  =   1.00000, gbbetaP   =   0.80000,  gbgammaP  =    4.85000
     gb_alpha_hnu  =   0.53705, gb_beta_hnu   =   0.36286,  gb_gamma_hnu  =    0.11670
     gb_alpha_cnu  =   0.33167, gb_beta_cnu   =   0.19684,  gb_gamma_cnu  =    0.09342
     gb_alpha_nnu  =   0.68631, gb_beta_nnu   =   0.46319,  gb_gamma_nnu  =    0.13872
     gb_alpha_onu  =   0.60634, gb_beta_onu   =   0.46301,  gb_gamma_onu  =    0.14226
     gb_alpha_pnu  =   0.41836, gb_beta_pnu   =   0.29005,  gb_gamma_pnu  =    0.10642

Frozen or restrained atoms:
     ibelly  =       0, ntr     =       0

Energy minimization:
     maxcyc  =     100, ncyc    =      10, ntmin   =       1
     dx0     =   0.01000, drms    =   0.00010

| Intermolecular bonds treatment:
|     no_intermolecular_bonds =       1

| Energy averages sample interval:
|     ene_avg_sampling =       1

--------------------------------------------------------------------------------
   3.  ATOMIC COORDINATES AND VELOCITIES
--------------------------------------------------------------------------------

default_name                                                                    
 begin time read from input coords =     0.000 ps

 
 Number of triangulated 3-point waters found:        0
| Dynamic Memory, Types Used:
| Reals              116229
| Integers           514551

--------------------------------------------------------------------------------
   4.  RESULTS
--------------------------------------------------------------------------------



   NSTEP       ENERGY          RMS            GMAX         NAME    NUMBER
      1      -8.1101E+03     3.2570E+01     1.6727E+03     HG3      2192

 BOND    =      337.4443  ANGLE   =      628.9646  DIHED      =     3169.8956
 VDWAALS =    -1104.0506  EEL     =   -19756.7918  EGB        =    -4751.6834
 1-4 VDW =     1263.4557  1-4 EEL =    12022.3012  RESTRAINT  =        0.0000
 ESURF   =       80.3162


   NSTEP       ENERGY          RMS            GMAX         NAME    NUMBER
     10      -8.6827E+03     1.3100E+01     3.9126E+02     HG3      2192

 BOND    =      255.6414  ANGLE   =      600.5057  DIHED      =     3166.2330
 VDWAALS =    -1541.1957  EEL     =   -19760.2810  EGB        =    -4753.9171
 1-4 VDW =     1253.9995  1-4 EEL =    12015.9496  RESTRAINT  =        0.0000
 ESURF   =       80.3399


   NSTEP       ENERGY          RMS            GMAX         NAME    NUMBER
     20      -9.7552E+03     4.0363E+00     4.9034E+01     NH2      3133

 BOND    =      131.7045  ANGLE   =      450.6614  DIHED      =     3138.4950
 VDWAALS =    -1987.2942  EEL     =   -19739.9441  EGB        =    -4787.0853
 1-4 VDW =     1100.4641  1-4 EEL =    11856.7692  RESTRAINT  =        0.0000
 ESURF   =       81.0273


   NSTEP       ENERGY          RMS            GMAX         NAME    NUMBER
     30      -9.9282E+03     2.9009E+00     5.0147E+01     CZ       3129

 BOND    =      128.6792  ANGLE   =      411.5104  DIHED      =     3136.7766
 VDWAALS =    -2019.8491  EEL     =   -19710.8513  EGB        =    -4792.3301
 1-4 VDW =     1042.6886  1-4 EEL =    11793.6247  RESTRAINT  =        0.0000
 ESURF   =       81.5313


   NSTEP       ENERGY          RMS            GMAX         NAME    NUMBER
     40      -1.0141E+04     2.8324E+00     8.1590E+01     CZ       3129

 BOND    =      126.2963  ANGLE   =      395.9858  DIHED      =     3120.2071
 VDWAALS =    -2109.3659  EEL     =   -19669.6706  EGB        =    -4809.6169
 1-4 VDW =      980.5983  1-4 EEL =    11741.8262  RESTRAINT  =        0.0000
 ESURF   =       82.9084


   NSTEP       ENERGY          RMS            GMAX         NAME    NUMBER
     50      -1.0299E+04     1.5276E+00     3.6644E+01     CZ       3129

 BOND    =      138.5551  ANGLE   =      433.8948  DIHED      =     3131.4597
 VDWAALS =    -2170.6039  EEL     =   -19607.0192  EGB        =    -4832.1587
 1-4 VDW =      890.4852  1-4 EEL =    11631.2798  RESTRAINT  =        0.0000
 ESURF   =       84.6116


   NSTEP       ENERGY          RMS            GMAX         NAME    NUMBER
     60      -1.0328E+04     1.2700E+00     2.9451E+01     NH1      3130

 BOND    =      127.2249  ANGLE   =      413.7297  DIHED      =     3121.3308
 VDWAALS =    -2172.0239  EEL     =   -19610.2502  EGB        =    -4830.2345
 1-4 VDW =      897.2797  1-4 EEL =    11640.1197  RESTRAINT  =        0.0000
 ESURF   =       84.7277


   NSTEP       ENERGY          RMS            GMAX         NAME    NUMBER
     70      -1.0385E+04     1.1365E+00     2.6583E+01     CZ       3129

 BOND    =      122.5441  ANGLE   =      395.3765  DIHED      =     3110.6858
 VDWAALS =    -2180.6133  EEL     =   -19622.2522  EGB        =    -4836.1205
 1-4 VDW =      901.7727  1-4 EEL =    11638.1117  RESTRAINT  =        0.0000
 ESURF   =       85.3172


   NSTEP       ENERGY          RMS            GMAX         NAME    NUMBER
     80      -1.0416E+04     8.4271E-01     1.6835E+01     CA       2196

 BOND    =      124.6818  ANGLE   =      385.6732  DIHED      =     3108.6882
 VDWAALS =    -2182.4931  EEL     =   -19616.5452  EGB        =    -4835.3698
 1-4 VDW =      892.6550  1-4 EEL =    11621.3253  RESTRAINT  =        0.0000
 ESURF   =       85.7572


   NSTEP       ENERGY          RMS            GMAX         NAME    NUMBER
     90      -1.0444E+04     6.8062E-01     1.0892E+01     HG2      2191

 BOND    =      129.7784  ANGLE   =      394.5102  DIHED      =     3105.1636
 VDWAALS =    -2195.7575  EEL     =   -19599.7664  EGB        =    -4841.4563
 1-4 VDW =      878.8461  1-4 EEL =    11598.5663  RESTRAINT  =        0.0000
 ESURF   =       86.1300


   NSTEP       ENERGY          RMS            GMAX         NAME    NUMBER
    100      -1.0477E+04     7.0766E-01     9.9647E+00     HG2      2191

 BOND    =      147.5383  ANGLE   =      422.9378  DIHED      =     3108.2609
 VDWAALS =    -2211.3974  EEL     =   -19566.6133  EGB        =    -4849.8131
 1-4 VDW =      844.0649  1-4 EEL =    11540.6535  RESTRAINT  =        0.0000
 ESURF   =       86.9587


  Maximum number of minimization cycles reached.


                    FINAL RESULTS



   NSTEP       ENERGY          RMS            GMAX         NAME    NUMBER
    100      -1.0477E+04     7.0766E-01     9.9647E+00     HG2      2191

 BOND    =      147.5383  ANGLE   =      422.9378  DIHED      =     3108.2609
 VDWAALS =    -2211.3974  EEL     =   -19566.6133  EGB        =    -4849.8131
 1-4 VDW =      844.0649  1-4 EEL =    11540.6535  RESTRAINT  =        0.0000
 ESURF   =       86.9587
--------------------------------------------------------------------------------
   5.  TIMINGS
--------------------------------------------------------------------------------

|  NonSetup CPU Time in Major Routines:
|
|     Routine           Sec        %
|     ------------------------------
|     Nonbond          53.13   99.36
|     Bond              0.01    0.01
|     Angle             0.05    0.09
|     Dihedral          0.27    0.51
|     Shake             0.00    0.00
|     Other             0.02    0.03
|     ------------------------------
|     Total            53.47

|  Generalized Born CPU Time:
|
|     Routine                 Sec        %
|     ------------------------------------
|     Radii Calc             10.66   19.94
|     Diagonal Calc          19.32   36.14
|     Off Diagonal Calc      23.12   43.25
|     GBSA LCPO Calc          0.00    0.00
|     ---------------------------------
|     Total                  53.11   99.33

|  Setup CPU time:            0.05 seconds
|  NonSetup CPU time:        53.47 seconds
|  Total CPU time:           53.52 seconds     0.01 hours

|  Setup wall time:           0    seconds
|  NonSetup wall time:       54    seconds
|  Total wall time:          54    seconds     0.01 hours
