
          -------------------------------------------------------
          Amber 22 PMEMD                              2022
          -------------------------------------------------------

| PMEMD implementation of SANDER, Release 22

|  Compiled date/time: Thu Apr 14 23:36:37 2022
| Run on 12/28/2023 at 23:09:31

|   Executable path: pmemd
| Working directory: /home/arul/Reegina/MD_Sim/sample/2KDI_info
|          Hostname: Unknown
  [-O]verwriting output

File Assignments:
|   MDIN: eq1.in                                                                
|  MDOUT: eq1.out                                                               
| INPCRD: heat.rst7                                                             
|   PARM: 2KDI.hmass.parm7                                                      
| RESTRT: eq1.rst7                                                              
|   REFC: heat.rst7                                                             
|  MDVEL: mdvel                                                                 
|   MDEN: mden                                                                  
|  MDCRD: eq1.crd                                                               
| MDINFO: eq1.info                                                              
|  MDFRC: mdfrc                                                                 


 Here is the input file:

&cntrl                                                                         
   ntx = 5,                                                                    
                                                                               
   ntwx = 5000, ntwe = 0, ntwr = 500,                                          
   ntpr = 5000,                                                                
                                                                               
   ioutfm=0, ntxo=1,                                                           
                                                                               
   imin = 0, nstlim = 125000, dt = 0.002,                                      
                                                                               
   ntt = 3, gamma_ln=1.0, temp0 = 300.0,                                       
   nscm = 1000, ig = -1, irest = 1,                                            
                                                                               
   ntc= 2, ntf = 2, cut = 1000,                                                
                                                                               
   igb=8, gbsa=3, surften=0.007, ntb = 0,                                      
   saltcon=0.,                                                                 
                                                                               
   ntr=1, restraintmask="@CA,N,C,O",                                           
   restraint_wt=1.0,                                                           
 /                                                                             


Note: ig = -1. Setting random seed to   919596 based on wallclock time in 
      microseconds.
| irandom = 1, using AMBER's internal random number generator (default).
 
| Conditional Compilation Defines Used:
| PUBFFT
| BINTRAJ
| EMIL

| New format PARM file being parsed.
| Version =    1.000 Date = 12/05/23 Time = 14:07:20

| Note: 1-4 EEL scale factors are being read from the topology file.

| Note: 1-4 VDW scale factors are being read from the topology file.
| INFO:    Reading atomic numbers from topology file.
| Duplicated    0 dihedrals

| Duplicated    0 dihedrals

--------------------------------------------------------------------------------
   1.  RESOURCE   USE: 
--------------------------------------------------------------------------------

 NATOM  =    1798 NTYPES =      14 NBONH =     894 MBONA  =     918
 NTHETH =    2041 MTHETA =    1232 NPHIH =    4130 MPHIA  =    3912
 NHPARM =       0 NPARM  =       0 NNB   =    9892 NRES   =     114
 NBONA  =     918 NTHETA =    1232 NPHIA =    3912 NUMBND =      65
 NUMANG =     151 NPTRA  =     183 NATYP =      32 NPHB   =       0
 IFBOX  =       0 NMXRS  =      24 IFCAP =       0 NEXTRA =       0
 NCOPY  =       0

 Implicit solvent radii are ArgH and AspGluO modified Bondi2 radii (mbondi3)                                
 Replacing prmtop screening parameters with GBn2 (igb=8) values
--------------------------------------------------------------------------------
   2.  CONTROL  DATA  FOR  THE  RUN
--------------------------------------------------------------------------------

default_name                                                                    

General flags:
     imin    =       0, nmropt  =       0

Nature and format of input:
     ntx     =       5, irest   =       1, ntrx    =       1

Nature and format of output:
     ntxo    =       1, ntpr    =    5000, ntrx    =       1, ntwr    =     500
     iwrap   =       0, ntwx    =    5000, ntwv    =       0, ntwe    =       0
     ioutfm  =       0, ntwprt  =       0, idecomp =       0, rbornstat=      0

Potential function:
     ntf     =       2, ntb     =       0, igb     =       8, nsnb    =      25
     ipol    =       0, gbsa    =       3, iesp    =       0
     dielc   =   1.00000, cut     =1000.00000, intdiel =   1.00000
     saltcon =   0.00000, offset  =   0.19514, surften =   0.00700
     rdt     =   0.00000, rgbmax  =  25.00000  extdiel =  78.50000
     alpb  =        0
     gbalphaH  =   0.78844, gbbetaH   =   0.79870,  gbgammaH  =    0.43733
     gbalphaC  =   0.73376, gbbetaC   =   0.50638,  gbgammaC  =    0.20584
     gbalphaN  =   0.50336, gbbetaN   =   0.31683,  gbgammaN  =    0.19292
     gbalphaOS =   0.86781, gbbetaOS  =   0.87664,  gbgammaOS =    0.38788
     gbalphaP  =   1.00000, gbbetaP   =   0.80000,  gbgammaP  =    4.85000
     gb_alpha_hnu  =   0.53705, gb_beta_hnu   =   0.36286,  gb_gamma_hnu  =    0.11670
     gb_alpha_cnu  =   0.33167, gb_beta_cnu   =   0.19684,  gb_gamma_cnu  =    0.09342
     gb_alpha_nnu  =   0.68631, gb_beta_nnu   =   0.46319,  gb_gamma_nnu  =    0.13872
     gb_alpha_onu  =   0.60634, gb_beta_onu   =   0.46301,  gb_gamma_onu  =    0.14226
     gb_alpha_pnu  =   0.41836, gb_beta_pnu   =   0.29005,  gb_gamma_pnu  =    0.10642

Frozen or restrained atoms:
     ibelly  =       0, ntr     =       1
     restraint_wt =   1.00000

Molecular dynamics:
     nstlim  =    125000, nscm    =         0, nrespa  =         1
     t       =   0.00000, dt      =   0.00200, vlimit  =  20.00000

Langevin dynamics temperature regulation:
     ig      =  919596
     temp0   = 300.00000, tempi   =   0.00000, gamma_ln=   1.00000

SHAKE:
     ntc     =       2, jfastw  =       0
     tol     =   0.00001

| Intermolecular bonds treatment:
|     no_intermolecular_bonds =       1

| Energy averages sample interval:
|     ene_avg_sampling =    5000

    LOADING THE CONSTRAINED ATOMS AS GROUPS


   5.  REFERENCE ATOM COORDINATES

  default_name                                                                    
     Mask @CA,N,C,O; matches   456 atoms

--------------------------------------------------------------------------------
   3.  ATOMIC COORDINATES AND VELOCITIES
--------------------------------------------------------------------------------

default_name                                                                    
 begin time read from input coords =  1000.000 ps

 
 Number of triangulated 3-point waters found:        0
| Dynamic Memory, Types Used:
| Reals               62699
| Integers           214414

--------------------------------------------------------------------------------
   4.  RESULTS
--------------------------------------------------------------------------------


 NSTEP =     5000   TIME(PS) =    1010.000  TEMP(K) =   287.95  PRESS =     0.0
 Etot   =     -1821.6652  EKtot   =      1287.4550  EPtot      =     -3109.1202
 BOND   =       368.8996  ANGLE   =       991.5379  DIHED      =      1401.6363
 1-4 NB =       387.5206  1-4 EEL =      4357.0286  VDWAALS    =      -781.3436
 EELEC  =     -7829.8965  EGB     =     -2126.0389  RESTRAINT  =        69.7524
 EAMBER (non-restraint)  =     -3178.8726
 ESURF=        51.7834
 ------------------------------------------------------------------------------


 NSTEP =    10000   TIME(PS) =    1020.000  TEMP(K) =   295.80  PRESS =     0.0
 Etot   =     -1684.6734  EKtot   =      1322.5894  EPtot      =     -3007.2628
 BOND   =       389.1024  ANGLE   =      1032.4242  DIHED      =      1416.1965
 1-4 NB =       389.7876  1-4 EEL =      4373.4109  VDWAALS    =      -772.0066
 EELEC  =     -7807.2060  EGB     =     -2152.9525  RESTRAINT  =        70.8193
 EAMBER (non-restraint)  =     -3078.0821
 ESURF=        53.1613
 ------------------------------------------------------------------------------


 NSTEP =    15000   TIME(PS) =    1030.000  TEMP(K) =   300.42  PRESS =     0.0
 Etot   =     -1755.9234  EKtot   =      1343.2116  EPtot      =     -3099.1351
 BOND   =       356.8776  ANGLE   =      1011.0960  DIHED      =      1382.2359
 1-4 NB =       386.0294  1-4 EEL =      4351.5276  VDWAALS    =      -796.5201
 EELEC  =     -7847.0770  EGB     =     -2065.3438  RESTRAINT  =        71.2536
 EAMBER (non-restraint)  =     -3170.3886
 ESURF=        50.7858
 ------------------------------------------------------------------------------


 NSTEP =    20000   TIME(PS) =    1040.000  TEMP(K) =   302.45  PRESS =     0.0
 Etot   =     -1706.3045  EKtot   =      1352.2973  EPtot      =     -3058.6017
 BOND   =       344.3968  ANGLE   =      1038.9190  DIHED      =      1415.3183
 1-4 NB =       387.3521  1-4 EEL =      4336.3922  VDWAALS    =      -790.9363
 EELEC  =     -7784.2882  EGB     =     -2134.5128  RESTRAINT  =        75.1511
 EAMBER (non-restraint)  =     -3133.7528
 ESURF=        53.6059
 ------------------------------------------------------------------------------


 NSTEP =    25000   TIME(PS) =    1050.000  TEMP(K) =   300.63  PRESS =     0.0
 Etot   =     -1725.4623  EKtot   =      1344.1542  EPtot      =     -3069.6165
 BOND   =       344.5910  ANGLE   =      1025.0586  DIHED      =      1409.2384
 1-4 NB =       394.7628  1-4 EEL =      4371.7450  VDWAALS    =      -761.1675
 EELEC  =     -7910.9330  EGB     =     -2072.2028  RESTRAINT  =        76.6974
 EAMBER (non-restraint)  =     -3146.3139
 ESURF=        52.5936
 ------------------------------------------------------------------------------


 NSTEP =    30000   TIME(PS) =    1060.000  TEMP(K) =   304.51  PRESS =     0.0
 Etot   =     -1744.8897  EKtot   =      1361.5057  EPtot      =     -3106.3954
 BOND   =       342.6586  ANGLE   =      1004.8315  DIHED      =      1385.8057
 1-4 NB =       388.7592  1-4 EEL =      4365.9714  VDWAALS    =      -785.7143
 EELEC  =     -7859.0373  EGB     =     -2077.4198  RESTRAINT  =        74.1922
 EAMBER (non-restraint)  =     -3180.5876
 ESURF=        53.5575
 ------------------------------------------------------------------------------


 NSTEP =    35000   TIME(PS) =    1070.000  TEMP(K) =   304.25  PRESS =     0.0
 Etot   =     -1703.5647  EKtot   =      1360.3366  EPtot      =     -3063.9013
 BOND   =       389.0350  ANGLE   =       980.2665  DIHED      =      1435.0118
 1-4 NB =       381.2746  1-4 EEL =      4359.1356  VDWAALS    =      -778.3606
 EELEC  =     -7908.3220  EGB     =     -2050.1004  RESTRAINT  =        74.0072
 EAMBER (non-restraint)  =     -3137.9085
 ESURF=        54.1509
 ------------------------------------------------------------------------------


 NSTEP =    40000   TIME(PS) =    1080.000  TEMP(K) =   300.37  PRESS =     0.0
 Etot   =     -1701.1368  EKtot   =      1343.0290  EPtot      =     -3044.1658
 BOND   =       372.2381  ANGLE   =      1050.8390  DIHED      =      1408.1761
 1-4 NB =       369.3800  1-4 EEL =      4378.5959  VDWAALS    =      -789.0835
 EELEC  =     -7799.9536  EGB     =     -2159.2726  RESTRAINT  =        70.4293
 EAMBER (non-restraint)  =     -3114.5950
 ESURF=        54.4856
 ------------------------------------------------------------------------------


 NSTEP =    45000   TIME(PS) =    1090.000  TEMP(K) =   297.94  PRESS =     0.0
 Etot   =     -1694.6995  EKtot   =      1332.1413  EPtot      =     -3026.8408
 BOND   =       385.9714  ANGLE   =      1014.9815  DIHED      =      1417.4045
 1-4 NB =       393.5832  1-4 EEL =      4371.5203  VDWAALS    =      -784.2023
 EELEC  =     -7830.7388  EGB     =     -2125.0892  RESTRAINT  =        76.0224
 EAMBER (non-restraint)  =     -3102.8631
 ESURF=        53.7063
 ------------------------------------------------------------------------------


 NSTEP =    50000   TIME(PS) =    1100.000  TEMP(K) =   295.88  PRESS =     0.0
 Etot   =     -1734.8031  EKtot   =      1322.9214  EPtot      =     -3057.7245
 BOND   =       363.3693  ANGLE   =      1004.2858  DIHED      =      1395.6676
 1-4 NB =       394.3003  1-4 EEL =      4370.7263  VDWAALS    =      -784.1907
 EELEC  =     -7841.8699  EGB     =     -2089.9563  RESTRAINT  =        76.1156
 EAMBER (non-restraint)  =     -3133.8401
 ESURF=        53.8274
 ------------------------------------------------------------------------------


 NSTEP =    55000   TIME(PS) =    1110.000  TEMP(K) =   297.53  PRESS =     0.0
 Etot   =     -1719.5511  EKtot   =      1330.3200  EPtot      =     -3049.8711
 BOND   =       357.9914  ANGLE   =      1034.4620  DIHED      =      1419.7227
 1-4 NB =       378.8089  1-4 EEL =      4346.6537  VDWAALS    =      -778.6763
 EELEC  =     -7704.0987  EGB     =     -2222.0449  RESTRAINT  =        62.9004
 EAMBER (non-restraint)  =     -3112.7715
 ESURF=        54.4098
 ------------------------------------------------------------------------------


 NSTEP =    60000   TIME(PS) =    1120.000  TEMP(K) =   301.46  PRESS =     0.0
 Etot   =     -1731.8355  EKtot   =      1347.8837  EPtot      =     -3079.7192
 BOND   =       376.4807  ANGLE   =       988.0927  DIHED      =      1389.9662
 1-4 NB =       391.1710  1-4 EEL =      4404.5975  VDWAALS    =      -764.0082
 EELEC  =     -7845.6600  EGB     =     -2145.0266  RESTRAINT  =        70.4295
 EAMBER (non-restraint)  =     -3150.1487
 ESURF=        54.2380
 ------------------------------------------------------------------------------


 NSTEP =    65000   TIME(PS) =    1130.000  TEMP(K) =   304.56  PRESS =     0.0
 Etot   =     -1706.0159  EKtot   =      1361.7327  EPtot      =     -3067.7487
 BOND   =       394.9945  ANGLE   =      1010.6933  DIHED      =      1394.2811
 1-4 NB =       374.8071  1-4 EEL =      4366.5226  VDWAALS    =      -781.4730
 EELEC  =     -7850.7160  EGB     =     -2095.7396  RESTRAINT  =        65.5970
 EAMBER (non-restraint)  =     -3133.3456
 ESURF=        53.2843
 ------------------------------------------------------------------------------


 NSTEP =    70000   TIME(PS) =    1140.000  TEMP(K) =   303.80  PRESS =     0.0
 Etot   =     -1695.8574  EKtot   =      1358.3255  EPtot      =     -3054.1830
 BOND   =       390.0761  ANGLE   =      1023.1568  DIHED      =      1376.8496
 1-4 NB =       382.7254  1-4 EEL =      4380.2797  VDWAALS    =      -792.4631
 EELEC  =     -7796.3654  EGB     =     -2149.4561  RESTRAINT  =        77.9690
 EAMBER (non-restraint)  =     -3132.1520
 ESURF=        53.0450
 ------------------------------------------------------------------------------


 NSTEP =    75000   TIME(PS) =    1150.000  TEMP(K) =   300.04  PRESS =     0.0
 Etot   =     -1733.1131  EKtot   =      1341.5464  EPtot      =     -3074.6594
 BOND   =       368.9902  ANGLE   =      1013.3545  DIHED      =      1426.3964
 1-4 NB =       369.6543  1-4 EEL =      4386.9331  VDWAALS    =      -804.0500
 EELEC  =     -7874.2272  EGB     =     -2087.7189  RESTRAINT  =        72.3044
 EAMBER (non-restraint)  =     -3146.9638
 ESURF=        53.7039
 ------------------------------------------------------------------------------


 NSTEP =    80000   TIME(PS) =    1160.000  TEMP(K) =   296.28  PRESS =     0.0
 Etot   =     -1744.6226  EKtot   =      1324.7032  EPtot      =     -3069.3258
 BOND   =       380.4886  ANGLE   =      1021.9873  DIHED      =      1404.8232
 1-4 NB =       369.0364  1-4 EEL =      4358.4496  VDWAALS    =      -795.5923
 EELEC  =     -7779.4855  EGB     =     -2156.1883  RESTRAINT  =        72.7499
 EAMBER (non-restraint)  =     -3142.0757
 ESURF=        54.4054
 ------------------------------------------------------------------------------


 NSTEP =    85000   TIME(PS) =    1170.000  TEMP(K) =   294.69  PRESS =     0.0
 Etot   =     -1721.4258  EKtot   =      1317.5960  EPtot      =     -3039.0218
 BOND   =       382.8086  ANGLE   =      1006.4168  DIHED      =      1453.3145
 1-4 NB =       370.9556  1-4 EEL =      4341.1769  VDWAALS    =      -791.7747
 EELEC  =     -7718.3800  EGB     =     -2206.8565  RESTRAINT  =        68.3014
 EAMBER (non-restraint)  =     -3107.3232
 ESURF=        55.0156
 ------------------------------------------------------------------------------


 NSTEP =    90000   TIME(PS) =    1180.000  TEMP(K) =   310.39  PRESS =     0.0
 Etot   =     -1657.0316  EKtot   =      1387.8148  EPtot      =     -3044.8464
 BOND   =       377.3020  ANGLE   =      1020.4384  DIHED      =      1415.0773
 1-4 NB =       390.7750  1-4 EEL =      4391.5533  VDWAALS    =      -785.7724
 EELEC  =     -7828.9854  EGB     =     -2147.9609  RESTRAINT  =        68.8061
 EAMBER (non-restraint)  =     -3113.6524
 ESURF=        53.9204
 ------------------------------------------------------------------------------


 NSTEP =    95000   TIME(PS) =    1190.000  TEMP(K) =   306.93  PRESS =     0.0
 Etot   =     -1695.3880  EKtot   =      1372.3598  EPtot      =     -3067.7478
 BOND   =       374.4773  ANGLE   =      1014.3156  DIHED      =      1397.8091
 1-4 NB =       392.2350  1-4 EEL =      4364.9627  VDWAALS    =      -770.9815
 EELEC  =     -7767.7737  EGB     =     -2195.0985  RESTRAINT  =        66.8514
 EAMBER (non-restraint)  =     -3134.5992
 ESURF=        55.4549
 ------------------------------------------------------------------------------


 NSTEP =   100000   TIME(PS) =    1200.000  TEMP(K) =   302.43  PRESS =     0.0
 Etot   =     -1758.9603  EKtot   =      1352.2357  EPtot      =     -3111.1960
 BOND   =       333.4711  ANGLE   =      1005.7993  DIHED      =      1420.9987
 1-4 NB =       383.1407  1-4 EEL =      4433.7637  VDWAALS    =      -786.3281
 EELEC  =     -7908.4606  EGB     =     -2118.0569  RESTRAINT  =        70.4772
 EAMBER (non-restraint)  =     -3181.6732
 ESURF=        53.9990
 ------------------------------------------------------------------------------


 NSTEP =   105000   TIME(PS) =    1210.000  TEMP(K) =   311.81  PRESS =     0.0
 Etot   =     -1670.8751  EKtot   =      1394.1749  EPtot      =     -3065.0501
 BOND   =       343.2385  ANGLE   =      1021.5800  DIHED      =      1414.6108
 1-4 NB =       383.2773  1-4 EEL =      4409.5022  VDWAALS    =      -755.2898
 EELEC  =     -7867.9543  EGB     =     -2144.7478  RESTRAINT  =        74.9358
 EAMBER (non-restraint)  =     -3139.9859
 ESURF=        55.7974
 ------------------------------------------------------------------------------


 NSTEP =   110000   TIME(PS) =    1220.000  TEMP(K) =   306.61  PRESS =     0.0
 Etot   =     -1717.7013  EKtot   =      1370.9184  EPtot      =     -3088.6196
 BOND   =       341.1205  ANGLE   =      1002.3189  DIHED      =      1429.5787
 1-4 NB =       375.6697  1-4 EEL =      4377.5925  VDWAALS    =      -802.4458
 EELEC  =     -7803.7174  EGB     =     -2149.4431  RESTRAINT  =        86.5842
 EAMBER (non-restraint)  =     -3175.2038
 ESURF=        54.1221
 ------------------------------------------------------------------------------


 NSTEP =   115000   TIME(PS) =    1230.000  TEMP(K) =   300.86  PRESS =     0.0
 Etot   =     -1707.6851  EKtot   =      1345.2176  EPtot      =     -3052.9027
 BOND   =       367.8155  ANGLE   =      1033.6083  DIHED      =      1422.9753
 1-4 NB =       387.6025  1-4 EEL =      4382.6158  VDWAALS    =      -789.6427
 EELEC  =     -7837.4158  EGB     =     -2154.5102  RESTRAINT  =        79.9780
 EAMBER (non-restraint)  =     -3132.8807
 ESURF=        54.0706
 ------------------------------------------------------------------------------


 NSTEP =   120000   TIME(PS) =    1240.000  TEMP(K) =   301.82  PRESS =     0.0
 Etot   =     -1768.9309  EKtot   =      1349.4980  EPtot      =     -3118.4289
 BOND   =       341.9780  ANGLE   =       962.7783  DIHED      =      1415.6574
 1-4 NB =       389.5393  1-4 EEL =      4390.7025  VDWAALS    =      -801.4908
 EELEC  =     -7839.8932  EGB     =     -2108.0611  RESTRAINT  =        77.0499
 EAMBER (non-restraint)  =     -3195.4788
 ESURF=        53.3107
 ------------------------------------------------------------------------------


 NSTEP =   125000   TIME(PS) =    1250.000  TEMP(K) =   287.46  PRESS =     0.0
 Etot   =     -1798.3596  EKtot   =      1285.2715  EPtot      =     -3083.6311
 BOND   =       363.2325  ANGLE   =      1016.4444  DIHED      =      1392.1374
 1-4 NB =       371.9618  1-4 EEL =      4388.7399  VDWAALS    =      -785.5715
 EELEC  =     -7878.7027  EGB     =     -2088.7188  RESTRAINT  =        83.4892
 EAMBER (non-restraint)  =     -3167.1203
 ESURF=        53.3567
 ------------------------------------------------------------------------------


      A V E R A G E S   O V E R      25 S T E P S


 NSTEP =   125000   TIME(PS) =    1250.000  TEMP(K) =   300.67  PRESS =     0.0
 Etot   =     -1724.0190  EKtot   =      1344.3696  EPtot      =     -3068.3886
 BOND   =       366.0642  ANGLE   =      1013.1875  DIHED      =      1409.6356
 1-4 NB =       383.3644  1-4 EEL =      4374.4040  VDWAALS    =      -784.3634
 EELEC  =     -7828.8463  EGB     =     -2128.9007  RESTRAINT  =        73.3145
 EAMBER (non-restraint)  =     -3141.7032
 ESURF=        53.7517
 ------------------------------------------------------------------------------


      R M S  F L U C T U A T I O N S


 NSTEP =   125000   TIME(PS) =    1250.000  TEMP(K) =     5.69  PRESS =     0.0
 Etot   =        36.7069  EKtot   =        25.4505  EPtot      =        26.6002
 BOND   =        18.0543  ANGLE   =        18.8434  DIHED      =        17.4498
 1-4 NB =         8.3572  1-4 EEL =        21.5436  VDWAALS    =        12.1985
 EELEC  =        51.6714  EGB     =        43.0824  RESTRAINT  =         5.2837
 EAMBER (non-restraint)  =        21.3165
 ESURF=         1.0258
 ------------------------------------------------------------------------------

--------------------------------------------------------------------------------
   5.  TIMINGS
--------------------------------------------------------------------------------

|  NonSetup CPU Time in Major Routines:
|
|     Routine           Sec        %
|     ------------------------------
|     Nonbond       14491.86   98.56
|     Bond              1.43    0.01
|     Angle            24.11    0.16
|     Dihedral        142.04    0.97
|     Shake             6.46    0.04
|     RunMD            37.62    0.26
|     Other             0.06    0.00
|     ------------------------------
|     Total         14703.58

|  Generalized Born CPU Time:
|
|     Routine                 Sec        %
|     ------------------------------------
|     Radii Calc           3350.81   22.79
|     Diagonal Calc        6173.83   41.99
|     Off Diagonal Calc    4957.82   33.72
|     GBSA LCPO Calc          0.07    0.00
|     ---------------------------------
|     Total               14482.46   98.50

|  Final Performance Info:
|     -----------------------------------------------------
|     Average timings for last       1 steps:
|     Elapsed(s) =       0.00 Per Step(ms) =       0.10
|         ns/day =    1693.27   seconds/ns =      51.03
|
|     Average timings for all steps:
|     Elapsed(s) =   27576.58 Per Step(ms) =     220.61
|         ns/day =       0.78   seconds/ns =  110306.33
|     -----------------------------------------------------

|  Setup CPU time:            0.02 seconds
|  NonSetup CPU time:     14703.58 seconds
|  Total CPU time:        14703.60 seconds     4.08 hours

|  Setup wall time:           0    seconds
|  NonSetup wall time:    27577    seconds
|  Total wall time:       27577    seconds     7.66 hours
