
          -------------------------------------------------------
          Amber 22 PMEMD                              2022
          -------------------------------------------------------

| PMEMD implementation of SANDER, Release 22

|  Compiled date/time: Thu Apr 14 23:36:37 2022
| Run on 01/09/2024 at 10:37:42

|   Executable path: pmemd
| Working directory: /home/arul/Reegina/MD_Sim/set2_group/1DIV_info
|          Hostname: Unknown
  [-O]verwriting output

File Assignments:
|   MDIN: eq2.in                                                                
|  MDOUT: eq2.out                                                               
| INPCRD: eq1.rst7                                                              
|   PARM: 1DIV.hmass.parm7                                                      
| RESTRT: eq2.rst7                                                              
|   REFC: eq1.rst7                                                              
|  MDVEL: mdvel                                                                 
|   MDEN: mden                                                                  
|  MDCRD: eq2.crd                                                               
| MDINFO: eq2.info                                                              
|  MDFRC: mdfrc                                                                 


 Here is the input file:

&cntrl                                                                         
   ntx = 5,                                                                    
   ntwx = 5000, ntwe = 0, ntwr = 500,                                          
   ntpr = 5000,                                                                
                                                                               
   ioutfm=0, ntxo=1,                                                           
                                                                               
   imin = 0, nstlim = 125000, dt = 0.002,                                      
                                                                               
   ntt = 3, gamma_ln=1., temp0 = 300.0,                                        
   nscm = 1000, ig = -1, irest = 1,                                            
                                                                               
   ntc= 2, ntf = 2, cut = 1000,                                                
                                                                               
   igb=8, gbsa=3, surften=0.007, ntb = 0,                                      
   saltcon=0.,                                                                 
                                                                               
   ntr=1, restraintmask="@CA,N,C,O",                                           
   restraint_wt=0.1,                                                           
 /                                                                             


Note: ig = -1. Setting random seed to   163024 based on wallclock time in 
      microseconds.
| irandom = 1, using AMBER's internal random number generator (default).
 
| Conditional Compilation Defines Used:
| PUBFFT
| BINTRAJ
| EMIL

| New format PARM file being parsed.
| Version =    1.000 Date = 12/30/23 Time = 23:53:57

| Note: 1-4 EEL scale factors are being read from the topology file.

| Note: 1-4 VDW scale factors are being read from the topology file.
| INFO:    Reading atomic numbers from topology file.
| Duplicated    0 dihedrals

| Duplicated    0 dihedrals

--------------------------------------------------------------------------------
   1.  RESOURCE   USE: 
--------------------------------------------------------------------------------

 NATOM  =    2382 NTYPES =      14 NBONH =    1233 MBONA  =    1161
 NTHETH =    2831 MTHETA =    1554 NPHIH =    5497 MPHIA  =    4882
 NHPARM =       0 NPARM  =       0 NNB   =   13223 NRES   =     149
 NBONA  =    1161 NTHETA =    1554 NPHIA =    4882 NUMBND =      55
 NUMANG =     130 NPTRA  =     161 NATYP =      27 NPHB   =       0
 IFBOX  =       0 NMXRS  =      24 IFCAP =       0 NEXTRA =       0
 NCOPY  =       0

 Implicit solvent radii are ArgH and AspGluO modified Bondi2 radii (mbondi3)                                
 Replacing prmtop screening parameters with GBn2 (igb=8) values
--------------------------------------------------------------------------------
   2.  CONTROL  DATA  FOR  THE  RUN
--------------------------------------------------------------------------------

default_name                                                                    

General flags:
     imin    =       0, nmropt  =       0

Nature and format of input:
     ntx     =       5, irest   =       1, ntrx    =       1

Nature and format of output:
     ntxo    =       1, ntpr    =    5000, ntrx    =       1, ntwr    =     500
     iwrap   =       0, ntwx    =    5000, ntwv    =       0, ntwe    =       0
     ioutfm  =       0, ntwprt  =       0, idecomp =       0, rbornstat=      0

Potential function:
     ntf     =       2, ntb     =       0, igb     =       8, nsnb    =      25
     ipol    =       0, gbsa    =       3, iesp    =       0
     dielc   =   1.00000, cut     =1000.00000, intdiel =   1.00000
     saltcon =   0.00000, offset  =   0.19514, surften =   0.00700
     rdt     =   0.00000, rgbmax  =  25.00000  extdiel =  78.50000
     alpb  =        0
     gbalphaH  =   0.78844, gbbetaH   =   0.79870,  gbgammaH  =    0.43733
     gbalphaC  =   0.73376, gbbetaC   =   0.50638,  gbgammaC  =    0.20584
     gbalphaN  =   0.50336, gbbetaN   =   0.31683,  gbgammaN  =    0.19292
     gbalphaOS =   0.86781, gbbetaOS  =   0.87664,  gbgammaOS =    0.38788
     gbalphaP  =   1.00000, gbbetaP   =   0.80000,  gbgammaP  =    4.85000
     gb_alpha_hnu  =   0.53705, gb_beta_hnu   =   0.36286,  gb_gamma_hnu  =    0.11670
     gb_alpha_cnu  =   0.33167, gb_beta_cnu   =   0.19684,  gb_gamma_cnu  =    0.09342
     gb_alpha_nnu  =   0.68631, gb_beta_nnu   =   0.46319,  gb_gamma_nnu  =    0.13872
     gb_alpha_onu  =   0.60634, gb_beta_onu   =   0.46301,  gb_gamma_onu  =    0.14226
     gb_alpha_pnu  =   0.41836, gb_beta_pnu   =   0.29005,  gb_gamma_pnu  =    0.10642

Frozen or restrained atoms:
     ibelly  =       0, ntr     =       1
     restraint_wt =   0.10000

Molecular dynamics:
     nstlim  =    125000, nscm    =         0, nrespa  =         1
     t       =   0.00000, dt      =   0.00200, vlimit  =  20.00000

Langevin dynamics temperature regulation:
     ig      =  163024
     temp0   = 300.00000, tempi   =   0.00000, gamma_ln=   1.00000

SHAKE:
     ntc     =       2, jfastw  =       0
     tol     =   0.00001

| Intermolecular bonds treatment:
|     no_intermolecular_bonds =       1

| Energy averages sample interval:
|     ene_avg_sampling =    5000

    LOADING THE CONSTRAINED ATOMS AS GROUPS


   5.  REFERENCE ATOM COORDINATES

  default_name                                                                    
     Mask @CA,N,C,O; matches   596 atoms

--------------------------------------------------------------------------------
   3.  ATOMIC COORDINATES AND VELOCITIES
--------------------------------------------------------------------------------

default_name                                                                    
 begin time read from input coords =  1211.000 ps

 
 Number of triangulated 3-point waters found:        0
| Dynamic Memory, Types Used:
| Reals               82032
| Integers           282043

--------------------------------------------------------------------------------
   4.  RESULTS
--------------------------------------------------------------------------------


 NSTEP =     5000   TIME(PS) =    1221.000  TEMP(K) =   301.21  PRESS =     0.0
 Etot   =     -1395.3206  EKtot   =      1769.6213  EPtot      =     -3164.9419
 BOND   =       434.1772  ANGLE   =      1270.3746  DIHED      =      1848.7665
 1-4 NB =       508.1780  1-4 EEL =      7637.8442  VDWAALS    =      -997.1948
 EELEC  =    -10301.4210  EGB     =     -3660.1999  RESTRAINT  =        19.9498
 EAMBER (non-restraint)  =     -3184.8917
 ESURF=        74.5834
 ------------------------------------------------------------------------------


 NSTEP =    10000   TIME(PS) =    1231.000  TEMP(K) =   291.70  PRESS =     0.0
 Etot   =     -1504.7821  EKtot   =      1713.7941  EPtot      =     -3218.5762
 BOND   =       448.5066  ANGLE   =      1212.1918  DIHED      =      1840.8975
 1-4 NB =       509.1684  1-4 EEL =      7586.3503  VDWAALS    =      -995.6895
 EELEC  =    -10274.5750  EGB     =     -3642.8463  RESTRAINT  =        23.9654
 EAMBER (non-restraint)  =     -3242.5416
 ESURF=        73.4546
 ------------------------------------------------------------------------------


 NSTEP =    15000   TIME(PS) =    1241.000  TEMP(K) =   305.85  PRESS =     0.0
 Etot   =     -1383.9689  EKtot   =      1796.9162  EPtot      =     -3180.8851
 BOND   =       460.1085  ANGLE   =      1195.4151  DIHED      =      1896.5307
 1-4 NB =       500.4984  1-4 EEL =      7596.9410  VDWAALS    =      -999.3667
 EELEC  =    -10255.5425  EGB     =     -3680.0588  RESTRAINT  =        31.7630
 EAMBER (non-restraint)  =     -3212.6481
 ESURF=        72.8264
 ------------------------------------------------------------------------------


 NSTEP =    20000   TIME(PS) =    1251.000  TEMP(K) =   303.92  PRESS =     0.0
 Etot   =     -1327.5011  EKtot   =      1785.5797  EPtot      =     -3113.0809
 BOND   =       464.4507  ANGLE   =      1301.8871  DIHED      =      1869.1616
 1-4 NB =       480.9984  1-4 EEL =      7563.0232  VDWAALS    =      -989.0846
 EELEC  =    -10228.7421  EGB     =     -3677.8452  RESTRAINT  =        29.6692
 EAMBER (non-restraint)  =     -3142.7501
 ESURF=        73.4009
 ------------------------------------------------------------------------------


 NSTEP =    25000   TIME(PS) =    1261.000  TEMP(K) =   286.49  PRESS =     0.0
 Etot   =     -1483.5028  EKtot   =      1683.1524  EPtot      =     -3166.6553
 BOND   =       447.4183  ANGLE   =      1263.2358  DIHED      =      1852.0366
 1-4 NB =       496.2247  1-4 EEL =      7558.9572  VDWAALS    =      -994.3679
 EELEC  =    -10272.7991  EGB     =     -3620.6430  RESTRAINT  =        29.5143
 EAMBER (non-restraint)  =     -3196.1696
 ESURF=        73.7678
 ------------------------------------------------------------------------------


 NSTEP =    30000   TIME(PS) =    1271.000  TEMP(K) =   309.89  PRESS =     0.0
 Etot   =     -1379.6662  EKtot   =      1820.6246  EPtot      =     -3200.2908
 BOND   =       425.0275  ANGLE   =      1197.6405  DIHED      =      1864.9017
 1-4 NB =       502.2788  1-4 EEL =      7650.2102  VDWAALS    =     -1002.4589
 EELEC  =    -10234.3510  EGB     =     -3705.3807  RESTRAINT  =        28.6861
 EAMBER (non-restraint)  =     -3228.9769
 ESURF=        73.1551
 ------------------------------------------------------------------------------


 NSTEP =    35000   TIME(PS) =    1281.000  TEMP(K) =   300.61  PRESS =     0.0
 Etot   =     -1326.8331  EKtot   =      1766.1360  EPtot      =     -3092.9691
 BOND   =       449.4865  ANGLE   =      1289.8512  DIHED      =      1888.9080
 1-4 NB =       503.3529  1-4 EEL =      7642.7524  VDWAALS    =      -994.0419
 EELEC  =    -10272.0012  EGB     =     -3705.8958  RESTRAINT  =        31.6227
 EAMBER (non-restraint)  =     -3124.5918
 ESURF=        72.9960
 ------------------------------------------------------------------------------


 NSTEP =    40000   TIME(PS) =    1291.000  TEMP(K) =   300.02  PRESS =     0.0
 Etot   =     -1481.2297  EKtot   =      1762.6618  EPtot      =     -3243.8915
 BOND   =       428.5407  ANGLE   =      1218.1051  DIHED      =      1829.1721
 1-4 NB =       516.0444  1-4 EEL =      7622.3652  VDWAALS    =     -1020.9591
 EELEC  =    -10233.9974  EGB     =     -3704.8046  RESTRAINT  =        30.9626
 EAMBER (non-restraint)  =     -3274.8541
 ESURF=        70.6795
 ------------------------------------------------------------------------------


 NSTEP =    45000   TIME(PS) =    1301.000  TEMP(K) =   301.69  PRESS =     0.0
 Etot   =     -1373.6974  EKtot   =      1772.4829  EPtot      =     -3146.1804
 BOND   =       456.5585  ANGLE   =      1209.5986  DIHED      =      1852.1727
 1-4 NB =       514.8029  1-4 EEL =      7649.6912  VDWAALS    =      -986.4143
 EELEC  =    -10176.5342  EGB     =     -3764.5798  RESTRAINT  =        24.8185
 EAMBER (non-restraint)  =     -3170.9989
 ESURF=        73.7056
 ------------------------------------------------------------------------------


 NSTEP =    50000   TIME(PS) =    1311.000  TEMP(K) =   297.41  PRESS =     0.0
 Etot   =     -1449.0318  EKtot   =      1747.3304  EPtot      =     -3196.3622
 BOND   =       435.2972  ANGLE   =      1205.7446  DIHED      =      1852.4588
 1-4 NB =       505.3450  1-4 EEL =      7610.1294  VDWAALS    =     -1011.4406
 EELEC  =    -10223.1804  EGB     =     -3674.1683  RESTRAINT  =        31.1607
 EAMBER (non-restraint)  =     -3227.5228
 ESURF=        72.2914
 ------------------------------------------------------------------------------


 NSTEP =    55000   TIME(PS) =    1321.000  TEMP(K) =   297.74  PRESS =     0.0
 Etot   =     -1407.1045  EKtot   =      1749.2422  EPtot      =     -3156.3468
 BOND   =       460.4899  ANGLE   =      1256.8151  DIHED      =      1880.7721
 1-4 NB =       485.3040  1-4 EEL =      7605.8033  VDWAALS    =     -1021.2415
 EELEC  =    -10251.3335  EGB     =     -3675.9229  RESTRAINT  =        32.9364
 EAMBER (non-restraint)  =     -3189.2832
 ESURF=        70.0303
 ------------------------------------------------------------------------------


 NSTEP =    60000   TIME(PS) =    1331.000  TEMP(K) =   293.09  PRESS =     0.0
 Etot   =     -1457.5420  EKtot   =      1721.9660  EPtot      =     -3179.5080
 BOND   =       464.4784  ANGLE   =      1235.0940  DIHED      =      1865.5178
 1-4 NB =       503.0093  1-4 EEL =      7588.4302  VDWAALS    =      -994.1162
 EELEC  =    -10313.6708  EGB     =     -3625.8385  RESTRAINT  =        26.0165
 EAMBER (non-restraint)  =     -3205.5245
 ESURF=        71.5712
 ------------------------------------------------------------------------------


 NSTEP =    65000   TIME(PS) =    1341.000  TEMP(K) =   296.07  PRESS =     0.0
 Etot   =     -1488.2223  EKtot   =      1739.4230  EPtot      =     -3227.6453
 BOND   =       439.2076  ANGLE   =      1195.2244  DIHED      =      1869.8351
 1-4 NB =       508.9425  1-4 EEL =      7636.1097  VDWAALS    =     -1006.2829
 EELEC  =    -10331.7522  EGB     =     -3637.6845  RESTRAINT  =        27.2362
 EAMBER (non-restraint)  =     -3254.8815
 ESURF=        71.5189
 ------------------------------------------------------------------------------


 NSTEP =    70000   TIME(PS) =    1351.000  TEMP(K) =   288.85  PRESS =     0.0
 Etot   =     -1430.1045  EKtot   =      1697.0586  EPtot      =     -3127.1631
 BOND   =       492.4173  ANGLE   =      1220.5155  DIHED      =      1872.6213
 1-4 NB =       499.4308  1-4 EEL =      7623.9473  VDWAALS    =     -1004.0522
 EELEC  =    -10277.8805  EGB     =     -3663.3136  RESTRAINT  =        37.3154
 EAMBER (non-restraint)  =     -3164.4785
 ESURF=        71.8357
 ------------------------------------------------------------------------------


 NSTEP =    75000   TIME(PS) =    1361.000  TEMP(K) =   303.41  PRESS =     0.0
 Etot   =     -1391.7851  EKtot   =      1782.5585  EPtot      =     -3174.3437
 BOND   =       465.6665  ANGLE   =      1190.1755  DIHED      =      1872.2714
 1-4 NB =       500.7313  1-4 EEL =      7629.3173  VDWAALS    =     -1001.0228
 EELEC  =    -10297.8605  EGB     =     -3629.8389  RESTRAINT  =        24.9935
 EAMBER (non-restraint)  =     -3199.3372
 ESURF=        71.2230
 ------------------------------------------------------------------------------


 NSTEP =    80000   TIME(PS) =    1371.000  TEMP(K) =   307.02  PRESS =     0.0
 Etot   =     -1371.3362  EKtot   =      1803.7664  EPtot      =     -3175.1026
 BOND   =       434.2472  ANGLE   =      1247.3620  DIHED      =      1858.9369
 1-4 NB =       512.3370  1-4 EEL =      7622.6061  VDWAALS    =     -1016.2969
 EELEC  =    -10263.5185  EGB     =     -3670.4915  RESTRAINT  =        28.4793
 EAMBER (non-restraint)  =     -3203.5819
 ESURF=        71.2358
 ------------------------------------------------------------------------------


 NSTEP =    85000   TIME(PS) =    1381.000  TEMP(K) =   300.91  PRESS =     0.0
 Etot   =     -1415.0029  EKtot   =      1767.8926  EPtot      =     -3182.8955
 BOND   =       452.7876  ANGLE   =      1231.2482  DIHED      =      1851.7802
 1-4 NB =       505.6053  1-4 EEL =      7648.3352  VDWAALS    =      -999.3205
 EELEC  =    -10306.7997  EGB     =     -3664.3164  RESTRAINT  =        26.0924
 EAMBER (non-restraint)  =     -3208.9878
 ESURF=        71.6924
 ------------------------------------------------------------------------------


 NSTEP =    90000   TIME(PS) =    1391.000  TEMP(K) =   313.26  PRESS =     0.0
 Etot   =     -1396.8665  EKtot   =      1840.4146  EPtot      =     -3237.2811
 BOND   =       436.2455  ANGLE   =      1224.7721  DIHED      =      1836.7995
 1-4 NB =       486.6689  1-4 EEL =      7583.7564  VDWAALS    =     -1030.1743
 EELEC  =    -10115.8004  EGB     =     -3762.9867  RESTRAINT  =        32.3712
 EAMBER (non-restraint)  =     -3269.6524
 ESURF=        71.0667
 ------------------------------------------------------------------------------


 NSTEP =    95000   TIME(PS) =    1401.000  TEMP(K) =   305.24  PRESS =     0.0
 Etot   =     -1421.9782  EKtot   =      1793.3157  EPtot      =     -3215.2938
 BOND   =       419.0105  ANGLE   =      1206.6990  DIHED      =      1856.9577
 1-4 NB =       503.9295  1-4 EEL =      7629.4600  VDWAALS    =      -993.7873
 EELEC  =    -10184.3932  EGB     =     -3757.8133  RESTRAINT  =        31.5302
 EAMBER (non-restraint)  =     -3246.8240
 ESURF=        73.1132
 ------------------------------------------------------------------------------


 NSTEP =   100000   TIME(PS) =    1411.000  TEMP(K) =   300.12  PRESS =     0.0
 Etot   =     -1451.5747  EKtot   =      1763.2390  EPtot      =     -3214.8137
 BOND   =       468.6991  ANGLE   =      1205.1541  DIHED      =      1859.3174
 1-4 NB =       481.7288  1-4 EEL =      7605.8598  VDWAALS    =      -999.9453
 EELEC  =    -10250.8175  EGB     =     -3688.7238  RESTRAINT  =        30.0993
 EAMBER (non-restraint)  =     -3244.9130
 ESURF=        73.8145
 ------------------------------------------------------------------------------


 NSTEP =   105000   TIME(PS) =    1421.000  TEMP(K) =   303.07  PRESS =     0.0
 Etot   =     -1378.4453  EKtot   =      1780.5611  EPtot      =     -3159.0064
 BOND   =       477.1864  ANGLE   =      1238.2741  DIHED      =      1878.9568
 1-4 NB =       489.3904  1-4 EEL =      7607.9231  VDWAALS    =      -997.8143
 EELEC  =    -10301.6975  EGB     =     -3655.3555  RESTRAINT  =        30.9824
 EAMBER (non-restraint)  =     -3189.9888
 ESURF=        73.1477
 ------------------------------------------------------------------------------


 NSTEP =   110000   TIME(PS) =    1431.000  TEMP(K) =   300.28  PRESS =     0.0
 Etot   =     -1478.1157  EKtot   =      1764.1642  EPtot      =     -3242.2799
 BOND   =       447.5313  ANGLE   =      1170.1488  DIHED      =      1883.2703
 1-4 NB =       502.5107  1-4 EEL =      7596.1194  VDWAALS    =     -1023.4495
 EELEC  =    -10229.7083  EGB     =     -3681.4743  RESTRAINT  =        23.4299
 EAMBER (non-restraint)  =     -3265.7098
 ESURF=        69.3418
 ------------------------------------------------------------------------------


 NSTEP =   115000   TIME(PS) =    1441.000  TEMP(K) =   303.82  PRESS =     0.0
 Etot   =     -1375.5437  EKtot   =      1784.9933  EPtot      =     -3160.5370
 BOND   =       464.7674  ANGLE   =      1243.7549  DIHED      =      1847.0425
 1-4 NB =       490.0296  1-4 EEL =      7610.2389  VDWAALS    =      -992.5247
 EELEC  =    -10262.1669  EGB     =     -3669.0320  RESTRAINT  =        36.7624
 EAMBER (non-restraint)  =     -3197.2994
 ESURF=        70.5909
 ------------------------------------------------------------------------------


 NSTEP =   120000   TIME(PS) =    1451.000  TEMP(K) =   297.94  PRESS =     0.0
 Etot   =     -1414.0839  EKtot   =      1750.4662  EPtot      =     -3164.5501
 BOND   =       471.0776  ANGLE   =      1249.4163  DIHED      =      1846.3249
 1-4 NB =       497.1510  1-4 EEL =      7518.2530  VDWAALS    =     -1006.4057
 EELEC  =    -10150.3860  EGB     =     -3696.0552  RESTRAINT  =        30.8064
 EAMBER (non-restraint)  =     -3195.3565
 ESURF=        75.2676
 ------------------------------------------------------------------------------


 NSTEP =   125000   TIME(PS) =    1461.000  TEMP(K) =   295.51  PRESS =     0.0
 Etot   =     -1442.3980  EKtot   =      1736.1359  EPtot      =     -3178.5339
 BOND   =       445.0899  ANGLE   =      1215.2538  DIHED      =      1883.7507
 1-4 NB =       508.8217  1-4 EEL =      7629.1511  VDWAALS    =     -1014.8644
 EELEC  =    -10288.8654  EGB     =     -3656.9500  RESTRAINT  =        30.7200
 EAMBER (non-restraint)  =     -3209.2539
 ESURF=        69.3587
 ------------------------------------------------------------------------------


      A V E R A G E S   O V E R      25 S T E P S


 NSTEP =   125000   TIME(PS) =    1461.000  TEMP(K) =   300.20  PRESS =     0.0
 Etot   =     -1417.0255  EKtot   =      1763.7399  EPtot      =     -3180.7654
 BOND   =       451.5390  ANGLE   =      1227.7581  DIHED      =      1862.3664
 1-4 NB =       500.4993  1-4 EEL =      7610.1430  VDWAALS    =     -1003.6927
 EELEC  =    -10251.9918  EGB     =     -3678.8888  RESTRAINT  =        29.2753
 EAMBER (non-restraint)  =     -3210.0407
 ESURF=        72.2268
 ------------------------------------------------------------------------------


      R M S  F L U C T U A T I O N S


 NSTEP =   125000   TIME(PS) =    1461.000  TEMP(K) =     6.05  PRESS =     0.0
 Etot   =        47.8247  EKtot   =        35.5433  EPtot      =        38.0530
 BOND   =        17.3461  ANGLE   =        31.3819  DIHED      =        16.8122
 1-4 NB =         9.7211  1-4 EEL =        31.0879  VDWAALS    =        11.4255
 EELEC  =        51.1661  EGB     =        38.3644  RESTRAINT  =         3.9422
 EAMBER (non-restraint)  =        34.1108
 ESURF=         1.5410
 ------------------------------------------------------------------------------

--------------------------------------------------------------------------------
   5.  TIMINGS
--------------------------------------------------------------------------------

|  NonSetup CPU Time in Major Routines:
|
|     Routine           Sec        %
|     ------------------------------
|     Nonbond       20614.74   98.61
|     Bond              2.00    0.01
|     Angle            33.94    0.16
|     Dihedral        192.28    0.92
|     Shake             9.83    0.05
|     RunMD            52.94    0.25
|     Other             0.07    0.00
|     ------------------------------
|     Total         20905.79

|  Generalized Born CPU Time:
|
|     Routine                 Sec        %
|     ------------------------------------
|     Radii Calc           3941.42   18.85
|     Diagonal Calc        7476.43   35.76
|     Off Diagonal Calc    9183.17   43.93
|     GBSA LCPO Calc          0.09    0.00
|     ---------------------------------
|     Total               20601.02   98.54

|  Final Performance Info:
|     -----------------------------------------------------
|     Average timings for last       1 steps:
|     Elapsed(s) =       0.00 Per Step(ms) =       0.10
|         ns/day =    1661.48   seconds/ns =      52.00
|
|     Average timings for all steps:
|     Elapsed(s) =  115821.73 Per Step(ms) =     926.57
|         ns/day =       0.19   seconds/ns =  463286.94
|     -----------------------------------------------------

|  Setup CPU time:            0.03 seconds
|  NonSetup CPU time:     20905.79 seconds
|  Total CPU time:        20905.82 seconds     5.81 hours

|  Setup wall time:           0    seconds
|  NonSetup wall time:   115822    seconds
|  Total wall time:      115822    seconds    32.17 hours
