
          -------------------------------------------------------
          Amber 22 PMEMD                              2022
          -------------------------------------------------------

| PMEMD implementation of SANDER, Release 22

|  Compiled date/time: Thu Apr 14 23:36:37 2022
| Run on 12/22/2023 at 14:16:32

|   Executable path: pmemd
| Working directory: /home/arul/Reegina/MD_Sim/sample/1E0L_info
|          Hostname: Unknown
  [-O]verwriting output

File Assignments:
|   MDIN: eq2.in                                                                
|  MDOUT: eq2.out                                                               
| INPCRD: eq1.rst7                                                              
|   PARM: 1E0L.hmass.parm7                                                      
| RESTRT: eq2.rst7                                                              
|   REFC: eq1.rst7                                                              
|  MDVEL: mdvel                                                                 
|   MDEN: mden                                                                  
|  MDCRD: eq2.crd                                                               
| MDINFO: eq2.info                                                              
|  MDFRC: mdfrc                                                                 


 Here is the input file:

&cntrl                                                                         
   ntx = 5,                                                                    
   ntwx = 5000, ntwe = 0, ntwr = 500,                                          
   ntpr = 5000,                                                                
                                                                               
   ioutfm=0, ntxo=1,                                                           
                                                                               
   imin = 0, nstlim = 125000, dt = 0.002,                                      
                                                                               
   ntt = 3, gamma_ln=1., temp0 = 300.0,                                        
   nscm = 1000, ig = -1, irest = 1,                                            
                                                                               
   ntc= 2, ntf = 2, cut = 1000,                                                
                                                                               
   igb=8, gbsa=3, surften=0.007, ntb = 0,                                      
   saltcon=0.,                                                                 
                                                                               
   ntr=1, restraintmask="@CA,N,C,O",                                           
   restraint_wt=0.1,                                                           
 /                                                                             


Note: ig = -1. Setting random seed to   678188 based on wallclock time in 
      microseconds.
| irandom = 1, using AMBER's internal random number generator (default).
 
| Conditional Compilation Defines Used:
| PUBFFT
| BINTRAJ
| EMIL

| New format PARM file being parsed.
| Version =    1.000 Date = 12/05/23 Time = 13:47:01

| Note: 1-4 EEL scale factors are being read from the topology file.

| Note: 1-4 VDW scale factors are being read from the topology file.
| INFO:    Reading atomic numbers from topology file.
| Duplicated    0 dihedrals

| Duplicated    0 dihedrals

--------------------------------------------------------------------------------
   1.  RESOURCE   USE: 
--------------------------------------------------------------------------------

 NATOM  =     597 NTYPES =      12 NBONH =     288 MBONA  =     317
 NTHETH =     652 MTHETA =     431 NPHIH =    1386 MPHIA  =    1307
 NHPARM =       0 NPARM  =       0 NNB   =    3287 NRES   =      37
 NBONA  =     317 NTHETA =     431 NPHIA =    1307 NUMBND =      54
 NUMANG =     126 NPTRA  =     142 NATYP =      26 NPHB   =       0
 IFBOX  =       0 NMXRS  =      24 IFCAP =       0 NEXTRA =       0
 NCOPY  =       0

 Implicit solvent radii are ArgH and AspGluO modified Bondi2 radii (mbondi3)                                
 Replacing prmtop screening parameters with GBn2 (igb=8) values
--------------------------------------------------------------------------------
   2.  CONTROL  DATA  FOR  THE  RUN
--------------------------------------------------------------------------------

default_name                                                                    

General flags:
     imin    =       0, nmropt  =       0

Nature and format of input:
     ntx     =       5, irest   =       1, ntrx    =       1

Nature and format of output:
     ntxo    =       1, ntpr    =    5000, ntrx    =       1, ntwr    =     500
     iwrap   =       0, ntwx    =    5000, ntwv    =       0, ntwe    =       0
     ioutfm  =       0, ntwprt  =       0, idecomp =       0, rbornstat=      0

Potential function:
     ntf     =       2, ntb     =       0, igb     =       8, nsnb    =      25
     ipol    =       0, gbsa    =       3, iesp    =       0
     dielc   =   1.00000, cut     =1000.00000, intdiel =   1.00000
     saltcon =   0.00000, offset  =   0.19514, surften =   0.00700
     rdt     =   0.00000, rgbmax  =  25.00000  extdiel =  78.50000
     alpb  =        0
     gbalphaH  =   0.78844, gbbetaH   =   0.79870,  gbgammaH  =    0.43733
     gbalphaC  =   0.73376, gbbetaC   =   0.50638,  gbgammaC  =    0.20584
     gbalphaN  =   0.50336, gbbetaN   =   0.31683,  gbgammaN  =    0.19292
     gbalphaOS =   0.86781, gbbetaOS  =   0.87664,  gbgammaOS =    0.38788
     gbalphaP  =   1.00000, gbbetaP   =   0.80000,  gbgammaP  =    4.85000
     gb_alpha_hnu  =   0.53705, gb_beta_hnu   =   0.36286,  gb_gamma_hnu  =    0.11670
     gb_alpha_cnu  =   0.33167, gb_beta_cnu   =   0.19684,  gb_gamma_cnu  =    0.09342
     gb_alpha_nnu  =   0.68631, gb_beta_nnu   =   0.46319,  gb_gamma_nnu  =    0.13872
     gb_alpha_onu  =   0.60634, gb_beta_onu   =   0.46301,  gb_gamma_onu  =    0.14226
     gb_alpha_pnu  =   0.41836, gb_beta_pnu   =   0.29005,  gb_gamma_pnu  =    0.10642

Frozen or restrained atoms:
     ibelly  =       0, ntr     =       1
     restraint_wt =   0.10000

Molecular dynamics:
     nstlim  =    125000, nscm    =         0, nrespa  =         1
     t       =   0.00000, dt      =   0.00200, vlimit  =  20.00000

Langevin dynamics temperature regulation:
     ig      =  678188
     temp0   = 300.00000, tempi   =   0.00000, gamma_ln=   1.00000

SHAKE:
     ntc     =       2, jfastw  =       0
     tol     =   0.00001

| Intermolecular bonds treatment:
|     no_intermolecular_bonds =       1

| Energy averages sample interval:
|     ene_avg_sampling =    5000

    LOADING THE CONSTRAINED ATOMS AS GROUPS


   5.  REFERENCE ATOM COORDINATES

  default_name                                                                    
     Mask @CA,N,C,O; matches   148 atoms

--------------------------------------------------------------------------------
   3.  ATOMIC COORDINATES AND VELOCITIES
--------------------------------------------------------------------------------

default_name                                                                    
 begin time read from input coords =  1250.000 ps

 
 Number of triangulated 3-point waters found:        0
| Dynamic Memory, Types Used:
| Reals               21935
| Integers            71652

--------------------------------------------------------------------------------
   4.  RESULTS
--------------------------------------------------------------------------------


 NSTEP =     5000   TIME(PS) =    1260.000  TEMP(K) =   299.10  PRESS =     0.0
 Etot   =      -561.2258  EKtot   =       446.6660  EPtot      =     -1007.8918
 BOND   =       131.1863  ANGLE   =       295.7389  DIHED      =       463.5236
 1-4 NB =       126.3760  1-4 EEL =      1710.7057  VDWAALS    =      -226.7033
 EELEC  =     -2713.5934  EGB     =      -830.9027  RESTRAINT  =        12.1426
 EAMBER (non-restraint)  =     -1020.0344
 ESURF=        23.6344
 ------------------------------------------------------------------------------


 NSTEP =    10000   TIME(PS) =    1270.000  TEMP(K) =   304.98  PRESS =     0.0
 Etot   =      -597.2815  EKtot   =       455.4513  EPtot      =     -1052.7327
 BOND   =       105.8429  ANGLE   =       300.8265  DIHED      =       448.4646
 1-4 NB =       127.2816  1-4 EEL =      1700.5422  VDWAALS    =      -218.3375
 EELEC  =     -2717.3806  EGB     =      -833.7656  RESTRAINT  =         9.9221
 EAMBER (non-restraint)  =     -1062.6549
 ESURF=        23.8709
 ------------------------------------------------------------------------------


 NSTEP =    15000   TIME(PS) =    1280.000  TEMP(K) =   294.59  PRESS =     0.0
 Etot   =      -590.0153  EKtot   =       439.9358  EPtot      =     -1029.9512
 BOND   =       121.1078  ANGLE   =       282.8777  DIHED      =       449.2665
 1-4 NB =       129.4454  1-4 EEL =      1709.5617  VDWAALS    =      -219.7062
 EELEC  =     -2728.5271  EGB     =      -808.6100  RESTRAINT  =        11.5783
 EAMBER (non-restraint)  =     -1041.5294
 ESURF=        23.0547
 ------------------------------------------------------------------------------


 NSTEP =    20000   TIME(PS) =    1290.000  TEMP(K) =   287.86  PRESS =     0.0
 Etot   =      -625.2178  EKtot   =       429.8836  EPtot      =     -1055.1014
 BOND   =       106.0779  ANGLE   =       287.6775  DIHED      =       450.7290
 1-4 NB =       127.9655  1-4 EEL =      1714.9326  VDWAALS    =      -215.0733
 EELEC  =     -2782.7370  EGB     =      -779.6074  RESTRAINT  =        11.5629
 EAMBER (non-restraint)  =     -1066.6643
 ESURF=        23.3708
 ------------------------------------------------------------------------------


 NSTEP =    25000   TIME(PS) =    1300.000  TEMP(K) =   297.58  PRESS =     0.0
 Etot   =      -568.6204  EKtot   =       444.3976  EPtot      =     -1013.0179
 BOND   =       125.0109  ANGLE   =       291.0413  DIHED      =       448.8826
 1-4 NB =       126.7925  1-4 EEL =      1716.8051  VDWAALS    =      -210.9916
 EELEC  =     -2700.4053  EGB     =      -842.5755  RESTRAINT  =         8.7827
 EAMBER (non-restraint)  =     -1021.8006
 ESURF=        23.6396
 ------------------------------------------------------------------------------


 NSTEP =    30000   TIME(PS) =    1310.000  TEMP(K) =   294.84  PRESS =     0.0
 Etot   =      -596.8590  EKtot   =       440.3051  EPtot      =     -1037.1641
 BOND   =       113.7749  ANGLE   =       315.1080  DIHED      =       440.3741
 1-4 NB =       121.2351  1-4 EEL =      1676.3564  VDWAALS    =      -215.1908
 EELEC  =     -2717.6743  EGB     =      -804.2824  RESTRAINT  =         9.8081
 EAMBER (non-restraint)  =     -1046.9722
 ESURF=        23.3268
 ------------------------------------------------------------------------------


 NSTEP =    35000   TIME(PS) =    1320.000  TEMP(K) =   310.91  PRESS =     0.0
 Etot   =      -566.2761  EKtot   =       464.3001  EPtot      =     -1030.5762
 BOND   =       130.8860  ANGLE   =       297.0964  DIHED      =       438.9460
 1-4 NB =       131.2472  1-4 EEL =      1675.9330  VDWAALS    =      -223.1710
 EELEC  =     -2712.1884  EGB     =      -803.5212  RESTRAINT  =        10.6782
 EAMBER (non-restraint)  =     -1041.2545
 ESURF=        23.5175
 ------------------------------------------------------------------------------


 NSTEP =    40000   TIME(PS) =    1330.000  TEMP(K) =   292.67  PRESS =     0.0
 Etot   =      -613.6510  EKtot   =       437.0596  EPtot      =     -1050.7106
 BOND   =       124.3238  ANGLE   =       292.8060  DIHED      =       442.8646
 1-4 NB =       123.8243  1-4 EEL =      1683.3062  VDWAALS    =      -223.6551
 EELEC  =     -2750.8716  EGB     =      -781.0799  RESTRAINT  =        13.6182
 EAMBER (non-restraint)  =     -1064.3288
 ESURF=        24.1531
 ------------------------------------------------------------------------------


 NSTEP =    45000   TIME(PS) =    1340.000  TEMP(K) =   309.48  PRESS =     0.0
 Etot   =      -591.0746  EKtot   =       462.1695  EPtot      =     -1053.2441
 BOND   =       122.2672  ANGLE   =       286.5521  DIHED      =       441.3318
 1-4 NB =       131.3512  1-4 EEL =      1712.2966  VDWAALS    =      -216.9715
 EELEC  =     -2772.6809  EGB     =      -788.6914  RESTRAINT  =         8.1171
 EAMBER (non-restraint)  =     -1061.3612
 ESURF=        23.1837
 ------------------------------------------------------------------------------


 NSTEP =    50000   TIME(PS) =    1350.000  TEMP(K) =   304.10  PRESS =     0.0
 Etot   =      -553.0798  EKtot   =       454.1348  EPtot      =     -1007.2146
 BOND   =       126.0185  ANGLE   =       323.2182  DIHED      =       458.5198
 1-4 NB =       119.9006  1-4 EEL =      1689.0125  VDWAALS    =      -215.2799
 EELEC  =     -2754.7708  EGB     =      -789.9596  RESTRAINT  =        12.3642
 EAMBER (non-restraint)  =     -1019.5788
 ESURF=        23.7620
 ------------------------------------------------------------------------------


 NSTEP =    55000   TIME(PS) =    1360.000  TEMP(K) =   308.00  PRESS =     0.0
 Etot   =      -567.4096  EKtot   =       459.9625  EPtot      =     -1027.3721
 BOND   =       114.0315  ANGLE   =       279.5191  DIHED      =       463.5705
 1-4 NB =       127.1684  1-4 EEL =      1727.4765  VDWAALS    =      -216.3202
 EELEC  =     -2748.8335  EGB     =      -810.3159  RESTRAINT  =        12.5333
 EAMBER (non-restraint)  =     -1039.9054
 ESURF=        23.7984
 ------------------------------------------------------------------------------


 NSTEP =    60000   TIME(PS) =    1370.000  TEMP(K) =   313.57  PRESS =     0.0
 Etot   =      -577.6128  EKtot   =       468.2834  EPtot      =     -1045.8962
 BOND   =       129.5186  ANGLE   =       286.8566  DIHED      =       443.4468
 1-4 NB =       123.9000  1-4 EEL =      1698.0601  VDWAALS    =      -224.1661
 EELEC  =     -2734.1864  EGB     =      -799.8502  RESTRAINT  =         7.6772
 EAMBER (non-restraint)  =     -1053.5734
 ESURF=        22.8473
 ------------------------------------------------------------------------------


 NSTEP =    65000   TIME(PS) =    1380.000  TEMP(K) =   290.39  PRESS =     0.0
 Etot   =      -597.8697  EKtot   =       433.6628  EPtot      =     -1031.5325
 BOND   =       122.3711  ANGLE   =       285.8805  DIHED      =       454.9977
 1-4 NB =       133.0853  1-4 EEL =      1723.9824  VDWAALS    =      -220.8449
 EELEC  =     -2747.3154  EGB     =      -819.6219  RESTRAINT  =        12.5472
 EAMBER (non-restraint)  =     -1044.0797
 ESURF=        23.3855
 ------------------------------------------------------------------------------


 NSTEP =    70000   TIME(PS) =    1390.000  TEMP(K) =   283.99  PRESS =     0.0
 Etot   =      -646.6533  EKtot   =       424.1002  EPtot      =     -1070.7534
 BOND   =       111.9280  ANGLE   =       287.6975  DIHED      =       443.2526
 1-4 NB =       128.4924  1-4 EEL =      1700.3266  VDWAALS    =      -208.8890
 EELEC  =     -2830.2295  EGB     =      -737.6750  RESTRAINT  =        11.7154
 EAMBER (non-restraint)  =     -1082.4688
 ESURF=        22.6277
 ------------------------------------------------------------------------------


 NSTEP =    75000   TIME(PS) =    1400.000  TEMP(K) =   305.57  PRESS =     0.0
 Etot   =      -551.9957  EKtot   =       456.3351  EPtot      =     -1008.3308
 BOND   =       132.3129  ANGLE   =       315.0784  DIHED      =       453.7799
 1-4 NB =       119.9180  1-4 EEL =      1689.6032  VDWAALS    =      -213.0794
 EELEC  =     -2756.6617  EGB     =      -783.5637  RESTRAINT  =        10.5571
 EAMBER (non-restraint)  =     -1018.8878
 ESURF=        23.7245
 ------------------------------------------------------------------------------


 NSTEP =    80000   TIME(PS) =    1410.000  TEMP(K) =   302.80  PRESS =     0.0
 Etot   =      -600.3825  EKtot   =       452.2011  EPtot      =     -1052.5836
 BOND   =       111.3399  ANGLE   =       293.5380  DIHED      =       449.2259
 1-4 NB =       128.7860  1-4 EEL =      1699.4214  VDWAALS    =      -220.6303
 EELEC  =     -2780.4595  EGB     =      -768.2477  RESTRAINT  =        11.8231
 EAMBER (non-restraint)  =     -1064.4067
 ESURF=        22.6196
 ------------------------------------------------------------------------------


 NSTEP =    85000   TIME(PS) =    1420.000  TEMP(K) =   267.61  PRESS =     0.0
 Etot   =      -627.7259  EKtot   =       399.6374  EPtot      =     -1027.3633
 BOND   =       127.3641  ANGLE   =       310.4757  DIHED      =       447.1435
 1-4 NB =       127.3834  1-4 EEL =      1678.2672  VDWAALS    =      -226.9296
 EELEC  =     -2748.9709  EGB     =      -778.6233  RESTRAINT  =        13.5320
 EAMBER (non-restraint)  =     -1040.8953
 ESURF=        22.9946
 ------------------------------------------------------------------------------


 NSTEP =    90000   TIME(PS) =    1430.000  TEMP(K) =   307.63  PRESS =     0.0
 Etot   =      -603.0903  EKtot   =       459.4042  EPtot      =     -1062.4945
 BOND   =       122.1813  ANGLE   =       277.8692  DIHED      =       442.9308
 1-4 NB =       119.5272  1-4 EEL =      1696.7823  VDWAALS    =      -222.9072
 EELEC  =     -2777.8245  EGB     =      -755.7088  RESTRAINT  =        11.9727
 EAMBER (non-restraint)  =     -1074.4673
 ESURF=        22.6824
 ------------------------------------------------------------------------------


 NSTEP =    95000   TIME(PS) =    1440.000  TEMP(K) =   320.46  PRESS =     0.0
 Etot   =      -553.8436  EKtot   =       478.5737  EPtot      =     -1032.4173
 BOND   =       119.4771  ANGLE   =       291.6187  DIHED      =       457.4013
 1-4 NB =       130.9698  1-4 EEL =      1724.1099  VDWAALS    =      -217.9958
 EELEC  =     -2773.4322  EGB     =      -798.5625  RESTRAINT  =        11.2967
 EAMBER (non-restraint)  =     -1043.7140
 ESURF=        22.6996
 ------------------------------------------------------------------------------


 NSTEP =   100000   TIME(PS) =    1450.000  TEMP(K) =   300.57  PRESS =     0.0
 Etot   =      -556.0990  EKtot   =       448.8630  EPtot      =     -1004.9620
 BOND   =       126.0576  ANGLE   =       305.7725  DIHED      =       454.1416
 1-4 NB =       119.7381  1-4 EEL =      1696.3076  VDWAALS    =      -218.7278
 EELEC  =     -2692.2784  EGB     =      -832.5936  RESTRAINT  =        12.5070
 EAMBER (non-restraint)  =     -1017.4690
 ESURF=        24.1134
 ------------------------------------------------------------------------------


 NSTEP =   105000   TIME(PS) =    1460.000  TEMP(K) =   302.86  PRESS =     0.0
 Etot   =      -562.9242  EKtot   =       452.2863  EPtot      =     -1015.2106
 BOND   =       139.1997  ANGLE   =       290.9186  DIHED      =       458.5518
 1-4 NB =       126.9623  1-4 EEL =      1726.0223  VDWAALS    =      -227.2587
 EELEC  =     -2762.8461  EGB     =      -803.0876  RESTRAINT  =        12.6285
 EAMBER (non-restraint)  =     -1027.8391
 ESURF=        23.6986
 ------------------------------------------------------------------------------


 NSTEP =   110000   TIME(PS) =    1470.000  TEMP(K) =   279.43  PRESS =     0.0
 Etot   =      -609.4278  EKtot   =       417.2985  EPtot      =     -1026.7262
 BOND   =       117.2541  ANGLE   =       302.0593  DIHED      =       455.0493
 1-4 NB =       132.4830  1-4 EEL =      1702.4220  VDWAALS    =      -221.3156
 EELEC  =     -2728.6953  EGB     =      -821.1036  RESTRAINT  =        10.4754
 EAMBER (non-restraint)  =     -1037.2017
 ESURF=        24.6452
 ------------------------------------------------------------------------------


 NSTEP =   115000   TIME(PS) =    1480.000  TEMP(K) =   298.87  PRESS =     0.0
 Etot   =      -615.6712  EKtot   =       446.3225  EPtot      =     -1061.9937
 BOND   =       107.1038  ANGLE   =       286.3415  DIHED      =       445.4497
 1-4 NB =       124.7245  1-4 EEL =      1694.8739  VDWAALS    =      -223.4740
 EELEC  =     -2768.6804  EGB     =      -764.6232  RESTRAINT  =        12.6555
 EAMBER (non-restraint)  =     -1074.6492
 ESURF=        23.6350
 ------------------------------------------------------------------------------


 NSTEP =   120000   TIME(PS) =    1490.000  TEMP(K) =   300.27  PRESS =     0.0
 Etot   =      -560.6174  EKtot   =       448.4121  EPtot      =     -1009.0294
 BOND   =       130.0904  ANGLE   =       324.1067  DIHED      =       451.1874
 1-4 NB =       119.7216  1-4 EEL =      1703.2399  VDWAALS    =      -217.6500
 EELEC  =     -2817.8402  EGB     =      -741.4902  RESTRAINT  =        16.5739
 EAMBER (non-restraint)  =     -1025.6033
 ESURF=        23.0311
 ------------------------------------------------------------------------------


 NSTEP =   125000   TIME(PS) =    1500.000  TEMP(K) =   315.20  PRESS =     0.0
 Etot   =      -576.9216  EKtot   =       470.7136  EPtot      =     -1047.6352
 BOND   =       122.4134  ANGLE   =       299.3229  DIHED      =       446.0448
 1-4 NB =       121.4835  1-4 EEL =      1705.1314  VDWAALS    =      -217.9557
 EELEC  =     -2790.9078  EGB     =      -769.6242  RESTRAINT  =        12.9365
 EAMBER (non-restraint)  =     -1060.5718
 ESURF=        23.5199
 ------------------------------------------------------------------------------


      A V E R A G E S   O V E R      25 S T E P S


 NSTEP =   125000   TIME(PS) =    1500.000  TEMP(K) =   299.73  PRESS =     0.0
 Etot   =      -586.8618  EKtot   =       447.6144  EPtot      =     -1034.4762
 BOND   =       121.5656  ANGLE   =       296.3999  DIHED      =       449.9630
 1-4 NB =       125.9905  1-4 EEL =      1702.2191  VDWAALS    =      -219.3290
 EELEC  =     -2752.3997  EGB     =      -793.9075  RESTRAINT  =        11.6002
 EAMBER (non-restraint)  =     -1046.0765
 ESURF=        23.4215
 ------------------------------------------------------------------------------


      R M S  F L U C T U A T I O N S


 NSTEP =   125000   TIME(PS) =    1500.000  TEMP(K) =    11.56  PRESS =     0.0
 Etot   =        26.2360  EKtot   =        17.2575  EPtot      =        19.5601
 BOND   =         8.6520  ANGLE   =        12.6467  DIHED      =         6.8701
 1-4 NB =         4.2803  1-4 EEL =        14.8911  VDWAALS    =         4.7396
 EELEC  =        33.9516  EGB     =        27.7683  RESTRAINT  =         1.8434
 EAMBER (non-restraint)  =        17.7167
 ESURF=         0.5101
 ------------------------------------------------------------------------------

--------------------------------------------------------------------------------
   5.  TIMINGS
--------------------------------------------------------------------------------

|  NonSetup CPU Time in Major Routines:
|
|     Routine           Sec        %
|     ------------------------------
|     Nonbond        1795.61   96.24
|     Bond              0.48    0.03
|     Angle             7.85    0.42
|     Dihedral         47.37    2.54
|     Shake             1.98    0.11
|     RunMD            12.36    0.66
|     Other             0.05    0.00
|     ------------------------------
|     Total          1865.69

|  Generalized Born CPU Time:
|
|     Routine                 Sec        %
|     ------------------------------------
|     Radii Calc            430.41   23.07
|     Diagonal Calc         792.22   42.46
|     Off Diagonal Calc     569.86   30.54
|     GBSA LCPO Calc          0.04    0.00
|     ---------------------------------
|     Total                1792.49   96.08

|  Final Performance Info:
|     -----------------------------------------------------
|     Average timings for last       1 steps:
|     Elapsed(s) =       0.00 Per Step(ms) =       0.10
|         ns/day =    1743.32   seconds/ns =      49.56
|
|     Average timings for all steps:
|     Elapsed(s) =    3215.37 Per Step(ms) =      25.72
|         ns/day =       6.72   seconds/ns =   12861.48
|     -----------------------------------------------------

|  Setup CPU time:            0.01 seconds
|  NonSetup CPU time:      1865.69 seconds
|  Total CPU time:         1865.70 seconds     0.52 hours

|  Setup wall time:           0    seconds
|  NonSetup wall time:     3215    seconds
|  Total wall time:        3215    seconds     0.89 hours
