
          -------------------------------------------------------
          Amber 22 PMEMD                              2022
          -------------------------------------------------------

| PMEMD implementation of SANDER, Release 22

|  Compiled date/time: Thu Apr 14 23:36:37 2022
| Run on 12/20/2023 at 13:22:03

|   Executable path: pmemd
| Working directory: /home/arul/Reegina/MD_Sim/amber_parameters/1E0L_info
|          Hostname: Unknown
  [-O]verwriting output

File Assignments:
|   MDIN: /home/arul/Reegina/MD_Sim/trial_file/min.in                           
|  MDOUT: min_1E0L.out                                                          
| INPCRD: 1E0L.rst7                                                             
|   PARM: 1E0L.hmass.parm7                                                      
| RESTRT: min_1E0L.rst7                                                         
|   REFC: refc                                                                  
|  MDVEL: mdvel                                                                 
|   MDEN: mden                                                                  
|  MDCRD: min_1E0L.crd                                                          
| MDINFO: min_1E0L.info                                                         
|  MDFRC: mdfrc                                                                 


 Here is the input file:

&cntrl                                                                         
  imin = 1,                                                                    
  maxcyc=100,                                                                  
  ntx = 1,                                                                     
  ntwr = 100,                                                                  
  ntpr = 10,                                                                   
  ioutfm=0,                                                                    
  ntxo=1,                                                                      
  cut = 1000.0,                                                                
  ntb=0,                                                                       
  igb = 8,                                                                     
  gbsa=3,                                                                      
  surften=0.007,                                                               
  saltcon = 0.0,                                                               
/                                                                              


Note: ig = -1. Setting random seed to    72234 based on wallclock time in 
      microseconds.
| irandom = 1, using AMBER's internal random number generator (default).
 
| Conditional Compilation Defines Used:
| PUBFFT
| BINTRAJ
| EMIL

| New format PARM file being parsed.
| Version =    1.000 Date = 12/05/23 Time = 13:47:01

| Note: 1-4 EEL scale factors are being read from the topology file.

| Note: 1-4 VDW scale factors are being read from the topology file.
| INFO:    Reading atomic numbers from topology file.
| Duplicated    0 dihedrals

| Duplicated    0 dihedrals

--------------------------------------------------------------------------------
   1.  RESOURCE   USE: 
--------------------------------------------------------------------------------

 NATOM  =     597 NTYPES =      12 NBONH =     288 MBONA  =     317
 NTHETH =     652 MTHETA =     431 NPHIH =    1386 MPHIA  =    1307
 NHPARM =       0 NPARM  =       0 NNB   =    3287 NRES   =      37
 NBONA  =     317 NTHETA =     431 NPHIA =    1307 NUMBND =      54
 NUMANG =     126 NPTRA  =     142 NATYP =      26 NPHB   =       0
 IFBOX  =       0 NMXRS  =      24 IFCAP =       0 NEXTRA =       0
 NCOPY  =       0

 Implicit solvent radii are ArgH and AspGluO modified Bondi2 radii (mbondi3)                                
 Replacing prmtop screening parameters with GBn2 (igb=8) values
--------------------------------------------------------------------------------
   2.  CONTROL  DATA  FOR  THE  RUN
--------------------------------------------------------------------------------

default_name                                                                    

General flags:
     imin    =       1, nmropt  =       0

Nature and format of input:
     ntx     =       1, irest   =       0, ntrx    =       1

Nature and format of output:
     ntxo    =       1, ntpr    =      10, ntrx    =       1, ntwr    =     100
     iwrap   =       0, ntwx    =       0, ntwv    =       0, ntwe    =       0
     ioutfm  =       0, ntwprt  =       0, idecomp =       0, rbornstat=      0

Potential function:
     ntf     =       1, ntb     =       0, igb     =       8, nsnb    =      25
     ipol    =       0, gbsa    =       3, iesp    =       0
     dielc   =   1.00000, cut     =1000.00000, intdiel =   1.00000
     saltcon =   0.00000, offset  =   0.19514, surften =   0.00700
     rdt     =   0.00000, rgbmax  =  25.00000  extdiel =  78.50000
     alpb  =        0
     gbalphaH  =   0.78844, gbbetaH   =   0.79870,  gbgammaH  =    0.43733
     gbalphaC  =   0.73376, gbbetaC   =   0.50638,  gbgammaC  =    0.20584
     gbalphaN  =   0.50336, gbbetaN   =   0.31683,  gbgammaN  =    0.19292
     gbalphaOS =   0.86781, gbbetaOS  =   0.87664,  gbgammaOS =    0.38788
     gbalphaP  =   1.00000, gbbetaP   =   0.80000,  gbgammaP  =    4.85000
     gb_alpha_hnu  =   0.53705, gb_beta_hnu   =   0.36286,  gb_gamma_hnu  =    0.11670
     gb_alpha_cnu  =   0.33167, gb_beta_cnu   =   0.19684,  gb_gamma_cnu  =    0.09342
     gb_alpha_nnu  =   0.68631, gb_beta_nnu   =   0.46319,  gb_gamma_nnu  =    0.13872
     gb_alpha_onu  =   0.60634, gb_beta_onu   =   0.46301,  gb_gamma_onu  =    0.14226
     gb_alpha_pnu  =   0.41836, gb_beta_pnu   =   0.29005,  gb_gamma_pnu  =    0.10642

Frozen or restrained atoms:
     ibelly  =       0, ntr     =       0

Energy minimization:
     maxcyc  =     100, ncyc    =      10, ntmin   =       1
     dx0     =   0.01000, drms    =   0.00010

| Intermolecular bonds treatment:
|     no_intermolecular_bonds =       1

| Energy averages sample interval:
|     ene_avg_sampling =       1

--------------------------------------------------------------------------------
   3.  ATOMIC COORDINATES AND VELOCITIES
--------------------------------------------------------------------------------

default_name                                                                    
 begin time read from input coords =     0.000 ps

 
 Number of triangulated 3-point waters found:        0
| Dynamic Memory, Types Used:
| Reals               17468
| Integers            70479

--------------------------------------------------------------------------------
   4.  RESULTS
--------------------------------------------------------------------------------



   NSTEP       ENERGY          RMS            GMAX         NAME    NUMBER
      1      -9.0115E+02     1.1620E+01     6.5337E+01     N         376

 BOND    =       42.4074  ANGLE   =       18.6047  DIHED      =      501.1522
 VDWAALS =      -15.7840  EEL     =    -2639.3253  EGB        =     -879.3093
 1-4 VDW =      218.0565  1-4 EEL =     1835.5205  RESTRAINT  =        0.0000
 ESURF   =       17.5301


   NSTEP       ENERGY          RMS            GMAX         NAME    NUMBER
     10      -9.8388E+02     5.3294E+00     3.3424E+01     O          43

 BOND    =       15.7201  ANGLE   =       21.7789  DIHED      =      499.4164
 VDWAALS =      -52.3678  EEL     =    -2643.6430  EGB        =     -882.2003
 1-4 VDW =      209.0934  1-4 EEL =     1830.7442  RESTRAINT  =        0.0000
 ESURF   =       17.5791


   NSTEP       ENERGY          RMS            GMAX         NAME    NUMBER
     20      -1.1395E+03     4.3923E+00     2.8575E+01     C         322

 BOND    =       22.4263  ANGLE   =       60.1733  DIHED      =      498.0709
 VDWAALS =     -175.9360  EEL     =    -2643.3163  EGB        =     -888.0719
 1-4 VDW =      170.0494  1-4 EEL =     1798.7192  RESTRAINT  =        0.0000
 ESURF   =       18.3647


   NSTEP       ENERGY          RMS            GMAX         NAME    NUMBER
     30      -1.1876E+03     3.6582E+00     5.0636E+01     CD        551

 BOND    =       16.5713  ANGLE   =       61.2726  DIHED      =      493.7639
 VDWAALS =     -193.2926  EEL     =    -2637.3048  EGB        =     -890.8725
 1-4 VDW =      157.9526  1-4 EEL =     1785.4541  RESTRAINT  =        0.0000
 ESURF   =       18.8419


   NSTEP       ENERGY          RMS            GMAX         NAME    NUMBER
     40      -1.2270E+03     2.6458E+00     1.2039E+01     O          43

 BOND    =       20.2017  ANGLE   =       62.6035  DIHED      =      485.8445
 VDWAALS =     -211.6639  EEL     =    -2639.1600  EGB        =     -892.9958
 1-4 VDW =      149.5370  1-4 EEL =     1779.4290  RESTRAINT  =        0.0000
 ESURF   =       19.2185


   NSTEP       ENERGY          RMS            GMAX         NAME    NUMBER
     50      -1.2909E+03     2.3150E+00     1.9624E+01     CD        483

 BOND    =       24.9451  ANGLE   =       74.1683  DIHED      =      467.5569
 VDWAALS =     -233.3736  EEL     =    -2628.5274  EGB        =     -896.8964
 1-4 VDW =      129.2011  1-4 EEL =     1751.6505  RESTRAINT  =        0.0000
 ESURF   =       20.4179


   NSTEP       ENERGY          RMS            GMAX         NAME    NUMBER
     60      -1.2990E+03     1.5933E+00     1.0072E+01     CG        213

 BOND    =       23.0178  ANGLE   =       75.4666  DIHED      =      466.6711
 VDWAALS =     -237.0580  EEL     =    -2629.1365  EGB        =     -894.9565
 1-4 VDW =      128.8170  1-4 EEL =     1747.7546  RESTRAINT  =        0.0000
 ESURF   =       20.4308


   NSTEP       ENERGY          RMS            GMAX         NAME    NUMBER
     70      -1.3120E+03     1.6125E+00     9.3888E+00     C         522

 BOND    =       23.3476  ANGLE   =       76.1207  DIHED      =      462.5361
 VDWAALS =     -240.3780  EEL     =    -2630.8995  EGB        =     -895.2477
 1-4 VDW =      128.0339  1-4 EEL =     1743.9565  RESTRAINT  =        0.0000
 ESURF   =       20.5389


   NSTEP       ENERGY          RMS            GMAX         NAME    NUMBER
     80      -1.3244E+03     1.3498E+00     7.3096E+00     OD1       332

 BOND    =       20.7535  ANGLE   =       71.2829  DIHED      =      456.7669
 VDWAALS =     -240.1648  EEL     =    -2636.7527  EGB        =     -892.6607
 1-4 VDW =      130.0088  1-4 EEL =     1745.7570  RESTRAINT  =        0.0000
 ESURF   =       20.6489


   NSTEP       ENERGY          RMS            GMAX         NAME    NUMBER
     90      -1.3332E+03     1.0576E+00     7.3222E+00     N         541

 BOND    =       20.9763  ANGLE   =       70.7774  DIHED      =      452.7038
 VDWAALS =     -241.6655  EEL     =    -2634.4785  EGB        =     -893.2116
 1-4 VDW =      128.1515  1-4 EEL =     1742.8182  RESTRAINT  =        0.0000
 ESURF   =       20.7087


   NSTEP       ENERGY          RMS            GMAX         NAME    NUMBER
    100      -1.3417E+03     1.1272E+00     5.8598E+00     OD1       332

 BOND    =       21.5766  ANGLE   =       70.2820  DIHED      =      447.3791
 VDWAALS =     -240.7891  EEL     =    -2632.6225  EGB        =     -894.1661
 1-4 VDW =      126.2575  1-4 EEL =     1739.5358  RESTRAINT  =        0.0000
 ESURF   =       20.8623


  Maximum number of minimization cycles reached.


                    FINAL RESULTS



   NSTEP       ENERGY          RMS            GMAX         NAME    NUMBER
    100      -1.3417E+03     1.1272E+00     5.8598E+00     OD1       332

 BOND    =       21.5766  ANGLE   =       70.2820  DIHED      =      447.3791
 VDWAALS =     -240.7891  EEL     =    -2632.6225  EGB        =     -894.1661
 1-4 VDW =      126.2575  1-4 EEL =     1739.5358  RESTRAINT  =        0.0000
 ESURF   =       20.8623
--------------------------------------------------------------------------------
   5.  TIMINGS
--------------------------------------------------------------------------------

|  NonSetup CPU Time in Major Routines:
|
|     Routine           Sec        %
|     ------------------------------
|     Nonbond           1.47   96.82
|     Bond              0.00    0.05
|     Angle             0.01    0.42
|     Dihedral          0.04    2.54
|     Shake             0.00    0.00
|     Other             0.00    0.18
|     ------------------------------
|     Total             1.52

|  Generalized Born CPU Time:
|
|     Routine                 Sec        %
|     ------------------------------------
|     Radii Calc              0.35   23.21
|     Diagonal Calc           0.66   43.23
|     Off Diagonal Calc       0.46   30.20
|     GBSA LCPO Calc          0.00    0.00
|     ---------------------------------
|     Total                   1.47   96.65

|  Setup CPU time:            0.01 seconds
|  NonSetup CPU time:         1.52 seconds
|  Total CPU time:            1.53 seconds     0.00 hours

|  Setup wall time:           0    seconds
|  NonSetup wall time:        2    seconds
|  Total wall time:           2    seconds     0.00 hours
