
          -------------------------------------------------------
          Amber 22 PMEMD                              2022
          -------------------------------------------------------

| PMEMD implementation of SANDER, Release 22

|  Compiled date/time: Thu Apr 14 23:36:37 2022
| Run on 01/04/2024 at 13:33:25

|   Executable path: pmemd
| Working directory: /home/arul/Reegina/MD_Sim/SET5/3H08_info
|          Hostname: Unknown
  [-O]verwriting output

File Assignments:
|   MDIN: heat.in                                                               
|  MDOUT: heat.out                                                              
| INPCRD: min_3H08.rst7                                                         
|   PARM: 3H08.hmass.parm7                                                      
| RESTRT: heat.rst7                                                             
|   REFC: min_3H08.rst7                                                         
|  MDVEL: mdvel                                                                 
|   MDEN: mden                                                                  
|  MDCRD: heat.crd                                                              
| MDINFO: heat.info                                                             
|  MDFRC: mdfrc                                                                 


 Here is the input file:

&cntrl                                                                         
   ntx = 1,                                                                    
   ntwx = 5000,                                                                
   ntwe = 0,                                                                   
   ntwr = 500,                                                                 
   ntpr = 5000,                                                                
   ioutfm=0,                                                                   
   ntxo=1,                                                                     
   imin = 0,                                                                   
   nstlim = 500000,                                                            
   dt = 0.002,                                                                 
   ntt = 3,                                                                    
   gamma_ln=1.,                                                                
   temp0 = 100.0,                                                              
   nscm = 1000,                                                                
   ig = -1,                                                                    
   ntc= 2,                                                                     
   ntf = 2,                                                                    
   cut = 1000,                                                                 
   igb=8,                                                                      
   gbsa=3,                                                                     
   surften=0.007,                                                              
   ntb = 0,                                                                    
   saltcon=0.,                                                                 
   ntr=1,                                                                      
   restraintmask="@CA,N,C,O",                                                  
   restraint_wt=10.0,                                                          
   nmropt=1,                                                                   
 &end                                                                          
 &wt                                                                           
   TYPE="TEMP0", istep1=0, istep2=500000,                                      
   value1=100., value2=300.,                                                   
 &end                                                                          
 &wt                                                                           
   TYPE="END",                                                                 
 &end                                                                          


Note: ig = -1. Setting random seed to   361370 based on wallclock time in 
      microseconds.
| irandom = 1, using AMBER's internal random number generator (default).
 
| Conditional Compilation Defines Used:
| PUBFFT
| BINTRAJ
| EMIL

| New format PARM file being parsed.
| Version =    1.000 Date = 01/03/24 Time = 14:39:44

| Note: 1-4 EEL scale factors are being read from the topology file.

| Note: 1-4 VDW scale factors are being read from the topology file.
| INFO:    Reading atomic numbers from topology file.
| Duplicated    0 dihedrals

| Duplicated    0 dihedrals

--------------------------------------------------------------------------------
   1.  RESOURCE   USE: 
--------------------------------------------------------------------------------

 NATOM  =    4446 NTYPES =      14 NBONH =    2229 MBONA  =    2263
 NTHETH =    5075 MTHETA =    3058 NPHIH =   10210 MPHIA  =    9492
 NHPARM =       0 NPARM  =       0 NNB   =   24540 NRES   =     281
 NBONA  =    2263 NTHETA =    3058 NPHIA =    9492 NUMBND =      63
 NUMANG =     149 NPTRA  =     178 NATYP =      31 NPHB   =       0
 IFBOX  =       0 NMXRS  =      24 IFCAP =       0 NEXTRA =       0
 NCOPY  =       0

 Implicit solvent radii are ArgH and AspGluO modified Bondi2 radii (mbondi3)                                
 Replacing prmtop screening parameters with GBn2 (igb=8) values
--------------------------------------------------------------------------------
   2.  CONTROL  DATA  FOR  THE  RUN
--------------------------------------------------------------------------------

default_name                                                                    

General flags:
     imin    =       0, nmropt  =       1

Nature and format of input:
     ntx     =       1, irest   =       0, ntrx    =       1

Nature and format of output:
     ntxo    =       1, ntpr    =    5000, ntrx    =       1, ntwr    =     500
     iwrap   =       0, ntwx    =    5000, ntwv    =       0, ntwe    =       0
     ioutfm  =       0, ntwprt  =       0, idecomp =       0, rbornstat=      0

Potential function:
     ntf     =       2, ntb     =       0, igb     =       8, nsnb    =      25
     ipol    =       0, gbsa    =       3, iesp    =       0
     dielc   =   1.00000, cut     =1000.00000, intdiel =   1.00000
     saltcon =   0.00000, offset  =   0.19514, surften =   0.00700
     rdt     =   0.00000, rgbmax  =  25.00000  extdiel =  78.50000
     alpb  =        0
     gbalphaH  =   0.78844, gbbetaH   =   0.79870,  gbgammaH  =    0.43733
     gbalphaC  =   0.73376, gbbetaC   =   0.50638,  gbgammaC  =    0.20584
     gbalphaN  =   0.50336, gbbetaN   =   0.31683,  gbgammaN  =    0.19292
     gbalphaOS =   0.86781, gbbetaOS  =   0.87664,  gbgammaOS =    0.38788
     gbalphaP  =   1.00000, gbbetaP   =   0.80000,  gbgammaP  =    4.85000
     gb_alpha_hnu  =   0.53705, gb_beta_hnu   =   0.36286,  gb_gamma_hnu  =    0.11670
     gb_alpha_cnu  =   0.33167, gb_beta_cnu   =   0.19684,  gb_gamma_cnu  =    0.09342
     gb_alpha_nnu  =   0.68631, gb_beta_nnu   =   0.46319,  gb_gamma_nnu  =    0.13872
     gb_alpha_onu  =   0.60634, gb_beta_onu   =   0.46301,  gb_gamma_onu  =    0.14226
     gb_alpha_pnu  =   0.41836, gb_beta_pnu   =   0.29005,  gb_gamma_pnu  =    0.10642

Frozen or restrained atoms:
     ibelly  =       0, ntr     =       1
     restraint_wt =  10.00000

Molecular dynamics:
     nstlim  =    500000, nscm    =         0, nrespa  =         1
     t       =   0.00000, dt      =   0.00200, vlimit  =  20.00000

Langevin dynamics temperature regulation:
     ig      =  361370
     temp0   = 100.00000, tempi   =   0.00000, gamma_ln=   1.00000

SHAKE:
     ntc     =       2, jfastw  =       0
     tol     =   0.00001

NMR refinement options:
     iscale  =       0, noeskp  =       1, ipnlty  =       1, mxsub   =       1
     scalm   = 100.00000, pencut  =   0.10000, tausw   =   0.10000

| Intermolecular bonds treatment:
|     no_intermolecular_bonds =       1

| Energy averages sample interval:
|     ene_avg_sampling =    5000

    LOADING THE CONSTRAINED ATOMS AS GROUPS


   5.  REFERENCE ATOM COORDINATES

  default_name                                                                    
     Mask @CA,N,C,O; matches  1124 atoms

--------------------------------------------------------------------------------
   3.  ATOMIC COORDINATES AND VELOCITIES
--------------------------------------------------------------------------------

default_name                                                                    
 begin time read from input coords =     0.000 ps



           Begin reading energy term weight changes/NMR restraints
 WEIGHT CHANGES:
 TEMP0         0 500000  100.000000  300.000000      0      0

 RESTRAINTS:
                          ** No restraint defined **

                  Done reading weight changes/NMR restraints


 
 Number of triangulated 3-point waters found:        0
| Dynamic Memory, Types Used:
| Reals              151384
| Integers           528458

--------------------------------------------------------------------------------
   4.  RESULTS
--------------------------------------------------------------------------------


 NSTEP =        0   TIME(PS) =       0.000  TEMP(K) =     0.00  PRESS =     0.0
 Etot   =     -9884.2581  EKtot   =         0.0000  EPtot      =     -9884.2581
 BOND   =       134.9158  ANGLE   =       515.7271  DIHED      =      3216.4899
 1-4 NB =       890.9510  1-4 EEL =     12384.4611  VDWAALS    =     -2413.5587
 EELEC  =    -19587.8066  EGB     =     -5099.8920  RESTRAINT  =         0.0000
 ESURF=        74.4542
 ------------------------------------------------------------------------------

 NMR restraints: Bond =    0.000   Angle =     0.000   Torsion =     0.000
===============================================================================

 NSTEP =     5000   TIME(PS) =      10.000  TEMP(K) =   101.30  PRESS =     0.0
 Etot   =     -7966.9638  EKtot   =      1118.1248  EPtot      =     -9085.0886
 BOND   =       386.3399  ANGLE   =      1039.9300  DIHED      =      3256.7399
 1-4 NB =       896.2987  1-4 EEL =     12356.5869  VDWAALS    =     -2368.8201
 EELEC  =    -19955.7003  EGB     =     -4885.1428  RESTRAINT  =       110.9036
 EAMBER (non-restraint)  =     -9195.9922
 ESURF=        77.7755
 ------------------------------------------------------------------------------

 NMR restraints: Bond =    0.000   Angle =     0.000   Torsion =     0.000
===============================================================================

 NSTEP =    10000   TIME(PS) =      20.000  TEMP(K) =   103.65  PRESS =     0.0
 Etot   =     -7918.4288  EKtot   =      1144.1120  EPtot      =     -9062.5408
 BOND   =       393.4115  ANGLE   =      1075.9726  DIHED      =      3264.0530
 1-4 NB =       900.5963  1-4 EEL =     12364.0133  VDWAALS    =     -2376.6326
 EELEC  =    -19998.5554  EGB     =     -4865.8915  RESTRAINT  =       102.0799
 EAMBER (non-restraint)  =     -9164.6207
 ESURF=        78.4121
 ------------------------------------------------------------------------------

 NMR restraints: Bond =    0.000   Angle =     0.000   Torsion =     0.000
===============================================================================

 NSTEP =    15000   TIME(PS) =      30.000  TEMP(K) =   106.14  PRESS =     0.0
 Etot   =     -7845.1201  EKtot   =      1171.5757  EPtot      =     -9016.6958
 BOND   =       395.9147  ANGLE   =      1105.6680  DIHED      =      3245.3073
 1-4 NB =       909.7234  1-4 EEL =     12384.6953  VDWAALS    =     -2379.2226
 EELEC  =    -20002.8338  EGB     =     -4868.2558  RESTRAINT  =       113.2693
 EAMBER (non-restraint)  =     -9129.9651
 ESURF=        79.0382
 ------------------------------------------------------------------------------

 NMR restraints: Bond =    0.000   Angle =     0.000   Torsion =     0.000
===============================================================================

 NSTEP =    20000   TIME(PS) =      40.000  TEMP(K) =   110.48  PRESS =     0.0
 Etot   =     -7794.0411  EKtot   =      1219.4639  EPtot      =     -9013.5050
 BOND   =       382.9821  ANGLE   =      1093.3855  DIHED      =      3268.1815
 1-4 NB =       907.5047  1-4 EEL =     12395.6080  VDWAALS    =     -2365.1095
 EELEC  =    -20040.9074  EGB     =     -4844.6712  RESTRAINT  =       111.0780
 EAMBER (non-restraint)  =     -9124.5830
 ESURF=        78.4432
 ------------------------------------------------------------------------------

 NMR restraints: Bond =    0.000   Angle =     0.000   Torsion =     0.000
===============================================================================

 NSTEP =    25000   TIME(PS) =      50.000  TEMP(K) =   111.22  PRESS =     0.0
 Etot   =     -7794.8040  EKtot   =      1227.6379  EPtot      =     -9022.4419
 BOND   =       379.1293  ANGLE   =      1082.1422  DIHED      =      3274.3486
 1-4 NB =       910.8198  1-4 EEL =     12405.5145  VDWAALS    =     -2371.0760
 EELEC  =    -20016.3995  EGB     =     -4874.7826  RESTRAINT  =       109.3371
 EAMBER (non-restraint)  =     -9131.7790
 ESURF=        78.5247
 ------------------------------------------------------------------------------

 NMR restraints: Bond =    0.000   Angle =     0.000   Torsion =     0.000
===============================================================================

 NSTEP =    30000   TIME(PS) =      60.000  TEMP(K) =   110.36  PRESS =     0.0
 Etot   =     -7794.7058  EKtot   =      1218.1306  EPtot      =     -9012.8363
 BOND   =       370.2915  ANGLE   =      1104.1059  DIHED      =      3263.0087
 1-4 NB =       909.4909  1-4 EEL =     12381.4042  VDWAALS    =     -2367.4326
 EELEC  =    -19969.9781  EGB     =     -4894.2324  RESTRAINT  =       112.1980
 EAMBER (non-restraint)  =     -9125.0343
 ESURF=        78.3075
 ------------------------------------------------------------------------------

 NMR restraints: Bond =    0.000   Angle =     0.000   Torsion =     0.000
===============================================================================

 NSTEP =    35000   TIME(PS) =      70.000  TEMP(K) =   114.41  PRESS =     0.0
 Etot   =     -7693.6626  EKtot   =      1262.8688  EPtot      =     -8956.5314
 BOND   =       420.8152  ANGLE   =      1111.7428  DIHED      =      3274.6426
 1-4 NB =       905.4919  1-4 EEL =     12388.0439  VDWAALS    =     -2360.5196
 EELEC  =    -20057.7297  EGB     =     -4828.2533  RESTRAINT  =       112.8285
 EAMBER (non-restraint)  =     -9069.3599
 ESURF=        76.4062
 ------------------------------------------------------------------------------

 NMR restraints: Bond =    0.000   Angle =     0.000   Torsion =     0.000
===============================================================================

 NSTEP =    40000   TIME(PS) =      80.000  TEMP(K) =   115.39  PRESS =     0.0
 Etot   =     -7661.5895  EKtot   =      1273.6971  EPtot      =     -8935.2866
 BOND   =       419.4800  ANGLE   =      1129.6194  DIHED      =      3247.4582
 1-4 NB =       907.0660  1-4 EEL =     12363.0539  VDWAALS    =     -2357.9661
 EELEC  =    -20007.3794  EGB     =     -4833.3996  RESTRAINT  =       118.3577
 EAMBER (non-restraint)  =     -9053.6443
 ESURF=        78.4233
 ------------------------------------------------------------------------------

 NMR restraints: Bond =    0.000   Angle =     0.000   Torsion =     0.000
===============================================================================

 NSTEP =    45000   TIME(PS) =      90.000  TEMP(K) =   116.15  PRESS =     0.0
 Etot   =     -7610.8295  EKtot   =      1282.0618  EPtot      =     -8892.8912
 BOND   =       422.6006  ANGLE   =      1157.0154  DIHED      =      3276.5290
 1-4 NB =       909.5866  1-4 EEL =     12396.7034  VDWAALS    =     -2364.0613
 EELEC  =    -20069.8206  EGB     =     -4814.1262  RESTRAINT  =       114.3014
 EAMBER (non-restraint)  =     -9007.1926
 ESURF=        78.3804
 ------------------------------------------------------------------------------

 NMR restraints: Bond =    0.000   Angle =     0.000   Torsion =     0.000
===============================================================================

 NSTEP =    50000   TIME(PS) =     100.000  TEMP(K) =   118.21  PRESS =     0.0
 Etot   =     -7584.7060  EKtot   =      1304.7988  EPtot      =     -8889.5048
 BOND   =       438.5546  ANGLE   =      1118.6098  DIHED      =      3284.3409
 1-4 NB =       912.3076  1-4 EEL =     12349.0767  VDWAALS    =     -2357.6439
 EELEC  =    -20025.9708  EGB     =     -4810.6374  RESTRAINT  =       123.4624
 EAMBER (non-restraint)  =     -9012.9673
 ESURF=        78.3953
 ------------------------------------------------------------------------------

 NMR restraints: Bond =    0.000   Angle =     0.000   Torsion =     0.000
===============================================================================

 NSTEP =    55000   TIME(PS) =     110.000  TEMP(K) =   122.26  PRESS =     0.0
 Etot   =     -7504.4607  EKtot   =      1349.5412  EPtot      =     -8854.0019
 BOND   =       421.5663  ANGLE   =      1173.7349  DIHED      =      3283.2509
 1-4 NB =       901.8717  1-4 EEL =     12381.8428  VDWAALS    =     -2357.3604
 EELEC  =    -20035.1700  EGB     =     -4826.1101  RESTRAINT  =       124.7338
 EAMBER (non-restraint)  =     -8978.7357
 ESURF=        77.6381
 ------------------------------------------------------------------------------

 NMR restraints: Bond =    0.000   Angle =     0.000   Torsion =     0.000
===============================================================================

 NSTEP =    60000   TIME(PS) =     120.000  TEMP(K) =   123.51  PRESS =     0.0
 Etot   =     -7456.7795  EKtot   =      1363.3236  EPtot      =     -8820.1031
 BOND   =       432.5268  ANGLE   =      1161.6999  DIHED      =      3303.3090
 1-4 NB =       899.2261  1-4 EEL =     12362.2707  VDWAALS    =     -2365.7491
 EELEC  =    -19999.2102  EGB     =     -4828.6695  RESTRAINT  =       134.7954
 EAMBER (non-restraint)  =     -8954.8985
 ESURF=        79.6977
 ------------------------------------------------------------------------------

 NMR restraints: Bond =    0.000   Angle =     0.000   Torsion =     0.000
===============================================================================

 NSTEP =    65000   TIME(PS) =     130.000  TEMP(K) =   124.58  PRESS =     0.0
 Etot   =     -7457.0323  EKtot   =      1375.0805  EPtot      =     -8832.1127
 BOND   =       441.9065  ANGLE   =      1165.8767  DIHED      =      3293.7777
 1-4 NB =       919.0270  1-4 EEL =     12379.0663  VDWAALS    =     -2367.6066
 EELEC  =    -19922.5958  EGB     =     -4943.3042  RESTRAINT  =       121.6486
 EAMBER (non-restraint)  =     -8953.7613
 ESURF=        80.0911
 ------------------------------------------------------------------------------

 NMR restraints: Bond =    0.000   Angle =     0.000   Torsion =     0.000
===============================================================================

 NSTEP =    70000   TIME(PS) =     140.000  TEMP(K) =   126.19  PRESS =     0.0
 Etot   =     -7384.5576  EKtot   =      1392.8536  EPtot      =     -8777.4112
 BOND   =       445.6050  ANGLE   =      1185.6125  DIHED      =      3293.1262
 1-4 NB =       906.3504  1-4 EEL =     12357.1576  VDWAALS    =     -2354.4864
 EELEC  =    -20001.5028  EGB     =     -4824.6215  RESTRAINT  =       136.3661
 EAMBER (non-restraint)  =     -8913.7773
 ESURF=        78.9815
 ------------------------------------------------------------------------------

 NMR restraints: Bond =    0.000   Angle =     0.000   Torsion =     0.000
===============================================================================

 NSTEP =    75000   TIME(PS) =     150.000  TEMP(K) =   128.54  PRESS =     0.0
 Etot   =     -7360.1860  EKtot   =      1418.7693  EPtot      =     -8778.9552
 BOND   =       448.5416  ANGLE   =      1212.4547  DIHED      =      3281.3223
 1-4 NB =       901.6996  1-4 EEL =     12387.1207  VDWAALS    =     -2356.6142
 EELEC  =    -19992.2378  EGB     =     -4866.9855  RESTRAINT  =       123.7099
 EAMBER (non-restraint)  =     -8902.6651
 ESURF=        82.0336
 ------------------------------------------------------------------------------

 NMR restraints: Bond =    0.000   Angle =     0.000   Torsion =     0.000
===============================================================================

 NSTEP =    80000   TIME(PS) =     160.000  TEMP(K) =   132.03  PRESS =     0.0
 Etot   =     -7309.6922  EKtot   =      1457.2929  EPtot      =     -8766.9851
 BOND   =       445.1145  ANGLE   =      1218.4533  DIHED      =      3297.8748
 1-4 NB =       912.7624  1-4 EEL =     12369.8418  VDWAALS    =     -2365.7852
 EELEC  =    -20005.4127  EGB     =     -4847.1298  RESTRAINT  =       127.0177
 EAMBER (non-restraint)  =     -8894.0028
 ESURF=        80.2780
 ------------------------------------------------------------------------------

 NMR restraints: Bond =    0.000   Angle =     0.000   Torsion =     0.000
===============================================================================

 NSTEP =    85000   TIME(PS) =     170.000  TEMP(K) =   138.71  PRESS =     0.0
 Etot   =     -7211.8007  EKtot   =      1531.0663  EPtot      =     -8742.8670
 BOND   =       443.7236  ANGLE   =      1249.0071  DIHED      =      3292.9281
 1-4 NB =       916.0993  1-4 EEL =     12371.0276  VDWAALS    =     -2352.5104
 EELEC  =    -19981.9293  EGB     =     -4892.0199  RESTRAINT  =       130.2797
 EAMBER (non-restraint)  =     -8873.1466
 ESURF=        80.5272
 ------------------------------------------------------------------------------

 NMR restraints: Bond =    0.000   Angle =     0.000   Torsion =     0.000
===============================================================================

 NSTEP =    90000   TIME(PS) =     180.000  TEMP(K) =   136.66  PRESS =     0.0
 Etot   =     -7175.6034  EKtot   =      1508.4770  EPtot      =     -8684.0804
 BOND   =       442.4604  ANGLE   =      1262.0155  DIHED      =      3313.0936
 1-4 NB =       927.3882  1-4 EEL =     12393.0142  VDWAALS    =     -2348.4259
 EELEC  =    -20003.1524  EGB     =     -4882.0741  RESTRAINT  =       131.3922
 EAMBER (non-restraint)  =     -8815.4726
 ESURF=        80.2079
 ------------------------------------------------------------------------------

 NMR restraints: Bond =    0.000   Angle =     0.000   Torsion =     0.000
===============================================================================

 NSTEP =    95000   TIME(PS) =     190.000  TEMP(K) =   138.17  PRESS =     0.0
 Etot   =     -7172.9984  EKtot   =      1525.1417  EPtot      =     -8698.1401
 BOND   =       443.9652  ANGLE   =      1248.3746  DIHED      =      3289.4244
 1-4 NB =       924.5673  1-4 EEL =     12374.8695  VDWAALS    =     -2351.0458
 EELEC  =    -19992.0863  EGB     =     -4856.5558  RESTRAINT  =       140.2718
 EAMBER (non-restraint)  =     -8838.4119
 ESURF=        80.0751
 ------------------------------------------------------------------------------

 NMR restraints: Bond =    0.000   Angle =     0.000   Torsion =     0.000
===============================================================================

 NSTEP =   100000   TIME(PS) =     200.000  TEMP(K) =   141.42  PRESS =     0.0
 Etot   =     -7084.9662  EKtot   =      1560.9303  EPtot      =     -8645.8966
 BOND   =       455.1601  ANGLE   =      1280.8027  DIHED      =      3296.2005
 1-4 NB =       918.0845  1-4 EEL =     12402.3508  VDWAALS    =     -2357.6918
 EELEC  =    -20020.8779  EGB     =     -4846.8373  RESTRAINT  =       146.2597
 EAMBER (non-restraint)  =     -8792.1563
 ESURF=        80.6520
 ------------------------------------------------------------------------------

 NMR restraints: Bond =    0.000   Angle =     0.000   Torsion =     0.000
===============================================================================

 NSTEP =   105000   TIME(PS) =     210.000  TEMP(K) =   140.93  PRESS =     0.0
 Etot   =     -7102.3314  EKtot   =      1555.5363  EPtot      =     -8657.8678
 BOND   =       487.5482  ANGLE   =      1269.3976  DIHED      =      3307.9340
 1-4 NB =       910.8051  1-4 EEL =     12330.1483  VDWAALS    =     -2361.9655
 EELEC  =    -19997.3852  EGB     =     -4822.6599  RESTRAINT  =       138.4972
 EAMBER (non-restraint)  =     -8796.3650
 ESURF=        79.8124
 ------------------------------------------------------------------------------

 NMR restraints: Bond =    0.000   Angle =     0.000   Torsion =     0.000
===============================================================================

 NSTEP =   110000   TIME(PS) =     220.000  TEMP(K) =   141.81  PRESS =     0.0
 Etot   =     -7059.3942  EKtot   =      1565.2936  EPtot      =     -8624.6877
 BOND   =       460.1681  ANGLE   =      1307.1740  DIHED      =      3295.5249
 1-4 NB =       901.3016  1-4 EEL =     12374.9274  VDWAALS    =     -2334.5353
 EELEC  =    -19987.7489  EGB     =     -4857.4261  RESTRAINT  =       134.8397
 EAMBER (non-restraint)  =     -8759.5274
 ESURF=        81.0868
 ------------------------------------------------------------------------------

 NMR restraints: Bond =    0.000   Angle =     0.000   Torsion =     0.000
===============================================================================

 NSTEP =   115000   TIME(PS) =     230.000  TEMP(K) =   144.73  PRESS =     0.0
 Etot   =     -6965.6271  EKtot   =      1597.4685  EPtot      =     -8563.0956
 BOND   =       483.6215  ANGLE   =      1297.0771  DIHED      =      3339.0933
 1-4 NB =       919.3218  1-4 EEL =     12345.9006  VDWAALS    =     -2341.5112
 EELEC  =    -20005.1766  EGB     =     -4831.1528  RESTRAINT  =       148.8333
 EAMBER (non-restraint)  =     -8711.9289
 ESURF=        80.8975
 ------------------------------------------------------------------------------

 NMR restraints: Bond =    0.000   Angle =     0.000   Torsion =     0.000
===============================================================================

 NSTEP =   120000   TIME(PS) =     240.000  TEMP(K) =   150.93  PRESS =     0.0
 Etot   =     -6881.6930  EKtot   =      1665.9428  EPtot      =     -8547.6359
 BOND   =       500.2614  ANGLE   =      1313.1483  DIHED      =      3340.1250
 1-4 NB =       916.1641  1-4 EEL =     12354.4593  VDWAALS    =     -2325.5571
 EELEC  =    -20015.7590  EGB     =     -4857.0056  RESTRAINT  =       146.2931
 EAMBER (non-restraint)  =     -8693.9290
 ESURF=        80.2346
 ------------------------------------------------------------------------------

 NMR restraints: Bond =    0.000   Angle =     0.000   Torsion =     0.000
===============================================================================

 NSTEP =   125000   TIME(PS) =     250.000  TEMP(K) =   150.58  PRESS =     0.0
 Etot   =     -6874.6677  EKtot   =      1662.0899  EPtot      =     -8536.7576
 BOND   =       495.8348  ANGLE   =      1335.7478  DIHED      =      3302.0133
 1-4 NB =       912.7136  1-4 EEL =     12354.4245  VDWAALS    =     -2344.6105
 EELEC  =    -19962.9723  EGB     =     -4859.0391  RESTRAINT  =       146.6517
 EAMBER (non-restraint)  =     -8683.4092
 ESURF=        82.4788
 ------------------------------------------------------------------------------

 NMR restraints: Bond =    0.000   Angle =     0.000   Torsion =     0.000
===============================================================================

 NSTEP =   130000   TIME(PS) =     260.000  TEMP(K) =   151.56  PRESS =     0.0
 Etot   =     -6839.4277  EKtot   =      1672.8976  EPtot      =     -8512.3253
 BOND   =       480.6956  ANGLE   =      1328.0360  DIHED      =      3333.7348
 1-4 NB =       915.9751  1-4 EEL =     12348.5497  VDWAALS    =     -2330.4430
 EELEC  =    -19941.5152  EGB     =     -4874.6289  RESTRAINT  =       145.2373
 EAMBER (non-restraint)  =     -8657.5626
 ESURF=        82.0334
 ------------------------------------------------------------------------------

 NMR restraints: Bond =    0.000   Angle =     0.000   Torsion =     0.000
===============================================================================

 NSTEP =   135000   TIME(PS) =     270.000  TEMP(K) =   152.35  PRESS =     0.0
 Etot   =     -6816.7590  EKtot   =      1681.6325  EPtot      =     -8498.3915
 BOND   =       512.0061  ANGLE   =      1305.6233  DIHED      =      3341.2066
 1-4 NB =       918.4363  1-4 EEL =     12343.5105  VDWAALS    =     -2336.5876
 EELEC  =    -19962.9485  EGB     =     -4856.1456  RESTRAINT  =       154.2536
 EAMBER (non-restraint)  =     -8652.6451
 ESURF=        82.2538
 ------------------------------------------------------------------------------

 NMR restraints: Bond =    0.000   Angle =     0.000   Torsion =     0.000
===============================================================================

 NSTEP =   140000   TIME(PS) =     280.000  TEMP(K) =   156.70  PRESS =     0.0
 Etot   =     -6724.9571  EKtot   =      1729.6528  EPtot      =     -8454.6099
 BOND   =       514.9222  ANGLE   =      1316.4202  DIHED      =      3328.7513
 1-4 NB =       939.4591  1-4 EEL =     12373.2681  VDWAALS    =     -2342.7153
 EELEC  =    -19962.4339  EGB     =     -4857.9367  RESTRAINT  =       153.4296
 EAMBER (non-restraint)  =     -8608.0395
 ESURF=        82.2256
 ------------------------------------------------------------------------------

 NMR restraints: Bond =    0.000   Angle =     0.000   Torsion =     0.000
===============================================================================

 NSTEP =   145000   TIME(PS) =     290.000  TEMP(K) =   156.11  PRESS =     0.0
 Etot   =     -6735.7312  EKtot   =      1723.0874  EPtot      =     -8458.8186
 BOND   =       497.5298  ANGLE   =      1349.0312  DIHED      =      3333.0758
 1-4 NB =       920.4582  1-4 EEL =     12372.6200  VDWAALS    =     -2322.6311
 EELEC  =    -20004.4166  EGB     =     -4847.4639  RESTRAINT  =       161.2464
 EAMBER (non-restraint)  =     -8620.0649
 ESURF=        81.7317
 ------------------------------------------------------------------------------

 NMR restraints: Bond =    0.000   Angle =     0.000   Torsion =     0.000
===============================================================================

 NSTEP =   150000   TIME(PS) =     300.000  TEMP(K) =   163.62  PRESS =     0.0
 Etot   =     -6689.4383  EKtot   =      1805.9638  EPtot      =     -8495.4021
 BOND   =       491.3665  ANGLE   =      1356.5275  DIHED      =      3326.7417
 1-4 NB =       924.8660  1-4 EEL =     12409.0935  VDWAALS    =     -2340.9063
 EELEC  =    -20004.2300  EGB     =     -4879.4054  RESTRAINT  =       140.8606
 EAMBER (non-restraint)  =     -8636.2627
 ESURF=        79.6839
 ------------------------------------------------------------------------------

 NMR restraints: Bond =    0.000   Angle =     0.000   Torsion =     0.000
===============================================================================

 NSTEP =   155000   TIME(PS) =     310.000  TEMP(K) =   160.62  PRESS =     0.0
 Etot   =     -6601.9260  EKtot   =      1772.8787  EPtot      =     -8374.8047
 BOND   =       498.1441  ANGLE   =      1411.5346  DIHED      =      3354.6918
 1-4 NB =       925.7178  1-4 EEL =     12363.8215  VDWAALS    =     -2345.3210
 EELEC  =    -19968.7914  EGB     =     -4857.0562  RESTRAINT  =       161.4344
 EAMBER (non-restraint)  =     -8536.2390
 ESURF=        81.0198
 ------------------------------------------------------------------------------

 NMR restraints: Bond =    0.000   Angle =     0.000   Torsion =     0.000
===============================================================================

 NSTEP =   160000   TIME(PS) =     320.000  TEMP(K) =   163.16  PRESS =     0.0
 Etot   =     -6575.5232  EKtot   =      1800.9361  EPtot      =     -8376.4593
 BOND   =       504.6816  ANGLE   =      1421.3110  DIHED      =      3343.8034
 1-4 NB =       929.8519  1-4 EEL =     12367.6588  VDWAALS    =     -2345.3443
 EELEC  =    -19956.7971  EGB     =     -4872.2524  RESTRAINT  =       151.4442
 EAMBER (non-restraint)  =     -8527.9034
 ESURF=        79.1836
 ------------------------------------------------------------------------------

 NMR restraints: Bond =    0.000   Angle =     0.000   Torsion =     0.000
===============================================================================

 NSTEP =   165000   TIME(PS) =     330.000  TEMP(K) =   164.54  PRESS =     0.0
 Etot   =     -6561.9916  EKtot   =      1816.1686  EPtot      =     -8378.1602
 BOND   =       513.7378  ANGLE   =      1397.6246  DIHED      =      3357.7445
 1-4 NB =       911.8319  1-4 EEL =     12373.0046  VDWAALS    =     -2336.7805
 EELEC  =    -19928.4536  EGB     =     -4904.9979  RESTRAINT  =       156.0469
 EAMBER (non-restraint)  =     -8534.2072
 ESURF=        82.0814
 ------------------------------------------------------------------------------

 NMR restraints: Bond =    0.000   Angle =     0.000   Torsion =     0.000
===============================================================================

 NSTEP =   170000   TIME(PS) =     340.000  TEMP(K) =   167.55  PRESS =     0.0
 Etot   =     -6467.0889  EKtot   =      1849.4118  EPtot      =     -8316.5007
 BOND   =       549.2681  ANGLE   =      1444.9946  DIHED      =      3355.5990
 1-4 NB =       909.7393  1-4 EEL =     12340.5157  VDWAALS    =     -2335.0024
 EELEC  =    -19917.0044  EGB     =     -4900.7908  RESTRAINT  =       152.9781
 EAMBER (non-restraint)  =     -8469.4788
 ESURF=        83.2021
 ------------------------------------------------------------------------------

 NMR restraints: Bond =    0.000   Angle =     0.000   Torsion =     0.000
===============================================================================

 NSTEP =   175000   TIME(PS) =     350.000  TEMP(K) =   167.60  PRESS =     0.0
 Etot   =     -6472.4631  EKtot   =      1849.8998  EPtot      =     -8322.3630
 BOND   =       542.6092  ANGLE   =      1432.8899  DIHED      =      3363.6251
 1-4 NB =       913.8180  1-4 EEL =     12358.4880  VDWAALS    =     -2338.0296
 EELEC  =    -19975.3267  EGB     =     -4852.2449  RESTRAINT  =       151.5715
 EAMBER (non-restraint)  =     -8473.9344
 ESURF=        80.2365
 ------------------------------------------------------------------------------

 NMR restraints: Bond =    0.000   Angle =     0.000   Torsion =     0.000
===============================================================================

 NSTEP =   180000   TIME(PS) =     360.000  TEMP(K) =   170.33  PRESS =     0.0
 Etot   =     -6440.5007  EKtot   =      1880.0489  EPtot      =     -8320.5496
 BOND   =       533.3811  ANGLE   =      1415.5528  DIHED      =      3359.3954
 1-4 NB =       937.2660  1-4 EEL =     12385.7422  VDWAALS    =     -2325.2562
 EELEC  =    -19996.1236  EGB     =     -4880.5881  RESTRAINT  =       169.5068
 EAMBER (non-restraint)  =     -8490.0564
 ESURF=        80.5739
 ------------------------------------------------------------------------------

 NMR restraints: Bond =    0.000   Angle =     0.000   Torsion =     0.000
===============================================================================

 NSTEP =   185000   TIME(PS) =     370.000  TEMP(K) =   175.76  PRESS =     0.0
 Etot   =     -6323.2931  EKtot   =      1939.9828  EPtot      =     -8263.2758
 BOND   =       557.5759  ANGLE   =      1481.6761  DIHED      =      3353.9741
 1-4 NB =       928.0462  1-4 EEL =     12340.6378  VDWAALS    =     -2339.7600
 EELEC  =    -19914.3596  EGB     =     -4901.5013  RESTRAINT  =       150.0869
 EAMBER (non-restraint)  =     -8413.3628
 ESURF=        80.3481
 ------------------------------------------------------------------------------

 NMR restraints: Bond =    0.000   Angle =     0.000   Torsion =     0.000
===============================================================================

 NSTEP =   190000   TIME(PS) =     380.000  TEMP(K) =   174.31  PRESS =     0.0
 Etot   =     -6299.0299  EKtot   =      1924.0549  EPtot      =     -8223.0849
 BOND   =       542.6171  ANGLE   =      1460.5769  DIHED      =      3373.3733
 1-4 NB =       933.0067  1-4 EEL =     12401.6740  VDWAALS    =     -2327.9638
 EELEC  =    -19973.1180  EGB     =     -4891.7455  RESTRAINT  =       176.4043
 EAMBER (non-restraint)  =     -8399.4892
 ESURF=        82.0900
 ------------------------------------------------------------------------------

 NMR restraints: Bond =    0.000   Angle =     0.000   Torsion =     0.000
===============================================================================

 NSTEP =   195000   TIME(PS) =     390.000  TEMP(K) =   175.83  PRESS =     0.0
 Etot   =     -6247.2769  EKtot   =      1940.8280  EPtot      =     -8188.1049
 BOND   =       591.6914  ANGLE   =      1485.0922  DIHED      =      3371.7487
 1-4 NB =       926.8310  1-4 EEL =     12313.2088  VDWAALS    =     -2324.7744
 EELEC  =    -19879.8272  EGB     =     -4923.8327  RESTRAINT  =       169.2405
 EAMBER (non-restraint)  =     -8357.3453
 ESURF=        82.5167
 ------------------------------------------------------------------------------

 NMR restraints: Bond =    0.000   Angle =     0.000   Torsion =     0.000
===============================================================================

 NSTEP =   200000   TIME(PS) =     400.000  TEMP(K) =   184.83  PRESS =     0.0
 Etot   =     -6143.0644  EKtot   =      2040.1630  EPtot      =     -8183.2275
 BOND   =       558.7280  ANGLE   =      1496.7836  DIHED      =      3375.2273
 1-4 NB =       928.3399  1-4 EEL =     12394.3770  VDWAALS    =     -2316.7413
 EELEC  =    -20025.4031  EGB     =     -4835.6207  RESTRAINT  =       160.8840
 EAMBER (non-restraint)  =     -8344.1115
 ESURF=        80.1978
 ------------------------------------------------------------------------------

 NMR restraints: Bond =    0.000   Angle =     0.000   Torsion =     0.000
===============================================================================

 NSTEP =   205000   TIME(PS) =     410.000  TEMP(K) =   181.30  PRESS =     0.0
 Etot   =     -6146.7060  EKtot   =      2001.1683  EPtot      =     -8147.8743
 BOND   =       588.1028  ANGLE   =      1516.6838  DIHED      =      3384.7226
 1-4 NB =       930.2017  1-4 EEL =     12337.6232  VDWAALS    =     -2337.7282
 EELEC  =    -19942.3577  EGB     =     -4872.9974  RESTRAINT  =       165.9017
 EAMBER (non-restraint)  =     -8313.7760
 ESURF=        81.9731
 ------------------------------------------------------------------------------

 NMR restraints: Bond =    0.000   Angle =     0.000   Torsion =     0.000
===============================================================================

 NSTEP =   210000   TIME(PS) =     420.000  TEMP(K) =   184.67  PRESS =     0.0
 Etot   =     -6152.0911  EKtot   =      2038.3823  EPtot      =     -8190.4734
 BOND   =       577.9951  ANGLE   =      1481.4117  DIHED      =      3362.8445
 1-4 NB =       936.9828  1-4 EEL =     12351.1232  VDWAALS    =     -2355.3513
 EELEC  =    -19854.4188  EGB     =     -4937.3690  RESTRAINT  =       165.4243
 EAMBER (non-restraint)  =     -8355.8976
 ESURF=        80.8842
 ------------------------------------------------------------------------------

 NMR restraints: Bond =    0.000   Angle =     0.000   Torsion =     0.000
===============================================================================

 NSTEP =   215000   TIME(PS) =     430.000  TEMP(K) =   186.22  PRESS =     0.0
 Etot   =     -6019.4492  EKtot   =      2055.4722  EPtot      =     -8074.9214
 BOND   =       603.6657  ANGLE   =      1532.1311  DIHED      =      3382.4511
 1-4 NB =       924.6416  1-4 EEL =     12391.2875  VDWAALS    =     -2311.0753
 EELEC  =    -20020.3517  EGB     =     -4840.9529  RESTRAINT  =       181.3375
 EAMBER (non-restraint)  =     -8256.2590
 ESURF=        81.9440
 ------------------------------------------------------------------------------

 NMR restraints: Bond =    0.000   Angle =     0.000   Torsion =     0.000
===============================================================================

 NSTEP =   220000   TIME(PS) =     440.000  TEMP(K) =   187.40  PRESS =     0.0
 Etot   =     -6052.0376  EKtot   =      2068.5172  EPtot      =     -8120.5548
 BOND   =       551.4206  ANGLE   =      1529.9706  DIHED      =      3367.7862
 1-4 NB =       940.1694  1-4 EEL =     12388.5979  VDWAALS    =     -2316.8010
 EELEC  =    -19924.6949  EGB     =     -4919.3049  RESTRAINT  =       179.5336
 EAMBER (non-restraint)  =     -8300.0885
 ESURF=        82.7677
 ------------------------------------------------------------------------------

 NMR restraints: Bond =    0.000   Angle =     0.000   Torsion =     0.000
===============================================================================

 NSTEP =   225000   TIME(PS) =     450.000  TEMP(K) =   193.56  PRESS =     0.0
 Etot   =     -5918.7752  EKtot   =      2136.4792  EPtot      =     -8055.2545
 BOND   =       583.6432  ANGLE   =      1572.1958  DIHED      =      3390.6142
 1-4 NB =       940.8949  1-4 EEL =     12368.2480  VDWAALS    =     -2340.4862
 EELEC  =    -19917.1281  EGB     =     -4913.9899  RESTRAINT  =       178.4877
 EAMBER (non-restraint)  =     -8233.7422
 ESURF=        82.2658
 ------------------------------------------------------------------------------

 NMR restraints: Bond =    0.000   Angle =     0.000   Torsion =     0.000
===============================================================================

 NSTEP =   230000   TIME(PS) =     460.000  TEMP(K) =   193.40  PRESS =     0.0
 Etot   =     -5904.1953  EKtot   =      2134.6968  EPtot      =     -8038.8921
 BOND   =       599.7493  ANGLE   =      1604.3505  DIHED      =      3370.6352
 1-4 NB =       926.3718  1-4 EEL =     12351.3609  VDWAALS    =     -2332.6192
 EELEC  =    -19910.7895  EGB     =     -4904.4450  RESTRAINT  =       173.3999
 EAMBER (non-restraint)  =     -8212.2920
 ESURF=        83.0940
 ------------------------------------------------------------------------------

 NMR restraints: Bond =    0.000   Angle =     0.000   Torsion =     0.000
===============================================================================

 NSTEP =   235000   TIME(PS) =     470.000  TEMP(K) =   191.74  PRESS =     0.0
 Etot   =     -5939.6436  EKtot   =      2116.3748  EPtot      =     -8056.0185
 BOND   =       588.2466  ANGLE   =      1564.8045  DIHED      =      3391.2520
 1-4 NB =       945.9548  1-4 EEL =     12396.6115  VDWAALS    =     -2326.0008
 EELEC  =    -20022.0671  EGB     =     -4838.8133  RESTRAINT  =       163.4669
 EAMBER (non-restraint)  =     -8219.4854
 ESURF=        80.5264
 ------------------------------------------------------------------------------

 NMR restraints: Bond =    0.000   Angle =     0.000   Torsion =     0.000
===============================================================================

 NSTEP =   240000   TIME(PS) =     480.000  TEMP(K) =   190.36  PRESS =     0.0
 Etot   =     -5958.7891  EKtot   =      2101.1190  EPtot      =     -8059.9082
 BOND   =       610.7615  ANGLE   =      1537.2939  DIHED      =      3379.8024
 1-4 NB =       936.7050  1-4 EEL =     12392.0719  VDWAALS    =     -2317.2307
 EELEC  =    -19962.9190  EGB     =     -4885.7180  RESTRAINT  =       167.4213
 EAMBER (non-restraint)  =     -8227.3295
 ESURF=        81.9035
 ------------------------------------------------------------------------------

 NMR restraints: Bond =    0.000   Angle =     0.000   Torsion =     0.000
===============================================================================

 NSTEP =   245000   TIME(PS) =     490.000  TEMP(K) =   199.72  PRESS =     0.0
 Etot   =     -5822.2122  EKtot   =      2204.4711  EPtot      =     -8026.6833
 BOND   =       593.0977  ANGLE   =      1575.5652  DIHED      =      3378.5272
 1-4 NB =       941.3090  1-4 EEL =     12361.7416  VDWAALS    =     -2308.7127
 EELEC  =    -19933.7518  EGB     =     -4895.4241  RESTRAINT  =       180.4633
 EAMBER (non-restraint)  =     -8207.1466
 ESURF=        80.5013
 ------------------------------------------------------------------------------

 NMR restraints: Bond =    0.000   Angle =     0.000   Torsion =     0.000
===============================================================================

 NSTEP =   250000   TIME(PS) =     500.000  TEMP(K) =   199.67  PRESS =     0.0
 Etot   =     -5797.1637  EKtot   =      2203.9492  EPtot      =     -8001.1128
 BOND   =       621.2031  ANGLE   =      1583.0190  DIHED      =      3377.8045
 1-4 NB =       939.1670  1-4 EEL =     12359.0617  VDWAALS    =     -2324.6062
 EELEC  =    -19912.9234  EGB     =     -4904.7809  RESTRAINT  =       178.7826
 EAMBER (non-restraint)  =     -8179.8955
 ESURF=        82.1598
 ------------------------------------------------------------------------------

 NMR restraints: Bond =    0.000   Angle =     0.000   Torsion =     0.000
===============================================================================

 NSTEP =   255000   TIME(PS) =     510.000  TEMP(K) =   195.38  PRESS =     0.0
 Etot   =     -5822.6096  EKtot   =      2156.6036  EPtot      =     -7979.2133
 BOND   =       612.7746  ANGLE   =      1580.3479  DIHED      =      3386.4208
 1-4 NB =       939.8940  1-4 EEL =     12383.4895  VDWAALS    =     -2320.8985
 EELEC  =    -19899.6049  EGB     =     -4920.3336  RESTRAINT  =       177.8210
 EAMBER (non-restraint)  =     -8157.0343
 ESURF=        80.8758
 ------------------------------------------------------------------------------

 NMR restraints: Bond =    0.000   Angle =     0.000   Torsion =     0.000
===============================================================================

 NSTEP =   260000   TIME(PS) =     520.000  TEMP(K) =   203.26  PRESS =     0.0
 Etot   =     -5731.7390  EKtot   =      2243.5663  EPtot      =     -7975.3053
 BOND   =       598.5993  ANGLE   =      1615.3302  DIHED      =      3370.9803
 1-4 NB =       948.8189  1-4 EEL =     12397.0784  VDWAALS    =     -2302.9944
 EELEC  =    -19969.0915  EGB     =     -4891.3391  RESTRAINT  =       176.0817
 EAMBER (non-restraint)  =     -8151.3870
 ESURF=        81.2309
 ------------------------------------------------------------------------------

 NMR restraints: Bond =    0.000   Angle =     0.000   Torsion =     0.000
===============================================================================

 NSTEP =   265000   TIME(PS) =     530.000  TEMP(K) =   207.97  PRESS =     0.0
 Etot   =     -5589.4290  EKtot   =      2295.5943  EPtot      =     -7885.0233
 BOND   =       614.5964  ANGLE   =      1627.0167  DIHED      =      3423.2457
 1-4 NB =       945.9658  1-4 EEL =     12414.4995  VDWAALS    =     -2301.0739
 EELEC  =    -20059.1926  EGB     =     -4825.5169  RESTRAINT  =       194.8272
 EAMBER (non-restraint)  =     -8079.8505
 ESURF=        80.6087
 ------------------------------------------------------------------------------

 NMR restraints: Bond =    0.000   Angle =     0.000   Torsion =     0.000
===============================================================================

 NSTEP =   270000   TIME(PS) =     540.000  TEMP(K) =   208.80  PRESS =     0.0
 Etot   =     -5610.0867  EKtot   =      2304.6881  EPtot      =     -7914.7748
 BOND   =       637.0384  ANGLE   =      1630.6872  DIHED      =      3403.8198
 1-4 NB =       944.4134  1-4 EEL =     12334.6156  VDWAALS    =     -2308.6181
 EELEC  =    -19922.9318  EGB     =     -4893.0654  RESTRAINT  =       176.5908
 EAMBER (non-restraint)  =     -8091.3656
 ESURF=        82.6753
 ------------------------------------------------------------------------------

 NMR restraints: Bond =    0.000   Angle =     0.000   Torsion =     0.000
===============================================================================

 NSTEP =   275000   TIME(PS) =     550.000  TEMP(K) =   203.97  PRESS =     0.0
 Etot   =     -5645.0410  EKtot   =      2251.4037  EPtot      =     -7896.4447
 BOND   =       627.6374  ANGLE   =      1624.6371  DIHED      =      3401.9044
 1-4 NB =       957.8761  1-4 EEL =     12382.3286  VDWAALS    =     -2312.9073
 EELEC  =    -20028.8287  EGB     =     -4818.1119  RESTRAINT  =       186.6639
 EAMBER (non-restraint)  =     -8083.1086
 ESURF=        82.3557
 ------------------------------------------------------------------------------

 NMR restraints: Bond =    0.000   Angle =     0.000   Torsion =     0.000
===============================================================================

 NSTEP =   280000   TIME(PS) =     560.000  TEMP(K) =   213.58  PRESS =     0.0
 Etot   =     -5455.7188  EKtot   =      2357.4159  EPtot      =     -7813.1346
 BOND   =       628.5726  ANGLE   =      1679.9338  DIHED      =      3405.6993
 1-4 NB =       956.5784  1-4 EEL =     12359.6884  VDWAALS    =     -2301.2109
 EELEC  =    -19897.4308  EGB     =     -4917.6961  RESTRAINT  =       190.5163
 EAMBER (non-restraint)  =     -8003.6509
 ESURF=        82.2144
 ------------------------------------------------------------------------------

 NMR restraints: Bond =    0.000   Angle =     0.000   Torsion =     0.000
===============================================================================

 NSTEP =   285000   TIME(PS) =     570.000  TEMP(K) =   210.67  PRESS =     0.0
 Etot   =     -5446.2566  EKtot   =      2325.3211  EPtot      =     -7771.5777
 BOND   =       643.2635  ANGLE   =      1724.1062  DIHED      =      3432.2288
 1-4 NB =       956.2664  1-4 EEL =     12343.8859  VDWAALS    =     -2325.2611
 EELEC  =    -19969.8057  EGB     =     -4862.2492  RESTRAINT  =       203.7567
 EAMBER (non-restraint)  =     -7975.3344
 ESURF=        82.2309
 ------------------------------------------------------------------------------

 NMR restraints: Bond =    0.000   Angle =     0.000   Torsion =     0.000
===============================================================================

 NSTEP =   290000   TIME(PS) =     580.000  TEMP(K) =   213.82  PRESS =     0.0
 Etot   =     -5407.6002  EKtot   =      2360.1683  EPtot      =     -7767.7685
 BOND   =       627.2036  ANGLE   =      1672.7581  DIHED      =      3414.3961
 1-4 NB =       955.4934  1-4 EEL =     12379.7045  VDWAALS    =     -2285.3399
 EELEC  =    -19959.4718  EGB     =     -4861.9312  RESTRAINT  =       205.9400
 EAMBER (non-restraint)  =     -7973.7085
 ESURF=        83.4787
 ------------------------------------------------------------------------------

 NMR restraints: Bond =    0.000   Angle =     0.000   Torsion =     0.000
===============================================================================

 NSTEP =   295000   TIME(PS) =     590.000  TEMP(K) =   220.64  PRESS =     0.0
 Etot   =     -5365.1768  EKtot   =      2435.3966  EPtot      =     -7800.5734
 BOND   =       661.7670  ANGLE   =      1675.7578  DIHED      =      3402.7472
 1-4 NB =       958.9762  1-4 EEL =     12356.0171  VDWAALS    =     -2338.0910
 EELEC  =    -19918.7231  EGB     =     -4869.5207  RESTRAINT  =       189.3838
 EAMBER (non-restraint)  =     -7989.9572
 ESURF=        81.1123
 ------------------------------------------------------------------------------

 NMR restraints: Bond =    0.000   Angle =     0.000   Torsion =     0.000
===============================================================================

 NSTEP =   300000   TIME(PS) =     600.000  TEMP(K) =   220.93  PRESS =     0.0
 Etot   =     -5362.4333  EKtot   =      2438.5496  EPtot      =     -7800.9829
 BOND   =       656.5207  ANGLE   =      1679.5533  DIHED      =      3407.7632
 1-4 NB =       958.0022  1-4 EEL =     12359.1636  VDWAALS    =     -2297.3613
 EELEC  =    -19986.2006  EGB     =     -4866.6396  RESTRAINT  =       205.5527
 EAMBER (non-restraint)  =     -8006.5357
 ESURF=        82.6628
 ------------------------------------------------------------------------------

 NMR restraints: Bond =    0.000   Angle =     0.000   Torsion =     0.000
===============================================================================

 NSTEP =   305000   TIME(PS) =     610.000  TEMP(K) =   222.48  PRESS =     0.0
 Etot   =     -5313.0728  EKtot   =      2455.7133  EPtot      =     -7768.7862
 BOND   =       665.1291  ANGLE   =      1703.0078  DIHED      =      3453.2020
 1-4 NB =       943.6108  1-4 EEL =     12370.6944  VDWAALS    =     -2325.2477
 EELEC  =    -20088.0617  EGB     =     -4765.2839  RESTRAINT  =       192.0508
 EAMBER (non-restraint)  =     -7960.8370
 ESURF=        82.1122
 ------------------------------------------------------------------------------

 NMR restraints: Bond =    0.000   Angle =     0.000   Torsion =     0.000
===============================================================================

 NSTEP =   310000   TIME(PS) =     620.000  TEMP(K) =   224.02  PRESS =     0.0
 Etot   =     -5221.9988  EKtot   =      2472.7045  EPtot      =     -7694.7033
 BOND   =       669.7031  ANGLE   =      1737.3294  DIHED      =      3396.2187
 1-4 NB =       951.6762  1-4 EEL =     12392.5731  VDWAALS    =     -2309.0000
 EELEC  =    -19913.4714  EGB     =     -4895.8744  RESTRAINT  =       191.4187
 EAMBER (non-restraint)  =     -7886.1220
 ESURF=        84.7233
 ------------------------------------------------------------------------------

 NMR restraints: Bond =    0.000   Angle =     0.000   Torsion =     0.000
===============================================================================

 NSTEP =   315000   TIME(PS) =     630.000  TEMP(K) =   227.32  PRESS =     0.0
 Etot   =     -5196.6953  EKtot   =      2509.1804  EPtot      =     -7705.8757
 BOND   =       642.9245  ANGLE   =      1753.5431  DIHED      =      3413.7399
 1-4 NB =       949.0483  1-4 EEL =     12360.0418  VDWAALS    =     -2320.6203
 EELEC  =    -19884.9850  EGB     =     -4900.8705  RESTRAINT  =       197.6589
 EAMBER (non-restraint)  =     -7903.5346
 ESURF=        83.6436
 ------------------------------------------------------------------------------

 NMR restraints: Bond =    0.000   Angle =     0.000   Torsion =     0.000
===============================================================================

 NSTEP =   320000   TIME(PS) =     640.000  TEMP(K) =   230.25  PRESS =     0.0
 Etot   =     -5172.1787  EKtot   =      2541.5125  EPtot      =     -7713.6912
 BOND   =       646.2300  ANGLE   =      1718.1880  DIHED      =      3462.1090
 1-4 NB =       945.8401  1-4 EEL =     12392.9734  VDWAALS    =     -2291.6945
 EELEC  =    -20012.0719  EGB     =     -4857.9745  RESTRAINT  =       199.0485
 EAMBER (non-restraint)  =     -7912.7397
 ESURF=        83.6607
 ------------------------------------------------------------------------------

 NMR restraints: Bond =    0.000   Angle =     0.000   Torsion =     0.000
===============================================================================

 NSTEP =   325000   TIME(PS) =     650.000  TEMP(K) =   232.21  PRESS =     0.0
 Etot   =     -5059.6558  EKtot   =      2563.0953  EPtot      =     -7622.7511
 BOND   =       697.9057  ANGLE   =      1759.1610  DIHED      =      3425.9712
 1-4 NB =       957.6356  1-4 EEL =     12359.0935  VDWAALS    =     -2281.5086
 EELEC  =    -19950.7369  EGB     =     -4872.5275  RESTRAINT  =       199.2462
 EAMBER (non-restraint)  =     -7821.9973
 ESURF=        83.0087
 ------------------------------------------------------------------------------

 NMR restraints: Bond =    0.000   Angle =     0.000   Torsion =     0.000
===============================================================================

 NSTEP =   330000   TIME(PS) =     660.000  TEMP(K) =   226.50  PRESS =     0.0
 Etot   =     -5127.9530  EKtot   =      2500.0972  EPtot      =     -7628.0502
 BOND   =       657.5436  ANGLE   =      1791.1065  DIHED      =      3441.0302
 1-4 NB =       953.8923  1-4 EEL =     12376.3776  VDWAALS    =     -2324.3704
 EELEC  =    -19920.5935  EGB     =     -4891.6329  RESTRAINT  =       204.6507
 EAMBER (non-restraint)  =     -7832.7009
 ESURF=        83.9457
 ------------------------------------------------------------------------------

 NMR restraints: Bond =    0.000   Angle =     0.000   Torsion =     0.000
===============================================================================

 NSTEP =   335000   TIME(PS) =     670.000  TEMP(K) =   238.34  PRESS =     0.0
 Etot   =     -5027.0181  EKtot   =      2630.7092  EPtot      =     -7657.7273
 BOND   =       641.8673  ANGLE   =      1772.1347  DIHED      =      3433.6094
 1-4 NB =       971.8913  1-4 EEL =     12381.4275  VDWAALS    =     -2304.8879
 EELEC  =    -20017.6280  EGB     =     -4819.6881  RESTRAINT  =       199.8203
 EAMBER (non-restraint)  =     -7857.5476
 ESURF=        83.7261
 ------------------------------------------------------------------------------

 NMR restraints: Bond =    0.000   Angle =     0.000   Torsion =     0.000
===============================================================================

 NSTEP =   340000   TIME(PS) =     680.000  TEMP(K) =   238.02  PRESS =     0.0
 Etot   =     -4923.4852  EKtot   =      2627.2043  EPtot      =     -7550.6895
 BOND   =       705.5880  ANGLE   =      1797.8632  DIHED      =      3451.4906
 1-4 NB =       965.0389  1-4 EEL =     12379.6093  VDWAALS    =     -2292.2679
 EELEC  =    -20035.1112  EGB     =     -4795.9920  RESTRAINT  =       191.5357
 EAMBER (non-restraint)  =     -7742.2252
 ESURF=        81.5560
 ------------------------------------------------------------------------------

 NMR restraints: Bond =    0.000   Angle =     0.000   Torsion =     0.000
===============================================================================

 NSTEP =   345000   TIME(PS) =     690.000  TEMP(K) =   236.90  PRESS =     0.0
 Etot   =     -4899.7259  EKtot   =      2614.8925  EPtot      =     -7514.6184
 BOND   =       699.3916  ANGLE   =      1872.0225  DIHED      =      3459.5407
 1-4 NB =       949.6437  1-4 EEL =     12398.6707  VDWAALS    =     -2303.3044
 EELEC  =    -20025.4777  EGB     =     -4843.8458  RESTRAINT  =       195.7700
 EAMBER (non-restraint)  =     -7710.3884
 ESURF=        82.9703
 ------------------------------------------------------------------------------

 NMR restraints: Bond =    0.000   Angle =     0.000   Torsion =     0.000
===============================================================================

 NSTEP =   350000   TIME(PS) =     700.000  TEMP(K) =   239.97  PRESS =     0.0
 Etot   =     -4888.7370  EKtot   =      2648.7800  EPtot      =     -7537.5171
 BOND   =       688.1838  ANGLE   =      1780.9579  DIHED      =      3438.0679
 1-4 NB =       966.5148  1-4 EEL =     12370.0101  VDWAALS    =     -2280.5419
 EELEC  =    -19886.6675  EGB     =     -4908.7991  RESTRAINT  =       210.2339
 EAMBER (non-restraint)  =     -7747.7509
 ESURF=        84.5232
 ------------------------------------------------------------------------------

 NMR restraints: Bond =    0.000   Angle =     0.000   Torsion =     0.000
===============================================================================

 NSTEP =   355000   TIME(PS) =     710.000  TEMP(K) =   243.64  PRESS =     0.0
 Etot   =     -4765.5007  EKtot   =      2689.2557  EPtot      =     -7454.7565
 BOND   =       696.5973  ANGLE   =      1877.8135  DIHED      =      3443.2430
 1-4 NB =       959.5715  1-4 EEL =     12385.8003  VDWAALS    =     -2284.8954
 EELEC  =    -19894.5498  EGB     =     -4947.1887  RESTRAINT  =       222.9739
 EAMBER (non-restraint)  =     -7677.7304
 ESURF=        85.8781
 ------------------------------------------------------------------------------

 NMR restraints: Bond =    0.000   Angle =     0.000   Torsion =     0.000
===============================================================================

 NSTEP =   360000   TIME(PS) =     720.000  TEMP(K) =   237.43  PRESS =     0.0
 Etot   =     -4914.1462  EKtot   =      2620.7471  EPtot      =     -7534.8933
 BOND   =       634.1214  ANGLE   =      1857.7473  DIHED      =      3446.7387
 1-4 NB =       960.7162  1-4 EEL =     12342.8074  VDWAALS    =     -2262.4424
 EELEC  =    -19879.3416  EGB     =     -4938.9218  RESTRAINT  =       219.0569
 EAMBER (non-restraint)  =     -7753.9502
 ESURF=        84.6247
 ------------------------------------------------------------------------------

 NMR restraints: Bond =    0.000   Angle =     0.000   Torsion =     0.000
===============================================================================

 NSTEP =   365000   TIME(PS) =     730.000  TEMP(K) =   244.94  PRESS =     0.0
 Etot   =     -4783.1141  EKtot   =      2703.6132  EPtot      =     -7486.7273
 BOND   =       709.8188  ANGLE   =      1846.9535  DIHED      =      3447.0799
 1-4 NB =       955.8301  1-4 EEL =     12340.0707  VDWAALS    =     -2284.7146
 EELEC  =    -19974.3586  EGB     =     -4836.6830  RESTRAINT  =       224.6788
 EAMBER (non-restraint)  =     -7711.4060
 ESURF=        84.5974
 ------------------------------------------------------------------------------

 NMR restraints: Bond =    0.000   Angle =     0.000   Torsion =     0.000
===============================================================================

 NSTEP =   370000   TIME(PS) =     740.000  TEMP(K) =   250.06  PRESS =     0.0
 Etot   =     -4694.2796  EKtot   =      2760.0824  EPtot      =     -7454.3621
 BOND   =       719.9442  ANGLE   =      1836.8658  DIHED      =      3494.6959
 1-4 NB =       942.2019  1-4 EEL =     12385.8946  VDWAALS    =     -2299.8358
 EELEC  =    -19987.0663  EGB     =     -4851.2047  RESTRAINT  =       219.1620
 EAMBER (non-restraint)  =     -7673.5240
 ESURF=        84.9804
 ------------------------------------------------------------------------------

 NMR restraints: Bond =    0.000   Angle =     0.000   Torsion =     0.000
===============================================================================

 NSTEP =   375000   TIME(PS) =     750.000  TEMP(K) =   249.46  PRESS =     0.0
 Etot   =     -4559.7296  EKtot   =      2753.5141  EPtot      =     -7313.2437
 BOND   =       723.5755  ANGLE   =      1961.9066  DIHED      =      3496.0210
 1-4 NB =       963.8737  1-4 EEL =     12355.6460  VDWAALS    =     -2287.8811
 EELEC  =    -20062.3051  EGB     =     -4773.4305  RESTRAINT  =       226.1824
 EAMBER (non-restraint)  =     -7539.4261
 ESURF=        83.1677
 ------------------------------------------------------------------------------

 NMR restraints: Bond =    0.000   Angle =     0.000   Torsion =     0.000
===============================================================================

 NSTEP =   380000   TIME(PS) =     760.000  TEMP(K) =   248.55  PRESS =     0.0
 Etot   =     -4675.8354  EKtot   =      2743.4871  EPtot      =     -7419.3225
 BOND   =       696.7622  ANGLE   =      1913.3358  DIHED      =      3497.4489
 1-4 NB =       970.1557  1-4 EEL =     12353.4453  VDWAALS    =     -2299.2860
 EELEC  =    -20105.8722  EGB     =     -4746.4031  RESTRAINT  =       217.1333
 EAMBER (non-restraint)  =     -7636.4558
 ESURF=        83.9576
 ------------------------------------------------------------------------------

 NMR restraints: Bond =    0.000   Angle =     0.000   Torsion =     0.000
===============================================================================

 NSTEP =   385000   TIME(PS) =     770.000  TEMP(K) =   258.37  PRESS =     0.0
 Etot   =     -4518.6432  EKtot   =      2851.8792  EPtot      =     -7370.5224
 BOND   =       723.4604  ANGLE   =      1934.4922  DIHED      =      3462.0319
 1-4 NB =       967.3251  1-4 EEL =     12351.3452  VDWAALS    =     -2302.0457
 EELEC  =    -20010.6010  EGB     =     -4809.3775  RESTRAINT  =       230.2602
 EAMBER (non-restraint)  =     -7600.7826
 ESURF=        82.5867
 ------------------------------------------------------------------------------

 NMR restraints: Bond =    0.000   Angle =     0.000   Torsion =     0.000
===============================================================================

 NSTEP =   390000   TIME(PS) =     780.000  TEMP(K) =   254.03  PRESS =     0.0
 Etot   =     -4529.6653  EKtot   =      2803.9968  EPtot      =     -7333.6621
 BOND   =       735.6606  ANGLE   =      1937.7046  DIHED      =      3477.9766
 1-4 NB =       966.7454  1-4 EEL =     12346.5943  VDWAALS    =     -2287.4875
 EELEC  =    -19902.7003  EGB     =     -4904.3185  RESTRAINT  =       210.8285
 EAMBER (non-restraint)  =     -7544.4906
 ESURF=        85.3344
 ------------------------------------------------------------------------------

 NMR restraints: Bond =    0.000   Angle =     0.000   Torsion =     0.000
===============================================================================

 NSTEP =   395000   TIME(PS) =     790.000  TEMP(K) =   260.89  PRESS =     0.0
 Etot   =     -4424.6180  EKtot   =      2879.6930  EPtot      =     -7304.3110
 BOND   =       766.3044  ANGLE   =      1970.8394  DIHED      =      3485.7210
 1-4 NB =       964.0071  1-4 EEL =     12392.0914  VDWAALS    =     -2294.1557
 EELEC  =    -20090.7731  EGB     =     -4794.9462  RESTRAINT  =       213.5712
 EAMBER (non-restraint)  =     -7517.8822
 ESURF=        83.0295
 ------------------------------------------------------------------------------

 NMR restraints: Bond =    0.000   Angle =     0.000   Torsion =     0.000
===============================================================================

 NSTEP =   400000   TIME(PS) =     800.000  TEMP(K) =   257.74  PRESS =     0.0
 Etot   =     -4417.9248  EKtot   =      2844.9183  EPtot      =     -7262.8431
 BOND   =       762.2328  ANGLE   =      1950.7555  DIHED      =      3501.5922
 1-4 NB =       954.5920  1-4 EEL =     12365.5311  VDWAALS    =     -2286.9708
 EELEC  =    -20021.2312  EGB     =     -4817.6150  RESTRAINT  =       245.6230
 EAMBER (non-restraint)  =     -7508.4661
 ESURF=        82.6475
 ------------------------------------------------------------------------------

 NMR restraints: Bond =    0.000   Angle =     0.000   Torsion =     0.000
===============================================================================

 NSTEP =   405000   TIME(PS) =     810.000  TEMP(K) =   257.98  PRESS =     0.0
 Etot   =     -4391.5820  EKtot   =      2847.5504  EPtot      =     -7239.1324
 BOND   =       760.5706  ANGLE   =      1966.8664  DIHED      =      3510.2829
 1-4 NB =       969.0420  1-4 EEL =     12363.4909  VDWAALS    =     -2284.7999
 EELEC  =    -20090.1178  EGB     =     -4739.4860  RESTRAINT  =       221.3760
 EAMBER (non-restraint)  =     -7460.5085
 ESURF=        83.6424
 ------------------------------------------------------------------------------

 NMR restraints: Bond =    0.000   Angle =     0.000   Torsion =     0.000
===============================================================================

 NSTEP =   410000   TIME(PS) =     820.000  TEMP(K) =   265.83  PRESS =     0.0
 Etot   =     -4330.2152  EKtot   =      2934.2086  EPtot      =     -7264.4238
 BOND   =       752.7165  ANGLE   =      1975.5980  DIHED      =      3472.2056
 1-4 NB =       986.0741  1-4 EEL =     12399.1607  VDWAALS    =     -2295.4249
 EELEC  =    -20096.8439  EGB     =     -4769.6319  RESTRAINT  =       226.8473
 EAMBER (non-restraint)  =     -7491.2711
 ESURF=        84.8747
 ------------------------------------------------------------------------------

 NMR restraints: Bond =    0.000   Angle =     0.000   Torsion =     0.000
===============================================================================

 NSTEP =   415000   TIME(PS) =     830.000  TEMP(K) =   265.09  PRESS =     0.0
 Etot   =     -4292.6363  EKtot   =      2925.9751  EPtot      =     -7218.6114
 BOND   =       747.5698  ANGLE   =      2007.6102  DIHED      =      3519.7953
 1-4 NB =       970.0094  1-4 EEL =     12404.4881  VDWAALS    =     -2284.5803
 EELEC  =    -20157.6255  EGB     =     -4724.3242  RESTRAINT  =       215.8276
 EAMBER (non-restraint)  =     -7434.4390
 ESURF=        82.6182
 ------------------------------------------------------------------------------

 NMR restraints: Bond =    0.000   Angle =     0.000   Torsion =     0.000
===============================================================================

 NSTEP =   420000   TIME(PS) =     840.000  TEMP(K) =   272.53  PRESS =     0.0
 Etot   =     -4150.9726  EKtot   =      3008.1247  EPtot      =     -7159.0972
 BOND   =       734.6916  ANGLE   =      2060.3419  DIHED      =      3500.4334
 1-4 NB =       971.3478  1-4 EEL =     12359.2995  VDWAALS    =     -2253.7621
 EELEC  =    -20106.4679  EGB     =     -4740.3581  RESTRAINT  =       231.1923
 EAMBER (non-restraint)  =     -7390.2895
 ESURF=        84.1845
 ------------------------------------------------------------------------------

 NMR restraints: Bond =    0.000   Angle =     0.000   Torsion =     0.000
===============================================================================

 NSTEP =   425000   TIME(PS) =     850.000  TEMP(K) =   270.78  PRESS =     0.0
 Etot   =     -4184.6269  EKtot   =      2988.8435  EPtot      =     -7173.4704
 BOND   =       797.1025  ANGLE   =      1999.0567  DIHED      =      3479.2866
 1-4 NB =       961.3319  1-4 EEL =     12394.0335  VDWAALS    =     -2269.5238
 EELEC  =    -20012.6942  EGB     =     -4833.4214  RESTRAINT  =       227.9687
 EAMBER (non-restraint)  =     -7401.4391
 ESURF=        83.3892
 ------------------------------------------------------------------------------

 NMR restraints: Bond =    0.000   Angle =     0.000   Torsion =     0.000
===============================================================================

 NSTEP =   430000   TIME(PS) =     860.000  TEMP(K) =   270.30  PRESS =     0.0
 Etot   =     -4157.2007  EKtot   =      2983.5593  EPtot      =     -7140.7600
 BOND   =       808.0560  ANGLE   =      1989.2970  DIHED      =      3508.9351
 1-4 NB =       969.5758  1-4 EEL =     12333.9219  VDWAALS    =     -2281.6226
 EELEC  =    -19940.9354  EGB     =     -4862.9481  RESTRAINT  =       251.3593
 EAMBER (non-restraint)  =     -7392.1193
 ESURF=        83.6012
 ------------------------------------------------------------------------------

 NMR restraints: Bond =    0.000   Angle =     0.000   Torsion =     0.000
===============================================================================

 NSTEP =   435000   TIME(PS) =     870.000  TEMP(K) =   272.02  PRESS =     0.0
 Etot   =     -4199.3154  EKtot   =      3002.5297  EPtot      =     -7201.8451
 BOND   =       766.4348  ANGLE   =      2028.0680  DIHED      =      3502.5854
 1-4 NB =       975.0378  1-4 EEL =     12349.2066  VDWAALS    =     -2280.0498
 EELEC  =    -20068.0220  EGB     =     -4780.9148  RESTRAINT  =       221.7519
 EAMBER (non-restraint)  =     -7423.5970
 ESURF=        84.0571
 ------------------------------------------------------------------------------

 NMR restraints: Bond =    0.000   Angle =     0.000   Torsion =     0.000
===============================================================================

 NSTEP =   440000   TIME(PS) =     880.000  TEMP(K) =   271.87  PRESS =     0.0
 Etot   =     -4092.4795  EKtot   =      3000.8769  EPtot      =     -7093.3565
 BOND   =       795.8070  ANGLE   =      2058.5709  DIHED      =      3502.7964
 1-4 NB =       979.8985  1-4 EEL =     12399.2421  VDWAALS    =     -2273.1276
 EELEC  =    -19935.5394  EGB     =     -4930.0592  RESTRAINT  =       223.1936
 EAMBER (non-restraint)  =     -7316.5501
 ESURF=        85.8611
 ------------------------------------------------------------------------------

 NMR restraints: Bond =    0.000   Angle =     0.000   Torsion =     0.000
===============================================================================

 NSTEP =   445000   TIME(PS) =     890.000  TEMP(K) =   271.80  PRESS =     0.0
 Etot   =     -4139.5526  EKtot   =      3000.1254  EPtot      =     -7139.6781
 BOND   =       795.1609  ANGLE   =      1997.7945  DIHED      =      3539.7405
 1-4 NB =       989.5403  1-4 EEL =     12363.7137  VDWAALS    =     -2276.4464
 EELEC  =    -19952.4891  EGB     =     -4900.9513  RESTRAINT  =       220.3955
 EAMBER (non-restraint)  =     -7360.0735
 ESURF=        83.8633
 ------------------------------------------------------------------------------

 NMR restraints: Bond =    0.000   Angle =     0.000   Torsion =     0.000
===============================================================================

 NSTEP =   450000   TIME(PS) =     900.000  TEMP(K) =   284.04  PRESS =     0.0
 Etot   =     -3952.4419  EKtot   =      3135.1663  EPtot      =     -7087.6082
 BOND   =       769.4683  ANGLE   =      2081.2355  DIHED      =      3491.8807
 1-4 NB =       987.5561  1-4 EEL =     12418.9093  VDWAALS    =     -2278.2995
 EELEC  =    -19997.6128  EGB     =     -4866.8371  RESTRAINT  =       220.0620
 EAMBER (non-restraint)  =     -7307.6702
 ESURF=        86.0291
 ------------------------------------------------------------------------------

 NMR restraints: Bond =    0.000   Angle =     0.000   Torsion =     0.000
===============================================================================

 NSTEP =   455000   TIME(PS) =     910.000  TEMP(K) =   289.72  PRESS =     0.0
 Etot   =     -3862.5278  EKtot   =      3197.8442  EPtot      =     -7060.3721
 BOND   =       824.5671  ANGLE   =      2019.3189  DIHED      =      3543.0673
 1-4 NB =       976.3328  1-4 EEL =     12361.7164  VDWAALS    =     -2262.6430
 EELEC  =    -19984.8514  EGB     =     -4850.9193  RESTRAINT  =       228.3913
 EAMBER (non-restraint)  =     -7288.7633
 ESURF=        84.6478
 ------------------------------------------------------------------------------

 NMR restraints: Bond =    0.000   Angle =     0.000   Torsion =     0.000
===============================================================================

 NSTEP =   460000   TIME(PS) =     920.000  TEMP(K) =   286.30  PRESS =     0.0
 Etot   =     -3881.2700  EKtot   =      3160.1724  EPtot      =     -7041.4425
 BOND   =       800.3849  ANGLE   =      2071.8430  DIHED      =      3526.3787
 1-4 NB =       972.7818  1-4 EEL =     12328.4093  VDWAALS    =     -2300.6113
 EELEC  =    -19862.5319  EGB     =     -4893.9197  RESTRAINT  =       232.5349
 EAMBER (non-restraint)  =     -7273.9774
 ESURF=        83.2878
 ------------------------------------------------------------------------------

 NMR restraints: Bond =    0.000   Angle =     0.000   Torsion =     0.000
===============================================================================

 NSTEP =   465000   TIME(PS) =     930.000  TEMP(K) =   278.43  PRESS =     0.0
 Etot   =     -3896.5966  EKtot   =      3073.2598  EPtot      =     -6969.8564
 BOND   =       834.8802  ANGLE   =      2051.2197  DIHED      =      3531.8664
 1-4 NB =       978.2541  1-4 EEL =     12360.7712  VDWAALS    =     -2237.6909
 EELEC  =    -19947.0806  EGB     =     -4872.0784  RESTRAINT  =       245.8835
 EAMBER (non-restraint)  =     -7215.7399
 ESURF=        84.1184
 ------------------------------------------------------------------------------

 NMR restraints: Bond =    0.000   Angle =     0.000   Torsion =     0.000
===============================================================================

 NSTEP =   470000   TIME(PS) =     940.000  TEMP(K) =   289.39  PRESS =     0.0
 Etot   =     -3768.6197  EKtot   =      3194.2282  EPtot      =     -6962.8479
 BOND   =       807.9772  ANGLE   =      2104.3344  DIHED      =      3532.4819
 1-4 NB =       982.2012  1-4 EEL =     12409.9403  VDWAALS    =     -2264.7733
 EELEC  =    -19973.3182  EGB     =     -4881.8802  RESTRAINT  =       235.5358
 EAMBER (non-restraint)  =     -7198.3837
 ESURF=        84.6529
 ------------------------------------------------------------------------------

 NMR restraints: Bond =    0.000   Angle =     0.000   Torsion =     0.000
===============================================================================

 NSTEP =   475000   TIME(PS) =     950.000  TEMP(K) =   297.37  PRESS =     0.0
 Etot   =     -3710.1852  EKtot   =      3282.3623  EPtot      =     -6992.5475
 BOND   =       794.8873  ANGLE   =      2105.8862  DIHED      =      3509.0518
 1-4 NB =       993.2479  1-4 EEL =     12420.0960  VDWAALS    =     -2259.8705
 EELEC  =    -19982.4500  EGB     =     -4907.8860  RESTRAINT  =       250.4296
 EAMBER (non-restraint)  =     -7242.9771
 ESURF=        84.0603
 ------------------------------------------------------------------------------

 NMR restraints: Bond =    0.000   Angle =     0.000   Torsion =     0.000
===============================================================================

 NSTEP =   480000   TIME(PS) =     960.000  TEMP(K) =   296.99  PRESS =     0.0
 Etot   =     -3675.5425  EKtot   =      3278.1277  EPtot      =     -6953.6701
 BOND   =       846.9015  ANGLE   =      2124.3809  DIHED      =      3528.3303
 1-4 NB =       984.7378  1-4 EEL =     12354.3902  VDWAALS    =     -2261.0373
 EELEC  =    -20169.9321  EGB     =     -4687.9836  RESTRAINT  =       243.4143
 EAMBER (non-restraint)  =     -7197.0844
 ESURF=        83.1279
 ------------------------------------------------------------------------------

 NMR restraints: Bond =    0.000   Angle =     0.000   Torsion =     0.000
===============================================================================

 NSTEP =   485000   TIME(PS) =     970.000  TEMP(K) =   292.12  PRESS =     0.0
 Etot   =     -3663.2035  EKtot   =      3224.3293  EPtot      =     -6887.5328
 BOND   =       801.5353  ANGLE   =      2130.6330  DIHED      =      3542.5625
 1-4 NB =       995.4030  1-4 EEL =     12452.4813  VDWAALS    =     -2274.4050
 EELEC  =    -20149.0595  EGB     =     -4735.8311  RESTRAINT  =       263.6116
 EAMBER (non-restraint)  =     -7151.1444
 ESURF=        85.5361
 ------------------------------------------------------------------------------

 NMR restraints: Bond =    0.000   Angle =     0.000   Torsion =     0.000
===============================================================================

 NSTEP =   490000   TIME(PS) =     980.000  TEMP(K) =   296.55  PRESS =     0.0
 Etot   =     -3691.0326  EKtot   =      3273.2644  EPtot      =     -6964.2970
 BOND   =       780.8688  ANGLE   =      2123.2796  DIHED      =      3536.5455
 1-4 NB =       987.0570  1-4 EEL =     12387.1074  VDWAALS    =     -2297.7404
 EELEC  =    -20034.9530  EGB     =     -4769.0553  RESTRAINT  =       238.0211
 EAMBER (non-restraint)  =     -7202.3181
 ESURF=        84.5723
 ------------------------------------------------------------------------------

 NMR restraints: Bond =    0.000   Angle =     0.000   Torsion =     0.000
===============================================================================

 NSTEP =   495000   TIME(PS) =     990.000  TEMP(K) =   299.37  PRESS =     0.0
 Etot   =     -3579.6359  EKtot   =      3304.4503  EPtot      =     -6884.0862
 BOND   =       823.1281  ANGLE   =      2185.9138  DIHED      =      3534.8875
 1-4 NB =       994.7390  1-4 EEL =     12366.9387  VDWAALS    =     -2281.1141
 EELEC  =    -20009.3059  EGB     =     -4834.6015  RESTRAINT  =       250.8464
 EAMBER (non-restraint)  =     -7134.9326
 ESURF=        84.4817
 ------------------------------------------------------------------------------

 NMR restraints: Bond =    0.000   Angle =     0.000   Torsion =     0.000
===============================================================================

 NSTEP =   500000   TIME(PS) =    1000.000  TEMP(K) =   295.76  PRESS =     0.0
 Etot   =     -3636.5160  EKtot   =      3264.5770  EPtot      =     -6901.0930
 BOND   =       798.2168  ANGLE   =      2211.3349  DIHED      =      3544.9285
 1-4 NB =       955.0911  1-4 EEL =     12330.3728  VDWAALS    =     -2283.5224
 EELEC  =    -19920.7235  EGB     =     -4872.1693  RESTRAINT  =       249.4605
 EAMBER (non-restraint)  =     -7150.5534
 ESURF=        85.9176
 ------------------------------------------------------------------------------

 NMR restraints: Bond =    0.000   Angle =     0.000   Torsion =     0.000
===============================================================================

      A V E R A G E S   O V E R     100 S T E P S


 NSTEP =   500000   TIME(PS) =    1000.000  TEMP(K) =   200.86  PRESS =     0.0
 Etot   =     -5751.2240  EKtot   =      2217.0287  EPtot      =     -7968.2527
 BOND   =       606.9621  ANGLE   =      1608.7631  DIHED      =      3397.7752
 1-4 NB =       942.4367  1-4 EEL =     12371.7588  VDWAALS    =     -2317.5077
 EELEC  =    -19985.4808  EGB     =     -4855.6523  RESTRAINT  =       180.6439
 EAMBER (non-restraint)  =     -8148.8966
 ESURF=        82.0484
 ------------------------------------------------------------------------------

 NMR restraints: Bond =    0.000   Angle =     0.000   Torsion =     0.000
===============================================================================

      R M S  F L U C T U A T I O N S


 NSTEP =   500000   TIME(PS) =    1000.000  TEMP(K) =    57.93  PRESS =     0.0
 Etot   =      1290.7271  EKtot   =       639.4205  EPtot      =       652.0467
 BOND   =       133.6195  ANGLE   =       328.5987  DIHED      =        86.2682
 1-4 NB =        26.6626  1-4 EEL =        23.8548  VDWAALS    =        33.1931
 EELEC  =        64.0461  EGB     =        50.9140  RESTRAINT  =        41.8984
 EAMBER (non-restraint)  =       610.1483
 ESURF=         2.1479
 ------------------------------------------------------------------------------


 NMR restraints on final step:

--------------------------------------------------------------------------------
   5.  TIMINGS
--------------------------------------------------------------------------------

|  NonSetup CPU Time in Major Routines:
|
|     Routine           Sec        %
|     ------------------------------
|     Nonbond      273610.29   99.21
|     Bond             14.13    0.01
|     Angle           251.18    0.09
|     Dihedral       1445.92    0.52
|     Shake            67.21    0.02
|     RunMD           392.77    0.14
|     Other             0.63    0.00
|     ------------------------------
|     Total        275782.14

|  Generalized Born CPU Time:
|
|     Routine                 Sec        %
|     ------------------------------------
|     Radii Calc          50895.23   18.45
|     Diagonal Calc       96424.55   34.96
|     Off Diagonal Calc  126192.29   45.76
|     GBSA LCPO Calc          0.32    0.00
|     ---------------------------------
|     Total              273512.07   99.18

|  Final Performance Info:
|     -----------------------------------------------------
|     Average timings for last       1 steps:
|     Elapsed(s) =       0.00 Per Step(ms) =       0.12
|         ns/day =    1465.40   seconds/ns =      58.96
|
|     Average timings for all steps:
|     Elapsed(s) =  402285.36 Per Step(ms) =     804.57
|         ns/day =       0.21   seconds/ns =  402285.36
|     -----------------------------------------------------

|  Setup CPU time:            0.05 seconds
|  NonSetup CPU time:    275782.14 seconds
|  Total CPU time:       275782.18 seconds    76.61 hours

|  Setup wall time:           0    seconds
|  NonSetup wall time:   402286    seconds
|  Total wall time:      402286    seconds   111.75 hours
