Salt Bridges Plugin, Version 1.0
Wed Apr 17 13:08:41 +0530 2024

Parameters used in the calculation of salt bridges:
- Atomselection: protein
- Update selections every frame: yes
- Initial frame: 0
- Frame step: 1
- Final frame: 499
- Oxygen-nitrogen cut-off: 3.2
- Center of mass cut-off: none
- Write a file for each salt bridge: yes

Searching for ion-pairs with oxygen-nitrogen distance within 3.2 Angstroms in the selected frames... Done.
Removing redundancies in the ion-pairs found... Done.
Extracting identification of each salt bridge... Done.
Found 8 salt bridges.

GLU25-ARG28
ASP3-LYS5
GLU9-LYS50
ASP37-LYS36
GLU9-LYS8
GLU48-LYS51
GLU16-LYS50
ASP54-LYS50

Printing distances over all frames for each salt-bridge... Done.
