
          -------------------------------------------------------
          Amber 22 PMEMD                              2022
          -------------------------------------------------------

| PMEMD implementation of SANDER, Release 22

|  Compiled date/time: Thu Apr 14 23:36:37 2022
| Run on 12/28/2023 at 22:52:34

|   Executable path: pmemd
| Working directory: /home/arul/Reegina/MD_Sim/sample/2VIL_info
|          Hostname: Unknown
  [-O]verwriting output

File Assignments:
|   MDIN: eq2.in                                                                
|  MDOUT: eq2.out                                                               
| INPCRD: eq1.rst7                                                              
|   PARM: 2VIL.hmass.parm7                                                      
| RESTRT: eq2.rst7                                                              
|   REFC: eq1.rst7                                                              
|  MDVEL: mdvel                                                                 
|   MDEN: mden                                                                  
|  MDCRD: eq2.crd                                                               
| MDINFO: eq2.info                                                              
|  MDFRC: mdfrc                                                                 


 Here is the input file:

&cntrl                                                                         
   ntx = 5,                                                                    
   ntwx = 5000, ntwe = 0, ntwr = 500,                                          
   ntpr = 5000,                                                                
                                                                               
   ioutfm=0, ntxo=1,                                                           
                                                                               
   imin = 0, nstlim = 125000, dt = 0.002,                                      
                                                                               
   ntt = 3, gamma_ln=1., temp0 = 300.0,                                        
   nscm = 1000, ig = -1, irest = 1,                                            
                                                                               
   ntc= 2, ntf = 2, cut = 1000,                                                
                                                                               
   igb=8, gbsa=3, surften=0.007, ntb = 0,                                      
   saltcon=0.,                                                                 
                                                                               
   ntr=1, restraintmask="@CA,N,C,O",                                           
   restraint_wt=0.1,                                                           
 /                                                                             


Note: ig = -1. Setting random seed to   496083 based on wallclock time in 
      microseconds.
| irandom = 1, using AMBER's internal random number generator (default).
 
| Conditional Compilation Defines Used:
| PUBFFT
| BINTRAJ
| EMIL

| New format PARM file being parsed.
| Version =    1.000 Date = 12/05/23 Time = 14:07:23

| Note: 1-4 EEL scale factors are being read from the topology file.

| Note: 1-4 VDW scale factors are being read from the topology file.
| INFO:    Reading atomic numbers from topology file.
| Duplicated    0 dihedrals

| Duplicated    0 dihedrals

--------------------------------------------------------------------------------
   1.  RESOURCE   USE: 
--------------------------------------------------------------------------------

 NATOM  =    1968 NTYPES =      14 NBONH =     971 MBONA  =    1019
 NTHETH =    2203 MTHETA =    1373 NPHIH =    4534 MPHIA  =    4310
 NHPARM =       0 NPARM  =       0 NNB   =   10815 NRES   =     126
 NBONA  =    1019 NTHETA =    1373 NPHIA =    4310 NUMBND =      67
 NUMANG =     154 NPTRA  =     195 NATYP =      34 NPHB   =       0
 IFBOX  =       0 NMXRS  =      24 IFCAP =       0 NEXTRA =       0
 NCOPY  =       0

 Implicit solvent radii are ArgH and AspGluO modified Bondi2 radii (mbondi3)                                
 Replacing prmtop screening parameters with GBn2 (igb=8) values
--------------------------------------------------------------------------------
   2.  CONTROL  DATA  FOR  THE  RUN
--------------------------------------------------------------------------------

default_name                                                                    

General flags:
     imin    =       0, nmropt  =       0

Nature and format of input:
     ntx     =       5, irest   =       1, ntrx    =       1

Nature and format of output:
     ntxo    =       1, ntpr    =    5000, ntrx    =       1, ntwr    =     500
     iwrap   =       0, ntwx    =    5000, ntwv    =       0, ntwe    =       0
     ioutfm  =       0, ntwprt  =       0, idecomp =       0, rbornstat=      0

Potential function:
     ntf     =       2, ntb     =       0, igb     =       8, nsnb    =      25
     ipol    =       0, gbsa    =       3, iesp    =       0
     dielc   =   1.00000, cut     =1000.00000, intdiel =   1.00000
     saltcon =   0.00000, offset  =   0.19514, surften =   0.00700
     rdt     =   0.00000, rgbmax  =  25.00000  extdiel =  78.50000
     alpb  =        0
     gbalphaH  =   0.78844, gbbetaH   =   0.79870,  gbgammaH  =    0.43733
     gbalphaC  =   0.73376, gbbetaC   =   0.50638,  gbgammaC  =    0.20584
     gbalphaN  =   0.50336, gbbetaN   =   0.31683,  gbgammaN  =    0.19292
     gbalphaOS =   0.86781, gbbetaOS  =   0.87664,  gbgammaOS =    0.38788
     gbalphaP  =   1.00000, gbbetaP   =   0.80000,  gbgammaP  =    4.85000
     gb_alpha_hnu  =   0.53705, gb_beta_hnu   =   0.36286,  gb_gamma_hnu  =    0.11670
     gb_alpha_cnu  =   0.33167, gb_beta_cnu   =   0.19684,  gb_gamma_cnu  =    0.09342
     gb_alpha_nnu  =   0.68631, gb_beta_nnu   =   0.46319,  gb_gamma_nnu  =    0.13872
     gb_alpha_onu  =   0.60634, gb_beta_onu   =   0.46301,  gb_gamma_onu  =    0.14226
     gb_alpha_pnu  =   0.41836, gb_beta_pnu   =   0.29005,  gb_gamma_pnu  =    0.10642

Frozen or restrained atoms:
     ibelly  =       0, ntr     =       1
     restraint_wt =   0.10000

Molecular dynamics:
     nstlim  =    125000, nscm    =         0, nrespa  =         1
     t       =   0.00000, dt      =   0.00200, vlimit  =  20.00000

Langevin dynamics temperature regulation:
     ig      =  496083
     temp0   = 300.00000, tempi   =   0.00000, gamma_ln=   1.00000

SHAKE:
     ntc     =       2, jfastw  =       0
     tol     =   0.00001

| Intermolecular bonds treatment:
|     no_intermolecular_bonds =       1

| Energy averages sample interval:
|     ene_avg_sampling =    5000

    LOADING THE CONSTRAINED ATOMS AS GROUPS


   5.  REFERENCE ATOM COORDINATES

  default_name                                                                    
     Mask @CA,N,C,O; matches   504 atoms

--------------------------------------------------------------------------------
   3.  ATOMIC COORDINATES AND VELOCITIES
--------------------------------------------------------------------------------

default_name                                                                    
 begin time read from input coords =  1250.000 ps

 
 Number of triangulated 3-point waters found:        0
| Dynamic Memory, Types Used:
| Reals               68500
| Integers           235041

--------------------------------------------------------------------------------
   4.  RESULTS
--------------------------------------------------------------------------------


 NSTEP =     5000   TIME(PS) =    1260.000  TEMP(K) =   292.93  PRESS =     0.0
 Etot   =     -1227.7782  EKtot   =      1435.7758  EPtot      =     -2663.5540
 BOND   =       373.5737  ANGLE   =       958.9109  DIHED      =      1560.3740
 1-4 NB =       438.3284  1-4 EEL =      5710.0684  VDWAALS    =      -900.5016
 EELEC  =     -8821.3333  EGB     =     -2071.0921  RESTRAINT  =        35.9398
 EAMBER (non-restraint)  =     -2699.4938
 ESURF=        52.1778
 ------------------------------------------------------------------------------


 NSTEP =    10000   TIME(PS) =    1270.000  TEMP(K) =   296.97  PRESS =     0.0
 Etot   =     -1136.5972  EKtot   =      1455.5948  EPtot      =     -2592.1920
 BOND   =       387.8401  ANGLE   =      1002.6712  DIHED      =      1539.9043
 1-4 NB =       448.2289  1-4 EEL =      5663.4291  VDWAALS    =      -903.7791
 EELEC  =     -8655.5324  EGB     =     -2161.3152  RESTRAINT  =        33.1162
 EAMBER (non-restraint)  =     -2625.3082
 ESURF=        53.2450
 ------------------------------------------------------------------------------


 NSTEP =    15000   TIME(PS) =    1280.000  TEMP(K) =   293.61  PRESS =     0.0
 Etot   =     -1236.5765  EKtot   =      1439.1041  EPtot      =     -2675.6806
 BOND   =       365.6030  ANGLE   =      1003.6501  DIHED      =      1532.7700
 1-4 NB =       425.3572  1-4 EEL =      5643.9366  VDWAALS    =      -910.9472
 EELEC  =     -8727.5097  EGB     =     -2098.6180  RESTRAINT  =        37.5648
 EAMBER (non-restraint)  =     -2713.2454
 ESURF=        52.5126
 ------------------------------------------------------------------------------


 NSTEP =    20000   TIME(PS) =    1290.000  TEMP(K) =   292.00  PRESS =     0.0
 Etot   =     -1160.2833  EKtot   =      1431.2108  EPtot      =     -2591.4940
 BOND   =       399.6461  ANGLE   =       990.1517  DIHED      =      1543.9709
 1-4 NB =       446.3786  1-4 EEL =      5623.2645  VDWAALS    =      -907.9312
 EELEC  =     -8672.5547  EGB     =     -2102.9831  RESTRAINT  =        35.8615
 EAMBER (non-restraint)  =     -2627.3555
 ESURF=        52.7018
 ------------------------------------------------------------------------------


 NSTEP =    25000   TIME(PS) =    1300.000  TEMP(K) =   294.02  PRESS =     0.0
 Etot   =     -1164.3431  EKtot   =      1441.1287  EPtot      =     -2605.4719
 BOND   =       420.3068  ANGLE   =       980.4873  DIHED      =      1537.8728
 1-4 NB =       430.1483  1-4 EEL =      5695.8223  VDWAALS    =      -879.0932
 EELEC  =     -8826.8221  EGB     =     -2055.9372  RESTRAINT  =        37.7682
 EAMBER (non-restraint)  =     -2643.2401
 ESURF=        53.9748
 ------------------------------------------------------------------------------


 NSTEP =    30000   TIME(PS) =    1310.000  TEMP(K) =   302.04  PRESS =     0.0
 Etot   =     -1071.7369  EKtot   =      1480.4211  EPtot      =     -2552.1580
 BOND   =       407.1687  ANGLE   =      1032.4796  DIHED      =      1539.4786
 1-4 NB =       429.3895  1-4 EEL =      5677.6708  VDWAALS    =      -884.3843
 EELEC  =     -8723.2412  EGB     =     -2126.1196  RESTRAINT  =        41.0675
 EAMBER (non-restraint)  =     -2593.2256
 ESURF=        54.3323
 ------------------------------------------------------------------------------


 NSTEP =    35000   TIME(PS) =    1320.000  TEMP(K) =   292.31  PRESS =     0.0
 Etot   =     -1171.3930  EKtot   =      1432.7205  EPtot      =     -2604.1135
 BOND   =       386.6224  ANGLE   =       991.9648  DIHED      =      1541.4622
 1-4 NB =       445.6351  1-4 EEL =      5687.1586  VDWAALS    =      -901.3905
 EELEC  =     -8764.9545  EGB     =     -2081.4974  RESTRAINT  =        38.3596
 EAMBER (non-restraint)  =     -2642.4731
 ESURF=        52.5261
 ------------------------------------------------------------------------------


 NSTEP =    40000   TIME(PS) =    1330.000  TEMP(K) =   300.55  PRESS =     0.0
 Etot   =     -1133.9975  EKtot   =      1473.0984  EPtot      =     -2607.0959
 BOND   =       409.6413  ANGLE   =       989.6892  DIHED      =      1535.9038
 1-4 NB =       443.1864  1-4 EEL =      5621.9992  VDWAALS    =      -912.5989
 EELEC  =     -8697.0503  EGB     =     -2089.6051  RESTRAINT  =        40.0188
 EAMBER (non-restraint)  =     -2647.1147
 ESURF=        51.7198
 ------------------------------------------------------------------------------


 NSTEP =    45000   TIME(PS) =    1340.000  TEMP(K) =   305.23  PRESS =     0.0
 Etot   =     -1080.6683  EKtot   =      1496.0366  EPtot      =     -2576.7049
 BOND   =       392.4849  ANGLE   =      1015.8572  DIHED      =      1529.9578
 1-4 NB =       432.9851  1-4 EEL =      5689.3002  VDWAALS    =      -906.1246
 EELEC  =     -8720.2678  EGB     =     -2106.2523  RESTRAINT  =        42.6276
 EAMBER (non-restraint)  =     -2619.3326
 ESURF=        52.7269
 ------------------------------------------------------------------------------


 NSTEP =    50000   TIME(PS) =    1350.000  TEMP(K) =   293.45  PRESS =     0.0
 Etot   =     -1161.5896  EKtot   =      1438.3222  EPtot      =     -2599.9118
 BOND   =       405.9657  ANGLE   =       997.2151  DIHED      =      1530.2123
 1-4 NB =       439.4913  1-4 EEL =      5634.9038  VDWAALS    =      -898.7800
 EELEC  =     -8731.8150  EGB     =     -2072.8037  RESTRAINT  =        45.4209
 EAMBER (non-restraint)  =     -2645.3327
 ESURF=        50.2777
 ------------------------------------------------------------------------------


 NSTEP =    55000   TIME(PS) =    1360.000  TEMP(K) =   304.56  PRESS =     0.0
 Etot   =     -1096.3681  EKtot   =      1492.7489  EPtot      =     -2589.1171
 BOND   =       410.6079  ANGLE   =      1022.3937  DIHED      =      1518.9693
 1-4 NB =       437.8186  1-4 EEL =      5634.6184  VDWAALS    =      -889.7054
 EELEC  =     -8771.3787  EGB     =     -2052.6967  RESTRAINT  =        48.1752
 EAMBER (non-restraint)  =     -2637.2923
 ESURF=        52.0806
 ------------------------------------------------------------------------------


 NSTEP =    60000   TIME(PS) =    1370.000  TEMP(K) =   306.29  PRESS =     0.0
 Etot   =     -1086.3320  EKtot   =      1501.2568  EPtot      =     -2587.5888
 BOND   =       376.9695  ANGLE   =       997.3412  DIHED      =      1549.9751
 1-4 NB =       451.2381  1-4 EEL =      5645.3984  VDWAALS    =      -893.1650
 EELEC  =     -8756.7196  EGB     =     -2049.8190  RESTRAINT  =        39.2291
 EAMBER (non-restraint)  =     -2626.8179
 ESURF=        51.9633
 ------------------------------------------------------------------------------


 NSTEP =    65000   TIME(PS) =    1380.000  TEMP(K) =   296.22  PRESS =     0.0
 Etot   =     -1191.2555  EKtot   =      1451.9019  EPtot      =     -2643.1574
 BOND   =       394.4954  ANGLE   =       984.4791  DIHED      =      1529.9068
 1-4 NB =       434.1191  1-4 EEL =      5663.5180  VDWAALS    =      -919.3482
 EELEC  =     -8750.9605  EGB     =     -2066.8068  RESTRAINT  =        38.0153
 EAMBER (non-restraint)  =     -2681.1727
 ESURF=        49.4244
 ------------------------------------------------------------------------------


 NSTEP =    70000   TIME(PS) =    1390.000  TEMP(K) =   296.50  PRESS =     0.0
 Etot   =     -1072.9702  EKtot   =      1453.2920  EPtot      =     -2526.2622
 BOND   =       424.7046  ANGLE   =      1045.9896  DIHED      =      1543.3553
 1-4 NB =       422.9978  1-4 EEL =      5567.3340  VDWAALS    =      -876.5754
 EELEC  =     -8630.6451  EGB     =     -2124.7322  RESTRAINT  =        50.0332
 EAMBER (non-restraint)  =     -2576.2954
 ESURF=        51.2761
 ------------------------------------------------------------------------------


 NSTEP =    75000   TIME(PS) =    1400.000  TEMP(K) =   300.69  PRESS =     0.0
 Etot   =     -1184.6378  EKtot   =      1473.8130  EPtot      =     -2658.4508
 BOND   =       366.1062  ANGLE   =       945.9900  DIHED      =      1545.3753
 1-4 NB =       449.6305  1-4 EEL =      5667.4478  VDWAALS    =      -895.5840
 EELEC  =     -8759.9314  EGB     =     -2077.1019  RESTRAINT  =        46.7780
 EAMBER (non-restraint)  =     -2705.2288
 ESURF=        52.8386
 ------------------------------------------------------------------------------


 NSTEP =    80000   TIME(PS) =    1410.000  TEMP(K) =   300.39  PRESS =     0.0
 Etot   =     -1098.1857  EKtot   =      1472.3334  EPtot      =     -2570.5191
 BOND   =       379.1040  ANGLE   =      1036.1289  DIHED      =      1543.9516
 1-4 NB =       435.9549  1-4 EEL =      5650.9588  VDWAALS    =      -905.8629
 EELEC  =     -8776.0785  EGB     =     -2028.2090  RESTRAINT  =        42.9007
 EAMBER (non-restraint)  =     -2613.4198
 ESURF=        50.6325
 ------------------------------------------------------------------------------


 NSTEP =    85000   TIME(PS) =    1420.000  TEMP(K) =   292.91  PRESS =     0.0
 Etot   =     -1174.9170  EKtot   =      1435.6920  EPtot      =     -2610.6090
 BOND   =       408.9639  ANGLE   =       976.4005  DIHED      =      1538.2977
 1-4 NB =       434.0344  1-4 EEL =      5658.4593  VDWAALS    =      -931.0183
 EELEC  =     -8690.0499  EGB     =     -2094.5401  RESTRAINT  =        38.0706
 EAMBER (non-restraint)  =     -2648.6796
 ESURF=        50.7729
 ------------------------------------------------------------------------------


 NSTEP =    90000   TIME(PS) =    1430.000  TEMP(K) =   294.63  PRESS =     0.0
 Etot   =     -1106.3860  EKtot   =      1444.1071  EPtot      =     -2550.4931
 BOND   =       387.9718  ANGLE   =      1033.3361  DIHED      =      1557.5756
 1-4 NB =       442.3808  1-4 EEL =      5696.1771  VDWAALS    =      -897.2305
 EELEC  =     -8833.4703  EGB     =     -2031.3320  RESTRAINT  =        42.9335
 EAMBER (non-restraint)  =     -2593.4266
 ESURF=        51.1648
 ------------------------------------------------------------------------------


 NSTEP =    95000   TIME(PS) =    1440.000  TEMP(K) =   290.15  PRESS =     0.0
 Etot   =     -1219.0665  EKtot   =      1422.1616  EPtot      =     -2641.2281
 BOND   =       384.8356  ANGLE   =       969.0636  DIHED      =      1514.5386
 1-4 NB =       437.6210  1-4 EEL =      5658.9832  VDWAALS    =      -907.4919
 EELEC  =     -8705.9125  EGB     =     -2093.3603  RESTRAINT  =        46.2032
 EAMBER (non-restraint)  =     -2687.4313
 ESURF=        54.2915
 ------------------------------------------------------------------------------


 NSTEP =   100000   TIME(PS) =    1450.000  TEMP(K) =   293.56  PRESS =     0.0
 Etot   =     -1167.5796  EKtot   =      1438.8510  EPtot      =     -2606.4307
 BOND   =       385.6564  ANGLE   =       966.9519  DIHED      =      1556.8257
 1-4 NB =       437.1985  1-4 EEL =      5681.3886  VDWAALS    =      -901.0414
 EELEC  =     -8773.4540  EGB     =     -2057.5715  RESTRAINT  =        47.2204
 EAMBER (non-restraint)  =     -2653.6510
 ESURF=        50.3947
 ------------------------------------------------------------------------------


 NSTEP =   105000   TIME(PS) =    1460.000  TEMP(K) =   306.39  PRESS =     0.0
 Etot   =     -1085.8437  EKtot   =      1501.7182  EPtot      =     -2587.5619
 BOND   =       375.5785  ANGLE   =      1014.8267  DIHED      =      1543.2645
 1-4 NB =       433.3396  1-4 EEL =      5656.0939  VDWAALS    =      -894.0183
 EELEC  =     -8711.6071  EGB     =     -2099.9765  RESTRAINT  =        40.9034
 EAMBER (non-restraint)  =     -2628.4653
 ESURF=        54.0334
 ------------------------------------------------------------------------------


 NSTEP =   110000   TIME(PS) =    1470.000  TEMP(K) =   303.84  PRESS =     0.0
 Etot   =     -1087.7623  EKtot   =      1489.2448  EPtot      =     -2577.0071
 BOND   =       428.9757  ANGLE   =       976.1205  DIHED      =      1542.9641
 1-4 NB =       423.8507  1-4 EEL =      5652.6632  VDWAALS    =      -903.9459
 EELEC  =     -8732.1660  EGB     =     -2063.4382  RESTRAINT  =        45.6883
 EAMBER (non-restraint)  =     -2622.6954
 ESURF=        52.2805
 ------------------------------------------------------------------------------


 NSTEP =   115000   TIME(PS) =    1480.000  TEMP(K) =   292.95  PRESS =     0.0
 Etot   =     -1203.1834  EKtot   =      1435.8857  EPtot      =     -2639.0690
 BOND   =       386.3483  ANGLE   =       990.5364  DIHED      =      1521.5739
 1-4 NB =       436.9677  1-4 EEL =      5656.4506  VDWAALS    =      -903.4709
 EELEC  =     -8697.2269  EGB     =     -2128.8426  RESTRAINT  =        46.0546
 EAMBER (non-restraint)  =     -2685.1237
 ESURF=        52.5398
 ------------------------------------------------------------------------------


 NSTEP =   120000   TIME(PS) =    1490.000  TEMP(K) =   305.54  PRESS =     0.0
 Etot   =     -1070.0358  EKtot   =      1497.5536  EPtot      =     -2567.5894
 BOND   =       385.6477  ANGLE   =      1055.6356  DIHED      =      1524.7718
 1-4 NB =       439.0923  1-4 EEL =      5622.8124  VDWAALS    =      -885.7652
 EELEC  =     -8730.9360  EGB     =     -2071.6834  RESTRAINT  =        41.4189
 EAMBER (non-restraint)  =     -2609.0084
 ESURF=        51.4165
 ------------------------------------------------------------------------------


 NSTEP =   125000   TIME(PS) =    1500.000  TEMP(K) =   296.72  PRESS =     0.0
 Etot   =     -1148.4776  EKtot   =      1454.3408  EPtot      =     -2602.8184
 BOND   =       389.8519  ANGLE   =       998.0306  DIHED      =      1542.7978
 1-4 NB =       434.9019  1-4 EEL =      5641.6860  VDWAALS    =      -891.1563
 EELEC  =     -8648.7528  EGB     =     -2171.0249  RESTRAINT  =        46.9337
 EAMBER (non-restraint)  =     -2649.7521
 ESURF=        53.9137
 ------------------------------------------------------------------------------


      A V E R A G E S   O V E R      25 S T E P S


 NSTEP =   125000   TIME(PS) =    1500.000  TEMP(K) =   297.78  PRESS =     0.0
 Etot   =     -1141.5186  EKtot   =      1459.5326  EPtot      =     -2601.0512
 BOND   =       393.3868  ANGLE   =       999.0521  DIHED      =      1538.6420
 1-4 NB =       437.2110  1-4 EEL =      5656.0617  VDWAALS    =      -900.0364
 EELEC  =     -8732.4148  EGB     =     -2087.0944  RESTRAINT  =        41.9321
 EAMBER (non-restraint)  =     -2642.9833
 ESURF=        52.2087
 ------------------------------------------------------------------------------


      R M S  F L U C T U A T I O N S


 NSTEP =   125000   TIME(PS) =    1500.000  TEMP(K) =     5.14  PRESS =     0.0
 Etot   =        51.8786  EKtot   =        25.2141  EPtot      =        35.9064
 BOND   =        16.9999  ANGLE   =        27.1531  DIHED      =        11.3114
 1-4 NB =         7.4617  1-4 EEL =        29.7775  VDWAALS    =        11.9645
 EELEC  =        51.9303  EGB     =        35.2403  RESTRAINT  =         4.4179
 EAMBER (non-restraint)  =        31.4885
 ESURF=         1.3071
 ------------------------------------------------------------------------------

--------------------------------------------------------------------------------
   5.  TIMINGS
--------------------------------------------------------------------------------

|  NonSetup CPU Time in Major Routines:
|
|     Routine           Sec        %
|     ------------------------------
|     Nonbond       17511.64   98.69
|     Bond              1.56    0.01
|     Angle            26.66    0.15
|     Dihedral        156.16    0.88
|     Shake             6.84    0.04
|     RunMD            41.44    0.23
|     Other             0.06    0.00
|     ------------------------------
|     Total         17744.38

|  Generalized Born CPU Time:
|
|     Routine                 Sec        %
|     ------------------------------------
|     Radii Calc           4028.71   22.70
|     Diagonal Calc        7483.10   42.17
|     Off Diagonal Calc    5989.55   33.75
|     GBSA LCPO Calc          0.06    0.00
|     ---------------------------------
|     Total               17501.37   98.63

|  Final Performance Info:
|     -----------------------------------------------------
|     Average timings for last       1 steps:
|     Elapsed(s) =       0.00 Per Step(ms) =       0.10
|         ns/day =    1726.31   seconds/ns =      50.05
|
|     Average timings for all steps:
|     Elapsed(s) =   32055.22 Per Step(ms) =     256.44
|         ns/day =       0.67   seconds/ns =  128220.90
|     -----------------------------------------------------

|  Setup CPU time:            0.03 seconds
|  NonSetup CPU time:     17744.38 seconds
|  Total CPU time:        17744.40 seconds     4.93 hours

|  Setup wall time:           1    seconds
|  NonSetup wall time:    32055    seconds
|  Total wall time:       32056    seconds     8.90 hours
