
          -------------------------------------------------------
          Amber 22 PMEMD                              2022
          -------------------------------------------------------

| PMEMD implementation of SANDER, Release 22

|  Compiled date/time: Thu Apr 14 23:36:37 2022
| Run on 01/08/2024 at 15:54:35

|   Executable path: pmemd
| Working directory: /home/arul/Reegina/MD_Sim/set2_group/1RFA_info
|          Hostname: Unknown
  [-O]verwriting output

File Assignments:
|   MDIN: eq1.in                                                                
|  MDOUT: eq1.out                                                               
| INPCRD: heat.rst7                                                             
|   PARM: 1RFA.hmass.parm7                                                      
| RESTRT: eq1.rst7                                                              
|   REFC: heat.rst7                                                             
|  MDVEL: mdvel                                                                 
|   MDEN: mden                                                                  
|  MDCRD: eq1.crd                                                               
| MDINFO: eq1.info                                                              
|  MDFRC: mdfrc                                                                 


 Here is the input file:

&cntrl                                                                         
   ntx = 5,                                                                    
                                                                               
   ntwx = 5000, ntwe = 0, ntwr = 500,                                          
   ntpr = 5000,                                                                
                                                                               
   ioutfm=0, ntxo=1,                                                           
                                                                               
   imin = 0, nstlim = 125000, dt = 0.002,                                      
                                                                               
   ntt = 3, gamma_ln=1.0, temp0 = 300.0,                                       
   nscm = 1000, ig = -1, irest = 1,                                            
                                                                               
   ntc= 2, ntf = 2, cut = 1000,                                                
                                                                               
   igb=8, gbsa=3, surften=0.007, ntb = 0,                                      
   saltcon=0.,                                                                 
                                                                               
   ntr=1, restraintmask="@CA,N,C,O",                                           
   restraint_wt=1.0,                                                           
 /                                                                             


Note: ig = -1. Setting random seed to   219903 based on wallclock time in 
      microseconds.
| irandom = 1, using AMBER's internal random number generator (default).
 
| Conditional Compilation Defines Used:
| PUBFFT
| BINTRAJ
| EMIL

| New format PARM file being parsed.
| Version =    1.000 Date = 12/30/23 Time = 23:54:19

| Note: 1-4 EEL scale factors are being read from the topology file.

| Note: 1-4 VDW scale factors are being read from the topology file.
| INFO:    Reading atomic numbers from topology file.
| Duplicated    0 dihedrals

| Duplicated    0 dihedrals

--------------------------------------------------------------------------------
   1.  RESOURCE   USE: 
--------------------------------------------------------------------------------

 NATOM  =    1223 NTYPES =      14 NBONH =     623 MBONA  =     609
 NTHETH =    1414 MTHETA =     819 NPHIH =    2816 MPHIA  =    2561
 NHPARM =       0 NPARM  =       0 NNB   =    6742 NRES   =      75
 NBONA  =     609 NTHETA =     819 NPHIA =    2561 NUMBND =      62
 NUMANG =     147 NPTRA  =     188 NATYP =      32 NPHB   =       0
 IFBOX  =       0 NMXRS  =      24 IFCAP =       0 NEXTRA =       0
 NCOPY  =       0

 Implicit solvent radii are ArgH and AspGluO modified Bondi2 radii (mbondi3)                                
 Replacing prmtop screening parameters with GBn2 (igb=8) values
--------------------------------------------------------------------------------
   2.  CONTROL  DATA  FOR  THE  RUN
--------------------------------------------------------------------------------

default_name                                                                    

General flags:
     imin    =       0, nmropt  =       0

Nature and format of input:
     ntx     =       5, irest   =       1, ntrx    =       1

Nature and format of output:
     ntxo    =       1, ntpr    =    5000, ntrx    =       1, ntwr    =     500
     iwrap   =       0, ntwx    =    5000, ntwv    =       0, ntwe    =       0
     ioutfm  =       0, ntwprt  =       0, idecomp =       0, rbornstat=      0

Potential function:
     ntf     =       2, ntb     =       0, igb     =       8, nsnb    =      25
     ipol    =       0, gbsa    =       3, iesp    =       0
     dielc   =   1.00000, cut     =1000.00000, intdiel =   1.00000
     saltcon =   0.00000, offset  =   0.19514, surften =   0.00700
     rdt     =   0.00000, rgbmax  =  25.00000  extdiel =  78.50000
     alpb  =        0
     gbalphaH  =   0.78844, gbbetaH   =   0.79870,  gbgammaH  =    0.43733
     gbalphaC  =   0.73376, gbbetaC   =   0.50638,  gbgammaC  =    0.20584
     gbalphaN  =   0.50336, gbbetaN   =   0.31683,  gbgammaN  =    0.19292
     gbalphaOS =   0.86781, gbbetaOS  =   0.87664,  gbgammaOS =    0.38788
     gbalphaP  =   1.00000, gbbetaP   =   0.80000,  gbgammaP  =    4.85000
     gb_alpha_hnu  =   0.53705, gb_beta_hnu   =   0.36286,  gb_gamma_hnu  =    0.11670
     gb_alpha_cnu  =   0.33167, gb_beta_cnu   =   0.19684,  gb_gamma_cnu  =    0.09342
     gb_alpha_nnu  =   0.68631, gb_beta_nnu   =   0.46319,  gb_gamma_nnu  =    0.13872
     gb_alpha_onu  =   0.60634, gb_beta_onu   =   0.46301,  gb_gamma_onu  =    0.14226
     gb_alpha_pnu  =   0.41836, gb_beta_pnu   =   0.29005,  gb_gamma_pnu  =    0.10642

Frozen or restrained atoms:
     ibelly  =       0, ntr     =       1
     restraint_wt =   1.00000

Molecular dynamics:
     nstlim  =    125000, nscm    =         0, nrespa  =         1
     t       =   0.00000, dt      =   0.00200, vlimit  =  20.00000

Langevin dynamics temperature regulation:
     ig      =  219903
     temp0   = 300.00000, tempi   =   0.00000, gamma_ln=   1.00000

SHAKE:
     ntc     =       2, jfastw  =       0
     tol     =   0.00001

| Intermolecular bonds treatment:
|     no_intermolecular_bonds =       1

| Energy averages sample interval:
|     ene_avg_sampling =    5000

    LOADING THE CONSTRAINED ATOMS AS GROUPS


   5.  REFERENCE ATOM COORDINATES

  default_name                                                                    
     Mask @CA,N,C,O; matches   300 atoms

--------------------------------------------------------------------------------
   3.  ATOMIC COORDINATES AND VELOCITIES
--------------------------------------------------------------------------------

default_name                                                                    
 begin time read from input coords =  1000.000 ps

 
 Number of triangulated 3-point waters found:        0
| Dynamic Memory, Types Used:
| Reals               43467
| Integers           145022

--------------------------------------------------------------------------------
   4.  RESULTS
--------------------------------------------------------------------------------


 NSTEP =     5000   TIME(PS) =    1010.000  TEMP(K) =   297.48  PRESS =     0.0
 Etot   =     -1341.2023  EKtot   =       900.3360  EPtot      =     -2241.5383
 BOND   =       240.1635  ANGLE   =       648.1920  DIHED      =       935.8715
 1-4 NB =       251.9734  1-4 EEL =      2513.6269  VDWAALS    =      -536.7120
 EELEC  =     -4558.8854  EGB     =     -1817.7491  RESTRAINT  =        48.1837
 EAMBER (non-restraint)  =     -2289.7220
 ESURF=        33.7971
 ------------------------------------------------------------------------------


 NSTEP =    10000   TIME(PS) =    1020.000  TEMP(K) =   305.05  PRESS =     0.0
 Etot   =     -1253.5515  EKtot   =       923.2256  EPtot      =     -2176.7771
 BOND   =       258.9607  ANGLE   =       669.3299  DIHED      =       940.5689
 1-4 NB =       258.5851  1-4 EEL =      2565.6288  VDWAALS    =      -506.4920
 EELEC  =     -4616.9012  EGB     =     -1833.5459  RESTRAINT  =        51.5149
 EAMBER (non-restraint)  =     -2228.2920
 ESURF=        35.5738
 ------------------------------------------------------------------------------


 NSTEP =    15000   TIME(PS) =    1030.000  TEMP(K) =   314.91  PRESS =     0.0
 Etot   =     -1197.8861  EKtot   =       953.0731  EPtot      =     -2150.9592
 BOND   =       273.0459  ANGLE   =       686.6473  DIHED      =       935.3951
 1-4 NB =       259.1186  1-4 EEL =      2530.6670  VDWAALS    =      -504.6008
 EELEC  =     -4632.9944  EGB     =     -1778.4749  RESTRAINT  =        46.2684
 EAMBER (non-restraint)  =     -2197.2276
 ESURF=        33.9687
 ------------------------------------------------------------------------------


 NSTEP =    20000   TIME(PS) =    1040.000  TEMP(K) =   293.04  PRESS =     0.0
 Etot   =     -1337.6431  EKtot   =       886.8791  EPtot      =     -2224.5222
 BOND   =       241.9730  ANGLE   =       651.5683  DIHED      =       929.8269
 1-4 NB =       256.7212  1-4 EEL =      2518.1097  VDWAALS    =      -505.8068
 EELEC  =     -4559.3484  EGB     =     -1841.6555  RESTRAINT  =        48.4887
 EAMBER (non-restraint)  =     -2273.0109
 ESURF=        35.6007
 ------------------------------------------------------------------------------


 NSTEP =    25000   TIME(PS) =    1050.000  TEMP(K) =   307.93  PRESS =     0.0
 Etot   =     -1280.8567  EKtot   =       931.9468  EPtot      =     -2212.8035
 BOND   =       220.9485  ANGLE   =       678.3952  DIHED      =       928.4257
 1-4 NB =       257.5170  1-4 EEL =      2546.5963  VDWAALS    =      -519.3709
 EELEC  =     -4643.6662  EGB     =     -1761.3811  RESTRAINT  =        44.5332
 EAMBER (non-restraint)  =     -2257.3367
 ESURF=        35.1988
 ------------------------------------------------------------------------------


 NSTEP =    30000   TIME(PS) =    1060.000  TEMP(K) =   307.13  PRESS =     0.0
 Etot   =     -1263.0758  EKtot   =       929.5320  EPtot      =     -2192.6078
 BOND   =       239.7538  ANGLE   =       675.6774  DIHED      =       939.2676
 1-4 NB =       261.9755  1-4 EEL =      2472.4725  VDWAALS    =      -509.4030
 EELEC  =     -4549.6381  EGB     =     -1801.8517  RESTRAINT  =        44.7347
 EAMBER (non-restraint)  =     -2237.3426
 ESURF=        34.4033
 ------------------------------------------------------------------------------


 NSTEP =    35000   TIME(PS) =    1070.000  TEMP(K) =   310.20  PRESS =     0.0
 Etot   =     -1260.1726  EKtot   =       938.8327  EPtot      =     -2199.0053
 BOND   =       245.7638  ANGLE   =       670.1346  DIHED      =       926.3674
 1-4 NB =       249.2413  1-4 EEL =      2505.8782  VDWAALS    =      -528.0875
 EELEC  =     -4526.9435  EGB     =     -1829.1864  RESTRAINT  =        51.6222
 EAMBER (non-restraint)  =     -2250.6275
 ESURF=        36.2046
 ------------------------------------------------------------------------------


 NSTEP =    40000   TIME(PS) =    1080.000  TEMP(K) =   298.98  PRESS =     0.0
 Etot   =     -1291.0314  EKtot   =       904.8534  EPtot      =     -2195.8848
 BOND   =       228.8676  ANGLE   =       670.0536  DIHED      =       930.9917
 1-4 NB =       266.1940  1-4 EEL =      2545.6268  VDWAALS    =      -520.3631
 EELEC  =     -4573.1683  EGB     =     -1823.2847  RESTRAINT  =        44.8508
 EAMBER (non-restraint)  =     -2240.7355
 ESURF=        34.3468
 ------------------------------------------------------------------------------


 NSTEP =    45000   TIME(PS) =    1090.000  TEMP(K) =   294.42  PRESS =     0.0
 Etot   =     -1316.7393  EKtot   =       891.0737  EPtot      =     -2207.8130
 BOND   =       266.0295  ANGLE   =       660.2802  DIHED      =       912.1659
 1-4 NB =       253.2507  1-4 EEL =      2506.8205  VDWAALS    =      -518.4702
 EELEC  =     -4569.3436  EGB     =     -1802.9688  RESTRAINT  =        48.3310
 EAMBER (non-restraint)  =     -2256.1440
 ESURF=        36.0918
 ------------------------------------------------------------------------------


 NSTEP =    50000   TIME(PS) =    1100.000  TEMP(K) =   301.31  PRESS =     0.0
 Etot   =     -1279.3178  EKtot   =       911.9252  EPtot      =     -2191.2430
 BOND   =       234.7344  ANGLE   =       670.2266  DIHED      =       916.5567
 1-4 NB =       269.6213  1-4 EEL =      2505.0049  VDWAALS    =      -517.2864
 EELEC  =     -4567.3964  EGB     =     -1795.8038  RESTRAINT  =        56.4847
 EAMBER (non-restraint)  =     -2247.7278
 ESURF=        36.6150
 ------------------------------------------------------------------------------


 NSTEP =    55000   TIME(PS) =    1110.000  TEMP(K) =   308.90  PRESS =     0.0
 Etot   =     -1252.8914  EKtot   =       934.8792  EPtot      =     -2187.7705
 BOND   =       245.9374  ANGLE   =       680.7058  DIHED      =       922.8401
 1-4 NB =       252.6946  1-4 EEL =      2500.9015  VDWAALS    =      -517.2932
 EELEC  =     -4605.5163  EGB     =     -1758.3995  RESTRAINT  =        55.3029
 EAMBER (non-restraint)  =     -2243.0735
 ESURF=        35.0562
 ------------------------------------------------------------------------------


 NSTEP =    60000   TIME(PS) =    1120.000  TEMP(K) =   303.77  PRESS =     0.0
 Etot   =     -1249.6108  EKtot   =       919.3634  EPtot      =     -2168.9742
 BOND   =       245.6887  ANGLE   =       696.3583  DIHED      =       917.1672
 1-4 NB =       268.6524  1-4 EEL =      2491.1413  VDWAALS    =      -514.6048
 EELEC  =     -4518.0468  EGB     =     -1835.6646  RESTRAINT  =        45.5735
 EAMBER (non-restraint)  =     -2214.5476
 ESURF=        34.7606
 ------------------------------------------------------------------------------


 NSTEP =    65000   TIME(PS) =    1130.000  TEMP(K) =   308.88  PRESS =     0.0
 Etot   =     -1276.3189  EKtot   =       934.8167  EPtot      =     -2211.1355
 BOND   =       238.4407  ANGLE   =       665.2966  DIHED      =       914.2356
 1-4 NB =       250.1977  1-4 EEL =      2477.0867  VDWAALS    =      -508.6239
 EELEC  =     -4430.0021  EGB     =     -1909.9998  RESTRAINT  =        55.2916
 EAMBER (non-restraint)  =     -2266.4272
 ESURF=        36.9413
 ------------------------------------------------------------------------------


 NSTEP =    70000   TIME(PS) =    1140.000  TEMP(K) =   286.10  PRESS =     0.0
 Etot   =     -1357.6670  EKtot   =       865.8805  EPtot      =     -2223.5475
 BOND   =       223.9612  ANGLE   =       655.9607  DIHED      =       925.6149
 1-4 NB =       262.0195  1-4 EEL =      2528.9144  VDWAALS    =      -513.7593
 EELEC  =     -4540.1348  EGB     =     -1849.9566  RESTRAINT  =        48.2253
 EAMBER (non-restraint)  =     -2271.7728
 ESURF=        35.6073
 ------------------------------------------------------------------------------


 NSTEP =    75000   TIME(PS) =    1150.000  TEMP(K) =   306.62  PRESS =     0.0
 Etot   =     -1275.3726  EKtot   =       927.9944  EPtot      =     -2203.3670
 BOND   =       236.7270  ANGLE   =       658.6205  DIHED      =       934.1176
 1-4 NB =       269.8147  1-4 EEL =      2542.7420  VDWAALS    =      -529.2385
 EELEC  =     -4597.8297  EGB     =     -1801.4927  RESTRAINT  =        49.0122
 EAMBER (non-restraint)  =     -2252.3792
 ESURF=        34.1599
 ------------------------------------------------------------------------------


 NSTEP =    80000   TIME(PS) =    1160.000  TEMP(K) =   290.76  PRESS =     0.0
 Etot   =     -1330.9636  EKtot   =       879.9868  EPtot      =     -2210.9505
 BOND   =       210.6732  ANGLE   =       683.1755  DIHED      =       930.8424
 1-4 NB =       271.4238  1-4 EEL =      2525.2685  VDWAALS    =      -520.5059
 EELEC  =     -4547.2137  EGB     =     -1848.2496  RESTRAINT  =        48.9935
 EAMBER (non-restraint)  =     -2259.9439
 ESURF=        34.6418
 ------------------------------------------------------------------------------


 NSTEP =    85000   TIME(PS) =    1170.000  TEMP(K) =   323.49  PRESS =     0.0
 Etot   =     -1197.8948  EKtot   =       979.0321  EPtot      =     -2176.9269
 BOND   =       250.4810  ANGLE   =       673.1523  DIHED      =       935.6482
 1-4 NB =       271.9641  1-4 EEL =      2505.1494  VDWAALS    =      -512.3364
 EELEC  =     -4537.7164  EGB     =     -1850.0154  RESTRAINT  =        52.1638
 EAMBER (non-restraint)  =     -2229.0907
 ESURF=        34.5826
 ------------------------------------------------------------------------------


 NSTEP =    90000   TIME(PS) =    1180.000  TEMP(K) =   319.35  PRESS =     0.0
 Etot   =     -1197.1221  EKtot   =       966.5125  EPtot      =     -2163.6346
 BOND   =       265.4295  ANGLE   =       667.6573  DIHED      =       933.0518
 1-4 NB =       252.5777  1-4 EEL =      2513.7618  VDWAALS    =      -511.7118
 EELEC  =     -4513.7479  EGB     =     -1861.1128  RESTRAINT  =        55.9162
 EAMBER (non-restraint)  =     -2219.5508
 ESURF=        34.5437
 ------------------------------------------------------------------------------


 NSTEP =    95000   TIME(PS) =    1190.000  TEMP(K) =   296.34  PRESS =     0.0
 Etot   =     -1302.9446  EKtot   =       896.8686  EPtot      =     -2199.8132
 BOND   =       227.8562  ANGLE   =       698.2490  DIHED      =       919.7906
 1-4 NB =       255.1684  1-4 EEL =      2505.7188  VDWAALS    =      -510.6757
 EELEC  =     -4532.7137  EGB     =     -1843.0066  RESTRAINT  =        46.6418
 EAMBER (non-restraint)  =     -2246.4550
 ESURF=        33.1582
 ------------------------------------------------------------------------------


 NSTEP =   100000   TIME(PS) =    1200.000  TEMP(K) =   298.85  PRESS =     0.0
 Etot   =     -1337.0312  EKtot   =       904.4638  EPtot      =     -2241.4950
 BOND   =       235.8562  ANGLE   =       650.2185  DIHED      =       915.0171
 1-4 NB =       260.6053  1-4 EEL =      2487.7799  VDWAALS    =      -523.0524
 EELEC  =     -4503.5344  EGB     =     -1849.9826  RESTRAINT  =        51.0099
 EAMBER (non-restraint)  =     -2292.5048
 ESURF=        34.5876
 ------------------------------------------------------------------------------


 NSTEP =   105000   TIME(PS) =    1210.000  TEMP(K) =   301.85  PRESS =     0.0
 Etot   =     -1335.3559  EKtot   =       913.5555  EPtot      =     -2248.9114
 BOND   =       238.1565  ANGLE   =       632.4273  DIHED      =       920.6700
 1-4 NB =       259.2736  1-4 EEL =      2502.6460  VDWAALS    =      -525.9228
 EELEC  =     -4419.7957  EGB     =     -1940.8007  RESTRAINT  =        49.7936
 EAMBER (non-restraint)  =     -2298.7049
 ESURF=        34.6408
 ------------------------------------------------------------------------------


 NSTEP =   110000   TIME(PS) =    1220.000  TEMP(K) =   303.06  PRESS =     0.0
 Etot   =     -1278.9097  EKtot   =       917.2138  EPtot      =     -2196.1235
 BOND   =       268.1775  ANGLE   =       665.6235  DIHED      =       919.9951
 1-4 NB =       244.0334  1-4 EEL =      2471.8606  VDWAALS    =      -525.9084
 EELEC  =     -4434.8553  EGB     =     -1896.8440  RESTRAINT  =        56.0721
 EAMBER (non-restraint)  =     -2252.1956
 ESURF=        35.7220
 ------------------------------------------------------------------------------


 NSTEP =   115000   TIME(PS) =    1230.000  TEMP(K) =   289.33  PRESS =     0.0
 Etot   =     -1304.4653  EKtot   =       875.6561  EPtot      =     -2180.1214
 BOND   =       255.7892  ANGLE   =       676.1284  DIHED      =       926.1906
 1-4 NB =       256.9052  1-4 EEL =      2476.0166  VDWAALS    =      -503.1195
 EELEC  =     -4454.8449  EGB     =     -1895.0379  RESTRAINT  =        45.4460
 EAMBER (non-restraint)  =     -2225.5675
 ESURF=        36.4049
 ------------------------------------------------------------------------------


 NSTEP =   120000   TIME(PS) =    1240.000  TEMP(K) =   291.46  PRESS =     0.0
 Etot   =     -1359.6164  EKtot   =       882.1031  EPtot      =     -2241.7194
 BOND   =       230.2404  ANGLE   =       644.3247  DIHED      =       923.7531
 1-4 NB =       255.7026  1-4 EEL =      2529.4940  VDWAALS    =      -513.3750
 EELEC  =     -4543.2419  EGB     =     -1849.1146  RESTRAINT  =        45.7098
 EAMBER (non-restraint)  =     -2287.4292
 ESURF=        34.7875
 ------------------------------------------------------------------------------


 NSTEP =   125000   TIME(PS) =    1250.000  TEMP(K) =   317.81  PRESS =     0.0
 Etot   =     -1225.8069  EKtot   =       961.8533  EPtot      =     -2187.6601
 BOND   =       253.5919  ANGLE   =       664.8311  DIHED      =       922.4301
 1-4 NB =       261.5656  1-4 EEL =      2537.6658  VDWAALS    =      -521.9286
 EELEC  =     -4516.2761  EGB     =     -1880.9014  RESTRAINT  =        55.5904
 EAMBER (non-restraint)  =     -2243.2505
 ESURF=        35.7710
 ------------------------------------------------------------------------------


      A V E R A G E S   O V E R      25 S T E P S


 NSTEP =   125000   TIME(PS) =    1250.000  TEMP(K) =   303.08  PRESS =     0.0
 Etot   =     -1284.1379  EKtot   =       917.2743  EPtot      =     -2201.4122
 BOND   =       243.0899  ANGLE   =       667.7294  DIHED      =       926.2721
 1-4 NB =       259.0719  1-4 EEL =      2512.2632  VDWAALS    =      -516.7460
 EELEC  =     -4539.7502  EGB     =     -1838.2592  RESTRAINT  =        49.8302
 EAMBER (non-restraint)  =     -2251.2424
 ESURF=        35.0866
 ------------------------------------------------------------------------------


      R M S  F L U C T U A T I O N S


 NSTEP =   125000   TIME(PS) =    1250.000  TEMP(K) =     9.53  PRESS =     0.0
 Etot   =        47.7017  EKtot   =        28.8341  EPtot      =        25.1311
 BOND   =        15.3468  ANGLE   =        15.2997  DIHED      =         7.9962
 1-4 NB =         7.2715  1-4 EEL =        24.5641  VDWAALS    =         8.3431
 EELEC  =        58.2030  EGB     =        43.6649  RESTRAINT  =         3.9639
 EAMBER (non-restraint)  =        21.1672
 ESURF=         0.9236
 ------------------------------------------------------------------------------

--------------------------------------------------------------------------------
   5.  TIMINGS
--------------------------------------------------------------------------------

|  NonSetup CPU Time in Major Routines:
|
|     Routine           Sec        %
|     ------------------------------
|     Nonbond        7525.06   98.04
|     Bond              1.10    0.01
|     Angle            17.39    0.23
|     Dihedral         99.41    1.30
|     Shake             4.87    0.06
|     RunMD            27.46    0.36
|     Other             0.07    0.00
|     ------------------------------
|     Total          7675.36

|  Generalized Born CPU Time:
|
|     Routine                 Sec        %
|     ------------------------------------
|     Radii Calc           1762.10   22.96
|     Diagonal Calc        3279.42   42.73
|     Off Diagonal Calc    2476.60   32.27
|     GBSA LCPO Calc          0.10    0.00
|     ---------------------------------
|     Total                7518.13   97.95

|  Final Performance Info:
|     -----------------------------------------------------
|     Average timings for last       1 steps:
|     Elapsed(s) =       0.00 Per Step(ms) =       0.10
|         ns/day =    1661.48   seconds/ns =      52.00
|
|     Average timings for all steps:
|     Elapsed(s) =   36957.13 Per Step(ms) =     295.66
|         ns/day =       0.58   seconds/ns =  147828.53
|     -----------------------------------------------------

|  Setup CPU time:            0.02 seconds
|  NonSetup CPU time:      7675.36 seconds
|  Total CPU time:         7675.38 seconds     2.13 hours

|  Setup wall time:           0    seconds
|  NonSetup wall time:    36957    seconds
|  Total wall time:       36957    seconds    10.27 hours
