Salt Bridges Plugin, Version 1.0
Wed Apr 17 13:10:47 +0530 2024

Parameters used in the calculation of salt bridges:
- Atomselection: protein
- Update selections every frame: yes
- Initial frame: 0
- Frame step: 1
- Final frame: 499
- Oxygen-nitrogen cut-off: 3.2
- Center of mass cut-off: none
- Write a file for each salt bridge: yes

Searching for ion-pairs with oxygen-nitrogen distance within 3.2 Angstroms in the selected frames... Done.
Removing redundancies in the ion-pairs found... Done.
Extracting identification of each salt bridge... Done.
Found 7 salt bridges.

ASP8-LYS40
GLU35-LYS29
GLU42-LYS45
GLU12-LYS40
GLU12-LYS15
GLU7-LYS3
GLU35-LYS31

Printing distances over all frames for each salt-bridge... Done.
