
          -------------------------------------------------------
          Amber 22 PMEMD                              2022
          -------------------------------------------------------

| PMEMD implementation of SANDER, Release 22

|  Compiled date/time: Thu Apr 14 23:36:37 2022
| Run on 12/26/2023 at 23:43:16

|   Executable path: pmemd
| Working directory: /home/arul/Reegina/MD_Sim/sample/1W4E_info
|          Hostname: Unknown
  [-O]verwriting output

File Assignments:
|   MDIN: eq1.in                                                                
|  MDOUT: eq1.out                                                               
| INPCRD: heat.rst7                                                             
|   PARM: 1W4E.hmass.parm7                                                      
| RESTRT: eq1.rst7                                                              
|   REFC: heat.rst7                                                             
|  MDVEL: mdvel                                                                 
|   MDEN: mden                                                                  
|  MDCRD: eq1.crd                                                               
| MDINFO: eq1.info                                                              
|  MDFRC: mdfrc                                                                 


 Here is the input file:

&cntrl                                                                         
   ntx = 5,                                                                    
                                                                               
   ntwx = 5000, ntwe = 0, ntwr = 500,                                          
   ntpr = 5000,                                                                
                                                                               
   ioutfm=0, ntxo=1,                                                           
                                                                               
   imin = 0, nstlim = 125000, dt = 0.002,                                      
                                                                               
   ntt = 3, gamma_ln=1.0, temp0 = 300.0,                                       
   nscm = 1000, ig = -1, irest = 1,                                            
                                                                               
   ntc= 2, ntf = 2, cut = 1000,                                                
                                                                               
   igb=8, gbsa=3, surften=0.007, ntb = 0,                                      
   saltcon=0.,                                                                 
                                                                               
   ntr=1, restraintmask="@CA,N,C,O",                                           
   restraint_wt=1.0,                                                           
 /                                                                             


Note: ig = -1. Setting random seed to   701424 based on wallclock time in 
      microseconds.
| irandom = 1, using AMBER's internal random number generator (default).
 
| Conditional Compilation Defines Used:
| PUBFFT
| BINTRAJ
| EMIL

| New format PARM file being parsed.
| Version =    1.000 Date = 12/05/23 Time = 14:07:16

| Note: 1-4 EEL scale factors are being read from the topology file.

| Note: 1-4 VDW scale factors are being read from the topology file.
| INFO:    Reading atomic numbers from topology file.
| Duplicated    0 dihedrals

| Duplicated    0 dihedrals

--------------------------------------------------------------------------------
   1.  RESOURCE   USE: 
--------------------------------------------------------------------------------

 NATOM  =     723 NTYPES =      13 NBONH =     372 MBONA  =     354
 NTHETH =     842 MTHETA =     473 NPHIH =    1669 MPHIA  =    1443
 NHPARM =       0 NPARM  =       0 NNB   =    3961 NRES   =      45
 NBONA  =     354 NTHETA =     473 NPHIA =    1443 NUMBND =      57
 NUMANG =     136 NPTRA  =     165 NATYP =      27 NPHB   =       0
 IFBOX  =       0 NMXRS  =      24 IFCAP =       0 NEXTRA =       0
 NCOPY  =       0

 Implicit solvent radii are ArgH and AspGluO modified Bondi2 radii (mbondi3)                                
 Replacing prmtop screening parameters with GBn2 (igb=8) values
--------------------------------------------------------------------------------
   2.  CONTROL  DATA  FOR  THE  RUN
--------------------------------------------------------------------------------

default_name                                                                    

General flags:
     imin    =       0, nmropt  =       0

Nature and format of input:
     ntx     =       5, irest   =       1, ntrx    =       1

Nature and format of output:
     ntxo    =       1, ntpr    =    5000, ntrx    =       1, ntwr    =     500
     iwrap   =       0, ntwx    =    5000, ntwv    =       0, ntwe    =       0
     ioutfm  =       0, ntwprt  =       0, idecomp =       0, rbornstat=      0

Potential function:
     ntf     =       2, ntb     =       0, igb     =       8, nsnb    =      25
     ipol    =       0, gbsa    =       3, iesp    =       0
     dielc   =   1.00000, cut     =1000.00000, intdiel =   1.00000
     saltcon =   0.00000, offset  =   0.19514, surften =   0.00700
     rdt     =   0.00000, rgbmax  =  25.00000  extdiel =  78.50000
     alpb  =        0
     gbalphaH  =   0.78844, gbbetaH   =   0.79870,  gbgammaH  =    0.43733
     gbalphaC  =   0.73376, gbbetaC   =   0.50638,  gbgammaC  =    0.20584
     gbalphaN  =   0.50336, gbbetaN   =   0.31683,  gbgammaN  =    0.19292
     gbalphaOS =   0.86781, gbbetaOS  =   0.87664,  gbgammaOS =    0.38788
     gbalphaP  =   1.00000, gbbetaP   =   0.80000,  gbgammaP  =    4.85000
     gb_alpha_hnu  =   0.53705, gb_beta_hnu   =   0.36286,  gb_gamma_hnu  =    0.11670
     gb_alpha_cnu  =   0.33167, gb_beta_cnu   =   0.19684,  gb_gamma_cnu  =    0.09342
     gb_alpha_nnu  =   0.68631, gb_beta_nnu   =   0.46319,  gb_gamma_nnu  =    0.13872
     gb_alpha_onu  =   0.60634, gb_beta_onu   =   0.46301,  gb_gamma_onu  =    0.14226
     gb_alpha_pnu  =   0.41836, gb_beta_pnu   =   0.29005,  gb_gamma_pnu  =    0.10642

Frozen or restrained atoms:
     ibelly  =       0, ntr     =       1
     restraint_wt =   1.00000

Molecular dynamics:
     nstlim  =    125000, nscm    =         0, nrespa  =         1
     t       =   0.00000, dt      =   0.00200, vlimit  =  20.00000

Langevin dynamics temperature regulation:
     ig      =  701424
     temp0   = 300.00000, tempi   =   0.00000, gamma_ln=   1.00000

SHAKE:
     ntc     =       2, jfastw  =       0
     tol     =   0.00001

| Intermolecular bonds treatment:
|     no_intermolecular_bonds =       1

| Energy averages sample interval:
|     ene_avg_sampling =    5000

    LOADING THE CONSTRAINED ATOMS AS GROUPS


   5.  REFERENCE ATOM COORDINATES

  default_name                                                                    
     Mask @CA,N,C,O; matches   180 atoms

--------------------------------------------------------------------------------
   3.  ATOMIC COORDINATES AND VELOCITIES
--------------------------------------------------------------------------------

default_name                                                                    
 begin time read from input coords =  1000.000 ps

 
 Number of triangulated 3-point waters found:        0
| Dynamic Memory, Types Used:
| Reals               26438
| Integers            84806

--------------------------------------------------------------------------------
   4.  RESULTS
--------------------------------------------------------------------------------


 NSTEP =     5000   TIME(PS) =    1010.000  TEMP(K) =   299.10  PRESS =     0.0
 Etot   =     -1189.1921  EKtot   =       534.0477  EPtot      =     -1723.2398
 BOND   =       145.9992  ANGLE   =       354.9899  DIHED      =       526.8907
 1-4 NB =       160.7062  1-4 EEL =       990.5199  VDWAALS    =      -288.2761
 EELEC  =     -2046.0428  EGB     =     -1618.1778  RESTRAINT  =        24.6604
 EAMBER (non-restraint)  =     -1747.9002
 ESURF=        25.4905
 ------------------------------------------------------------------------------


 NSTEP =    10000   TIME(PS) =    1020.000  TEMP(K) =   283.40  PRESS =     0.0
 Etot   =     -1270.0697  EKtot   =       506.0144  EPtot      =     -1776.0841
 BOND   =       122.0918  ANGLE   =       349.4589  DIHED      =       523.9666
 1-4 NB =       153.1227  1-4 EEL =      1012.0116  VDWAALS    =      -290.4531
 EELEC  =     -2175.7647  EGB     =     -1517.0256  RESTRAINT  =        21.9149
 EAMBER (non-restraint)  =     -1797.9991
 ESURF=        24.5927
 ------------------------------------------------------------------------------


 NSTEP =    15000   TIME(PS) =    1030.000  TEMP(K) =   310.72  PRESS =     0.0
 Etot   =     -1207.7125  EKtot   =       554.7868  EPtot      =     -1762.4993
 BOND   =       149.4902  ANGLE   =       352.0258  DIHED      =       503.9534
 1-4 NB =       154.7485  1-4 EEL =       984.9255  VDWAALS    =      -290.4506
 EELEC  =     -2078.7158  EGB     =     -1587.1485  RESTRAINT  =        23.8582
 EAMBER (non-restraint)  =     -1786.3574
 ESURF=        24.8141
 ------------------------------------------------------------------------------


 NSTEP =    20000   TIME(PS) =    1040.000  TEMP(K) =   321.58  PRESS =     0.0
 Etot   =     -1200.0646  EKtot   =       574.1777  EPtot      =     -1774.2422
 BOND   =       156.5509  ANGLE   =       332.3322  DIHED      =       515.0415
 1-4 NB =       153.6147  1-4 EEL =       977.2984  VDWAALS    =      -285.3728
 EELEC  =     -2174.8138  EGB     =     -1500.3247  RESTRAINT  =        26.6464
 EAMBER (non-restraint)  =     -1800.8886
 ESURF=        24.7851
 ------------------------------------------------------------------------------


 NSTEP =    25000   TIME(PS) =    1050.000  TEMP(K) =   299.66  PRESS =     0.0
 Etot   =     -1234.2587  EKtot   =       535.0482  EPtot      =     -1769.3069
 BOND   =       127.0114  ANGLE   =       348.4839  DIHED      =       508.0622
 1-4 NB =       144.6169  1-4 EEL =      1001.4993  VDWAALS    =      -294.7564
 EELEC  =     -2162.2352  EGB     =     -1489.4934  RESTRAINT  =        22.3278
 EAMBER (non-restraint)  =     -1791.6347
 ESURF=        25.1766
 ------------------------------------------------------------------------------


 NSTEP =    30000   TIME(PS) =    1060.000  TEMP(K) =   305.13  PRESS =     0.0
 Etot   =     -1214.2262  EKtot   =       544.8113  EPtot      =     -1759.0375
 BOND   =       137.7227  ANGLE   =       365.0644  DIHED      =       517.1666
 1-4 NB =       157.1325  1-4 EEL =       973.1808  VDWAALS    =      -285.9142
 EELEC  =     -2227.8345  EGB     =     -1440.0036  RESTRAINT  =        19.8487
 EAMBER (non-restraint)  =     -1778.8862
 ESURF=        24.5992
 ------------------------------------------------------------------------------


 NSTEP =    35000   TIME(PS) =    1070.000  TEMP(K) =   300.48  PRESS =     0.0
 Etot   =     -1186.7765  EKtot   =       536.5039  EPtot      =     -1723.2804
 BOND   =       143.5264  ANGLE   =       366.8341  DIHED      =       537.1207
 1-4 NB =       142.8263  1-4 EEL =       968.5831  VDWAALS    =      -288.8006
 EELEC  =     -2118.7957  EGB     =     -1524.1664  RESTRAINT  =        25.1155
 EAMBER (non-restraint)  =     -1748.3958
 ESURF=        24.4761
 ------------------------------------------------------------------------------


 NSTEP =    40000   TIME(PS) =    1080.000  TEMP(K) =   300.13  PRESS =     0.0
 Etot   =     -1232.5755  EKtot   =       535.8820  EPtot      =     -1768.4575
 BOND   =       139.6413  ANGLE   =       341.3557  DIHED      =       524.1883
 1-4 NB =       143.6499  1-4 EEL =       975.3257  VDWAALS    =      -291.0680
 EELEC  =     -2179.3153  EGB     =     -1470.0627  RESTRAINT  =        23.1548
 EAMBER (non-restraint)  =     -1791.6123
 ESURF=        24.6727
 ------------------------------------------------------------------------------


 NSTEP =    45000   TIME(PS) =    1090.000  TEMP(K) =   313.22  PRESS =     0.0
 Etot   =     -1214.6240  EKtot   =       559.2545  EPtot      =     -1773.8784
 BOND   =       133.3336  ANGLE   =       338.9613  DIHED      =       517.9013
 1-4 NB =       154.4127  1-4 EEL =       980.5998  VDWAALS    =      -289.7692
 EELEC  =     -2192.9695  EGB     =     -1469.0446  RESTRAINT  =        28.0624
 EAMBER (non-restraint)  =     -1801.9408
 ESURF=        24.6338
 ------------------------------------------------------------------------------


 NSTEP =    50000   TIME(PS) =    1100.000  TEMP(K) =   297.29  PRESS =     0.0
 Etot   =     -1244.7246  EKtot   =       530.8111  EPtot      =     -1775.5357
 BOND   =       150.5138  ANGLE   =       319.1198  DIHED      =       522.5903
 1-4 NB =       155.9531  1-4 EEL =       986.0514  VDWAALS    =      -296.4393
 EELEC  =     -2155.6106  EGB     =     -1507.7191  RESTRAINT  =        25.2844
 EAMBER (non-restraint)  =     -1800.8201
 ESURF=        24.7204
 ------------------------------------------------------------------------------


 NSTEP =    55000   TIME(PS) =    1110.000  TEMP(K) =   299.27  PRESS =     0.0
 Etot   =     -1212.8699  EKtot   =       534.3496  EPtot      =     -1747.2196
 BOND   =       142.5139  ANGLE   =       351.5102  DIHED      =       507.3358
 1-4 NB =       157.6557  1-4 EEL =       974.9209  VDWAALS    =      -288.4573
 EELEC  =     -2114.4806  EGB     =     -1533.6045  RESTRAINT  =        31.2140
 EAMBER (non-restraint)  =     -1778.4335
 ESURF=        24.1723
 ------------------------------------------------------------------------------


 NSTEP =    60000   TIME(PS) =    1120.000  TEMP(K) =   309.86  PRESS =     0.0
 Etot   =     -1213.4663  EKtot   =       553.2588  EPtot      =     -1766.7251
 BOND   =       136.9862  ANGLE   =       361.6132  DIHED      =       498.0336
 1-4 NB =       153.0123  1-4 EEL =       985.5748  VDWAALS    =      -293.6535
 EELEC  =     -2170.3694  EGB     =     -1486.9465  RESTRAINT  =        24.0127
 EAMBER (non-restraint)  =     -1790.7378
 ESURF=        25.0115
 ------------------------------------------------------------------------------


 NSTEP =    65000   TIME(PS) =    1130.000  TEMP(K) =   314.50  PRESS =     0.0
 Etot   =     -1194.9445  EKtot   =       561.5283  EPtot      =     -1756.4729
 BOND   =       132.9360  ANGLE   =       339.3229  DIHED      =       523.5166
 1-4 NB =       156.5981  1-4 EEL =       973.3759  VDWAALS    =      -285.5537
 EELEC  =     -2156.2490  EGB     =     -1490.3437  RESTRAINT  =        25.7828
 EAMBER (non-restraint)  =     -1782.2557
 ESURF=        24.1413
 ------------------------------------------------------------------------------


 NSTEP =    70000   TIME(PS) =    1140.000  TEMP(K) =   300.76  PRESS =     0.0
 Etot   =     -1194.7462  EKtot   =       537.0055  EPtot      =     -1731.7516
 BOND   =       138.6257  ANGLE   =       346.8713  DIHED      =       534.6620
 1-4 NB =       156.5704  1-4 EEL =       976.0588  VDWAALS    =      -285.5870
 EELEC  =     -2152.9877  EGB     =     -1498.0926  RESTRAINT  =        27.5702
 EAMBER (non-restraint)  =     -1759.3218
 ESURF=        24.5573
 ------------------------------------------------------------------------------


 NSTEP =    75000   TIME(PS) =    1150.000  TEMP(K) =   290.71  PRESS =     0.0
 Etot   =     -1266.2239  EKtot   =       519.0515  EPtot      =     -1785.2754
 BOND   =       124.4597  ANGLE   =       370.6604  DIHED      =       503.2074
 1-4 NB =       146.6843  1-4 EEL =       964.9630  VDWAALS    =      -284.6424
 EELEC  =     -2234.2472  EGB     =     -1423.7000  RESTRAINT  =        22.7593
 EAMBER (non-restraint)  =     -1808.0347
 ESURF=        24.5801
 ------------------------------------------------------------------------------


 NSTEP =    80000   TIME(PS) =    1160.000  TEMP(K) =   297.71  PRESS =     0.0
 Etot   =     -1219.6491  EKtot   =       531.5573  EPtot      =     -1751.2064
 BOND   =       135.4001  ANGLE   =       382.8541  DIHED      =       526.2704
 1-4 NB =       142.5990  1-4 EEL =       961.0273  VDWAALS    =      -287.2122
 EELEC  =     -2244.4407  EGB     =     -1418.4359  RESTRAINT  =        26.7965
 EAMBER (non-restraint)  =     -1778.0029
 ESURF=        23.9350
 ------------------------------------------------------------------------------


 NSTEP =    85000   TIME(PS) =    1170.000  TEMP(K) =   296.46  PRESS =     0.0
 Etot   =     -1207.0246  EKtot   =       529.3252  EPtot      =     -1736.3498
 BOND   =       154.6913  ANGLE   =       364.5797  DIHED      =       520.1665
 1-4 NB =       149.5457  1-4 EEL =       970.8607  VDWAALS    =      -283.7816
 EELEC  =     -2219.2449  EGB     =     -1448.0924  RESTRAINT  =        29.8559
 EAMBER (non-restraint)  =     -1766.2057
 ESURF=        25.0694
 ------------------------------------------------------------------------------


 NSTEP =    90000   TIME(PS) =    1180.000  TEMP(K) =   289.08  PRESS =     0.0
 Etot   =     -1235.3654  EKtot   =       516.1463  EPtot      =     -1751.5117
 BOND   =       142.9688  ANGLE   =       357.7463  DIHED      =       523.9916
 1-4 NB =       155.9351  1-4 EEL =       995.9722  VDWAALS    =      -293.5826
 EELEC  =     -2133.7097  EGB     =     -1548.4213  RESTRAINT  =        24.5170
 EAMBER (non-restraint)  =     -1776.0287
 ESURF=        23.0709
 ------------------------------------------------------------------------------


 NSTEP =    95000   TIME(PS) =    1190.000  TEMP(K) =   310.59  PRESS =     0.0
 Etot   =     -1190.0601  EKtot   =       554.5563  EPtot      =     -1744.6164
 BOND   =       140.0522  ANGLE   =       358.7598  DIHED      =       526.6487
 1-4 NB =       154.4979  1-4 EEL =       987.0717  VDWAALS    =      -291.6606
 EELEC  =     -2167.0060  EGB     =     -1504.9871  RESTRAINT  =        27.3603
 EAMBER (non-restraint)  =     -1771.9767
 ESURF=        24.6467
 ------------------------------------------------------------------------------


 NSTEP =   100000   TIME(PS) =    1200.000  TEMP(K) =   314.94  PRESS =     0.0
 Etot   =     -1219.5962  EKtot   =       562.3204  EPtot      =     -1781.9166
 BOND   =       150.9072  ANGLE   =       333.4979  DIHED      =       510.8073
 1-4 NB =       150.5756  1-4 EEL =       977.7222  VDWAALS    =      -292.3727
 EELEC  =     -2107.5901  EGB     =     -1560.9790  RESTRAINT  =        31.6754
 EAMBER (non-restraint)  =     -1813.5920
 ESURF=        23.8396
 ------------------------------------------------------------------------------


 NSTEP =   105000   TIME(PS) =    1210.000  TEMP(K) =   291.05  PRESS =     0.0
 Etot   =     -1255.2730  EKtot   =       519.6646  EPtot      =     -1774.9376
 BOND   =       131.2638  ANGLE   =       349.4161  DIHED      =       519.3685
 1-4 NB =       152.3534  1-4 EEL =       993.0277  VDWAALS    =      -300.0732
 EELEC  =     -2179.9933  EGB     =     -1488.1300  RESTRAINT  =        23.4458
 EAMBER (non-restraint)  =     -1798.3834
 ESURF=        24.3836
 ------------------------------------------------------------------------------


 NSTEP =   110000   TIME(PS) =    1220.000  TEMP(K) =   290.27  PRESS =     0.0
 Etot   =     -1201.8686  EKtot   =       518.2817  EPtot      =     -1720.1504
 BOND   =       150.3261  ANGLE   =       370.1137  DIHED      =       514.2610
 1-4 NB =       151.4282  1-4 EEL =      1002.9767  VDWAALS    =      -289.3136
 EELEC  =     -2050.9576  EGB     =     -1617.5330  RESTRAINT  =        23.4157
 EAMBER (non-restraint)  =     -1743.5660
 ESURF=        25.1325
 ------------------------------------------------------------------------------


 NSTEP =   115000   TIME(PS) =    1230.000  TEMP(K) =   296.63  PRESS =     0.0
 Etot   =     -1214.9315  EKtot   =       529.6271  EPtot      =     -1744.5586
 BOND   =       145.9086  ANGLE   =       337.1813  DIHED      =       525.1112
 1-4 NB =       152.0112  1-4 EEL =       975.4959  VDWAALS    =      -290.0187
 EELEC  =     -2076.8662  EGB     =     -1571.2087  RESTRAINT  =        33.3565
 EAMBER (non-restraint)  =     -1777.9151
 ESURF=        24.4702
 ------------------------------------------------------------------------------


 NSTEP =   120000   TIME(PS) =    1240.000  TEMP(K) =   285.30  PRESS =     0.0
 Etot   =     -1234.2443  EKtot   =       509.3922  EPtot      =     -1743.6365
 BOND   =       157.4308  ANGLE   =       336.2253  DIHED      =       527.1607
 1-4 NB =       151.1035  1-4 EEL =      1009.2040  VDWAALS    =      -291.3163
 EELEC  =     -2047.1769  EGB     =     -1639.5458  RESTRAINT  =        29.1872
 EAMBER (non-restraint)  =     -1772.8237
 ESURF=        24.0910
 ------------------------------------------------------------------------------


 NSTEP =   125000   TIME(PS) =    1250.000  TEMP(K) =   303.81  PRESS =     0.0
 Etot   =     -1190.6015  EKtot   =       542.4570  EPtot      =     -1733.0584
 BOND   =       163.5719  ANGLE   =       356.5107  DIHED      =       531.0327
 1-4 NB =       147.6356  1-4 EEL =       961.9506  VDWAALS    =      -290.3674
 EELEC  =     -2009.6257  EGB     =     -1642.3060  RESTRAINT  =        23.7776
 EAMBER (non-restraint)  =     -1756.8360
 ESURF=        24.7615
 ------------------------------------------------------------------------------


      A V E R A G E S   O V E R      25 S T E P S


 NSTEP =   125000   TIME(PS) =    1250.000  TEMP(K) =   300.87  PRESS =     0.0
 Etot   =     -1217.8036  EKtot   =       537.1944  EPtot      =     -1754.9980
 BOND   =       142.1569  ANGLE   =       351.4196  DIHED      =       519.5382
 1-4 NB =       151.9596  1-4 EEL =       982.4079  VDWAALS    =      -289.9557
 EELEC  =     -2143.0817  EGB     =     -1519.8197  RESTRAINT  =        25.8240
 EAMBER (non-restraint)  =     -1780.8220
 ESURF=        24.5530
 ------------------------------------------------------------------------------


      R M S  F L U C T U A T I O N S


 NSTEP =   125000   TIME(PS) =    1250.000  TEMP(K) =     9.66  PRESS =     0.0
 Etot   =        23.2253  EKtot   =        17.2412  EPtot      =        19.2475
 BOND   =        10.3858  ANGLE   =        14.3444  DIHED      =         9.7590
 1-4 NB =         4.8379  1-4 EEL =        13.7298  VDWAALS    =         3.8121
 EELEC  =        62.3265  EGB     =        63.1320  RESTRAINT  =         3.2620
 EAMBER (non-restraint)  =        15.9855
 ESURF=         0.4885
 ------------------------------------------------------------------------------

--------------------------------------------------------------------------------
   5.  TIMINGS
--------------------------------------------------------------------------------

|  NonSetup CPU Time in Major Routines:
|
|     Routine           Sec        %
|     ------------------------------
|     Nonbond        2626.03   96.92
|     Bond              0.56    0.02
|     Angle             9.54    0.35
|     Dihedral         55.57    2.05
|     Shake             2.66    0.10
|     RunMD            15.04    0.56
|     Other             0.05    0.00
|     ------------------------------
|     Total          2709.46

|  Generalized Born CPU Time:
|
|     Routine                 Sec        %
|     ------------------------------------
|     Radii Calc            627.66   23.17
|     Diagonal Calc        1167.65   43.10
|     Off Diagonal Calc     826.91   30.52
|     GBSA LCPO Calc          0.05    0.00
|     ---------------------------------
|     Total                2622.22   96.78

|  Final Performance Info:
|     -----------------------------------------------------
|     Average timings for last       1 steps:
|     Elapsed(s) =       0.00 Per Step(ms) =       0.09
|         ns/day =    1923.34   seconds/ns =      44.92
|
|     Average timings for all steps:
|     Elapsed(s) =    4245.56 Per Step(ms) =      33.96
|         ns/day =       5.09   seconds/ns =   16982.22
|     -----------------------------------------------------

|  Setup CPU time:            0.01 seconds
|  NonSetup CPU time:      2709.46 seconds
|  Total CPU time:         2709.47 seconds     0.75 hours

|  Setup wall time:           0    seconds
|  NonSetup wall time:     4245    seconds
|  Total wall time:        4245    seconds     1.18 hours
