
          -------------------------------------------------------
          Amber 22 PMEMD                              2022
          -------------------------------------------------------

| PMEMD implementation of SANDER, Release 22

|  Compiled date/time: Thu Apr 14 23:36:37 2022
| Run on 12/28/2023 at 22:43:11

|   Executable path: pmemd
| Working directory: /home/arul/Reegina/MD_Sim/sample/1W4E_info
|          Hostname: Unknown
  [-O]verwriting output

File Assignments:
|   MDIN: eq2.in                                                                
|  MDOUT: eq2.out                                                               
| INPCRD: eq1.rst7                                                              
|   PARM: 1W4E.hmass.parm7                                                      
| RESTRT: eq2.rst7                                                              
|   REFC: eq1.rst7                                                              
|  MDVEL: mdvel                                                                 
|   MDEN: mden                                                                  
|  MDCRD: eq2.crd                                                               
| MDINFO: eq2.info                                                              
|  MDFRC: mdfrc                                                                 


 Here is the input file:

&cntrl                                                                         
   ntx = 5,                                                                    
   ntwx = 5000, ntwe = 0, ntwr = 500,                                          
   ntpr = 5000,                                                                
                                                                               
   ioutfm=0, ntxo=1,                                                           
                                                                               
   imin = 0, nstlim = 125000, dt = 0.002,                                      
                                                                               
   ntt = 3, gamma_ln=1., temp0 = 300.0,                                        
   nscm = 1000, ig = -1, irest = 1,                                            
                                                                               
   ntc= 2, ntf = 2, cut = 1000,                                                
                                                                               
   igb=8, gbsa=3, surften=0.007, ntb = 0,                                      
   saltcon=0.,                                                                 
                                                                               
   ntr=1, restraintmask="@CA,N,C,O",                                           
   restraint_wt=0.1,                                                           
 /                                                                             


Note: ig = -1. Setting random seed to   552764 based on wallclock time in 
      microseconds.
| irandom = 1, using AMBER's internal random number generator (default).
 
| Conditional Compilation Defines Used:
| PUBFFT
| BINTRAJ
| EMIL

| New format PARM file being parsed.
| Version =    1.000 Date = 12/05/23 Time = 14:07:16

| Note: 1-4 EEL scale factors are being read from the topology file.

| Note: 1-4 VDW scale factors are being read from the topology file.
| INFO:    Reading atomic numbers from topology file.
| Duplicated    0 dihedrals

| Duplicated    0 dihedrals

--------------------------------------------------------------------------------
   1.  RESOURCE   USE: 
--------------------------------------------------------------------------------

 NATOM  =     723 NTYPES =      13 NBONH =     372 MBONA  =     354
 NTHETH =     842 MTHETA =     473 NPHIH =    1669 MPHIA  =    1443
 NHPARM =       0 NPARM  =       0 NNB   =    3961 NRES   =      45
 NBONA  =     354 NTHETA =     473 NPHIA =    1443 NUMBND =      57
 NUMANG =     136 NPTRA  =     165 NATYP =      27 NPHB   =       0
 IFBOX  =       0 NMXRS  =      24 IFCAP =       0 NEXTRA =       0
 NCOPY  =       0

 Implicit solvent radii are ArgH and AspGluO modified Bondi2 radii (mbondi3)                                
 Replacing prmtop screening parameters with GBn2 (igb=8) values
--------------------------------------------------------------------------------
   2.  CONTROL  DATA  FOR  THE  RUN
--------------------------------------------------------------------------------

default_name                                                                    

General flags:
     imin    =       0, nmropt  =       0

Nature and format of input:
     ntx     =       5, irest   =       1, ntrx    =       1

Nature and format of output:
     ntxo    =       1, ntpr    =    5000, ntrx    =       1, ntwr    =     500
     iwrap   =       0, ntwx    =    5000, ntwv    =       0, ntwe    =       0
     ioutfm  =       0, ntwprt  =       0, idecomp =       0, rbornstat=      0

Potential function:
     ntf     =       2, ntb     =       0, igb     =       8, nsnb    =      25
     ipol    =       0, gbsa    =       3, iesp    =       0
     dielc   =   1.00000, cut     =1000.00000, intdiel =   1.00000
     saltcon =   0.00000, offset  =   0.19514, surften =   0.00700
     rdt     =   0.00000, rgbmax  =  25.00000  extdiel =  78.50000
     alpb  =        0
     gbalphaH  =   0.78844, gbbetaH   =   0.79870,  gbgammaH  =    0.43733
     gbalphaC  =   0.73376, gbbetaC   =   0.50638,  gbgammaC  =    0.20584
     gbalphaN  =   0.50336, gbbetaN   =   0.31683,  gbgammaN  =    0.19292
     gbalphaOS =   0.86781, gbbetaOS  =   0.87664,  gbgammaOS =    0.38788
     gbalphaP  =   1.00000, gbbetaP   =   0.80000,  gbgammaP  =    4.85000
     gb_alpha_hnu  =   0.53705, gb_beta_hnu   =   0.36286,  gb_gamma_hnu  =    0.11670
     gb_alpha_cnu  =   0.33167, gb_beta_cnu   =   0.19684,  gb_gamma_cnu  =    0.09342
     gb_alpha_nnu  =   0.68631, gb_beta_nnu   =   0.46319,  gb_gamma_nnu  =    0.13872
     gb_alpha_onu  =   0.60634, gb_beta_onu   =   0.46301,  gb_gamma_onu  =    0.14226
     gb_alpha_pnu  =   0.41836, gb_beta_pnu   =   0.29005,  gb_gamma_pnu  =    0.10642

Frozen or restrained atoms:
     ibelly  =       0, ntr     =       1
     restraint_wt =   0.10000

Molecular dynamics:
     nstlim  =    125000, nscm    =         0, nrespa  =         1
     t       =   0.00000, dt      =   0.00200, vlimit  =  20.00000

Langevin dynamics temperature regulation:
     ig      =  552764
     temp0   = 300.00000, tempi   =   0.00000, gamma_ln=   1.00000

SHAKE:
     ntc     =       2, jfastw  =       0
     tol     =   0.00001

| Intermolecular bonds treatment:
|     no_intermolecular_bonds =       1

| Energy averages sample interval:
|     ene_avg_sampling =    5000

    LOADING THE CONSTRAINED ATOMS AS GROUPS


   5.  REFERENCE ATOM COORDINATES

  default_name                                                                    
     Mask @CA,N,C,O; matches   180 atoms

--------------------------------------------------------------------------------
   3.  ATOMIC COORDINATES AND VELOCITIES
--------------------------------------------------------------------------------

default_name                                                                    
 begin time read from input coords =  1250.000 ps

 
 Number of triangulated 3-point waters found:        0
| Dynamic Memory, Types Used:
| Reals               26438
| Integers            84806

--------------------------------------------------------------------------------
   4.  RESULTS
--------------------------------------------------------------------------------


 NSTEP =     5000   TIME(PS) =    1260.000  TEMP(K) =   296.99  PRESS =     0.0
 Etot   =     -1233.1946  EKtot   =       530.2798  EPtot      =     -1763.4744
 BOND   =       143.3430  ANGLE   =       357.2435  DIHED      =       524.5522
 1-4 NB =       152.0395  1-4 EEL =       971.6603  VDWAALS    =      -294.9107
 EELEC  =     -2130.7959  EGB     =     -1523.7501  RESTRAINT  =        10.8443
 EAMBER (non-restraint)  =     -1774.3186
 ESURF=        26.2996
 ------------------------------------------------------------------------------


 NSTEP =    10000   TIME(PS) =    1270.000  TEMP(K) =   312.58  PRESS =     0.0
 Etot   =     -1215.2008  EKtot   =       558.1148  EPtot      =     -1773.3155
 BOND   =       152.8124  ANGLE   =       354.7130  DIHED      =       515.3944
 1-4 NB =       149.6928  1-4 EEL =       961.6687  VDWAALS    =      -280.9477
 EELEC  =     -2109.7895  EGB     =     -1553.0776  RESTRAINT  =         9.3298
 EAMBER (non-restraint)  =     -1782.6454
 ESURF=        26.8881
 ------------------------------------------------------------------------------


 NSTEP =    15000   TIME(PS) =    1280.000  TEMP(K) =   293.70  PRESS =     0.0
 Etot   =     -1256.7455  EKtot   =       524.3977  EPtot      =     -1781.1432
 BOND   =       154.9953  ANGLE   =       327.2587  DIHED      =       524.7359
 1-4 NB =       149.3622  1-4 EEL =       966.2471  VDWAALS    =      -279.1676
 EELEC  =     -2130.1426  EGB     =     -1529.5891  RESTRAINT  =        10.2814
 EAMBER (non-restraint)  =     -1791.4246
 ESURF=        24.8754
 ------------------------------------------------------------------------------


 NSTEP =    20000   TIME(PS) =    1290.000  TEMP(K) =   295.37  PRESS =     0.0
 Etot   =     -1225.1745  EKtot   =       527.3747  EPtot      =     -1752.5492
 BOND   =       148.0862  ANGLE   =       376.5666  DIHED      =       515.1202
 1-4 NB =       145.8092  1-4 EEL =       983.7046  VDWAALS    =      -282.2428
 EELEC  =     -2114.2486  EGB     =     -1556.7884  RESTRAINT  =         6.3144
 EAMBER (non-restraint)  =     -1758.8635
 ESURF=        25.1297
 ------------------------------------------------------------------------------


 NSTEP =    25000   TIME(PS) =    1300.000  TEMP(K) =   309.58  PRESS =     0.0
 Etot   =     -1201.1362  EKtot   =       552.7509  EPtot      =     -1753.8871
 BOND   =       155.8402  ANGLE   =       354.3570  DIHED      =       530.3741
 1-4 NB =       142.5951  1-4 EEL =       970.3322  VDWAALS    =      -284.6577
 EELEC  =     -2085.3961  EGB     =     -1573.8093  RESTRAINT  =        10.9557
 EAMBER (non-restraint)  =     -1764.8428
 ESURF=        25.5216
 ------------------------------------------------------------------------------


 NSTEP =    30000   TIME(PS) =    1310.000  TEMP(K) =   298.74  PRESS =     0.0
 Etot   =     -1224.5705  EKtot   =       533.4019  EPtot      =     -1757.9724
 BOND   =       135.2682  ANGLE   =       381.9206  DIHED      =       510.0832
 1-4 NB =       150.3920  1-4 EEL =       956.1991  VDWAALS    =      -295.3082
 EELEC  =     -2134.9778  EGB     =     -1493.7065  RESTRAINT  =         7.7276
 EAMBER (non-restraint)  =     -1765.7000
 ESURF=        24.4295
 ------------------------------------------------------------------------------


 NSTEP =    35000   TIME(PS) =    1320.000  TEMP(K) =   285.78  PRESS =     0.0
 Etot   =     -1255.7233  EKtot   =       510.2590  EPtot      =     -1765.9823
 BOND   =       141.4903  ANGLE   =       368.5200  DIHED      =       504.1142
 1-4 NB =       148.6787  1-4 EEL =       973.4076  VDWAALS    =      -280.6281
 EELEC  =     -2129.5485  EGB     =     -1526.4664  RESTRAINT  =         8.5471
 EAMBER (non-restraint)  =     -1774.5294
 ESURF=        25.9027
 ------------------------------------------------------------------------------


 NSTEP =    40000   TIME(PS) =    1330.000  TEMP(K) =   299.96  PRESS =     0.0
 Etot   =     -1201.3771  EKtot   =       535.5745  EPtot      =     -1736.9517
 BOND   =       162.8262  ANGLE   =       366.7555  DIHED      =       519.1366
 1-4 NB =       150.6558  1-4 EEL =       973.7218  VDWAALS    =      -272.3829
 EELEC  =     -2181.3808  EGB     =     -1492.6708  RESTRAINT  =        10.4788
 EAMBER (non-restraint)  =     -1747.4304
 ESURF=        25.9081
 ------------------------------------------------------------------------------


 NSTEP =    45000   TIME(PS) =    1340.000  TEMP(K) =   284.44  PRESS =     0.0
 Etot   =     -1281.2853  EKtot   =       507.8736  EPtot      =     -1789.1589
 BOND   =       161.3112  ANGLE   =       337.2065  DIHED      =       527.3195
 1-4 NB =       146.8111  1-4 EEL =       981.1185  VDWAALS    =      -281.9979
 EELEC  =     -2272.6442  EGB     =     -1419.5154  RESTRAINT  =         6.7437
 EAMBER (non-restraint)  =     -1795.9026
 ESURF=        24.4881
 ------------------------------------------------------------------------------


 NSTEP =    50000   TIME(PS) =    1350.000  TEMP(K) =   309.11  PRESS =     0.0
 Etot   =     -1231.5128  EKtot   =       551.9143  EPtot      =     -1783.4270
 BOND   =       144.5397  ANGLE   =       347.8373  DIHED      =       522.1628
 1-4 NB =       147.3879  1-4 EEL =       965.5987  VDWAALS    =      -282.2526
 EELEC  =     -2229.1011  EGB     =     -1434.3803  RESTRAINT  =        10.5715
 EAMBER (non-restraint)  =     -1793.9986
 ESURF=        24.2090
 ------------------------------------------------------------------------------


 NSTEP =    55000   TIME(PS) =    1360.000  TEMP(K) =   306.15  PRESS =     0.0
 Etot   =     -1189.2889  EKtot   =       546.6243  EPtot      =     -1735.9131
 BOND   =       163.8511  ANGLE   =       360.9124  DIHED      =       508.1000
 1-4 NB =       157.2259  1-4 EEL =       987.3221  VDWAALS    =      -276.5926
 EELEC  =     -2221.0513  EGB     =     -1452.2387  RESTRAINT  =        10.8270
 EAMBER (non-restraint)  =     -1746.7402
 ESURF=        25.7310
 ------------------------------------------------------------------------------


 NSTEP =    60000   TIME(PS) =    1370.000  TEMP(K) =   283.45  PRESS =     0.0
 Etot   =     -1281.5716  EKtot   =       506.0982  EPtot      =     -1787.6698
 BOND   =       154.1710  ANGLE   =       343.6741  DIHED      =       508.6808
 1-4 NB =       153.7946  1-4 EEL =       981.2235  VDWAALS    =      -278.9174
 EELEC  =     -2212.0518  EGB     =     -1470.9617  RESTRAINT  =         7.8489
 EAMBER (non-restraint)  =     -1795.5187
 ESURF=        24.8682
 ------------------------------------------------------------------------------


 NSTEP =    65000   TIME(PS) =    1380.000  TEMP(K) =   295.84  PRESS =     0.0
 Etot   =     -1295.8928  EKtot   =       528.2280  EPtot      =     -1824.1208
 BOND   =       137.4278  ANGLE   =       320.9176  DIHED      =       511.9735
 1-4 NB =       144.0828  1-4 EEL =       969.8984  VDWAALS    =      -275.3654
 EELEC  =     -2273.5737  EGB     =     -1395.8772  RESTRAINT  =        10.6047
 EAMBER (non-restraint)  =     -1834.7254
 ESURF=        25.7908
 ------------------------------------------------------------------------------


 NSTEP =    70000   TIME(PS) =    1390.000  TEMP(K) =   276.45  PRESS =     0.0
 Etot   =     -1311.4956  EKtot   =       493.6057  EPtot      =     -1805.1013
 BOND   =       146.0877  ANGLE   =       356.9485  DIHED      =       498.2935
 1-4 NB =       140.0558  1-4 EEL =       973.2634  VDWAALS    =      -284.6367
 EELEC  =     -2242.9943  EGB     =     -1430.6572  RESTRAINT  =        13.8354
 EAMBER (non-restraint)  =     -1818.9367
 ESURF=        24.7027
 ------------------------------------------------------------------------------


 NSTEP =    75000   TIME(PS) =    1400.000  TEMP(K) =   293.49  PRESS =     0.0
 Etot   =     -1260.0854  EKtot   =       524.0244  EPtot      =     -1784.1098
 BOND   =       140.7186  ANGLE   =       333.5170  DIHED      =       523.5944
 1-4 NB =       147.9706  1-4 EEL =       966.7494  VDWAALS    =      -270.5900
 EELEC  =     -2215.0413  EGB     =     -1447.5654  RESTRAINT  =        10.6185
 EAMBER (non-restraint)  =     -1794.7282
 ESURF=        25.9183
 ------------------------------------------------------------------------------


 NSTEP =    80000   TIME(PS) =    1410.000  TEMP(K) =   292.76  PRESS =     0.0
 Etot   =     -1242.4194  EKtot   =       522.7235  EPtot      =     -1765.1429
 BOND   =       163.8204  ANGLE   =       356.5700  DIHED      =       511.4250
 1-4 NB =       156.6949  1-4 EEL =       971.0796  VDWAALS    =      -294.3705
 EELEC  =     -2222.2010  EGB     =     -1441.1709  RESTRAINT  =         8.7377
 EAMBER (non-restraint)  =     -1773.8806
 ESURF=        24.2719
 ------------------------------------------------------------------------------


 NSTEP =    85000   TIME(PS) =    1420.000  TEMP(K) =   301.93  PRESS =     0.0
 Etot   =     -1277.9890  EKtot   =       539.0999  EPtot      =     -1817.0890
 BOND   =       141.5404  ANGLE   =       342.2940  DIHED      =       507.0230
 1-4 NB =       142.8324  1-4 EEL =       975.8617  VDWAALS    =      -287.3890
 EELEC  =     -2219.7134  EGB     =     -1453.2792  RESTRAINT  =         9.6632
 EAMBER (non-restraint)  =     -1826.7521
 ESURF=        24.0780
 ------------------------------------------------------------------------------


 NSTEP =    90000   TIME(PS) =    1430.000  TEMP(K) =   308.86  PRESS =     0.0
 Etot   =     -1182.8107  EKtot   =       551.4582  EPtot      =     -1734.2690
 BOND   =       138.0185  ANGLE   =       373.2416  DIHED      =       536.5007
 1-4 NB =       153.5659  1-4 EEL =       988.0462  VDWAALS    =      -286.9405
 EELEC  =     -2285.0140  EGB     =     -1384.1708  RESTRAINT  =         7.8271
 EAMBER (non-restraint)  =     -1742.0960
 ESURF=        24.6564
 ------------------------------------------------------------------------------


 NSTEP =    95000   TIME(PS) =    1440.000  TEMP(K) =   282.39  PRESS =     0.0
 Etot   =     -1254.5941  EKtot   =       504.2023  EPtot      =     -1758.7963
 BOND   =       138.1566  ANGLE   =       347.8633  DIHED      =       523.6208
 1-4 NB =       156.9331  1-4 EEL =       947.8901  VDWAALS    =      -273.1189
 EELEC  =     -2073.1308  EGB     =     -1567.4221  RESTRAINT  =        13.2066
 EAMBER (non-restraint)  =     -1772.0030
 ESURF=        27.2049
 ------------------------------------------------------------------------------


 NSTEP =   100000   TIME(PS) =    1450.000  TEMP(K) =   296.70  PRESS =     0.0
 Etot   =     -1251.4701  EKtot   =       529.7592  EPtot      =     -1781.2293
 BOND   =       127.0113  ANGLE   =       339.1048  DIHED      =       523.9690
 1-4 NB =       156.4579  1-4 EEL =       996.5094  VDWAALS    =      -296.3373
 EELEC  =     -2150.5346  EGB     =     -1514.2368  RESTRAINT  =        12.0108
 EAMBER (non-restraint)  =     -1793.2401
 ESURF=        24.8162
 ------------------------------------------------------------------------------


 NSTEP =   105000   TIME(PS) =    1460.000  TEMP(K) =   293.04  PRESS =     0.0
 Etot   =     -1237.3819  EKtot   =       523.2254  EPtot      =     -1760.6073
 BOND   =       147.8203  ANGLE   =       366.6974  DIHED      =       516.1324
 1-4 NB =       144.1955  1-4 EEL =       964.6228  VDWAALS    =      -268.2804
 EELEC  =     -2118.0166  EGB     =     -1550.4826  RESTRAINT  =         9.8129
 EAMBER (non-restraint)  =     -1770.4202
 ESURF=        26.8910
 ------------------------------------------------------------------------------


 NSTEP =   110000   TIME(PS) =    1470.000  TEMP(K) =   310.37  PRESS =     0.0
 Etot   =     -1205.8564  EKtot   =       554.1617  EPtot      =     -1760.0181
 BOND   =       139.4948  ANGLE   =       350.4158  DIHED      =       518.9606
 1-4 NB =       146.5947  1-4 EEL =      1010.3012  VDWAALS    =      -264.0525
 EELEC  =     -2180.4889  EGB     =     -1517.7386  RESTRAINT  =         9.6171
 EAMBER (non-restraint)  =     -1769.6352
 ESURF=        26.8776
 ------------------------------------------------------------------------------


 NSTEP =   115000   TIME(PS) =    1480.000  TEMP(K) =   299.39  PRESS =     0.0
 Etot   =     -1241.7768  EKtot   =       534.5530  EPtot      =     -1776.3298
 BOND   =       151.2599  ANGLE   =       327.1725  DIHED      =       525.0954
 1-4 NB =       151.2544  1-4 EEL =       969.3416  VDWAALS    =      -283.3387
 EELEC  =     -2078.4434  EGB     =     -1573.5367  RESTRAINT  =         9.4512
 EAMBER (non-restraint)  =     -1785.7810
 ESURF=        25.4140
 ------------------------------------------------------------------------------


 NSTEP =   120000   TIME(PS) =    1490.000  TEMP(K) =   300.16  PRESS =     0.0
 Etot   =     -1241.8340  EKtot   =       535.9343  EPtot      =     -1777.7683
 BOND   =       155.7049  ANGLE   =       330.4995  DIHED      =       509.4920
 1-4 NB =       159.2138  1-4 EEL =       998.5872  VDWAALS    =      -280.4745
 EELEC  =     -2149.6337  EGB     =     -1537.6148  RESTRAINT  =         9.8619
 EAMBER (non-restraint)  =     -1787.6302
 ESURF=        26.5955
 ------------------------------------------------------------------------------


 NSTEP =   125000   TIME(PS) =    1500.000  TEMP(K) =   304.21  PRESS =     0.0
 Etot   =     -1225.1298  EKtot   =       543.1662  EPtot      =     -1768.2960
 BOND   =       158.0728  ANGLE   =       346.8576  DIHED      =       521.4273
 1-4 NB =       147.1921  1-4 EEL =       981.5064  VDWAALS    =      -297.8109
 EELEC  =     -2108.2166  EGB     =     -1551.5018  RESTRAINT  =         9.1392
 EAMBER (non-restraint)  =     -1777.4352
 ESURF=        25.0380
 ------------------------------------------------------------------------------


      A V E R A G E S   O V E R      25 S T E P S


 NSTEP =   125000   TIME(PS) =    1500.000  TEMP(K) =   297.26  PRESS =     0.0
 Etot   =     -1241.0207  EKtot   =       530.7522  EPtot      =     -1771.7729
 BOND   =       148.1468  ANGLE   =       350.7626  DIHED      =       517.4913
 1-4 NB =       149.6596  1-4 EEL =       975.4345  VDWAALS    =      -282.1085
 EELEC  =     -2170.7252  EGB     =     -1495.6883  RESTRAINT  =         9.7943
 EAMBER (non-restraint)  =     -1781.5672
 ESURF=        25.4602
 ------------------------------------------------------------------------------


      R M S  F L U C T U A T I O N S


 NSTEP =   125000   TIME(PS) =    1500.000  TEMP(K) =     9.42  PRESS =     0.0
 Etot   =        32.1265  EKtot   =        16.8122  EPtot      =        22.2338
 BOND   =         9.7956  ANGLE   =        15.9927  DIHED      =         8.8633
 1-4 NB =         5.0455  1-4 EEL =        13.4133  VDWAALS    =         8.7851
 EELEC  =        63.2765  EGB     =        57.1709  RESTRAINT  =         1.7422
 EAMBER (non-restraint)  =        20.4916
 ESURF=         0.9260
 ------------------------------------------------------------------------------

--------------------------------------------------------------------------------
   5.  TIMINGS
--------------------------------------------------------------------------------

|  NonSetup CPU Time in Major Routines:
|
|     Routine           Sec        %
|     ------------------------------
|     Nonbond        2617.76   96.91
|     Bond              0.55    0.02
|     Angle             9.69    0.36
|     Dihedral         55.21    2.04
|     Shake             2.68    0.10
|     RunMD            15.31    0.57
|     Other             0.05    0.00
|     ------------------------------
|     Total          2701.24

|  Generalized Born CPU Time:
|
|     Routine                 Sec        %
|     ------------------------------------
|     Radii Calc            625.77   23.17
|     Diagonal Calc        1158.08   42.87
|     Off Diagonal Calc     830.14   30.73
|     GBSA LCPO Calc          0.05    0.00
|     ---------------------------------
|     Total                2613.99   96.77

|  Final Performance Info:
|     -----------------------------------------------------
|     Average timings for last       1 steps:
|     Elapsed(s) =       0.00 Per Step(ms) =       0.10
|         ns/day =    1765.06   seconds/ns =      48.95
|
|     Average timings for all steps:
|     Elapsed(s) =    6349.25 Per Step(ms) =      50.79
|         ns/day =       3.40   seconds/ns =   25396.99
|     -----------------------------------------------------

|  Setup CPU time:            0.01 seconds
|  NonSetup CPU time:      2701.24 seconds
|  Total CPU time:         2701.25 seconds     0.75 hours

|  Setup wall time:           0    seconds
|  NonSetup wall time:     6349    seconds
|  Total wall time:        6349    seconds     1.76 hours
