
          -------------------------------------------------------
          Amber 22 PMEMD                              2022
          -------------------------------------------------------

| PMEMD implementation of SANDER, Release 22

|  Compiled date/time: Thu Apr 14 23:36:37 2022
| Run on 12/20/2023 at 13:30:23

|   Executable path: pmemd
| Working directory: /home/arul/Reegina/MD_Sim/amber_parameters/1W4E_info
|          Hostname: Unknown
  [-O]verwriting output

File Assignments:
|   MDIN: /home/arul/Reegina/MD_Sim/trial_file/min.in                           
|  MDOUT: min_1W4E.out                                                          
| INPCRD: 1W4E.rst7                                                             
|   PARM: 1W4E.hmass.parm7                                                      
| RESTRT: min_1W4E.rst7                                                         
|   REFC: refc                                                                  
|  MDVEL: mdvel                                                                 
|   MDEN: mden                                                                  
|  MDCRD: min_1W4E.crd                                                          
| MDINFO: min_1W4E.info                                                         
|  MDFRC: mdfrc                                                                 


 Here is the input file:

&cntrl                                                                         
  imin = 1,                                                                    
  maxcyc=100,                                                                  
  ntx = 1,                                                                     
  ntwr = 100,                                                                  
  ntpr = 10,                                                                   
  ioutfm=0,                                                                    
  ntxo=1,                                                                      
  cut = 1000.0,                                                                
  ntb=0,                                                                       
  igb = 8,                                                                     
  gbsa=3,                                                                      
  surften=0.007,                                                               
  saltcon = 0.0,                                                               
/                                                                              


Note: ig = -1. Setting random seed to   456155 based on wallclock time in 
      microseconds.
| irandom = 1, using AMBER's internal random number generator (default).
 
| Conditional Compilation Defines Used:
| PUBFFT
| BINTRAJ
| EMIL

| New format PARM file being parsed.
| Version =    1.000 Date = 12/05/23 Time = 14:07:16

| Note: 1-4 EEL scale factors are being read from the topology file.

| Note: 1-4 VDW scale factors are being read from the topology file.
| INFO:    Reading atomic numbers from topology file.
| Duplicated    0 dihedrals

| Duplicated    0 dihedrals

--------------------------------------------------------------------------------
   1.  RESOURCE   USE: 
--------------------------------------------------------------------------------

 NATOM  =     723 NTYPES =      13 NBONH =     372 MBONA  =     354
 NTHETH =     842 MTHETA =     473 NPHIH =    1669 MPHIA  =    1443
 NHPARM =       0 NPARM  =       0 NNB   =    3961 NRES   =      45
 NBONA  =     354 NTHETA =     473 NPHIA =    1443 NUMBND =      57
 NUMANG =     136 NPTRA  =     165 NATYP =      27 NPHB   =       0
 IFBOX  =       0 NMXRS  =      24 IFCAP =       0 NEXTRA =       0
 NCOPY  =       0

 Implicit solvent radii are ArgH and AspGluO modified Bondi2 radii (mbondi3)                                
 Replacing prmtop screening parameters with GBn2 (igb=8) values
--------------------------------------------------------------------------------
   2.  CONTROL  DATA  FOR  THE  RUN
--------------------------------------------------------------------------------

default_name                                                                    

General flags:
     imin    =       1, nmropt  =       0

Nature and format of input:
     ntx     =       1, irest   =       0, ntrx    =       1

Nature and format of output:
     ntxo    =       1, ntpr    =      10, ntrx    =       1, ntwr    =     100
     iwrap   =       0, ntwx    =       0, ntwv    =       0, ntwe    =       0
     ioutfm  =       0, ntwprt  =       0, idecomp =       0, rbornstat=      0

Potential function:
     ntf     =       1, ntb     =       0, igb     =       8, nsnb    =      25
     ipol    =       0, gbsa    =       3, iesp    =       0
     dielc   =   1.00000, cut     =1000.00000, intdiel =   1.00000
     saltcon =   0.00000, offset  =   0.19514, surften =   0.00700
     rdt     =   0.00000, rgbmax  =  25.00000  extdiel =  78.50000
     alpb  =        0
     gbalphaH  =   0.78844, gbbetaH   =   0.79870,  gbgammaH  =    0.43733
     gbalphaC  =   0.73376, gbbetaC   =   0.50638,  gbgammaC  =    0.20584
     gbalphaN  =   0.50336, gbbetaN   =   0.31683,  gbgammaN  =    0.19292
     gbalphaOS =   0.86781, gbbetaOS  =   0.87664,  gbgammaOS =    0.38788
     gbalphaP  =   1.00000, gbbetaP   =   0.80000,  gbgammaP  =    4.85000
     gb_alpha_hnu  =   0.53705, gb_beta_hnu   =   0.36286,  gb_gamma_hnu  =    0.11670
     gb_alpha_cnu  =   0.33167, gb_beta_cnu   =   0.19684,  gb_gamma_cnu  =    0.09342
     gb_alpha_nnu  =   0.68631, gb_beta_nnu   =   0.46319,  gb_gamma_nnu  =    0.13872
     gb_alpha_onu  =   0.60634, gb_beta_onu   =   0.46301,  gb_gamma_onu  =    0.14226
     gb_alpha_pnu  =   0.41836, gb_beta_pnu   =   0.29005,  gb_gamma_pnu  =    0.10642

Frozen or restrained atoms:
     ibelly  =       0, ntr     =       0

Energy minimization:
     maxcyc  =     100, ncyc    =      10, ntmin   =       1
     dx0     =   0.01000, drms    =   0.00010

| Intermolecular bonds treatment:
|     no_intermolecular_bonds =       1

| Energy averages sample interval:
|     ene_avg_sampling =       1

--------------------------------------------------------------------------------
   3.  ATOMIC COORDINATES AND VELOCITIES
--------------------------------------------------------------------------------

default_name                                                                    
 begin time read from input coords =     0.000 ps

 
 Number of triangulated 3-point waters found:        0
| Dynamic Memory, Types Used:
| Reals               21005
| Integers            83339

--------------------------------------------------------------------------------
   4.  RESULTS
--------------------------------------------------------------------------------



   NSTEP       ENERGY          RMS            GMAX         NAME    NUMBER
      1      -1.7178E+03     1.0805E+01     5.7512E+01     NE1       666

 BOND    =       48.5816  ANGLE   =       28.2552  DIHED      =      556.2572
 VDWAALS =      -33.8679  EEL     =    -2045.4951  EGB        =    -1675.6847
 1-4 VDW =      237.5501  1-4 EEL =     1147.8693  RESTRAINT  =        0.0000
 ESURF   =       18.7632


   NSTEP       ENERGY          RMS            GMAX         NAME    NUMBER
     10      -1.8025E+03     4.8951E+00     3.6497E+01     O         442

 BOND    =       21.3953  ANGLE   =       30.2335  DIHED      =      555.5760
 VDWAALS =      -70.6244  EEL     =    -2045.8465  EGB        =    -1680.5657
 1-4 VDW =      231.2057  1-4 EEL =     1137.3143  RESTRAINT  =        0.0000
 ESURF   =       18.8042


   NSTEP       ENERGY          RMS            GMAX         NAME    NUMBER
     20      -1.9571E+03     3.8528E+00     2.6748E+01     C         441

 BOND    =       32.7339  ANGLE   =       69.5351  DIHED      =      555.3190
 VDWAALS =     -206.6796  EEL     =    -2002.5323  EGB        =    -1689.3715
 1-4 VDW =      197.3123  1-4 EEL =     1067.0354  RESTRAINT  =        0.0000
 ESURF   =       19.5130


   NSTEP       ENERGY          RMS            GMAX         NAME    NUMBER
     30      -2.0096E+03     2.9066E+00     1.6189E+01     CB          7

 BOND    =       28.1030  ANGLE   =       67.6958  DIHED      =      550.0953
 VDWAALS =     -230.1134  EEL     =    -1991.6219  EGB        =    -1693.4820
 1-4 VDW =      183.1752  1-4 EEL =     1056.5321  RESTRAINT  =        0.0000
 ESURF   =       20.0141


   NSTEP       ENERGY          RMS            GMAX         NAME    NUMBER
     40      -2.0464E+03     2.5638E+00     1.3692E+01     CG        663

 BOND    =       28.0839  ANGLE   =       63.8314  DIHED      =      546.0277
 VDWAALS =     -251.4034  EEL     =    -1990.8126  EGB        =    -1694.7266
 1-4 VDW =      178.7083  1-4 EEL =     1053.5881  RESTRAINT  =        0.0000
 ESURF   =       20.3342


   NSTEP       ENERGY          RMS            GMAX         NAME    NUMBER
     50      -2.1127E+03     2.9216E+00     2.0001E+01     CE3       675

 BOND    =       31.9419  ANGLE   =       73.6846  DIHED      =      533.1761
 VDWAALS =     -283.6235  EEL     =    -1977.9241  EGB        =    -1698.7281
 1-4 VDW =      158.1786  1-4 EEL =     1028.9992  RESTRAINT  =        0.0000
 ESURF   =       21.5688


   NSTEP       ENERGY          RMS            GMAX         NAME    NUMBER
     60      -2.1227E+03     1.3797E+00     2.1491E+01     CD        279

 BOND    =       27.6596  ANGLE   =       74.2827  DIHED      =      532.1341
 VDWAALS =     -288.1910  EEL     =    -1976.4166  EGB        =    -1698.0953
 1-4 VDW =      156.8540  1-4 EEL =     1027.4548  RESTRAINT  =        0.0000
 ESURF   =       21.6023


   NSTEP       ENERGY          RMS            GMAX         NAME    NUMBER
     70      -2.1359E+03     1.5348E+00     1.1006E+01     CH2       671

 BOND    =       33.8707  ANGLE   =       76.6957  DIHED      =      527.3944
 VDWAALS =     -298.4427  EEL     =    -1971.2918  EGB        =    -1698.8689
 1-4 VDW =      153.7587  1-4 EEL =     1019.1642  RESTRAINT  =        0.0000
 ESURF   =       21.8630


   NSTEP       ENERGY          RMS            GMAX         NAME    NUMBER
     80      -2.1483E+03     1.3480E+00     1.0606E+01     CE2       668

 BOND    =       30.4549  ANGLE   =       74.4489  DIHED      =      521.5716
 VDWAALS =     -302.0783  EEL     =    -1976.7360  EGB        =    -1698.5334
 1-4 VDW =      153.7615  1-4 EEL =     1026.7145  RESTRAINT  =        0.0000
 ESURF   =       22.1452


   NSTEP       ENERGY          RMS            GMAX         NAME    NUMBER
     90      -2.1586E+03     1.1135E+00     1.0143E+01     CG        610

 BOND    =       28.5643  ANGLE   =       69.4051  DIHED      =      519.1099
 VDWAALS =     -303.2521  EEL     =    -1977.1192  EGB        =    -1697.6106
 1-4 VDW =      153.7397  1-4 EEL =     1026.3404  RESTRAINT  =        0.0000
 ESURF   =       22.2141


   NSTEP       ENERGY          RMS            GMAX         NAME    NUMBER
    100      -2.1664E+03     1.2150E+00     8.6335E+00     CD        598

 BOND    =       29.1833  ANGLE   =       69.0876  DIHED      =      514.5855
 VDWAALS =     -302.4281  EEL     =    -1979.2900  EGB        =    -1696.5558
 1-4 VDW =      152.9119  1-4 EEL =     1023.7333  RESTRAINT  =        0.0000
 ESURF   =       22.4168


  Maximum number of minimization cycles reached.


                    FINAL RESULTS



   NSTEP       ENERGY          RMS            GMAX         NAME    NUMBER
    100      -2.1664E+03     1.2150E+00     8.6335E+00     CD        598

 BOND    =       29.1833  ANGLE   =       69.0876  DIHED      =      514.5855
 VDWAALS =     -302.4281  EEL     =    -1979.2900  EGB        =    -1696.5558
 1-4 VDW =      152.9119  1-4 EEL =     1023.7333  RESTRAINT  =        0.0000
 ESURF   =       22.4168
--------------------------------------------------------------------------------
   5.  TIMINGS
--------------------------------------------------------------------------------

|  NonSetup CPU Time in Major Routines:
|
|     Routine           Sec        %
|     ------------------------------
|     Nonbond           2.13   97.46
|     Bond              0.00    0.04
|     Angle             0.01    0.35
|     Dihedral          0.04    2.01
|     Shake             0.00    0.00
|     Other             0.00    0.14
|     ------------------------------
|     Total             2.19

|  Generalized Born CPU Time:
|
|     Routine                 Sec        %
|     ------------------------------------
|     Radii Calc              0.50   22.84
|     Diagonal Calc           0.95   43.24
|     Off Diagonal Calc       0.68   31.24
|     GBSA LCPO Calc          0.00    0.00
|     ---------------------------------
|     Total                   2.13   97.33

|  Setup CPU time:            0.01 seconds
|  NonSetup CPU time:         2.19 seconds
|  Total CPU time:            2.20 seconds     0.00 hours

|  Setup wall time:           0    seconds
|  NonSetup wall time:        3    seconds
|  Total wall time:           3    seconds     0.00 hours
