Note: The following floating-point exceptions are signalling: IEEE_INVALID_FLAG
Note: The following floating-point exceptions are signalling: IEEE_INVALID_FLAG
Note: The following floating-point exceptions are signalling: IEEE_INVALID_FLAG
At line 894 of file /opt/amber22_src/src/pmemd/src/runfiles.F90 (unit = 6)
Fortran runtime error: Cannot open file 'prod.out': No such file or directory

Error termination. Backtrace:
#0  0x7f1045223960 in ???
#1  0x7f10452244d9 in ???
#2  0x7f104522510f in ???
#3  0x7f1045473ee6 in ???
#4  0x7f10454741dd in ???
#5  0x5646aedfe9d9 in ???
#6  0x5646aedcfec3 in ???
#7  0x5646aee133c0 in ???
#8  0x5646aeceb02e in ???
#9  0x7f1044e29d8f in __libc_start_call_main
	at ../sysdeps/nptl/libc_start_call_main.h:58
#10  0x7f1044e29e3f in __libc_start_main_impl
	at ../csu/libc-start.c:392
#11  0x5646aeceb064 in ???
#12  0xffffffffffffffff in ???
