Salt Bridges Plugin, Version 1.0
Wed Apr 17 13:11:04 +0530 2024

Parameters used in the calculation of salt bridges:
- Atomselection: protein
- Update selections every frame: yes
- Initial frame: 0
- Frame step: 1
- Final frame: 499
- Oxygen-nitrogen cut-off: 3.2
- Center of mass cut-off: none
- Write a file for each salt bridge: yes

Searching for ion-pairs with oxygen-nitrogen distance within 3.2 Angstroms in the selected frames... Done.
Removing redundancies in the ion-pairs found... Done.
Extracting identification of each salt bridge... Done.
Found 23 salt bridges.

ASP60-ARG64
GLU57-LYS56
GLU19-LYS16
GLU55-ARG36
ASP26-LYS18
ASP28-ARG46
ASP52-LYS56
GLU45-ARG46
GLU62-ARG68
ASP26-LYS14
ASP52-LYS51
GLU55-LYS56
GLU33-LYS3
ASP60-LYS56
GLU62-ARG36
GLU5-LYS3
ASP37-ARG36
ASP37-LYS51
GLU55-LYS51
ASP28-LYS42
GLU66-ARG68
GLU45-LYS42
GLU33-LYS35

Printing distances over all frames for each salt-bridge... Done.
