
          -------------------------------------------------------
          Amber 22 PMEMD                              2022
          -------------------------------------------------------

| PMEMD implementation of SANDER, Release 22

|  Compiled date/time: Thu Apr 14 23:36:37 2022
| Run on 12/28/2023 at 22:51:21

|   Executable path: pmemd
| Working directory: /home/arul/Reegina/MD_Sim/sample/2A3D_info
|          Hostname: Unknown
  [-O]verwriting output

File Assignments:
|   MDIN: eq2.in                                                                
|  MDOUT: eq2.out                                                               
| INPCRD: eq1.rst7                                                              
|   PARM: 2A3D.hmass.parm7                                                      
| RESTRT: eq2.rst7                                                              
|   REFC: eq1.rst7                                                              
|  MDVEL: mdvel                                                                 
|   MDEN: mden                                                                  
|  MDCRD: eq2.crd                                                               
| MDINFO: eq2.info                                                              
|  MDFRC: mdfrc                                                                 


 Here is the input file:

&cntrl                                                                         
   ntx = 5,                                                                    
   ntwx = 5000, ntwe = 0, ntwr = 500,                                          
   ntpr = 5000,                                                                
                                                                               
   ioutfm=0, ntxo=1,                                                           
                                                                               
   imin = 0, nstlim = 125000, dt = 0.002,                                      
                                                                               
   ntt = 3, gamma_ln=1., temp0 = 300.0,                                        
   nscm = 1000, ig = -1, irest = 1,                                            
                                                                               
   ntc= 2, ntf = 2, cut = 1000,                                                
                                                                               
   igb=8, gbsa=3, surften=0.007, ntb = 0,                                      
   saltcon=0.,                                                                 
                                                                               
   ntr=1, restraintmask="@CA,N,C,O",                                           
   restraint_wt=0.1,                                                           
 /                                                                             


Note: ig = -1. Setting random seed to   239334 based on wallclock time in 
      microseconds.
| irandom = 1, using AMBER's internal random number generator (default).
 
| Conditional Compilation Defines Used:
| PUBFFT
| BINTRAJ
| EMIL

| New format PARM file being parsed.
| Version =    1.000 Date = 12/05/23 Time = 14:07:18

| Note: 1-4 EEL scale factors are being read from the topology file.

| Note: 1-4 VDW scale factors are being read from the topology file.
| INFO:    Reading atomic numbers from topology file.
| Duplicated    0 dihedrals

| Duplicated    0 dihedrals

--------------------------------------------------------------------------------
   1.  RESOURCE   USE: 
--------------------------------------------------------------------------------

 NATOM  =    1140 NTYPES =      14 NBONH =     568 MBONA  =     580
 NTHETH =    1296 MTHETA =     776 NPHIH =    2589 MPHIA  =    2358
 NHPARM =       0 NPARM  =       0 NNB   =    6252 NRES   =      73
 NBONA  =     580 NTHETA =     776 NPHIA =    2358 NUMBND =      65
 NUMANG =     151 NPTRA  =     183 NATYP =      32 NPHB   =       0
 IFBOX  =       0 NMXRS  =      24 IFCAP =       0 NEXTRA =       0
 NCOPY  =       0

 Implicit solvent radii are ArgH and AspGluO modified Bondi2 radii (mbondi3)                                
 Replacing prmtop screening parameters with GBn2 (igb=8) values
--------------------------------------------------------------------------------
   2.  CONTROL  DATA  FOR  THE  RUN
--------------------------------------------------------------------------------

default_name                                                                    

General flags:
     imin    =       0, nmropt  =       0

Nature and format of input:
     ntx     =       5, irest   =       1, ntrx    =       1

Nature and format of output:
     ntxo    =       1, ntpr    =    5000, ntrx    =       1, ntwr    =     500
     iwrap   =       0, ntwx    =    5000, ntwv    =       0, ntwe    =       0
     ioutfm  =       0, ntwprt  =       0, idecomp =       0, rbornstat=      0

Potential function:
     ntf     =       2, ntb     =       0, igb     =       8, nsnb    =      25
     ipol    =       0, gbsa    =       3, iesp    =       0
     dielc   =   1.00000, cut     =1000.00000, intdiel =   1.00000
     saltcon =   0.00000, offset  =   0.19514, surften =   0.00700
     rdt     =   0.00000, rgbmax  =  25.00000  extdiel =  78.50000
     alpb  =        0
     gbalphaH  =   0.78844, gbbetaH   =   0.79870,  gbgammaH  =    0.43733
     gbalphaC  =   0.73376, gbbetaC   =   0.50638,  gbgammaC  =    0.20584
     gbalphaN  =   0.50336, gbbetaN   =   0.31683,  gbgammaN  =    0.19292
     gbalphaOS =   0.86781, gbbetaOS  =   0.87664,  gbgammaOS =    0.38788
     gbalphaP  =   1.00000, gbbetaP   =   0.80000,  gbgammaP  =    4.85000
     gb_alpha_hnu  =   0.53705, gb_beta_hnu   =   0.36286,  gb_gamma_hnu  =    0.11670
     gb_alpha_cnu  =   0.33167, gb_beta_cnu   =   0.19684,  gb_gamma_cnu  =    0.09342
     gb_alpha_nnu  =   0.68631, gb_beta_nnu   =   0.46319,  gb_gamma_nnu  =    0.13872
     gb_alpha_onu  =   0.60634, gb_beta_onu   =   0.46301,  gb_gamma_onu  =    0.14226
     gb_alpha_pnu  =   0.41836, gb_beta_pnu   =   0.29005,  gb_gamma_pnu  =    0.10642

Frozen or restrained atoms:
     ibelly  =       0, ntr     =       1
     restraint_wt =   0.10000

Molecular dynamics:
     nstlim  =    125000, nscm    =         0, nrespa  =         1
     t       =   0.00000, dt      =   0.00200, vlimit  =  20.00000

Langevin dynamics temperature regulation:
     ig      =  239334
     temp0   = 300.00000, tempi   =   0.00000, gamma_ln=   1.00000

SHAKE:
     ntc     =       2, jfastw  =       0
     tol     =   0.00001

| Intermolecular bonds treatment:
|     no_intermolecular_bonds =       1

| Energy averages sample interval:
|     ene_avg_sampling =    5000

    LOADING THE CONSTRAINED ATOMS AS GROUPS


   5.  REFERENCE ATOM COORDINATES

  default_name                                                                    
     Mask @CA,N,C,O; matches   292 atoms

--------------------------------------------------------------------------------
   3.  ATOMIC COORDINATES AND VELOCITIES
--------------------------------------------------------------------------------

default_name                                                                    
 begin time read from input coords =  1250.000 ps

 
 Number of triangulated 3-point waters found:        0
| Dynamic Memory, Types Used:
| Reals               40659
| Integers           134118

--------------------------------------------------------------------------------
   4.  RESULTS
--------------------------------------------------------------------------------


 NSTEP =     5000   TIME(PS) =    1260.000  TEMP(K) =   299.26  PRESS =     0.0
 Etot   =     -1237.6955  EKtot   =       848.0246  EPtot      =     -2085.7201
 BOND   =       209.9659  ANGLE   =       574.2920  DIHED      =       889.1772
 1-4 NB =       265.3882  1-4 EEL =      3114.6681  VDWAALS    =      -480.3741
 EELEC  =     -5269.4187  EGB     =     -1448.5886  RESTRAINT  =        20.9153
 EAMBER (non-restraint)  =     -2106.6354
 ESURF=        38.2546
 ------------------------------------------------------------------------------


 NSTEP =    10000   TIME(PS) =    1270.000  TEMP(K) =   310.53  PRESS =     0.0
 Etot   =     -1180.2751  EKtot   =       879.9520  EPtot      =     -2060.2271
 BOND   =       232.3127  ANGLE   =       597.9590  DIHED      =       886.1459
 1-4 NB =       257.2478  1-4 EEL =      3140.4415  VDWAALS    =      -482.7575
 EELEC  =     -5349.3582  EGB     =     -1400.8826  RESTRAINT  =        20.4732
 EAMBER (non-restraint)  =     -2080.7003
 ESURF=        38.1911
 ------------------------------------------------------------------------------


 NSTEP =    15000   TIME(PS) =    1280.000  TEMP(K) =   288.60  PRESS =     0.0
 Etot   =     -1273.7698  EKtot   =       817.8065  EPtot      =     -2091.5763
 BOND   =       235.9432  ANGLE   =       579.7073  DIHED      =       877.8244
 1-4 NB =       259.7794  1-4 EEL =      3100.5352  VDWAALS    =      -481.5105
 EELEC  =     -5323.1846  EGB     =     -1396.6165  RESTRAINT  =        17.4363
 EAMBER (non-restraint)  =     -2109.0125
 ESURF=        38.5096
 ------------------------------------------------------------------------------


 NSTEP =    20000   TIME(PS) =    1290.000  TEMP(K) =   297.61  PRESS =     0.0
 Etot   =     -1271.3423  EKtot   =       843.3598  EPtot      =     -2114.7021
 BOND   =       235.0051  ANGLE   =       584.6510  DIHED      =       877.1919
 1-4 NB =       249.7178  1-4 EEL =      3111.0818  VDWAALS    =      -498.9203
 EELEC  =     -5393.1652  EGB     =     -1340.4021  RESTRAINT  =        23.9712
 EAMBER (non-restraint)  =     -2138.6733
 ESURF=        36.1667
 ------------------------------------------------------------------------------


 NSTEP =    25000   TIME(PS) =    1300.000  TEMP(K) =   300.13  PRESS =     0.0
 Etot   =     -1214.1387  EKtot   =       850.4856  EPtot      =     -2064.6243
 BOND   =       236.6607  ANGLE   =       599.4493  DIHED      =       902.7309
 1-4 NB =       245.6037  1-4 EEL =      3087.4972  VDWAALS    =      -496.9836
 EELEC  =     -5328.6070  EGB     =     -1375.1473  RESTRAINT  =        26.7776
 EAMBER (non-restraint)  =     -2091.4019
 ESURF=        37.3943
 ------------------------------------------------------------------------------


 NSTEP =    30000   TIME(PS) =    1310.000  TEMP(K) =   308.27  PRESS =     0.0
 Etot   =     -1195.8941  EKtot   =       873.5600  EPtot      =     -2069.4541
 BOND   =       219.2747  ANGLE   =       597.4834  DIHED      =       885.3690
 1-4 NB =       260.4359  1-4 EEL =      3104.0923  VDWAALS    =      -470.3970
 EELEC  =     -5378.1664  EGB     =     -1349.1388  RESTRAINT  =        25.2412
 EAMBER (non-restraint)  =     -2094.6953
 ESURF=        36.3517
 ------------------------------------------------------------------------------


 NSTEP =    35000   TIME(PS) =    1320.000  TEMP(K) =   298.48  PRESS =     0.0
 Etot   =     -1244.4687  EKtot   =       845.8181  EPtot      =     -2090.2868
 BOND   =       202.5834  ANGLE   =       603.6582  DIHED      =       894.4039
 1-4 NB =       251.5205  1-4 EEL =      3090.9740  VDWAALS    =      -480.3096
 EELEC  =     -5320.3972  EGB     =     -1391.1912  RESTRAINT  =        20.4900
 EAMBER (non-restraint)  =     -2110.7769
 ESURF=        37.9812
 ------------------------------------------------------------------------------


 NSTEP =    40000   TIME(PS) =    1330.000  TEMP(K) =   303.89  PRESS =     0.0
 Etot   =     -1220.7604  EKtot   =       861.1364  EPtot      =     -2081.8968
 BOND   =       232.3928  ANGLE   =       570.9614  DIHED      =       899.3643
 1-4 NB =       261.5082  1-4 EEL =      3086.4323  VDWAALS    =      -493.9884
 EELEC  =     -5375.4669  EGB     =     -1329.0907  RESTRAINT  =        30.7777
 EAMBER (non-restraint)  =     -2112.6745
 ESURF=        35.2126
 ------------------------------------------------------------------------------


 NSTEP =    45000   TIME(PS) =    1340.000  TEMP(K) =   293.32  PRESS =     0.0
 Etot   =     -1253.4832  EKtot   =       831.1985  EPtot      =     -2084.6817
 BOND   =       233.0516  ANGLE   =       588.1318  DIHED      =       888.5198
 1-4 NB =       253.5294  1-4 EEL =      3061.0367  VDWAALS    =      -491.9326
 EELEC  =     -5313.3095  EGB     =     -1369.4391  RESTRAINT  =        27.9785
 EAMBER (non-restraint)  =     -2112.6602
 ESURF=        37.7517
 ------------------------------------------------------------------------------


 NSTEP =    50000   TIME(PS) =    1350.000  TEMP(K) =   314.04  PRESS =     0.0
 Etot   =     -1241.7900  EKtot   =       889.9181  EPtot      =     -2131.7082
 BOND   =       212.4933  ANGLE   =       569.6334  DIHED      =       890.1422
 1-4 NB =       248.0009  1-4 EEL =      3095.4652  VDWAALS    =      -500.6200
 EELEC  =     -5218.2672  EGB     =     -1488.9464  RESTRAINT  =        23.2027
 EAMBER (non-restraint)  =     -2154.9109
 ESURF=        37.1876
 ------------------------------------------------------------------------------


 NSTEP =    55000   TIME(PS) =    1360.000  TEMP(K) =   297.22  PRESS =     0.0
 Etot   =     -1246.4897  EKtot   =       842.2336  EPtot      =     -2088.7233
 BOND   =       238.8251  ANGLE   =       554.1444  DIHED      =       883.9451
 1-4 NB =       253.6576  1-4 EEL =      3129.3303  VDWAALS    =      -504.0401
 EELEC  =     -5240.2019  EGB     =     -1466.2178  RESTRAINT  =        25.7540
 EAMBER (non-restraint)  =     -2114.4773
 ESURF=        36.0802
 ------------------------------------------------------------------------------


 NSTEP =    60000   TIME(PS) =    1370.000  TEMP(K) =   315.42  PRESS =     0.0
 Etot   =     -1208.3230  EKtot   =       893.8158  EPtot      =     -2102.1388
 BOND   =       236.6839  ANGLE   =       561.0054  DIHED      =       879.0972
 1-4 NB =       254.2720  1-4 EEL =      3109.7694  VDWAALS    =      -480.5226
 EELEC  =     -5215.0888  EGB     =     -1508.5421  RESTRAINT  =        21.2168
 EAMBER (non-restraint)  =     -2123.3556
 ESURF=        39.9700
 ------------------------------------------------------------------------------


 NSTEP =    65000   TIME(PS) =    1380.000  TEMP(K) =   311.08  PRESS =     0.0
 Etot   =     -1217.5288  EKtot   =       881.5137  EPtot      =     -2099.0425
 BOND   =       212.2168  ANGLE   =       590.5946  DIHED      =       895.5708
 1-4 NB =       250.0823  1-4 EEL =      3114.4505  VDWAALS    =      -485.4627
 EELEC  =     -5198.8622  EGB     =     -1534.0258  RESTRAINT  =        17.8448
 EAMBER (non-restraint)  =     -2116.8873
 ESURF=        38.5484
 ------------------------------------------------------------------------------


 NSTEP =    70000   TIME(PS) =    1390.000  TEMP(K) =   310.32  PRESS =     0.0
 Etot   =     -1207.2468  EKtot   =       879.3507  EPtot      =     -2086.5975
 BOND   =       233.3483  ANGLE   =       561.2350  DIHED      =       899.2693
 1-4 NB =       247.0492  1-4 EEL =      3104.0999  VDWAALS    =      -490.5385
 EELEC  =     -5223.5249  EGB     =     -1479.9495  RESTRAINT  =        23.5378
 EAMBER (non-restraint)  =     -2110.1353
 ESURF=        38.8759
 ------------------------------------------------------------------------------


 NSTEP =    75000   TIME(PS) =    1400.000  TEMP(K) =   286.45  PRESS =     0.0
 Etot   =     -1260.3804  EKtot   =       811.7123  EPtot      =     -2072.0927
 BOND   =       218.5783  ANGLE   =       615.9527  DIHED      =       891.9811
 1-4 NB =       254.9841  1-4 EEL =      3105.1994  VDWAALS    =      -490.4903
 EELEC  =     -5266.6976  EGB     =     -1458.2990  RESTRAINT  =        20.6158
 EAMBER (non-restraint)  =     -2092.7085
 ESURF=        36.0827
 ------------------------------------------------------------------------------


 NSTEP =    80000   TIME(PS) =    1410.000  TEMP(K) =   294.21  PRESS =     0.0
 Etot   =     -1239.2742  EKtot   =       833.7227  EPtot      =     -2072.9970
 BOND   =       232.4699  ANGLE   =       582.3442  DIHED      =       910.7748
 1-4 NB =       256.5521  1-4 EEL =      3098.5051  VDWAALS    =      -490.8718
 EELEC  =     -5232.4964  EGB     =     -1488.3089  RESTRAINT  =        21.5512
 EAMBER (non-restraint)  =     -2094.5482
 ESURF=        36.4828
 ------------------------------------------------------------------------------


 NSTEP =    85000   TIME(PS) =    1420.000  TEMP(K) =   302.07  PRESS =     0.0
 Etot   =     -1184.6215  EKtot   =       855.9745  EPtot      =     -2040.5961
 BOND   =       248.1841  ANGLE   =       583.6654  DIHED      =       890.8189
 1-4 NB =       259.7764  1-4 EEL =      3109.5501  VDWAALS    =      -486.9790
 EELEC  =     -5147.8117  EGB     =     -1554.7383  RESTRAINT  =        17.5090
 EAMBER (non-restraint)  =     -2058.1051
 ESURF=        39.4289
 ------------------------------------------------------------------------------


 NSTEP =    90000   TIME(PS) =    1430.000  TEMP(K) =   282.84  PRESS =     0.0
 Etot   =     -1216.8542  EKtot   =       801.4854  EPtot      =     -2018.3396
 BOND   =       257.1391  ANGLE   =       607.5517  DIHED      =       884.8808
 1-4 NB =       254.5294  1-4 EEL =      3105.2153  VDWAALS    =      -486.1115
 EELEC  =     -5181.9246  EGB     =     -1518.8971  RESTRAINT  =        19.4481
 EAMBER (non-restraint)  =     -2037.7877
 ESURF=        39.8292
 ------------------------------------------------------------------------------


 NSTEP =    95000   TIME(PS) =    1440.000  TEMP(K) =   297.17  PRESS =     0.0
 Etot   =     -1270.1568  EKtot   =       842.0937  EPtot      =     -2112.2506
 BOND   =       225.9693  ANGLE   =       571.4952  DIHED      =       886.6852
 1-4 NB =       242.3499  1-4 EEL =      3062.6014  VDWAALS    =      -507.6419
 EELEC  =     -5198.6456  EGB     =     -1455.0355  RESTRAINT  =        23.8303
 EAMBER (non-restraint)  =     -2136.0809
 ESURF=        36.1411
 ------------------------------------------------------------------------------


 NSTEP =   100000   TIME(PS) =    1450.000  TEMP(K) =   297.15  PRESS =     0.0
 Etot   =     -1225.1961  EKtot   =       842.0487  EPtot      =     -2067.2448
 BOND   =       251.9169  ANGLE   =       580.3489  DIHED      =       899.7244
 1-4 NB =       255.7148  1-4 EEL =      3086.2232  VDWAALS    =      -489.2768
 EELEC  =     -5258.7745  EGB     =     -1454.2601  RESTRAINT  =        25.2657
 EAMBER (non-restraint)  =     -2092.5105
 ESURF=        35.8726
 ------------------------------------------------------------------------------


 NSTEP =   105000   TIME(PS) =    1460.000  TEMP(K) =   296.32  PRESS =     0.0
 Etot   =     -1237.0938  EKtot   =       839.6932  EPtot      =     -2076.7870
 BOND   =       228.7680  ANGLE   =       578.7420  DIHED      =       906.1734
 1-4 NB =       254.9996  1-4 EEL =      3089.4713  VDWAALS    =      -503.9417
 EELEC  =     -5227.9259  EGB     =     -1465.0304  RESTRAINT  =        25.6527
 EAMBER (non-restraint)  =     -2102.4396
 ESURF=        36.3042
 ------------------------------------------------------------------------------


 NSTEP =   110000   TIME(PS) =    1470.000  TEMP(K) =   293.67  PRESS =     0.0
 Etot   =     -1212.5396  EKtot   =       832.1742  EPtot      =     -2044.7138
 BOND   =       222.7498  ANGLE   =       584.7175  DIHED      =       915.9270
 1-4 NB =       267.3576  1-4 EEL =      3086.0675  VDWAALS    =      -508.9974
 EELEC  =     -5210.3418  EGB     =     -1467.3169  RESTRAINT  =        29.0870
 EAMBER (non-restraint)  =     -2073.8008
 ESURF=        36.0361
 ------------------------------------------------------------------------------


 NSTEP =   115000   TIME(PS) =    1480.000  TEMP(K) =   297.61  PRESS =     0.0
 Etot   =     -1210.0863  EKtot   =       843.3427  EPtot      =     -2053.4290
 BOND   =       258.4219  ANGLE   =       574.2555  DIHED      =       910.9088
 1-4 NB =       244.0130  1-4 EEL =      3092.6710  VDWAALS    =      -487.3698
 EELEC  =     -5255.9472  EGB     =     -1447.6815  RESTRAINT  =        20.5414
 EAMBER (non-restraint)  =     -2073.9704
 ESURF=        36.7577
 ------------------------------------------------------------------------------


 NSTEP =   120000   TIME(PS) =    1490.000  TEMP(K) =   318.10  PRESS =     0.0
 Etot   =     -1139.1593  EKtot   =       901.4117  EPtot      =     -2040.5710
 BOND   =       247.9928  ANGLE   =       601.3938  DIHED      =       887.0304
 1-4 NB =       255.7645  1-4 EEL =      3061.8106  VDWAALS    =      -496.7845
 EELEC  =     -5185.6927  EGB     =     -1481.2653  RESTRAINT  =        31.5698
 EAMBER (non-restraint)  =     -2072.1407
 ESURF=        37.6096
 ------------------------------------------------------------------------------


 NSTEP =   125000   TIME(PS) =    1500.000  TEMP(K) =   301.82  PRESS =     0.0
 Etot   =     -1217.6456  EKtot   =       855.2862  EPtot      =     -2072.9318
 BOND   =       227.4915  ANGLE   =       602.1756  DIHED      =       906.4713
 1-4 NB =       252.1192  1-4 EEL =      3119.3577  VDWAALS    =      -505.3605
 EELEC  =     -5312.9499  EGB     =     -1422.4977  RESTRAINT  =        24.8818
 EAMBER (non-restraint)  =     -2097.8136
 ESURF=        35.3792
 ------------------------------------------------------------------------------


      A V E R A G E S   O V E R      25 S T E P S


 NSTEP =   125000   TIME(PS) =    1500.000  TEMP(K) =   300.62  PRESS =     0.0
 Etot   =     -1225.0486  EKtot   =       851.8847  EPtot      =     -2076.9333
 BOND   =       231.6176  ANGLE   =       584.6220  DIHED      =       893.6051
 1-4 NB =       254.2381  1-4 EEL =      3098.6619  VDWAALS    =      -491.6873
 EELEC  =     -5265.0491  EGB     =     -1443.6604  RESTRAINT  =        23.4228
 EAMBER (non-restraint)  =     -2100.3561
 ESURF=        37.2960
 ------------------------------------------------------------------------------


      R M S  F L U C T U A T I O N S


 NSTEP =   125000   TIME(PS) =    1500.000  TEMP(K) =     8.86  PRESS =     0.0
 Etot   =        30.5888  EKtot   =        25.1051  EPtot      =        25.2087
 BOND   =        14.1089  ANGLE   =        15.4722  DIHED      =        10.5589
 1-4 NB =         6.1014  1-4 EEL =        18.9901  VDWAALS    =         9.7446
 EELEC  =        66.9204  EGB     =        59.7799  RESTRAINT  =         3.8481
 EAMBER (non-restraint)  =        21.3606
 ESURF=         1.3592
 ------------------------------------------------------------------------------

--------------------------------------------------------------------------------
   5.  TIMINGS
--------------------------------------------------------------------------------

|  NonSetup CPU Time in Major Routines:
|
|     Routine           Sec        %
|     ------------------------------
|     Nonbond        6100.45   97.89
|     Bond              0.88    0.01
|     Angle            15.20    0.24
|     Dihedral         87.28    1.40
|     Shake             4.06    0.07
|     RunMD            24.03    0.39
|     Other             0.05    0.00
|     ------------------------------
|     Total          6231.97

|  Generalized Born CPU Time:
|
|     Routine                 Sec        %
|     ------------------------------------
|     Radii Calc           1423.00   22.83
|     Diagonal Calc        2633.26   42.25
|     Off Diagonal Calc    2038.20   32.71
|     GBSA LCPO Calc          0.05    0.00
|     ---------------------------------
|     Total                6094.45   97.79

|  Final Performance Info:
|     -----------------------------------------------------
|     Average timings for last       1 steps:
|     Elapsed(s) =       0.00 Per Step(ms) =       0.09
|         ns/day =    1877.42   seconds/ns =      46.02
|
|     Average timings for all steps:
|     Elapsed(s) =   14494.64 Per Step(ms) =     115.96
|         ns/day =       1.49   seconds/ns =   57978.56
|     -----------------------------------------------------

|  Setup CPU time:            0.02 seconds
|  NonSetup CPU time:      6231.97 seconds
|  Total CPU time:         6231.98 seconds     1.73 hours

|  Setup wall time:           0    seconds
|  NonSetup wall time:    14495    seconds
|  Total wall time:       14495    seconds     4.03 hours
