
          -------------------------------------------------------
          Amber 22 PMEMD                              2022
          -------------------------------------------------------

| PMEMD implementation of SANDER, Release 22

|  Compiled date/time: Thu Apr 14 23:36:37 2022
| Run on 01/10/2024 at 20:49:43

|   Executable path: pmemd
| Working directory: /home/arul/Reegina/MD_Sim/amber_parameters/1NFI_info
|          Hostname: Unknown
  [-O]verwriting output

File Assignments:
|   MDIN: /home/arul/Reegina/MD_Sim/1A6N/min.in                                 
|  MDOUT: min_1NFI.out                                                          
| INPCRD: 1NFI.rst7                                                             
|   PARM: 1NFI.hmass.parm7                                                      
| RESTRT: min_1NFI.rst7                                                         
|   REFC: refc                                                                  
|  MDVEL: mdvel                                                                 
|   MDEN: mden                                                                  
|  MDCRD: min_1NFI.crd                                                          
| MDINFO: min_1NFI.info                                                         
|  MDFRC: mdfrc                                                                 


 Here is the input file:

&cntrl                                                                         
  imin = 1,                                                                    
  maxcyc=100,                                                                  
  ntx = 1,                                                                     
  ntwr = 100,                                                                  
  ntpr = 10,                                                                   
  ioutfm=0,                                                                    
  ntxo=1,                                                                      
  cut = 1000.0,                                                                
  ntb=0,                                                                       
  igb = 8,                                                                     
  gbsa=3,                                                                      
  surften=0.007,                                                               
  saltcon = 0.0,                                                               
/                                                                              


Note: ig = -1. Setting random seed to    20283 based on wallclock time in 
      microseconds.
| irandom = 1, using AMBER's internal random number generator (default).
 
| Conditional Compilation Defines Used:
| PUBFFT
| BINTRAJ
| EMIL

| New format PARM file being parsed.
| Version =    1.000 Date = 01/10/24 Time = 20:47:46

| Note: 1-4 EEL scale factors are being read from the topology file.

| Note: 1-4 VDW scale factors are being read from the topology file.
| INFO:    Reading atomic numbers from topology file.
| Duplicated    0 dihedrals

| Duplicated    0 dihedrals

--------------------------------------------------------------------------------
   1.  RESOURCE   USE: 
--------------------------------------------------------------------------------

 NATOM  =    2215 NTYPES =      14 NBONH =    1103 MBONA  =    1138
 NTHETH =    2514 MTHETA =    1547 NPHIH =    5168 MPHIA  =    4872
 NHPARM =       0 NPARM  =       0 NNB   =   12294 NRES   =     140
 NBONA  =    1138 NTHETA =    1547 NPHIA =    4872 NUMBND =      56
 NUMANG =     128 NPTRA  =     164 NATYP =      29 NPHB   =       0
 IFBOX  =       0 NMXRS  =      24 IFCAP =       0 NEXTRA =       0
 NCOPY  =       0

 Implicit solvent radii are ArgH and AspGluO modified Bondi2 radii (mbondi3)                                
 Replacing prmtop screening parameters with GBn2 (igb=8) values
--------------------------------------------------------------------------------
   2.  CONTROL  DATA  FOR  THE  RUN
--------------------------------------------------------------------------------

default_name                                                                    

General flags:
     imin    =       1, nmropt  =       0

Nature and format of input:
     ntx     =       1, irest   =       0, ntrx    =       1

Nature and format of output:
     ntxo    =       1, ntpr    =      10, ntrx    =       1, ntwr    =     100
     iwrap   =       0, ntwx    =       0, ntwv    =       0, ntwe    =       0
     ioutfm  =       0, ntwprt  =       0, idecomp =       0, rbornstat=      0

Potential function:
     ntf     =       1, ntb     =       0, igb     =       8, nsnb    =      25
     ipol    =       0, gbsa    =       3, iesp    =       0
     dielc   =   1.00000, cut     =1000.00000, intdiel =   1.00000
     saltcon =   0.00000, offset  =   0.19514, surften =   0.00700
     rdt     =   0.00000, rgbmax  =  25.00000  extdiel =  78.50000
     alpb  =        0
     gbalphaH  =   0.78844, gbbetaH   =   0.79870,  gbgammaH  =    0.43733
     gbalphaC  =   0.73376, gbbetaC   =   0.50638,  gbgammaC  =    0.20584
     gbalphaN  =   0.50336, gbbetaN   =   0.31683,  gbgammaN  =    0.19292
     gbalphaOS =   0.86781, gbbetaOS  =   0.87664,  gbgammaOS =    0.38788
     gbalphaP  =   1.00000, gbbetaP   =   0.80000,  gbgammaP  =    4.85000
     gb_alpha_hnu  =   0.53705, gb_beta_hnu   =   0.36286,  gb_gamma_hnu  =    0.11670
     gb_alpha_cnu  =   0.33167, gb_beta_cnu   =   0.19684,  gb_gamma_cnu  =    0.09342
     gb_alpha_nnu  =   0.68631, gb_beta_nnu   =   0.46319,  gb_gamma_nnu  =    0.13872
     gb_alpha_onu  =   0.60634, gb_beta_onu   =   0.46301,  gb_gamma_onu  =    0.14226
     gb_alpha_pnu  =   0.41836, gb_beta_pnu   =   0.29005,  gb_gamma_pnu  =    0.10642

Frozen or restrained atoms:
     ibelly  =       0, ntr     =       0

Energy minimization:
     maxcyc  =     100, ncyc    =      10, ntmin   =       1
     dx0     =   0.01000, drms    =   0.00010

| Intermolecular bonds treatment:
|     no_intermolecular_bonds =       1

| Energy averages sample interval:
|     ene_avg_sampling =       1

--------------------------------------------------------------------------------
   3.  ATOMIC COORDINATES AND VELOCITIES
--------------------------------------------------------------------------------

default_name                                                                    
 begin time read from input coords =     0.000 ps

 
 Number of triangulated 3-point waters found:        0
| Dynamic Memory, Types Used:
| Reals               59809
| Integers           262438

--------------------------------------------------------------------------------
   4.  RESULTS
--------------------------------------------------------------------------------



   NSTEP       ENERGY          RMS            GMAX         NAME    NUMBER
      1      -2.1441E+03     1.0528E+02     3.8522E+03     HB2      1512

 BOND    =       48.6913  ANGLE   =      401.9510  DIHED      =     1613.7627
 VDWAALS =     2056.0615  EEL     =    -8173.7229  EGB        =    -2406.8040
 1-4 VDW =      645.8396  1-4 EEL =     3616.6152  RESTRAINT  =        0.0000
 ESURF   =       53.5334


   NSTEP       ENERGY          RMS            GMAX         NAME    NUMBER
     10      -3.2837E+03     3.1487E+01     6.0784E+02     HG        366

 BOND    =       58.2132  ANGLE   =      396.4961  DIHED      =     1613.3804
 VDWAALS =      918.3473  EEL     =    -8175.2667  EGB        =    -2406.8535
 1-4 VDW =      645.0774  1-4 EEL =     3613.3824  RESTRAINT  =        0.0000
 ESURF   =       53.5475


   NSTEP       ENERGY          RMS            GMAX         NAME    NUMBER
     20      -4.7286E+03     6.5168E+00     1.0928E+02     O        1475

 BOND    =      121.5686  ANGLE   =      464.0500  DIHED      =     1640.4439
 VDWAALS =     -496.3449  EEL     =    -8178.4540  EGB        =    -2417.0931
 1-4 VDW =      591.1351  1-4 EEL =     3491.5811  RESTRAINT  =        0.0000
 ESURF   =       54.5259


   NSTEP       ENERGY          RMS            GMAX         NAME    NUMBER
     30      -4.9734E+03     4.5314E+00     7.4043E+01     C        1474

 BOND    =      122.1580  ANGLE   =      495.7512  DIHED      =     1657.1163
 VDWAALS =     -687.1579  EEL     =    -8156.7123  EGB        =    -2425.7640
 1-4 VDW =      545.8324  1-4 EEL =     3420.0208  RESTRAINT  =        0.0000
 ESURF   =       55.3913


   NSTEP       ENERGY          RMS            GMAX         NAME    NUMBER
     40      -5.1782E+03     3.5058E+00     6.6446E+01     C        1474

 BOND    =       95.8466  ANGLE   =      404.9858  DIHED      =     1641.8568
 VDWAALS =     -719.7721  EEL     =    -8175.1240  EGB        =    -2428.8931
 1-4 VDW =      516.7738  1-4 EEL =     3429.7676  RESTRAINT  =        0.0000
 ESURF   =       56.3347


   NSTEP       ENERGY          RMS            GMAX         NAME    NUMBER
     50      -5.4100E+03     2.6929E+00     6.6491E+01     CG       1601

 BOND    =      109.4061  ANGLE   =      460.0101  DIHED      =     1681.4152
 VDWAALS =     -886.3574  EEL     =    -8175.6849  EGB        =    -2441.0636
 1-4 VDW =      438.9099  1-4 EEL =     3344.4005  RESTRAINT  =        0.0000
 ESURF   =       58.9240


   NSTEP       ENERGY          RMS            GMAX         NAME    NUMBER
     60      -5.4461E+03     1.6346E+00     2.5847E+01     CG       1601

 BOND    =       94.5616  ANGLE   =      440.3484  DIHED      =     1675.4893
 VDWAALS =     -886.8263  EEL     =    -8177.0158  EGB        =    -2439.3357
 1-4 VDW =      442.4251  1-4 EEL =     3345.2344  RESTRAINT  =        0.0000
 ESURF   =       58.9787


   NSTEP       ENERGY          RMS            GMAX         NAME    NUMBER
     70      -5.5105E+03     1.9586E+00     3.9367E+01     CG        922

 BOND    =       94.1113  ANGLE   =      418.0822  DIHED      =     1664.2685
 VDWAALS =     -898.9485  EEL     =    -8187.2603  EGB        =    -2443.4403
 1-4 VDW =      448.1945  1-4 EEL =     3334.9528  RESTRAINT  =        0.0000
 ESURF   =       59.4954


   NSTEP       ENERGY          RMS            GMAX         NAME    NUMBER
     80      -5.5355E+03     1.6482E+00     2.1880E+01     CD2       308

 BOND    =       90.4814  ANGLE   =      404.1143  DIHED      =     1664.7187
 VDWAALS =     -901.5368  EEL     =    -8200.9470  EGB        =    -2440.3716
 1-4 VDW =      447.6653  1-4 EEL =     3340.5705  RESTRAINT  =        0.0000
 ESURF   =       59.7664


   NSTEP       ENERGY          RMS            GMAX         NAME    NUMBER
     90      -5.5747E+03     1.4166E+00     2.5555E+01     C        1474

 BOND    =       86.1658  ANGLE   =      391.7525  DIHED      =     1665.7453
 VDWAALS =     -908.1904  EEL     =    -8211.6792  EGB        =    -2438.8480
 1-4 VDW =      436.7852  1-4 EEL =     3343.5187  RESTRAINT  =        0.0000
 ESURF   =       60.0627


   NSTEP       ENERGY          RMS            GMAX         NAME    NUMBER
    100      -5.6103E+03     1.3525E+00     2.4596E+01     CG        922

 BOND    =       99.1935  ANGLE   =      411.4126  DIHED      =     1673.1779
 VDWAALS =     -935.9066  EEL     =    -8214.1025  EGB        =    -2439.7322
 1-4 VDW =      418.8987  1-4 EEL =     3316.0667  RESTRAINT  =        0.0000
 ESURF   =       60.7028


  Maximum number of minimization cycles reached.


                    FINAL RESULTS



   NSTEP       ENERGY          RMS            GMAX         NAME    NUMBER
    100      -5.6103E+03     1.3525E+00     2.4596E+01     CG        922

 BOND    =       99.1935  ANGLE   =      411.4126  DIHED      =     1673.1779
 VDWAALS =     -935.9066  EEL     =    -8214.1025  EGB        =    -2439.7322
 1-4 VDW =      418.8987  1-4 EEL =     3316.0667  RESTRAINT  =        0.0000
 ESURF   =       60.7028
--------------------------------------------------------------------------------
   5.  TIMINGS
--------------------------------------------------------------------------------

|  NonSetup CPU Time in Major Routines:
|
|     Routine           Sec        %
|     ------------------------------
|     Nonbond          15.67   98.86
|     Bond              0.00    0.02
|     Angle             0.02    0.15
|     Dihedral          0.14    0.90
|     Shake             0.00    0.00
|     Other             0.01    0.06
|     ------------------------------
|     Total            15.85

|  Generalized Born CPU Time:
|
|     Routine                 Sec        %
|     ------------------------------------
|     Radii Calc              3.33   21.00
|     Diagonal Calc           6.19   39.04
|     Off Diagonal Calc       6.14   38.76
|     GBSA LCPO Calc          0.00    0.00
|     ---------------------------------
|     Total                  15.66   98.80

|  Setup CPU time:            0.02 seconds
|  NonSetup CPU time:        15.85 seconds
|  Total CPU time:           15.88 seconds     0.00 hours

|  Setup wall time:           0    seconds
|  NonSetup wall time:       19    seconds
|  Total wall time:          19    seconds     0.01 hours
