Salt Bridges Plugin, Version 1.0
Wed Apr 17 13:08:24 +0530 2024

Parameters used in the calculation of salt bridges:
- Atomselection: protein
- Update selections every frame: yes
- Initial frame: 0
- Frame step: 1
- Final frame: 499
- Oxygen-nitrogen cut-off: 3.2
- Center of mass cut-off: none
- Write a file for each salt bridge: yes

Searching for ion-pairs with oxygen-nitrogen distance within 3.2 Angstroms in the selected frames... Done.
Removing redundancies in the ion-pairs found... Done.
Extracting identification of each salt bridge... Done.
Found 16 salt bridges.

GLU29-LYS32
ASP76-ARG74
GLU83-LYS62
GLU90-LYS88
ASP28-ARG31
ASP28-LYS32
GLU27-ARG23
GLU55-LYS7
GLU27-ARG97
GLU27-ARG31
GLU56-LYS57
ASP76-ARG77
GLU12-LYS44
ASP10-LYS84
GLU83-LYS7
GLU12-ARG16

Printing distances over all frames for each salt-bridge... Done.
