
          -------------------------------------------------------
          Amber 22 PMEMD                              2022
          -------------------------------------------------------

| PMEMD implementation of SANDER, Release 22

|  Compiled date/time: Thu Apr 14 23:36:37 2022
| Run on 12/20/2023 at 13:19:48

|   Executable path: pmemd
| Working directory: /home/arul/Reegina/MD_Sim/amber_parameters/1ARR_info
|          Hostname: Unknown
  [-O]verwriting output

File Assignments:
|   MDIN: /home/arul/Reegina/MD_Sim/trial_file/min.in                           
|  MDOUT: min_1ARR.out                                                          
| INPCRD: 1ARR.rst7                                                             
|   PARM: 1ARR.hmass.parm7                                                      
| RESTRT: min_1ARR.rst7                                                         
|   REFC: refc                                                                  
|  MDVEL: mdvel                                                                 
|   MDEN: mden                                                                  
|  MDCRD: min_1ARR.crd                                                          
| MDINFO: min_1ARR.info                                                         
|  MDFRC: mdfrc                                                                 


 Here is the input file:

&cntrl                                                                         
  imin = 1,                                                                    
  maxcyc=100,                                                                  
  ntx = 1,                                                                     
  ntwr = 100,                                                                  
  ntpr = 10,                                                                   
  ioutfm=0,                                                                    
  ntxo=1,                                                                      
  cut = 1000.0,                                                                
  ntb=0,                                                                       
  igb = 8,                                                                     
  gbsa=3,                                                                      
  surften=0.007,                                                               
  saltcon = 0.0,                                                               
/                                                                              


Note: ig = -1. Setting random seed to   543695 based on wallclock time in 
      microseconds.
| irandom = 1, using AMBER's internal random number generator (default).
 
| Conditional Compilation Defines Used:
| PUBFFT
| BINTRAJ
| EMIL

| New format PARM file being parsed.
| Version =    1.000 Date = 12/04/23 Time = 16:32:03

| Note: 1-4 EEL scale factors are being read from the topology file.

| Note: 1-4 VDW scale factors are being read from the topology file.
| INFO:    Reading atomic numbers from topology file.
| Duplicated    0 dihedrals

| Duplicated    0 dihedrals

--------------------------------------------------------------------------------
   1.  RESOURCE   USE: 
--------------------------------------------------------------------------------

 NATOM  =    1766 NTYPES =      13 NBONH =     896 MBONA  =     882
 NTHETH =    2044 MTHETA =    1172 NPHIH =    4030 MPHIA  =    3598
 NHPARM =       0 NPARM  =       0 NNB   =    9694 NRES   =     106
 NBONA  =     882 NTHETA =    1172 NPHIA =    3598 NUMBND =      55
 NUMANG =     130 NPTRA  =     151 NATYP =      27 NPHB   =       0
 IFBOX  =       0 NMXRS  =      24 IFCAP =       0 NEXTRA =       0
 NCOPY  =       0

 Implicit solvent radii are ArgH and AspGluO modified Bondi2 radii (mbondi3)                                
 Replacing prmtop screening parameters with GBn2 (igb=8) values
--------------------------------------------------------------------------------
   2.  CONTROL  DATA  FOR  THE  RUN
--------------------------------------------------------------------------------

default_name                                                                    

General flags:
     imin    =       1, nmropt  =       0

Nature and format of input:
     ntx     =       1, irest   =       0, ntrx    =       1

Nature and format of output:
     ntxo    =       1, ntpr    =      10, ntrx    =       1, ntwr    =     100
     iwrap   =       0, ntwx    =       0, ntwv    =       0, ntwe    =       0
     ioutfm  =       0, ntwprt  =       0, idecomp =       0, rbornstat=      0

Potential function:
     ntf     =       1, ntb     =       0, igb     =       8, nsnb    =      25
     ipol    =       0, gbsa    =       3, iesp    =       0
     dielc   =   1.00000, cut     =1000.00000, intdiel =   1.00000
     saltcon =   0.00000, offset  =   0.19514, surften =   0.00700
     rdt     =   0.00000, rgbmax  =  25.00000  extdiel =  78.50000
     alpb  =        0
     gbalphaH  =   0.78844, gbbetaH   =   0.79870,  gbgammaH  =    0.43733
     gbalphaC  =   0.73376, gbbetaC   =   0.50638,  gbgammaC  =    0.20584
     gbalphaN  =   0.50336, gbbetaN   =   0.31683,  gbgammaN  =    0.19292
     gbalphaOS =   0.86781, gbbetaOS  =   0.87664,  gbgammaOS =    0.38788
     gbalphaP  =   1.00000, gbbetaP   =   0.80000,  gbgammaP  =    4.85000
     gb_alpha_hnu  =   0.53705, gb_beta_hnu   =   0.36286,  gb_gamma_hnu  =    0.11670
     gb_alpha_cnu  =   0.33167, gb_beta_cnu   =   0.19684,  gb_gamma_cnu  =    0.09342
     gb_alpha_nnu  =   0.68631, gb_beta_nnu   =   0.46319,  gb_gamma_nnu  =    0.13872
     gb_alpha_onu  =   0.60634, gb_beta_onu   =   0.46301,  gb_gamma_onu  =    0.14226
     gb_alpha_pnu  =   0.41836, gb_beta_pnu   =   0.29005,  gb_gamma_pnu  =    0.10642

Frozen or restrained atoms:
     ibelly  =       0, ntr     =       0

Energy minimization:
     maxcyc  =     100, ncyc    =      10, ntmin   =       1
     dx0     =   0.01000, drms    =   0.00010

| Intermolecular bonds treatment:
|     no_intermolecular_bonds =       1

| Energy averages sample interval:
|     ene_avg_sampling =       1

--------------------------------------------------------------------------------
   3.  ATOMIC COORDINATES AND VELOCITIES
--------------------------------------------------------------------------------

default_name                                                                    
 begin time read from input coords =     0.000 ps

 
 Number of triangulated 3-point waters found:        0
| Dynamic Memory, Types Used:
| Reals               47987
| Integers           203524

--------------------------------------------------------------------------------
   4.  RESULTS
--------------------------------------------------------------------------------



   NSTEP       ENERGY          RMS            GMAX         NAME    NUMBER
      1      -3.3593E+03     3.5284E+01     1.3632E+03     HG22     1738

 BOND    =       96.1679  ANGLE   =      531.4988  DIHED      =     1506.8448
 VDWAALS =     -382.1957  EEL     =    -6042.7525  EGB        =    -2618.1706
 1-4 VDW =      513.8210  1-4 EEL =     3005.3187  RESTRAINT  =        0.0000
 ESURF   =       30.1191


   NSTEP       ENERGY          RMS            GMAX         NAME    NUMBER
     10      -3.6884E+03     1.1448E+01     1.6366E+02     HD1      1629

 BOND    =       75.7444  ANGLE   =      486.1443  DIHED      =     1485.5843
 VDWAALS =     -564.4346  EEL     =    -6049.4926  EGB        =    -2621.8023
 1-4 VDW =      465.9005  1-4 EEL =     3003.8740  RESTRAINT  =        0.0000
 ESURF   =       30.1136


   NSTEP       ENERGY          RMS            GMAX         NAME    NUMBER
     20      -4.3572E+03     5.4711E+00     8.1706E+01     N        1749

 BOND    =       81.4650  ANGLE   =      334.9750  DIHED      =     1357.8426
 VDWAALS =     -750.5247  EEL     =    -6096.0761  EGB        =    -2672.2233
 1-4 VDW =      388.7439  1-4 EEL =     2968.2010  RESTRAINT  =        0.0000
 ESURF   =       30.4052


   NSTEP       ENERGY          RMS            GMAX         NAME    NUMBER
     30      -4.5345E+03     4.2636E+00     4.7842E+01     CD        480

 BOND    =       96.4369  ANGLE   =      286.0525  DIHED      =     1334.7829
 VDWAALS =     -796.0243  EEL     =    -6095.9834  EGB        =    -2691.3166
 1-4 VDW =      365.1492  1-4 EEL =     2935.4339  RESTRAINT  =        0.0000
 ESURF   =       30.9874


   NSTEP       ENERGY          RMS            GMAX         NAME    NUMBER
     40      -4.6566E+03     2.8861E+00     3.2579E+01     CD2      1128

 BOND    =       75.0422  ANGLE   =      246.8014  DIHED      =     1310.9469
 VDWAALS =     -812.7653  EEL     =    -6130.1564  EGB        =    -2694.2628
 1-4 VDW =      361.9404  1-4 EEL =     2954.2494  RESTRAINT  =        0.0000
 ESURF   =       31.5731


   NSTEP       ENERGY          RMS            GMAX         NAME    NUMBER
     50      -4.7972E+03     2.4944E+00     3.0719E+01     CG       1226

 BOND    =       85.0307  ANGLE   =      247.4878  DIHED      =     1286.2159
 VDWAALS =     -849.5517  EEL     =    -6162.3449  EGB        =    -2705.8225
 1-4 VDW =      341.0752  1-4 EEL =     2927.4871  RESTRAINT  =        0.0000
 ESURF   =       33.2013


   NSTEP       ENERGY          RMS            GMAX         NAME    NUMBER
     60      -4.8243E+03     1.6579E+00     2.2332E+01     CG       1226

 BOND    =       77.6568  ANGLE   =      246.4818  DIHED      =     1283.7257
 VDWAALS =     -859.3445  EEL     =    -6159.5729  EGB        =    -2707.0106
 1-4 VDW =      341.0313  1-4 EEL =     2919.5100  RESTRAINT  =        0.0000
 ESURF   =       33.2618


   NSTEP       ENERGY          RMS            GMAX         NAME    NUMBER
     70      -4.8599E+03     1.5408E+00     1.9779E+01     CG2      1736

 BOND    =       83.9646  ANGLE   =      235.7846  DIHED      =     1276.8118
 VDWAALS =     -865.4985  EEL     =    -6170.4892  EGB        =    -2703.8876
 1-4 VDW =      334.6844  1-4 EEL =     2915.0727  RESTRAINT  =        0.0000
 ESURF   =       33.6409


   NSTEP       ENERGY          RMS            GMAX         NAME    NUMBER
     80      -4.8772E+03     1.4550E+00     2.3260E+01     CD       1348

 BOND    =       81.2517  ANGLE   =      237.9903  DIHED      =     1273.6392
 VDWAALS =     -869.8250  EEL     =    -6181.4736  EGB        =    -2701.6478
 1-4 VDW =      335.0213  1-4 EEL =     2913.9661  RESTRAINT  =        0.0000
 ESURF   =       33.8823


   NSTEP       ENERGY          RMS            GMAX         NAME    NUMBER
     90      -4.9000E+03     1.0078E+00     1.6220E+01     HG22     1738

 BOND    =       75.1629  ANGLE   =      231.1574  DIHED      =     1267.9340
 VDWAALS =     -869.8925  EEL     =    -6190.1754  EGB        =    -2700.5450
 1-4 VDW =      334.5439  1-4 EEL =     2917.7132  RESTRAINT  =        0.0000
 ESURF   =       34.1120


   NSTEP       ENERGY          RMS            GMAX         NAME    NUMBER
    100      -4.9261E+03     1.1941E+00     9.2157E+00     HA        265

 BOND    =       79.7976  ANGLE   =      234.4822  DIHED      =     1260.8361
 VDWAALS =     -872.0539  EEL     =    -6208.7052  EGB        =    -2700.2948
 1-4 VDW =      331.9700  1-4 EEL =     2913.1205  RESTRAINT  =        0.0000
 ESURF   =       34.7016


  Maximum number of minimization cycles reached.


                    FINAL RESULTS



   NSTEP       ENERGY          RMS            GMAX         NAME    NUMBER
    100      -4.9261E+03     1.1941E+00     9.2157E+00     HA        265

 BOND    =       79.7976  ANGLE   =      234.4822  DIHED      =     1260.8361
 VDWAALS =     -872.0539  EEL     =    -6208.7052  EGB        =    -2700.2948
 1-4 VDW =      331.9700  1-4 EEL =     2913.1205  RESTRAINT  =        0.0000
 ESURF   =       34.7016
--------------------------------------------------------------------------------
   5.  TIMINGS
--------------------------------------------------------------------------------

|  NonSetup CPU Time in Major Routines:
|
|     Routine           Sec        %
|     ------------------------------
|     Nonbond          11.07   98.81
|     Bond              0.00    0.02
|     Angle             0.02    0.17
|     Dihedral          0.11    0.94
|     Shake             0.00    0.00
|     Other             0.01    0.06
|     ------------------------------
|     Total            11.20

|  Generalized Born CPU Time:
|
|     Routine                 Sec        %
|     ------------------------------------
|     Radii Calc              2.53   22.56
|     Diagonal Calc           4.75   42.42
|     Off Diagonal Calc       3.78   33.76
|     GBSA LCPO Calc          0.00    0.00
|     ---------------------------------
|     Total                  11.06   98.75

|  Setup CPU time:            0.02 seconds
|  NonSetup CPU time:        11.20 seconds
|  Total CPU time:           11.22 seconds     0.00 hours

|  Setup wall time:           0    seconds
|  NonSetup wall time:       11    seconds
|  Total wall time:          11    seconds     0.00 hours
