
          -------------------------------------------------------
          Amber 22 PMEMD                              2022
          -------------------------------------------------------

| PMEMD implementation of SANDER, Release 22

|  Compiled date/time: Thu Apr 14 23:36:37 2022
| Run on 12/28/2023 at 22:56:59

|   Executable path: pmemd
| Working directory: /home/arul/Reegina/MD_Sim/sample/1CBI_info
|          Hostname: Unknown
  [-O]verwriting output

File Assignments:
|   MDIN: eq1.in                                                                
|  MDOUT: eq1.out                                                               
| INPCRD: heat.rst7                                                             
|   PARM: 1CBI.hmass.parm7                                                      
| RESTRT: eq1.rst7                                                              
|   REFC: heat.rst7                                                             
|  MDVEL: mdvel                                                                 
|   MDEN: mden                                                                  
|  MDCRD: eq1.crd                                                               
| MDINFO: eq1.info                                                              
|  MDFRC: mdfrc                                                                 


 Here is the input file:

&cntrl                                                                         
   ntx = 5,                                                                    
                                                                               
   ntwx = 5000, ntwe = 0, ntwr = 500,                                          
   ntpr = 5000,                                                                
                                                                               
   ioutfm=0, ntxo=1,                                                           
                                                                               
   imin = 0, nstlim = 125000, dt = 0.002,                                      
                                                                               
   ntt = 3, gamma_ln=1.0, temp0 = 300.0,                                       
   nscm = 1000, ig = -1, irest = 1,                                            
                                                                               
   ntc= 2, ntf = 2, cut = 1000,                                                
                                                                               
   igb=8, gbsa=3, surften=0.007, ntb = 0,                                      
   saltcon=0.,                                                                 
                                                                               
   ntr=1, restraintmask="@CA,N,C,O",                                           
   restraint_wt=1.0,                                                           
 /                                                                             


Note: ig = -1. Setting random seed to   838865 based on wallclock time in 
      microseconds.
| irandom = 1, using AMBER's internal random number generator (default).
 
| Conditional Compilation Defines Used:
| PUBFFT
| BINTRAJ
| EMIL

| New format PARM file being parsed.
| Version =    1.000 Date = 12/04/23 Time = 16:32:07

| Note: 1-4 EEL scale factors are being read from the topology file.

| Note: 1-4 VDW scale factors are being read from the topology file.
| INFO:    Reading atomic numbers from topology file.
| Duplicated    0 dihedrals

| Duplicated    0 dihedrals

--------------------------------------------------------------------------------
   1.  RESOURCE   USE: 
--------------------------------------------------------------------------------

 NATOM  =    4308 NTYPES =      14 NBONH =    2134 MBONA  =    2214
 NTHETH =    4848 MTHETA =    2994 NPHIH =    9982 MPHIA  =    9428
 NHPARM =       0 NPARM  =       0 NNB   =   23758 NRES   =     272
 NBONA  =    2214 NTHETA =    2994 NPHIA =    9428 NUMBND =      66
 NUMANG =     158 NPTRA  =     190 NATYP =      32 NPHB   =       0
 IFBOX  =       0 NMXRS  =      24 IFCAP =       0 NEXTRA =       0
 NCOPY  =       0

 Implicit solvent radii are ArgH and AspGluO modified Bondi2 radii (mbondi3)                                
 Replacing prmtop screening parameters with GBn2 (igb=8) values
--------------------------------------------------------------------------------
   2.  CONTROL  DATA  FOR  THE  RUN
--------------------------------------------------------------------------------

default_name                                                                    

General flags:
     imin    =       0, nmropt  =       0

Nature and format of input:
     ntx     =       5, irest   =       1, ntrx    =       1

Nature and format of output:
     ntxo    =       1, ntpr    =    5000, ntrx    =       1, ntwr    =     500
     iwrap   =       0, ntwx    =    5000, ntwv    =       0, ntwe    =       0
     ioutfm  =       0, ntwprt  =       0, idecomp =       0, rbornstat=      0

Potential function:
     ntf     =       2, ntb     =       0, igb     =       8, nsnb    =      25
     ipol    =       0, gbsa    =       3, iesp    =       0
     dielc   =   1.00000, cut     =1000.00000, intdiel =   1.00000
     saltcon =   0.00000, offset  =   0.19514, surften =   0.00700
     rdt     =   0.00000, rgbmax  =  25.00000  extdiel =  78.50000
     alpb  =        0
     gbalphaH  =   0.78844, gbbetaH   =   0.79870,  gbgammaH  =    0.43733
     gbalphaC  =   0.73376, gbbetaC   =   0.50638,  gbgammaC  =    0.20584
     gbalphaN  =   0.50336, gbbetaN   =   0.31683,  gbgammaN  =    0.19292
     gbalphaOS =   0.86781, gbbetaOS  =   0.87664,  gbgammaOS =    0.38788
     gbalphaP  =   1.00000, gbbetaP   =   0.80000,  gbgammaP  =    4.85000
     gb_alpha_hnu  =   0.53705, gb_beta_hnu   =   0.36286,  gb_gamma_hnu  =    0.11670
     gb_alpha_cnu  =   0.33167, gb_beta_cnu   =   0.19684,  gb_gamma_cnu  =    0.09342
     gb_alpha_nnu  =   0.68631, gb_beta_nnu   =   0.46319,  gb_gamma_nnu  =    0.13872
     gb_alpha_onu  =   0.60634, gb_beta_onu   =   0.46301,  gb_gamma_onu  =    0.14226
     gb_alpha_pnu  =   0.41836, gb_beta_pnu   =   0.29005,  gb_gamma_pnu  =    0.10642

Frozen or restrained atoms:
     ibelly  =       0, ntr     =       1
     restraint_wt =   1.00000

Molecular dynamics:
     nstlim  =    125000, nscm    =         0, nrespa  =         1
     t       =   0.00000, dt      =   0.00200, vlimit  =  20.00000

Langevin dynamics temperature regulation:
     ig      =  838865
     temp0   = 300.00000, tempi   =   0.00000, gamma_ln=   1.00000

SHAKE:
     ntc     =       2, jfastw  =       0
     tol     =   0.00001

| Intermolecular bonds treatment:
|     no_intermolecular_bonds =       1

| Energy averages sample interval:
|     ene_avg_sampling =    5000

    LOADING THE CONSTRAINED ATOMS AS GROUPS


   5.  REFERENCE ATOM COORDINATES

  default_name                                                                    
     Mask @CA,N,C,O; matches  1088 atoms

--------------------------------------------------------------------------------
   3.  ATOMIC COORDINATES AND VELOCITIES
--------------------------------------------------------------------------------

default_name                                                                    
 begin time read from input coords =  1000.000 ps

 
 Number of triangulated 3-point waters found:        0
| Dynamic Memory, Types Used:
| Reals              146845
| Integers           515586

--------------------------------------------------------------------------------
   4.  RESULTS
--------------------------------------------------------------------------------


 NSTEP =     5000   TIME(PS) =    1010.000  TEMP(K) =   309.09  PRESS =     0.0
 Etot   =     -4506.9218  EKtot   =      3313.6996  EPtot      =     -7820.6214
 BOND   =       851.8897  ANGLE   =      2137.6620  DIHED      =      3453.5287
 1-4 NB =       930.2404  1-4 EEL =     10291.8974  VDWAALS    =     -2072.9437
 EELEC  =    -18945.7315  EGB     =     -4686.2389  RESTRAINT  =       124.5979
 EAMBER (non-restraint)  =     -7945.2193
 ESURF=        94.4766
 ------------------------------------------------------------------------------


 NSTEP =    10000   TIME(PS) =    1020.000  TEMP(K) =   303.37  PRESS =     0.0
 Etot   =     -4607.3237  EKtot   =      3252.4059  EPtot      =     -7859.7296
 BOND   =       814.4211  ANGLE   =      2145.6976  DIHED      =      3412.4584
 1-4 NB =       934.3583  1-4 EEL =     10389.7502  VDWAALS    =     -2090.5248
 EELEC  =    -18943.5858  EGB     =     -4741.5438  RESTRAINT  =       125.9797
 EAMBER (non-restraint)  =     -7985.7093
 ESURF=        93.2595
 ------------------------------------------------------------------------------


 NSTEP =    15000   TIME(PS) =    1030.000  TEMP(K) =   293.80  PRESS =     0.0
 Etot   =     -4803.6617  EKtot   =      3149.7625  EPtot      =     -7953.4242
 BOND   =       825.0539  ANGLE   =      2106.9042  DIHED      =      3393.4588
 1-4 NB =       921.6646  1-4 EEL =     10280.6714  VDWAALS    =     -2064.2025
 EELEC  =    -18949.6979  EGB     =     -4683.2082  RESTRAINT  =       120.7460
 EAMBER (non-restraint)  =     -8074.1702
 ESURF=        95.1855
 ------------------------------------------------------------------------------


 NSTEP =    20000   TIME(PS) =    1040.000  TEMP(K) =   301.12  PRESS =     0.0
 Etot   =     -4610.3279  EKtot   =      3228.2788  EPtot      =     -7838.6067
 BOND   =       843.5083  ANGLE   =      2169.6347  DIHED      =      3431.9218
 1-4 NB =       932.2383  1-4 EEL =     10326.1028  VDWAALS    =     -2072.9030
 EELEC  =    -18872.0972  EGB     =     -4802.0696  RESTRAINT  =       110.2816
 EAMBER (non-restraint)  =     -7948.8882
 ESURF=        94.7756
 ------------------------------------------------------------------------------


 NSTEP =    25000   TIME(PS) =    1050.000  TEMP(K) =   297.70  PRESS =     0.0
 Etot   =     -4747.3448  EKtot   =      3191.6294  EPtot      =     -7938.9742
 BOND   =       815.0873  ANGLE   =      2120.2027  DIHED      =      3388.5942
 1-4 NB =       913.0523  1-4 EEL =     10273.1488  VDWAALS    =     -2100.0804
 EELEC  =    -18744.6340  EGB     =     -4828.4417  RESTRAINT  =       129.0333
 EAMBER (non-restraint)  =     -8068.0075
 ESURF=        95.0633
 ------------------------------------------------------------------------------


 NSTEP =    30000   TIME(PS) =    1060.000  TEMP(K) =   291.74  PRESS =     0.0
 Etot   =     -4751.5634  EKtot   =      3127.7472  EPtot      =     -7879.3106
 BOND   =       845.5384  ANGLE   =      2104.7123  DIHED      =      3421.0256
 1-4 NB =       933.5134  1-4 EEL =     10371.6225  VDWAALS    =     -2095.2607
 EELEC  =    -18913.8864  EGB     =     -4768.3362  RESTRAINT  =       127.1062
 EAMBER (non-restraint)  =     -8006.4168
 ESURF=        94.6543
 ------------------------------------------------------------------------------


 NSTEP =    35000   TIME(PS) =    1070.000  TEMP(K) =   300.55  PRESS =     0.0
 Etot   =     -4647.9397  EKtot   =      3222.1715  EPtot      =     -7870.1112
 BOND   =       863.8688  ANGLE   =      2103.0908  DIHED      =      3410.6071
 1-4 NB =       923.3466  1-4 EEL =     10280.6102  VDWAALS    =     -2115.5477
 EELEC  =    -18765.6935  EGB     =     -4808.6167  RESTRAINT  =       140.8995
 EAMBER (non-restraint)  =     -8011.0107
 ESURF=        97.3236
 ------------------------------------------------------------------------------


 NSTEP =    40000   TIME(PS) =    1080.000  TEMP(K) =   300.16  PRESS =     0.0
 Etot   =     -4755.1427  EKtot   =      3217.9581  EPtot      =     -7973.1008
 BOND   =       852.9079  ANGLE   =      2088.0212  DIHED      =      3397.7061
 1-4 NB =       916.7339  1-4 EEL =     10303.9805  VDWAALS    =     -2084.3959
 EELEC  =    -18832.0537  EGB     =     -4836.2581  RESTRAINT  =       122.7631
 EAMBER (non-restraint)  =     -8095.8639
 ESURF=        97.4943
 ------------------------------------------------------------------------------


 NSTEP =    45000   TIME(PS) =    1090.000  TEMP(K) =   304.30  PRESS =     0.0
 Etot   =     -4627.9902  EKtot   =      3262.3309  EPtot      =     -7890.3211
 BOND   =       854.9939  ANGLE   =      2138.3782  DIHED      =      3422.2900
 1-4 NB =       909.8761  1-4 EEL =     10305.3230  VDWAALS    =     -2083.8307
 EELEC  =    -18836.7361  EGB     =     -4821.8749  RESTRAINT  =       126.3789
 EAMBER (non-restraint)  =     -8016.7000
 ESURF=        94.8805
 ------------------------------------------------------------------------------


 NSTEP =    50000   TIME(PS) =    1100.000  TEMP(K) =   295.46  PRESS =     0.0
 Etot   =     -4693.7919  EKtot   =      3167.5777  EPtot      =     -7861.3696
 BOND   =       870.4423  ANGLE   =      2166.1519  DIHED      =      3380.0256
 1-4 NB =       929.1858  1-4 EEL =     10335.5146  VDWAALS    =     -2129.8653
 EELEC  =    -18832.1218  EGB     =     -4793.4219  RESTRAINT  =       120.1736
 EAMBER (non-restraint)  =     -7981.5432
 ESURF=        92.5455
 ------------------------------------------------------------------------------


 NSTEP =    55000   TIME(PS) =    1110.000  TEMP(K) =   299.09  PRESS =     0.0
 Etot   =     -4665.0028  EKtot   =      3206.5500  EPtot      =     -7871.5528
 BOND   =       900.6556  ANGLE   =      2110.7069  DIHED      =      3398.1555
 1-4 NB =       927.1223  1-4 EEL =     10343.7405  VDWAALS    =     -2068.4322
 EELEC  =    -18884.5656  EGB     =     -4819.7258  RESTRAINT  =       125.9442
 EAMBER (non-restraint)  =     -7997.4969
 ESURF=        94.8459
 ------------------------------------------------------------------------------


 NSTEP =    60000   TIME(PS) =    1120.000  TEMP(K) =   298.98  PRESS =     0.0
 Etot   =     -4664.3437  EKtot   =      3205.3049  EPtot      =     -7869.6486
 BOND   =       866.7379  ANGLE   =      2138.2840  DIHED      =      3388.2628
 1-4 NB =       932.7818  1-4 EEL =     10298.0426  VDWAALS    =     -2077.5887
 EELEC  =    -18825.4217  EGB     =     -4799.4899  RESTRAINT  =       112.1235
 EAMBER (non-restraint)  =     -7981.7721
 ESURF=        96.6191
 ------------------------------------------------------------------------------


 NSTEP =    65000   TIME(PS) =    1130.000  TEMP(K) =   301.69  PRESS =     0.0
 Etot   =     -4594.9624  EKtot   =      3234.3659  EPtot      =     -7829.3283
 BOND   =       845.2020  ANGLE   =      2198.3313  DIHED      =      3413.1167
 1-4 NB =       930.7275  1-4 EEL =     10328.1118  VDWAALS    =     -2082.4560
 EELEC  =    -19031.5912  EGB     =     -4637.5932  RESTRAINT  =       114.8061
 EAMBER (non-restraint)  =     -7944.1345
 ESURF=        92.0166
 ------------------------------------------------------------------------------


 NSTEP =    70000   TIME(PS) =    1140.000  TEMP(K) =   305.62  PRESS =     0.0
 Etot   =     -4596.2065  EKtot   =      3276.5204  EPtot      =     -7872.7269
 BOND   =       860.0071  ANGLE   =      2109.7052  DIHED      =      3388.1585
 1-4 NB =       937.4260  1-4 EEL =     10319.1753  VDWAALS    =     -2072.1053
 EELEC  =    -18800.8099  EGB     =     -4839.5028  RESTRAINT  =       127.5418
 EAMBER (non-restraint)  =     -8000.2687
 ESURF=        97.6772
 ------------------------------------------------------------------------------


 NSTEP =    75000   TIME(PS) =    1150.000  TEMP(K) =   302.81  PRESS =     0.0
 Etot   =     -4623.7478  EKtot   =      3246.3856  EPtot      =     -7870.1334
 BOND   =       859.7160  ANGLE   =      2117.6645  DIHED      =      3420.6456
 1-4 NB =       934.7637  1-4 EEL =     10309.5672  VDWAALS    =     -2110.4168
 EELEC  =    -18690.1352  EGB     =     -4932.5149  RESTRAINT  =       125.8190
 EAMBER (non-restraint)  =     -7995.9524
 ESURF=        94.7574
 ------------------------------------------------------------------------------


 NSTEP =    80000   TIME(PS) =    1160.000  TEMP(K) =   306.36  PRESS =     0.0
 Etot   =     -4550.5380  EKtot   =      3284.4298  EPtot      =     -7834.9678
 BOND   =       809.7517  ANGLE   =      2157.0964  DIHED      =      3404.2872
 1-4 NB =       955.1604  1-4 EEL =     10345.8158  VDWAALS    =     -2102.0501
 EELEC  =    -18701.0094  EGB     =     -4931.4423  RESTRAINT  =       132.4955
 EAMBER (non-restraint)  =     -7967.4634
 ESURF=        94.9269
 ------------------------------------------------------------------------------


 NSTEP =    85000   TIME(PS) =    1170.000  TEMP(K) =   304.57  PRESS =     0.0
 Etot   =     -4585.2002  EKtot   =      3265.2391  EPtot      =     -7850.4393
 BOND   =       858.7873  ANGLE   =      2142.9820  DIHED      =      3405.8880
 1-4 NB =       918.3951  1-4 EEL =     10382.7974  VDWAALS    =     -2082.0165
 EELEC  =    -18812.1109  EGB     =     -4877.0444  RESTRAINT  =       118.3134
 EAMBER (non-restraint)  =     -7968.7527
 ESURF=        93.5694
 ------------------------------------------------------------------------------


 NSTEP =    90000   TIME(PS) =    1180.000  TEMP(K) =   302.86  PRESS =     0.0
 Etot   =     -4669.2265  EKtot   =      3246.8792  EPtot      =     -7916.1057
 BOND   =       806.7832  ANGLE   =      2141.2578  DIHED      =      3432.4041
 1-4 NB =       954.7675  1-4 EEL =     10283.1926  VDWAALS    =     -2084.5651
 EELEC  =    -18775.2292  EGB     =     -4881.8645  RESTRAINT  =       113.8787
 EAMBER (non-restraint)  =     -8029.9844
 ESURF=        93.2691
 ------------------------------------------------------------------------------


 NSTEP =    95000   TIME(PS) =    1190.000  TEMP(K) =   300.09  PRESS =     0.0
 Etot   =     -4693.8205  EKtot   =      3217.2769  EPtot      =     -7911.0974
 BOND   =       827.5864  ANGLE   =      2129.9448  DIHED      =      3398.5384
 1-4 NB =       935.1538  1-4 EEL =     10290.3271  VDWAALS    =     -2073.0786
 EELEC  =    -18747.2658  EGB     =     -4871.3082  RESTRAINT  =       104.4851
 EAMBER (non-restraint)  =     -8015.5825
 ESURF=        94.5196
 ------------------------------------------------------------------------------


 NSTEP =   100000   TIME(PS) =    1200.000  TEMP(K) =   301.78  PRESS =     0.0
 Etot   =     -4670.1353  EKtot   =      3235.3559  EPtot      =     -7905.4913
 BOND   =       828.8520  ANGLE   =      2150.3805  DIHED      =      3390.0331
 1-4 NB =       938.7145  1-4 EEL =     10220.4416  VDWAALS    =     -2097.8609
 EELEC  =    -18611.4126  EGB     =     -4940.3469  RESTRAINT  =       121.1187
 EAMBER (non-restraint)  =     -8026.6100
 ESURF=        94.5886
 ------------------------------------------------------------------------------


 NSTEP =   105000   TIME(PS) =    1210.000  TEMP(K) =   304.10  PRESS =     0.0
 Etot   =     -4559.4608  EKtot   =      3260.1908  EPtot      =     -7819.6515
 BOND   =       868.5354  ANGLE   =      2166.7966  DIHED      =      3434.1146
 1-4 NB =       928.3190  1-4 EEL =     10269.9774  VDWAALS    =     -2087.0270
 EELEC  =    -18835.2164  EGB     =     -4785.2991  RESTRAINT  =       123.4470
 EAMBER (non-restraint)  =     -7943.0985
 ESURF=        96.7010
 ------------------------------------------------------------------------------


 NSTEP =   110000   TIME(PS) =    1220.000  TEMP(K) =   315.38  PRESS =     0.0
 Etot   =     -4529.9643  EKtot   =      3381.1771  EPtot      =     -7911.1415
 BOND   =       846.8241  ANGLE   =      2122.0110  DIHED      =      3399.3236
 1-4 NB =       934.3892  1-4 EEL =     10246.1084  VDWAALS    =     -2066.4608
 EELEC  =    -18928.3208  EGB     =     -4687.4996  RESTRAINT  =       128.0489
 EAMBER (non-restraint)  =     -8039.1904
 ESURF=        94.4346
 ------------------------------------------------------------------------------


 NSTEP =   115000   TIME(PS) =    1230.000  TEMP(K) =   300.44  PRESS =     0.0
 Etot   =     -4616.6532  EKtot   =      3220.9939  EPtot      =     -7837.6471
 BOND   =       836.6734  ANGLE   =      2171.3761  DIHED      =      3427.0252
 1-4 NB =       947.0380  1-4 EEL =     10314.4219  VDWAALS    =     -2117.6730
 EELEC  =    -18913.0215  EGB     =     -4719.0986  RESTRAINT  =       123.2885
 EAMBER (non-restraint)  =     -7960.9356
 ESURF=        92.3231
 ------------------------------------------------------------------------------


 NSTEP =   120000   TIME(PS) =    1240.000  TEMP(K) =   302.82  PRESS =     0.0
 Etot   =     -4599.9439  EKtot   =      3246.4834  EPtot      =     -7846.4274
 BOND   =       845.4454  ANGLE   =      2173.2600  DIHED      =      3406.9408
 1-4 NB =       931.9738  1-4 EEL =     10368.2625  VDWAALS    =     -2094.0933
 EELEC  =    -18920.0917  EGB     =     -4772.1960  RESTRAINT  =       123.2147
 EAMBER (non-restraint)  =     -7969.6421
 ESURF=        90.8564
 ------------------------------------------------------------------------------


 NSTEP =   125000   TIME(PS) =    1250.000  TEMP(K) =   300.95  PRESS =     0.0
 Etot   =     -4661.3498  EKtot   =      3226.4015  EPtot      =     -7887.7513
 BOND   =       837.9845  ANGLE   =      2156.9459  DIHED      =      3392.6518
 1-4 NB =       925.1107  1-4 EEL =     10351.0680  VDWAALS    =     -2083.9861
 EELEC  =    -19039.6377  EGB     =     -4646.9636  RESTRAINT  =       125.2778
 EAMBER (non-restraint)  =     -8013.0290
 ESURF=        93.7974
 ------------------------------------------------------------------------------


      A V E R A G E S   O V E R      25 S T E P S


 NSTEP =   125000   TIME(PS) =    1250.000  TEMP(K) =   301.79  PRESS =     0.0
 Etot   =     -4641.3025  EKtot   =      3235.4846  EPtot      =     -7876.7872
 BOND   =       845.4901  ANGLE   =      2138.6879  DIHED      =      3408.4465
 1-4 NB =       931.0421  1-4 EEL =     10313.1869  VDWAALS    =     -2088.3746
 EELEC  =    -18846.0831  EGB     =     -4796.4760  RESTRAINT  =       122.7105
 EAMBER (non-restraint)  =     -7999.4977
 ESURF=        94.5824
 ------------------------------------------------------------------------------


      R M S  F L U C T U A T I O N S


 NSTEP =   125000   TIME(PS) =    1250.000  TEMP(K) =     4.67  PRESS =     0.0
 Etot   =        71.8393  EKtot   =        50.0783  EPtot      =        39.8959
 BOND   =        21.5243  ANGLE   =        26.8087  DIHED      =        17.8500
 1-4 NB =        10.7890  1-4 EEL =        41.2158  VDWAALS    =        16.7393
 EELEC  =       102.3189  EGB     =        84.2873  RESTRAINT  =         7.3882
 EAMBER (non-restraint)  =        32.5076
 ESURF=         1.6736
 ------------------------------------------------------------------------------

--------------------------------------------------------------------------------
   5.  TIMINGS
--------------------------------------------------------------------------------

|  NonSetup CPU Time in Major Routines:
|
|     Routine           Sec        %
|     ------------------------------
|     Nonbond       69033.44   99.23
|     Bond              3.60    0.01
|     Angle            61.30    0.09
|     Dihedral        360.68    0.52
|     Shake            16.69    0.02
|     RunMD            95.01    0.14
|     Other             0.10    0.00
|     ------------------------------
|     Total         69570.82

|  Generalized Born CPU Time:
|
|     Routine                 Sec        %
|     ------------------------------------
|     Radii Calc          13523.16   19.44
|     Diagonal Calc       25389.74   36.49
|     Off Diagonal Calc   30096.46   43.26
|     GBSA LCPO Calc          0.08    0.00
|     ---------------------------------
|     Total               69009.36   99.19

|  Final Performance Info:
|     -----------------------------------------------------
|     Average timings for last       1 steps:
|     Elapsed(s) =       0.00 Per Step(ms) =       0.11
|         ns/day =    1502.74   seconds/ns =      57.50
|
|     Average timings for all steps:
|     Elapsed(s) =   83706.36 Per Step(ms) =     669.65
|         ns/day =       0.26   seconds/ns =  334825.44
|     -----------------------------------------------------

|  Setup CPU time:            0.06 seconds
|  NonSetup CPU time:     69570.82 seconds
|  Total CPU time:        69570.88 seconds    19.33 hours

|  Setup wall time:           0    seconds
|  NonSetup wall time:    83706    seconds
|  Total wall time:       83706    seconds    23.25 hours
