
          -------------------------------------------------------
          Amber 22 PMEMD                              2022
          -------------------------------------------------------

| PMEMD implementation of SANDER, Release 22

|  Compiled date/time: Thu Apr 14 23:36:37 2022
| Run on 12/29/2023 at 23:34:40

|   Executable path: pmemd
| Working directory: /home/arul/Reegina/MD_Sim/sample/1CBI_info
|          Hostname: Unknown
  [-O]verwriting output

File Assignments:
|   MDIN: eq2.in                                                                
|  MDOUT: eq2.out                                                               
| INPCRD: eq1.rst7                                                              
|   PARM: 1CBI.hmass.parm7                                                      
| RESTRT: eq2.rst7                                                              
|   REFC: eq1.rst7                                                              
|  MDVEL: mdvel                                                                 
|   MDEN: mden                                                                  
|  MDCRD: eq2.crd                                                               
| MDINFO: eq2.info                                                              
|  MDFRC: mdfrc                                                                 


 Here is the input file:

&cntrl                                                                         
   ntx = 5,                                                                    
   ntwx = 5000, ntwe = 0, ntwr = 500,                                          
   ntpr = 5000,                                                                
                                                                               
   ioutfm=0, ntxo=1,                                                           
                                                                               
   imin = 0, nstlim = 125000, dt = 0.002,                                      
                                                                               
   ntt = 3, gamma_ln=1., temp0 = 300.0,                                        
   nscm = 1000, ig = -1, irest = 1,                                            
                                                                               
   ntc= 2, ntf = 2, cut = 1000,                                                
                                                                               
   igb=8, gbsa=3, surften=0.007, ntb = 0,                                      
   saltcon=0.,                                                                 
                                                                               
   ntr=1, restraintmask="@CA,N,C,O",                                           
   restraint_wt=0.1,                                                           
 /                                                                             


Note: ig = -1. Setting random seed to   888869 based on wallclock time in 
      microseconds.
| irandom = 1, using AMBER's internal random number generator (default).
 
| Conditional Compilation Defines Used:
| PUBFFT
| BINTRAJ
| EMIL

| New format PARM file being parsed.
| Version =    1.000 Date = 12/04/23 Time = 16:32:07

| Note: 1-4 EEL scale factors are being read from the topology file.

| Note: 1-4 VDW scale factors are being read from the topology file.
| INFO:    Reading atomic numbers from topology file.
| Duplicated    0 dihedrals

| Duplicated    0 dihedrals

--------------------------------------------------------------------------------
   1.  RESOURCE   USE: 
--------------------------------------------------------------------------------

 NATOM  =    4308 NTYPES =      14 NBONH =    2134 MBONA  =    2214
 NTHETH =    4848 MTHETA =    2994 NPHIH =    9982 MPHIA  =    9428
 NHPARM =       0 NPARM  =       0 NNB   =   23758 NRES   =     272
 NBONA  =    2214 NTHETA =    2994 NPHIA =    9428 NUMBND =      66
 NUMANG =     158 NPTRA  =     190 NATYP =      32 NPHB   =       0
 IFBOX  =       0 NMXRS  =      24 IFCAP =       0 NEXTRA =       0
 NCOPY  =       0

 Implicit solvent radii are ArgH and AspGluO modified Bondi2 radii (mbondi3)                                
 Replacing prmtop screening parameters with GBn2 (igb=8) values
--------------------------------------------------------------------------------
   2.  CONTROL  DATA  FOR  THE  RUN
--------------------------------------------------------------------------------

default_name                                                                    

General flags:
     imin    =       0, nmropt  =       0

Nature and format of input:
     ntx     =       5, irest   =       1, ntrx    =       1

Nature and format of output:
     ntxo    =       1, ntpr    =    5000, ntrx    =       1, ntwr    =     500
     iwrap   =       0, ntwx    =    5000, ntwv    =       0, ntwe    =       0
     ioutfm  =       0, ntwprt  =       0, idecomp =       0, rbornstat=      0

Potential function:
     ntf     =       2, ntb     =       0, igb     =       8, nsnb    =      25
     ipol    =       0, gbsa    =       3, iesp    =       0
     dielc   =   1.00000, cut     =1000.00000, intdiel =   1.00000
     saltcon =   0.00000, offset  =   0.19514, surften =   0.00700
     rdt     =   0.00000, rgbmax  =  25.00000  extdiel =  78.50000
     alpb  =        0
     gbalphaH  =   0.78844, gbbetaH   =   0.79870,  gbgammaH  =    0.43733
     gbalphaC  =   0.73376, gbbetaC   =   0.50638,  gbgammaC  =    0.20584
     gbalphaN  =   0.50336, gbbetaN   =   0.31683,  gbgammaN  =    0.19292
     gbalphaOS =   0.86781, gbbetaOS  =   0.87664,  gbgammaOS =    0.38788
     gbalphaP  =   1.00000, gbbetaP   =   0.80000,  gbgammaP  =    4.85000
     gb_alpha_hnu  =   0.53705, gb_beta_hnu   =   0.36286,  gb_gamma_hnu  =    0.11670
     gb_alpha_cnu  =   0.33167, gb_beta_cnu   =   0.19684,  gb_gamma_cnu  =    0.09342
     gb_alpha_nnu  =   0.68631, gb_beta_nnu   =   0.46319,  gb_gamma_nnu  =    0.13872
     gb_alpha_onu  =   0.60634, gb_beta_onu   =   0.46301,  gb_gamma_onu  =    0.14226
     gb_alpha_pnu  =   0.41836, gb_beta_pnu   =   0.29005,  gb_gamma_pnu  =    0.10642

Frozen or restrained atoms:
     ibelly  =       0, ntr     =       1
     restraint_wt =   0.10000

Molecular dynamics:
     nstlim  =    125000, nscm    =         0, nrespa  =         1
     t       =   0.00000, dt      =   0.00200, vlimit  =  20.00000

Langevin dynamics temperature regulation:
     ig      =  888869
     temp0   = 300.00000, tempi   =   0.00000, gamma_ln=   1.00000

SHAKE:
     ntc     =       2, jfastw  =       0
     tol     =   0.00001

| Intermolecular bonds treatment:
|     no_intermolecular_bonds =       1

| Energy averages sample interval:
|     ene_avg_sampling =    5000

    LOADING THE CONSTRAINED ATOMS AS GROUPS


   5.  REFERENCE ATOM COORDINATES

  default_name                                                                    
     Mask @CA,N,C,O; matches  1088 atoms

--------------------------------------------------------------------------------
   3.  ATOMIC COORDINATES AND VELOCITIES
--------------------------------------------------------------------------------

default_name                                                                    
 begin time read from input coords =  1250.000 ps

 
 Number of triangulated 3-point waters found:        0
| Dynamic Memory, Types Used:
| Reals              146845
| Integers           515586

--------------------------------------------------------------------------------
   4.  RESULTS
--------------------------------------------------------------------------------


 NSTEP =     5000   TIME(PS) =    1260.000  TEMP(K) =   300.49  PRESS =     0.0
 Etot   =     -4666.3565  EKtot   =      3221.5155  EPtot      =     -7887.8720
 BOND   =       843.5789  ANGLE   =      2178.7220  DIHED      =      3410.1714
 1-4 NB =       935.8523  1-4 EEL =     10228.2335  VDWAALS    =     -2055.4412
 EELEC  =    -18734.2845  EGB     =     -4832.9662  RESTRAINT  =        38.8988
 EAMBER (non-restraint)  =     -7926.7708
 ESURF=        99.3630
 ------------------------------------------------------------------------------


 NSTEP =    10000   TIME(PS) =    1270.000  TEMP(K) =   301.31  PRESS =     0.0
 Etot   =     -4740.4828  EKtot   =      3230.2983  EPtot      =     -7970.7811
 BOND   =       858.4170  ANGLE   =      2090.5247  DIHED      =      3349.3755
 1-4 NB =       926.0614  1-4 EEL =     10226.5085  VDWAALS    =     -2032.0259
 EELEC  =    -18734.5122  EGB     =     -4801.0897  RESTRAINT  =        45.1183
 EAMBER (non-restraint)  =     -8015.8994
 ESURF=       100.8414
 ------------------------------------------------------------------------------


 NSTEP =    15000   TIME(PS) =    1280.000  TEMP(K) =   300.54  PRESS =     0.0
 Etot   =     -4759.3709  EKtot   =      3222.0090  EPtot      =     -7981.3798
 BOND   =       872.6635  ANGLE   =      2097.3374  DIHED      =      3355.2030
 1-4 NB =       920.3582  1-4 EEL =     10210.1175  VDWAALS    =     -2018.3103
 EELEC  =    -18674.9486  EGB     =     -4892.9331  RESTRAINT  =        44.9557
 EAMBER (non-restraint)  =     -8026.3356
 ESURF=       104.1769
 ------------------------------------------------------------------------------


 NSTEP =    20000   TIME(PS) =    1290.000  TEMP(K) =   295.33  PRESS =     0.0
 Etot   =     -4789.5907  EKtot   =      3166.1959  EPtot      =     -7955.7865
 BOND   =       849.2908  ANGLE   =      2149.6611  DIHED      =      3353.6450
 1-4 NB =       915.3363  1-4 EEL =     10245.2738  VDWAALS    =     -2032.6413
 EELEC  =    -18878.1066  EGB     =     -4705.7658  RESTRAINT  =        45.3505
 EAMBER (non-restraint)  =     -8001.1371
 ESURF=       102.1696
 ------------------------------------------------------------------------------


 NSTEP =    25000   TIME(PS) =    1300.000  TEMP(K) =   302.58  PRESS =     0.0
 Etot   =     -4796.3514  EKtot   =      3243.9760  EPtot      =     -8040.3274
 BOND   =       882.1812  ANGLE   =      2091.3005  DIHED      =      3338.7235
 1-4 NB =       906.4523  1-4 EEL =     10194.8537  VDWAALS    =     -2065.5100
 EELEC  =    -18754.2052  EGB     =     -4773.9074  RESTRAINT  =        38.2956
 EAMBER (non-restraint)  =     -8078.6230
 ESURF=       101.4884
 ------------------------------------------------------------------------------


 NSTEP =    30000   TIME(PS) =    1310.000  TEMP(K) =   304.31  PRESS =     0.0
 Etot   =     -4716.1024  EKtot   =      3262.4580  EPtot      =     -7978.5605
 BOND   =       843.3218  ANGLE   =      2145.1582  DIHED      =      3378.3042
 1-4 NB =       931.1554  1-4 EEL =     10205.6412  VDWAALS    =     -2023.5849
 EELEC  =    -18760.0166  EGB     =     -4849.9621  RESTRAINT  =        47.2193
 EAMBER (non-restraint)  =     -8025.7798
 ESURF=       104.2030
 ------------------------------------------------------------------------------


 NSTEP =    35000   TIME(PS) =    1320.000  TEMP(K) =   301.58  PRESS =     0.0
 Etot   =     -4775.5996  EKtot   =      3233.2548  EPtot      =     -8008.8544
 BOND   =       840.1100  ANGLE   =      2120.7785  DIHED      =      3365.2148
 1-4 NB =       902.3867  1-4 EEL =     10230.3550  VDWAALS    =     -2030.1238
 EELEC  =    -18803.2725  EGB     =     -4780.5187  RESTRAINT  =        41.4289
 EAMBER (non-restraint)  =     -8050.2833
 ESURF=       104.7867
 ------------------------------------------------------------------------------


 NSTEP =    40000   TIME(PS) =    1330.000  TEMP(K) =   303.45  PRESS =     0.0
 Etot   =     -4688.0196  EKtot   =      3253.2834  EPtot      =     -7941.3030
 BOND   =       871.7937  ANGLE   =      2124.4188  DIHED      =      3324.3834
 1-4 NB =       946.9110  1-4 EEL =     10194.9038  VDWAALS    =     -2024.5202
 EELEC  =    -18727.8905  EGB     =     -4803.3033  RESTRAINT  =        49.5757
 EAMBER (non-restraint)  =     -7990.8787
 ESURF=       102.4244
 ------------------------------------------------------------------------------


 NSTEP =    45000   TIME(PS) =    1340.000  TEMP(K) =   297.63  PRESS =     0.0
 Etot   =     -4718.0173  EKtot   =      3190.8342  EPtot      =     -7908.8515
 BOND   =       872.2815  ANGLE   =      2206.3989  DIHED      =      3371.5824
 1-4 NB =       918.4181  1-4 EEL =     10203.7790  VDWAALS    =     -2064.8235
 EELEC  =    -18781.4302  EGB     =     -4776.6899  RESTRAINT  =        42.4658
 EAMBER (non-restraint)  =     -7951.3173
 ESURF=        99.1665
 ------------------------------------------------------------------------------


 NSTEP =    50000   TIME(PS) =    1350.000  TEMP(K) =   303.71  PRESS =     0.0
 Etot   =     -4619.9562  EKtot   =      3255.9982  EPtot      =     -7875.9544
 BOND   =       864.7821  ANGLE   =      2196.7678  DIHED      =      3384.1463
 1-4 NB =       928.3311  1-4 EEL =     10215.4621  VDWAALS    =     -2061.6052
 EELEC  =    -18753.9893  EGB     =     -4791.5833  RESTRAINT  =        41.4294
 EAMBER (non-restraint)  =     -7917.3838
 ESURF=       100.3045
 ------------------------------------------------------------------------------


 NSTEP =    55000   TIME(PS) =    1360.000  TEMP(K) =   297.33  PRESS =     0.0
 Etot   =     -4732.6086  EKtot   =      3187.6682  EPtot      =     -7920.2769
 BOND   =       888.2766  ANGLE   =      2161.7539  DIHED      =      3341.9822
 1-4 NB =       890.8423  1-4 EEL =     10137.1691  VDWAALS    =     -2028.4398
 EELEC  =    -18709.5692  EGB     =     -4754.2841  RESTRAINT  =        48.1575
 EAMBER (non-restraint)  =     -7968.4343
 ESURF=       103.8347
 ------------------------------------------------------------------------------


 NSTEP =    60000   TIME(PS) =    1370.000  TEMP(K) =   297.10  PRESS =     0.0
 Etot   =     -4753.1264  EKtot   =      3185.1894  EPtot      =     -7938.3157
 BOND   =       820.9478  ANGLE   =      2178.0400  DIHED      =      3365.3238
 1-4 NB =       912.8859  1-4 EEL =     10207.5924  VDWAALS    =     -2048.5479
 EELEC  =    -18755.8985  EGB     =     -4762.1897  RESTRAINT  =        42.3914
 EAMBER (non-restraint)  =     -7980.7071
 ESURF=       101.1391
 ------------------------------------------------------------------------------


 NSTEP =    65000   TIME(PS) =    1380.000  TEMP(K) =   304.24  PRESS =     0.0
 Etot   =     -4665.5913  EKtot   =      3261.7734  EPtot      =     -7927.3647
 BOND   =       848.2379  ANGLE   =      2108.4808  DIHED      =      3381.9071
 1-4 NB =       937.3331  1-4 EEL =     10280.5773  VDWAALS    =     -2069.7948
 EELEC  =    -18647.3016  EGB     =     -4907.4653  RESTRAINT  =        37.6347
 EAMBER (non-restraint)  =     -7964.9994
 ESURF=       103.0261
 ------------------------------------------------------------------------------


 NSTEP =    70000   TIME(PS) =    1390.000  TEMP(K) =   299.41  PRESS =     0.0
 Etot   =     -4774.8166  EKtot   =      3209.9616  EPtot      =     -7984.7782
 BOND   =       843.9314  ANGLE   =      2139.0189  DIHED      =      3331.4163
 1-4 NB =       926.6797  1-4 EEL =     10216.4760  VDWAALS    =     -2051.8726
 EELEC  =    -18746.9281  EGB     =     -4789.1784  RESTRAINT  =        43.0618
 EAMBER (non-restraint)  =     -8027.8400
 ESURF=       102.6167
 ------------------------------------------------------------------------------


 NSTEP =    75000   TIME(PS) =    1400.000  TEMP(K) =   308.24  PRESS =     0.0
 Etot   =     -4592.4947  EKtot   =      3304.6550  EPtot      =     -7897.1498
 BOND   =       868.0770  ANGLE   =      2106.0419  DIHED      =      3373.6547
 1-4 NB =       923.0257  1-4 EEL =     10242.0087  VDWAALS    =     -2041.6198
 EELEC  =    -18555.3315  EGB     =     -4962.0151  RESTRAINT  =        43.6196
 EAMBER (non-restraint)  =     -7940.7694
 ESURF=       105.3889
 ------------------------------------------------------------------------------


 NSTEP =    80000   TIME(PS) =    1410.000  TEMP(K) =   299.96  PRESS =     0.0
 Etot   =     -4661.5538  EKtot   =      3215.8928  EPtot      =     -7877.4466
 BOND   =       828.3839  ANGLE   =      2226.7326  DIHED      =      3352.6797
 1-4 NB =       908.4056  1-4 EEL =     10200.3822  VDWAALS    =     -2041.0716
 EELEC  =    -18741.4133  EGB     =     -4759.4332  RESTRAINT  =        47.2645
 EAMBER (non-restraint)  =     -7924.7111
 ESURF=       100.6230
 ------------------------------------------------------------------------------


 NSTEP =    85000   TIME(PS) =    1420.000  TEMP(K) =   295.55  PRESS =     0.0
 Etot   =     -4767.4768  EKtot   =      3168.6009  EPtot      =     -7936.0777
 BOND   =       871.3475  ANGLE   =      2164.4856  DIHED      =      3361.7829
 1-4 NB =       915.5266  1-4 EEL =     10217.2164  VDWAALS    =     -2046.7335
 EELEC  =    -18747.1366  EGB     =     -4818.0689  RESTRAINT  =        43.5489
 EAMBER (non-restraint)  =     -7979.6266
 ESURF=       101.9535
 ------------------------------------------------------------------------------


 NSTEP =    90000   TIME(PS) =    1430.000  TEMP(K) =   306.32  PRESS =     0.0
 Etot   =     -4710.4939  EKtot   =      3283.9932  EPtot      =     -7994.4871
 BOND   =       855.0279  ANGLE   =      2104.9633  DIHED      =      3368.7686
 1-4 NB =       933.5573  1-4 EEL =     10236.2215  VDWAALS    =     -2077.0508
 EELEC  =    -18669.0729  EGB     =     -4895.0508  RESTRAINT  =        48.4771
 EAMBER (non-restraint)  =     -8042.9643
 ESURF=        99.6717
 ------------------------------------------------------------------------------


 NSTEP =    95000   TIME(PS) =    1440.000  TEMP(K) =   301.31  PRESS =     0.0
 Etot   =     -4730.8383  EKtot   =      3230.2888  EPtot      =     -7961.1272
 BOND   =       869.3039  ANGLE   =      2195.9953  DIHED      =      3346.5493
 1-4 NB =       903.4036  1-4 EEL =     10163.3065  VDWAALS    =     -2059.9543
 EELEC  =    -18766.3715  EGB     =     -4761.5478  RESTRAINT  =        46.1037
 EAMBER (non-restraint)  =     -8007.2309
 ESURF=       102.0841
 ------------------------------------------------------------------------------


 NSTEP =   100000   TIME(PS) =    1450.000  TEMP(K) =   298.15  PRESS =     0.0
 Etot   =     -4637.5176  EKtot   =      3196.4730  EPtot      =     -7833.9906
 BOND   =       875.4772  ANGLE   =      2195.8767  DIHED      =      3387.1864
 1-4 NB =       902.3085  1-4 EEL =     10168.9176  VDWAALS    =     -2050.1549
 EELEC  =    -18617.9567  EGB     =     -4842.3572  RESTRAINT  =        42.6023
 EAMBER (non-restraint)  =     -7876.5930
 ESURF=       104.1095
 ------------------------------------------------------------------------------


 NSTEP =   105000   TIME(PS) =    1460.000  TEMP(K) =   301.68  PRESS =     0.0
 Etot   =     -4727.8991  EKtot   =      3234.2805  EPtot      =     -7962.1797
 BOND   =       843.4933  ANGLE   =      2133.6760  DIHED      =      3370.1602
 1-4 NB =       919.1210  1-4 EEL =     10232.1608  VDWAALS    =     -2062.6883
 EELEC  =    -18820.6308  EGB     =     -4724.5125  RESTRAINT  =        45.2181
 EAMBER (non-restraint)  =     -8007.3978
 ESURF=       101.8224
 ------------------------------------------------------------------------------


 NSTEP =   110000   TIME(PS) =    1470.000  TEMP(K) =   306.16  PRESS =     0.0
 Etot   =     -4687.1429  EKtot   =      3282.2716  EPtot      =     -7969.4145
 BOND   =       885.4060  ANGLE   =      2077.2536  DIHED      =      3385.1685
 1-4 NB =       912.2831  1-4 EEL =     10233.0053  VDWAALS    =     -2043.7450
 EELEC  =    -18864.0404  EGB     =     -4700.4254  RESTRAINT  =        42.0225
 EAMBER (non-restraint)  =     -8011.4370
 ESURF=       103.6574
 ------------------------------------------------------------------------------


 NSTEP =   115000   TIME(PS) =    1480.000  TEMP(K) =   304.10  PRESS =     0.0
 Etot   =     -4773.0587  EKtot   =      3260.2458  EPtot      =     -8033.3045
 BOND   =       831.8357  ANGLE   =      2097.4628  DIHED      =      3336.0285
 1-4 NB =       925.1135  1-4 EEL =     10220.8718  VDWAALS    =     -2048.1906
 EELEC  =    -18784.6381  EGB     =     -4758.4866  RESTRAINT  =        44.5656
 EAMBER (non-restraint)  =     -8077.8700
 ESURF=       102.1329
 ------------------------------------------------------------------------------


 NSTEP =   120000   TIME(PS) =    1490.000  TEMP(K) =   307.16  PRESS =     0.0
 Etot   =     -4608.1102  EKtot   =      3293.0336  EPtot      =     -7901.1438
 BOND   =       871.9169  ANGLE   =      2183.1856  DIHED      =      3405.0012
 1-4 NB =       941.1034  1-4 EEL =     10203.9183  VDWAALS    =     -2057.5953
 EELEC  =    -18740.3229  EGB     =     -4851.8416  RESTRAINT  =        44.1835
 EAMBER (non-restraint)  =     -7945.3273
 ESURF=        99.3070
 ------------------------------------------------------------------------------


 NSTEP =   125000   TIME(PS) =    1500.000  TEMP(K) =   303.79  PRESS =     0.0
 Etot   =     -4684.8471  EKtot   =      3256.8672  EPtot      =     -7941.7143
 BOND   =       871.4046  ANGLE   =      2186.9048  DIHED      =      3329.9577
 1-4 NB =       922.9554  1-4 EEL =     10136.9927  VDWAALS    =     -2043.0815
 EELEC  =    -18804.3228  EGB     =     -4692.9893  RESTRAINT  =        51.1905
 EAMBER (non-restraint)  =     -7992.9048
 ESURF=        99.2739
 ------------------------------------------------------------------------------


      A V E R A G E S   O V E R      25 S T E P S


 NSTEP =   125000   TIME(PS) =    1500.000  TEMP(K) =   301.66  PRESS =     0.0
 Etot   =     -4711.0969  EKtot   =      3234.0407  EPtot      =     -7945.1377
 BOND   =       858.8595  ANGLE   =      2146.4376  DIHED      =      3362.7327
 1-4 NB =       920.2323  1-4 EEL =     10210.0778  VDWAALS    =     -2047.1651
 EELEC  =    -18742.9437  EGB     =     -4799.5426  RESTRAINT  =        44.1912
 EAMBER (non-restraint)  =     -7989.3289
 ESURF=       101.9826
 ------------------------------------------------------------------------------


      R M S  F L U C T U A T I O N S


 NSTEP =   125000   TIME(PS) =    1500.000  TEMP(K) =     3.49  PRESS =     0.0
 Etot   =        57.1148  EKtot   =        37.3970  EPtot      =        49.3491
 BOND   =        18.1572  ANGLE   =        42.4232  DIHED      =        22.3038
 1-4 NB =        13.3343  1-4 EEL =        31.8571  VDWAALS    =        15.4364
 EELEC  =        69.9798  EGB     =        66.3236  RESTRAINT  =         3.3155
 EAMBER (non-restraint)  =        46.0337
 ESURF=         1.8254
 ------------------------------------------------------------------------------

--------------------------------------------------------------------------------
   5.  TIMINGS
--------------------------------------------------------------------------------

|  NonSetup CPU Time in Major Routines:
|
|     Routine           Sec        %
|     ------------------------------
|     Nonbond       73269.79   99.22
|     Bond              3.86    0.01
|     Angle            65.52    0.09
|     Dihedral        385.24    0.52
|     Shake            17.49    0.02
|     RunMD           102.32    0.14
|     Other             0.09    0.00
|     ------------------------------
|     Total         73844.31

|  Generalized Born CPU Time:
|
|     Routine                 Sec        %
|     ------------------------------------
|     Radii Calc          14229.55   19.27
|     Diagonal Calc       26917.42   36.45
|     Off Diagonal Calc   32096.45   43.47
|     GBSA LCPO Calc          0.14    0.00
|     ---------------------------------
|     Total               73243.42   99.19

|  Final Performance Info:
|     -----------------------------------------------------
|     Average timings for last       1 steps:
|     Elapsed(s) =       0.00 Per Step(ms) =       0.12
|         ns/day =    1382.40   seconds/ns =      62.50
|
|     Average timings for all steps:
|     Elapsed(s) =  185344.96 Per Step(ms) =    1482.76
|         ns/day =       0.12   seconds/ns =  741379.83
|     -----------------------------------------------------

|  Setup CPU time:            0.06 seconds
|  NonSetup CPU time:     73844.31 seconds
|  Total CPU time:        73844.37 seconds    20.51 hours

|  Setup wall time:           0    seconds
|  NonSetup wall time:   185345    seconds
|  Total wall time:      185345    seconds    51.48 hours
