
          -------------------------------------------------------
          Amber 22 PMEMD                              2022
          -------------------------------------------------------

| PMEMD implementation of SANDER, Release 22

|  Compiled date/time: Thu Apr 14 23:36:37 2022
| Run on 12/26/2023 at 17:28:46

|   Executable path: pmemd
| Working directory: /home/arul/Reegina/MD_Sim/sample/1D6O_info
|          Hostname: Unknown
  [-O]verwriting output

File Assignments:
|   MDIN: eq1.in                                                                
|  MDOUT: eq1.out                                                               
| INPCRD: heat.rst7                                                             
|   PARM: 1D6O.hmass.parm7                                                      
| RESTRT: eq1.rst7                                                              
|   REFC: heat.rst7                                                             
|  MDVEL: mdvel                                                                 
|   MDEN: mden                                                                  
|  MDCRD: eq1.crd                                                               
| MDINFO: eq1.info                                                              
|  MDFRC: mdfrc                                                                 


 Here is the input file:

&cntrl                                                                         
   ntx = 5,                                                                    
                                                                               
   ntwx = 5000, ntwe = 0, ntwr = 500,                                          
   ntpr = 5000,                                                                
                                                                               
   ioutfm=0, ntxo=1,                                                           
                                                                               
   imin = 0, nstlim = 125000, dt = 0.002,                                      
                                                                               
   ntt = 3, gamma_ln=1.0, temp0 = 300.0,                                       
   nscm = 1000, ig = -1, irest = 1,                                            
                                                                               
   ntc= 2, ntf = 2, cut = 1000,                                                
                                                                               
   igb=8, gbsa=3, surften=0.007, ntb = 0,                                      
   saltcon=0.,                                                                 
                                                                               
   ntr=1, restraintmask="@CA,N,C,O",                                           
   restraint_wt=1.0,                                                           
 /                                                                             


Note: ig = -1. Setting random seed to   645923 based on wallclock time in 
      microseconds.
| irandom = 1, using AMBER's internal random number generator (default).
 
| Conditional Compilation Defines Used:
| PUBFFT
| BINTRAJ
| EMIL

| New format PARM file being parsed.
| Version =    1.000 Date = 12/04/23 Time = 16:32:08

| Note: 1-4 EEL scale factors are being read from the topology file.

| Note: 1-4 VDW scale factors are being read from the topology file.
| INFO:    Reading atomic numbers from topology file.
| Duplicated    0 dihedrals

| Duplicated    0 dihedrals

--------------------------------------------------------------------------------
   1.  RESOURCE   USE: 
--------------------------------------------------------------------------------

 NATOM  =    3326 NTYPES =      14 NBONH =    1662 MBONA  =    1702
 NTHETH =    3802 MTHETA =    2296 NPHIH =    7644 MPHIA  =    7194
 NHPARM =       0 NPARM  =       0 NNB   =   18396 NRES   =     214
 NBONA  =    1702 NTHETA =    2296 NPHIA =    7194 NUMBND =      65
 NUMANG =     151 NPTRA  =     190 NATYP =      33 NPHB   =       0
 IFBOX  =       0 NMXRS  =      24 IFCAP =       0 NEXTRA =       0
 NCOPY  =       0

 Implicit solvent radii are ArgH and AspGluO modified Bondi2 radii (mbondi3)                                
 Replacing prmtop screening parameters with GBn2 (igb=8) values
--------------------------------------------------------------------------------
   2.  CONTROL  DATA  FOR  THE  RUN
--------------------------------------------------------------------------------

default_name                                                                    

General flags:
     imin    =       0, nmropt  =       0

Nature and format of input:
     ntx     =       5, irest   =       1, ntrx    =       1

Nature and format of output:
     ntxo    =       1, ntpr    =    5000, ntrx    =       1, ntwr    =     500
     iwrap   =       0, ntwx    =    5000, ntwv    =       0, ntwe    =       0
     ioutfm  =       0, ntwprt  =       0, idecomp =       0, rbornstat=      0

Potential function:
     ntf     =       2, ntb     =       0, igb     =       8, nsnb    =      25
     ipol    =       0, gbsa    =       3, iesp    =       0
     dielc   =   1.00000, cut     =1000.00000, intdiel =   1.00000
     saltcon =   0.00000, offset  =   0.19514, surften =   0.00700
     rdt     =   0.00000, rgbmax  =  25.00000  extdiel =  78.50000
     alpb  =        0
     gbalphaH  =   0.78844, gbbetaH   =   0.79870,  gbgammaH  =    0.43733
     gbalphaC  =   0.73376, gbbetaC   =   0.50638,  gbgammaC  =    0.20584
     gbalphaN  =   0.50336, gbbetaN   =   0.31683,  gbgammaN  =    0.19292
     gbalphaOS =   0.86781, gbbetaOS  =   0.87664,  gbgammaOS =    0.38788
     gbalphaP  =   1.00000, gbbetaP   =   0.80000,  gbgammaP  =    4.85000
     gb_alpha_hnu  =   0.53705, gb_beta_hnu   =   0.36286,  gb_gamma_hnu  =    0.11670
     gb_alpha_cnu  =   0.33167, gb_beta_cnu   =   0.19684,  gb_gamma_cnu  =    0.09342
     gb_alpha_nnu  =   0.68631, gb_beta_nnu   =   0.46319,  gb_gamma_nnu  =    0.13872
     gb_alpha_onu  =   0.60634, gb_beta_onu   =   0.46301,  gb_gamma_onu  =    0.14226
     gb_alpha_pnu  =   0.41836, gb_beta_pnu   =   0.29005,  gb_gamma_pnu  =    0.10642

Frozen or restrained atoms:
     ibelly  =       0, ntr     =       1
     restraint_wt =   1.00000

Molecular dynamics:
     nstlim  =    125000, nscm    =         0, nrespa  =         1
     t       =   0.00000, dt      =   0.00200, vlimit  =  20.00000

Langevin dynamics temperature regulation:
     ig      =  645923
     temp0   = 300.00000, tempi   =   0.00000, gamma_ln=   1.00000

SHAKE:
     ntc     =       2, jfastw  =       0
     tol     =   0.00001

| Intermolecular bonds treatment:
|     no_intermolecular_bonds =       1

| Energy averages sample interval:
|     ene_avg_sampling =    5000

    LOADING THE CONSTRAINED ATOMS AS GROUPS


   5.  REFERENCE ATOM COORDINATES

  default_name                                                                    
     Mask @CA,N,C,O; matches   856 atoms

--------------------------------------------------------------------------------
   3.  ATOMIC COORDINATES AND VELOCITIES
--------------------------------------------------------------------------------

default_name                                                                    
 begin time read from input coords =  1000.000 ps

 
 Number of triangulated 3-point waters found:        0
| Dynamic Memory, Types Used:
| Reals              113947
| Integers           396980

--------------------------------------------------------------------------------
   4.  RESULTS
--------------------------------------------------------------------------------


 NSTEP =     5000   TIME(PS) =    1010.000  TEMP(K) =   300.48  PRESS =     0.0
 Etot   =     -2511.6679  EKtot   =      2482.7912  EPtot      =     -4994.4590
 BOND   =       678.2762  ANGLE   =      1660.0962  DIHED      =      2563.1506
 1-4 NB =       737.2842  1-4 EEL =      8861.8496  VDWAALS    =     -1581.2345
 EELEC  =    -15033.0377  EGB     =     -3031.5335  RESTRAINT  =        74.3814
 EAMBER (non-restraint)  =     -5068.8404
 ESURF=        76.3086
 ------------------------------------------------------------------------------


 NSTEP =    10000   TIME(PS) =    1020.000  TEMP(K) =   312.29  PRESS =     0.0
 Etot   =     -2402.6060  EKtot   =      2580.4091  EPtot      =     -4983.0151
 BOND   =       649.2392  ANGLE   =      1738.3539  DIHED      =      2575.4645
 1-4 NB =       720.7360  1-4 EEL =      8902.1093  VDWAALS    =     -1618.6943
 EELEC  =    -15055.7189  EGB     =     -3041.6947  RESTRAINT  =        71.3717
 EAMBER (non-restraint)  =     -5054.3867
 ESURF=        75.8184
 ------------------------------------------------------------------------------


 NSTEP =    15000   TIME(PS) =    1030.000  TEMP(K) =   301.07  PRESS =     0.0
 Etot   =     -2375.8146  EKtot   =      2487.6799  EPtot      =     -4863.4945
 BOND   =       651.2847  ANGLE   =      1793.8432  DIHED      =      2577.8139
 1-4 NB =       729.7726  1-4 EEL =      8943.7719  VDWAALS    =     -1583.0635
 EELEC  =    -15145.1969  EGB     =     -2992.8493  RESTRAINT  =        86.9149
 EAMBER (non-restraint)  =     -4950.4094
 ESURF=        74.2140
 ------------------------------------------------------------------------------


 NSTEP =    20000   TIME(PS) =    1040.000  TEMP(K) =   300.66  PRESS =     0.0
 Etot   =     -2522.5393  EKtot   =      2484.2582  EPtot      =     -5006.7975
 BOND   =       659.7643  ANGLE   =      1667.7336  DIHED      =      2563.0393
 1-4 NB =       714.1857  1-4 EEL =      8871.3237  VDWAALS    =     -1604.2646
 EELEC  =    -15008.7366  EGB     =     -3032.7977  RESTRAINT  =        87.0251
 EAMBER (non-restraint)  =     -5093.8226
 ESURF=        75.9297
 ------------------------------------------------------------------------------


 NSTEP =    25000   TIME(PS) =    1050.000  TEMP(K) =   294.58  PRESS =     0.0
 Etot   =     -2551.8503  EKtot   =      2434.0019  EPtot      =     -4985.8521
 BOND   =       663.4238  ANGLE   =      1696.3744  DIHED      =      2568.5017
 1-4 NB =       712.4414  1-4 EEL =      8831.5263  VDWAALS    =     -1581.1563
 EELEC  =    -15083.2378  EGB     =     -2959.5162  RESTRAINT  =        88.6185
 EAMBER (non-restraint)  =     -5074.4707
 ESURF=        77.1721
 ------------------------------------------------------------------------------


 NSTEP =    30000   TIME(PS) =    1060.000  TEMP(K) =   304.03  PRESS =     0.0
 Etot   =     -2385.9925  EKtot   =      2512.1402  EPtot      =     -4898.1327
 BOND   =       690.7525  ANGLE   =      1718.7322  DIHED      =      2567.0962
 1-4 NB =       732.8434  1-4 EEL =      8852.0893  VDWAALS    =     -1571.5362
 EELEC  =    -15057.6351  EGB     =     -2995.4661  RESTRAINT  =        88.0894
 EAMBER (non-restraint)  =     -4986.2221
 ESURF=        76.9018
 ------------------------------------------------------------------------------


 NSTEP =    35000   TIME(PS) =    1070.000  TEMP(K) =   298.68  PRESS =     0.0
 Etot   =     -2529.9605  EKtot   =      2467.9457  EPtot      =     -4997.9061
 BOND   =       644.5110  ANGLE   =      1698.9945  DIHED      =      2556.8218
 1-4 NB =       723.8139  1-4 EEL =      8861.0369  VDWAALS    =     -1584.8681
 EELEC  =    -15049.4098  EGB     =     -3004.1111  RESTRAINT  =        77.2224
 EAMBER (non-restraint)  =     -5075.1285
 ESURF=        78.0823
 ------------------------------------------------------------------------------


 NSTEP =    40000   TIME(PS) =    1080.000  TEMP(K) =   304.27  PRESS =     0.0
 Etot   =     -2406.9536  EKtot   =      2514.1155  EPtot      =     -4921.0691
 BOND   =       671.3560  ANGLE   =      1780.1907  DIHED      =      2551.3528
 1-4 NB =       714.3849  1-4 EEL =      8856.1867  VDWAALS    =     -1574.9113
 EELEC  =    -15077.1061  EGB     =     -3002.4835  RESTRAINT  =        80.6430
 EAMBER (non-restraint)  =     -5001.7121
 ESURF=        79.3177
 ------------------------------------------------------------------------------


 NSTEP =    45000   TIME(PS) =    1090.000  TEMP(K) =   303.01  PRESS =     0.0
 Etot   =     -2433.6950  EKtot   =      2503.7308  EPtot      =     -4937.4257
 BOND   =       664.7058  ANGLE   =      1730.5837  DIHED      =      2609.8918
 1-4 NB =       712.3560  1-4 EEL =      8828.4483  VDWAALS    =     -1588.7245
 EELEC  =    -14947.1540  EGB     =     -3104.2874  RESTRAINT  =        82.8066
 EAMBER (non-restraint)  =     -5020.2323
 ESURF=        73.9479
 ------------------------------------------------------------------------------


 NSTEP =    50000   TIME(PS) =    1100.000  TEMP(K) =   299.56  PRESS =     0.0
 Etot   =     -2506.1566  EKtot   =      2475.2074  EPtot      =     -4981.3640
 BOND   =       669.8951  ANGLE   =      1712.6958  DIHED      =      2571.7674
 1-4 NB =       722.5359  1-4 EEL =      8866.9012  VDWAALS    =     -1570.7772
 EELEC  =    -15066.9711  EGB     =     -3038.1971  RESTRAINT  =        74.2642
 EAMBER (non-restraint)  =     -5055.6282
 ESURF=        76.5216
 ------------------------------------------------------------------------------


 NSTEP =    55000   TIME(PS) =    1110.000  TEMP(K) =   300.89  PRESS =     0.0
 Etot   =     -2533.3080  EKtot   =      2486.1548  EPtot      =     -5019.4628
 BOND   =       616.4602  ANGLE   =      1671.5593  DIHED      =      2588.9363
 1-4 NB =       736.1001  1-4 EEL =      8940.6280  VDWAALS    =     -1583.6245
 EELEC  =    -15103.0646  EGB     =     -3038.0468  RESTRAINT  =        76.7124
 EAMBER (non-restraint)  =     -5096.1752
 ESURF=        74.8769
 ------------------------------------------------------------------------------


 NSTEP =    60000   TIME(PS) =    1120.000  TEMP(K) =   296.40  PRESS =     0.0
 Etot   =     -2473.3521  EKtot   =      2449.0962  EPtot      =     -4922.4483
 BOND   =       652.6844  ANGLE   =      1775.3849  DIHED      =      2577.1755
 1-4 NB =       725.1536  1-4 EEL =      8871.5127  VDWAALS    =     -1569.0851
 EELEC  =    -15084.4447  EGB     =     -3028.6859  RESTRAINT  =        78.8880
 EAMBER (non-restraint)  =     -5001.3363
 ESURF=        78.9683
 ------------------------------------------------------------------------------


 NSTEP =    65000   TIME(PS) =    1130.000  TEMP(K) =   299.41  PRESS =     0.0
 Etot   =     -2544.0486  EKtot   =      2473.9261  EPtot      =     -5017.9747
 BOND   =       664.6149  ANGLE   =      1694.1516  DIHED      =      2543.3685
 1-4 NB =       726.1322  1-4 EEL =      8935.3159  VDWAALS    =     -1597.3829
 EELEC  =    -15200.1640  EGB     =     -2949.6402  RESTRAINT  =        88.1922
 EAMBER (non-restraint)  =     -5106.1670
 ESURF=        77.4371
 ------------------------------------------------------------------------------


 NSTEP =    70000   TIME(PS) =    1140.000  TEMP(K) =   293.88  PRESS =     0.0
 Etot   =     -2526.0046  EKtot   =      2428.2570  EPtot      =     -4954.2615
 BOND   =       676.2243  ANGLE   =      1724.8140  DIHED      =      2559.2854
 1-4 NB =       724.3248  1-4 EEL =      8867.2392  VDWAALS    =     -1605.0488
 EELEC  =    -15064.8064  EGB     =     -2988.7452  RESTRAINT  =        79.9162
 EAMBER (non-restraint)  =     -5034.1777
 ESURF=        72.5349
 ------------------------------------------------------------------------------


 NSTEP =    75000   TIME(PS) =    1150.000  TEMP(K) =   303.94  PRESS =     0.0
 Etot   =     -2464.0521  EKtot   =      2511.3523  EPtot      =     -4975.4044
 BOND   =       649.9197  ANGLE   =      1706.7341  DIHED      =      2564.5064
 1-4 NB =       718.5072  1-4 EEL =      8913.4516  VDWAALS    =     -1595.7649
 EELEC  =    -15078.8571  EGB     =     -3016.7384  RESTRAINT  =        87.5516
 EAMBER (non-restraint)  =     -5062.9560
 ESURF=        75.2854
 ------------------------------------------------------------------------------


 NSTEP =    80000   TIME(PS) =    1160.000  TEMP(K) =   292.94  PRESS =     0.0
 Etot   =     -2515.6400  EKtot   =      2420.4645  EPtot      =     -4936.1045
 BOND   =       645.5766  ANGLE   =      1731.0166  DIHED      =      2566.6540
 1-4 NB =       707.7140  1-4 EEL =      8875.9232  VDWAALS    =     -1581.2771
 EELEC  =    -15031.4730  EGB     =     -3017.1947  RESTRAINT  =        89.2493
 EAMBER (non-restraint)  =     -5025.3538
 ESURF=        77.7066
 ------------------------------------------------------------------------------


 NSTEP =    85000   TIME(PS) =    1170.000  TEMP(K) =   305.54  PRESS =     0.0
 Etot   =     -2493.2508  EKtot   =      2524.5900  EPtot      =     -5017.8407
 BOND   =       645.9393  ANGLE   =      1688.4509  DIHED      =      2578.7763
 1-4 NB =       704.8408  1-4 EEL =      8890.7581  VDWAALS    =     -1586.2792
 EELEC  =    -15076.3501  EGB     =     -3025.5191  RESTRAINT  =        86.0659
 EAMBER (non-restraint)  =     -5103.9066
 ESURF=        75.4762
 ------------------------------------------------------------------------------


 NSTEP =    90000   TIME(PS) =    1180.000  TEMP(K) =   293.08  PRESS =     0.0
 Etot   =     -2479.0755  EKtot   =      2421.6640  EPtot      =     -4900.7396
 BOND   =       651.4467  ANGLE   =      1788.5729  DIHED      =      2575.9171
 1-4 NB =       703.2943  1-4 EEL =      8896.4584  VDWAALS    =     -1595.8183
 EELEC  =    -15002.5340  EGB     =     -3074.7109  RESTRAINT  =        79.3066
 EAMBER (non-restraint)  =     -4980.0462
 ESURF=        77.3277
 ------------------------------------------------------------------------------


 NSTEP =    95000   TIME(PS) =    1190.000  TEMP(K) =   302.09  PRESS =     0.0
 Etot   =     -2407.5802  EKtot   =      2496.1298  EPtot      =     -4903.7100
 BOND   =       680.6534  ANGLE   =      1758.8390  DIHED      =      2564.4697
 1-4 NB =       704.3057  1-4 EEL =      8891.5617  VDWAALS    =     -1599.8308
 EELEC  =    -15094.1533  EGB     =     -2969.7738  RESTRAINT  =        84.1665
 EAMBER (non-restraint)  =     -4987.8766
 ESURF=        76.0519
 ------------------------------------------------------------------------------


 NSTEP =   100000   TIME(PS) =    1200.000  TEMP(K) =   300.83  PRESS =     0.0
 Etot   =     -2406.0071  EKtot   =      2485.6582  EPtot      =     -4891.6653
 BOND   =       666.7701  ANGLE   =      1746.1400  DIHED      =      2577.8671
 1-4 NB =       730.4786  1-4 EEL =      8864.9223  VDWAALS    =     -1572.5872
 EELEC  =    -14987.2591  EGB     =     -3085.0935  RESTRAINT  =        90.4262
 EAMBER (non-restraint)  =     -4982.0915
 ESURF=        76.6703
 ------------------------------------------------------------------------------


 NSTEP =   105000   TIME(PS) =    1210.000  TEMP(K) =   302.98  PRESS =     0.0
 Etot   =     -2453.5489  EKtot   =      2503.4068  EPtot      =     -4956.9558
 BOND   =       666.4474  ANGLE   =      1772.8132  DIHED      =      2553.5352
 1-4 NB =       721.9073  1-4 EEL =      8873.3982  VDWAALS    =     -1602.1304
 EELEC  =    -15075.5947  EGB     =     -3024.0394  RESTRAINT  =        82.7472
 EAMBER (non-restraint)  =     -5039.7029
 ESURF=        73.9602
 ------------------------------------------------------------------------------


 NSTEP =   110000   TIME(PS) =    1220.000  TEMP(K) =   304.32  PRESS =     0.0
 Etot   =     -2485.4488  EKtot   =      2514.5246  EPtot      =     -4999.9734
 BOND   =       637.4926  ANGLE   =      1739.7329  DIHED      =      2545.2077
 1-4 NB =       715.8710  1-4 EEL =      8862.9923  VDWAALS    =     -1593.0353
 EELEC  =    -15076.0585  EGB     =     -2985.9524  RESTRAINT  =        78.5714
 EAMBER (non-restraint)  =     -5078.5449
 ESURF=        75.2049
 ------------------------------------------------------------------------------


 NSTEP =   115000   TIME(PS) =    1230.000  TEMP(K) =   291.71  PRESS =     0.0
 Etot   =     -2569.3898  EKtot   =      2410.3372  EPtot      =     -4979.7270
 BOND   =       635.4520  ANGLE   =      1707.4529  DIHED      =      2568.5051
 1-4 NB =       717.5748  1-4 EEL =      8891.7994  VDWAALS    =     -1562.5698
 EELEC  =    -14969.1653  EGB     =     -3142.5638  RESTRAINT  =        95.6557
 EAMBER (non-restraint)  =     -5075.3827
 ESURF=        78.1320
 ------------------------------------------------------------------------------


 NSTEP =   120000   TIME(PS) =    1240.000  TEMP(K) =   303.86  PRESS =     0.0
 Etot   =     -2448.2250  EKtot   =      2510.6918  EPtot      =     -4958.9168
 BOND   =       667.3096  ANGLE   =      1714.6262  DIHED      =      2575.2981
 1-4 NB =       718.6225  1-4 EEL =      8883.4185  VDWAALS    =     -1596.9035
 EELEC  =    -15019.2660  EGB     =     -3063.6153  RESTRAINT  =        84.7813
 EAMBER (non-restraint)  =     -5043.6981
 ESURF=        76.8117
 ------------------------------------------------------------------------------


 NSTEP =   125000   TIME(PS) =    1250.000  TEMP(K) =   301.70  PRESS =     0.0
 Etot   =     -2501.1582  EKtot   =      2492.8590  EPtot      =     -4994.0172
 BOND   =       627.8730  ANGLE   =      1686.3943  DIHED      =      2567.0467
 1-4 NB =       746.8072  1-4 EEL =      8921.6903  VDWAALS    =     -1548.8127
 EELEC  =    -15099.2066  EGB     =     -3050.6759  RESTRAINT  =        78.6643
 EAMBER (non-restraint)  =     -5072.6815
 ESURF=        76.2023
 ------------------------------------------------------------------------------


      A V E R A G E S   O V E R      25 S T E P S


 NSTEP =   125000   TIME(PS) =    1250.000  TEMP(K) =   300.49  PRESS =     0.0
 Etot   =     -2477.0930  EKtot   =      2482.8557  EPtot      =     -4959.9487
 BOND   =       657.1229  ANGLE   =      1724.1712  DIHED      =      2568.4580
 1-4 NB =       720.8795  1-4 EEL =      8882.2525  VDWAALS    =     -1585.9752
 EELEC  =    -15059.4641  EGB     =     -3026.5573  RESTRAINT  =        82.8893
 EAMBER (non-restraint)  =     -5042.8380
 ESURF=        76.2744
 ------------------------------------------------------------------------------


      R M S  F L U C T U A T I O N S


 NSTEP =   125000   TIME(PS) =    1250.000  TEMP(K) =     4.63  PRESS =     0.0
 Etot   =        55.0665  EKtot   =        38.2755  EPtot      =        44.1059
 BOND   =        17.0742  ANGLE   =        37.5502  DIHED      =        13.6501
 1-4 NB =        10.6764  1-4 EEL =        30.1951  VDWAALS    =        15.1787
 EELEC  =        52.7727  EGB     =        43.7520  RESTRAINT  =         5.8224
 EAMBER (non-restraint)  =        38.2834
 ESURF=         1.5943
 ------------------------------------------------------------------------------

--------------------------------------------------------------------------------
   5.  TIMINGS
--------------------------------------------------------------------------------

|  NonSetup CPU Time in Major Routines:
|
|     Routine           Sec        %
|     ------------------------------
|     Nonbond       39495.79   99.03
|     Bond              2.54    0.01
|     Angle            44.34    0.11
|     Dihedral        258.28    0.65
|     Shake            11.72    0.03
|     RunMD            69.15    0.17
|     Other             0.07    0.00
|     ------------------------------
|     Total         39881.90

|  Generalized Born CPU Time:
|
|     Routine                 Sec        %
|     ------------------------------------
|     Radii Calc           7854.01   19.69
|     Diagonal Calc       14744.62   36.97
|     Off Diagonal Calc   16879.76   42.32
|     GBSA LCPO Calc          0.05    0.00
|     ---------------------------------
|     Total               39478.38   98.99

|  Final Performance Info:
|     -----------------------------------------------------
|     Average timings for last       1 steps:
|     Elapsed(s) =       0.00 Per Step(ms) =       0.09
|         ns/day =    1819.51   seconds/ns =      47.49
|
|     Average timings for all steps:
|     Elapsed(s) =   42610.65 Per Step(ms) =     340.89
|         ns/day =       0.51   seconds/ns =  170442.61
|     -----------------------------------------------------

|  Setup CPU time:            0.08 seconds
|  NonSetup CPU time:     39881.90 seconds
|  Total CPU time:        39881.98 seconds    11.08 hours

|  Setup wall time:           0    seconds
|  NonSetup wall time:    42611    seconds
|  Total wall time:       42611    seconds    11.84 hours
