
          -------------------------------------------------------
          Amber 22 PMEMD                              2022
          -------------------------------------------------------

| PMEMD implementation of SANDER, Release 22

|  Compiled date/time: Thu Apr 14 23:36:37 2022
| Run on 01/08/2024 at 16:34:31

|   Executable path: pmemd
| Working directory: /home/arul/Reegina/MD_Sim/set2_group/2LLH_info
|          Hostname: Unknown
  [-O]verwriting output

File Assignments:
|   MDIN: eq2.in                                                                
|  MDOUT: eq2.out                                                               
| INPCRD: eq1.rst7                                                              
|   PARM: 2LLH.hmass.parm7                                                      
| RESTRT: eq2.rst7                                                              
|   REFC: eq1.rst7                                                              
|  MDVEL: mdvel                                                                 
|   MDEN: mden                                                                  
|  MDCRD: eq2.crd                                                               
| MDINFO: eq2.info                                                              
|  MDFRC: mdfrc                                                                 


 Here is the input file:

&cntrl                                                                         
   ntx = 5,                                                                    
   ntwx = 5000, ntwe = 0, ntwr = 500,                                          
   ntpr = 5000,                                                                
                                                                               
   ioutfm=0, ntxo=1,                                                           
                                                                               
   imin = 0, nstlim = 125000, dt = 0.002,                                      
                                                                               
   ntt = 3, gamma_ln=1., temp0 = 300.0,                                        
   nscm = 1000, ig = -1, irest = 1,                                            
                                                                               
   ntc= 2, ntf = 2, cut = 1000,                                                
                                                                               
   igb=8, gbsa=3, surften=0.007, ntb = 0,                                      
   saltcon=0.,                                                                 
                                                                               
   ntr=1, restraintmask="@CA,N,C,O",                                           
   restraint_wt=0.1,                                                           
 /                                                                             


Note: ig = -1. Setting random seed to   363773 based on wallclock time in 
      microseconds.
| irandom = 1, using AMBER's internal random number generator (default).
 
| Conditional Compilation Defines Used:
| PUBFFT
| BINTRAJ
| EMIL

| New format PARM file being parsed.
| Version =    1.000 Date = 12/30/23 Time = 23:54:38

| Note: 1-4 EEL scale factors are being read from the topology file.

| Note: 1-4 VDW scale factors are being read from the topology file.
| INFO:    Reading atomic numbers from topology file.
| Duplicated    0 dihedrals

| Duplicated    0 dihedrals

--------------------------------------------------------------------------------
   1.  RESOURCE   USE: 
--------------------------------------------------------------------------------

 NATOM  =     869 NTYPES =      13 NBONH =     438 MBONA  =     438
 NTHETH =    1002 MTHETA =     586 NPHIH =    1964 MPHIA  =    1844
 NHPARM =       0 NPARM  =       0 NNB   =    4796 NRES   =      53
 NBONA  =     438 NTHETA =     586 NPHIA =    1844 NUMBND =      59
 NUMANG =     139 NPTRA  =     177 NATYP =      29 NPHB   =       0
 IFBOX  =       0 NMXRS  =      24 IFCAP =       0 NEXTRA =       0
 NCOPY  =       0

 Implicit solvent radii are ArgH and AspGluO modified Bondi2 radii (mbondi3)                                
 Replacing prmtop screening parameters with GBn2 (igb=8) values
--------------------------------------------------------------------------------
   2.  CONTROL  DATA  FOR  THE  RUN
--------------------------------------------------------------------------------

default_name                                                                    

General flags:
     imin    =       0, nmropt  =       0

Nature and format of input:
     ntx     =       5, irest   =       1, ntrx    =       1

Nature and format of output:
     ntxo    =       1, ntpr    =    5000, ntrx    =       1, ntwr    =     500
     iwrap   =       0, ntwx    =    5000, ntwv    =       0, ntwe    =       0
     ioutfm  =       0, ntwprt  =       0, idecomp =       0, rbornstat=      0

Potential function:
     ntf     =       2, ntb     =       0, igb     =       8, nsnb    =      25
     ipol    =       0, gbsa    =       3, iesp    =       0
     dielc   =   1.00000, cut     =1000.00000, intdiel =   1.00000
     saltcon =   0.00000, offset  =   0.19514, surften =   0.00700
     rdt     =   0.00000, rgbmax  =  25.00000  extdiel =  78.50000
     alpb  =        0
     gbalphaH  =   0.78844, gbbetaH   =   0.79870,  gbgammaH  =    0.43733
     gbalphaC  =   0.73376, gbbetaC   =   0.50638,  gbgammaC  =    0.20584
     gbalphaN  =   0.50336, gbbetaN   =   0.31683,  gbgammaN  =    0.19292
     gbalphaOS =   0.86781, gbbetaOS  =   0.87664,  gbgammaOS =    0.38788
     gbalphaP  =   1.00000, gbbetaP   =   0.80000,  gbgammaP  =    4.85000
     gb_alpha_hnu  =   0.53705, gb_beta_hnu   =   0.36286,  gb_gamma_hnu  =    0.11670
     gb_alpha_cnu  =   0.33167, gb_beta_cnu   =   0.19684,  gb_gamma_cnu  =    0.09342
     gb_alpha_nnu  =   0.68631, gb_beta_nnu   =   0.46319,  gb_gamma_nnu  =    0.13872
     gb_alpha_onu  =   0.60634, gb_beta_onu   =   0.46301,  gb_gamma_onu  =    0.14226
     gb_alpha_pnu  =   0.41836, gb_beta_pnu   =   0.29005,  gb_gamma_pnu  =    0.10642

Frozen or restrained atoms:
     ibelly  =       0, ntr     =       1
     restraint_wt =   0.10000

Molecular dynamics:
     nstlim  =    125000, nscm    =         0, nrespa  =         1
     t       =   0.00000, dt      =   0.00200, vlimit  =  20.00000

Langevin dynamics temperature regulation:
     ig      =  363773
     temp0   = 300.00000, tempi   =   0.00000, gamma_ln=   1.00000

SHAKE:
     ntc     =       2, jfastw  =       0
     tol     =   0.00001

| Intermolecular bonds treatment:
|     no_intermolecular_bonds =       1

| Energy averages sample interval:
|     ene_avg_sampling =    5000

    LOADING THE CONSTRAINED ATOMS AS GROUPS


   5.  REFERENCE ATOM COORDINATES

  default_name                                                                    
     Mask @CA,N,C,O; matches   212 atoms

--------------------------------------------------------------------------------
   3.  ATOMIC COORDINATES AND VELOCITIES
--------------------------------------------------------------------------------

default_name                                                                    
 begin time read from input coords =  1250.000 ps

 
 Number of triangulated 3-point waters found:        0
| Dynamic Memory, Types Used:
| Reals               31436
| Integers           103010

--------------------------------------------------------------------------------
   4.  RESULTS
--------------------------------------------------------------------------------


 NSTEP =     5000   TIME(PS) =    1260.000  TEMP(K) =   293.38  PRESS =     0.0
 Etot   =      -680.5343  EKtot   =       632.2662  EPtot      =     -1312.8005
 BOND   =       157.7064  ANGLE   =       422.5959  DIHED      =       699.1306
 1-4 NB =       190.2406  1-4 EEL =      2593.0149  VDWAALS    =      -369.1200
 EELEC  =     -3842.0318  EGB     =     -1202.0973  RESTRAINT  =         9.4405
 EAMBER (non-restraint)  =     -1322.2410
 ESURF=        28.3197
 ------------------------------------------------------------------------------


 NSTEP =    10000   TIME(PS) =    1270.000  TEMP(K) =   307.25  PRESS =     0.0
 Etot   =      -655.6784  EKtot   =       662.1507  EPtot      =     -1317.8291
 BOND   =       173.3236  ANGLE   =       416.0358  DIHED      =       691.2060
 1-4 NB =       190.4748  1-4 EEL =      2572.5837  VDWAALS    =      -362.4548
 EELEC  =     -3852.3812  EGB     =     -1188.5633  RESTRAINT  =        12.9658
 EAMBER (non-restraint)  =     -1330.7949
 ESURF=        28.9805
 ------------------------------------------------------------------------------


 NSTEP =    15000   TIME(PS) =    1280.000  TEMP(K) =   289.59  PRESS =     0.0
 Etot   =      -700.2409  EKtot   =       624.1088  EPtot      =     -1324.3497
 BOND   =       185.9762  ANGLE   =       420.0541  DIHED      =       691.2485
 1-4 NB =       182.1519  1-4 EEL =      2552.6627  VDWAALS    =      -361.9064
 EELEC  =     -3860.5627  EGB     =     -1176.0455  RESTRAINT  =        13.3135
 EAMBER (non-restraint)  =     -1337.6632
 ESURF=        28.7579
 ------------------------------------------------------------------------------


 NSTEP =    20000   TIME(PS) =    1290.000  TEMP(K) =   315.65  PRESS =     0.0
 Etot   =      -636.3835  EKtot   =       680.2560  EPtot      =     -1316.6395
 BOND   =       166.0915  ANGLE   =       427.1881  DIHED      =       693.7736
 1-4 NB =       196.8662  1-4 EEL =      2593.3574  VDWAALS    =      -375.5371
 EELEC  =     -3852.5981  EGB     =     -1203.8530  RESTRAINT  =        10.4134
 EAMBER (non-restraint)  =     -1327.0529
 ESURF=        27.6586
 ------------------------------------------------------------------------------


 NSTEP =    25000   TIME(PS) =    1300.000  TEMP(K) =   310.06  PRESS =     0.0
 Etot   =      -629.1248  EKtot   =       668.2191  EPtot      =     -1297.3439
 BOND   =       166.7370  ANGLE   =       446.6386  DIHED      =       718.5608
 1-4 NB =       181.5110  1-4 EEL =      2551.7170  VDWAALS    =      -370.6135
 EELEC  =     -3806.3375  EGB     =     -1228.4308  RESTRAINT  =        14.0466
 EAMBER (non-restraint)  =     -1311.3906
 ESURF=        28.8269
 ------------------------------------------------------------------------------


 NSTEP =    30000   TIME(PS) =    1310.000  TEMP(K) =   308.26  PRESS =     0.0
 Etot   =      -652.5971  EKtot   =       664.3336  EPtot      =     -1316.9307
 BOND   =       166.1894  ANGLE   =       410.8868  DIHED      =       705.7861
 1-4 NB =       186.4055  1-4 EEL =      2560.8404  VDWAALS    =      -388.3297
 EELEC  =     -3817.1737  EGB     =     -1179.5888  RESTRAINT  =        11.1347
 EAMBER (non-restraint)  =     -1328.0654
 ESURF=        26.9186
 ------------------------------------------------------------------------------


 NSTEP =    35000   TIME(PS) =    1320.000  TEMP(K) =   311.06  PRESS =     0.0
 Etot   =      -678.8049  EKtot   =       670.3659  EPtot      =     -1349.1708
 BOND   =       171.4064  ANGLE   =       417.3926  DIHED      =       692.8141
 1-4 NB =       183.6541  1-4 EEL =      2548.3143  VDWAALS    =      -380.8282
 EELEC  =     -3825.0483  EGB     =     -1196.1410  RESTRAINT  =        10.6767
 EAMBER (non-restraint)  =     -1359.8474
 ESURF=        28.5885
 ------------------------------------------------------------------------------


 NSTEP =    40000   TIME(PS) =    1330.000  TEMP(K) =   304.87  PRESS =     0.0
 Etot   =      -647.5826  EKtot   =       657.0244  EPtot      =     -1304.6070
 BOND   =       154.2483  ANGLE   =       469.2638  DIHED      =       697.2712
 1-4 NB =       174.3520  1-4 EEL =      2548.2872  VDWAALS    =      -357.7164
 EELEC  =     -3847.3387  EGB     =     -1180.5966  RESTRAINT  =         8.3499
 EAMBER (non-restraint)  =     -1312.9569
 ESURF=        29.2723
 ------------------------------------------------------------------------------


 NSTEP =    45000   TIME(PS) =    1340.000  TEMP(K) =   298.36  PRESS =     0.0
 Etot   =      -666.6959  EKtot   =       642.9985  EPtot      =     -1309.6945
 BOND   =       164.6760  ANGLE   =       409.3951  DIHED      =       705.6409
 1-4 NB =       189.6297  1-4 EEL =      2587.3418  VDWAALS    =      -356.8078
 EELEC  =     -3877.2166  EGB     =     -1174.6458  RESTRAINT  =        14.3429
 EAMBER (non-restraint)  =     -1324.0374
 ESURF=        27.9493
 ------------------------------------------------------------------------------


 NSTEP =    50000   TIME(PS) =    1350.000  TEMP(K) =   297.84  PRESS =     0.0
 Etot   =      -703.6296  EKtot   =       641.8741  EPtot      =     -1345.5036
 BOND   =       153.4816  ANGLE   =       410.5171  DIHED      =       688.6236
 1-4 NB =       196.0695  1-4 EEL =      2579.8324  VDWAALS    =      -374.2991
 EELEC  =     -3835.2369  EGB     =     -1204.3254  RESTRAINT  =        12.7456
 EAMBER (non-restraint)  =     -1358.2492
 ESURF=        27.0881
 ------------------------------------------------------------------------------


 NSTEP =    55000   TIME(PS) =    1360.000  TEMP(K) =   286.89  PRESS =     0.0
 Etot   =      -690.0239  EKtot   =       618.2782  EPtot      =     -1308.3022
 BOND   =       158.8844  ANGLE   =       449.2313  DIHED      =       693.8447
 1-4 NB =       182.7630  1-4 EEL =      2560.8927  VDWAALS    =      -367.2035
 EELEC  =     -3840.1396  EGB     =     -1185.7883  RESTRAINT  =        11.3287
 EAMBER (non-restraint)  =     -1319.6309
 ESURF=        27.8844
 ------------------------------------------------------------------------------


 NSTEP =    60000   TIME(PS) =    1370.000  TEMP(K) =   308.18  PRESS =     0.0
 Etot   =      -650.7103  EKtot   =       664.1703  EPtot      =     -1314.8806
 BOND   =       175.0754  ANGLE   =       408.0177  DIHED      =       694.5911
 1-4 NB =       189.2521  1-4 EEL =      2572.0979  VDWAALS    =      -370.7197
 EELEC  =     -3753.9005  EGB     =     -1266.2653  RESTRAINT  =         8.5710
 EAMBER (non-restraint)  =     -1323.4516
 ESURF=        28.3998
 ------------------------------------------------------------------------------


 NSTEP =    65000   TIME(PS) =    1380.000  TEMP(K) =   298.67  PRESS =     0.0
 Etot   =      -713.1868  EKtot   =       643.6744  EPtot      =     -1356.8612
 BOND   =       167.1070  ANGLE   =       400.9690  DIHED      =       676.0099
 1-4 NB =       178.1590  1-4 EEL =      2546.7424  VDWAALS    =      -363.8326
 EELEC  =     -3807.4771  EGB     =     -1200.9868  RESTRAINT  =        17.1827
 EAMBER (non-restraint)  =     -1374.0439
 ESURF=        29.2653
 ------------------------------------------------------------------------------


 NSTEP =    70000   TIME(PS) =    1390.000  TEMP(K) =   287.13  PRESS =     0.0
 Etot   =      -682.6347  EKtot   =       618.7898  EPtot      =     -1301.4245
 BOND   =       145.9411  ANGLE   =       431.5448  DIHED      =       704.7143
 1-4 NB =       200.2185  1-4 EEL =      2587.9406  VDWAALS    =      -365.3237
 EELEC  =     -3899.9773  EGB     =     -1148.4630  RESTRAINT  =        14.5270
 EAMBER (non-restraint)  =     -1315.9515
 ESURF=        27.4533
 ------------------------------------------------------------------------------


 NSTEP =    75000   TIME(PS) =    1400.000  TEMP(K) =   300.01  PRESS =     0.0
 Etot   =      -662.1277  EKtot   =       646.5510  EPtot      =     -1308.6788
 BOND   =       159.3626  ANGLE   =       424.0073  DIHED      =       689.0217
 1-4 NB =       194.5179  1-4 EEL =      2567.3386  VDWAALS    =      -363.8682
 EELEC  =     -3813.2811  EGB     =     -1207.6393  RESTRAINT  =        13.3179
 EAMBER (non-restraint)  =     -1321.9967
 ESURF=        28.5439
 ------------------------------------------------------------------------------


 NSTEP =    80000   TIME(PS) =    1410.000  TEMP(K) =   314.44  PRESS =     0.0
 Etot   =      -590.0907  EKtot   =       677.6443  EPtot      =     -1267.7350
 BOND   =       173.2330  ANGLE   =       443.7545  DIHED      =       693.4684
 1-4 NB =       185.6627  1-4 EEL =      2547.4107  VDWAALS    =      -352.2008
 EELEC  =     -3777.6936  EGB     =     -1222.2869  RESTRAINT  =        12.1777
 EAMBER (non-restraint)  =     -1279.9127
 ESURF=        28.7393
 ------------------------------------------------------------------------------


 NSTEP =    85000   TIME(PS) =    1420.000  TEMP(K) =   309.96  PRESS =     0.0
 Etot   =      -650.8561  EKtot   =       667.9945  EPtot      =     -1318.8506
 BOND   =       176.3578  ANGLE   =       417.1202  DIHED      =       682.3953
 1-4 NB =       181.2868  1-4 EEL =      2546.0071  VDWAALS    =      -368.2934
 EELEC  =     -3794.6146  EGB     =     -1195.4641  RESTRAINT  =         8.0647
 EAMBER (non-restraint)  =     -1326.9152
 ESURF=        28.2897
 ------------------------------------------------------------------------------


 NSTEP =    90000   TIME(PS) =    1430.000  TEMP(K) =   283.79  PRESS =     0.0
 Etot   =      -693.3222  EKtot   =       611.6070  EPtot      =     -1304.9292
 BOND   =       165.4442  ANGLE   =       423.2020  DIHED      =       701.9640
 1-4 NB =       193.7515  1-4 EEL =      2566.8812  VDWAALS    =      -355.5003
 EELEC  =     -3858.9099  EGB     =     -1182.3662  RESTRAINT  =        12.1307
 EAMBER (non-restraint)  =     -1317.0599
 ESURF=        28.4736
 ------------------------------------------------------------------------------


 NSTEP =    95000   TIME(PS) =    1440.000  TEMP(K) =   301.09  PRESS =     0.0
 Etot   =      -709.7155  EKtot   =       648.8740  EPtot      =     -1358.5894
 BOND   =       164.8819  ANGLE   =       404.8736  DIHED      =       689.7262
 1-4 NB =       181.6303  1-4 EEL =      2564.7669  VDWAALS    =      -379.5495
 EELEC  =     -3815.0958  EGB     =     -1208.7161  RESTRAINT  =         9.7127
 EAMBER (non-restraint)  =     -1368.3022
 ESURF=        29.1803
 ------------------------------------------------------------------------------


 NSTEP =   100000   TIME(PS) =    1450.000  TEMP(K) =   310.52  PRESS =     0.0
 Etot   =      -617.5219  EKtot   =       669.1980  EPtot      =     -1286.7199
 BOND   =       153.9762  ANGLE   =       448.8448  DIHED      =       694.7791
 1-4 NB =       193.1042  1-4 EEL =      2598.1126  VDWAALS    =      -362.1882
 EELEC  =     -3838.3887  EGB     =     -1219.3948  RESTRAINT  =        15.2657
 EAMBER (non-restraint)  =     -1301.9856
 ESURF=        29.1692
 ------------------------------------------------------------------------------


 NSTEP =   105000   TIME(PS) =    1460.000  TEMP(K) =   310.83  PRESS =     0.0
 Etot   =      -655.0672  EKtot   =       669.8649  EPtot      =     -1324.9321
 BOND   =       185.0019  ANGLE   =       393.8470  DIHED      =       689.9705
 1-4 NB =       194.4775  1-4 EEL =      2593.1770  VDWAALS    =      -366.0357
 EELEC  =     -3856.5419  EGB     =     -1197.8557  RESTRAINT  =         9.6337
 EAMBER (non-restraint)  =     -1334.5658
 ESURF=        29.3937
 ------------------------------------------------------------------------------


 NSTEP =   110000   TIME(PS) =    1470.000  TEMP(K) =   318.88  PRESS =     0.0
 Etot   =      -616.1494  EKtot   =       687.2169  EPtot      =     -1303.3663
 BOND   =       171.8518  ANGLE   =       439.4888  DIHED      =       691.3490
 1-4 NB =       189.6770  1-4 EEL =      2567.8153  VDWAALS    =      -366.8146
 EELEC  =     -3858.9923  EGB     =     -1175.5765  RESTRAINT  =         9.5023
 EAMBER (non-restraint)  =     -1312.8686
 ESURF=        28.3330
 ------------------------------------------------------------------------------


 NSTEP =   115000   TIME(PS) =    1480.000  TEMP(K) =   301.75  PRESS =     0.0
 Etot   =      -629.7501  EKtot   =       650.2962  EPtot      =     -1280.0462
 BOND   =       179.0261  ANGLE   =       439.9810  DIHED      =       696.1477
 1-4 NB =       189.4240  1-4 EEL =      2550.8007  VDWAALS    =      -361.0159
 EELEC  =     -3796.0925  EGB     =     -1217.3539  RESTRAINT  =        10.0187
 EAMBER (non-restraint)  =     -1290.0650
 ESURF=        29.0177
 ------------------------------------------------------------------------------


 NSTEP =   120000   TIME(PS) =    1490.000  TEMP(K) =   318.04  PRESS =     0.0
 Etot   =      -606.5336  EKtot   =       685.4110  EPtot      =     -1291.9446
 BOND   =       156.4526  ANGLE   =       441.3483  DIHED      =       677.3270
 1-4 NB =       200.0022  1-4 EEL =      2554.0772  VDWAALS    =      -351.5239
 EELEC  =     -3798.3390  EGB     =     -1211.9843  RESTRAINT  =        11.0117
 EAMBER (non-restraint)  =     -1302.9563
 ESURF=        29.6836
 ------------------------------------------------------------------------------


 NSTEP =   125000   TIME(PS) =    1500.000  TEMP(K) =   282.81  PRESS =     0.0
 Etot   =      -722.2000  EKtot   =       609.4776  EPtot      =     -1331.6776
 BOND   =       161.2297  ANGLE   =       426.1943  DIHED      =       678.3760
 1-4 NB =       196.5679  1-4 EEL =      2555.4126  VDWAALS    =      -375.8422
 EELEC  =     -3808.1301  EGB     =     -1202.1888  RESTRAINT  =         9.4708
 EAMBER (non-restraint)  =     -1341.1483
 ESURF=        27.2322
 ------------------------------------------------------------------------------


      A V E R A G E S   O V E R      25 S T E P S


 NSTEP =   125000   TIME(PS) =    1500.000  TEMP(K) =   302.77  PRESS =     0.0
 Etot   =      -661.6465  EKtot   =       652.5058  EPtot      =     -1314.1523
 BOND   =       166.1465  ANGLE   =       425.6957  DIHED      =       693.5096
 1-4 NB =       188.8740  1-4 EEL =      2566.6970  VDWAALS    =      -366.7010
 EELEC  =     -3829.3400  EGB     =     -1199.0647  RESTRAINT  =        11.5738
 EAMBER (non-restraint)  =     -1325.7261
 ESURF=        28.4568
 ------------------------------------------------------------------------------


      R M S  F L U C T U A T I O N S


 NSTEP =   125000   TIME(PS) =    1500.000  TEMP(K) =    10.52  PRESS =     0.0
 Etot   =        34.8106  EKtot   =        22.6700  EPtot      =        21.8830
 BOND   =         9.8236  ANGLE   =        17.6661  DIHED      =         9.3493
 1-4 NB =         6.7957  1-4 EEL =        16.8695  VDWAALS    =         8.8293
 EELEC  =        32.4070  EGB     =        22.4672  RESTRAINT  =         2.3238
 EAMBER (non-restraint)  =        19.5592
 ESURF=         0.7399
 ------------------------------------------------------------------------------

--------------------------------------------------------------------------------
   5.  TIMINGS
--------------------------------------------------------------------------------

|  NonSetup CPU Time in Major Routines:
|
|     Routine           Sec        %
|     ------------------------------
|     Nonbond        3957.19   97.34
|     Bond              0.85    0.02
|     Angle            12.52    0.31
|     Dihedral         71.33    1.75
|     Shake             3.56    0.09
|     RunMD            19.96    0.49
|     Other             0.07    0.00
|     ------------------------------
|     Total          4065.47

|  Generalized Born CPU Time:
|
|     Routine                 Sec        %
|     ------------------------------------
|     Radii Calc            935.01   23.00
|     Diagonal Calc        1728.86   42.53
|     Off Diagonal Calc    1288.24   31.69
|     GBSA LCPO Calc          0.08    0.00
|     ---------------------------------
|     Total                3952.11   97.21

|  Final Performance Info:
|     -----------------------------------------------------
|     Average timings for last       1 steps:
|     Elapsed(s) =       0.00 Per Step(ms) =       0.10
|         ns/day =    1693.27   seconds/ns =      51.03
|
|     Average timings for all steps:
|     Elapsed(s) =   21207.97 Per Step(ms) =     169.66
|         ns/day =       1.02   seconds/ns =   84831.88
|     -----------------------------------------------------

|  Setup CPU time:            0.01 seconds
|  NonSetup CPU time:      4065.47 seconds
|  Total CPU time:         4065.49 seconds     1.13 hours

|  Setup wall time:           0    seconds
|  NonSetup wall time:    21208    seconds
|  Total wall time:       21208    seconds     5.89 hours
