Salt Bridges Plugin, Version 1.0
Wed Apr 17 13:10:52 +0530 2024

Parameters used in the calculation of salt bridges:
- Atomselection: protein
- Update selections every frame: yes
- Initial frame: 0
- Frame step: 1
- Final frame: 499
- Oxygen-nitrogen cut-off: 3.2
- Center of mass cut-off: none
- Write a file for each salt bridge: yes

Searching for ion-pairs with oxygen-nitrogen distance within 3.2 Angstroms in the selected frames... Done.
Removing redundancies in the ion-pairs found... Done.
Extracting identification of each salt bridge... Done.
Found 14 salt bridges.

GLU100-ARG45
GLU38-ARG43
ASP55-ARG58
GLU76-ARG78
GLU37-ARG110
GLU36-ARG45
ASP25-ARG29
ASP108-ARG110
GLU36-ARG43
ASP108-ARG85
GLU6-ARG96
GLU26-ARG24
GLU38-LYS104
ASP81-ARG85

Printing distances over all frames for each salt-bridge... Done.
