
          -------------------------------------------------------
          Amber 22 PMEMD                              2022
          -------------------------------------------------------

| PMEMD implementation of SANDER, Release 22

|  Compiled date/time: Thu Apr 14 23:36:37 2022
| Run on 02/03/2024 at 02:23:50

|   Executable path: pmemd
| Working directory: /home/arul/Reegina/MD_Sim/eq1/3F6R_info
|          Hostname: Unknown
  [-O]verwriting output

File Assignments:
|   MDIN: /home/arul/Reegina/MD_Sim/eq1.in                                      
|  MDOUT: eq1.out                                                               
| INPCRD: heat.rst7                                                             
|   PARM: 3F6R.hmass.parm7                                                      
| RESTRT: eq1.rst7                                                              
|   REFC: heat.rst7                                                             
|  MDVEL: mdvel                                                                 
|   MDEN: mden                                                                  
|  MDCRD: eq1.crd                                                               
| MDINFO: eq1.info                                                              
|  MDFRC: mdfrc                                                                 


 Here is the input file:

&cntrl                                                                         
   ntx = 5,                                                                    
                                                                               
   ntwx = 5000, ntwe = 0, ntwr = 500,                                          
   ntpr = 5000,                                                                
                                                                               
   ioutfm=0, ntxo=1,                                                           
                                                                               
   imin = 0, nstlim = 125000, dt = 0.002,                                      
                                                                               
   ntt = 3, gamma_ln=1.0, temp0 = 300.0,                                       
   nscm = 1000, ig = -1, irest = 1,                                            
                                                                               
   ntc= 2, ntf = 2, cut = 1000,                                                
                                                                               
   igb=8, gbsa=3, surften=0.007, ntb = 0,                                      
   saltcon=0.,                                                                 
                                                                               
   ntr=1, restraintmask="@CA,N,C,O",                                           
   restraint_wt=1.0,                                                           
 /                                                                             


Note: ig = -1. Setting random seed to    51888 based on wallclock time in 
      microseconds.
| irandom = 1, using AMBER's internal random number generator (default).
 
| Conditional Compilation Defines Used:
| PUBFFT
| BINTRAJ
| EMIL

| New format PARM file being parsed.
| Version =    1.000 Date = 01/10/24 Time = 20:47:48

| Note: 1-4 EEL scale factors are being read from the topology file.

| Note: 1-4 VDW scale factors are being read from the topology file.
| INFO:    Reading atomic numbers from topology file.
| Duplicated    0 dihedrals

| Duplicated    0 dihedrals

--------------------------------------------------------------------------------
   1.  RESOURCE   USE: 
--------------------------------------------------------------------------------

 NATOM  =    2134 NTYPES =      14 NBONH =    1041 MBONA  =    1108
 NTHETH =    2382 MTHETA =    1496 NPHIH =    4764 MPHIA  =    4769
 NHPARM =       0 NPARM  =       0 NNB   =   11711 NRES   =     147
 NBONA  =    1108 NTHETA =    1496 NPHIA =    4769 NUMBND =      65
 NUMANG =     152 NPTRA  =     190 NATYP =      33 NPHB   =       0
 IFBOX  =       0 NMXRS  =      24 IFCAP =       0 NEXTRA =       0
 NCOPY  =       0

 Implicit solvent radii are ArgH and AspGluO modified Bondi2 radii (mbondi3)                                
 Replacing prmtop screening parameters with GBn2 (igb=8) values
--------------------------------------------------------------------------------
   2.  CONTROL  DATA  FOR  THE  RUN
--------------------------------------------------------------------------------

default_name                                                                    

General flags:
     imin    =       0, nmropt  =       0

Nature and format of input:
     ntx     =       5, irest   =       1, ntrx    =       1

Nature and format of output:
     ntxo    =       1, ntpr    =    5000, ntrx    =       1, ntwr    =     500
     iwrap   =       0, ntwx    =    5000, ntwv    =       0, ntwe    =       0
     ioutfm  =       0, ntwprt  =       0, idecomp =       0, rbornstat=      0

Potential function:
     ntf     =       2, ntb     =       0, igb     =       8, nsnb    =      25
     ipol    =       0, gbsa    =       3, iesp    =       0
     dielc   =   1.00000, cut     =1000.00000, intdiel =   1.00000
     saltcon =   0.00000, offset  =   0.19514, surften =   0.00700
     rdt     =   0.00000, rgbmax  =  25.00000  extdiel =  78.50000
     alpb  =        0
     gbalphaH  =   0.78844, gbbetaH   =   0.79870,  gbgammaH  =    0.43733
     gbalphaC  =   0.73376, gbbetaC   =   0.50638,  gbgammaC  =    0.20584
     gbalphaN  =   0.50336, gbbetaN   =   0.31683,  gbgammaN  =    0.19292
     gbalphaOS =   0.86781, gbbetaOS  =   0.87664,  gbgammaOS =    0.38788
     gbalphaP  =   1.00000, gbbetaP   =   0.80000,  gbgammaP  =    4.85000
     gb_alpha_hnu  =   0.53705, gb_beta_hnu   =   0.36286,  gb_gamma_hnu  =    0.11670
     gb_alpha_cnu  =   0.33167, gb_beta_cnu   =   0.19684,  gb_gamma_cnu  =    0.09342
     gb_alpha_nnu  =   0.68631, gb_beta_nnu   =   0.46319,  gb_gamma_nnu  =    0.13872
     gb_alpha_onu  =   0.60634, gb_beta_onu   =   0.46301,  gb_gamma_onu  =    0.14226
     gb_alpha_pnu  =   0.41836, gb_beta_pnu   =   0.29005,  gb_gamma_pnu  =    0.10642

Frozen or restrained atoms:
     ibelly  =       0, ntr     =       1
     restraint_wt =   1.00000

Molecular dynamics:
     nstlim  =    125000, nscm    =         0, nrespa  =         1
     t       =   0.00000, dt      =   0.00200, vlimit  =  20.00000

Langevin dynamics temperature regulation:
     ig      =   51888
     temp0   = 300.00000, tempi   =   0.00000, gamma_ln=   1.00000

SHAKE:
     ntc     =       2, jfastw  =       0
     tol     =   0.00001

| Intermolecular bonds treatment:
|     no_intermolecular_bonds =       1

| Energy averages sample interval:
|     ene_avg_sampling =    5000

    LOADING THE CONSTRAINED ATOMS AS GROUPS


   5.  REFERENCE ATOM COORDINATES

  default_name                                                                    
     Mask @CA,N,C,O; matches   588 atoms

--------------------------------------------------------------------------------
   3.  ATOMIC COORDINATES AND VELOCITIES
--------------------------------------------------------------------------------

default_name                                                                    
 begin time read from input coords =  1000.000 ps

 
 Number of triangulated 3-point waters found:        0
| Dynamic Memory, Types Used:
| Reals               73992
| Integers           253988

--------------------------------------------------------------------------------
   4.  RESULTS
--------------------------------------------------------------------------------


 NSTEP =     5000   TIME(PS) =    1010.000  TEMP(K) =   302.02  PRESS =     0.0
 Etot   =     -1313.7782  EKtot   =      1608.7602  EPtot      =     -2922.5384
 BOND   =       404.6785  ANGLE   =      1094.8318  DIHED      =      1728.1004
 1-4 NB =       510.8145  1-4 EEL =      7822.5575  VDWAALS    =     -1108.2757
 EELEC  =     -8017.7381  EGB     =     -5469.3226  RESTRAINT  =        62.6159
 EAMBER (non-restraint)  =     -2985.1542
 ESURF=        49.1996
 ------------------------------------------------------------------------------


 NSTEP =    10000   TIME(PS) =    1020.000  TEMP(K) =   300.80  PRESS =     0.0
 Etot   =     -1387.5867  EKtot   =      1602.2493  EPtot      =     -2989.8361
 BOND   =       412.8420  ANGLE   =      1061.3186  DIHED      =      1744.4722
 1-4 NB =       486.1962  1-4 EEL =      7763.6206  VDWAALS    =     -1113.1681
 EELEC  =     -8059.2963  EGB     =     -5404.7705  RESTRAINT  =        70.5660
 EAMBER (non-restraint)  =     -3060.4021
 ESURF=        48.3833
 ------------------------------------------------------------------------------


 NSTEP =    15000   TIME(PS) =    1030.000  TEMP(K) =   299.98  PRESS =     0.0
 Etot   =     -1428.6802  EKtot   =      1597.8748  EPtot      =     -3026.5550
 BOND   =       410.6682  ANGLE   =      1027.8280  DIHED      =      1716.4865
 1-4 NB =       494.3303  1-4 EEL =      7784.9170  VDWAALS    =     -1102.3828
 EELEC  =     -7988.0603  EGB     =     -5485.7304  RESTRAINT  =        67.7753
 EAMBER (non-restraint)  =     -3094.3302
 ESURF=        47.6133
 ------------------------------------------------------------------------------


 NSTEP =    20000   TIME(PS) =    1040.000  TEMP(K) =   304.93  PRESS =     0.0
 Etot   =     -1375.3534  EKtot   =      1624.2544  EPtot      =     -2999.6078
 BOND   =       435.3963  ANGLE   =      1019.5319  DIHED      =      1729.1980
 1-4 NB =       492.0480  1-4 EEL =      7864.9230  VDWAALS    =     -1091.1397
 EELEC  =     -8026.1104  EGB     =     -5544.4342  RESTRAINT  =        72.6052
 EAMBER (non-restraint)  =     -3072.2130
 ESURF=        48.3742
 ------------------------------------------------------------------------------


 NSTEP =    25000   TIME(PS) =    1050.000  TEMP(K) =   299.26  PRESS =     0.0
 Etot   =     -1409.0714  EKtot   =      1594.0693  EPtot      =     -3003.1407
 BOND   =       382.0057  ANGLE   =      1099.9774  DIHED      =      1719.2965
 1-4 NB =       486.0335  1-4 EEL =      7783.0935  VDWAALS    =     -1094.5658
 EELEC  =     -7990.2146  EGB     =     -5502.3705  RESTRAINT  =        65.2188
 EAMBER (non-restraint)  =     -3068.3595
 ESURF=        48.3848
 ------------------------------------------------------------------------------


 NSTEP =    30000   TIME(PS) =    1060.000  TEMP(K) =   305.33  PRESS =     0.0
 Etot   =     -1392.5972  EKtot   =      1626.3821  EPtot      =     -3018.9793
 BOND   =       440.0305  ANGLE   =      1009.9039  DIHED      =      1730.8183
 1-4 NB =       487.0014  1-4 EEL =      7850.3376  VDWAALS    =     -1108.9775
 EELEC  =     -8071.1250  EGB     =     -5468.8251  RESTRAINT  =        64.3056
 EAMBER (non-restraint)  =     -3083.2848
 ESURF=        47.5512
 ------------------------------------------------------------------------------


 NSTEP =    35000   TIME(PS) =    1070.000  TEMP(K) =   305.85  PRESS =     0.0
 Etot   =     -1359.4254  EKtot   =      1629.1461  EPtot      =     -2988.5715
 BOND   =       419.7523  ANGLE   =      1055.4044  DIHED      =      1757.3534
 1-4 NB =       486.3764  1-4 EEL =      7825.4441  VDWAALS    =     -1119.6126
 EELEC  =     -8053.9973  EGB     =     -5467.0319  RESTRAINT  =        59.9582
 EAMBER (non-restraint)  =     -3048.5298
 ESURF=        47.7814
 ------------------------------------------------------------------------------


 NSTEP =    40000   TIME(PS) =    1080.000  TEMP(K) =   296.08  PRESS =     0.0
 Etot   =     -1438.6204  EKtot   =      1577.1204  EPtot      =     -3015.7408
 BOND   =       419.1140  ANGLE   =      1051.2266  DIHED      =      1736.0697
 1-4 NB =       483.7697  1-4 EEL =      7820.5190  VDWAALS    =     -1121.4825
 EELEC  =     -8012.1932  EGB     =     -5502.9123  RESTRAINT  =        61.7588
 EAMBER (non-restraint)  =     -3077.4996
 ESURF=        48.3893
 ------------------------------------------------------------------------------


 NSTEP =    45000   TIME(PS) =    1090.000  TEMP(K) =   291.71  PRESS =     0.0
 Etot   =     -1425.5511  EKtot   =      1553.8500  EPtot      =     -2979.4010
 BOND   =       428.4823  ANGLE   =      1071.9990  DIHED      =      1725.5787
 1-4 NB =       489.9506  1-4 EEL =      7805.9884  VDWAALS    =     -1105.3215
 EELEC  =     -8044.2556  EGB     =     -5475.8698  RESTRAINT  =        75.6492
 EAMBER (non-restraint)  =     -3055.0502
 ESURF=        48.3977
 ------------------------------------------------------------------------------


 NSTEP =    50000   TIME(PS) =    1100.000  TEMP(K) =   297.92  PRESS =     0.0
 Etot   =     -1497.5606  EKtot   =      1586.9310  EPtot      =     -3084.4916
 BOND   =       395.5642  ANGLE   =       979.5017  DIHED      =      1735.3936
 1-4 NB =       497.6652  1-4 EEL =      7830.2103  VDWAALS    =     -1129.3566
 EELEC  =     -7978.3869  EGB     =     -5523.2370  RESTRAINT  =        60.3016
 EAMBER (non-restraint)  =     -3144.7932
 ESURF=        47.8522
 ------------------------------------------------------------------------------


 NSTEP =    55000   TIME(PS) =    1110.000  TEMP(K) =   304.44  PRESS =     0.0
 Etot   =     -1380.0172  EKtot   =      1621.6520  EPtot      =     -3001.6692
 BOND   =       411.9783  ANGLE   =      1043.0939  DIHED      =      1747.8969
 1-4 NB =       490.7365  1-4 EEL =      7807.7820  VDWAALS    =     -1111.3203
 EELEC  =     -8085.9392  EGB     =     -5428.0626  RESTRAINT  =        74.1271
 EAMBER (non-restraint)  =     -3075.7962
 ESURF=        48.0382
 ------------------------------------------------------------------------------


 NSTEP =    60000   TIME(PS) =    1120.000  TEMP(K) =   299.65  PRESS =     0.0
 Etot   =     -1424.8419  EKtot   =      1596.1196  EPtot      =     -3020.9615
 BOND   =       412.7773  ANGLE   =      1021.9557  DIHED      =      1733.3264
 1-4 NB =       508.3059  1-4 EEL =      7853.4760  VDWAALS    =     -1112.5661
 EELEC  =     -8036.4568  EGB     =     -5511.5519  RESTRAINT  =        63.3882
 EAMBER (non-restraint)  =     -3084.3497
 ESURF=        46.3838
 ------------------------------------------------------------------------------


 NSTEP =    65000   TIME(PS) =    1130.000  TEMP(K) =   306.15  PRESS =     0.0
 Etot   =     -1363.7916  EKtot   =      1630.7809  EPtot      =     -2994.5725
 BOND   =       425.1970  ANGLE   =      1050.7547  DIHED      =      1734.1679
 1-4 NB =       496.6571  1-4 EEL =      7799.4172  VDWAALS    =     -1093.6335
 EELEC  =     -8136.9979  EGB     =     -5385.6096  RESTRAINT  =        67.6047
 EAMBER (non-restraint)  =     -3062.1772
 ESURF=        47.8698
 ------------------------------------------------------------------------------


 NSTEP =    70000   TIME(PS) =    1140.000  TEMP(K) =   298.14  PRESS =     0.0
 Etot   =     -1381.1399  EKtot   =      1588.0770  EPtot      =     -2969.2169
 BOND   =       427.3295  ANGLE   =      1066.8155  DIHED      =      1736.7745
 1-4 NB =       497.2890  1-4 EEL =      7783.7174  VDWAALS    =     -1090.9566
 EELEC  =     -8092.4491  EGB     =     -5417.8159  RESTRAINT  =        71.9502
 EAMBER (non-restraint)  =     -3041.1671
 ESURF=        48.1286
 ------------------------------------------------------------------------------


 NSTEP =    75000   TIME(PS) =    1150.000  TEMP(K) =   296.03  PRESS =     0.0
 Etot   =     -1414.3642  EKtot   =      1576.8761  EPtot      =     -2991.2403
 BOND   =       420.1052  ANGLE   =      1039.6646  DIHED      =      1736.3411
 1-4 NB =       486.3461  1-4 EEL =      7817.4011  VDWAALS    =     -1111.8335
 EELEC  =     -8017.5883  EGB     =     -5487.2755  RESTRAINT  =        77.2145
 EAMBER (non-restraint)  =     -3068.4548
 ESURF=        48.3843
 ------------------------------------------------------------------------------


 NSTEP =    80000   TIME(PS) =    1160.000  TEMP(K) =   294.62  PRESS =     0.0
 Etot   =     -1456.2572  EKtot   =      1569.3673  EPtot      =     -3025.6245
 BOND   =       419.9761  ANGLE   =      1038.0883  DIHED      =      1731.8066
 1-4 NB =       481.0937  1-4 EEL =      7821.8713  VDWAALS    =     -1102.3579
 EELEC  =     -8139.4325  EGB     =     -5395.9091  RESTRAINT  =        71.3245
 EAMBER (non-restraint)  =     -3096.9490
 ESURF=        47.9144
 ------------------------------------------------------------------------------


 NSTEP =    85000   TIME(PS) =    1170.000  TEMP(K) =   308.39  PRESS =     0.0
 Etot   =     -1383.0874  EKtot   =      1642.6691  EPtot      =     -3025.7566
 BOND   =       390.1358  ANGLE   =      1057.5254  DIHED      =      1729.0265
 1-4 NB =       487.0957  1-4 EEL =      7825.4562  VDWAALS    =     -1123.2988
 EELEC  =     -8066.2244  EGB     =     -5434.4122  RESTRAINT  =        61.9941
 EAMBER (non-restraint)  =     -3087.7507
 ESURF=        46.9451
 ------------------------------------------------------------------------------


 NSTEP =    90000   TIME(PS) =    1180.000  TEMP(K) =   289.15  PRESS =     0.0
 Etot   =     -1482.5786  EKtot   =      1540.2238  EPtot      =     -3022.8024
 BOND   =       400.5412  ANGLE   =      1035.5104  DIHED      =      1731.9170
 1-4 NB =       489.1149  1-4 EEL =      7831.0540  VDWAALS    =     -1091.8158
 EELEC  =     -8065.5435  EGB     =     -5465.5023  RESTRAINT  =        64.2098
 EAMBER (non-restraint)  =     -3087.0122
 ESURF=        47.7118
 ------------------------------------------------------------------------------


 NSTEP =    95000   TIME(PS) =    1190.000  TEMP(K) =   301.69  PRESS =     0.0
 Etot   =     -1464.9928  EKtot   =      1607.0289  EPtot      =     -3072.0217
 BOND   =       386.1119  ANGLE   =      1043.4649  DIHED      =      1735.2744
 1-4 NB =       495.4840  1-4 EEL =      7797.0178  VDWAALS    =     -1120.4896
 EELEC  =     -8091.2394  EGB     =     -5426.0982  RESTRAINT  =        60.0708
 EAMBER (non-restraint)  =     -3132.0925
 ESURF=        48.3817
 ------------------------------------------------------------------------------


 NSTEP =   100000   TIME(PS) =    1200.000  TEMP(K) =   312.68  PRESS =     0.0
 Etot   =     -1340.9396  EKtot   =      1665.5385  EPtot      =     -3006.4781
 BOND   =       427.0686  ANGLE   =      1047.5502  DIHED      =      1731.8031
 1-4 NB =       490.7090  1-4 EEL =      7795.6087  VDWAALS    =     -1116.8288
 EELEC  =     -8052.3912  EGB     =     -5440.7355  RESTRAINT  =        63.0080
 EAMBER (non-restraint)  =     -3069.4860
 ESURF=        47.7300
 ------------------------------------------------------------------------------


 NSTEP =   105000   TIME(PS) =    1210.000  TEMP(K) =   309.52  PRESS =     0.0
 Etot   =     -1336.2065  EKtot   =      1648.6836  EPtot      =     -2984.8901
 BOND   =       409.9595  ANGLE   =      1050.9563  DIHED      =      1745.6022
 1-4 NB =       493.8522  1-4 EEL =      7809.2480  VDWAALS    =     -1094.2515
 EELEC  =     -7997.6023  EGB     =     -5527.3135  RESTRAINT  =        77.5990
 EAMBER (non-restraint)  =     -3062.4891
 ESURF=        47.0600
 ------------------------------------------------------------------------------


 NSTEP =   110000   TIME(PS) =    1220.000  TEMP(K) =   297.56  PRESS =     0.0
 Etot   =     -1373.4588  EKtot   =      1585.0206  EPtot      =     -2958.4794
 BOND   =       439.5196  ANGLE   =      1069.1140  DIHED      =      1747.0562
 1-4 NB =       478.9095  1-4 EEL =      7809.2974  VDWAALS    =     -1103.3628
 EELEC  =     -7984.4144  EGB     =     -5521.7866  RESTRAINT  =        57.8240
 EAMBER (non-restraint)  =     -3016.3034
 ESURF=        49.3637
 ------------------------------------------------------------------------------


 NSTEP =   115000   TIME(PS) =    1230.000  TEMP(K) =   298.78  PRESS =     0.0
 Etot   =     -1374.9346  EKtot   =      1591.4789  EPtot      =     -2966.4135
 BOND   =       400.6095  ANGLE   =      1076.0566  DIHED      =      1736.4118
 1-4 NB =       493.1173  1-4 EEL =      7828.4659  VDWAALS    =     -1112.1054
 EELEC  =     -7955.4587  EGB     =     -5547.7611  RESTRAINT  =        65.3458
 EAMBER (non-restraint)  =     -3031.7593
 ESURF=        48.9048
 ------------------------------------------------------------------------------


 NSTEP =   120000   TIME(PS) =    1240.000  TEMP(K) =   292.86  PRESS =     0.0
 Etot   =     -1435.2630  EKtot   =      1559.9472  EPtot      =     -2995.2102
 BOND   =       426.0747  ANGLE   =      1026.7893  DIHED      =      1747.0687
 1-4 NB =       495.9267  1-4 EEL =      7853.6997  VDWAALS    =     -1113.8395
 EELEC  =     -8039.9939  EGB     =     -5507.9138  RESTRAINT  =        69.9057
 EAMBER (non-restraint)  =     -3065.1158
 ESURF=        47.0722
 ------------------------------------------------------------------------------


 NSTEP =   125000   TIME(PS) =    1250.000  TEMP(K) =   304.75  PRESS =     0.0
 Etot   =     -1434.0903  EKtot   =      1623.3218  EPtot      =     -3057.4121
 BOND   =       414.6737  ANGLE   =       971.7466  DIHED      =      1729.7155
 1-4 NB =       498.3595  1-4 EEL =      7833.7040  VDWAALS    =     -1118.0248
 EELEC  =     -7998.5748  EGB     =     -5515.0239  RESTRAINT  =        77.0723
 EAMBER (non-restraint)  =     -3134.4844
 ESURF=        48.9399
 ------------------------------------------------------------------------------


      A V E R A G E S   O V E R      25 S T E P S


 NSTEP =   125000   TIME(PS) =    1250.000  TEMP(K) =   300.73  PRESS =     0.0
 Etot   =     -1402.9675  EKtot   =      1601.8969  EPtot      =     -3004.8644
 BOND   =       414.4237  ANGLE   =      1044.4244  DIHED      =      1735.0782
 1-4 NB =       491.8873  1-4 EEL =      7816.7531  VDWAALS    =     -1108.4387
 EELEC  =     -8040.0674  EGB     =     -5474.2910  RESTRAINT  =        67.3357
 EAMBER (non-restraint)  =     -3072.2002
 ESURF=        48.0302
 ------------------------------------------------------------------------------


      R M S  F L U C T U A T I O N S


 NSTEP =   125000   TIME(PS) =    1250.000  TEMP(K) =     5.64  PRESS =     0.0
 Etot   =        45.1326  EKtot   =        30.0598  EPtot      =        34.3473
 BOND   =        15.4099  ANGLE   =        29.5025  DIHED      =         9.0359
 1-4 NB =         7.3080  1-4 EEL =        24.2521  VDWAALS    =        10.8928
 EELEC  =        46.7036  EGB     =        46.1560  RESTRAINT  =         5.9532
 EAMBER (non-restraint)  =        28.3941
 ESURF=         0.6958
 ------------------------------------------------------------------------------

--------------------------------------------------------------------------------
   5.  TIMINGS
--------------------------------------------------------------------------------

|  NonSetup CPU Time in Major Routines:
|
|     Routine           Sec        %
|     ------------------------------
|     Nonbond       23600.70   98.82
|     Bond              1.87    0.01
|     Angle            32.40    0.14
|     Dihedral        188.83    0.79
|     Shake             8.58    0.04
|     RunMD            50.50    0.21
|     Other             0.06    0.00
|     ------------------------------
|     Total         23882.93

|  Generalized Born CPU Time:
|
|     Routine                 Sec        %
|     ------------------------------------
|     Radii Calc           5472.11   22.91
|     Diagonal Calc       10066.91   42.15
|     Off Diagonal Calc    8049.19   33.70
|     GBSA LCPO Calc          0.08    0.00
|     ---------------------------------
|     Total               23588.21   98.77

|  Final Performance Info:
|     -----------------------------------------------------
|     Average timings for last       1 steps:
|     Elapsed(s) =       0.00 Per Step(ms) =       0.11
|         ns/day =    1569.38   seconds/ns =      55.05
|
|     Average timings for all steps:
|     Elapsed(s) =   24089.78 Per Step(ms) =     192.72
|         ns/day =       0.90   seconds/ns =   96359.11
|     -----------------------------------------------------

|  Setup CPU time:            0.04 seconds
|  NonSetup CPU time:     23882.93 seconds
|  Total CPU time:        23882.97 seconds     6.63 hours

|  Setup wall time:           0    seconds
|  NonSetup wall time:    24090    seconds
|  Total wall time:       24090    seconds     6.69 hours
