
          -------------------------------------------------------
          Amber 22 PMEMD                              2022
          -------------------------------------------------------

| PMEMD implementation of SANDER, Release 22

|  Compiled date/time: Thu Apr 14 23:36:37 2022
| Run on 01/31/2024 at 14:29:18

|   Executable path: pmemd
| Working directory: /home/arul/Reegina/MD_Sim/amber_parameters/3F6R_info
|          Hostname: Unknown
  [-O]verwriting output

File Assignments:
|   MDIN: heat.in                                                               
|  MDOUT: heat.out                                                              
| INPCRD: min_3F6R.rst7                                                         
|   PARM: 3F6R.hmass.parm7                                                      
| RESTRT: heat.rst7                                                             
|   REFC: min_3F6R.rst7                                                         
|  MDVEL: mdvel                                                                 
|   MDEN: mden                                                                  
|  MDCRD: heat.crd                                                              
| MDINFO: heat.info                                                             
|  MDFRC: mdfrc                                                                 


 Here is the input file:

&cntrl                                                                         
   ntx = 1,                                                                    
   ntwx = 5000,                                                                
   ntwe = 0,                                                                   
   ntwr = 500,                                                                 
   ntpr = 5000,                                                                
   ioutfm=0,                                                                   
   ntxo=1,                                                                     
   imin = 0,                                                                   
   nstlim = 500000,                                                            
   dt = 0.002,                                                                 
   ntt = 3,                                                                    
   gamma_ln=1.,                                                                
   temp0 = 100.0,                                                              
   nscm = 1000,                                                                
   ig = -1,                                                                    
   ntc= 2,                                                                     
   ntf = 2,                                                                    
   cut = 1000,                                                                 
   igb=8,                                                                      
   gbsa=3,                                                                     
   surften=0.007,                                                              
   ntb = 0,                                                                    
   saltcon=0.,                                                                 
   ntr=1,                                                                      
   restraintmask="@CA,N,C,O",                                                  
   restraint_wt=10.0,                                                          
   nmropt=1,                                                                   
 &end                                                                          
 &wt                                                                           
   TYPE="TEMP0", istep1=0, istep2=500000,                                      
   value1=100., value2=300.,                                                   
 &end                                                                          
 &wt                                                                           
   TYPE="END",                                                                 
 &end                                                                          


Note: ig = -1. Setting random seed to   916750 based on wallclock time in 
      microseconds.
| irandom = 1, using AMBER's internal random number generator (default).
 
| Conditional Compilation Defines Used:
| PUBFFT
| BINTRAJ
| EMIL

| New format PARM file being parsed.
| Version =    1.000 Date = 01/10/24 Time = 20:47:48

| Note: 1-4 EEL scale factors are being read from the topology file.

| Note: 1-4 VDW scale factors are being read from the topology file.
| INFO:    Reading atomic numbers from topology file.
| Duplicated    0 dihedrals

| Duplicated    0 dihedrals

--------------------------------------------------------------------------------
   1.  RESOURCE   USE: 
--------------------------------------------------------------------------------

 NATOM  =    2134 NTYPES =      14 NBONH =    1041 MBONA  =    1108
 NTHETH =    2382 MTHETA =    1496 NPHIH =    4764 MPHIA  =    4769
 NHPARM =       0 NPARM  =       0 NNB   =   11711 NRES   =     147
 NBONA  =    1108 NTHETA =    1496 NPHIA =    4769 NUMBND =      65
 NUMANG =     152 NPTRA  =     190 NATYP =      33 NPHB   =       0
 IFBOX  =       0 NMXRS  =      24 IFCAP =       0 NEXTRA =       0
 NCOPY  =       0

 Implicit solvent radii are ArgH and AspGluO modified Bondi2 radii (mbondi3)                                
 Replacing prmtop screening parameters with GBn2 (igb=8) values
--------------------------------------------------------------------------------
   2.  CONTROL  DATA  FOR  THE  RUN
--------------------------------------------------------------------------------

default_name                                                                    

General flags:
     imin    =       0, nmropt  =       1

Nature and format of input:
     ntx     =       1, irest   =       0, ntrx    =       1

Nature and format of output:
     ntxo    =       1, ntpr    =    5000, ntrx    =       1, ntwr    =     500
     iwrap   =       0, ntwx    =    5000, ntwv    =       0, ntwe    =       0
     ioutfm  =       0, ntwprt  =       0, idecomp =       0, rbornstat=      0

Potential function:
     ntf     =       2, ntb     =       0, igb     =       8, nsnb    =      25
     ipol    =       0, gbsa    =       3, iesp    =       0
     dielc   =   1.00000, cut     =1000.00000, intdiel =   1.00000
     saltcon =   0.00000, offset  =   0.19514, surften =   0.00700
     rdt     =   0.00000, rgbmax  =  25.00000  extdiel =  78.50000
     alpb  =        0
     gbalphaH  =   0.78844, gbbetaH   =   0.79870,  gbgammaH  =    0.43733
     gbalphaC  =   0.73376, gbbetaC   =   0.50638,  gbgammaC  =    0.20584
     gbalphaN  =   0.50336, gbbetaN   =   0.31683,  gbgammaN  =    0.19292
     gbalphaOS =   0.86781, gbbetaOS  =   0.87664,  gbgammaOS =    0.38788
     gbalphaP  =   1.00000, gbbetaP   =   0.80000,  gbgammaP  =    4.85000
     gb_alpha_hnu  =   0.53705, gb_beta_hnu   =   0.36286,  gb_gamma_hnu  =    0.11670
     gb_alpha_cnu  =   0.33167, gb_beta_cnu   =   0.19684,  gb_gamma_cnu  =    0.09342
     gb_alpha_nnu  =   0.68631, gb_beta_nnu   =   0.46319,  gb_gamma_nnu  =    0.13872
     gb_alpha_onu  =   0.60634, gb_beta_onu   =   0.46301,  gb_gamma_onu  =    0.14226
     gb_alpha_pnu  =   0.41836, gb_beta_pnu   =   0.29005,  gb_gamma_pnu  =    0.10642

Frozen or restrained atoms:
     ibelly  =       0, ntr     =       1
     restraint_wt =  10.00000

Molecular dynamics:
     nstlim  =    500000, nscm    =         0, nrespa  =         1
     t       =   0.00000, dt      =   0.00200, vlimit  =  20.00000

Langevin dynamics temperature regulation:
     ig      =  916750
     temp0   = 100.00000, tempi   =   0.00000, gamma_ln=   1.00000

SHAKE:
     ntc     =       2, jfastw  =       0
     tol     =   0.00001

NMR refinement options:
     iscale  =       0, noeskp  =       1, ipnlty  =       1, mxsub   =       1
     scalm   = 100.00000, pencut  =   0.10000, tausw   =   0.10000

| Intermolecular bonds treatment:
|     no_intermolecular_bonds =       1

| Energy averages sample interval:
|     ene_avg_sampling =    5000

    LOADING THE CONSTRAINED ATOMS AS GROUPS


   5.  REFERENCE ATOM COORDINATES

  default_name                                                                    
     Mask @CA,N,C,O; matches   588 atoms

--------------------------------------------------------------------------------
   3.  ATOMIC COORDINATES AND VELOCITIES
--------------------------------------------------------------------------------

default_name                                                                    
 begin time read from input coords =     0.000 ps



           Begin reading energy term weight changes/NMR restraints
 WEIGHT CHANGES:
 TEMP0         0 500000  100.000000  300.000000      0      0

 RESTRAINTS:
                          ** No restraint defined **

                  Done reading weight changes/NMR restraints


 
 Number of triangulated 3-point waters found:        0
| Dynamic Memory, Types Used:
| Reals               74014
| Integers           254046

--------------------------------------------------------------------------------
   4.  RESULTS
--------------------------------------------------------------------------------


 NSTEP =        0   TIME(PS) =       0.000  TEMP(K) =     0.00  PRESS =     0.0
 Etot   =     -4476.0580  EKtot   =         0.0000  EPtot      =     -4476.0580
 BOND   =        62.3469  ANGLE   =       244.1899  DIHED      =      1578.9534
 1-4 NB =       443.5817  1-4 EEL =      7886.4115  VDWAALS    =     -1187.6826
 EELEC  =     -7918.5237  EGB     =     -5627.8908  RESTRAINT  =         0.0000
 ESURF=        42.5556
 ------------------------------------------------------------------------------

 NMR restraints: Bond =    0.000   Angle =     0.000   Torsion =     0.000
===============================================================================

 NSTEP =     5000   TIME(PS) =      10.000  TEMP(K) =   102.46  PRESS =     0.0
 Etot   =     -3505.8302  EKtot   =       545.7505  EPtot      =     -4051.5808
 BOND   =       175.0840  ANGLE   =       509.2267  DIHED      =      1615.4317
 1-4 NB =       454.9074  1-4 EEL =      7863.2873  VDWAALS    =     -1180.8203
 EELEC  =     -8046.3075  EGB     =     -5536.8187  RESTRAINT  =        51.3178
 EAMBER (non-restraint)  =     -4102.8985
 ESURF=        43.1109
 ------------------------------------------------------------------------------

 NMR restraints: Bond =    0.000   Angle =     0.000   Torsion =     0.000
===============================================================================

 NSTEP =    10000   TIME(PS) =      20.000  TEMP(K) =   104.88  PRESS =     0.0
 Etot   =     -3471.8780  EKtot   =       558.6753  EPtot      =     -4030.5533
 BOND   =       172.9119  ANGLE   =       516.4127  DIHED      =      1619.8781
 1-4 NB =       460.6673  1-4 EEL =      7883.7683  VDWAALS    =     -1172.8324
 EELEC  =     -8052.9233  EGB     =     -5552.0779  RESTRAINT  =        50.4117
 EAMBER (non-restraint)  =     -4080.9650
 ESURF=        43.2302
 ------------------------------------------------------------------------------

 NMR restraints: Bond =    0.000   Angle =     0.000   Torsion =     0.000
===============================================================================

 NSTEP =    15000   TIME(PS) =      30.000  TEMP(K) =   106.52  PRESS =     0.0
 Etot   =     -3459.5082  EKtot   =       567.3713  EPtot      =     -4026.8795
 BOND   =       195.7347  ANGLE   =       517.5266  DIHED      =      1612.0029
 1-4 NB =       460.5076  1-4 EEL =      7883.9815  VDWAALS    =     -1173.9573
 EELEC  =     -8107.5866  EGB     =     -5509.7843  RESTRAINT  =        52.0946
 EAMBER (non-restraint)  =     -4078.9741
 ESURF=        42.6009
 ------------------------------------------------------------------------------

 NMR restraints: Bond =    0.000   Angle =     0.000   Torsion =     0.000
===============================================================================

 NSTEP =    20000   TIME(PS) =      40.000  TEMP(K) =   110.40  PRESS =     0.0
 Etot   =     -3447.0556  EKtot   =       588.0814  EPtot      =     -4035.1370
 BOND   =       181.0986  ANGLE   =       510.9169  DIHED      =      1618.5646
 1-4 NB =       456.8309  1-4 EEL =      7879.5825  VDWAALS    =     -1168.5738
 EELEC  =     -8080.2505  EGB     =     -5532.9778  RESTRAINT  =        55.9875
 EAMBER (non-restraint)  =     -4091.1245
 ESURF=        43.6841
 ------------------------------------------------------------------------------

 NMR restraints: Bond =    0.000   Angle =     0.000   Torsion =     0.000
===============================================================================

 NSTEP =    25000   TIME(PS) =      50.000  TEMP(K) =   111.56  PRESS =     0.0
 Etot   =     -3412.6844  EKtot   =       594.2336  EPtot      =     -4006.9180
 BOND   =       173.7230  ANGLE   =       539.0064  DIHED      =      1620.9047
 1-4 NB =       468.5049  1-4 EEL =      7898.9987  VDWAALS    =     -1169.2314
 EELEC  =     -8143.2365  EGB     =     -5490.2937  RESTRAINT  =        51.1213
 EAMBER (non-restraint)  =     -4058.0393
 ESURF=        43.5847
 ------------------------------------------------------------------------------

 NMR restraints: Bond =    0.000   Angle =     0.000   Torsion =     0.000
===============================================================================

 NSTEP =    30000   TIME(PS) =      60.000  TEMP(K) =   115.33  PRESS =     0.0
 Etot   =     -3374.1827  EKtot   =       614.3029  EPtot      =     -3988.4855
 BOND   =       189.7109  ANGLE   =       517.4615  DIHED      =      1630.7339
 1-4 NB =       462.7191  1-4 EEL =      7908.6698  VDWAALS    =     -1163.2684
 EELEC  =     -8084.3689  EGB     =     -5549.3693  RESTRAINT  =        55.4135
 EAMBER (non-restraint)  =     -4043.8990
 ESURF=        43.8125
 ------------------------------------------------------------------------------

 NMR restraints: Bond =    0.000   Angle =     0.000   Torsion =     0.000
===============================================================================

 NSTEP =    35000   TIME(PS) =      70.000  TEMP(K) =   115.83  PRESS =     0.0
 Etot   =     -3384.0880  EKtot   =       616.9955  EPtot      =     -4001.0835
 BOND   =       180.1687  ANGLE   =       528.2925  DIHED      =      1619.9115
 1-4 NB =       463.7268  1-4 EEL =      7908.8746  VDWAALS    =     -1176.9247
 EELEC  =     -8091.9165  EGB     =     -5528.8612  RESTRAINT  =        52.6303
 EAMBER (non-restraint)  =     -4053.7138
 ESURF=        43.0144
 ------------------------------------------------------------------------------

 NMR restraints: Bond =    0.000   Angle =     0.000   Torsion =     0.000
===============================================================================

 NSTEP =    40000   TIME(PS) =      80.000  TEMP(K) =   117.49  PRESS =     0.0
 Etot   =     -3334.1266  EKtot   =       625.8560  EPtot      =     -3959.9826
 BOND   =       185.3802  ANGLE   =       547.0029  DIHED      =      1628.7320
 1-4 NB =       467.0924  1-4 EEL =      7871.2818  VDWAALS    =     -1173.6526
 EELEC  =     -8024.4860  EGB     =     -5561.9997  RESTRAINT  =        57.5522
 EAMBER (non-restraint)  =     -4017.5348
 ESURF=        43.1142
 ------------------------------------------------------------------------------

 NMR restraints: Bond =    0.000   Angle =     0.000   Torsion =     0.000
===============================================================================

 NSTEP =    45000   TIME(PS) =      90.000  TEMP(K) =   116.28  PRESS =     0.0
 Etot   =     -3349.1113  EKtot   =       619.3820  EPtot      =     -3968.4933
 BOND   =       206.6221  ANGLE   =       521.1041  DIHED      =      1641.0613
 1-4 NB =       466.0318  1-4 EEL =      7870.2602  VDWAALS    =     -1166.5174
 EELEC  =     -8148.0067  EGB     =     -5454.1416  RESTRAINT  =        52.8835
 EAMBER (non-restraint)  =     -4021.3767
 ESURF=        42.2095
 ------------------------------------------------------------------------------

 NMR restraints: Bond =    0.000   Angle =     0.000   Torsion =     0.000
===============================================================================

 NSTEP =    50000   TIME(PS) =     100.000  TEMP(K) =   120.80  PRESS =     0.0
 Etot   =     -3330.7977  EKtot   =       643.4734  EPtot      =     -3974.2711
 BOND   =       195.4788  ANGLE   =       547.6160  DIHED      =      1616.0760
 1-4 NB =       455.2911  1-4 EEL =      7891.4621  VDWAALS    =     -1169.4589
 EELEC  =     -8143.0000  EGB     =     -5470.3776  RESTRAINT  =        59.4722
 EAMBER (non-restraint)  =     -4033.7434
 ESURF=        43.1691
 ------------------------------------------------------------------------------

 NMR restraints: Bond =    0.000   Angle =     0.000   Torsion =     0.000
===============================================================================

 NSTEP =    55000   TIME(PS) =     110.000  TEMP(K) =   124.30  PRESS =     0.0
 Etot   =     -3289.1806  EKtot   =       662.1065  EPtot      =     -3951.2870
 BOND   =       203.1655  ANGLE   =       544.9596  DIHED      =      1625.2613
 1-4 NB =       465.9441  1-4 EEL =      7885.8646  VDWAALS    =     -1167.1871
 EELEC  =     -8154.9228  EGB     =     -5454.1738  RESTRAINT  =        56.5603
 EAMBER (non-restraint)  =     -4007.8473
 ESURF=        43.2414
 ------------------------------------------------------------------------------

 NMR restraints: Bond =    0.000   Angle =     0.000   Torsion =     0.000
===============================================================================

 NSTEP =    60000   TIME(PS) =     120.000  TEMP(K) =   120.78  PRESS =     0.0
 Etot   =     -3283.5765  EKtot   =       643.3662  EPtot      =     -3926.9427
 BOND   =       192.3203  ANGLE   =       568.1686  DIHED      =      1632.3359
 1-4 NB =       467.9736  1-4 EEL =      7909.6779  VDWAALS    =     -1160.1550
 EELEC  =     -8180.5577  EGB     =     -5456.1944  RESTRAINT  =        56.8270
 EAMBER (non-restraint)  =     -3983.7697
 ESURF=        42.6612
 ------------------------------------------------------------------------------

 NMR restraints: Bond =    0.000   Angle =     0.000   Torsion =     0.000
===============================================================================

 NSTEP =    65000   TIME(PS) =     130.000  TEMP(K) =   122.78  PRESS =     0.0
 Etot   =     -3252.5467  EKtot   =       654.0192  EPtot      =     -3906.5660
 BOND   =       191.8918  ANGLE   =       584.3528  DIHED      =      1635.8637
 1-4 NB =       464.7574  1-4 EEL =      7885.9316  VDWAALS    =     -1156.0446
 EELEC  =     -8163.2765  EGB     =     -5455.1573  RESTRAINT  =        61.8647
 EAMBER (non-restraint)  =     -3968.4306
 ESURF=        43.2505
 ------------------------------------------------------------------------------

 NMR restraints: Bond =    0.000   Angle =     0.000   Torsion =     0.000
===============================================================================

 NSTEP =    70000   TIME(PS) =     140.000  TEMP(K) =   132.07  PRESS =     0.0
 Etot   =     -3207.9987  EKtot   =       703.5023  EPtot      =     -3911.5009
 BOND   =       204.8273  ANGLE   =       559.4000  DIHED      =      1642.9868
 1-4 NB =       468.2031  1-4 EEL =      7904.1912  VDWAALS    =     -1161.5279
 EELEC  =     -8165.3162  EGB     =     -5463.7769  RESTRAINT  =        55.8011
 EAMBER (non-restraint)  =     -3967.3021
 ESURF=        43.7106
 ------------------------------------------------------------------------------

 NMR restraints: Bond =    0.000   Angle =     0.000   Torsion =     0.000
===============================================================================

 NSTEP =    75000   TIME(PS) =     150.000  TEMP(K) =   125.42  PRESS =     0.0
 Etot   =     -3241.3994  EKtot   =       668.0638  EPtot      =     -3909.4632
 BOND   =       200.1351  ANGLE   =       568.8808  DIHED      =      1638.4598
 1-4 NB =       465.8061  1-4 EEL =      7881.6536  VDWAALS    =     -1169.0525
 EELEC  =     -8151.8986  EGB     =     -5446.8584  RESTRAINT  =        59.9918
 EAMBER (non-restraint)  =     -3969.4550
 ESURF=        43.4191
 ------------------------------------------------------------------------------

 NMR restraints: Bond =    0.000   Angle =     0.000   Torsion =     0.000
===============================================================================

 NSTEP =    80000   TIME(PS) =     160.000  TEMP(K) =   128.36  PRESS =     0.0
 Etot   =     -3223.8238  EKtot   =       683.7173  EPtot      =     -3907.5411
 BOND   =       196.6715  ANGLE   =       580.0367  DIHED      =      1624.2444
 1-4 NB =       475.9680  1-4 EEL =      7886.6530  VDWAALS    =     -1167.8299
 EELEC  =     -8120.1486  EGB     =     -5485.1312  RESTRAINT  =        59.2612
 EAMBER (non-restraint)  =     -3966.8023
 ESURF=        42.7337
 ------------------------------------------------------------------------------

 NMR restraints: Bond =    0.000   Angle =     0.000   Torsion =     0.000
===============================================================================

 NSTEP =    85000   TIME(PS) =     170.000  TEMP(K) =   134.91  PRESS =     0.0
 Etot   =     -3158.8914  EKtot   =       718.6017  EPtot      =     -3877.4932
 BOND   =       203.6188  ANGLE   =       585.2769  DIHED      =      1643.3976
 1-4 NB =       459.7619  1-4 EEL =      7911.9272  VDWAALS    =     -1158.9157
 EELEC  =     -8173.0726  EGB     =     -5452.2364  RESTRAINT  =        59.2648
 EAMBER (non-restraint)  =     -3936.7579
 ESURF=        43.4842
 ------------------------------------------------------------------------------

 NMR restraints: Bond =    0.000   Angle =     0.000   Torsion =     0.000
===============================================================================

 NSTEP =    90000   TIME(PS) =     180.000  TEMP(K) =   130.08  PRESS =     0.0
 Etot   =     -3165.6212  EKtot   =       692.9164  EPtot      =     -3858.5376
 BOND   =       220.5037  ANGLE   =       591.7438  DIHED      =      1638.6430
 1-4 NB =       461.4081  1-4 EEL =      7894.1560  VDWAALS    =     -1163.6685
 EELEC  =     -8127.0130  EGB     =     -5482.8478  RESTRAINT  =        64.3677
 EAMBER (non-restraint)  =     -3922.9052
 ESURF=        44.1694
 ------------------------------------------------------------------------------

 NMR restraints: Bond =    0.000   Angle =     0.000   Torsion =     0.000
===============================================================================

 NSTEP =    95000   TIME(PS) =     190.000  TEMP(K) =   139.78  PRESS =     0.0
 Etot   =     -3133.2998  EKtot   =       744.5699  EPtot      =     -3877.8697
 BOND   =       217.9161  ANGLE   =       588.9611  DIHED      =      1627.4990
 1-4 NB =       461.6183  1-4 EEL =      7888.2251  VDWAALS    =     -1171.4142
 EELEC  =     -8092.4103  EGB     =     -5502.2277  RESTRAINT  =        60.7404
 EAMBER (non-restraint)  =     -3938.6101
 ESURF=        43.2225
 ------------------------------------------------------------------------------

 NMR restraints: Bond =    0.000   Angle =     0.000   Torsion =     0.000
===============================================================================

 NSTEP =   100000   TIME(PS) =     200.000  TEMP(K) =   139.00  PRESS =     0.0
 Etot   =     -3117.2715  EKtot   =       740.4032  EPtot      =     -3857.6747
 BOND   =       215.9782  ANGLE   =       607.9843  DIHED      =      1635.9146
 1-4 NB =       466.0966  1-4 EEL =      7881.2018  VDWAALS    =     -1164.4511
 EELEC  =     -8145.3141  EGB     =     -5458.8740  RESTRAINT  =        59.7771
 EAMBER (non-restraint)  =     -3917.4518
 ESURF=        44.0119
 ------------------------------------------------------------------------------

 NMR restraints: Bond =    0.000   Angle =     0.000   Torsion =     0.000
===============================================================================

 NSTEP =   105000   TIME(PS) =     210.000  TEMP(K) =   136.57  PRESS =     0.0
 Etot   =     -3101.7114  EKtot   =       727.4588  EPtot      =     -3829.1702
 BOND   =       213.1876  ANGLE   =       615.6184  DIHED      =      1626.6415
 1-4 NB =       467.3544  1-4 EEL =      7909.9777  VDWAALS    =     -1159.5100
 EELEC  =     -8184.5546  EGB     =     -5433.2277  RESTRAINT  =        73.0394
 EAMBER (non-restraint)  =     -3902.2096
 ESURF=        42.3031
 ------------------------------------------------------------------------------

 NMR restraints: Bond =    0.000   Angle =     0.000   Torsion =     0.000
===============================================================================

 NSTEP =   110000   TIME(PS) =     220.000  TEMP(K) =   144.31  PRESS =     0.0
 Etot   =     -3053.1735  EKtot   =       768.7157  EPtot      =     -3821.8892
 BOND   =       228.8642  ANGLE   =       611.4740  DIHED      =      1643.8016
 1-4 NB =       467.2433  1-4 EEL =      7884.1812  VDWAALS    =     -1159.7240
 EELEC  =     -8122.0980  EGB     =     -5483.7739  RESTRAINT  =        64.8213
 EAMBER (non-restraint)  =     -3886.7105
 ESURF=        43.3211
 ------------------------------------------------------------------------------

 NMR restraints: Bond =    0.000   Angle =     0.000   Torsion =     0.000
===============================================================================

 NSTEP =   115000   TIME(PS) =     230.000  TEMP(K) =   141.77  PRESS =     0.0
 Etot   =     -3074.9131  EKtot   =       755.1528  EPtot      =     -3830.0659
 BOND   =       222.9253  ANGLE   =       621.5169  DIHED      =      1638.8759
 1-4 NB =       468.0342  1-4 EEL =      7881.3094  VDWAALS    =     -1158.7658
 EELEC  =     -8150.5788  EGB     =     -5458.2791  RESTRAINT  =        61.9344
 EAMBER (non-restraint)  =     -3892.0002
 ESURF=        42.9616
 ------------------------------------------------------------------------------

 NMR restraints: Bond =    0.000   Angle =     0.000   Torsion =     0.000
===============================================================================

 NSTEP =   120000   TIME(PS) =     240.000  TEMP(K) =   151.03  PRESS =     0.0
 Etot   =     -3023.8056  EKtot   =       804.4917  EPtot      =     -3828.2974
 BOND   =       233.0449  ANGLE   =       613.7466  DIHED      =      1648.6746
 1-4 NB =       464.8345  1-4 EEL =      7887.0814  VDWAALS    =     -1167.1532
 EELEC  =     -8170.7728  EGB     =     -5443.1128  RESTRAINT  =        62.5736
 EAMBER (non-restraint)  =     -3890.8710
 ESURF=        42.7858
 ------------------------------------------------------------------------------

 NMR restraints: Bond =    0.000   Angle =     0.000   Torsion =     0.000
===============================================================================

 NSTEP =   125000   TIME(PS) =     250.000  TEMP(K) =   145.11  PRESS =     0.0
 Etot   =     -3066.9420  EKtot   =       772.9762  EPtot      =     -3839.9182
 BOND   =       224.5455  ANGLE   =       616.4812  DIHED      =      1636.1849
 1-4 NB =       472.7199  1-4 EEL =      7881.2562  VDWAALS    =     -1174.7085
 EELEC  =     -8156.0859  EGB     =     -5446.9756  RESTRAINT  =        63.5168
 EAMBER (non-restraint)  =     -3903.4350
 ESURF=        43.1472
 ------------------------------------------------------------------------------

 NMR restraints: Bond =    0.000   Angle =     0.000   Torsion =     0.000
===============================================================================

 NSTEP =   130000   TIME(PS) =     260.000  TEMP(K) =   151.76  PRESS =     0.0
 Etot   =     -2946.9130  EKtot   =       808.3646  EPtot      =     -3755.2776
 BOND   =       234.8076  ANGLE   =       662.1673  DIHED      =      1662.2932
 1-4 NB =       473.6144  1-4 EEL =      7877.5653  VDWAALS    =     -1165.6967
 EELEC  =     -8143.9713  EGB     =     -5464.8258  RESTRAINT  =        65.0143
 EAMBER (non-restraint)  =     -3820.2919
 ESURF=        43.7542
 ------------------------------------------------------------------------------

 NMR restraints: Bond =    0.000   Angle =     0.000   Torsion =     0.000
===============================================================================

 NSTEP =   135000   TIME(PS) =     270.000  TEMP(K) =   157.22  PRESS =     0.0
 Etot   =     -2958.8735  EKtot   =       837.4643  EPtot      =     -3796.3378
 BOND   =       241.1313  ANGLE   =       628.0325  DIHED      =      1645.3974
 1-4 NB =       473.2387  1-4 EEL =      7874.9611  VDWAALS    =     -1175.7420
 EELEC  =     -8157.8959  EGB     =     -5436.2992  RESTRAINT  =        68.5096
 EAMBER (non-restraint)  =     -3864.8474
 ESURF=        42.3287
 ------------------------------------------------------------------------------

 NMR restraints: Bond =    0.000   Angle =     0.000   Torsion =     0.000
===============================================================================

 NSTEP =   140000   TIME(PS) =     280.000  TEMP(K) =   158.46  PRESS =     0.0
 Etot   =     -2949.9699  EKtot   =       844.0699  EPtot      =     -3794.0398
 BOND   =       227.1525  ANGLE   =       652.3225  DIHED      =      1651.7115
 1-4 NB =       465.8553  1-4 EEL =      7852.6837  VDWAALS    =     -1165.7169
 EELEC  =     -8114.2818  EGB     =     -5468.2805  RESTRAINT  =        60.9639
 EAMBER (non-restraint)  =     -3855.0037
 ESURF=        43.5500
 ------------------------------------------------------------------------------

 NMR restraints: Bond =    0.000   Angle =     0.000   Torsion =     0.000
===============================================================================

 NSTEP =   145000   TIME(PS) =     290.000  TEMP(K) =   158.04  PRESS =     0.0
 Etot   =     -2922.1276  EKtot   =       841.8270  EPtot      =     -3763.9546
 BOND   =       242.0073  ANGLE   =       642.4096  DIHED      =      1646.6085
 1-4 NB =       468.6791  1-4 EEL =      7870.6382  VDWAALS    =     -1166.0159
 EELEC  =     -8118.0553  EGB     =     -5464.4113  RESTRAINT  =        71.2027
 EAMBER (non-restraint)  =     -3835.1573
 ESURF=        42.9826
 ------------------------------------------------------------------------------

 NMR restraints: Bond =    0.000   Angle =     0.000   Torsion =     0.000
===============================================================================

 NSTEP =   150000   TIME(PS) =     300.000  TEMP(K) =   159.33  PRESS =     0.0
 Etot   =     -2871.7546  EKtot   =       848.6863  EPtot      =     -3720.4409
 BOND   =       244.1997  ANGLE   =       657.7611  DIHED      =      1654.1929
 1-4 NB =       478.9052  1-4 EEL =      7883.3267  VDWAALS    =     -1159.4698
 EELEC  =     -8159.5490  EGB     =     -5439.3665  RESTRAINT  =        76.9156
 EAMBER (non-restraint)  =     -3797.3565
 ESURF=        42.6431
 ------------------------------------------------------------------------------

 NMR restraints: Bond =    0.000   Angle =     0.000   Torsion =     0.000
===============================================================================

 NSTEP =   155000   TIME(PS) =     310.000  TEMP(K) =   159.50  PRESS =     0.0
 Etot   =     -2875.2643  EKtot   =       849.6025  EPtot      =     -3724.8667
 BOND   =       236.8659  ANGLE   =       670.7905  DIHED      =      1658.4250
 1-4 NB =       477.7941  1-4 EEL =      7865.0838  VDWAALS    =     -1162.0878
 EELEC  =     -8108.8790  EGB     =     -5475.8334  RESTRAINT  =        69.4347
 EAMBER (non-restraint)  =     -3794.3014
 ESURF=        43.5394
 ------------------------------------------------------------------------------

 NMR restraints: Bond =    0.000   Angle =     0.000   Torsion =     0.000
===============================================================================

 NSTEP =   160000   TIME(PS) =     320.000  TEMP(K) =   162.53  PRESS =     0.0
 Etot   =     -2854.9555  EKtot   =       865.7208  EPtot      =     -3720.6763
 BOND   =       253.3753  ANGLE   =       651.5124  DIHED      =      1657.2044
 1-4 NB =       472.3134  1-4 EEL =      7906.3315  VDWAALS    =     -1147.1738
 EELEC  =     -8176.3600  EGB     =     -5455.0907  RESTRAINT  =        74.9605
 EAMBER (non-restraint)  =     -3795.6367
 ESURF=        42.2509
 ------------------------------------------------------------------------------

 NMR restraints: Bond =    0.000   Angle =     0.000   Torsion =     0.000
===============================================================================

 NSTEP =   165000   TIME(PS) =     330.000  TEMP(K) =   169.77  PRESS =     0.0
 Etot   =     -2791.3478  EKtot   =       904.3312  EPtot      =     -3695.6791
 BOND   =       274.9935  ANGLE   =       682.8668  DIHED      =      1645.0307
 1-4 NB =       462.3954  1-4 EEL =      7858.0833  VDWAALS    =     -1148.3520
 EELEC  =     -8129.4036  EGB     =     -5460.0286  RESTRAINT  =        75.1614
 EAMBER (non-restraint)  =     -3770.8405
 ESURF=        43.5739
 ------------------------------------------------------------------------------

 NMR restraints: Bond =    0.000   Angle =     0.000   Torsion =     0.000
===============================================================================

 NSTEP =   170000   TIME(PS) =     340.000  TEMP(K) =   173.42  PRESS =     0.0
 Etot   =     -2784.4423  EKtot   =       923.7424  EPtot      =     -3708.1847
 BOND   =       248.6422  ANGLE   =       669.8698  DIHED      =      1661.9949
 1-4 NB =       467.2352  1-4 EEL =      7891.8258  VDWAALS    =     -1146.0326
 EELEC  =     -8210.7095  EGB     =     -5411.2061  RESTRAINT  =        77.0189
 EAMBER (non-restraint)  =     -3785.2036
 ESURF=        43.1767
 ------------------------------------------------------------------------------

 NMR restraints: Bond =    0.000   Angle =     0.000   Torsion =     0.000
===============================================================================

 NSTEP =   175000   TIME(PS) =     350.000  TEMP(K) =   172.00  PRESS =     0.0
 Etot   =     -2763.0419  EKtot   =       916.1644  EPtot      =     -3679.2063
 BOND   =       241.5268  ANGLE   =       683.6794  DIHED      =      1651.4565
 1-4 NB =       484.6395  1-4 EEL =      7875.7681  VDWAALS    =     -1146.8737
 EELEC  =     -8135.2783  EGB     =     -5455.0913  RESTRAINT  =        77.2576
 EAMBER (non-restraint)  =     -3756.4639
 ESURF=        43.7090
 ------------------------------------------------------------------------------

 NMR restraints: Bond =    0.000   Angle =     0.000   Torsion =     0.000
===============================================================================

 NSTEP =   180000   TIME(PS) =     360.000  TEMP(K) =   165.33  PRESS =     0.0
 Etot   =     -2821.6085  EKtot   =       880.6615  EPtot      =     -3702.2701
 BOND   =       245.7132  ANGLE   =       673.4990  DIHED      =      1655.4335
 1-4 NB =       475.1679  1-4 EEL =      7885.8959  VDWAALS    =     -1158.7016
 EELEC  =     -8129.7670  EGB     =     -5473.2764  RESTRAINT  =        79.9848
 EAMBER (non-restraint)  =     -3782.2548
 ESURF=        43.7808
 ------------------------------------------------------------------------------

 NMR restraints: Bond =    0.000   Angle =     0.000   Torsion =     0.000
===============================================================================

 NSTEP =   185000   TIME(PS) =     370.000  TEMP(K) =   172.16  PRESS =     0.0
 Etot   =     -2764.1045  EKtot   =       917.0652  EPtot      =     -3681.1697
 BOND   =       262.7111  ANGLE   =       702.1013  DIHED      =      1651.0549
 1-4 NB =       469.6034  1-4 EEL =      7859.8105  VDWAALS    =     -1147.6540
 EELEC  =     -8149.7115  EGB     =     -5444.3297  RESTRAINT  =        70.9478
 EAMBER (non-restraint)  =     -3752.1175
 ESURF=        44.2966
 ------------------------------------------------------------------------------

 NMR restraints: Bond =    0.000   Angle =     0.000   Torsion =     0.000
===============================================================================

 NSTEP =   190000   TIME(PS) =     380.000  TEMP(K) =   178.46  PRESS =     0.0
 Etot   =     -2706.2714  EKtot   =       950.5707  EPtot      =     -3656.8420
 BOND   =       264.8863  ANGLE   =       711.0709  DIHED      =      1662.6149
 1-4 NB =       463.2700  1-4 EEL =      7848.5680  VDWAALS    =     -1148.2523
 EELEC  =     -8129.7060  EGB     =     -5458.2984  RESTRAINT  =        84.6291
 EAMBER (non-restraint)  =     -3741.4711
 ESURF=        44.3756
 ------------------------------------------------------------------------------

 NMR restraints: Bond =    0.000   Angle =     0.000   Torsion =     0.000
===============================================================================

 NSTEP =   195000   TIME(PS) =     390.000  TEMP(K) =   175.82  PRESS =     0.0
 Etot   =     -2686.2867  EKtot   =       936.5154  EPtot      =     -3622.8021
 BOND   =       270.7522  ANGLE   =       702.4234  DIHED      =      1661.0372
 1-4 NB =       474.5039  1-4 EEL =      7887.1190  VDWAALS    =     -1149.6112
 EELEC  =     -8134.1020  EGB     =     -5460.6685  RESTRAINT  =        81.1304
 EAMBER (non-restraint)  =     -3703.9326
 ESURF=        44.6134
 ------------------------------------------------------------------------------

 NMR restraints: Bond =    0.000   Angle =     0.000   Torsion =     0.000
===============================================================================

 NSTEP =   200000   TIME(PS) =     400.000  TEMP(K) =   179.33  PRESS =     0.0
 Etot   =     -2675.6479  EKtot   =       955.2124  EPtot      =     -3630.8603
 BOND   =       275.7961  ANGLE   =       678.7130  DIHED      =      1655.4343
 1-4 NB =       485.6933  1-4 EEL =      7928.3194  VDWAALS    =     -1144.4608
 EELEC  =     -8162.5296  EGB     =     -5467.1749  RESTRAINT  =        74.6195
 EAMBER (non-restraint)  =     -3705.4797
 ESURF=        44.7295
 ------------------------------------------------------------------------------

 NMR restraints: Bond =    0.000   Angle =     0.000   Torsion =     0.000
===============================================================================

 NSTEP =   205000   TIME(PS) =     410.000  TEMP(K) =   185.19  PRESS =     0.0
 Etot   =     -2653.8962  EKtot   =       986.4253  EPtot      =     -3640.3215
 BOND   =       257.1498  ANGLE   =       708.0661  DIHED      =      1656.9187
 1-4 NB =       476.3574  1-4 EEL =      7880.5067  VDWAALS    =     -1160.0753
 EELEC  =     -8122.6301  EGB     =     -5462.7604  RESTRAINT  =        82.8030
 EAMBER (non-restraint)  =     -3723.1245
 ESURF=        43.3426
 ------------------------------------------------------------------------------

 NMR restraints: Bond =    0.000   Angle =     0.000   Torsion =     0.000
===============================================================================

 NSTEP =   210000   TIME(PS) =     420.000  TEMP(K) =   181.14  PRESS =     0.0
 Etot   =     -2655.8067  EKtot   =       964.8685  EPtot      =     -3620.6753
 BOND   =       249.0555  ANGLE   =       706.9787  DIHED      =      1658.7471
 1-4 NB =       479.9484  1-4 EEL =      7889.2820  VDWAALS    =     -1141.6218
 EELEC  =     -8070.2065  EGB     =     -5522.1960  RESTRAINT  =        84.5703
 EAMBER (non-restraint)  =     -3705.2456
 ESURF=        44.7669
 ------------------------------------------------------------------------------

 NMR restraints: Bond =    0.000   Angle =     0.000   Torsion =     0.000
===============================================================================

 NSTEP =   215000   TIME(PS) =     430.000  TEMP(K) =   185.02  PRESS =     0.0
 Etot   =     -2617.8080  EKtot   =       985.5620  EPtot      =     -3603.3700
 BOND   =       250.1971  ANGLE   =       702.0247  DIHED      =      1665.0458
 1-4 NB =       491.1348  1-4 EEL =      7879.2366  VDWAALS    =     -1141.5630
 EELEC  =     -8140.4899  EGB     =     -5447.5657  RESTRAINT  =        94.8117
 EAMBER (non-restraint)  =     -3698.1818
 ESURF=        43.7978
 ------------------------------------------------------------------------------

 NMR restraints: Bond =    0.000   Angle =     0.000   Torsion =     0.000
===============================================================================

 NSTEP =   220000   TIME(PS) =     440.000  TEMP(K) =   188.10  PRESS =     0.0
 Etot   =     -2555.1527  EKtot   =      1001.9493  EPtot      =     -3557.1020
 BOND   =       287.0722  ANGLE   =       738.6177  DIHED      =      1687.7708
 1-4 NB =       467.3987  1-4 EEL =      7872.3689  VDWAALS    =     -1152.7502
 EELEC  =     -8103.5965  EGB     =     -5485.7123  RESTRAINT  =        86.8035
 EAMBER (non-restraint)  =     -3643.9055
 ESURF=        44.9250
 ------------------------------------------------------------------------------

 NMR restraints: Bond =    0.000   Angle =     0.000   Torsion =     0.000
===============================================================================

 NSTEP =   225000   TIME(PS) =     450.000  TEMP(K) =   191.35  PRESS =     0.0
 Etot   =     -2578.3375  EKtot   =      1019.2751  EPtot      =     -3597.6126
 BOND   =       281.9124  ANGLE   =       711.8428  DIHED      =      1675.4055
 1-4 NB =       470.2564  1-4 EEL =      7875.1857  VDWAALS    =     -1147.9681
 EELEC  =     -8181.5428  EGB     =     -5413.1238  RESTRAINT  =        86.6633
 EAMBER (non-restraint)  =     -3684.2759
 ESURF=        43.7558
 ------------------------------------------------------------------------------

 NMR restraints: Bond =    0.000   Angle =     0.000   Torsion =     0.000
===============================================================================

 NSTEP =   230000   TIME(PS) =     460.000  TEMP(K) =   188.23  PRESS =     0.0
 Etot   =     -2545.8557  EKtot   =      1002.6354  EPtot      =     -3548.4911
 BOND   =       290.6972  ANGLE   =       731.9939  DIHED      =      1688.1334
 1-4 NB =       473.8421  1-4 EEL =      7895.9275  VDWAALS    =     -1144.6897
 EELEC  =     -8135.5181  EGB     =     -5479.0976  RESTRAINT  =        86.7959
 EAMBER (non-restraint)  =     -3635.2870
 ESURF=        43.4241
 ------------------------------------------------------------------------------

 NMR restraints: Bond =    0.000   Angle =     0.000   Torsion =     0.000
===============================================================================

 NSTEP =   235000   TIME(PS) =     470.000  TEMP(K) =   197.19  PRESS =     0.0
 Etot   =     -2502.8898  EKtot   =      1050.3414  EPtot      =     -3553.2312
 BOND   =       274.0829  ANGLE   =       756.4710  DIHED      =      1668.6935
 1-4 NB =       481.4232  1-4 EEL =      7877.6772  VDWAALS    =     -1158.0238
 EELEC  =     -8087.1555  EGB     =     -5492.4828  RESTRAINT  =        81.6715
 EAMBER (non-restraint)  =     -3634.9027
 ESURF=        44.4115
 ------------------------------------------------------------------------------

 NMR restraints: Bond =    0.000   Angle =     0.000   Torsion =     0.000
===============================================================================

 NSTEP =   240000   TIME(PS) =     480.000  TEMP(K) =   199.01  PRESS =     0.0
 Etot   =     -2496.3566  EKtot   =      1060.0857  EPtot      =     -3556.4423
 BOND   =       276.6594  ANGLE   =       740.2209  DIHED      =      1665.5198
 1-4 NB =       474.2644  1-4 EEL =      7908.7634  VDWAALS    =     -1133.6911
 EELEC  =     -8132.3559  EGB     =     -5490.6137  RESTRAINT  =        90.1979
 EAMBER (non-restraint)  =     -3646.6402
 ESURF=        44.5926
 ------------------------------------------------------------------------------

 NMR restraints: Bond =    0.000   Angle =     0.000   Torsion =     0.000
===============================================================================

 NSTEP =   245000   TIME(PS) =     490.000  TEMP(K) =   195.54  PRESS =     0.0
 Etot   =     -2508.5675  EKtot   =      1041.5539  EPtot      =     -3550.1214
 BOND   =       296.4057  ANGLE   =       742.5469  DIHED      =      1664.0275
 1-4 NB =       469.0012  1-4 EEL =      7873.1602  VDWAALS    =     -1148.5024
 EELEC  =     -8083.3593  EGB     =     -5493.6221  RESTRAINT  =        84.9161
 EAMBER (non-restraint)  =     -3635.0375
 ESURF=        45.3049
 ------------------------------------------------------------------------------

 NMR restraints: Bond =    0.000   Angle =     0.000   Torsion =     0.000
===============================================================================

 NSTEP =   250000   TIME(PS) =     500.000  TEMP(K) =   205.08  PRESS =     0.0
 Etot   =     -2468.0257  EKtot   =      1092.3933  EPtot      =     -3560.4190
 BOND   =       269.4725  ANGLE   =       746.8482  DIHED      =      1683.7213
 1-4 NB =       475.4802  1-4 EEL =      7866.3405  VDWAALS    =     -1144.1085
 EELEC  =     -8127.4045  EGB     =     -5461.9977  RESTRAINT  =        86.9645
 EAMBER (non-restraint)  =     -3647.3835
 ESURF=        44.2643
 ------------------------------------------------------------------------------

 NMR restraints: Bond =    0.000   Angle =     0.000   Torsion =     0.000
===============================================================================

 NSTEP =   255000   TIME(PS) =     510.000  TEMP(K) =   197.78  PRESS =     0.0
 Etot   =     -2418.7861  EKtot   =      1053.4888  EPtot      =     -3472.2749
 BOND   =       307.0413  ANGLE   =       790.2779  DIHED      =      1678.0039
 1-4 NB =       485.6298  1-4 EEL =      7865.1631  VDWAALS    =     -1162.7075
 EELEC  =     -8048.2823  EGB     =     -5512.3200  RESTRAINT  =        80.5678
 EAMBER (non-restraint)  =     -3552.8426
 ESURF=        44.3512
 ------------------------------------------------------------------------------

 NMR restraints: Bond =    0.000   Angle =     0.000   Torsion =     0.000
===============================================================================

 NSTEP =   260000   TIME(PS) =     520.000  TEMP(K) =   199.10  PRESS =     0.0
 Etot   =     -2434.0916  EKtot   =      1060.5495  EPtot      =     -3494.6410
 BOND   =       297.8537  ANGLE   =       747.7714  DIHED      =      1702.2475
 1-4 NB =       491.4939  1-4 EEL =      7854.6741  VDWAALS    =     -1143.5026
 EELEC  =     -8153.1954  EGB     =     -5428.9783  RESTRAINT  =        92.7925
 EAMBER (non-restraint)  =     -3587.4336
 ESURF=        44.2021
 ------------------------------------------------------------------------------

 NMR restraints: Bond =    0.000   Angle =     0.000   Torsion =     0.000
===============================================================================

 NSTEP =   265000   TIME(PS) =     530.000  TEMP(K) =   205.67  PRESS =     0.0
 Etot   =     -2399.8386  EKtot   =      1095.5432  EPtot      =     -3495.3818
 BOND   =       313.4196  ANGLE   =       772.2872  DIHED      =      1691.1929
 1-4 NB =       475.1435  1-4 EEL =      7867.5864  VDWAALS    =     -1161.6722
 EELEC  =     -8118.9118  EGB     =     -5470.8012  RESTRAINT  =        92.4431
 EAMBER (non-restraint)  =     -3587.8249
 ESURF=        43.9307
 ------------------------------------------------------------------------------

 NMR restraints: Bond =    0.000   Angle =     0.000   Torsion =     0.000
===============================================================================

 NSTEP =   270000   TIME(PS) =     540.000  TEMP(K) =   209.52  PRESS =     0.0
 Etot   =     -2373.2988  EKtot   =      1116.0525  EPtot      =     -3489.3513
 BOND   =       288.2087  ANGLE   =       786.2173  DIHED      =      1689.6272
 1-4 NB =       473.6659  1-4 EEL =      7867.3841  VDWAALS    =     -1139.1381
 EELEC  =     -8131.2664  EGB     =     -5461.2467  RESTRAINT  =        93.1298
 EAMBER (non-restraint)  =     -3582.4811
 ESURF=        44.0669
 ------------------------------------------------------------------------------

 NMR restraints: Bond =    0.000   Angle =     0.000   Torsion =     0.000
===============================================================================

 NSTEP =   275000   TIME(PS) =     550.000  TEMP(K) =   208.09  PRESS =     0.0
 Etot   =     -2369.8450  EKtot   =      1108.4507  EPtot      =     -3478.2957
 BOND   =       295.8206  ANGLE   =       778.7758  DIHED      =      1677.0353
 1-4 NB =       485.3646  1-4 EEL =      7899.9927  VDWAALS    =     -1139.6596
 EELEC  =     -8108.8443  EGB     =     -5494.6562  RESTRAINT  =        83.7721
 EAMBER (non-restraint)  =     -3562.0677
 ESURF=        44.1034
 ------------------------------------------------------------------------------

 NMR restraints: Bond =    0.000   Angle =     0.000   Torsion =     0.000
===============================================================================

 NSTEP =   280000   TIME(PS) =     560.000  TEMP(K) =   208.08  PRESS =     0.0
 Etot   =     -2346.4466  EKtot   =      1108.3695  EPtot      =     -3454.8161
 BOND   =       288.2572  ANGLE   =       799.7167  DIHED      =      1685.6535
 1-4 NB =       483.0270  1-4 EEL =      7888.2359  VDWAALS    =     -1145.3467
 EELEC  =     -8072.3807  EGB     =     -5517.4773  RESTRAINT  =        90.5923
 EAMBER (non-restraint)  =     -3545.4084
 ESURF=        44.9060
 ------------------------------------------------------------------------------

 NMR restraints: Bond =    0.000   Angle =     0.000   Torsion =     0.000
===============================================================================

 NSTEP =   285000   TIME(PS) =     570.000  TEMP(K) =   219.26  PRESS =     0.0
 Etot   =     -2264.4747  EKtot   =      1167.9350  EPtot      =     -3432.4097
 BOND   =       314.6977  ANGLE   =       799.4747  DIHED      =      1683.9553
 1-4 NB =       474.0145  1-4 EEL =      7880.4586  VDWAALS    =     -1136.3281
 EELEC  =     -8122.8768  EGB     =     -5465.0576  RESTRAINT  =        93.8178
 EAMBER (non-restraint)  =     -3526.2275
 ESURF=        45.4342
 ------------------------------------------------------------------------------

 NMR restraints: Bond =    0.000   Angle =     0.000   Torsion =     0.000
===============================================================================

 NSTEP =   290000   TIME(PS) =     580.000  TEMP(K) =   204.91  PRESS =     0.0
 Etot   =     -2356.7309  EKtot   =      1091.5078  EPtot      =     -3448.2387
 BOND   =       312.5056  ANGLE   =       799.9917  DIHED      =      1687.0968
 1-4 NB =       478.0193  1-4 EEL =      7885.3694  VDWAALS    =     -1155.4863
 EELEC  =     -8146.2142  EGB     =     -5445.7715  RESTRAINT  =        92.0869
 EAMBER (non-restraint)  =     -3540.3255
 ESURF=        44.1637
 ------------------------------------------------------------------------------

 NMR restraints: Bond =    0.000   Angle =     0.000   Torsion =     0.000
===============================================================================

 NSTEP =   295000   TIME(PS) =     590.000  TEMP(K) =   214.15  PRESS =     0.0
 Etot   =     -2266.9992  EKtot   =      1140.7274  EPtot      =     -3407.7267
 BOND   =       326.4318  ANGLE   =       803.8441  DIHED      =      1699.3641
 1-4 NB =       479.4903  1-4 EEL =      7904.7373  VDWAALS    =     -1139.7632
 EELEC  =     -8202.7391  EGB     =     -5412.8229  RESTRAINT  =        90.6922
 EAMBER (non-restraint)  =     -3498.4189
 ESURF=        43.0386
 ------------------------------------------------------------------------------

 NMR restraints: Bond =    0.000   Angle =     0.000   Torsion =     0.000
===============================================================================

 NSTEP =   300000   TIME(PS) =     600.000  TEMP(K) =   216.76  PRESS =     0.0
 Etot   =     -2263.6181  EKtot   =      1154.5843  EPtot      =     -3418.2024
 BOND   =       302.2317  ANGLE   =       800.0151  DIHED      =      1693.3880
 1-4 NB =       495.1474  1-4 EEL =      7877.6946  VDWAALS    =     -1147.8446
 EELEC  =     -8117.8034  EGB     =     -5457.9584  RESTRAINT  =        93.8474
 EAMBER (non-restraint)  =     -3512.0498
 ESURF=        43.0799
 ------------------------------------------------------------------------------

 NMR restraints: Bond =    0.000   Angle =     0.000   Torsion =     0.000
===============================================================================

 NSTEP =   305000   TIME(PS) =     610.000  TEMP(K) =   226.88  PRESS =     0.0
 Etot   =     -2224.6905  EKtot   =      1208.5133  EPtot      =     -3433.2038
 BOND   =       317.0539  ANGLE   =       812.0435  DIHED      =      1690.7031
 1-4 NB =       467.2233  1-4 EEL =      7872.7643  VDWAALS    =     -1158.9352
 EELEC  =     -8104.3308  EGB     =     -5467.7799  RESTRAINT  =        96.0464
 EAMBER (non-restraint)  =     -3529.2501
 ESURF=        42.0076
 ------------------------------------------------------------------------------

 NMR restraints: Bond =    0.000   Angle =     0.000   Torsion =     0.000
===============================================================================

 NSTEP =   310000   TIME(PS) =     620.000  TEMP(K) =   220.28  PRESS =     0.0
 Etot   =     -2239.7480  EKtot   =      1173.3354  EPtot      =     -3413.0833
 BOND   =       329.9266  ANGLE   =       793.4022  DIHED      =      1706.1263
 1-4 NB =       480.4113  1-4 EEL =      7872.2814  VDWAALS    =     -1141.8908
 EELEC  =     -8099.8231  EGB     =     -5483.5685  RESTRAINT  =        87.6928
 EAMBER (non-restraint)  =     -3500.7761
 ESURF=        42.3586
 ------------------------------------------------------------------------------

 NMR restraints: Bond =    0.000   Angle =     0.000   Torsion =     0.000
===============================================================================

 NSTEP =   315000   TIME(PS) =     630.000  TEMP(K) =   221.21  PRESS =     0.0
 Etot   =     -2223.3542  EKtot   =      1178.3199  EPtot      =     -3401.6741
 BOND   =       330.4335  ANGLE   =       807.3088  DIHED      =      1697.9320
 1-4 NB =       481.1860  1-4 EEL =      7868.0424  VDWAALS    =     -1134.1709
 EELEC  =     -8104.2890  EGB     =     -5484.4897  RESTRAINT  =        90.6940
 EAMBER (non-restraint)  =     -3492.3681
 ESURF=        45.6788
 ------------------------------------------------------------------------------

 NMR restraints: Bond =    0.000   Angle =     0.000   Torsion =     0.000
===============================================================================

 NSTEP =   320000   TIME(PS) =     640.000  TEMP(K) =   224.77  PRESS =     0.0
 Etot   =     -2176.1379  EKtot   =      1197.2878  EPtot      =     -3373.4257
 BOND   =       335.6820  ANGLE   =       818.3860  DIHED      =      1687.6708
 1-4 NB =       485.0247  1-4 EEL =      7869.7869  VDWAALS    =     -1139.3829
 EELEC  =     -8091.4317  EGB     =     -5471.3119  RESTRAINT  =        89.7513
 EAMBER (non-restraint)  =     -3463.1769
 ESURF=        42.3992
 ------------------------------------------------------------------------------

 NMR restraints: Bond =    0.000   Angle =     0.000   Torsion =     0.000
===============================================================================

 NSTEP =   325000   TIME(PS) =     650.000  TEMP(K) =   224.70  PRESS =     0.0
 Etot   =     -2163.8769  EKtot   =      1196.9113  EPtot      =     -3360.7882
 BOND   =       328.6157  ANGLE   =       842.3712  DIHED      =      1694.2925
 1-4 NB =       478.7203  1-4 EEL =      7876.8098  VDWAALS    =     -1142.1616
 EELEC  =     -8133.9462  EGB     =     -5447.5839  RESTRAINT  =        98.6530
 EAMBER (non-restraint)  =     -3459.4412
 ESURF=        43.4411
 ------------------------------------------------------------------------------

 NMR restraints: Bond =    0.000   Angle =     0.000   Torsion =     0.000
===============================================================================

 NSTEP =   330000   TIME(PS) =     660.000  TEMP(K) =   238.06  PRESS =     0.0
 Etot   =     -2062.8942  EKtot   =      1268.0484  EPtot      =     -3330.9426
 BOND   =       328.8004  ANGLE   =       859.2235  DIHED      =      1678.9109
 1-4 NB =       481.7770  1-4 EEL =      7848.1101  VDWAALS    =     -1116.5146
 EELEC  =     -8064.1882  EGB     =     -5497.0396  RESTRAINT  =       104.9313
 EAMBER (non-restraint)  =     -3435.8739
 ESURF=        45.0466
 ------------------------------------------------------------------------------

 NMR restraints: Bond =    0.000   Angle =     0.000   Torsion =     0.000
===============================================================================

 NSTEP =   335000   TIME(PS) =     670.000  TEMP(K) =   230.91  PRESS =     0.0
 Etot   =     -2120.3654  EKtot   =      1230.0011  EPtot      =     -3350.3666
 BOND   =       342.8976  ANGLE   =       849.7757  DIHED      =      1698.4160
 1-4 NB =       472.2270  1-4 EEL =      7838.7086  VDWAALS    =     -1143.8081
 EELEC  =     -8066.0415  EGB     =     -5482.3757  RESTRAINT  =        96.1397
 EAMBER (non-restraint)  =     -3446.5062
 ESURF=        43.6942
 ------------------------------------------------------------------------------

 NMR restraints: Bond =    0.000   Angle =     0.000   Torsion =     0.000
===============================================================================

 NSTEP =   340000   TIME(PS) =     680.000  TEMP(K) =   231.60  PRESS =     0.0
 Etot   =     -2114.3939  EKtot   =      1233.6556  EPtot      =     -3348.0494
 BOND   =       330.1434  ANGLE   =       838.5854  DIHED      =      1687.5170
 1-4 NB =       489.3828  1-4 EEL =      7874.9424  VDWAALS    =     -1136.2091
 EELEC  =     -8115.0739  EGB     =     -5458.1162  RESTRAINT  =        96.9127
 EAMBER (non-restraint)  =     -3444.9621
 ESURF=        43.8660
 ------------------------------------------------------------------------------

 NMR restraints: Bond =    0.000   Angle =     0.000   Torsion =     0.000
===============================================================================

 NSTEP =   345000   TIME(PS) =     690.000  TEMP(K) =   246.93  PRESS =     0.0
 Etot   =     -2003.0304  EKtot   =      1315.3359  EPtot      =     -3318.3663
 BOND   =       340.7670  ANGLE   =       835.1030  DIHED      =      1708.4352
 1-4 NB =       486.3391  1-4 EEL =      7891.5171  VDWAALS    =     -1150.1836
 EELEC  =     -8081.3533  EGB     =     -5491.0080  RESTRAINT  =        98.1596
 EAMBER (non-restraint)  =     -3416.5259
 ESURF=        43.8575
 ------------------------------------------------------------------------------

 NMR restraints: Bond =    0.000   Angle =     0.000   Torsion =     0.000
===============================================================================

 NSTEP =   350000   TIME(PS) =     700.000  TEMP(K) =   235.75  PRESS =     0.0
 Etot   =     -2054.6572  EKtot   =      1255.7754  EPtot      =     -3310.4326
 BOND   =       352.1745  ANGLE   =       844.8426  DIHED      =      1718.4498
 1-4 NB =       487.8861  1-4 EEL =      7875.4117  VDWAALS    =     -1144.6236
 EELEC  =     -8117.1516  EGB     =     -5471.9990  RESTRAINT  =        99.9737
 EAMBER (non-restraint)  =     -3410.4062
 ESURF=        44.6033
 ------------------------------------------------------------------------------

 NMR restraints: Bond =    0.000   Angle =     0.000   Torsion =     0.000
===============================================================================

 NSTEP =   355000   TIME(PS) =     710.000  TEMP(K) =   242.98  PRESS =     0.0
 Etot   =     -1994.0056  EKtot   =      1294.2723  EPtot      =     -3288.2779
 BOND   =       353.2092  ANGLE   =       867.0103  DIHED      =      1702.2455
 1-4 NB =       482.6751  1-4 EEL =      7880.2196  VDWAALS    =     -1144.2354
 EELEC  =     -8095.2012  EGB     =     -5481.3154  RESTRAINT  =       102.1938
 EAMBER (non-restraint)  =     -3390.4718
 ESURF=        44.9206
 ------------------------------------------------------------------------------

 NMR restraints: Bond =    0.000   Angle =     0.000   Torsion =     0.000
===============================================================================

 NSTEP =   360000   TIME(PS) =     720.000  TEMP(K) =   247.47  PRESS =     0.0
 Etot   =     -1959.2847  EKtot   =      1318.1746  EPtot      =     -3277.4593
 BOND   =       323.9988  ANGLE   =       883.1477  DIHED      =      1697.3773
 1-4 NB =       509.9347  1-4 EEL =      7909.6355  VDWAALS    =     -1128.2516
 EELEC  =     -8090.6569  EGB     =     -5528.2824  RESTRAINT  =       100.7490
 EAMBER (non-restraint)  =     -3378.2083
 ESURF=        44.8886
 ------------------------------------------------------------------------------

 NMR restraints: Bond =    0.000   Angle =     0.000   Torsion =     0.000
===============================================================================

 NSTEP =   365000   TIME(PS) =     730.000  TEMP(K) =   246.92  PRESS =     0.0
 Etot   =     -1927.7051  EKtot   =      1315.2795  EPtot      =     -3242.9846
 BOND   =       336.1066  ANGLE   =       896.4077  DIHED      =      1712.8102
 1-4 NB =       496.5955  1-4 EEL =      7865.4566  VDWAALS    =     -1125.7896
 EELEC  =     -8008.6974  EGB     =     -5563.3331  RESTRAINT  =       103.0541
 EAMBER (non-restraint)  =     -3346.0387
 ESURF=        44.4048
 ------------------------------------------------------------------------------

 NMR restraints: Bond =    0.000   Angle =     0.000   Torsion =     0.000
===============================================================================

 NSTEP =   370000   TIME(PS) =     740.000  TEMP(K) =   246.96  PRESS =     0.0
 Etot   =     -1971.7315  EKtot   =      1315.4914  EPtot      =     -3287.2229
 BOND   =       342.5847  ANGLE   =       877.2503  DIHED      =      1699.8823
 1-4 NB =       479.4897  1-4 EEL =      7884.2054  VDWAALS    =     -1128.3499
 EELEC  =     -8018.5355  EGB     =     -5580.8090  RESTRAINT  =       111.5726
 EAMBER (non-restraint)  =     -3398.7955
 ESURF=        45.4865
 ------------------------------------------------------------------------------

 NMR restraints: Bond =    0.000   Angle =     0.000   Torsion =     0.000
===============================================================================

 NSTEP =   375000   TIME(PS) =     750.000  TEMP(K) =   251.80  PRESS =     0.0
 Etot   =     -1888.3342  EKtot   =      1341.2655  EPtot      =     -3229.5997
 BOND   =       328.2357  ANGLE   =       909.9541  DIHED      =      1715.6536
 1-4 NB =       501.6072  1-4 EEL =      7894.9884  VDWAALS    =     -1142.0449
 EELEC  =     -8047.7198  EGB     =     -5536.8463  RESTRAINT  =       102.3983
 EAMBER (non-restraint)  =     -3331.9980
 ESURF=        44.1741
 ------------------------------------------------------------------------------

 NMR restraints: Bond =    0.000   Angle =     0.000   Torsion =     0.000
===============================================================================

 NSTEP =   380000   TIME(PS) =     760.000  TEMP(K) =   246.24  PRESS =     0.0
 Etot   =     -1957.2589  EKtot   =      1311.6472  EPtot      =     -3268.9061
 BOND   =       330.2867  ANGLE   =       897.6445  DIHED      =      1716.7931
 1-4 NB =       480.0670  1-4 EEL =      7834.7171  VDWAALS    =     -1139.2047
 EELEC  =     -7956.9550  EGB     =     -5576.6027  RESTRAINT  =        99.8520
 EAMBER (non-restraint)  =     -3368.7581
 ESURF=        44.4960
 ------------------------------------------------------------------------------

 NMR restraints: Bond =    0.000   Angle =     0.000   Torsion =     0.000
===============================================================================

 NSTEP =   385000   TIME(PS) =     770.000  TEMP(K) =   251.76  PRESS =     0.0
 Etot   =     -1866.5551  EKtot   =      1341.0158  EPtot      =     -3207.5709
 BOND   =       347.9062  ANGLE   =       921.5235  DIHED      =      1734.2100
 1-4 NB =       486.5829  1-4 EEL =      7851.0218  VDWAALS    =     -1152.8307
 EELEC  =     -8010.1365  EGB     =     -5545.3664  RESTRAINT  =       114.0020
 EAMBER (non-restraint)  =     -3321.5729
 ESURF=        45.5163
 ------------------------------------------------------------------------------

 NMR restraints: Bond =    0.000   Angle =     0.000   Torsion =     0.000
===============================================================================

 NSTEP =   390000   TIME(PS) =     780.000  TEMP(K) =   261.91  PRESS =     0.0
 Etot   =     -1850.9698  EKtot   =      1395.1253  EPtot      =     -3246.0952
 BOND   =       364.8774  ANGLE   =       898.7131  DIHED      =      1715.7410
 1-4 NB =       482.9226  1-4 EEL =      7881.6249  VDWAALS    =     -1133.7366
 EELEC  =     -8093.9853  EGB     =     -5508.8918  RESTRAINT  =       102.9704
 EAMBER (non-restraint)  =     -3349.0656
 ESURF=        43.6690
 ------------------------------------------------------------------------------

 NMR restraints: Bond =    0.000   Angle =     0.000   Torsion =     0.000
===============================================================================

 NSTEP =   395000   TIME(PS) =     790.000  TEMP(K) =   256.49  PRESS =     0.0
 Etot   =     -1872.2439  EKtot   =      1366.2308  EPtot      =     -3238.4747
 BOND   =       357.9068  ANGLE   =       857.9874  DIHED      =      1705.4128
 1-4 NB =       492.8298  1-4 EEL =      7917.0757  VDWAALS    =     -1131.1834
 EELEC  =     -7997.1730  EGB     =     -5592.0423  RESTRAINT  =       106.7820
 EAMBER (non-restraint)  =     -3345.2567
 ESURF=        43.9296
 ------------------------------------------------------------------------------

 NMR restraints: Bond =    0.000   Angle =     0.000   Torsion =     0.000
===============================================================================

 NSTEP =   400000   TIME(PS) =     800.000  TEMP(K) =   258.11  PRESS =     0.0
 Etot   =     -1799.4113  EKtot   =      1374.8734  EPtot      =     -3174.2847
 BOND   =       361.2976  ANGLE   =       931.8797  DIHED      =      1728.0657
 1-4 NB =       489.5961  1-4 EEL =      7848.8523  VDWAALS    =     -1126.8000
 EELEC  =     -7991.8904  EGB     =     -5572.9427  RESTRAINT  =       112.7595
 EAMBER (non-restraint)  =     -3287.0442
 ESURF=        44.8974
 ------------------------------------------------------------------------------

 NMR restraints: Bond =    0.000   Angle =     0.000   Torsion =     0.000
===============================================================================

 NSTEP =   405000   TIME(PS) =     810.000  TEMP(K) =   265.39  PRESS =     0.0
 Etot   =     -1754.4058  EKtot   =      1413.6442  EPtot      =     -3168.0500
 BOND   =       355.9349  ANGLE   =       944.9604  DIHED      =      1709.8651
 1-4 NB =       487.7677  1-4 EEL =      7836.7824  VDWAALS    =     -1121.7457
 EELEC  =     -7910.7162  EGB     =     -5635.9881  RESTRAINT  =       120.1216
 EAMBER (non-restraint)  =     -3288.1716
 ESURF=        44.9680
 ------------------------------------------------------------------------------

 NMR restraints: Bond =    0.000   Angle =     0.000   Torsion =     0.000
===============================================================================

 NSTEP =   410000   TIME(PS) =     820.000  TEMP(K) =   266.12  PRESS =     0.0
 Etot   =     -1721.9465  EKtot   =      1417.5365  EPtot      =     -3139.4829
 BOND   =       392.6499  ANGLE   =       944.1443  DIHED      =      1728.1653
 1-4 NB =       475.3336  1-4 EEL =      7860.5150  VDWAALS    =     -1147.0102
 EELEC  =     -7907.8998  EGB     =     -5635.1473  RESTRAINT  =       103.7084
 EAMBER (non-restraint)  =     -3243.1913
 ESURF=        46.0579
 ------------------------------------------------------------------------------

 NMR restraints: Bond =    0.000   Angle =     0.000   Torsion =     0.000
===============================================================================

 NSTEP =   415000   TIME(PS) =     830.000  TEMP(K) =   266.43  PRESS =     0.0
 Etot   =     -1753.5203  EKtot   =      1419.1765  EPtot      =     -3172.6968
 BOND   =       352.0143  ANGLE   =       902.9517  DIHED      =      1717.0068
 1-4 NB =       505.3061  1-4 EEL =      7877.7542  VDWAALS    =     -1109.0488
 EELEC  =     -7956.9205  EGB     =     -5610.2115  RESTRAINT  =       104.0009
 EAMBER (non-restraint)  =     -3276.6977
 ESURF=        44.4499
 ------------------------------------------------------------------------------

 NMR restraints: Bond =    0.000   Angle =     0.000   Torsion =     0.000
===============================================================================

 NSTEP =   420000   TIME(PS) =     840.000  TEMP(K) =   271.77  PRESS =     0.0
 Etot   =     -1687.5178  EKtot   =      1447.6107  EPtot      =     -3135.1285
 BOND   =       368.9829  ANGLE   =       955.9887  DIHED      =      1728.2164
 1-4 NB =       493.5927  1-4 EEL =      7861.4051  VDWAALS    =     -1136.0860
 EELEC  =     -7938.2233  EGB     =     -5616.9090  RESTRAINT  =       102.7865
 EAMBER (non-restraint)  =     -3237.9150
 ESURF=        45.1176
 ------------------------------------------------------------------------------

 NMR restraints: Bond =    0.000   Angle =     0.000   Torsion =     0.000
===============================================================================

 NSTEP =   425000   TIME(PS) =     850.000  TEMP(K) =   263.11  PRESS =     0.0
 Etot   =     -1737.3082  EKtot   =      1401.5037  EPtot      =     -3138.8120
 BOND   =       389.6784  ANGLE   =       918.2924  DIHED      =      1718.6896
 1-4 NB =       487.5718  1-4 EEL =      7902.7113  VDWAALS    =     -1123.9118
 EELEC  =     -7980.3930  EGB     =     -5609.5227  RESTRAINT  =       112.5531
 EAMBER (non-restraint)  =     -3251.3651
 ESURF=        45.5190
 ------------------------------------------------------------------------------

 NMR restraints: Bond =    0.000   Angle =     0.000   Torsion =     0.000
===============================================================================

 NSTEP =   430000   TIME(PS) =     860.000  TEMP(K) =   273.28  PRESS =     0.0
 Etot   =     -1712.0673  EKtot   =      1455.6892  EPtot      =     -3167.7565
 BOND   =       373.1973  ANGLE   =       920.5409  DIHED      =      1726.4504
 1-4 NB =       495.2513  1-4 EEL =      7861.9254  VDWAALS    =     -1112.9173
 EELEC  =     -7971.0839  EGB     =     -5605.9938  RESTRAINT  =       101.5209
 EAMBER (non-restraint)  =     -3269.2774
 ESURF=        43.3524
 ------------------------------------------------------------------------------

 NMR restraints: Bond =    0.000   Angle =     0.000   Torsion =     0.000
===============================================================================

 NSTEP =   435000   TIME(PS) =     870.000  TEMP(K) =   272.32  PRESS =     0.0
 Etot   =     -1621.2429  EKtot   =      1450.5636  EPtot      =     -3071.8065
 BOND   =       404.9772  ANGLE   =       933.2694  DIHED      =      1739.7219
 1-4 NB =       506.3981  1-4 EEL =      7867.4521  VDWAALS    =     -1131.4163
 EELEC  =     -7934.7646  EGB     =     -5626.1154  RESTRAINT  =       122.2905
 EAMBER (non-restraint)  =     -3194.0970
 ESURF=        46.3808
 ------------------------------------------------------------------------------

 NMR restraints: Bond =    0.000   Angle =     0.000   Torsion =     0.000
===============================================================================

 NSTEP =   440000   TIME(PS) =     880.000  TEMP(K) =   271.39  PRESS =     0.0
 Etot   =     -1712.0815  EKtot   =      1445.5832  EPtot      =     -3157.6647
 BOND   =       351.2598  ANGLE   =       950.6351  DIHED      =      1731.2522
 1-4 NB =       486.5735  1-4 EEL =      7884.4592  VDWAALS    =     -1131.8230
 EELEC  =     -7945.4841  EGB     =     -5641.8250  RESTRAINT  =       111.9065
 EAMBER (non-restraint)  =     -3269.5712
 ESURF=        45.3812
 ------------------------------------------------------------------------------

 NMR restraints: Bond =    0.000   Angle =     0.000   Torsion =     0.000
===============================================================================

 NSTEP =   445000   TIME(PS) =     890.000  TEMP(K) =   282.48  PRESS =     0.0
 Etot   =     -1547.1079  EKtot   =      1504.6747  EPtot      =     -3051.7827
 BOND   =       378.2924  ANGLE   =       961.2135  DIHED      =      1744.6101
 1-4 NB =       509.3045  1-4 EEL =      7880.0408  VDWAALS    =     -1125.5476
 EELEC  =     -8026.1836  EGB     =     -5541.6191  RESTRAINT  =       123.3384
 EAMBER (non-restraint)  =     -3175.1210
 ESURF=        44.7678
 ------------------------------------------------------------------------------

 NMR restraints: Bond =    0.000   Angle =     0.000   Torsion =     0.000
===============================================================================

 NSTEP =   450000   TIME(PS) =     900.000  TEMP(K) =   281.31  PRESS =     0.0
 Etot   =     -1602.3936  EKtot   =      1498.4278  EPtot      =     -3100.8213
 BOND   =       385.2001  ANGLE   =       950.8952  DIHED      =      1719.0867
 1-4 NB =       485.1169  1-4 EEL =      7864.0745  VDWAALS    =     -1130.2322
 EELEC  =     -7916.8022  EGB     =     -5625.2979  RESTRAINT  =       120.8560
 EAMBER (non-restraint)  =     -3221.6773
 ESURF=        46.2816
 ------------------------------------------------------------------------------

 NMR restraints: Bond =    0.000   Angle =     0.000   Torsion =     0.000
===============================================================================

 NSTEP =   455000   TIME(PS) =     910.000  TEMP(K) =   278.26  PRESS =     0.0
 Etot   =     -1606.7301  EKtot   =      1482.1818  EPtot      =     -3088.9119
 BOND   =       379.4886  ANGLE   =       980.1985  DIHED      =      1725.0506
 1-4 NB =       484.5119  1-4 EEL =      7839.8227  VDWAALS    =     -1127.4254
 EELEC  =     -8007.1946  EGB     =     -5531.1381  RESTRAINT  =       121.2623
 EAMBER (non-restraint)  =     -3210.1742
 ESURF=        46.5116
 ------------------------------------------------------------------------------

 NMR restraints: Bond =    0.000   Angle =     0.000   Torsion =     0.000
===============================================================================

 NSTEP =   460000   TIME(PS) =     920.000  TEMP(K) =   279.65  PRESS =     0.0
 Etot   =     -1638.1686  EKtot   =      1489.5985  EPtot      =     -3127.7671
 BOND   =       383.2837  ANGLE   =       967.5709  DIHED      =      1717.7343
 1-4 NB =       482.6732  1-4 EEL =      7851.4164  VDWAALS    =     -1124.9119
 EELEC  =     -8035.4448  EGB     =     -5526.6388  RESTRAINT  =       111.1872
 EAMBER (non-restraint)  =     -3238.9543
 ESURF=        45.3626
 ------------------------------------------------------------------------------

 NMR restraints: Bond =    0.000   Angle =     0.000   Torsion =     0.000
===============================================================================

 NSTEP =   465000   TIME(PS) =     930.000  TEMP(K) =   284.34  PRESS =     0.0
 Etot   =     -1533.4959  EKtot   =      1514.5798  EPtot      =     -3048.0758
 BOND   =       403.0276  ANGLE   =       982.3210  DIHED      =      1729.8674
 1-4 NB =       485.2704  1-4 EEL =      7839.3013  VDWAALS    =     -1108.4825
 EELEC  =     -7964.9182  EGB     =     -5577.1024  RESTRAINT  =       117.4319
 EAMBER (non-restraint)  =     -3165.5077
 ESURF=        45.2078
 ------------------------------------------------------------------------------

 NMR restraints: Bond =    0.000   Angle =     0.000   Torsion =     0.000
===============================================================================

 NSTEP =   470000   TIME(PS) =     940.000  TEMP(K) =   285.15  PRESS =     0.0
 Etot   =     -1540.5084  EKtot   =      1518.9235  EPtot      =     -3059.4319
 BOND   =       372.5875  ANGLE   =       956.9226  DIHED      =      1745.3079
 1-4 NB =       510.3534  1-4 EEL =      7840.1067  VDWAALS    =     -1104.2188
 EELEC  =     -8085.2648  EGB     =     -5456.5749  RESTRAINT  =       116.4103
 EAMBER (non-restraint)  =     -3175.8422
 ESURF=        44.9383
 ------------------------------------------------------------------------------

 NMR restraints: Bond =    0.000   Angle =     0.000   Torsion =     0.000
===============================================================================

 NSTEP =   475000   TIME(PS) =     950.000  TEMP(K) =   282.76  PRESS =     0.0
 Etot   =     -1503.2577  EKtot   =      1506.1919  EPtot      =     -3009.4496
 BOND   =       387.3813  ANGLE   =      1010.0739  DIHED      =      1738.5643
 1-4 NB =       489.8853  1-4 EEL =      7881.7690  VDWAALS    =     -1126.7843
 EELEC  =     -8079.7027  EGB     =     -5488.4528  RESTRAINT  =       131.7873
 EAMBER (non-restraint)  =     -3141.2369
 ESURF=        46.0293
 ------------------------------------------------------------------------------

 NMR restraints: Bond =    0.000   Angle =     0.000   Torsion =     0.000
===============================================================================

 NSTEP =   480000   TIME(PS) =     960.000  TEMP(K) =   299.39  PRESS =     0.0
 Etot   =     -1452.9951  EKtot   =      1594.7656  EPtot      =     -3047.7607
 BOND   =       386.8058  ANGLE   =       943.0947  DIHED      =      1739.5577
 1-4 NB =       506.2740  1-4 EEL =      7894.9663  VDWAALS    =     -1118.0876
 EELEC  =     -8071.5060  EGB     =     -5491.0492  RESTRAINT  =       118.3078
 EAMBER (non-restraint)  =     -3166.0685
 ESURF=        43.8759
 ------------------------------------------------------------------------------

 NMR restraints: Bond =    0.000   Angle =     0.000   Torsion =     0.000
===============================================================================

 NSTEP =   485000   TIME(PS) =     970.000  TEMP(K) =   285.90  PRESS =     0.0
 Etot   =     -1458.9960  EKtot   =      1522.9103  EPtot      =     -2981.9063
 BOND   =       375.7331  ANGLE   =      1031.2753  DIHED      =      1756.0985
 1-4 NB =       498.0858  1-4 EEL =      7872.3566  VDWAALS    =     -1117.4070
 EELEC  =     -8086.4436  EGB     =     -5478.6674  RESTRAINT  =       122.3965
 EAMBER (non-restraint)  =     -3104.3028
 ESURF=        44.6659
 ------------------------------------------------------------------------------

 NMR restraints: Bond =    0.000   Angle =     0.000   Torsion =     0.000
===============================================================================

 NSTEP =   490000   TIME(PS) =     980.000  TEMP(K) =   290.58  PRESS =     0.0
 Etot   =     -1393.8107  EKtot   =      1547.8478  EPtot      =     -2941.6585
 BOND   =       381.4895  ANGLE   =      1070.3345  DIHED      =      1747.3859
 1-4 NB =       507.9407  1-4 EEL =      7869.1600  VDWAALS    =     -1136.2356
 EELEC  =     -8011.5613  EGB     =     -5538.2213  RESTRAINT  =       122.0420
 EAMBER (non-restraint)  =     -3063.7005
 ESURF=        46.0071
 ------------------------------------------------------------------------------

 NMR restraints: Bond =    0.000   Angle =     0.000   Torsion =     0.000
===============================================================================

 NSTEP =   495000   TIME(PS) =     990.000  TEMP(K) =   304.59  PRESS =     0.0
 Etot   =     -1358.6086  EKtot   =      1622.4612  EPtot      =     -2981.0698
 BOND   =       413.7006  ANGLE   =      1008.2741  DIHED      =      1738.2330
 1-4 NB =       496.6120  1-4 EEL =      7856.7690  VDWAALS    =     -1114.1334
 EELEC  =     -8108.9067  EGB     =     -5444.4653  RESTRAINT  =       127.1671
 EAMBER (non-restraint)  =     -3108.2369
 ESURF=        45.6798
 ------------------------------------------------------------------------------

 NMR restraints: Bond =    0.000   Angle =     0.000   Torsion =     0.000
===============================================================================

 NSTEP =   500000   TIME(PS) =    1000.000  TEMP(K) =   308.29  PRESS =     0.0
 Etot   =     -1314.7755  EKtot   =      1642.1703  EPtot      =     -2956.9459
 BOND   =       391.2939  ANGLE   =      1051.6234  DIHED      =      1736.0211
 1-4 NB =       485.1089  1-4 EEL =      7796.1959  VDWAALS    =     -1112.0874
 EELEC  =     -7999.1109  EGB     =     -5489.2541  RESTRAINT  =       137.4958
 EAMBER (non-restraint)  =     -3094.4417
 ESURF=        45.7674
 ------------------------------------------------------------------------------

 NMR restraints: Bond =    0.000   Angle =     0.000   Torsion =     0.000
===============================================================================

      A V E R A G E S   O V E R     100 S T E P S


 NSTEP =   500000   TIME(PS) =    1000.000  TEMP(K) =   200.54  PRESS =     0.0
 Etot   =     -2450.3444  EKtot   =      1068.2308  EPtot      =     -3518.5752
 BOND   =       289.7913  ANGLE   =       759.7351  DIHED      =      1679.1705
 1-4 NB =       478.7842  1-4 EEL =      7877.0434  VDWAALS    =     -1146.7145
 EELEC  =     -8089.7418  EGB     =     -5497.7189  RESTRAINT  =        87.0078
 EAMBER (non-restraint)  =     -3605.5830
 ESURF=        44.0678
 ------------------------------------------------------------------------------

 NMR restraints: Bond =    0.000   Angle =     0.000   Torsion =     0.000
===============================================================================

      R M S  F L U C T U A T I O N S


 NSTEP =   500000   TIME(PS) =    1000.000  TEMP(K) =    57.70  PRESS =     0.0
 Etot   =       622.7439  EKtot   =       307.3364  EPtot      =       316.0982
 BOND   =        68.1376  ANGLE   =       151.3703  DIHED      =        38.7183
 1-4 NB =        13.1879  1-4 EEL =        20.7304  VDWAALS    =        17.9579
 EELEC  =        70.1617  EGB     =        55.5396  RESTRAINT  =        22.3118
 EAMBER (non-restraint)  =       293.7864
 ESURF=         1.0552
 ------------------------------------------------------------------------------


 NMR restraints on final step:

--------------------------------------------------------------------------------
   5.  TIMINGS
--------------------------------------------------------------------------------

|  NonSetup CPU Time in Major Routines:
|
|     Routine           Sec        %
|     ------------------------------
|     Nonbond       94220.21   98.81
|     Bond              8.02    0.01
|     Angle           130.03    0.14
|     Dihedral        754.27    0.79
|     Shake            34.14    0.04
|     RunMD           204.27    0.21
|     Other             0.70    0.00
|     ------------------------------
|     Total         95351.64

|  Generalized Born CPU Time:
|
|     Routine                 Sec        %
|     ------------------------------------
|     Radii Calc          21985.89   23.06
|     Diagonal Calc       40501.92   42.48
|     Off Diagonal Calc   31682.06   33.23
|     GBSA LCPO Calc          0.44    0.00
|     ---------------------------------
|     Total               94169.87   98.76

|  Final Performance Info:
|     -----------------------------------------------------
|     Average timings for last       1 steps:
|     Elapsed(s) =       0.00 Per Step(ms) =       0.13
|         ns/day =    1361.13   seconds/ns =      63.48
|
|     Average timings for all steps:
|     Elapsed(s) =   96121.64 Per Step(ms) =     192.24
|         ns/day =       0.90   seconds/ns =   96121.64
|     -----------------------------------------------------

|  Setup CPU time:            0.04 seconds
|  NonSetup CPU time:     95351.64 seconds
|  Total CPU time:        95351.68 seconds    26.49 hours

|  Setup wall time:           0    seconds
|  NonSetup wall time:    96122    seconds
|  Total wall time:       96122    seconds    26.70 hours
