
          -------------------------------------------------------
          Amber 22 PMEMD                              2022
          -------------------------------------------------------

| PMEMD implementation of SANDER, Release 22

|  Compiled date/time: Thu Apr 14 23:36:37 2022
| Run on 01/10/2024 at 20:50:15

|   Executable path: pmemd
| Working directory: /home/arul/Reegina/MD_Sim/amber_parameters/3F6R_info
|          Hostname: Unknown
  [-O]verwriting output

File Assignments:
|   MDIN: /home/arul/Reegina/MD_Sim/1A6N/min.in                                 
|  MDOUT: min_3F6R.out                                                          
| INPCRD: 3F6R.rst7                                                             
|   PARM: 3F6R.hmass.parm7                                                      
| RESTRT: min_3F6R.rst7                                                         
|   REFC: refc                                                                  
|  MDVEL: mdvel                                                                 
|   MDEN: mden                                                                  
|  MDCRD: min_3F6R.crd                                                          
| MDINFO: min_3F6R.info                                                         
|  MDFRC: mdfrc                                                                 


 Here is the input file:

&cntrl                                                                         
  imin = 1,                                                                    
  maxcyc=100,                                                                  
  ntx = 1,                                                                     
  ntwr = 100,                                                                  
  ntpr = 10,                                                                   
  ioutfm=0,                                                                    
  ntxo=1,                                                                      
  cut = 1000.0,                                                                
  ntb=0,                                                                       
  igb = 8,                                                                     
  gbsa=3,                                                                      
  surften=0.007,                                                               
  saltcon = 0.0,                                                               
/                                                                              


Note: ig = -1. Setting random seed to   193207 based on wallclock time in 
      microseconds.
| irandom = 1, using AMBER's internal random number generator (default).
 
| Conditional Compilation Defines Used:
| PUBFFT
| BINTRAJ
| EMIL

| New format PARM file being parsed.
| Version =    1.000 Date = 01/10/24 Time = 20:47:48

| Note: 1-4 EEL scale factors are being read from the topology file.

| Note: 1-4 VDW scale factors are being read from the topology file.
| INFO:    Reading atomic numbers from topology file.
| Duplicated    0 dihedrals

| Duplicated    0 dihedrals

--------------------------------------------------------------------------------
   1.  RESOURCE   USE: 
--------------------------------------------------------------------------------

 NATOM  =    2134 NTYPES =      14 NBONH =    1041 MBONA  =    1108
 NTHETH =    2382 MTHETA =    1496 NPHIH =    4764 MPHIA  =    4769
 NHPARM =       0 NPARM  =       0 NNB   =   11711 NRES   =     147
 NBONA  =    1108 NTHETA =    1496 NPHIA =    4769 NUMBND =      65
 NUMANG =     152 NPTRA  =     190 NATYP =      33 NPHB   =       0
 IFBOX  =       0 NMXRS  =      24 IFCAP =       0 NEXTRA =       0
 NCOPY  =       0

 Implicit solvent radii are ArgH and AspGluO modified Bondi2 radii (mbondi3)                                
 Replacing prmtop screening parameters with GBn2 (igb=8) values
--------------------------------------------------------------------------------
   2.  CONTROL  DATA  FOR  THE  RUN
--------------------------------------------------------------------------------

default_name                                                                    

General flags:
     imin    =       1, nmropt  =       0

Nature and format of input:
     ntx     =       1, irest   =       0, ntrx    =       1

Nature and format of output:
     ntxo    =       1, ntpr    =      10, ntrx    =       1, ntwr    =     100
     iwrap   =       0, ntwx    =       0, ntwv    =       0, ntwe    =       0
     ioutfm  =       0, ntwprt  =       0, idecomp =       0, rbornstat=      0

Potential function:
     ntf     =       1, ntb     =       0, igb     =       8, nsnb    =      25
     ipol    =       0, gbsa    =       3, iesp    =       0
     dielc   =   1.00000, cut     =1000.00000, intdiel =   1.00000
     saltcon =   0.00000, offset  =   0.19514, surften =   0.00700
     rdt     =   0.00000, rgbmax  =  25.00000  extdiel =  78.50000
     alpb  =        0
     gbalphaH  =   0.78844, gbbetaH   =   0.79870,  gbgammaH  =    0.43733
     gbalphaC  =   0.73376, gbbetaC   =   0.50638,  gbgammaC  =    0.20584
     gbalphaN  =   0.50336, gbbetaN   =   0.31683,  gbgammaN  =    0.19292
     gbalphaOS =   0.86781, gbbetaOS  =   0.87664,  gbgammaOS =    0.38788
     gbalphaP  =   1.00000, gbbetaP   =   0.80000,  gbgammaP  =    4.85000
     gb_alpha_hnu  =   0.53705, gb_beta_hnu   =   0.36286,  gb_gamma_hnu  =    0.11670
     gb_alpha_cnu  =   0.33167, gb_beta_cnu   =   0.19684,  gb_gamma_cnu  =    0.09342
     gb_alpha_nnu  =   0.68631, gb_beta_nnu   =   0.46319,  gb_gamma_nnu  =    0.13872
     gb_alpha_onu  =   0.60634, gb_beta_onu   =   0.46301,  gb_gamma_onu  =    0.14226
     gb_alpha_pnu  =   0.41836, gb_beta_pnu   =   0.29005,  gb_gamma_pnu  =    0.10642

Frozen or restrained atoms:
     ibelly  =       0, ntr     =       0

Energy minimization:
     maxcyc  =     100, ncyc    =      10, ntmin   =       1
     dx0     =   0.01000, drms    =   0.00010

| Intermolecular bonds treatment:
|     no_intermolecular_bonds =       1

| Energy averages sample interval:
|     ene_avg_sampling =       1

--------------------------------------------------------------------------------
   3.  ATOMIC COORDINATES AND VELOCITIES
--------------------------------------------------------------------------------

default_name                                                                    
 begin time read from input coords =     0.000 ps

 
 Number of triangulated 3-point waters found:        0
| Dynamic Memory, Types Used:
| Reals               58013
| Integers           249772

--------------------------------------------------------------------------------
   4.  RESULTS
--------------------------------------------------------------------------------



   NSTEP       ENERGY          RMS            GMAX         NAME    NUMBER
      1      -1.6435E+03     2.5532E+02     1.2535E+04     HD22     1784

 BOND    =       45.2005  ANGLE   =      204.2088  DIHED      =     1588.7473
 VDWAALS =     1301.2045  EEL     =    -7946.7417  EGB        =    -5625.2687
 1-4 VDW =      642.8950  1-4 EEL =     8107.5605  RESTRAINT  =        0.0000
 ESURF   =       38.6749


   NSTEP       ENERGY          RMS            GMAX         NAME    NUMBER
     10      -3.3736E+03     2.4800E+01     7.6785E+02     HD22     1784

 BOND    =       50.1643  ANGLE   =      202.4014  DIHED      =     1588.3365
 VDWAALS =     -428.0451  EEL     =    -7947.5069  EGB        =    -5625.5130
 1-4 VDW =      641.5674  1-4 EEL =     8106.3623  RESTRAINT  =        0.0000
 ESURF   =       38.6782


   NSTEP       ENERGY          RMS            GMAX         NAME    NUMBER
     20      -4.0220E+03     6.9085E+00     1.4636E+02     C        1576

 BOND    =       80.3440  ANGLE   =      261.5495  DIHED      =     1596.1148
 VDWAALS =    -1013.1351  EEL     =    -7929.4679  EGB        =    -5635.6032
 1-4 VDW =      563.5607  1-4 EEL =     8015.3846  RESTRAINT  =        0.0000
 ESURF   =       39.2909


   NSTEP       ENERGY          RMS            GMAX         NAME    NUMBER
     30      -4.1437E+03     3.2709E+00     6.5427E+01     CG       1123

 BOND    =       57.0877  ANGLE   =      230.2874  DIHED      =     1594.5639
 VDWAALS =    -1040.5186  EEL     =    -7916.7591  EGB        =    -5635.8447
 1-4 VDW =      537.0949  1-4 EEL =     7990.8294  RESTRAINT  =        0.0000
 ESURF   =       39.5888


   NSTEP       ENERGY          RMS            GMAX         NAME    NUMBER
     40      -4.2584E+03     3.1331E+00     6.0325E+01     C        1576

 BOND    =       53.3165  ANGLE   =      212.2023  DIHED      =     1585.5068
 VDWAALS =    -1091.9442  EEL     =    -7922.7828  EGB        =    -5634.2081
 1-4 VDW =      515.8033  1-4 EEL =     7983.4799  RESTRAINT  =        0.0000
 ESURF   =       40.2702


   NSTEP       ENERGY          RMS            GMAX         NAME    NUMBER
     50      -4.3641E+03     1.8614E+00     3.0815E+01     C        1576

 BOND    =       68.2928  ANGLE   =      252.7205  DIHED      =     1595.0244
 VDWAALS =    -1158.8412  EEL     =    -7898.7436  EGB        =    -5635.0035
 1-4 VDW =      458.5335  1-4 EEL =     7912.5717  RESTRAINT  =        0.0000
 ESURF   =       41.3744


   NSTEP       ENERGY          RMS            GMAX         NAME    NUMBER
     60      -4.3814E+03     1.1943E+00     1.4004E+01     CD       1644

 BOND    =       59.9965  ANGLE   =      239.3299  DIHED      =     1589.9744
 VDWAALS =    -1157.4686  EEL     =    -7904.2601  EGB        =    -5632.4922
 1-4 VDW =      463.2779  1-4 EEL =     7918.8228  RESTRAINT  =        0.0000
 ESURF   =       41.4251


   NSTEP       ENERGY          RMS            GMAX         NAME    NUMBER
     70      -4.4192E+03     1.5646E+00     2.1492E+01     CG       1351

 BOND    =       58.9618  ANGLE   =      234.3950  DIHED      =     1579.1388
 VDWAALS =    -1162.9308  EEL     =    -7917.0601  EGB        =    -5633.3274
 1-4 VDW =      466.4361  1-4 EEL =     7913.3502  RESTRAINT  =        0.0000
 ESURF   =       41.8104


   NSTEP       ENERGY          RMS            GMAX         NAME    NUMBER
     80      -4.4384E+03     8.7089E-01     1.2960E+01     HE3      1824

 BOND    =       55.6334  ANGLE   =      231.3305  DIHED      =     1577.7250
 VDWAALS =    -1165.3004  EEL     =    -7917.5098  EGB        =    -5629.1786
 1-4 VDW =      463.5441  1-4 EEL =     7903.2602  RESTRAINT  =        0.0000
 ESURF   =       42.0813


   NSTEP       ENERGY          RMS            GMAX         NAME    NUMBER
     90      -4.4591E+03     7.9326E-01     1.1658E+01     SD       1820

 BOND    =       60.2572  ANGLE   =      233.8345  DIHED      =     1576.9318
 VDWAALS =    -1177.1407  EEL     =    -7919.6969  EGB        =    -5628.9529
 1-4 VDW =      454.5840  1-4 EEL =     7898.7770  RESTRAINT  =        0.0000
 ESURF   =       42.2993


   NSTEP       ENERGY          RMS            GMAX         NAME    NUMBER
    100      -4.4712E+03     8.5736E-01     1.1892E+01     CD       1644

 BOND    =       67.1617  ANGLE   =      244.1899  DIHED      =     1578.9534
 VDWAALS =    -1187.6826  EEL     =    -7918.5237  EGB        =    -5627.8908
 1-4 VDW =      443.5817  1-4 EEL =     7886.4115  RESTRAINT  =        0.0000
 ESURF   =       42.5556


  Maximum number of minimization cycles reached.


                    FINAL RESULTS



   NSTEP       ENERGY          RMS            GMAX         NAME    NUMBER
    100      -4.4712E+03     8.5736E-01     1.1892E+01     CD       1644

 BOND    =       67.1617  ANGLE   =      244.1899  DIHED      =     1578.9534
 VDWAALS =    -1187.6826  EEL     =    -7918.5237  EGB        =    -5627.8908
 1-4 VDW =      443.5817  1-4 EEL =     7886.4115  RESTRAINT  =        0.0000
 ESURF   =       42.5556
--------------------------------------------------------------------------------
   5.  TIMINGS
--------------------------------------------------------------------------------

|  NonSetup CPU Time in Major Routines:
|
|     Routine           Sec        %
|     ------------------------------
|     Nonbond          16.85   99.02
|     Bond              0.00    0.01
|     Angle             0.02    0.13
|     Dihedral          0.13    0.78
|     Shake             0.00    0.00
|     Other             0.01    0.05
|     ------------------------------
|     Total            17.02

|  Generalized Born CPU Time:
|
|     Routine                 Sec        %
|     ------------------------------------
|     Radii Calc              3.87   22.76
|     Diagonal Calc           7.31   42.95
|     Off Diagonal Calc       5.66   33.25
|     GBSA LCPO Calc          0.00    0.00
|     ---------------------------------
|     Total                  16.84   98.97

|  Setup CPU time:            0.02 seconds
|  NonSetup CPU time:        17.02 seconds
|  Total CPU time:           17.04 seconds     0.00 hours

|  Setup wall time:           0    seconds
|  NonSetup wall time:       19    seconds
|  Total wall time:          19    seconds     0.01 hours
