
          -------------------------------------------------------
          Amber 22 PMEMD                              2022
          -------------------------------------------------------

| PMEMD implementation of SANDER, Release 22

|  Compiled date/time: Thu Apr 14 23:36:37 2022
| Run on 01/01/2024 at 17:58:42

|   Executable path: pmemd
| Working directory: /home/arul/Reegina/MD_Sim/set2_group/1SRL_info
|          Hostname: Unknown
  [-O]verwriting output

File Assignments:
|   MDIN: eq1.in                                                                
|  MDOUT: eq1.out                                                               
| INPCRD: heat.rst7                                                             
|   PARM: 1SRL.hmass.parm7                                                      
| RESTRT: eq1.rst7                                                              
|   REFC: heat.rst7                                                             
|  MDVEL: mdvel                                                                 
|   MDEN: mden                                                                  
|  MDCRD: eq1.crd                                                               
| MDINFO: eq1.info                                                              
|  MDFRC: mdfrc                                                                 


 Here is the input file:

&cntrl                                                                         
   ntx = 5,                                                                    
                                                                               
   ntwx = 5000, ntwe = 0, ntwr = 500,                                          
   ntpr = 5000,                                                                
                                                                               
   ioutfm=0, ntxo=1,                                                           
                                                                               
   imin = 0, nstlim = 125000, dt = 0.002,                                      
                                                                               
   ntt = 3, gamma_ln=1.0, temp0 = 300.0,                                       
   nscm = 1000, ig = -1, irest = 1,                                            
                                                                               
   ntc= 2, ntf = 2, cut = 1000,                                                
                                                                               
   igb=8, gbsa=3, surften=0.007, ntb = 0,                                      
   saltcon=0.,                                                                 
                                                                               
   ntr=1, restraintmask="@CA,N,C,O",                                           
   restraint_wt=1.0,                                                           
 /                                                                             


Note: ig = -1. Setting random seed to   707171 based on wallclock time in 
      microseconds.
| irandom = 1, using AMBER's internal random number generator (default).
 
| Conditional Compilation Defines Used:
| PUBFFT
| BINTRAJ
| EMIL

| New format PARM file being parsed.
| Version =    1.000 Date = 12/30/23 Time = 23:54:25

| Note: 1-4 EEL scale factors are being read from the topology file.

| Note: 1-4 VDW scale factors are being read from the topology file.
| INFO:    Reading atomic numbers from topology file.
| Duplicated    0 dihedrals

| Duplicated    0 dihedrals

--------------------------------------------------------------------------------
   1.  RESOURCE   USE: 
--------------------------------------------------------------------------------

 NATOM  =     876 NTYPES =      13 NBONH =     424 MBONA  =     464
 NTHETH =     955 MTHETA =     634 NPHIH =    2031 MPHIA  =    1986
 NHPARM =       0 NPARM  =       0 NNB   =    4821 NRES   =      56
 NBONA  =     464 NTHETA =     634 NPHIA =    1986 NUMBND =      63
 NUMANG =     146 NPTRA  =     174 NATYP =      31 NPHB   =       0
 IFBOX  =       0 NMXRS  =      24 IFCAP =       0 NEXTRA =       0
 NCOPY  =       0

 Implicit solvent radii are ArgH and AspGluO modified Bondi2 radii (mbondi3)                                
 Replacing prmtop screening parameters with GBn2 (igb=8) values
--------------------------------------------------------------------------------
   2.  CONTROL  DATA  FOR  THE  RUN
--------------------------------------------------------------------------------

default_name                                                                    

General flags:
     imin    =       0, nmropt  =       0

Nature and format of input:
     ntx     =       5, irest   =       1, ntrx    =       1

Nature and format of output:
     ntxo    =       1, ntpr    =    5000, ntrx    =       1, ntwr    =     500
     iwrap   =       0, ntwx    =    5000, ntwv    =       0, ntwe    =       0
     ioutfm  =       0, ntwprt  =       0, idecomp =       0, rbornstat=      0

Potential function:
     ntf     =       2, ntb     =       0, igb     =       8, nsnb    =      25
     ipol    =       0, gbsa    =       3, iesp    =       0
     dielc   =   1.00000, cut     =1000.00000, intdiel =   1.00000
     saltcon =   0.00000, offset  =   0.19514, surften =   0.00700
     rdt     =   0.00000, rgbmax  =  25.00000  extdiel =  78.50000
     alpb  =        0
     gbalphaH  =   0.78844, gbbetaH   =   0.79870,  gbgammaH  =    0.43733
     gbalphaC  =   0.73376, gbbetaC   =   0.50638,  gbgammaC  =    0.20584
     gbalphaN  =   0.50336, gbbetaN   =   0.31683,  gbgammaN  =    0.19292
     gbalphaOS =   0.86781, gbbetaOS  =   0.87664,  gbgammaOS =    0.38788
     gbalphaP  =   1.00000, gbbetaP   =   0.80000,  gbgammaP  =    4.85000
     gb_alpha_hnu  =   0.53705, gb_beta_hnu   =   0.36286,  gb_gamma_hnu  =    0.11670
     gb_alpha_cnu  =   0.33167, gb_beta_cnu   =   0.19684,  gb_gamma_cnu  =    0.09342
     gb_alpha_nnu  =   0.68631, gb_beta_nnu   =   0.46319,  gb_gamma_nnu  =    0.13872
     gb_alpha_onu  =   0.60634, gb_beta_onu   =   0.46301,  gb_gamma_onu  =    0.14226
     gb_alpha_pnu  =   0.41836, gb_beta_pnu   =   0.29005,  gb_gamma_pnu  =    0.10642

Frozen or restrained atoms:
     ibelly  =       0, ntr     =       1
     restraint_wt =   1.00000

Molecular dynamics:
     nstlim  =    125000, nscm    =         0, nrespa  =         1
     t       =   0.00000, dt      =   0.00200, vlimit  =  20.00000

Langevin dynamics temperature regulation:
     ig      =  707171
     temp0   = 300.00000, tempi   =   0.00000, gamma_ln=   1.00000

SHAKE:
     ntc     =       2, jfastw  =       0
     tol     =   0.00001

| Intermolecular bonds treatment:
|     no_intermolecular_bonds =       1

| Energy averages sample interval:
|     ene_avg_sampling =    5000

    LOADING THE CONSTRAINED ATOMS AS GROUPS


   5.  REFERENCE ATOM COORDINATES

  default_name                                                                    
     Mask @CA,N,C,O; matches   224 atoms

--------------------------------------------------------------------------------
   3.  ATOMIC COORDINATES AND VELOCITIES
--------------------------------------------------------------------------------

default_name                                                                    
 begin time read from input coords =  1000.000 ps

 
 Number of triangulated 3-point waters found:        0
| Dynamic Memory, Types Used:
| Reals               31667
| Integers           105817

--------------------------------------------------------------------------------
   4.  RESULTS
--------------------------------------------------------------------------------


 NSTEP =     5000   TIME(PS) =    1010.000  TEMP(K) =   302.31  PRESS =     0.0
 Etot   =      -669.9986  EKtot   =       662.0152  EPtot      =     -1332.0139
 BOND   =       164.5620  ANGLE   =       437.8918  DIHED      =       717.4990
 1-4 NB =       194.2146  1-4 EEL =      2176.8138  VDWAALS    =      -376.9891
 EELEC  =     -3608.9690  EGB     =     -1114.8170  RESTRAINT  =        47.2882
 EAMBER (non-restraint)  =     -1379.3021
 ESURF=        30.4920
 ------------------------------------------------------------------------------


 NSTEP =    10000   TIME(PS) =    1020.000  TEMP(K) =   281.74  PRESS =     0.0
 Etot   =      -690.6242  EKtot   =       616.9874  EPtot      =     -1307.6115
 BOND   =       174.1530  ANGLE   =       458.3812  DIHED      =       698.9181
 1-4 NB =       192.5598  1-4 EEL =      2164.6709  VDWAALS    =      -366.5931
 EELEC  =     -3603.8198  EGB     =     -1106.9468  RESTRAINT  =        50.6221
 EAMBER (non-restraint)  =     -1358.2337
 ESURF=        30.4430
 ------------------------------------------------------------------------------


 NSTEP =    15000   TIME(PS) =    1030.000  TEMP(K) =   295.02  PRESS =     0.0
 Etot   =      -665.9212  EKtot   =       646.0680  EPtot      =     -1311.9892
 BOND   =       177.3339  ANGLE   =       419.7484  DIHED      =       710.8283
 1-4 NB =       203.4934  1-4 EEL =      2186.0314  VDWAALS    =      -362.1446
 EELEC  =     -3633.1869  EGB     =     -1098.5243  RESTRAINT  =        54.0600
 EAMBER (non-restraint)  =     -1366.0492
 ESURF=        30.3713
 ------------------------------------------------------------------------------


 NSTEP =    20000   TIME(PS) =    1040.000  TEMP(K) =   298.74  PRESS =     0.0
 Etot   =      -653.6330  EKtot   =       654.2147  EPtot      =     -1307.8477
 BOND   =       184.9848  ANGLE   =       426.1068  DIHED      =       703.9930
 1-4 NB =       196.4822  1-4 EEL =      2159.1002  VDWAALS    =      -351.2727
 EELEC  =     -3621.7505  EGB     =     -1090.2431  RESTRAINT  =        53.3397
 EAMBER (non-restraint)  =     -1361.1874
 ESURF=        31.4120
 ------------------------------------------------------------------------------


 NSTEP =    25000   TIME(PS) =    1050.000  TEMP(K) =   300.24  PRESS =     0.0
 Etot   =      -678.9410  EKtot   =       657.4880  EPtot      =     -1336.4290
 BOND   =       164.2245  ANGLE   =       432.8096  DIHED      =       703.9470
 1-4 NB =       202.5734  1-4 EEL =      2172.5006  VDWAALS    =      -379.4994
 EELEC  =     -3650.4376  EGB     =     -1065.9155  RESTRAINT  =        52.4909
 EAMBER (non-restraint)  =     -1388.9199
 ESURF=        30.8775
 ------------------------------------------------------------------------------


 NSTEP =    30000   TIME(PS) =    1060.000  TEMP(K) =   286.93  PRESS =     0.0
 Etot   =      -714.8307  EKtot   =       628.3399  EPtot      =     -1343.1705
 BOND   =       168.7931  ANGLE   =       418.6259  DIHED      =       703.8559
 1-4 NB =       203.7451  1-4 EEL =      2168.5918  VDWAALS    =      -366.5804
 EELEC  =     -3666.4119  EGB     =     -1050.5090  RESTRAINT  =        47.8463
 EAMBER (non-restraint)  =     -1391.0168
 ESURF=        28.8727
 ------------------------------------------------------------------------------


 NSTEP =    35000   TIME(PS) =    1070.000  TEMP(K) =   317.39  PRESS =     0.0
 Etot   =      -677.2712  EKtot   =       695.0456  EPtot      =     -1372.3168
 BOND   =       166.5714  ANGLE   =       406.4203  DIHED      =       694.6987
 1-4 NB =       202.6933  1-4 EEL =      2156.5437  VDWAALS    =      -353.9625
 EELEC  =     -3644.9025  EGB     =     -1076.7691  RESTRAINT  =        46.1189
 EAMBER (non-restraint)  =     -1418.4357
 ESURF=        30.2710
 ------------------------------------------------------------------------------


 NSTEP =    40000   TIME(PS) =    1080.000  TEMP(K) =   311.63  PRESS =     0.0
 Etot   =      -679.0292  EKtot   =       682.4249  EPtot      =     -1361.4541
 BOND   =       177.9787  ANGLE   =       395.2292  DIHED      =       698.4912
 1-4 NB =       194.6644  1-4 EEL =      2189.6688  VDWAALS    =      -365.6654
 EELEC  =     -3648.8532  EGB     =     -1080.7090  RESTRAINT  =        47.2149
 EAMBER (non-restraint)  =     -1408.6690
 ESURF=        30.5263
 ------------------------------------------------------------------------------


 NSTEP =    45000   TIME(PS) =    1090.000  TEMP(K) =   288.87  PRESS =     0.0
 Etot   =      -707.2066  EKtot   =       632.5936  EPtot      =     -1339.8002
 BOND   =       178.1908  ANGLE   =       434.2208  DIHED      =       700.0608
 1-4 NB =       198.5606  1-4 EEL =      2157.2829  VDWAALS    =      -381.2327
 EELEC  =     -3608.6798  EGB     =     -1089.7881  RESTRAINT  =        42.0848
 EAMBER (non-restraint)  =     -1381.8850
 ESURF=        29.4997
 ------------------------------------------------------------------------------


 NSTEP =    50000   TIME(PS) =    1100.000  TEMP(K) =   293.75  PRESS =     0.0
 Etot   =      -709.1239  EKtot   =       643.2873  EPtot      =     -1352.4112
 BOND   =       158.4697  ANGLE   =       429.4038  DIHED      =       723.6280
 1-4 NB =       193.9358  1-4 EEL =      2173.9423  VDWAALS    =      -382.2115
 EELEC  =     -3652.0792  EGB     =     -1076.1963  RESTRAINT  =        49.7150
 EAMBER (non-restraint)  =     -1402.1263
 ESURF=        28.9811
 ------------------------------------------------------------------------------


 NSTEP =    55000   TIME(PS) =    1110.000  TEMP(K) =   303.07  PRESS =     0.0
 Etot   =      -651.1519  EKtot   =       663.6981  EPtot      =     -1314.8499
 BOND   =       165.0268  ANGLE   =       454.1911  DIHED      =       706.3806
 1-4 NB =       193.4252  1-4 EEL =      2161.5580  VDWAALS    =      -377.7936
 EELEC  =     -3589.1943  EGB     =     -1107.8267  RESTRAINT  =        49.3044
 EAMBER (non-restraint)  =     -1364.1543
 ESURF=        30.0786
 ------------------------------------------------------------------------------


 NSTEP =    60000   TIME(PS) =    1120.000  TEMP(K) =   303.91  PRESS =     0.0
 Etot   =      -636.9646  EKtot   =       665.5367  EPtot      =     -1302.5013
 BOND   =       169.3368  ANGLE   =       462.3933  DIHED      =       711.9685
 1-4 NB =       204.1874  1-4 EEL =      2152.7834  VDWAALS    =      -380.0675
 EELEC  =     -3583.5245  EGB     =     -1113.0117  RESTRAINT  =        43.6400
 EAMBER (non-restraint)  =     -1346.1413
 ESURF=        29.7930
 ------------------------------------------------------------------------------


 NSTEP =    65000   TIME(PS) =    1130.000  TEMP(K) =   301.96  PRESS =     0.0
 Etot   =      -662.8614  EKtot   =       661.2499  EPtot      =     -1324.1113
 BOND   =       168.2030  ANGLE   =       443.8072  DIHED      =       704.0505
 1-4 NB =       204.0388  1-4 EEL =      2176.6067  VDWAALS    =      -380.6672
 EELEC  =     -3603.0190  EGB     =     -1110.9781  RESTRAINT  =        43.8259
 EAMBER (non-restraint)  =     -1367.9372
 ESURF=        30.0209
 ------------------------------------------------------------------------------


 NSTEP =    70000   TIME(PS) =    1140.000  TEMP(K) =   319.03  PRESS =     0.0
 Etot   =      -654.1373  EKtot   =       698.6401  EPtot      =     -1352.7774
 BOND   =       183.6196  ANGLE   =       424.5609  DIHED      =       711.7372
 1-4 NB =       185.5499  1-4 EEL =      2159.2979  VDWAALS    =      -370.8430
 EELEC  =     -3616.3636  EGB     =     -1106.3584  RESTRAINT  =        45.8806
 EAMBER (non-restraint)  =     -1398.6580
 ESURF=        30.1414
 ------------------------------------------------------------------------------


 NSTEP =    75000   TIME(PS) =    1150.000  TEMP(K) =   308.17  PRESS =     0.0
 Etot   =      -713.8094  EKtot   =       674.8610  EPtot      =     -1388.6704
 BOND   =       145.4227  ANGLE   =       414.5316  DIHED      =       695.4880
 1-4 NB =       204.8049  1-4 EEL =      2148.5674  VDWAALS    =      -367.4780
 EELEC  =     -3592.5767  EGB     =     -1108.1663  RESTRAINT  =        38.8860
 EAMBER (non-restraint)  =     -1427.5565
 ESURF=        31.8499
 ------------------------------------------------------------------------------


 NSTEP =    80000   TIME(PS) =    1160.000  TEMP(K) =   302.07  PRESS =     0.0
 Etot   =      -723.0647  EKtot   =       661.5073  EPtot      =     -1384.5720
 BOND   =       160.2973  ANGLE   =       410.2332  DIHED      =       682.1224
 1-4 NB =       205.2195  1-4 EEL =      2174.3232  VDWAALS    =      -379.0925
 EELEC  =     -3608.1552  EGB     =     -1109.3633  RESTRAINT  =        49.7697
 EAMBER (non-restraint)  =     -1434.3417
 ESURF=        30.0737
 ------------------------------------------------------------------------------


 NSTEP =    85000   TIME(PS) =    1170.000  TEMP(K) =   291.80  PRESS =     0.0
 Etot   =      -681.9741  EKtot   =       639.0080  EPtot      =     -1320.9821
 BOND   =       187.7192  ANGLE   =       425.6919  DIHED      =       704.0201
 1-4 NB =       202.7838  1-4 EEL =      2165.9420  VDWAALS    =      -382.5703
 EELEC  =     -3597.7769  EGB     =     -1098.3794  RESTRAINT  =        41.4574
 EAMBER (non-restraint)  =     -1362.4395
 ESURF=        30.1302
 ------------------------------------------------------------------------------


 NSTEP =    90000   TIME(PS) =    1180.000  TEMP(K) =   288.20  PRESS =     0.0
 Etot   =      -668.6178  EKtot   =       631.1345  EPtot      =     -1299.7523
 BOND   =       183.3368  ANGLE   =       428.5185  DIHED      =       715.9148
 1-4 NB =       202.0958  1-4 EEL =      2172.4445  VDWAALS    =      -367.5543
 EELEC  =     -3600.1583  EGB     =     -1108.8876  RESTRAINT  =        43.6318
 EAMBER (non-restraint)  =     -1343.3840
 ESURF=        30.9056
 ------------------------------------------------------------------------------


 NSTEP =    95000   TIME(PS) =    1190.000  TEMP(K) =   283.48  PRESS =     0.0
 Etot   =      -692.4985  EKtot   =       620.7979  EPtot      =     -1313.2964
 BOND   =       162.2381  ANGLE   =       443.4924  DIHED      =       723.0637
 1-4 NB =       208.2879  1-4 EEL =      2157.0446  VDWAALS    =      -372.1863
 EELEC  =     -3641.5062  EGB     =     -1067.0970  RESTRAINT  =        43.4057
 EAMBER (non-restraint)  =     -1356.7021
 ESURF=        29.9608
 ------------------------------------------------------------------------------


 NSTEP =   100000   TIME(PS) =    1200.000  TEMP(K) =   293.56  PRESS =     0.0
 Etot   =      -688.8607  EKtot   =       642.8618  EPtot      =     -1331.7226
 BOND   =       162.8047  ANGLE   =       436.9168  DIHED      =       715.9637
 1-4 NB =       204.6254  1-4 EEL =      2141.2937  VDWAALS    =      -372.2911
 EELEC  =     -3632.9017  EGB     =     -1065.6149  RESTRAINT  =        48.1865
 EAMBER (non-restraint)  =     -1379.9091
 ESURF=        29.2944
 ------------------------------------------------------------------------------


 NSTEP =   105000   TIME(PS) =    1210.000  TEMP(K) =   297.56  PRESS =     0.0
 Etot   =      -711.4861  EKtot   =       651.6179  EPtot      =     -1363.1040
 BOND   =       181.3412  ANGLE   =       398.8989  DIHED      =       698.4525
 1-4 NB =       204.7835  1-4 EEL =      2157.7780  VDWAALS    =      -372.2258
 EELEC  =     -3629.8347  EGB     =     -1074.6010  RESTRAINT  =        42.3022
 EAMBER (non-restraint)  =     -1405.4062
 ESURF=        30.0011
 ------------------------------------------------------------------------------


 NSTEP =   110000   TIME(PS) =    1220.000  TEMP(K) =   298.07  PRESS =     0.0
 Etot   =      -648.1623  EKtot   =       652.7335  EPtot      =     -1300.8958
 BOND   =       190.5839  ANGLE   =       448.2824  DIHED      =       707.8902
 1-4 NB =       204.4497  1-4 EEL =      2168.1244  VDWAALS    =      -372.4095
 EELEC  =     -3663.2524  EGB     =     -1060.6418  RESTRAINT  =        46.0615
 EAMBER (non-restraint)  =     -1346.9573
 ESURF=        30.0161
 ------------------------------------------------------------------------------


 NSTEP =   115000   TIME(PS) =    1230.000  TEMP(K) =   294.52  PRESS =     0.0
 Etot   =      -631.1709  EKtot   =       644.9739  EPtot      =     -1276.1448
 BOND   =       185.0452  ANGLE   =       453.8309  DIHED      =       713.8507
 1-4 NB =       199.0696  1-4 EEL =      2137.7429  VDWAALS    =      -383.1553
 EELEC  =     -3541.3816  EGB     =     -1118.2766  RESTRAINT  =        45.7240
 EAMBER (non-restraint)  =     -1321.8688
 ESURF=        31.4054
 ------------------------------------------------------------------------------


 NSTEP =   120000   TIME(PS) =    1240.000  TEMP(K) =   293.29  PRESS =     0.0
 Etot   =      -716.4197  EKtot   =       642.2804  EPtot      =     -1358.7000
 BOND   =       154.3146  ANGLE   =       428.0065  DIHED      =       701.8302
 1-4 NB =       193.4170  1-4 EEL =      2174.0679  VDWAALS    =      -367.3210
 EELEC  =     -3575.6107  EGB     =     -1141.2248  RESTRAINT  =        42.6012
 EAMBER (non-restraint)  =     -1401.3012
 ESURF=        31.2191
 ------------------------------------------------------------------------------


 NSTEP =   125000   TIME(PS) =    1250.000  TEMP(K) =   296.09  PRESS =     0.0
 Etot   =      -688.5460  EKtot   =       648.4066  EPtot      =     -1336.9525
 BOND   =       169.4361  ANGLE   =       434.5322  DIHED      =       703.1141
 1-4 NB =       194.0361  1-4 EEL =      2171.8949  VDWAALS    =      -366.3290
 EELEC  =     -3580.1231  EGB     =     -1128.8582  RESTRAINT  =        35.2393
 EAMBER (non-restraint)  =     -1372.1918
 ESURF=        30.1051
 ------------------------------------------------------------------------------


      A V E R A G E S   O V E R      25 S T E P S


 NSTEP =   125000   TIME(PS) =    1250.000  TEMP(K) =   298.06  PRESS =     0.0
 Etot   =      -680.6522  EKtot   =       652.7109  EPtot      =     -1333.3631
 BOND   =       171.3595  ANGLE   =       430.6690  DIHED      =       706.0707
 1-4 NB =       199.7479  1-4 EEL =      2164.9846  VDWAALS    =      -371.9254
 EELEC  =     -3615.7788  EGB     =     -1094.7882  RESTRAINT  =        46.0279
 EAMBER (non-restraint)  =     -1379.3910
 ESURF=        30.2697
 ------------------------------------------------------------------------------


      R M S  F L U C T U A T I O N S


 NSTEP =   125000   TIME(PS) =    1250.000  TEMP(K) =     9.22  PRESS =     0.0
 Etot   =        25.8520  EKtot   =        20.1865  EPtot      =        27.9885
 BOND   =        11.1896  ANGLE   =        17.3512  DIHED      =         9.2568
 1-4 NB =         5.5423  1-4 EEL =        12.3402  VDWAALS    =         8.4322
 EELEC  =        30.0028  EGB     =        22.6564  RESTRAINT  =         4.3950
 EAMBER (non-restraint)  =        23.5935
 ESURF=         0.7138
 ------------------------------------------------------------------------------

--------------------------------------------------------------------------------
   5.  TIMINGS
--------------------------------------------------------------------------------

|  NonSetup CPU Time in Major Routines:
|
|     Routine           Sec        %
|     ------------------------------
|     Nonbond        4002.93   97.25
|     Bond              0.86    0.02
|     Angle            12.64    0.31
|     Dihedral         76.05    1.85
|     Shake             3.40    0.08
|     RunMD            20.10    0.49
|     Other             0.07    0.00
|     ------------------------------
|     Total          4116.04

|  Generalized Born CPU Time:
|
|     Routine                 Sec        %
|     ------------------------------------
|     Radii Calc            955.57   23.22
|     Diagonal Calc        1761.56   42.80
|     Off Diagonal Calc    1280.74   31.12
|     GBSA LCPO Calc          0.08    0.00
|     ---------------------------------
|     Total                3997.87   97.13

|  Final Performance Info:
|     -----------------------------------------------------
|     Average timings for last       1 steps:
|     Elapsed(s) =       0.00 Per Step(ms) =       0.13
|         ns/day =    1320.50   seconds/ns =      65.43
|
|     Average timings for all steps:
|     Elapsed(s) =   21007.14 Per Step(ms) =     168.06
|         ns/day =       1.03   seconds/ns =   84028.55
|     -----------------------------------------------------

|  Setup CPU time:            0.01 seconds
|  NonSetup CPU time:      4116.04 seconds
|  Total CPU time:         4116.05 seconds     1.14 hours

|  Setup wall time:           0    seconds
|  NonSetup wall time:    21007    seconds
|  Total wall time:       21007    seconds     5.84 hours
