
          -------------------------------------------------------
          Amber 22 PMEMD                              2022
          -------------------------------------------------------

| PMEMD implementation of SANDER, Release 22

|  Compiled date/time: Thu Apr 14 23:36:37 2022
| Run on 01/08/2024 at 16:35:07

|   Executable path: pmemd
| Working directory: /home/arul/Reegina/MD_Sim/set2_group/1SRL_info
|          Hostname: Unknown
  [-O]verwriting output

File Assignments:
|   MDIN: eq2.in                                                                
|  MDOUT: eq2.out                                                               
| INPCRD: eq1.rst7                                                              
|   PARM: 1SRL.hmass.parm7                                                      
| RESTRT: eq2.rst7                                                              
|   REFC: eq1.rst7                                                              
|  MDVEL: mdvel                                                                 
|   MDEN: mden                                                                  
|  MDCRD: eq2.crd                                                               
| MDINFO: eq2.info                                                              
|  MDFRC: mdfrc                                                                 


 Here is the input file:

&cntrl                                                                         
   ntx = 5,                                                                    
   ntwx = 5000, ntwe = 0, ntwr = 500,                                          
   ntpr = 5000,                                                                
                                                                               
   ioutfm=0, ntxo=1,                                                           
                                                                               
   imin = 0, nstlim = 125000, dt = 0.002,                                      
                                                                               
   ntt = 3, gamma_ln=1., temp0 = 300.0,                                        
   nscm = 1000, ig = -1, irest = 1,                                            
                                                                               
   ntc= 2, ntf = 2, cut = 1000,                                                
                                                                               
   igb=8, gbsa=3, surften=0.007, ntb = 0,                                      
   saltcon=0.,                                                                 
                                                                               
   ntr=1, restraintmask="@CA,N,C,O",                                           
   restraint_wt=0.1,                                                           
 /                                                                             


Note: ig = -1. Setting random seed to   136125 based on wallclock time in 
      microseconds.
| irandom = 1, using AMBER's internal random number generator (default).
 
| Conditional Compilation Defines Used:
| PUBFFT
| BINTRAJ
| EMIL

| New format PARM file being parsed.
| Version =    1.000 Date = 12/30/23 Time = 23:54:25

| Note: 1-4 EEL scale factors are being read from the topology file.

| Note: 1-4 VDW scale factors are being read from the topology file.
| INFO:    Reading atomic numbers from topology file.
| Duplicated    0 dihedrals

| Duplicated    0 dihedrals

--------------------------------------------------------------------------------
   1.  RESOURCE   USE: 
--------------------------------------------------------------------------------

 NATOM  =     876 NTYPES =      13 NBONH =     424 MBONA  =     464
 NTHETH =     955 MTHETA =     634 NPHIH =    2031 MPHIA  =    1986
 NHPARM =       0 NPARM  =       0 NNB   =    4821 NRES   =      56
 NBONA  =     464 NTHETA =     634 NPHIA =    1986 NUMBND =      63
 NUMANG =     146 NPTRA  =     174 NATYP =      31 NPHB   =       0
 IFBOX  =       0 NMXRS  =      24 IFCAP =       0 NEXTRA =       0
 NCOPY  =       0

 Implicit solvent radii are ArgH and AspGluO modified Bondi2 radii (mbondi3)                                
 Replacing prmtop screening parameters with GBn2 (igb=8) values
--------------------------------------------------------------------------------
   2.  CONTROL  DATA  FOR  THE  RUN
--------------------------------------------------------------------------------

default_name                                                                    

General flags:
     imin    =       0, nmropt  =       0

Nature and format of input:
     ntx     =       5, irest   =       1, ntrx    =       1

Nature and format of output:
     ntxo    =       1, ntpr    =    5000, ntrx    =       1, ntwr    =     500
     iwrap   =       0, ntwx    =    5000, ntwv    =       0, ntwe    =       0
     ioutfm  =       0, ntwprt  =       0, idecomp =       0, rbornstat=      0

Potential function:
     ntf     =       2, ntb     =       0, igb     =       8, nsnb    =      25
     ipol    =       0, gbsa    =       3, iesp    =       0
     dielc   =   1.00000, cut     =1000.00000, intdiel =   1.00000
     saltcon =   0.00000, offset  =   0.19514, surften =   0.00700
     rdt     =   0.00000, rgbmax  =  25.00000  extdiel =  78.50000
     alpb  =        0
     gbalphaH  =   0.78844, gbbetaH   =   0.79870,  gbgammaH  =    0.43733
     gbalphaC  =   0.73376, gbbetaC   =   0.50638,  gbgammaC  =    0.20584
     gbalphaN  =   0.50336, gbbetaN   =   0.31683,  gbgammaN  =    0.19292
     gbalphaOS =   0.86781, gbbetaOS  =   0.87664,  gbgammaOS =    0.38788
     gbalphaP  =   1.00000, gbbetaP   =   0.80000,  gbgammaP  =    4.85000
     gb_alpha_hnu  =   0.53705, gb_beta_hnu   =   0.36286,  gb_gamma_hnu  =    0.11670
     gb_alpha_cnu  =   0.33167, gb_beta_cnu   =   0.19684,  gb_gamma_cnu  =    0.09342
     gb_alpha_nnu  =   0.68631, gb_beta_nnu   =   0.46319,  gb_gamma_nnu  =    0.13872
     gb_alpha_onu  =   0.60634, gb_beta_onu   =   0.46301,  gb_gamma_onu  =    0.14226
     gb_alpha_pnu  =   0.41836, gb_beta_pnu   =   0.29005,  gb_gamma_pnu  =    0.10642

Frozen or restrained atoms:
     ibelly  =       0, ntr     =       1
     restraint_wt =   0.10000

Molecular dynamics:
     nstlim  =    125000, nscm    =         0, nrespa  =         1
     t       =   0.00000, dt      =   0.00200, vlimit  =  20.00000

Langevin dynamics temperature regulation:
     ig      =  136125
     temp0   = 300.00000, tempi   =   0.00000, gamma_ln=   1.00000

SHAKE:
     ntc     =       2, jfastw  =       0
     tol     =   0.00001

| Intermolecular bonds treatment:
|     no_intermolecular_bonds =       1

| Energy averages sample interval:
|     ene_avg_sampling =    5000

    LOADING THE CONSTRAINED ATOMS AS GROUPS


   5.  REFERENCE ATOM COORDINATES

  default_name                                                                    
     Mask @CA,N,C,O; matches   224 atoms

--------------------------------------------------------------------------------
   3.  ATOMIC COORDINATES AND VELOCITIES
--------------------------------------------------------------------------------

default_name                                                                    
 begin time read from input coords =  1250.000 ps

 
 Number of triangulated 3-point waters found:        0
| Dynamic Memory, Types Used:
| Reals               31667
| Integers           105817

--------------------------------------------------------------------------------
   4.  RESULTS
--------------------------------------------------------------------------------


 NSTEP =     5000   TIME(PS) =    1260.000  TEMP(K) =   289.36  PRESS =     0.0
 Etot   =      -759.8168  EKtot   =       633.6664  EPtot      =     -1393.4832
 BOND   =       169.9941  ANGLE   =       434.3323  DIHED      =       690.1722
 1-4 NB =       197.8298  1-4 EEL =      2134.5029  VDWAALS    =      -364.9238
 EELEC  =     -3601.6969  EGB     =     -1101.0629  RESTRAINT  =        17.3892
 EAMBER (non-restraint)  =     -1410.8724
 ESURF=        29.9799
 ------------------------------------------------------------------------------


 NSTEP =    10000   TIME(PS) =    1270.000  TEMP(K) =   294.30  PRESS =     0.0
 Etot   =      -737.7479  EKtot   =       644.4763  EPtot      =     -1382.2242
 BOND   =       194.1266  ANGLE   =       437.6636  DIHED      =       684.7793
 1-4 NB =       186.4405  1-4 EEL =      2147.8834  VDWAALS    =      -379.4616
 EELEC  =     -3631.7979  EGB     =     -1068.7281  RESTRAINT  =        17.2672
 EAMBER (non-restraint)  =     -1399.4914
 ESURF=        29.6028
 ------------------------------------------------------------------------------


 NSTEP =    15000   TIME(PS) =    1280.000  TEMP(K) =   292.47  PRESS =     0.0
 Etot   =      -728.0891  EKtot   =       640.4672  EPtot      =     -1368.5563
 BOND   =       171.9906  ANGLE   =       430.6864  DIHED      =       696.3888
 1-4 NB =       203.2370  1-4 EEL =      2144.8982  VDWAALS    =      -365.4861
 EELEC  =     -3612.6530  EGB     =     -1085.8819  RESTRAINT  =        18.6128
 EAMBER (non-restraint)  =     -1387.1691
 ESURF=        29.6509
 ------------------------------------------------------------------------------


 NSTEP =    20000   TIME(PS) =    1290.000  TEMP(K) =   317.92  PRESS =     0.0
 Etot   =      -674.1859  EKtot   =       696.2139  EPtot      =     -1370.3998
 BOND   =       185.4154  ANGLE   =       445.5390  DIHED      =       690.8568
 1-4 NB =       195.7008  1-4 EEL =      2144.1719  VDWAALS    =      -375.7660
 EELEC  =     -3651.3677  EGB     =     -1049.0229  RESTRAINT  =        14.9785
 EAMBER (non-restraint)  =     -1385.3782
 ESURF=        29.0945
 ------------------------------------------------------------------------------


 NSTEP =    25000   TIME(PS) =    1300.000  TEMP(K) =   305.75  PRESS =     0.0
 Etot   =      -730.2992  EKtot   =       669.5525  EPtot      =     -1399.8517
 BOND   =       165.2941  ANGLE   =       450.9530  DIHED      =       680.7765
 1-4 NB =       188.6106  1-4 EEL =      2138.8585  VDWAALS    =      -376.5359
 EELEC  =     -3607.3793  EGB     =     -1089.8709  RESTRAINT  =        21.0408
 EAMBER (non-restraint)  =     -1420.8925
 ESURF=        28.4008
 ------------------------------------------------------------------------------


 NSTEP =    30000   TIME(PS) =    1310.000  TEMP(K) =   290.84  PRESS =     0.0
 Etot   =      -748.8928  EKtot   =       636.9016  EPtot      =     -1385.7945
 BOND   =       184.1615  ANGLE   =       430.9583  DIHED      =       706.5078
 1-4 NB =       192.3510  1-4 EEL =      2134.5219  VDWAALS    =      -374.8392
 EELEC  =     -3613.4297  EGB     =     -1092.1060  RESTRAINT  =        15.5453
 EAMBER (non-restraint)  =     -1401.3398
 ESURF=        30.5347
 ------------------------------------------------------------------------------


 NSTEP =    35000   TIME(PS) =    1320.000  TEMP(K) =   284.09  PRESS =     0.0
 Etot   =      -791.1997  EKtot   =       622.1342  EPtot      =     -1413.3339
 BOND   =       159.4502  ANGLE   =       428.0557  DIHED      =       686.0636
 1-4 NB =       195.4152  1-4 EEL =      2156.5235  VDWAALS    =      -369.6752
 EELEC  =     -3603.2165  EGB     =     -1114.7792  RESTRAINT  =        17.3555
 EAMBER (non-restraint)  =     -1430.6894
 ESURF=        31.4732
 ------------------------------------------------------------------------------


 NSTEP =    40000   TIME(PS) =    1330.000  TEMP(K) =   310.78  PRESS =     0.0
 Etot   =      -716.7154  EKtot   =       680.5713  EPtot      =     -1397.2867
 BOND   =       196.5554  ANGLE   =       439.1358  DIHED      =       676.7220
 1-4 NB =       186.1858  1-4 EEL =      2123.8086  VDWAALS    =      -380.9466
 EELEC  =     -3618.6254  EGB     =     -1063.2243  RESTRAINT  =        12.7519
 EAMBER (non-restraint)  =     -1410.0386
 ESURF=        30.3500
 ------------------------------------------------------------------------------


 NSTEP =    45000   TIME(PS) =    1340.000  TEMP(K) =   290.75  PRESS =     0.0
 Etot   =      -733.6572  EKtot   =       636.7188  EPtot      =     -1370.3760
 BOND   =       188.2570  ANGLE   =       455.4778  DIHED      =       680.2157
 1-4 NB =       197.4518  1-4 EEL =      2108.1097  VDWAALS    =      -365.6479
 EELEC  =     -3619.6232  EGB     =     -1061.8284  RESTRAINT  =        17.2621
 EAMBER (non-restraint)  =     -1387.6381
 ESURF=        29.9494
 ------------------------------------------------------------------------------


 NSTEP =    50000   TIME(PS) =    1350.000  TEMP(K) =   287.47  PRESS =     0.0
 Etot   =      -756.2018  EKtot   =       629.5289  EPtot      =     -1385.7308
 BOND   =       184.0737  ANGLE   =       432.7737  DIHED      =       689.2310
 1-4 NB =       196.5228  1-4 EEL =      2105.4181  VDWAALS    =      -372.7229
 EELEC  =     -3582.9212  EGB     =     -1084.7023  RESTRAINT  =        15.8983
 EAMBER (non-restraint)  =     -1401.6291
 ESURF=        30.6981
 ------------------------------------------------------------------------------


 NSTEP =    55000   TIME(PS) =    1360.000  TEMP(K) =   298.97  PRESS =     0.0
 Etot   =      -716.2988  EKtot   =       654.7087  EPtot      =     -1371.0075
 BOND   =       187.1280  ANGLE   =       419.2387  DIHED      =       699.0350
 1-4 NB =       199.5640  1-4 EEL =      2137.6837  VDWAALS    =      -373.1039
 EELEC  =     -3654.1092  EGB     =     -1040.8405  RESTRAINT  =        23.7443
 EAMBER (non-restraint)  =     -1394.7518
 ESURF=        30.6525
 ------------------------------------------------------------------------------


 NSTEP =    60000   TIME(PS) =    1370.000  TEMP(K) =   305.38  PRESS =     0.0
 Etot   =      -720.7372  EKtot   =       668.7570  EPtot      =     -1389.4941
 BOND   =       180.7972  ANGLE   =       425.5825  DIHED      =       693.9743
 1-4 NB =       208.8155  1-4 EEL =      2158.6103  VDWAALS    =      -389.4977
 EELEC  =     -3675.2557  EGB     =     -1035.9426  RESTRAINT  =        14.5866
 EAMBER (non-restraint)  =     -1404.0807
 ESURF=        28.8355
 ------------------------------------------------------------------------------


 NSTEP =    65000   TIME(PS) =    1380.000  TEMP(K) =   311.80  PRESS =     0.0
 Etot   =      -708.9221  EKtot   =       682.8039  EPtot      =     -1391.7259
 BOND   =       188.6714  ANGLE   =       413.9044  DIHED      =       689.1967
 1-4 NB =       193.5084  1-4 EEL =      2169.2850  VDWAALS    =      -376.2712
 EELEC  =     -3635.9533  EGB     =     -1082.1040  RESTRAINT  =        17.4105
 EAMBER (non-restraint)  =     -1409.1364
 ESURF=        30.6262
 ------------------------------------------------------------------------------


 NSTEP =    70000   TIME(PS) =    1390.000  TEMP(K) =   306.40  PRESS =     0.0
 Etot   =      -699.2670  EKtot   =       670.9815  EPtot      =     -1370.2485
 BOND   =       161.2976  ANGLE   =       447.7631  DIHED      =       702.4490
 1-4 NB =       204.0164  1-4 EEL =      2165.3039  VDWAALS    =      -377.9460
 EELEC  =     -3667.1021  EGB     =     -1054.9550  RESTRAINT  =        19.0205
 EAMBER (non-restraint)  =     -1389.2690
 ESURF=        29.9040
 ------------------------------------------------------------------------------


 NSTEP =    75000   TIME(PS) =    1400.000  TEMP(K) =   284.44  PRESS =     0.0
 Etot   =      -770.8561  EKtot   =       622.8979  EPtot      =     -1393.7540
 BOND   =       182.6320  ANGLE   =       451.0819  DIHED      =       681.5747
 1-4 NB =       187.6267  1-4 EEL =      2118.1974  VDWAALS    =      -374.3212
 EELEC  =     -3666.4961  EGB     =     -1019.5165  RESTRAINT  =        16.1456
 EAMBER (non-restraint)  =     -1409.8996
 ESURF=        29.3215
 ------------------------------------------------------------------------------


 NSTEP =    80000   TIME(PS) =    1410.000  TEMP(K) =   304.44  PRESS =     0.0
 Etot   =      -707.9791  EKtot   =       666.6849  EPtot      =     -1374.6639
 BOND   =       203.8553  ANGLE   =       436.0019  DIHED      =       678.0390
 1-4 NB =       196.6147  1-4 EEL =      2090.5831  VDWAALS    =      -356.2395
 EELEC  =     -3647.7836  EGB     =     -1023.4102  RESTRAINT  =        16.6077
 EAMBER (non-restraint)  =     -1391.2717
 ESURF=        31.0676
 ------------------------------------------------------------------------------


 NSTEP =    85000   TIME(PS) =    1420.000  TEMP(K) =   301.15  PRESS =     0.0
 Etot   =      -775.1420  EKtot   =       659.4935  EPtot      =     -1434.6355
 BOND   =       172.4352  ANGLE   =       418.6555  DIHED      =       686.1339
 1-4 NB =       187.8717  1-4 EEL =      2123.3326  VDWAALS    =      -376.8842
 EELEC  =     -3670.4987  EGB     =     -1020.6414  RESTRAINT  =        15.0922
 EAMBER (non-restraint)  =     -1449.7277
 ESURF=        29.8678
 ------------------------------------------------------------------------------


 NSTEP =    90000   TIME(PS) =    1430.000  TEMP(K) =   294.62  PRESS =     0.0
 Etot   =      -766.2721  EKtot   =       645.1840  EPtot      =     -1411.4561
 BOND   =       159.1821  ANGLE   =       438.4357  DIHED      =       693.7608
 1-4 NB =       194.8657  1-4 EEL =      2135.0903  VDWAALS    =      -376.0736
 EELEC  =     -3696.3072  EGB     =     -1007.5462  RESTRAINT  =        18.0852
 EAMBER (non-restraint)  =     -1429.5413
 ESURF=        29.0511
 ------------------------------------------------------------------------------


 NSTEP =    95000   TIME(PS) =    1440.000  TEMP(K) =   306.10  PRESS =     0.0
 Etot   =      -722.9997  EKtot   =       670.3207  EPtot      =     -1393.3204
 BOND   =       187.6999  ANGLE   =       443.9930  DIHED      =       681.5831
 1-4 NB =       187.8293  1-4 EEL =      2121.3148  VDWAALS    =      -375.9033
 EELEC  =     -3662.2543  EGB     =     -1025.6475  RESTRAINT  =        19.4633
 EAMBER (non-restraint)  =     -1412.7837
 ESURF=        28.6012
 ------------------------------------------------------------------------------


 NSTEP =   100000   TIME(PS) =    1450.000  TEMP(K) =   306.83  PRESS =     0.0
 Etot   =      -726.0781  EKtot   =       671.9187  EPtot      =     -1397.9968
 BOND   =       165.6170  ANGLE   =       420.7693  DIHED      =       713.9794
 1-4 NB =       204.6417  1-4 EEL =      2148.3130  VDWAALS    =      -380.8767
 EELEC  =     -3652.3854  EGB     =     -1063.7243  RESTRAINT  =        16.8294
 EAMBER (non-restraint)  =     -1414.8262
 ESURF=        28.8399
 ------------------------------------------------------------------------------


 NSTEP =   105000   TIME(PS) =    1460.000  TEMP(K) =   308.05  PRESS =     0.0
 Etot   =      -736.3327  EKtot   =       674.6008  EPtot      =     -1410.9335
 BOND   =       174.3931  ANGLE   =       420.3540  DIHED      =       679.7366
 1-4 NB =       203.1291  1-4 EEL =      2131.1897  VDWAALS    =      -384.7018
 EELEC  =     -3694.9690  EGB     =      -990.3489  RESTRAINT  =        21.2742
 EAMBER (non-restraint)  =     -1432.2076
 ESURF=        29.0097
 ------------------------------------------------------------------------------


 NSTEP =   110000   TIME(PS) =    1470.000  TEMP(K) =   298.82  PRESS =     0.0
 Etot   =      -741.0949  EKtot   =       654.3819  EPtot      =     -1395.4768
 BOND   =       172.1199  ANGLE   =       439.7127  DIHED      =       707.6050
 1-4 NB =       191.2584  1-4 EEL =      2130.8992  VDWAALS    =      -369.8745
 EELEC  =     -3677.6609  EGB     =     -1035.3395  RESTRAINT  =        15.8799
 EAMBER (non-restraint)  =     -1411.3567
 ESURF=        29.9229
 ------------------------------------------------------------------------------


 NSTEP =   115000   TIME(PS) =    1480.000  TEMP(K) =   298.13  PRESS =     0.0
 Etot   =      -738.0779  EKtot   =       652.8672  EPtot      =     -1390.9451
 BOND   =       179.3149  ANGLE   =       447.3083  DIHED      =       673.0964
 1-4 NB =       191.2410  1-4 EEL =      2125.0221  VDWAALS    =      -366.8667
 EELEC  =     -3641.6082  EGB     =     -1044.7329  RESTRAINT  =        15.6396
 EAMBER (non-restraint)  =     -1406.5847
 ESURF=        30.6403
 ------------------------------------------------------------------------------


 NSTEP =   120000   TIME(PS) =    1490.000  TEMP(K) =   292.10  PRESS =     0.0
 Etot   =      -785.8205  EKtot   =       639.6737  EPtot      =     -1425.4942
 BOND   =       174.8449  ANGLE   =       436.6832  DIHED      =       669.4913
 1-4 NB =       186.7332  1-4 EEL =      2125.8348  VDWAALS    =      -370.0965
 EELEC  =     -3635.5431  EGB     =     -1062.1757  RESTRAINT  =        17.7623
 EAMBER (non-restraint)  =     -1443.2565
 ESURF=        30.9715
 ------------------------------------------------------------------------------


 NSTEP =   125000   TIME(PS) =    1500.000  TEMP(K) =   313.33  PRESS =     0.0
 Etot   =      -716.8965  EKtot   =       686.1501  EPtot      =     -1403.0466
 BOND   =       171.9432  ANGLE   =       439.3042  DIHED      =       683.3989
 1-4 NB =       192.8674  1-4 EEL =      2133.0027  VDWAALS    =      -373.1314
 EELEC  =     -3660.5179  EGB     =     -1039.3727  RESTRAINT  =        18.9501
 EAMBER (non-restraint)  =     -1421.9968
 ESURF=        30.5088
 ------------------------------------------------------------------------------


      A V E R A G E S   O V E R      25 S T E P S


 NSTEP =   125000   TIME(PS) =    1500.000  TEMP(K) =   299.77  PRESS =     0.0
 Etot   =      -736.3832  EKtot   =       656.4662  EPtot      =     -1392.8494
 BOND   =       178.4500  ANGLE   =       435.3746  DIHED      =       688.5907
 1-4 NB =       194.8131  1-4 EEL =      2134.0944  VDWAALS    =      -373.9117
 EELEC  =     -3643.2462  EGB     =     -1054.3002  RESTRAINT  =        17.3837
 EAMBER (non-restraint)  =     -1410.2332
 ESURF=        29.9022
 ------------------------------------------------------------------------------


      R M S  F L U C T U A T I O N S


 NSTEP =   125000   TIME(PS) =    1500.000  TEMP(K) =     9.27  PRESS =     0.0
 Etot   =        27.4069  EKtot   =        20.2929  EPtot      =        17.0405
 BOND   =        11.5629  ANGLE   =        11.0828  DIHED      =        10.9034
 1-4 NB =         6.3159  1-4 EEL =        18.0696  VDWAALS    =         6.8478
 EELEC  =        29.6577  EGB     =        30.5569  RESTRAINT  =         2.3173
 EAMBER (non-restraint)  =        14.7232
 ESURF=         0.8268
 ------------------------------------------------------------------------------

--------------------------------------------------------------------------------
   5.  TIMINGS
--------------------------------------------------------------------------------

|  NonSetup CPU Time in Major Routines:
|
|     Routine           Sec        %
|     ------------------------------
|     Nonbond        3985.62   97.27
|     Bond              0.82    0.02
|     Angle            12.43    0.30
|     Dihedral         75.23    1.84
|     Shake             3.39    0.08
|     RunMD            20.06    0.49
|     Other             0.07    0.00
|     ------------------------------
|     Total          4097.62

|  Generalized Born CPU Time:
|
|     Routine                 Sec        %
|     ------------------------------------
|     Radii Calc            954.64   23.30
|     Diagonal Calc        1757.26   42.88
|     Off Diagonal Calc    1268.64   30.96
|     GBSA LCPO Calc          0.09    0.00
|     ---------------------------------
|     Total                3980.54   97.14

|  Final Performance Info:
|     -----------------------------------------------------
|     Average timings for last       1 steps:
|     Elapsed(s) =       0.00 Per Step(ms) =       0.10
|         ns/day =    1726.31   seconds/ns =      50.05
|
|     Average timings for all steps:
|     Elapsed(s) =   21336.29 Per Step(ms) =     170.69
|         ns/day =       1.01   seconds/ns =   85345.16
|     -----------------------------------------------------

|  Setup CPU time:            0.01 seconds
|  NonSetup CPU time:      4097.62 seconds
|  Total CPU time:         4097.64 seconds     1.14 hours

|  Setup wall time:           0    seconds
|  NonSetup wall time:    21336    seconds
|  Total wall time:       21336    seconds     5.93 hours
