
          -------------------------------------------------------
          Amber 22 PMEMD                              2022
          -------------------------------------------------------

| PMEMD implementation of SANDER, Release 22

|  Compiled date/time: Thu Apr 14 23:36:37 2022
| Run on 12/21/2023 at 21:36:26

|   Executable path: pmemd
| Working directory: /home/arul/Reegina/MD_Sim/sample/1C9O_info
|          Hostname: Unknown
  [-O]verwriting output

File Assignments:
|   MDIN: eq1.in                                                                
|  MDOUT: eq1.out                                                               
| INPCRD: heat.rst7                                                             
|   PARM: 1C9O.hmass.parm7                                                      
| RESTRT: eq1.rst7                                                              
|   REFC: heat.rst7                                                             
|  MDVEL: mdvel                                                                 
|   MDEN: mden                                                                  
|  MDCRD: eq1.crd                                                               
| MDINFO: eq1.info                                                              
|  MDFRC: mdfrc                                                                 


 Here is the input file:

&cntrl                                                                         
   ntx = 5,                                                                    
                                                                               
   ntwx = 5000, ntwe = 0, ntwr = 500,                                          
   ntpr = 5000,                                                                
                                                                               
   ioutfm=0, ntxo=1,                                                           
                                                                               
   imin = 0, nstlim = 125000, dt = 0.002,                                      
                                                                               
   ntt = 3, gamma_ln=1.0, temp0 = 300.0,                                       
   nscm = 1000, ig = -1, irest = 1,                                            
                                                                               
   ntc= 2, ntf = 2, cut = 1000,                                                
                                                                               
   igb=8, gbsa=3, surften=0.007, ntb = 0,                                      
   saltcon=0.,                                                                 
                                                                               
   ntr=1, restraintmask="@CA,N,C,O",                                           
   restraint_wt=1.0,                                                           
 /                                                                             


Note: ig = -1. Setting random seed to   498262 based on wallclock time in 
      microseconds.
| irandom = 1, using AMBER's internal random number generator (default).
 
| Conditional Compilation Defines Used:
| PUBFFT
| BINTRAJ
| EMIL

| New format PARM file being parsed.
| Version =    1.000 Date = 12/04/23 Time = 16:32:06

| Note: 1-4 EEL scale factors are being read from the topology file.

| Note: 1-4 VDW scale factors are being read from the topology file.
| INFO:    Reading atomic numbers from topology file.
| Duplicated    0 dihedrals

| Duplicated    0 dihedrals

--------------------------------------------------------------------------------
   1.  RESOURCE   USE: 
--------------------------------------------------------------------------------

 NATOM  =    2040 NTYPES =      14 NBONH =    1002 MBONA  =    1058
 NTHETH =    2286 MTHETA =    1418 NPHIH =    4638 MPHIA  =    4394
 NHPARM =       0 NPARM  =       0 NNB   =   11192 NRES   =     132
 NBONA  =    1058 NTHETA =    1418 NPHIA =    4394 NUMBND =      63
 NUMANG =     149 NPTRA  =     178 NATYP =      31 NPHB   =       0
 IFBOX  =       0 NMXRS  =      24 IFCAP =       0 NEXTRA =       0
 NCOPY  =       0

 Implicit solvent radii are ArgH and AspGluO modified Bondi2 radii (mbondi3)                                
 Replacing prmtop screening parameters with GBn2 (igb=8) values
--------------------------------------------------------------------------------
   2.  CONTROL  DATA  FOR  THE  RUN
--------------------------------------------------------------------------------

default_name                                                                    

General flags:
     imin    =       0, nmropt  =       0

Nature and format of input:
     ntx     =       5, irest   =       1, ntrx    =       1

Nature and format of output:
     ntxo    =       1, ntpr    =    5000, ntrx    =       1, ntwr    =     500
     iwrap   =       0, ntwx    =    5000, ntwv    =       0, ntwe    =       0
     ioutfm  =       0, ntwprt  =       0, idecomp =       0, rbornstat=      0

Potential function:
     ntf     =       2, ntb     =       0, igb     =       8, nsnb    =      25
     ipol    =       0, gbsa    =       3, iesp    =       0
     dielc   =   1.00000, cut     =1000.00000, intdiel =   1.00000
     saltcon =   0.00000, offset  =   0.19514, surften =   0.00700
     rdt     =   0.00000, rgbmax  =  25.00000  extdiel =  78.50000
     alpb  =        0
     gbalphaH  =   0.78844, gbbetaH   =   0.79870,  gbgammaH  =    0.43733
     gbalphaC  =   0.73376, gbbetaC   =   0.50638,  gbgammaC  =    0.20584
     gbalphaN  =   0.50336, gbbetaN   =   0.31683,  gbgammaN  =    0.19292
     gbalphaOS =   0.86781, gbbetaOS  =   0.87664,  gbgammaOS =    0.38788
     gbalphaP  =   1.00000, gbbetaP   =   0.80000,  gbgammaP  =    4.85000
     gb_alpha_hnu  =   0.53705, gb_beta_hnu   =   0.36286,  gb_gamma_hnu  =    0.11670
     gb_alpha_cnu  =   0.33167, gb_beta_cnu   =   0.19684,  gb_gamma_cnu  =    0.09342
     gb_alpha_nnu  =   0.68631, gb_beta_nnu   =   0.46319,  gb_gamma_nnu  =    0.13872
     gb_alpha_onu  =   0.60634, gb_beta_onu   =   0.46301,  gb_gamma_onu  =    0.14226
     gb_alpha_pnu  =   0.41836, gb_beta_pnu   =   0.29005,  gb_gamma_pnu  =    0.10642

Frozen or restrained atoms:
     ibelly  =       0, ntr     =       1
     restraint_wt =   1.00000

Molecular dynamics:
     nstlim  =    125000, nscm    =         0, nrespa  =         1
     t       =   0.00000, dt      =   0.00200, vlimit  =  20.00000

Langevin dynamics temperature regulation:
     ig      =  498262
     temp0   = 300.00000, tempi   =   0.00000, gamma_ln=   1.00000

SHAKE:
     ntc     =       2, jfastw  =       0
     tol     =   0.00001

| Intermolecular bonds treatment:
|     no_intermolecular_bonds =       1

| Energy averages sample interval:
|     ene_avg_sampling =    5000

    LOADING THE CONSTRAINED ATOMS AS GROUPS


   5.  REFERENCE ATOM COORDINATES

  default_name                                                                    
     Mask @CA,N,C,O; matches   528 atoms

--------------------------------------------------------------------------------
   3.  ATOMIC COORDINATES AND VELOCITIES
--------------------------------------------------------------------------------

default_name                                                                    
 begin time read from input coords =  1000.000 ps

 
 Number of triangulated 3-point waters found:        0
| Dynamic Memory, Types Used:
| Reals               70737
| Integers           241782

--------------------------------------------------------------------------------
   4.  RESULTS
--------------------------------------------------------------------------------


 NSTEP =     5000   TIME(PS) =    1010.000  TEMP(K) =   305.07  PRESS =     0.0
 Etot   =     -1832.0034  EKtot   =      1551.3714  EPtot      =     -3383.3748
 BOND   =       414.8640  ANGLE   =       978.7657  DIHED      =      1577.8886
 1-4 NB =       446.9913  1-4 EEL =      6075.2614  VDWAALS    =      -928.7709
 EELEC  =     -9855.1769  EGB     =     -2207.4342  RESTRAINT  =        58.4931
 EAMBER (non-restraint)  =     -3441.8679
 ESURF=        55.7433
 ------------------------------------------------------------------------------


 NSTEP =    10000   TIME(PS) =    1020.000  TEMP(K) =   305.15  PRESS =     0.0
 Etot   =     -1890.1173  EKtot   =      1551.7337  EPtot      =     -3441.8510
 BOND   =       403.0755  ANGLE   =       977.1523  DIHED      =      1554.0319
 1-4 NB =       444.5704  1-4 EEL =      6116.6677  VDWAALS    =      -965.7339
 EELEC  =     -9867.9588  EGB     =     -2206.0529  RESTRAINT  =        49.4834
 EAMBER (non-restraint)  =     -3491.3344
 ESURF=        52.9135
 ------------------------------------------------------------------------------


 NSTEP =    15000   TIME(PS) =    1030.000  TEMP(K) =   292.84  PRESS =     0.0
 Etot   =     -1873.1004  EKtot   =      1489.1788  EPtot      =     -3362.2792
 BOND   =       398.5280  ANGLE   =      1006.5647  DIHED      =      1578.5777
 1-4 NB =       446.5121  1-4 EEL =      6076.3238  VDWAALS    =      -946.9593
 EELEC  =     -9847.3904  EGB     =     -2181.6216  RESTRAINT  =        53.1804
 EAMBER (non-restraint)  =     -3415.4596
 ESURF=        54.0054
 ------------------------------------------------------------------------------


 NSTEP =    20000   TIME(PS) =    1040.000  TEMP(K) =   293.98  PRESS =     0.0
 Etot   =     -1973.9364  EKtot   =      1494.9318  EPtot      =     -3468.8682
 BOND   =       388.8572  ANGLE   =       956.5639  DIHED      =      1554.8568
 1-4 NB =       451.0395  1-4 EEL =      6088.2435  VDWAALS    =      -930.3045
 EELEC  =     -9914.5318  EGB     =     -2173.3999  RESTRAINT  =        56.2106
 EAMBER (non-restraint)  =     -3525.0788
 ESURF=        53.5964
 ------------------------------------------------------------------------------


 NSTEP =    25000   TIME(PS) =    1050.000  TEMP(K) =   305.22  PRESS =     0.0
 Etot   =     -1876.5631  EKtot   =      1552.0915  EPtot      =     -3428.6546
 BOND   =       403.7209  ANGLE   =       972.0796  DIHED      =      1572.2056
 1-4 NB =       442.1869  1-4 EEL =      6057.8606  VDWAALS    =      -939.7576
 EELEC  =     -9886.8701  EGB     =     -2162.0903  RESTRAINT  =        56.9578
 EAMBER (non-restraint)  =     -3485.6124
 ESURF=        55.0521
 ------------------------------------------------------------------------------


 NSTEP =    30000   TIME(PS) =    1060.000  TEMP(K) =   309.26  PRESS =     0.0
 Etot   =     -1855.3410  EKtot   =      1572.6497  EPtot      =     -3427.9907
 BOND   =       416.1740  ANGLE   =       952.7953  DIHED      =      1589.6524
 1-4 NB =       452.3336  1-4 EEL =      6044.4143  VDWAALS    =      -944.9150
 EELEC  =     -9969.1403  EGB     =     -2076.2277  RESTRAINT  =        54.9369
 EAMBER (non-restraint)  =     -3482.9275
 ESURF=        51.9860
 ------------------------------------------------------------------------------


 NSTEP =    35000   TIME(PS) =    1070.000  TEMP(K) =   310.94  PRESS =     0.0
 Etot   =     -1813.5521  EKtot   =      1581.1799  EPtot      =     -3394.7319
 BOND   =       389.7870  ANGLE   =       988.0503  DIHED      =      1587.9416
 1-4 NB =       448.0194  1-4 EEL =      6034.9699  VDWAALS    =      -940.9584
 EELEC  =     -9785.3646  EGB     =     -2225.1656  RESTRAINT  =        54.7599
 EAMBER (non-restraint)  =     -3449.4918
 ESURF=        53.2286
 ------------------------------------------------------------------------------


 NSTEP =    40000   TIME(PS) =    1080.000  TEMP(K) =   287.00  PRESS =     0.0
 Etot   =     -1901.4136  EKtot   =      1459.4551  EPtot      =     -3360.8687
 BOND   =       406.7819  ANGLE   =      1012.6456  DIHED      =      1580.4869
 1-4 NB =       443.9035  1-4 EEL =      6080.4294  VDWAALS    =      -937.3308
 EELEC  =     -9777.2341  EGB     =     -2277.0405  RESTRAINT  =        50.5591
 EAMBER (non-restraint)  =     -3411.4278
 ESURF=        55.9302
 ------------------------------------------------------------------------------


 NSTEP =    45000   TIME(PS) =    1090.000  TEMP(K) =   289.31  PRESS =     0.0
 Etot   =     -1955.7532  EKtot   =      1471.2037  EPtot      =     -3426.9569
 BOND   =       401.9303  ANGLE   =       959.5895  DIHED      =      1579.3067
 1-4 NB =       449.5901  1-4 EEL =      6078.2298  VDWAALS    =      -953.1875
 EELEC  =     -9859.9587  EGB     =     -2187.4132  RESTRAINT  =        51.9701
 EAMBER (non-restraint)  =     -3478.9270
 ESURF=        52.9859
 ------------------------------------------------------------------------------


 NSTEP =    50000   TIME(PS) =    1100.000  TEMP(K) =   294.92  PRESS =     0.0
 Etot   =     -1909.9754  EKtot   =      1499.7414  EPtot      =     -3409.7168
 BOND   =       371.3566  ANGLE   =       983.0918  DIHED      =      1567.5430
 1-4 NB =       446.8346  1-4 EEL =      6155.6194  VDWAALS    =      -961.6800
 EELEC  =     -9829.0409  EGB     =     -2251.1675  RESTRAINT  =        53.6725
 EAMBER (non-restraint)  =     -3463.3893
 ESURF=        54.0537
 ------------------------------------------------------------------------------


 NSTEP =    55000   TIME(PS) =    1110.000  TEMP(K) =   311.88  PRESS =     0.0
 Etot   =     -1841.5639  EKtot   =      1585.9899  EPtot      =     -3427.5538
 BOND   =       390.9450  ANGLE   =       972.1112  DIHED      =      1590.0465
 1-4 NB =       469.7506  1-4 EEL =      6064.3207  VDWAALS    =      -964.4134
 EELEC  =     -9862.3207  EGB     =     -2193.5193  RESTRAINT  =        53.0544
 EAMBER (non-restraint)  =     -3480.6082
 ESURF=        52.4713
 ------------------------------------------------------------------------------


 NSTEP =    60000   TIME(PS) =    1120.000  TEMP(K) =   298.79  PRESS =     0.0
 Etot   =     -1896.7567  EKtot   =      1519.4305  EPtot      =     -3416.1872
 BOND   =       388.7510  ANGLE   =       959.4071  DIHED      =      1572.3361
 1-4 NB =       463.7413  1-4 EEL =      6087.4001  VDWAALS    =      -938.4422
 EELEC  =     -9796.3698  EGB     =     -2261.1810  RESTRAINT  =        55.7184
 EAMBER (non-restraint)  =     -3471.9056
 ESURF=        52.4519
 ------------------------------------------------------------------------------


 NSTEP =    65000   TIME(PS) =    1130.000  TEMP(K) =   298.62  PRESS =     0.0
 Etot   =     -1882.5999  EKtot   =      1518.5498  EPtot      =     -3401.1497
 BOND   =       394.7588  ANGLE   =       977.3774  DIHED      =      1581.6629
 1-4 NB =       444.2202  1-4 EEL =      6076.1099  VDWAALS    =      -943.8985
 EELEC  =     -9790.4934  EGB     =     -2250.5029  RESTRAINT  =        56.6687
 EAMBER (non-restraint)  =     -3457.8184
 ESURF=        52.9471
 ------------------------------------------------------------------------------


 NSTEP =    70000   TIME(PS) =    1140.000  TEMP(K) =   295.59  PRESS =     0.0
 Etot   =     -1891.8206  EKtot   =      1503.1237  EPtot      =     -3394.9443
 BOND   =       392.7714  ANGLE   =       988.1472  DIHED      =      1578.6359
 1-4 NB =       446.0297  1-4 EEL =      6073.6835  VDWAALS    =      -933.0952
 EELEC  =     -9821.0120  EGB     =     -2232.7411  RESTRAINT  =        58.1617
 EAMBER (non-restraint)  =     -3453.1061
 ESURF=        54.4745
 ------------------------------------------------------------------------------


 NSTEP =    75000   TIME(PS) =    1150.000  TEMP(K) =   294.08  PRESS =     0.0
 Etot   =     -1940.9152  EKtot   =      1495.4622  EPtot      =     -3436.3774
 BOND   =       396.0027  ANGLE   =       939.7836  DIHED      =      1553.8542
 1-4 NB =       461.6476  1-4 EEL =      6076.3986  VDWAALS    =      -953.9588
 EELEC  =     -9794.7432  EGB     =     -2223.5114  RESTRAINT  =        55.0360
 EAMBER (non-restraint)  =     -3491.4134
 ESURF=        53.1134
 ------------------------------------------------------------------------------


 NSTEP =    80000   TIME(PS) =    1160.000  TEMP(K) =   299.41  PRESS =     0.0
 Etot   =     -1901.6624  EKtot   =      1522.5603  EPtot      =     -3424.2227
 BOND   =       393.2474  ANGLE   =       961.1682  DIHED      =      1572.7504
 1-4 NB =       464.1675  1-4 EEL =      6079.3128  VDWAALS    =      -953.3438
 EELEC  =     -9888.0121  EGB     =     -2165.0446  RESTRAINT  =        59.9812
 EAMBER (non-restraint)  =     -3484.2040
 ESURF=        51.5503
 ------------------------------------------------------------------------------


 NSTEP =    85000   TIME(PS) =    1170.000  TEMP(K) =   303.18  PRESS =     0.0
 Etot   =     -1896.8137  EKtot   =      1541.7203  EPtot      =     -3438.5340
 BOND   =       394.5119  ANGLE   =       963.4123  DIHED      =      1555.7977
 1-4 NB =       455.9944  1-4 EEL =      6061.3512  VDWAALS    =      -943.3092
 EELEC  =     -9877.0614  EGB     =     -2161.6522  RESTRAINT  =        59.0554
 EAMBER (non-restraint)  =     -3497.5895
 ESURF=        53.3659
 ------------------------------------------------------------------------------


 NSTEP =    90000   TIME(PS) =    1180.000  TEMP(K) =   302.25  PRESS =     0.0
 Etot   =     -1884.3392  EKtot   =      1536.9881  EPtot      =     -3421.3273
 BOND   =       388.0840  ANGLE   =       965.3381  DIHED      =      1596.5044
 1-4 NB =       456.6227  1-4 EEL =      6052.2181  VDWAALS    =      -950.8928
 EELEC  =     -9857.3871  EGB     =     -2182.1260  RESTRAINT  =        57.8893
 EAMBER (non-restraint)  =     -3479.2166
 ESURF=        52.4219
 ------------------------------------------------------------------------------


 NSTEP =    95000   TIME(PS) =    1190.000  TEMP(K) =   300.13  PRESS =     0.0
 Etot   =     -1866.3414  EKtot   =      1526.2499  EPtot      =     -3392.5913
 BOND   =       395.6887  ANGLE   =       990.5513  DIHED      =      1574.2887
 1-4 NB =       451.2202  1-4 EEL =      6062.6928  VDWAALS    =      -947.0721
 EELEC  =     -9764.3358  EGB     =     -2264.0566  RESTRAINT  =        53.0571
 EAMBER (non-restraint)  =     -3445.6484
 ESURF=        55.3745
 ------------------------------------------------------------------------------


 NSTEP =   100000   TIME(PS) =    1200.000  TEMP(K) =   297.29  PRESS =     0.0
 Etot   =     -1899.1036  EKtot   =      1511.7720  EPtot      =     -3410.8756
 BOND   =       392.4243  ANGLE   =       999.7667  DIHED      =      1560.9098
 1-4 NB =       435.2301  1-4 EEL =      6081.2924  VDWAALS    =      -951.0919
 EELEC  =     -9804.7695  EGB     =     -2237.8491  RESTRAINT  =        58.7621
 EAMBER (non-restraint)  =     -3469.6377
 ESURF=        54.4495
 ------------------------------------------------------------------------------


 NSTEP =   105000   TIME(PS) =    1210.000  TEMP(K) =   293.13  PRESS =     0.0
 Etot   =     -1930.4294  EKtot   =      1490.6480  EPtot      =     -3421.0774
 BOND   =       413.0264  ANGLE   =       956.6650  DIHED      =      1573.4635
 1-4 NB =       446.9308  1-4 EEL =      6035.2025  VDWAALS    =      -917.9786
 EELEC  =     -9815.1539  EGB     =     -2229.5973  RESTRAINT  =        61.7157
 EAMBER (non-restraint)  =     -3482.7932
 ESURF=        54.6486
 ------------------------------------------------------------------------------


 NSTEP =   110000   TIME(PS) =    1220.000  TEMP(K) =   300.98  PRESS =     0.0
 Etot   =     -1901.8976  EKtot   =      1530.5579  EPtot      =     -3432.4556
 BOND   =       374.6552  ANGLE   =       939.2373  DIHED      =      1574.5680
 1-4 NB =       456.1758  1-4 EEL =      6127.4704  VDWAALS    =      -921.2241
 EELEC  =     -9883.1912  EGB     =     -2207.1338  RESTRAINT  =        54.9874
 EAMBER (non-restraint)  =     -3487.4430
 ESURF=        51.9993
 ------------------------------------------------------------------------------


 NSTEP =   115000   TIME(PS) =    1230.000  TEMP(K) =   294.03  PRESS =     0.0
 Etot   =     -1919.8500  EKtot   =      1495.1879  EPtot      =     -3415.0378
 BOND   =       375.8159  ANGLE   =      1002.7945  DIHED      =      1574.1480
 1-4 NB =       445.3954  1-4 EEL =      6078.9296  VDWAALS    =      -945.3629
 EELEC  =     -9713.9558  EGB     =     -2344.1425  RESTRAINT  =        56.1970
 EAMBER (non-restraint)  =     -3471.2348
 ESURF=        55.1428
 ------------------------------------------------------------------------------


 NSTEP =   120000   TIME(PS) =    1240.000  TEMP(K) =   303.55  PRESS =     0.0
 Etot   =     -1856.0076  EKtot   =      1543.6125  EPtot      =     -3399.6201
 BOND   =       437.3222  ANGLE   =       934.9296  DIHED      =      1567.6728
 1-4 NB =       448.6983  1-4 EEL =      6035.0533  VDWAALS    =      -953.3570
 EELEC  =     -9692.5553  EGB     =     -2293.6086  RESTRAINT  =        60.9329
 EAMBER (non-restraint)  =     -3460.5531
 ESURF=        55.2919
 ------------------------------------------------------------------------------


 NSTEP =   125000   TIME(PS) =    1250.000  TEMP(K) =   297.39  PRESS =     0.0
 Etot   =     -1862.8681  EKtot   =      1512.2708  EPtot      =     -3375.1389
 BOND   =       416.7153  ANGLE   =      1002.6130  DIHED      =      1563.4045
 1-4 NB =       455.3818  1-4 EEL =      6062.8095  VDWAALS    =      -947.8293
 EELEC  =     -9761.7781  EGB     =     -2281.1264  RESTRAINT  =        60.9413
 EAMBER (non-restraint)  =     -3436.0802
 ESURF=        53.7295
 ------------------------------------------------------------------------------


      A V E R A G E S   O V E R      25 S T E P S


 NSTEP =   125000   TIME(PS) =    1250.000  TEMP(K) =   299.36  PRESS =     0.0
 Etot   =     -1890.1890  EKtot   =      1522.3064  EPtot      =     -3412.4954
 BOND   =       397.5918  ANGLE   =       973.6240  DIHED      =      1573.3014
 1-4 NB =       450.9275  1-4 EEL =      6074.4906  VDWAALS    =      -944.5947
 EELEC  =     -9828.6322  EGB     =     -2219.0163  RESTRAINT  =        56.0953
 EAMBER (non-restraint)  =     -3468.5907
 ESURF=        53.7171
 ------------------------------------------------------------------------------


      R M S  F L U C T U A T I O N S


 NSTEP =   125000   TIME(PS) =    1250.000  TEMP(K) =     6.31  PRESS =     0.0
 Etot   =        36.4584  EKtot   =        32.1012  EPtot      =        25.0503
 BOND   =        14.3232  ANGLE   =        21.3541  DIHED      =        11.4081
 1-4 NB =         7.7752  1-4 EEL =        27.2488  VDWAALS    =        11.8693
 EELEC  =        61.3662  EGB     =        53.5742  RESTRAINT  =         3.1852
 EAMBER (non-restraint)  =        21.8651
 ESURF=         1.2362
 ------------------------------------------------------------------------------

--------------------------------------------------------------------------------
   5.  TIMINGS
--------------------------------------------------------------------------------

|  NonSetup CPU Time in Major Routines:
|
|     Routine           Sec        %
|     ------------------------------
|     Nonbond       18339.33   98.72
|     Bond              1.59    0.01
|     Angle            27.41    0.15
|     Dihedral        159.21    0.86
|     Shake             7.08    0.04
|     RunMD            43.13    0.23
|     Other             0.06    0.00
|     ------------------------------
|     Total         18577.81

|  Generalized Born CPU Time:
|
|     Routine                 Sec        %
|     ------------------------------------
|     Radii Calc           4153.03   22.35
|     Diagonal Calc        7675.09   41.31
|     Off Diagonal Calc    6500.32   34.99
|     GBSA LCPO Calc          0.06    0.00
|     ---------------------------------
|     Total               18328.44   98.66

|  Final Performance Info:
|     -----------------------------------------------------
|     Average timings for last       1 steps:
|     Elapsed(s) =       0.00 Per Step(ms) =       0.10
|         ns/day =    1800.99   seconds/ns =      47.97
|
|     Average timings for all steps:
|     Elapsed(s) =   26907.14 Per Step(ms) =     215.26
|         ns/day =       0.80   seconds/ns =  107628.56
|     -----------------------------------------------------

|  Setup CPU time:            0.03 seconds
|  NonSetup CPU time:     18577.81 seconds
|  Total CPU time:        18577.83 seconds     5.16 hours

|  Setup wall time:           1    seconds
|  NonSetup wall time:    26907    seconds
|  Total wall time:       26908    seconds     7.47 hours
