
          -------------------------------------------------------
          Amber 22 PMEMD                              2022
          -------------------------------------------------------

| PMEMD implementation of SANDER, Release 22

|  Compiled date/time: Thu Apr 14 23:36:37 2022
| Run on 12/22/2023 at 14:03:44

|   Executable path: pmemd
| Working directory: /home/arul/Reegina/MD_Sim/sample/1C9O_info
|          Hostname: Unknown
  [-O]verwriting output

File Assignments:
|   MDIN: eq2.in                                                                
|  MDOUT: eq2.out                                                               
| INPCRD: eq1.rst7                                                              
|   PARM: 1C9O.hmass.parm7                                                      
| RESTRT: eq2.rst7                                                              
|   REFC: eq1.rst7                                                              
|  MDVEL: mdvel                                                                 
|   MDEN: mden                                                                  
|  MDCRD: eq2.crd                                                               
| MDINFO: eq2.info                                                              
|  MDFRC: mdfrc                                                                 


 Here is the input file:

&cntrl                                                                         
   ntx = 5,                                                                    
   ntwx = 5000, ntwe = 0, ntwr = 500,                                          
   ntpr = 5000,                                                                
                                                                               
   ioutfm=0, ntxo=1,                                                           
                                                                               
   imin = 0, nstlim = 125000, dt = 0.002,                                      
                                                                               
   ntt = 3, gamma_ln=1., temp0 = 300.0,                                        
   nscm = 1000, ig = -1, irest = 1,                                            
                                                                               
   ntc= 2, ntf = 2, cut = 1000,                                                
                                                                               
   igb=8, gbsa=3, surften=0.007, ntb = 0,                                      
   saltcon=0.,                                                                 
                                                                               
   ntr=1, restraintmask="@CA,N,C,O",                                           
   restraint_wt=0.1,                                                           
 /                                                                             


Note: ig = -1. Setting random seed to   632136 based on wallclock time in 
      microseconds.
| irandom = 1, using AMBER's internal random number generator (default).
 
| Conditional Compilation Defines Used:
| PUBFFT
| BINTRAJ
| EMIL

| New format PARM file being parsed.
| Version =    1.000 Date = 12/04/23 Time = 16:32:06

| Note: 1-4 EEL scale factors are being read from the topology file.

| Note: 1-4 VDW scale factors are being read from the topology file.
| INFO:    Reading atomic numbers from topology file.
| Duplicated    0 dihedrals

| Duplicated    0 dihedrals

--------------------------------------------------------------------------------
   1.  RESOURCE   USE: 
--------------------------------------------------------------------------------

 NATOM  =    2040 NTYPES =      14 NBONH =    1002 MBONA  =    1058
 NTHETH =    2286 MTHETA =    1418 NPHIH =    4638 MPHIA  =    4394
 NHPARM =       0 NPARM  =       0 NNB   =   11192 NRES   =     132
 NBONA  =    1058 NTHETA =    1418 NPHIA =    4394 NUMBND =      63
 NUMANG =     149 NPTRA  =     178 NATYP =      31 NPHB   =       0
 IFBOX  =       0 NMXRS  =      24 IFCAP =       0 NEXTRA =       0
 NCOPY  =       0

 Implicit solvent radii are ArgH and AspGluO modified Bondi2 radii (mbondi3)                                
 Replacing prmtop screening parameters with GBn2 (igb=8) values
--------------------------------------------------------------------------------
   2.  CONTROL  DATA  FOR  THE  RUN
--------------------------------------------------------------------------------

default_name                                                                    

General flags:
     imin    =       0, nmropt  =       0

Nature and format of input:
     ntx     =       5, irest   =       1, ntrx    =       1

Nature and format of output:
     ntxo    =       1, ntpr    =    5000, ntrx    =       1, ntwr    =     500
     iwrap   =       0, ntwx    =    5000, ntwv    =       0, ntwe    =       0
     ioutfm  =       0, ntwprt  =       0, idecomp =       0, rbornstat=      0

Potential function:
     ntf     =       2, ntb     =       0, igb     =       8, nsnb    =      25
     ipol    =       0, gbsa    =       3, iesp    =       0
     dielc   =   1.00000, cut     =1000.00000, intdiel =   1.00000
     saltcon =   0.00000, offset  =   0.19514, surften =   0.00700
     rdt     =   0.00000, rgbmax  =  25.00000  extdiel =  78.50000
     alpb  =        0
     gbalphaH  =   0.78844, gbbetaH   =   0.79870,  gbgammaH  =    0.43733
     gbalphaC  =   0.73376, gbbetaC   =   0.50638,  gbgammaC  =    0.20584
     gbalphaN  =   0.50336, gbbetaN   =   0.31683,  gbgammaN  =    0.19292
     gbalphaOS =   0.86781, gbbetaOS  =   0.87664,  gbgammaOS =    0.38788
     gbalphaP  =   1.00000, gbbetaP   =   0.80000,  gbgammaP  =    4.85000
     gb_alpha_hnu  =   0.53705, gb_beta_hnu   =   0.36286,  gb_gamma_hnu  =    0.11670
     gb_alpha_cnu  =   0.33167, gb_beta_cnu   =   0.19684,  gb_gamma_cnu  =    0.09342
     gb_alpha_nnu  =   0.68631, gb_beta_nnu   =   0.46319,  gb_gamma_nnu  =    0.13872
     gb_alpha_onu  =   0.60634, gb_beta_onu   =   0.46301,  gb_gamma_onu  =    0.14226
     gb_alpha_pnu  =   0.41836, gb_beta_pnu   =   0.29005,  gb_gamma_pnu  =    0.10642

Frozen or restrained atoms:
     ibelly  =       0, ntr     =       1
     restraint_wt =   0.10000

Molecular dynamics:
     nstlim  =    125000, nscm    =         0, nrespa  =         1
     t       =   0.00000, dt      =   0.00200, vlimit  =  20.00000

Langevin dynamics temperature regulation:
     ig      =  632136
     temp0   = 300.00000, tempi   =   0.00000, gamma_ln=   1.00000

SHAKE:
     ntc     =       2, jfastw  =       0
     tol     =   0.00001

| Intermolecular bonds treatment:
|     no_intermolecular_bonds =       1

| Energy averages sample interval:
|     ene_avg_sampling =    5000

    LOADING THE CONSTRAINED ATOMS AS GROUPS


   5.  REFERENCE ATOM COORDINATES

  default_name                                                                    
     Mask @CA,N,C,O; matches   528 atoms

--------------------------------------------------------------------------------
   3.  ATOMIC COORDINATES AND VELOCITIES
--------------------------------------------------------------------------------

default_name                                                                    
 begin time read from input coords =  1250.000 ps

 
 Number of triangulated 3-point waters found:        0
| Dynamic Memory, Types Used:
| Reals               70737
| Integers           241782

--------------------------------------------------------------------------------
   4.  RESULTS
--------------------------------------------------------------------------------


 NSTEP =     5000   TIME(PS) =    1260.000  TEMP(K) =   299.68  PRESS =     0.0
 Etot   =     -1881.8485  EKtot   =      1523.9222  EPtot      =     -3405.7708
 BOND   =       427.6078  ANGLE   =       980.9467  DIHED      =      1558.5282
 1-4 NB =       451.2445  1-4 EEL =      6024.1650  VDWAALS    =      -938.6935
 EELEC  =     -9709.2603  EGB     =     -2274.9412  RESTRAINT  =        19.8303
 EAMBER (non-restraint)  =     -3425.6010
 ESURF=        54.8018
 ------------------------------------------------------------------------------


 NSTEP =    10000   TIME(PS) =    1270.000  TEMP(K) =   290.87  PRESS =     0.0
 Etot   =     -1946.7120  EKtot   =      1479.1271  EPtot      =     -3425.8391
 BOND   =       398.9715  ANGLE   =       976.6860  DIHED      =      1586.6432
 1-4 NB =       448.5933  1-4 EEL =      6009.4992  VDWAALS    =      -928.0657
 EELEC  =     -9749.5147  EGB     =     -2245.2540  RESTRAINT  =        20.4412
 EAMBER (non-restraint)  =     -3446.2802
 ESURF=        56.1610
 ------------------------------------------------------------------------------


 NSTEP =    15000   TIME(PS) =    1280.000  TEMP(K) =   300.90  PRESS =     0.0
 Etot   =     -1860.7086  EKtot   =      1530.1383  EPtot      =     -3390.8469
 BOND   =       415.3248  ANGLE   =       992.3015  DIHED      =      1580.5028
 1-4 NB =       431.6446  1-4 EEL =      6019.0447  VDWAALS    =      -938.0549
 EELEC  =     -9726.0439  EGB     =     -2243.5397  RESTRAINT  =        21.1460
 EAMBER (non-restraint)  =     -3411.9929
 ESURF=        56.8271
 ------------------------------------------------------------------------------


 NSTEP =    20000   TIME(PS) =    1290.000  TEMP(K) =   302.56  PRESS =     0.0
 Etot   =     -1880.7925  EKtot   =      1538.5705  EPtot      =     -3419.3630
 BOND   =       395.8543  ANGLE   =       990.5905  DIHED      =      1560.4681
 1-4 NB =       442.3547  1-4 EEL =      6050.5643  VDWAALS    =      -931.7773
 EELEC  =     -9812.2637  EGB     =     -2192.4118  RESTRAINT  =        22.2266
 EAMBER (non-restraint)  =     -3441.5897
 ESURF=        55.0312
 ------------------------------------------------------------------------------


 NSTEP =    25000   TIME(PS) =    1300.000  TEMP(K) =   296.37  PRESS =     0.0
 Etot   =     -1923.2186  EKtot   =      1507.1219  EPtot      =     -3430.3405
 BOND   =       394.7797  ANGLE   =       990.7050  DIHED      =      1551.7414
 1-4 NB =       444.7180  1-4 EEL =      6017.8228  VDWAALS    =      -918.0556
 EELEC  =     -9827.2666  EGB     =     -2166.3150  RESTRAINT  =        25.2357
 EAMBER (non-restraint)  =     -3455.5762
 ESURF=        56.2942
 ------------------------------------------------------------------------------


 NSTEP =    30000   TIME(PS) =    1310.000  TEMP(K) =   297.82  PRESS =     0.0
 Etot   =     -1972.8567  EKtot   =      1514.5032  EPtot      =     -3487.3599
 BOND   =       392.9622  ANGLE   =       989.5892  DIHED      =      1544.9093
 1-4 NB =       435.5923  1-4 EEL =      6008.8729  VDWAALS    =      -928.4879
 EELEC  =     -9853.1274  EGB     =     -2154.3305  RESTRAINT  =        20.5093
 EAMBER (non-restraint)  =     -3507.8692
 ESURF=        56.1507
 ------------------------------------------------------------------------------


 NSTEP =    35000   TIME(PS) =    1320.000  TEMP(K) =   296.49  PRESS =     0.0
 Etot   =     -1918.0384  EKtot   =      1507.7332  EPtot      =     -3425.7716
 BOND   =       414.3297  ANGLE   =       997.9140  DIHED      =      1579.4321
 1-4 NB =       428.4448  1-4 EEL =      5994.0364  VDWAALS    =      -930.4453
 EELEC  =     -9721.9753  EGB     =     -2270.7058  RESTRAINT  =        24.7503
 EAMBER (non-restraint)  =     -3450.5219
 ESURF=        58.4474
 ------------------------------------------------------------------------------


 NSTEP =    40000   TIME(PS) =    1330.000  TEMP(K) =   297.45  PRESS =     0.0
 Etot   =     -1946.1177  EKtot   =      1512.5851  EPtot      =     -3458.7028
 BOND   =       420.7698  ANGLE   =       960.1649  DIHED      =      1550.8953
 1-4 NB =       430.3297  1-4 EEL =      6034.8650  VDWAALS    =      -913.9228
 EELEC  =     -9808.2189  EGB     =     -2214.3878  RESTRAINT  =        21.7806
 EAMBER (non-restraint)  =     -3480.4834
 ESURF=        59.0213
 ------------------------------------------------------------------------------


 NSTEP =    45000   TIME(PS) =    1340.000  TEMP(K) =   305.59  PRESS =     0.0
 Etot   =     -1874.0021  EKtot   =      1553.9860  EPtot      =     -3427.9881
 BOND   =       361.6791  ANGLE   =       991.6734  DIHED      =      1580.3816
 1-4 NB =       454.0515  1-4 EEL =      6081.8919  VDWAALS    =      -946.8597
 EELEC  =     -9846.9139  EGB     =     -2185.7986  RESTRAINT  =        28.3146
 EAMBER (non-restraint)  =     -3456.3027
 ESURF=        53.5920
 ------------------------------------------------------------------------------


 NSTEP =    50000   TIME(PS) =    1350.000  TEMP(K) =   304.49  PRESS =     0.0
 Etot   =     -1895.3273  EKtot   =      1548.3962  EPtot      =     -3443.7235
 BOND   =       425.3993  ANGLE   =       980.8791  DIHED      =      1566.2297
 1-4 NB =       441.2351  1-4 EEL =      6055.1294  VDWAALS    =      -910.6076
 EELEC  =     -9899.9456  EGB     =     -2184.1841  RESTRAINT  =        24.0244
 EAMBER (non-restraint)  =     -3467.7479
 ESURF=        58.1168
 ------------------------------------------------------------------------------


 NSTEP =    55000   TIME(PS) =    1360.000  TEMP(K) =   303.64  PRESS =     0.0
 Etot   =     -1913.5391  EKtot   =      1544.0545  EPtot      =     -3457.5937
 BOND   =       373.1012  ANGLE   =       975.9734  DIHED      =      1565.4540
 1-4 NB =       454.6435  1-4 EEL =      6051.5994  VDWAALS    =      -927.2067
 EELEC  =     -9868.9810  EGB     =     -2158.8990  RESTRAINT  =        20.7857
 EAMBER (non-restraint)  =     -3478.3794
 ESURF=        55.9357
 ------------------------------------------------------------------------------


 NSTEP =    60000   TIME(PS) =    1370.000  TEMP(K) =   303.53  PRESS =     0.0
 Etot   =     -1888.5585  EKtot   =      1543.5372  EPtot      =     -3432.0958
 BOND   =       430.5219  ANGLE   =       971.9710  DIHED      =      1571.6789
 1-4 NB =       436.0980  1-4 EEL =      6031.6380  VDWAALS    =      -951.0637
 EELEC  =     -9854.2922  EGB     =     -2144.5461  RESTRAINT  =        21.7642
 EAMBER (non-restraint)  =     -3453.8600
 ESURF=        54.1342
 ------------------------------------------------------------------------------


 NSTEP =    65000   TIME(PS) =    1380.000  TEMP(K) =   296.74  PRESS =     0.0
 Etot   =     -1884.0429  EKtot   =      1508.9828  EPtot      =     -3393.0257
 BOND   =       396.5381  ANGLE   =       965.5592  DIHED      =      1587.6525
 1-4 NB =       445.4805  1-4 EEL =      6058.7011  VDWAALS    =      -938.7800
 EELEC  =     -9841.7746  EGB     =     -2144.4789  RESTRAINT  =        21.9081
 EAMBER (non-restraint)  =     -3414.9338
 ESURF=        56.1682
 ------------------------------------------------------------------------------


 NSTEP =    70000   TIME(PS) =    1390.000  TEMP(K) =   299.91  PRESS =     0.0
 Etot   =     -1932.1674  EKtot   =      1525.1135  EPtot      =     -3457.2809
 BOND   =       390.1071  ANGLE   =       969.0125  DIHED      =      1558.6377
 1-4 NB =       437.7804  1-4 EEL =      6079.0584  VDWAALS    =      -941.1458
 EELEC  =     -9884.2481  EGB     =     -2144.6757  RESTRAINT  =        23.2617
 EAMBER (non-restraint)  =     -3480.5427
 ESURF=        54.9308
 ------------------------------------------------------------------------------


 NSTEP =    75000   TIME(PS) =    1400.000  TEMP(K) =   311.75  PRESS =     0.0
 Etot   =     -1730.4394  EKtot   =      1585.3409  EPtot      =     -3315.7803
 BOND   =       438.7143  ANGLE   =      1012.3501  DIHED      =      1598.9844
 1-4 NB =       444.9377  1-4 EEL =      6063.7753  VDWAALS    =      -917.2859
 EELEC  =     -9919.5047  EGB     =     -2118.0130  RESTRAINT  =        22.9165
 EAMBER (non-restraint)  =     -3338.6968
 ESURF=        57.3450
 ------------------------------------------------------------------------------


 NSTEP =    80000   TIME(PS) =    1410.000  TEMP(K) =   294.47  PRESS =     0.0
 Etot   =     -1958.2037  EKtot   =      1497.4453  EPtot      =     -3455.6490
 BOND   =       400.9544  ANGLE   =       983.0309  DIHED      =      1546.3069
 1-4 NB =       446.5045  1-4 EEL =      6107.2386  VDWAALS    =      -917.5254
 EELEC  =     -9910.7153  EGB     =     -2191.2401  RESTRAINT  =        22.7014
 EAMBER (non-restraint)  =     -3478.3504
 ESURF=        57.0953
 ------------------------------------------------------------------------------


 NSTEP =    85000   TIME(PS) =    1420.000  TEMP(K) =   297.10  PRESS =     0.0
 Etot   =     -1943.3024  EKtot   =      1510.8003  EPtot      =     -3454.1026
 BOND   =       385.1052  ANGLE   =       986.5798  DIHED      =      1566.6387
 1-4 NB =       448.7387  1-4 EEL =      6069.6958  VDWAALS    =      -923.4289
 EELEC  =     -9986.5005  EGB     =     -2083.6429  RESTRAINT  =        27.4243
 EAMBER (non-restraint)  =     -3481.5269
 ESURF=        55.2871
 ------------------------------------------------------------------------------


 NSTEP =    90000   TIME(PS) =    1430.000  TEMP(K) =   301.77  PRESS =     0.0
 Etot   =     -1908.3237  EKtot   =      1534.5692  EPtot      =     -3442.8929
 BOND   =       424.0031  ANGLE   =       932.4082  DIHED      =      1566.9491
 1-4 NB =       427.4935  1-4 EEL =      6045.6458  VDWAALS    =      -909.9176
 EELEC  =     -9853.7895  EGB     =     -2158.8276  RESTRAINT  =        25.5552
 EAMBER (non-restraint)  =     -3468.4481
 ESURF=        57.5869
 ------------------------------------------------------------------------------


 NSTEP =    95000   TIME(PS) =    1440.000  TEMP(K) =   295.12  PRESS =     0.0
 Etot   =     -1903.9761  EKtot   =      1500.7259  EPtot      =     -3404.7020
 BOND   =       378.5396  ANGLE   =      1027.5456  DIHED      =      1573.3995
 1-4 NB =       444.3485  1-4 EEL =      6059.3336  VDWAALS    =      -918.4296
 EELEC  =     -9923.9830  EGB     =     -2127.1697  RESTRAINT  =        25.6735
 EAMBER (non-restraint)  =     -3430.3755
 ESURF=        56.0399
 ------------------------------------------------------------------------------


 NSTEP =   100000   TIME(PS) =    1450.000  TEMP(K) =   316.49  PRESS =     0.0
 Etot   =     -1796.2249  EKtot   =      1609.3985  EPtot      =     -3405.6234
 BOND   =       407.7166  ANGLE   =       995.7354  DIHED      =      1536.7460
 1-4 NB =       446.6085  1-4 EEL =      6065.3147  VDWAALS    =      -912.7471
 EELEC  =     -9853.4154  EGB     =     -2171.8339  RESTRAINT  =        23.4881
 EAMBER (non-restraint)  =     -3429.1114
 ESURF=        56.7640
 ------------------------------------------------------------------------------


 NSTEP =   105000   TIME(PS) =    1460.000  TEMP(K) =   290.04  PRESS =     0.0
 Etot   =     -1931.5916  EKtot   =      1474.9189  EPtot      =     -3406.5105
 BOND   =       432.1951  ANGLE   =       986.9898  DIHED      =      1583.5169
 1-4 NB =       428.1051  1-4 EEL =      5999.2735  VDWAALS    =      -917.5888
 EELEC  =     -9857.5906  EGB     =     -2141.2824  RESTRAINT  =        22.9991
 EAMBER (non-restraint)  =     -3429.5097
 ESURF=        56.8719
 ------------------------------------------------------------------------------


 NSTEP =   110000   TIME(PS) =    1470.000  TEMP(K) =   293.88  PRESS =     0.0
 Etot   =     -1945.5246  EKtot   =      1494.4315  EPtot      =     -3439.9562
 BOND   =       397.0697  ANGLE   =       998.3247  DIHED      =      1570.7013
 1-4 NB =       443.4378  1-4 EEL =      6042.6576  VDWAALS    =      -940.4355
 EELEC  =     -9962.1709  EGB     =     -2064.9414  RESTRAINT  =        21.2859
 EAMBER (non-restraint)  =     -3461.2420
 ESURF=        54.1148
 ------------------------------------------------------------------------------


 NSTEP =   115000   TIME(PS) =    1480.000  TEMP(K) =   298.06  PRESS =     0.0
 Etot   =     -1822.3407  EKtot   =      1515.7091  EPtot      =     -3338.0498
 BOND   =       393.1118  ANGLE   =      1048.4380  DIHED      =      1590.4796
 1-4 NB =       447.7393  1-4 EEL =      6048.5796  VDWAALS    =      -918.3300
 EELEC  =     -9873.1101  EGB     =     -2154.8649  RESTRAINT  =        24.6875
 EAMBER (non-restraint)  =     -3362.7373
 ESURF=        55.2195
 ------------------------------------------------------------------------------


 NSTEP =   120000   TIME(PS) =    1490.000  TEMP(K) =   289.24  PRESS =     0.0
 Etot   =     -1951.6291  EKtot   =      1470.8337  EPtot      =     -3422.4628
 BOND   =       409.3138  ANGLE   =       978.4492  DIHED      =      1591.8959
 1-4 NB =       436.4993  1-4 EEL =      6009.2625  VDWAALS    =      -915.5757
 EELEC  =     -9765.1249  EGB     =     -2249.2071  RESTRAINT  =        23.1990
 EAMBER (non-restraint)  =     -3445.6618
 ESURF=        58.8251
 ------------------------------------------------------------------------------


 NSTEP =   125000   TIME(PS) =    1500.000  TEMP(K) =   297.87  PRESS =     0.0
 Etot   =     -1928.4480  EKtot   =      1514.7572  EPtot      =     -3443.2053
 BOND   =       402.8587  ANGLE   =       983.9681  DIHED      =      1567.3499
 1-4 NB =       434.6591  1-4 EEL =      6027.4645  VDWAALS    =      -938.4820
 EELEC  =     -9787.9421  EGB     =     -2213.8851  RESTRAINT  =        23.0930
 EAMBER (non-restraint)  =     -3466.2983
 ESURF=        57.7107
 ------------------------------------------------------------------------------


      A V E R A G E S   O V E R      25 S T E P S


 NSTEP =   125000   TIME(PS) =    1500.000  TEMP(K) =   299.27  PRESS =     0.0
 Etot   =     -1901.5174  EKtot   =      1521.8681  EPtot      =     -3423.3855
 BOND   =       404.3011  ANGLE   =       986.7115  DIHED      =      1569.4449
 1-4 NB =       441.2513  1-4 EEL =      6042.2052  VDWAALS    =      -926.9165
 EELEC  =     -9843.9069  EGB     =     -2175.9751  RESTRAINT  =        23.1601
 EAMBER (non-restraint)  =     -3446.5456
 ESURF=        56.3389
 ------------------------------------------------------------------------------


      R M S  F L U C T U A T I O N S


 NSTEP =   125000   TIME(PS) =    1500.000  TEMP(K) =     6.13  PRESS =     0.0
 Etot   =        53.8188  EKtot   =        31.1624  EPtot      =        36.5407
 BOND   =        19.1313  ANGLE   =        21.5183  DIHED      =        15.7907
 1-4 NB =         7.9620  1-4 EEL =        27.6618  VDWAALS    =        11.8335
 EELEC  =        70.8322  EGB     =        52.7045  RESTRAINT  =         2.1180
 EAMBER (non-restraint)  =        34.4227
 ESURF=         1.4537
 ------------------------------------------------------------------------------

--------------------------------------------------------------------------------
   5.  TIMINGS
--------------------------------------------------------------------------------

|  NonSetup CPU Time in Major Routines:
|
|     Routine           Sec        %
|     ------------------------------
|     Nonbond       18147.52   98.70
|     Bond              1.71    0.01
|     Angle            27.86    0.15
|     Dihedral        159.40    0.87
|     Shake             7.15    0.04
|     RunMD            43.11    0.23
|     Other             0.07    0.00
|     ------------------------------
|     Total         18386.82

|  Generalized Born CPU Time:
|
|     Routine                 Sec        %
|     ------------------------------------
|     Radii Calc           4106.99   22.34
|     Diagonal Calc        7606.35   41.37
|     Off Diagonal Calc    6423.41   34.93
|     GBSA LCPO Calc          0.07    0.00
|     ---------------------------------
|     Total               18136.75   98.64

|  Final Performance Info:
|     -----------------------------------------------------
|     Average timings for last       1 steps:
|     Elapsed(s) =       0.03 Per Step(ms) =      29.48
|         ns/day =       5.86   seconds/ns =   14742.07
|
|     Average timings for all steps:
|     Elapsed(s) =   35418.24 Per Step(ms) =     283.35
|         ns/day =       0.61   seconds/ns =  141672.96
|     -----------------------------------------------------

|  Setup CPU time:            0.02 seconds
|  NonSetup CPU time:     18386.82 seconds
|  Total CPU time:        18386.84 seconds     5.11 hours

|  Setup wall time:           0    seconds
|  NonSetup wall time:    35418    seconds
|  Total wall time:       35418    seconds     9.84 hours
