Salt Bridges Plugin, Version 1.0
Wed Apr 17 13:08:20 +0530 2024

Parameters used in the calculation of salt bridges:
- Atomselection: protein
- Update selections every frame: yes
- Initial frame: 0
- Frame step: 1
- Final frame: 499
- Oxygen-nitrogen cut-off: 3.2
- Center of mass cut-off: none
- Write a file for each salt bridge: yes

Searching for ion-pairs with oxygen-nitrogen distance within 3.2 Angstroms in the selected frames... Done.
Removing redundancies in the ion-pairs found... Done.
Extracting identification of each salt bridge... Done.
Found 27 salt bridges.

GLU236-LYS233
ASP100-LYS103
GLU43-LYS77
GLU149-LYS10
GLU26-ARG24
GLU54-LYS46
GLU113-LYS109
ASP239-LYS226
ASP116-LYS103
GLU43-LYS57
ASP94-ARG24
GLU166-LYS180
GLU47-LYS106
ASP217-ARG147
GLU170-LYS169
GLU166-LYS200
ASP223-LYS226
GLU118-ARG114
GLU149-ARG147
GLU62-LYS59
GLU185-LYS182
ASP239-ARG235
ASP116-ARG112
GLU170-LYS229
GLU236-LYS232
GLU47-LYS46
GLU113-LYS110

Printing distances over all frames for each salt-bridge... Done.
