
          -------------------------------------------------------
          Amber 22 PMEMD                              2022
          -------------------------------------------------------

| PMEMD implementation of SANDER, Release 22

|  Compiled date/time: Thu Apr 14 23:36:37 2022
| Run on 12/28/2023 at 22:57:09

|   Executable path: pmemd
| Working directory: /home/arul/Reegina/MD_Sim/sample/1ADW_info
|          Hostname: Unknown
  [-O]verwriting output

File Assignments:
|   MDIN: eq1.in                                                                
|  MDOUT: eq1.out                                                               
| INPCRD: heat.rst7                                                             
|   PARM: 1ADW.hmass.parm7                                                      
| RESTRT: eq1.rst7                                                              
|   REFC: heat.rst7                                                             
|  MDVEL: mdvel                                                                 
|   MDEN: mden                                                                  
|  MDCRD: eq1.crd                                                               
| MDINFO: eq1.info                                                              
|  MDFRC: mdfrc                                                                 


 Here is the input file:

&cntrl                                                                         
   ntx = 5,                                                                    
                                                                               
   ntwx = 5000, ntwe = 0, ntwr = 500,                                          
   ntpr = 5000,                                                                
                                                                               
   ioutfm=0, ntxo=1,                                                           
                                                                               
   imin = 0, nstlim = 125000, dt = 0.002,                                      
                                                                               
   ntt = 3, gamma_ln=1.0, temp0 = 300.0,                                       
   nscm = 1000, ig = -1, irest = 1,                                            
                                                                               
   ntc= 2, ntf = 2, cut = 1000,                                                
                                                                               
   igb=8, gbsa=3, surften=0.007, ntb = 0,                                      
   saltcon=0.,                                                                 
                                                                               
   ntr=1, restraintmask="@CA,N,C,O",                                           
   restraint_wt=1.0,                                                           
 /                                                                             


Note: ig = -1. Setting random seed to   905953 based on wallclock time in 
      microseconds.
| irandom = 1, using AMBER's internal random number generator (default).
 
| Conditional Compilation Defines Used:
| PUBFFT
| BINTRAJ
| EMIL

| New format PARM file being parsed.
| Version =    1.000 Date = 12/04/23 Time = 16:32:02

| Note: 1-4 EEL scale factors are being read from the topology file.

| Note: 1-4 VDW scale factors are being read from the topology file.
| INFO:    Reading atomic numbers from topology file.
| Duplicated    0 dihedrals

| Duplicated    0 dihedrals

--------------------------------------------------------------------------------
   1.  RESOURCE   USE: 
--------------------------------------------------------------------------------

 NATOM  =    3726 NTYPES =      14 NBONH =    1858 MBONA  =    1904
 NTHETH =    4274 MTHETA =    2574 NPHIH =    8414 MPHIA  =    8188
 NHPARM =       0 NPARM  =       0 NNB   =   20620 NRES   =     246
 NBONA  =    1904 NTHETA =    2574 NPHIA =    8188 NUMBND =      58
 NUMANG =     133 NPTRA  =     173 NATYP =      30 NPHB   =       0
 IFBOX  =       0 NMXRS  =      24 IFCAP =       0 NEXTRA =       0
 NCOPY  =       0

 Implicit solvent radii are ArgH and AspGluO modified Bondi2 radii (mbondi3)                                
 Replacing prmtop screening parameters with GBn2 (igb=8) values
--------------------------------------------------------------------------------
   2.  CONTROL  DATA  FOR  THE  RUN
--------------------------------------------------------------------------------

default_name                                                                    

General flags:
     imin    =       0, nmropt  =       0

Nature and format of input:
     ntx     =       5, irest   =       1, ntrx    =       1

Nature and format of output:
     ntxo    =       1, ntpr    =    5000, ntrx    =       1, ntwr    =     500
     iwrap   =       0, ntwx    =    5000, ntwv    =       0, ntwe    =       0
     ioutfm  =       0, ntwprt  =       0, idecomp =       0, rbornstat=      0

Potential function:
     ntf     =       2, ntb     =       0, igb     =       8, nsnb    =      25
     ipol    =       0, gbsa    =       3, iesp    =       0
     dielc   =   1.00000, cut     =1000.00000, intdiel =   1.00000
     saltcon =   0.00000, offset  =   0.19514, surften =   0.00700
     rdt     =   0.00000, rgbmax  =  25.00000  extdiel =  78.50000
     alpb  =        0
     gbalphaH  =   0.78844, gbbetaH   =   0.79870,  gbgammaH  =    0.43733
     gbalphaC  =   0.73376, gbbetaC   =   0.50638,  gbgammaC  =    0.20584
     gbalphaN  =   0.50336, gbbetaN   =   0.31683,  gbgammaN  =    0.19292
     gbalphaOS =   0.86781, gbbetaOS  =   0.87664,  gbgammaOS =    0.38788
     gbalphaP  =   1.00000, gbbetaP   =   0.80000,  gbgammaP  =    4.85000
     gb_alpha_hnu  =   0.53705, gb_beta_hnu   =   0.36286,  gb_gamma_hnu  =    0.11670
     gb_alpha_cnu  =   0.33167, gb_beta_cnu   =   0.19684,  gb_gamma_cnu  =    0.09342
     gb_alpha_nnu  =   0.68631, gb_beta_nnu   =   0.46319,  gb_gamma_nnu  =    0.13872
     gb_alpha_onu  =   0.60634, gb_beta_onu   =   0.46301,  gb_gamma_onu  =    0.14226
     gb_alpha_pnu  =   0.41836, gb_beta_pnu   =   0.29005,  gb_gamma_pnu  =    0.10642

Frozen or restrained atoms:
     ibelly  =       0, ntr     =       1
     restraint_wt =   1.00000

Molecular dynamics:
     nstlim  =    125000, nscm    =         0, nrespa  =         1
     t       =   0.00000, dt      =   0.00200, vlimit  =  20.00000

Langevin dynamics temperature regulation:
     ig      =  905953
     temp0   = 300.00000, tempi   =   0.00000, gamma_ln=   1.00000

SHAKE:
     ntc     =       2, jfastw  =       0
     tol     =   0.00001

| Intermolecular bonds treatment:
|     no_intermolecular_bonds =       1

| Energy averages sample interval:
|     ene_avg_sampling =    5000

    LOADING THE CONSTRAINED ATOMS AS GROUPS


   5.  REFERENCE ATOM COORDINATES

  default_name                                                                    
     Mask @CA,N,C,O; matches   984 atoms

--------------------------------------------------------------------------------
   3.  ATOMIC COORDINATES AND VELOCITIES
--------------------------------------------------------------------------------

default_name                                                                    
 begin time read from input coords =  1000.000 ps

 
 Number of triangulated 3-point waters found:        0
| Dynamic Memory, Types Used:
| Reals              127129
| Integers           444479

--------------------------------------------------------------------------------
   4.  RESULTS
--------------------------------------------------------------------------------


 NSTEP =     5000   TIME(PS) =    1010.000  TEMP(K) =   301.95  PRESS =     0.0
 Etot   =     -2023.7383  EKtot   =      2796.1896  EPtot      =     -4819.9279
 BOND   =       741.8137  ANGLE   =      1955.5748  DIHED      =      2980.3579
 1-4 NB =       799.1451  1-4 EEL =     12407.2662  VDWAALS    =     -1919.7844
 EELEC  =    -16855.2077  EGB     =     -5091.9817  RESTRAINT  =        95.0721
 EAMBER (non-restraint)  =     -4915.0000
 ESURF=        67.8159
 ------------------------------------------------------------------------------


 NSTEP =    10000   TIME(PS) =    1020.000  TEMP(K) =   299.42  PRESS =     0.0
 Etot   =     -1999.2663  EKtot   =      2772.7680  EPtot      =     -4772.0342
 BOND   =       727.9841  ANGLE   =      2070.6508  DIHED      =      2949.2698
 1-4 NB =       772.8018  1-4 EEL =     12361.3265  VDWAALS    =     -1908.3637
 EELEC  =    -16792.4287  EGB     =     -5129.9006  RESTRAINT  =       108.1926
 EAMBER (non-restraint)  =     -4880.2268
 ESURF=        68.4333
 ------------------------------------------------------------------------------


 NSTEP =    15000   TIME(PS) =    1030.000  TEMP(K) =   289.89  PRESS =     0.0
 Etot   =     -2154.6391  EKtot   =      2684.4884  EPtot      =     -4839.1275
 BOND   =       678.6647  ANGLE   =      2009.3051  DIHED      =      2969.4237
 1-4 NB =       806.2778  1-4 EEL =     12389.1891  VDWAALS    =     -1924.3543
 EELEC  =    -16882.2045  EGB     =     -5053.5940  RESTRAINT  =       101.6793
 EAMBER (non-restraint)  =     -4940.8068
 ESURF=        66.4857
 ------------------------------------------------------------------------------


 NSTEP =    20000   TIME(PS) =    1040.000  TEMP(K) =   299.00  PRESS =     0.0
 Etot   =     -2049.9819  EKtot   =      2768.8083  EPtot      =     -4818.7903
 BOND   =       743.8307  ANGLE   =      1971.3339  DIHED      =      2992.0460
 1-4 NB =       790.1983  1-4 EEL =     12368.3270  VDWAALS    =     -1890.6714
 EELEC  =    -16709.5199  EGB     =     -5253.6573  RESTRAINT  =       102.8593
 EAMBER (non-restraint)  =     -4921.6496
 ESURF=        66.4630
 ------------------------------------------------------------------------------


 NSTEP =    25000   TIME(PS) =    1050.000  TEMP(K) =   296.32  PRESS =     0.0
 Etot   =     -1990.1069  EKtot   =      2744.0537  EPtot      =     -4734.1606
 BOND   =       729.3526  ANGLE   =      2011.8029  DIHED      =      3020.3670
 1-4 NB =       798.6119  1-4 EEL =     12413.9810  VDWAALS    =     -1909.5742
 EELEC  =    -16807.4553  EGB     =     -5156.2482  RESTRAINT  =        98.0656
 EAMBER (non-restraint)  =     -4832.2263
 ESURF=        66.9361
 ------------------------------------------------------------------------------


 NSTEP =    30000   TIME(PS) =    1060.000  TEMP(K) =   300.79  PRESS =     0.0
 Etot   =     -1986.2179  EKtot   =      2785.4054  EPtot      =     -4771.6234
 BOND   =       758.3717  ANGLE   =      1971.4866  DIHED      =      3010.6658
 1-4 NB =       797.8902  1-4 EEL =     12331.7565  VDWAALS    =     -1905.4838
 EELEC  =    -16755.7019  EGB     =     -5146.7119  RESTRAINT  =        99.6874
 EAMBER (non-restraint)  =     -4871.3107
 ESURF=        66.4160
 ------------------------------------------------------------------------------


 NSTEP =    35000   TIME(PS) =    1070.000  TEMP(K) =   306.20  PRESS =     0.0
 Etot   =     -1954.3944  EKtot   =      2835.4644  EPtot      =     -4789.8589
 BOND   =       730.8674  ANGLE   =      1991.8422  DIHED      =      3006.3032
 1-4 NB =       780.3912  1-4 EEL =     12363.2168  VDWAALS    =     -1920.3099
 EELEC  =    -16719.0543  EGB     =     -5194.6578  RESTRAINT  =       101.2347
 EAMBER (non-restraint)  =     -4891.0935
 ESURF=        70.3077
 ------------------------------------------------------------------------------


 NSTEP =    40000   TIME(PS) =    1080.000  TEMP(K) =   311.29  PRESS =     0.0
 Etot   =     -1937.1418  EKtot   =      2882.6631  EPtot      =     -4819.8050
 BOND   =       735.9101  ANGLE   =      1969.4040  DIHED      =      3005.2834
 1-4 NB =       802.1395  1-4 EEL =     12388.8016  VDWAALS    =     -1929.0112
 EELEC  =    -16791.1674  EGB     =     -5165.5291  RESTRAINT  =        97.1473
 EAMBER (non-restraint)  =     -4916.9523
 ESURF=        67.2167
 ------------------------------------------------------------------------------


 NSTEP =    45000   TIME(PS) =    1090.000  TEMP(K) =   296.46  PRESS =     0.0
 Etot   =     -2060.9387  EKtot   =      2745.3338  EPtot      =     -4806.2725
 BOND   =       766.0946  ANGLE   =      1929.8859  DIHED      =      3002.0423
 1-4 NB =       780.5124  1-4 EEL =     12354.8970  VDWAALS    =     -1905.5127
 EELEC  =    -16751.2376  EGB     =     -5149.0419  RESTRAINT  =        99.6533
 EAMBER (non-restraint)  =     -4905.9258
 ESURF=        66.4340
 ------------------------------------------------------------------------------


 NSTEP =    50000   TIME(PS) =    1100.000  TEMP(K) =   294.84  PRESS =     0.0
 Etot   =     -2081.0419  EKtot   =      2730.3291  EPtot      =     -4811.3710
 BOND   =       704.0565  ANGLE   =      1969.9575  DIHED      =      2964.1216
 1-4 NB =       799.6256  1-4 EEL =     12465.0167  VDWAALS    =     -1909.3166
 EELEC  =    -16871.5519  EGB     =     -5108.6334  RESTRAINT  =       106.8338
 EAMBER (non-restraint)  =     -4918.2048
 ESURF=        68.5192
 ------------------------------------------------------------------------------


 NSTEP =    55000   TIME(PS) =    1110.000  TEMP(K) =   302.14  PRESS =     0.0
 Etot   =     -1988.2330  EKtot   =      2797.8650  EPtot      =     -4786.0980
 BOND   =       707.4367  ANGLE   =      2048.8132  DIHED      =      2971.5463
 1-4 NB =       795.9888  1-4 EEL =     12378.3519  VDWAALS    =     -1944.6369
 EELEC  =    -16771.6268  EGB     =     -5137.2832  RESTRAINT  =        98.5028
 EAMBER (non-restraint)  =     -4884.6008
 ESURF=        66.8092
 ------------------------------------------------------------------------------


 NSTEP =    60000   TIME(PS) =    1120.000  TEMP(K) =   291.25  PRESS =     0.0
 Etot   =     -2157.9889  EKtot   =      2697.0949  EPtot      =     -4855.0838
 BOND   =       704.0374  ANGLE   =      1980.4922  DIHED      =      2955.2093
 1-4 NB =       820.2664  1-4 EEL =     12360.2336  VDWAALS    =     -1923.4722
 EELEC  =    -16810.0264  EGB     =     -5114.0722  RESTRAINT  =       106.4599
 EAMBER (non-restraint)  =     -4961.5437
 ESURF=        65.7882
 ------------------------------------------------------------------------------


 NSTEP =    65000   TIME(PS) =    1130.000  TEMP(K) =   301.28  PRESS =     0.0
 Etot   =     -1952.4883  EKtot   =      2789.9720  EPtot      =     -4742.4603
 BOND   =       731.5571  ANGLE   =      1971.5953  DIHED      =      3031.9196
 1-4 NB =       802.1833  1-4 EEL =     12434.0736  VDWAALS    =     -1916.2123
 EELEC  =    -16749.9514  EGB     =     -5212.1669  RESTRAINT  =        95.8704
 EAMBER (non-restraint)  =     -4838.3306
 ESURF=        68.6710
 ------------------------------------------------------------------------------


 NSTEP =    70000   TIME(PS) =    1140.000  TEMP(K) =   296.04  PRESS =     0.0
 Etot   =     -2150.1713  EKtot   =      2741.4462  EPtot      =     -4891.6175
 BOND   =       712.2565  ANGLE   =      1923.2834  DIHED      =      2965.4697
 1-4 NB =       790.1090  1-4 EEL =     12386.4632  VDWAALS    =     -1906.7802
 EELEC  =    -16824.2149  EGB     =     -5110.0792  RESTRAINT  =       104.9484
 EAMBER (non-restraint)  =     -4996.5659
 ESURF=        66.9266
 ------------------------------------------------------------------------------


 NSTEP =    75000   TIME(PS) =    1150.000  TEMP(K) =   300.33  PRESS =     0.0
 Etot   =     -2044.5886  EKtot   =      2781.1617  EPtot      =     -4825.7503
 BOND   =       701.0824  ANGLE   =      1988.3367  DIHED      =      2985.3186
 1-4 NB =       797.5864  1-4 EEL =     12293.5201  VDWAALS    =     -1882.1514
 EELEC  =    -16705.8312  EGB     =     -5167.3360  RESTRAINT  =        97.2888
 EAMBER (non-restraint)  =     -4923.0391
 ESURF=        66.4353
 ------------------------------------------------------------------------------


 NSTEP =    80000   TIME(PS) =    1160.000  TEMP(K) =   285.05  PRESS =     0.0
 Etot   =     -2186.8252  EKtot   =      2639.6482  EPtot      =     -4826.4734
 BOND   =       708.7116  ANGLE   =      2056.5498  DIHED      =      2959.2669
 1-4 NB =       793.8993  1-4 EEL =     12318.2227  VDWAALS    =     -1927.5696
 EELEC  =    -16646.5390  EGB     =     -5254.4665  RESTRAINT  =        98.6224
 EAMBER (non-restraint)  =     -4925.0959
 ESURF=        66.8288
 ------------------------------------------------------------------------------


 NSTEP =    85000   TIME(PS) =    1170.000  TEMP(K) =   293.13  PRESS =     0.0
 Etot   =     -2086.1882  EKtot   =      2714.4403  EPtot      =     -4800.6286
 BOND   =       725.6704  ANGLE   =      1983.0234  DIHED      =      3004.8786
 1-4 NB =       797.2697  1-4 EEL =     12405.9398  VDWAALS    =     -1925.9536
 EELEC  =    -16630.6690  EGB     =     -5328.0835  RESTRAINT  =       100.3213
 EAMBER (non-restraint)  =     -4900.9499
 ESURF=        66.9743
 ------------------------------------------------------------------------------


 NSTEP =    90000   TIME(PS) =    1180.000  TEMP(K) =   300.19  PRESS =     0.0
 Etot   =     -2079.5382  EKtot   =      2779.8854  EPtot      =     -4859.4236
 BOND   =       718.0897  ANGLE   =      1964.8377  DIHED      =      2943.4589
 1-4 NB =       800.5734  1-4 EEL =     12410.4336  VDWAALS    =     -1908.8147
 EELEC  =    -16641.8210  EGB     =     -5318.8196  RESTRAINT  =       104.8346
 EAMBER (non-restraint)  =     -4964.2583
 ESURF=        67.8038
 ------------------------------------------------------------------------------


 NSTEP =    95000   TIME(PS) =    1190.000  TEMP(K) =   297.29  PRESS =     0.0
 Etot   =     -2001.8668  EKtot   =      2753.0118  EPtot      =     -4754.8785
 BOND   =       759.4338  ANGLE   =      1994.8283  DIHED      =      3017.7902
 1-4 NB =       781.1554  1-4 EEL =     12388.3362  VDWAALS    =     -1922.0896
 EELEC  =    -16689.8002  EGB     =     -5254.0914  RESTRAINT  =       101.6799
 EAMBER (non-restraint)  =     -4856.5585
 ESURF=        67.8788
 ------------------------------------------------------------------------------


 NSTEP =   100000   TIME(PS) =    1200.000  TEMP(K) =   301.70  PRESS =     0.0
 Etot   =     -1978.0581  EKtot   =      2793.8311  EPtot      =     -4771.8893
 BOND   =       731.3123  ANGLE   =      2027.3214  DIHED      =      2999.8328
 1-4 NB =       805.8979  1-4 EEL =     12416.8226  VDWAALS    =     -1905.3548
 EELEC  =    -16959.9588  EGB     =     -5051.0853  RESTRAINT  =        97.0138
 EAMBER (non-restraint)  =     -4868.9031
 ESURF=        66.3087
 ------------------------------------------------------------------------------


 NSTEP =   105000   TIME(PS) =    1210.000  TEMP(K) =   304.02  PRESS =     0.0
 Etot   =     -2074.5276  EKtot   =      2815.3200  EPtot      =     -4889.8476
 BOND   =       714.1223  ANGLE   =      1981.3404  DIHED      =      2969.4182
 1-4 NB =       789.5970  1-4 EEL =     12384.0790  VDWAALS    =     -1920.6423
 EELEC  =    -16777.6603  EGB     =     -5184.9067  RESTRAINT  =        88.0684
 EAMBER (non-restraint)  =     -4977.9160
 ESURF=        66.7364
 ------------------------------------------------------------------------------


 NSTEP =   110000   TIME(PS) =    1220.000  TEMP(K) =   300.56  PRESS =     0.0
 Etot   =     -2032.5203  EKtot   =      2783.2823  EPtot      =     -4815.8026
 BOND   =       702.3881  ANGLE   =      2031.9457  DIHED      =      2961.6661
 1-4 NB =       805.2599  1-4 EEL =     12383.3438  VDWAALS    =     -1925.6003
 EELEC  =    -16741.2646  EGB     =     -5198.6691  RESTRAINT  =        97.7486
 EAMBER (non-restraint)  =     -4913.5512
 ESURF=        67.3792
 ------------------------------------------------------------------------------


 NSTEP =   115000   TIME(PS) =    1230.000  TEMP(K) =   305.54  PRESS =     0.0
 Etot   =     -1961.5039  EKtot   =      2829.3983  EPtot      =     -4790.9022
 BOND   =       684.9487  ANGLE   =      2042.7325  DIHED      =      2970.7128
 1-4 NB =       808.2759  1-4 EEL =     12364.8820  VDWAALS    =     -1908.8559
 EELEC  =    -16799.8156  EGB     =     -5128.5781  RESTRAINT  =       107.3944
 EAMBER (non-restraint)  =     -4898.2966
 ESURF=        67.4011
 ------------------------------------------------------------------------------


 NSTEP =   120000   TIME(PS) =    1240.000  TEMP(K) =   300.62  PRESS =     0.0
 Etot   =     -2061.2377  EKtot   =      2783.8004  EPtot      =     -4845.0381
 BOND   =       731.5409  ANGLE   =      1967.1995  DIHED      =      2970.2272
 1-4 NB =       780.6869  1-4 EEL =     12326.1367  VDWAALS    =     -1909.5380
 EELEC  =    -16675.8451  EGB     =     -5198.9973  RESTRAINT  =        97.4078
 EAMBER (non-restraint)  =     -4942.4459
 ESURF=        66.1433
 ------------------------------------------------------------------------------


 NSTEP =   125000   TIME(PS) =    1250.000  TEMP(K) =   302.06  PRESS =     0.0
 Etot   =     -2053.3932  EKtot   =      2797.1793  EPtot      =     -4850.5726
 BOND   =       749.2919  ANGLE   =      1907.5985  DIHED      =      2984.4515
 1-4 NB =       811.6027  1-4 EEL =     12418.4726  VDWAALS    =     -1915.2649
 EELEC  =    -16726.7171  EGB     =     -5240.3372  RESTRAINT  =        94.7470
 EAMBER (non-restraint)  =     -4945.3196
 ESURF=        65.5825
 ------------------------------------------------------------------------------


      A V E R A G E S   O V E R      25 S T E P S


 NSTEP =   125000   TIME(PS) =    1250.000  TEMP(K) =   299.10  PRESS =     0.0
 Etot   =     -2041.8639  EKtot   =      2769.7136  EPtot      =     -4811.5775
 BOND   =       723.9530  ANGLE   =      1988.8457  DIHED      =      2983.6419
 1-4 NB =       796.3178  1-4 EEL =     12380.5236  VDWAALS    =     -1914.6128
 EELEC  =    -16763.4908  EGB     =     -5173.9571  RESTRAINT  =       100.0534
 EAMBER (non-restraint)  =     -4911.6309
 ESURF=        67.1478
 ------------------------------------------------------------------------------


      R M S  F L U C T U A T I O N S


 NSTEP =   125000   TIME(PS) =    1250.000  TEMP(K) =     5.43  PRESS =     0.0
 Etot   =        67.9691  EKtot   =        50.2900  EPtot      =        40.5763
 BOND   =        22.0093  ANGLE   =        40.2156  DIHED      =        23.6517
 1-4 NB =        10.9444  1-4 EEL =        37.5882  VDWAALS    =        12.6158
 EELEC  =        78.3441  EGB     =        71.2806  RESTRAINT  =         4.6002
 EAMBER (non-restraint)  =        35.9761
 ESURF=         1.0267
 ------------------------------------------------------------------------------

--------------------------------------------------------------------------------
   5.  TIMINGS
--------------------------------------------------------------------------------

|  NonSetup CPU Time in Major Routines:
|
|     Routine           Sec        %
|     ------------------------------
|     Nonbond       56517.07   99.20
|     Bond              3.04    0.01
|     Angle            52.34    0.09
|     Dihedral        305.32    0.54
|     Shake            14.31    0.03
|     RunMD            81.60    0.14
|     Other             0.04    0.00
|     ------------------------------
|     Total         56973.72

|  Generalized Born CPU Time:
|
|     Routine                 Sec        %
|     ------------------------------------
|     Radii Calc          11998.12   21.06
|     Diagonal Calc       22328.82   39.19
|     Off Diagonal Calc   22169.54   38.91
|     GBSA LCPO Calc          0.05    0.00
|     ---------------------------------
|     Total               56496.48   99.16

|  Final Performance Info:
|     -----------------------------------------------------
|     Average timings for last       1 steps:
|     Elapsed(s) =       0.00 Per Step(ms) =       0.11
|         ns/day =    1555.58   seconds/ns =      55.54
|
|     Average timings for all steps:
|     Elapsed(s) =   71205.46 Per Step(ms) =     569.64
|         ns/day =       0.30   seconds/ns =  284821.85
|     -----------------------------------------------------

|  Setup CPU time:            0.05 seconds
|  NonSetup CPU time:     56973.72 seconds
|  Total CPU time:        56973.76 seconds    15.83 hours

|  Setup wall time:           0    seconds
|  NonSetup wall time:    71206    seconds
|  Total wall time:       71206    seconds    19.78 hours
