
          -------------------------------------------------------
          Amber 22 PMEMD                              2022
          -------------------------------------------------------

| PMEMD implementation of SANDER, Release 22

|  Compiled date/time: Thu Apr 14 23:36:37 2022
| Run on 12/29/2023 at 23:35:01

|   Executable path: pmemd
| Working directory: /home/arul/Reegina/MD_Sim/sample/1ADW_info
|          Hostname: Unknown
  [-O]verwriting output

File Assignments:
|   MDIN: eq2.in                                                                
|  MDOUT: eq2.out                                                               
| INPCRD: eq1.rst7                                                              
|   PARM: 1ADW.hmass.parm7                                                      
| RESTRT: eq2.rst7                                                              
|   REFC: eq1.rst7                                                              
|  MDVEL: mdvel                                                                 
|   MDEN: mden                                                                  
|  MDCRD: eq2.crd                                                               
| MDINFO: eq2.info                                                              
|  MDFRC: mdfrc                                                                 


 Here is the input file:

&cntrl                                                                         
   ntx = 5,                                                                    
   ntwx = 5000, ntwe = 0, ntwr = 500,                                          
   ntpr = 5000,                                                                
                                                                               
   ioutfm=0, ntxo=1,                                                           
                                                                               
   imin = 0, nstlim = 125000, dt = 0.002,                                      
                                                                               
   ntt = 3, gamma_ln=1., temp0 = 300.0,                                        
   nscm = 1000, ig = -1, irest = 1,                                            
                                                                               
   ntc= 2, ntf = 2, cut = 1000,                                                
                                                                               
   igb=8, gbsa=3, surften=0.007, ntb = 0,                                      
   saltcon=0.,                                                                 
                                                                               
   ntr=1, restraintmask="@CA,N,C,O",                                           
   restraint_wt=0.1,                                                           
 /                                                                             


Note: ig = -1. Setting random seed to   271978 based on wallclock time in 
      microseconds.
| irandom = 1, using AMBER's internal random number generator (default).
 
| Conditional Compilation Defines Used:
| PUBFFT
| BINTRAJ
| EMIL

| New format PARM file being parsed.
| Version =    1.000 Date = 12/04/23 Time = 16:32:02

| Note: 1-4 EEL scale factors are being read from the topology file.

| Note: 1-4 VDW scale factors are being read from the topology file.
| INFO:    Reading atomic numbers from topology file.
| Duplicated    0 dihedrals

| Duplicated    0 dihedrals

--------------------------------------------------------------------------------
   1.  RESOURCE   USE: 
--------------------------------------------------------------------------------

 NATOM  =    3726 NTYPES =      14 NBONH =    1858 MBONA  =    1904
 NTHETH =    4274 MTHETA =    2574 NPHIH =    8414 MPHIA  =    8188
 NHPARM =       0 NPARM  =       0 NNB   =   20620 NRES   =     246
 NBONA  =    1904 NTHETA =    2574 NPHIA =    8188 NUMBND =      58
 NUMANG =     133 NPTRA  =     173 NATYP =      30 NPHB   =       0
 IFBOX  =       0 NMXRS  =      24 IFCAP =       0 NEXTRA =       0
 NCOPY  =       0

 Implicit solvent radii are ArgH and AspGluO modified Bondi2 radii (mbondi3)                                
 Replacing prmtop screening parameters with GBn2 (igb=8) values
--------------------------------------------------------------------------------
   2.  CONTROL  DATA  FOR  THE  RUN
--------------------------------------------------------------------------------

default_name                                                                    

General flags:
     imin    =       0, nmropt  =       0

Nature and format of input:
     ntx     =       5, irest   =       1, ntrx    =       1

Nature and format of output:
     ntxo    =       1, ntpr    =    5000, ntrx    =       1, ntwr    =     500
     iwrap   =       0, ntwx    =    5000, ntwv    =       0, ntwe    =       0
     ioutfm  =       0, ntwprt  =       0, idecomp =       0, rbornstat=      0

Potential function:
     ntf     =       2, ntb     =       0, igb     =       8, nsnb    =      25
     ipol    =       0, gbsa    =       3, iesp    =       0
     dielc   =   1.00000, cut     =1000.00000, intdiel =   1.00000
     saltcon =   0.00000, offset  =   0.19514, surften =   0.00700
     rdt     =   0.00000, rgbmax  =  25.00000  extdiel =  78.50000
     alpb  =        0
     gbalphaH  =   0.78844, gbbetaH   =   0.79870,  gbgammaH  =    0.43733
     gbalphaC  =   0.73376, gbbetaC   =   0.50638,  gbgammaC  =    0.20584
     gbalphaN  =   0.50336, gbbetaN   =   0.31683,  gbgammaN  =    0.19292
     gbalphaOS =   0.86781, gbbetaOS  =   0.87664,  gbgammaOS =    0.38788
     gbalphaP  =   1.00000, gbbetaP   =   0.80000,  gbgammaP  =    4.85000
     gb_alpha_hnu  =   0.53705, gb_beta_hnu   =   0.36286,  gb_gamma_hnu  =    0.11670
     gb_alpha_cnu  =   0.33167, gb_beta_cnu   =   0.19684,  gb_gamma_cnu  =    0.09342
     gb_alpha_nnu  =   0.68631, gb_beta_nnu   =   0.46319,  gb_gamma_nnu  =    0.13872
     gb_alpha_onu  =   0.60634, gb_beta_onu   =   0.46301,  gb_gamma_onu  =    0.14226
     gb_alpha_pnu  =   0.41836, gb_beta_pnu   =   0.29005,  gb_gamma_pnu  =    0.10642

Frozen or restrained atoms:
     ibelly  =       0, ntr     =       1
     restraint_wt =   0.10000

Molecular dynamics:
     nstlim  =    125000, nscm    =         0, nrespa  =         1
     t       =   0.00000, dt      =   0.00200, vlimit  =  20.00000

Langevin dynamics temperature regulation:
     ig      =  271978
     temp0   = 300.00000, tempi   =   0.00000, gamma_ln=   1.00000

SHAKE:
     ntc     =       2, jfastw  =       0
     tol     =   0.00001

| Intermolecular bonds treatment:
|     no_intermolecular_bonds =       1

| Energy averages sample interval:
|     ene_avg_sampling =    5000

    LOADING THE CONSTRAINED ATOMS AS GROUPS


   5.  REFERENCE ATOM COORDINATES

  default_name                                                                    
     Mask @CA,N,C,O; matches   984 atoms

--------------------------------------------------------------------------------
   3.  ATOMIC COORDINATES AND VELOCITIES
--------------------------------------------------------------------------------

default_name                                                                    
 begin time read from input coords =  1250.000 ps

 
 Number of triangulated 3-point waters found:        0
| Dynamic Memory, Types Used:
| Reals              127129
| Integers           444479

--------------------------------------------------------------------------------
   4.  RESULTS
--------------------------------------------------------------------------------


 NSTEP =     5000   TIME(PS) =    1260.000  TEMP(K) =   310.01  PRESS =     0.0
 Etot   =     -2008.6439  EKtot   =      2870.7451  EPtot      =     -4879.3890
 BOND   =       739.3378  ANGLE   =      1980.5184  DIHED      =      2979.0539
 1-4 NB =       780.5117  1-4 EEL =     12311.5249  VDWAALS    =     -1909.3053
 EELEC  =    -16650.5277  EGB     =     -5215.7962  RESTRAINT  =        33.7363
 EAMBER (non-restraint)  =     -4913.1252
 ESURF=        71.5574
 ------------------------------------------------------------------------------


 NSTEP =    10000   TIME(PS) =    1270.000  TEMP(K) =   302.45  PRESS =     0.0
 Etot   =     -2105.7547  EKtot   =      2800.7434  EPtot      =     -4906.4981
 BOND   =       670.3895  ANGLE   =      1997.9318  DIHED      =      2951.1317
 1-4 NB =       790.6217  1-4 EEL =     12349.4549  VDWAALS    =     -1871.9065
 EELEC  =    -16637.6977  EGB     =     -5267.1881  RESTRAINT  =        36.6620
 EAMBER (non-restraint)  =     -4943.1600
 ESURF=        74.1027
 ------------------------------------------------------------------------------


 NSTEP =    15000   TIME(PS) =    1280.000  TEMP(K) =   290.25  PRESS =     0.0
 Etot   =     -2228.0112  EKtot   =      2687.8381  EPtot      =     -4915.8493
 BOND   =       730.6305  ANGLE   =      1955.9516  DIHED      =      2956.1480
 1-4 NB =       768.6235  1-4 EEL =     12307.7826  VDWAALS    =     -1878.1139
 EELEC  =    -16526.8767  EGB     =     -5333.2863  RESTRAINT  =        29.0796
 EAMBER (non-restraint)  =     -4944.9288
 ESURF=        74.2118
 ------------------------------------------------------------------------------


 NSTEP =    20000   TIME(PS) =    1290.000  TEMP(K) =   303.89  PRESS =     0.0
 Etot   =     -2041.7091  EKtot   =      2814.1254  EPtot      =     -4855.8345
 BOND   =       750.6981  ANGLE   =      1984.7018  DIHED      =      2986.1880
 1-4 NB =       799.0406  1-4 EEL =     12331.8886  VDWAALS    =     -1905.6916
 EELEC  =    -16717.8757  EGB     =     -5190.6390  RESTRAINT  =        32.0131
 EAMBER (non-restraint)  =     -4887.8477
 ESURF=        73.8414
 ------------------------------------------------------------------------------


 NSTEP =    25000   TIME(PS) =    1300.000  TEMP(K) =   304.61  PRESS =     0.0
 Etot   =     -2024.5159  EKtot   =      2820.8145  EPtot      =     -4845.3303
 BOND   =       714.9638  ANGLE   =      2031.8809  DIHED      =      2999.2183
 1-4 NB =       772.6414  1-4 EEL =     12306.7705  VDWAALS    =     -1869.6720
 EELEC  =    -16770.5684  EGB     =     -5142.6401  RESTRAINT  =        38.7322
 EAMBER (non-restraint)  =     -4884.0625
 ESURF=        73.3430
 ------------------------------------------------------------------------------


 NSTEP =    30000   TIME(PS) =    1310.000  TEMP(K) =   298.17  PRESS =     0.0
 Etot   =     -2072.7462  EKtot   =      2761.1790  EPtot      =     -4833.9252
 BOND   =       738.4787  ANGLE   =      2067.8641  DIHED      =      2961.7810
 1-4 NB =       773.9122  1-4 EEL =     12360.3100  VDWAALS    =     -1887.5564
 EELEC  =    -16900.8885  EGB     =     -5056.6506  RESTRAINT  =        34.4609
 EAMBER (non-restraint)  =     -4868.3861
 ESURF=        74.3634
 ------------------------------------------------------------------------------


 NSTEP =    35000   TIME(PS) =    1320.000  TEMP(K) =   296.35  PRESS =     0.0
 Etot   =     -2132.7381  EKtot   =      2744.2909  EPtot      =     -4877.0290
 BOND   =       757.1692  ANGLE   =      1999.4048  DIHED      =      2970.4646
 1-4 NB =       781.2651  1-4 EEL =     12354.5735  VDWAALS    =     -1929.0904
 EELEC  =    -16728.1749  EGB     =     -5183.4004  RESTRAINT  =        29.3012
 EAMBER (non-restraint)  =     -4906.3302
 ESURF=        71.4584
 ------------------------------------------------------------------------------


 NSTEP =    40000   TIME(PS) =    1330.000  TEMP(K) =   301.13  PRESS =     0.0
 Etot   =     -2076.7759  EKtot   =      2788.5633  EPtot      =     -4865.3391
 BOND   =       746.8156  ANGLE   =      2001.1270  DIHED      =      2959.0111
 1-4 NB =       757.2651  1-4 EEL =     12312.6235  VDWAALS    =     -1891.5623
 EELEC  =    -16674.4205  EGB     =     -5178.6629  RESTRAINT  =        28.8288
 EAMBER (non-restraint)  =     -4894.1679
 ESURF=        73.6355
 ------------------------------------------------------------------------------


 NSTEP =    45000   TIME(PS) =    1340.000  TEMP(K) =   297.95  PRESS =     0.0
 Etot   =     -2152.0924  EKtot   =      2759.0925  EPtot      =     -4911.1849
 BOND   =       726.7500  ANGLE   =      1988.3125  DIHED      =      2956.2052
 1-4 NB =       790.5177  1-4 EEL =     12291.3608  VDWAALS    =     -1893.6845
 EELEC  =    -16647.8264  EGB     =     -5225.0455  RESTRAINT  =        32.2543
 EAMBER (non-restraint)  =     -4943.4392
 ESURF=        69.9708
 ------------------------------------------------------------------------------


 NSTEP =    50000   TIME(PS) =    1350.000  TEMP(K) =   303.29  PRESS =     0.0
 Etot   =     -2050.3680  EKtot   =      2808.5257  EPtot      =     -4858.8938
 BOND   =       719.2317  ANGLE   =      2035.2915  DIHED      =      2971.9920
 1-4 NB =       789.3962  1-4 EEL =     12274.9800  VDWAALS    =     -1922.0426
 EELEC  =    -16523.8267  EGB     =     -5306.4554  RESTRAINT  =        30.9890
 EAMBER (non-restraint)  =     -4889.8828
 ESURF=        71.5504
 ------------------------------------------------------------------------------


 NSTEP =    55000   TIME(PS) =    1360.000  TEMP(K) =   304.00  PRESS =     0.0
 Etot   =     -2060.5876  EKtot   =      2815.1547  EPtot      =     -4875.7423
 BOND   =       735.9140  ANGLE   =      1955.3492  DIHED      =      2974.7584
 1-4 NB =       784.0241  1-4 EEL =     12360.0949  VDWAALS    =     -1894.5661
 EELEC  =    -16695.2377  EGB     =     -5195.6967  RESTRAINT  =        29.0096
 EAMBER (non-restraint)  =     -4904.7518
 ESURF=        70.6082
 ------------------------------------------------------------------------------


 NSTEP =    60000   TIME(PS) =    1370.000  TEMP(K) =   298.27  PRESS =     0.0
 Etot   =     -2085.2259  EKtot   =      2762.0540  EPtot      =     -4847.2799
 BOND   =       732.3784  ANGLE   =      1962.8103  DIHED      =      2977.5120
 1-4 NB =       798.2765  1-4 EEL =     12298.5568  VDWAALS    =     -1852.1134
 EELEC  =    -16626.7983  EGB     =     -5252.0147  RESTRAINT  =        39.9793
 EAMBER (non-restraint)  =     -4887.2592
 ESURF=        74.1334
 ------------------------------------------------------------------------------


 NSTEP =    65000   TIME(PS) =    1380.000  TEMP(K) =   305.22  PRESS =     0.0
 Etot   =     -2054.4378  EKtot   =      2826.4408  EPtot      =     -4880.8786
 BOND   =       734.3730  ANGLE   =      1984.8646  DIHED      =      2951.9961
 1-4 NB =       789.1517  1-4 EEL =     12348.5116  VDWAALS    =     -1863.4885
 EELEC  =    -16705.6319  EGB     =     -5222.4493  RESTRAINT  =        31.2428
 EAMBER (non-restraint)  =     -4912.1213
 ESURF=        70.5515
 ------------------------------------------------------------------------------


 NSTEP =    70000   TIME(PS) =    1390.000  TEMP(K) =   293.84  PRESS =     0.0
 Etot   =     -2197.7592  EKtot   =      2721.0589  EPtot      =     -4918.8180
 BOND   =       685.5966  ANGLE   =      1986.1407  DIHED      =      2968.2740
 1-4 NB =       806.2763  1-4 EEL =     12377.9740  VDWAALS    =     -1897.3440
 EELEC  =    -16739.1861  EGB     =     -5210.0867  RESTRAINT  =        32.3178
 EAMBER (non-restraint)  =     -4951.1359
 ESURF=        71.2193
 ------------------------------------------------------------------------------


 NSTEP =    75000   TIME(PS) =    1400.000  TEMP(K) =   294.39  PRESS =     0.0
 Etot   =     -2088.1271  EKtot   =      2726.1536  EPtot      =     -4814.2807
 BOND   =       723.4355  ANGLE   =      2026.7769  DIHED      =      2997.9934
 1-4 NB =       786.0944  1-4 EEL =     12342.1200  VDWAALS    =     -1881.7794
 EELEC  =    -16690.6060  EGB     =     -5219.5007  RESTRAINT  =        32.3050
 EAMBER (non-restraint)  =     -4846.5857
 ESURF=        68.8802
 ------------------------------------------------------------------------------


 NSTEP =    80000   TIME(PS) =    1410.000  TEMP(K) =   299.18  PRESS =     0.0
 Etot   =     -1995.3443  EKtot   =      2770.5205  EPtot      =     -4765.8648
 BOND   =       735.8763  ANGLE   =      2058.0091  DIHED      =      2991.3281
 1-4 NB =       778.5230  1-4 EEL =     12345.5415  VDWAALS    =     -1854.7935
 EELEC  =    -16650.6143  EGB     =     -5274.2976  RESTRAINT  =        33.1034
 EAMBER (non-restraint)  =     -4798.9682
 ESURF=        71.4593
 ------------------------------------------------------------------------------


 NSTEP =    85000   TIME(PS) =    1420.000  TEMP(K) =   294.88  PRESS =     0.0
 Etot   =     -2085.6656  EKtot   =      2730.6522  EPtot      =     -4816.3178
 BOND   =       721.2604  ANGLE   =      2017.5450  DIHED      =      2971.8609
 1-4 NB =       784.7539  1-4 EEL =     12322.8548  VDWAALS    =     -1863.9277
 EELEC  =    -16723.1296  EGB     =     -5149.4365  RESTRAINT  =        30.6592
 EAMBER (non-restraint)  =     -4846.9770
 ESURF=        71.2417
 ------------------------------------------------------------------------------


 NSTEP =    90000   TIME(PS) =    1430.000  TEMP(K) =   304.12  PRESS =     0.0
 Etot   =     -2105.9328  EKtot   =      2816.2202  EPtot      =     -4922.1529
 BOND   =       722.9612  ANGLE   =      1963.0840  DIHED      =      2957.7913
 1-4 NB =       779.6336  1-4 EEL =     12302.7778  VDWAALS    =     -1901.7036
 EELEC  =    -16647.8127  EGB     =     -5205.3552  RESTRAINT  =        37.5227
 EAMBER (non-restraint)  =     -4959.6757
 ESURF=        68.9481
 ------------------------------------------------------------------------------


 NSTEP =    95000   TIME(PS) =    1440.000  TEMP(K) =   302.53  PRESS =     0.0
 Etot   =     -2061.3815  EKtot   =      2801.5540  EPtot      =     -4862.9355
 BOND   =       739.7026  ANGLE   =      2064.6265  DIHED      =      2935.8808
 1-4 NB =       765.2199  1-4 EEL =     12255.8247  VDWAALS    =     -1868.4883
 EELEC  =    -16678.9653  EGB     =     -5182.3213  RESTRAINT  =        33.5799
 EAMBER (non-restraint)  =     -4896.5154
 ESURF=        72.0052
 ------------------------------------------------------------------------------


 NSTEP =   100000   TIME(PS) =    1450.000  TEMP(K) =   294.46  PRESS =     0.0
 Etot   =     -2160.5073  EKtot   =      2726.8007  EPtot      =     -4887.3080
 BOND   =       724.0147  ANGLE   =      2000.5956  DIHED      =      2991.8990
 1-4 NB =       779.3046  1-4 EEL =     12358.6899  VDWAALS    =     -1908.5229
 EELEC  =    -16600.8963  EGB     =     -5333.1389  RESTRAINT  =        28.8423
 EAMBER (non-restraint)  =     -4916.1504
 ESURF=        71.9039
 ------------------------------------------------------------------------------


 NSTEP =   105000   TIME(PS) =    1460.000  TEMP(K) =   300.05  PRESS =     0.0
 Etot   =     -2196.6295  EKtot   =      2778.5863  EPtot      =     -4975.2158
 BOND   =       722.8772  ANGLE   =      1926.5758  DIHED      =      2968.3695
 1-4 NB =       783.2341  1-4 EEL =     12293.5442  VDWAALS    =     -1891.6450
 EELEC  =    -16573.9814  EGB     =     -5310.2881  RESTRAINT  =        33.1741
 EAMBER (non-restraint)  =     -5008.3899
 ESURF=        72.9238
 ------------------------------------------------------------------------------


 NSTEP =   110000   TIME(PS) =    1470.000  TEMP(K) =   300.99  PRESS =     0.0
 Etot   =     -2044.4026  EKtot   =      2787.2340  EPtot      =     -4831.6366
 BOND   =       760.0401  ANGLE   =      1970.5130  DIHED      =      2989.3331
 1-4 NB =       781.9630  1-4 EEL =     12352.0547  VDWAALS    =     -1900.2470
 EELEC  =    -16748.0203  EGB     =     -5141.1181  RESTRAINT  =        30.9817
 EAMBER (non-restraint)  =     -4862.6183
 ESURF=        72.8634
 ------------------------------------------------------------------------------


 NSTEP =   115000   TIME(PS) =    1480.000  TEMP(K) =   298.19  PRESS =     0.0
 Etot   =     -2033.5985  EKtot   =      2761.3376  EPtot      =     -4794.9361
 BOND   =       727.3591  ANGLE   =      2015.3806  DIHED      =      2997.4642
 1-4 NB =       794.4853  1-4 EEL =     12312.6157  VDWAALS    =     -1904.6525
 EELEC  =    -16542.8298  EGB     =     -5296.9074  RESTRAINT  =        32.6754
 EAMBER (non-restraint)  =     -4827.6115
 ESURF=        69.4734
 ------------------------------------------------------------------------------


 NSTEP =   120000   TIME(PS) =    1490.000  TEMP(K) =   296.57  PRESS =     0.0
 Etot   =     -2156.1570  EKtot   =      2746.3007  EPtot      =     -4902.4578
 BOND   =       725.3379  ANGLE   =      1987.6142  DIHED      =      2970.3142
 1-4 NB =       774.1911  1-4 EEL =     12380.0431  VDWAALS    =     -1910.9957
 EELEC  =    -16785.1080  EGB     =     -5150.5369  RESTRAINT  =        33.5274
 EAMBER (non-restraint)  =     -4935.9851
 ESURF=        73.1551
 ------------------------------------------------------------------------------


 NSTEP =   125000   TIME(PS) =    1500.000  TEMP(K) =   293.87  PRESS =     0.0
 Etot   =     -2186.2463  EKtot   =      2721.3074  EPtot      =     -4907.5537
 BOND   =       682.9975  ANGLE   =      1953.1300  DIHED      =      2975.6029
 1-4 NB =       815.9881  1-4 EEL =     12364.0218  VDWAALS    =     -1872.0724
 EELEC  =    -16754.1733  EGB     =     -5171.6163  RESTRAINT  =        27.9940
 EAMBER (non-restraint)  =     -4935.5477
 ESURF=        70.5739
 ------------------------------------------------------------------------------


      A V E R A G E S   O V E R      25 S T E P S


 NSTEP =   125000   TIME(PS) =    1500.000  TEMP(K) =   299.55  PRESS =     0.0
 Etot   =     -2096.2143  EKtot   =      2773.8917  EPtot      =     -4870.1061
 BOND   =       726.7436  ANGLE   =      1996.6400  DIHED      =      2972.4629
 1-4 NB =       784.1966  1-4 EEL =     12328.6598  VDWAALS    =     -1888.9986
 EELEC  =    -16677.6670  EGB     =     -5216.5812  RESTRAINT  =        32.5189
 EAMBER (non-restraint)  =     -4902.6249
 ESURF=        71.9190
 ------------------------------------------------------------------------------


      R M S  F L U C T U A T I O N S


 NSTEP =   125000   TIME(PS) =    1500.000  TEMP(K) =     4.54  PRESS =     0.0
 Etot   =        62.7232  EKtot   =        42.0537  EPtot      =        45.2171
 BOND   =        20.7901  ANGLE   =        35.6967  DIHED      =        16.2233
 1-4 NB =        12.5408  1-4 EEL =        32.1745  VDWAALS    =        20.2779
 EELEC  =        85.0317  EGB     =        66.4533  RESTRAINT  =         3.0787
 EAMBER (non-restraint)  =        42.1383
 ESURF=         1.6478
 ------------------------------------------------------------------------------

--------------------------------------------------------------------------------
   5.  TIMINGS
--------------------------------------------------------------------------------

|  NonSetup CPU Time in Major Routines:
|
|     Routine           Sec        %
|     ------------------------------
|     Nonbond       60965.85   99.19
|     Bond              3.44    0.01
|     Angle            57.24    0.09
|     Dihedral        330.67    0.54
|     Shake            15.82    0.03
|     RunMD            88.35    0.14
|     Other             0.06    0.00
|     ------------------------------
|     Total         61461.42

|  Generalized Born CPU Time:
|
|     Routine                 Sec        %
|     ------------------------------------
|     Radii Calc          12842.76   20.90
|     Diagonal Calc       23995.40   39.04
|     Off Diagonal Calc   24105.24   39.22
|     GBSA LCPO Calc          0.11    0.00
|     ---------------------------------
|     Total               60943.41   99.16

|  Final Performance Info:
|     -----------------------------------------------------
|     Average timings for last       1 steps:
|     Elapsed(s) =       0.00 Per Step(ms) =       0.11
|         ns/day =    1502.74   seconds/ns =      57.50
|
|     Average timings for all steps:
|     Elapsed(s) =  155191.37 Per Step(ms) =    1241.53
|         ns/day =       0.14   seconds/ns =  620765.46
|     -----------------------------------------------------

|  Setup CPU time:            0.05 seconds
|  NonSetup CPU time:     61461.42 seconds
|  Total CPU time:        61461.47 seconds    17.07 hours

|  Setup wall time:           0    seconds
|  NonSetup wall time:   155192    seconds
|  Total wall time:      155192    seconds    43.11 hours
