
          -------------------------------------------------------
          Amber 22 PMEMD                              2022
          -------------------------------------------------------

| PMEMD implementation of SANDER, Release 22

|  Compiled date/time: Thu Apr 14 23:36:37 2022
| Run on 01/09/2024 at 11:43:49

|   Executable path: pmemd
| Working directory: /home/arul/Reegina/MD_Sim/SET5/3MEF_info
|          Hostname: Unknown
  [-O]verwriting output

File Assignments:
|   MDIN: eq2.in                                                                
|  MDOUT: eq2.out                                                               
| INPCRD: eq1.rst7                                                              
|   PARM: 3MEF.hmass.parm7                                                      
| RESTRT: eq2.rst7                                                              
|   REFC: eq1.rst7                                                              
|  MDVEL: mdvel                                                                 
|   MDEN: mden                                                                  
|  MDCRD: eq2.crd                                                               
| MDINFO: eq2.info                                                              
|  MDFRC: mdfrc                                                                 


 Here is the input file:

&cntrl                                                                         
   ntx = 5,                                                                    
   ntwx = 5000, ntwe = 0, ntwr = 500,                                          
   ntpr = 5000,                                                                
                                                                               
   ioutfm=0, ntxo=1,                                                           
                                                                               
   imin = 0, nstlim = 125000, dt = 0.002,                                      
                                                                               
   ntt = 3, gamma_ln=1., temp0 = 300.0,                                        
   nscm = 1000, ig = -1, irest = 1,                                            
                                                                               
   ntc= 2, ntf = 2, cut = 1000,                                                
                                                                               
   igb=8, gbsa=3, surften=0.007, ntb = 0,                                      
   saltcon=0.,                                                                 
                                                                               
   ntr=1, restraintmask="@CA,N,C,O",                                           
   restraint_wt=0.1,                                                           
 /                                                                             


Note: ig = -1. Setting random seed to    98916 based on wallclock time in 
      microseconds.
| irandom = 1, using AMBER's internal random number generator (default).
 
| Conditional Compilation Defines Used:
| PUBFFT
| BINTRAJ
| EMIL

| New format PARM file being parsed.
| Version =    1.000 Date = 01/01/24 Time = 15:25:15

| Note: 1-4 EEL scale factors are being read from the topology file.

| Note: 1-4 VDW scale factors are being read from the topology file.
| INFO:    Reading atomic numbers from topology file.
| Duplicated    0 dihedrals

| Duplicated    0 dihedrals

--------------------------------------------------------------------------------
   1.  RESOURCE   USE: 
--------------------------------------------------------------------------------

 NATOM  =    1009 NTYPES =      14 NBONH =     495 MBONA  =     525
 NTHETH =    1132 MTHETA =     706 NPHIH =    2285 MPHIA  =    2234
 NHPARM =       0 NPARM  =       0 NNB   =    5551 NRES   =      69
 NBONA  =     525 NTHETA =     706 NPHIA =    2234 NUMBND =      61
 NUMANG =     142 NPTRA  =     183 NATYP =      31 NPHB   =       0
 IFBOX  =       0 NMXRS  =      24 IFCAP =       0 NEXTRA =       0
 NCOPY  =       0

 Implicit solvent radii are ArgH and AspGluO modified Bondi2 radii (mbondi3)                                
 Replacing prmtop screening parameters with GBn2 (igb=8) values
--------------------------------------------------------------------------------
   2.  CONTROL  DATA  FOR  THE  RUN
--------------------------------------------------------------------------------

default_name                                                                    

General flags:
     imin    =       0, nmropt  =       0

Nature and format of input:
     ntx     =       5, irest   =       1, ntrx    =       1

Nature and format of output:
     ntxo    =       1, ntpr    =    5000, ntrx    =       1, ntwr    =     500
     iwrap   =       0, ntwx    =    5000, ntwv    =       0, ntwe    =       0
     ioutfm  =       0, ntwprt  =       0, idecomp =       0, rbornstat=      0

Potential function:
     ntf     =       2, ntb     =       0, igb     =       8, nsnb    =      25
     ipol    =       0, gbsa    =       3, iesp    =       0
     dielc   =   1.00000, cut     =1000.00000, intdiel =   1.00000
     saltcon =   0.00000, offset  =   0.19514, surften =   0.00700
     rdt     =   0.00000, rgbmax  =  25.00000  extdiel =  78.50000
     alpb  =        0
     gbalphaH  =   0.78844, gbbetaH   =   0.79870,  gbgammaH  =    0.43733
     gbalphaC  =   0.73376, gbbetaC   =   0.50638,  gbgammaC  =    0.20584
     gbalphaN  =   0.50336, gbbetaN   =   0.31683,  gbgammaN  =    0.19292
     gbalphaOS =   0.86781, gbbetaOS  =   0.87664,  gbgammaOS =    0.38788
     gbalphaP  =   1.00000, gbbetaP   =   0.80000,  gbgammaP  =    4.85000
     gb_alpha_hnu  =   0.53705, gb_beta_hnu   =   0.36286,  gb_gamma_hnu  =    0.11670
     gb_alpha_cnu  =   0.33167, gb_beta_cnu   =   0.19684,  gb_gamma_cnu  =    0.09342
     gb_alpha_nnu  =   0.68631, gb_beta_nnu   =   0.46319,  gb_gamma_nnu  =    0.13872
     gb_alpha_onu  =   0.60634, gb_beta_onu   =   0.46301,  gb_gamma_onu  =    0.14226
     gb_alpha_pnu  =   0.41836, gb_beta_pnu   =   0.29005,  gb_gamma_pnu  =    0.10642

Frozen or restrained atoms:
     ibelly  =       0, ntr     =       1
     restraint_wt =   0.10000

Molecular dynamics:
     nstlim  =    125000, nscm    =         0, nrespa  =         1
     t       =   0.00000, dt      =   0.00200, vlimit  =  20.00000

Langevin dynamics temperature regulation:
     ig      =   98916
     temp0   = 300.00000, tempi   =   0.00000, gamma_ln=   1.00000

SHAKE:
     ntc     =       2, jfastw  =       0
     tol     =   0.00001

| Intermolecular bonds treatment:
|     no_intermolecular_bonds =       1

| Energy averages sample interval:
|     ene_avg_sampling =    5000

    LOADING THE CONSTRAINED ATOMS AS GROUPS


   5.  REFERENCE ATOM COORDINATES

  default_name                                                                    
     Mask @CA,N,C,O; matches   276 atoms

--------------------------------------------------------------------------------
   3.  ATOMIC COORDINATES AND VELOCITIES
--------------------------------------------------------------------------------

default_name                                                                    
 begin time read from input coords =  1250.000 ps

 
 Number of triangulated 3-point waters found:        0
| Dynamic Memory, Types Used:
| Reals               36221
| Integers           120563

--------------------------------------------------------------------------------
   4.  RESULTS
--------------------------------------------------------------------------------


 NSTEP =     5000   TIME(PS) =    1260.000  TEMP(K) =   305.84  PRESS =     0.0
 Etot   =      -230.9491  EKtot   =       769.4230  EPtot      =     -1000.3721
 BOND   =       207.0799  ANGLE   =       503.3075  DIHED      =       790.4755
 1-4 NB =       216.8317  1-4 EEL =      3958.0584  VDWAALS    =      -425.0706
 EELEC  =     -5027.7008  EGB     =     -1287.5937  RESTRAINT  =        28.8175
 EAMBER (non-restraint)  =     -1029.1896
 ESURF=        35.4224
 ------------------------------------------------------------------------------


 NSTEP =    10000   TIME(PS) =    1270.000  TEMP(K) =   307.04  PRESS =     0.0
 Etot   =      -204.4868  EKtot   =       772.4557  EPtot      =      -976.9425
 BOND   =       206.1463  ANGLE   =       517.2004  DIHED      =       762.1566
 1-4 NB =       230.2466  1-4 EEL =      3966.9530  VDWAALS    =      -416.0588
 EELEC  =     -5045.3076  EGB     =     -1261.7408  RESTRAINT  =        29.5107
 EAMBER (non-restraint)  =     -1006.4532
 ESURF=        33.9510
 ------------------------------------------------------------------------------


 NSTEP =    15000   TIME(PS) =    1280.000  TEMP(K) =   297.35  PRESS =     0.0
 Etot   =      -250.9415  EKtot   =       748.0572  EPtot      =      -998.9987
 BOND   =       191.2209  ANGLE   =       536.0172  DIHED      =       757.2113
 1-4 NB =       215.3441  1-4 EEL =      3946.9731  VDWAALS    =      -411.5939
 EELEC  =     -4951.7481  EGB     =     -1343.5922  RESTRAINT  =        24.1453
 EAMBER (non-restraint)  =     -1023.1440
 ESURF=        37.0235
 ------------------------------------------------------------------------------


 NSTEP =    20000   TIME(PS) =    1290.000  TEMP(K) =   300.05  PRESS =     0.0
 Etot   =      -250.8265  EKtot   =       754.8512  EPtot      =     -1005.6777
 BOND   =       191.3733  ANGLE   =       513.6891  DIHED      =       768.7719
 1-4 NB =       219.6687  1-4 EEL =      3967.1859  VDWAALS    =      -422.4872
 EELEC  =     -4961.9780  EGB     =     -1343.2267  RESTRAINT  =        25.6944
 EAMBER (non-restraint)  =     -1031.3721
 ESURF=        35.6308
 ------------------------------------------------------------------------------


 NSTEP =    25000   TIME(PS) =    1300.000  TEMP(K) =   311.55  PRESS =     0.0
 Etot   =      -215.7825  EKtot   =       783.7890  EPtot      =      -999.5716
 BOND   =       179.8299  ANGLE   =       508.6052  DIHED      =       784.9507
 1-4 NB =       209.5026  1-4 EEL =      3960.8596  VDWAALS    =      -404.5581
 EELEC  =     -4897.6092  EGB     =     -1398.1118  RESTRAINT  =        19.8474
 EAMBER (non-restraint)  =     -1019.4190
 ESURF=        37.1120
 ------------------------------------------------------------------------------


 NSTEP =    30000   TIME(PS) =    1310.000  TEMP(K) =   311.75  PRESS =     0.0
 Etot   =      -231.2049  EKtot   =       784.3032  EPtot      =     -1015.5081
 BOND   =       212.5617  ANGLE   =       506.4410  DIHED      =       764.6310
 1-4 NB =       219.5416  1-4 EEL =      3934.2883  VDWAALS    =      -427.5758
 EELEC  =     -4922.4282  EGB     =     -1358.7923  RESTRAINT  =        20.4370
 EAMBER (non-restraint)  =     -1035.9451
 ESURF=        35.3877
 ------------------------------------------------------------------------------


 NSTEP =    35000   TIME(PS) =    1320.000  TEMP(K) =   312.38  PRESS =     0.0
 Etot   =      -196.1857  EKtot   =       785.8825  EPtot      =      -982.0682
 BOND   =       223.5598  ANGLE   =       526.4483  DIHED      =       768.5748
 1-4 NB =       219.7968  1-4 EEL =      3942.2624  VDWAALS    =      -422.0162
 EELEC  =     -4945.8078  EGB     =     -1352.6382  RESTRAINT  =        22.2723
 EAMBER (non-restraint)  =     -1004.3406
 ESURF=        35.4795
 ------------------------------------------------------------------------------


 NSTEP =    40000   TIME(PS) =    1330.000  TEMP(K) =   286.87  PRESS =     0.0
 Etot   =      -305.4712  EKtot   =       721.7081  EPtot      =     -1027.1793
 BOND   =       199.2530  ANGLE   =       490.0502  DIHED      =       767.9445
 1-4 NB =       218.7927  1-4 EEL =      3974.4796  VDWAALS    =      -404.9530
 EELEC  =     -4988.3454  EGB     =     -1348.9280  RESTRAINT  =        29.9381
 EAMBER (non-restraint)  =     -1057.1174
 ESURF=        34.5891
 ------------------------------------------------------------------------------


 NSTEP =    45000   TIME(PS) =    1340.000  TEMP(K) =   294.02  PRESS =     0.0
 Etot   =      -273.7080  EKtot   =       739.6841  EPtot      =     -1013.3921
 BOND   =       207.7551  ANGLE   =       500.4315  DIHED      =       759.6989
 1-4 NB =       219.5159  1-4 EEL =      3957.1470  VDWAALS    =      -424.2809
 EELEC  =     -5014.1674  EGB     =     -1282.5505  RESTRAINT  =        28.1859
 EAMBER (non-restraint)  =     -1041.5780
 ESURF=        34.8724
 ------------------------------------------------------------------------------


 NSTEP =    50000   TIME(PS) =    1350.000  TEMP(K) =   287.14  PRESS =     0.0
 Etot   =      -318.8035  EKtot   =       722.3740  EPtot      =     -1041.1775
 BOND   =       186.2603  ANGLE   =       506.6404  DIHED      =       760.9391
 1-4 NB =       223.7651  1-4 EEL =      3940.8068  VDWAALS    =      -421.1031
 EELEC  =     -4971.4618  EGB     =     -1324.8444  RESTRAINT  =        22.4637
 EAMBER (non-restraint)  =     -1063.6413
 ESURF=        35.3564
 ------------------------------------------------------------------------------


 NSTEP =    55000   TIME(PS) =    1360.000  TEMP(K) =   298.39  PRESS =     0.0
 Etot   =      -247.1818  EKtot   =       750.6921  EPtot      =      -997.8740
 BOND   =       215.1052  ANGLE   =       506.6333  DIHED      =       773.5973
 1-4 NB =       217.3349  1-4 EEL =      3940.3431  VDWAALS    =      -417.6189
 EELEC  =     -4994.8569  EGB     =     -1302.8892  RESTRAINT  =        28.8812
 EAMBER (non-restraint)  =     -1026.7552
 ESURF=        35.5960
 ------------------------------------------------------------------------------


 NSTEP =    60000   TIME(PS) =    1370.000  TEMP(K) =   294.19  PRESS =     0.0
 Etot   =      -250.5328  EKtot   =       740.1062  EPtot      =      -990.6390
 BOND   =       202.6883  ANGLE   =       520.2698  DIHED      =       771.1034
 1-4 NB =       225.0439  1-4 EEL =      3949.8349  VDWAALS    =      -436.9215
 EELEC  =     -4953.0725  EGB     =     -1327.5394  RESTRAINT  =        22.2108
 EAMBER (non-restraint)  =     -1012.8498
 ESURF=        35.7433
 ------------------------------------------------------------------------------


 NSTEP =    65000   TIME(PS) =    1380.000  TEMP(K) =   304.26  PRESS =     0.0
 Etot   =      -232.0595  EKtot   =       765.4528  EPtot      =      -997.5123
 BOND   =       175.3569  ANGLE   =       509.6869  DIHED      =       786.9127
 1-4 NB =       228.2679  1-4 EEL =      3978.7931  VDWAALS    =      -420.5174
 EELEC  =     -4984.4878  EGB     =     -1330.5586  RESTRAINT  =        23.7624
 EAMBER (non-restraint)  =     -1021.2747
 ESURF=        35.2717
 ------------------------------------------------------------------------------


 NSTEP =    70000   TIME(PS) =    1390.000  TEMP(K) =   311.13  PRESS =     0.0
 Etot   =      -261.5575  EKtot   =       782.7295  EPtot      =     -1044.2871
 BOND   =       190.5545  ANGLE   =       490.3005  DIHED      =       759.8973
 1-4 NB =       220.9528  1-4 EEL =      3926.3569  VDWAALS    =      -412.1863
 EELEC  =     -4917.7418  EGB     =     -1360.4197  RESTRAINT  =        21.1628
 EAMBER (non-restraint)  =     -1065.4499
 ESURF=        36.8359
 ------------------------------------------------------------------------------


 NSTEP =    75000   TIME(PS) =    1400.000  TEMP(K) =   307.73  PRESS =     0.0
 Etot   =      -261.8001  EKtot   =       774.1741  EPtot      =     -1035.9742
 BOND   =       194.5132  ANGLE   =       513.5882  DIHED      =       767.8951
 1-4 NB =       215.8594  1-4 EEL =      3954.9241  VDWAALS    =      -416.9745
 EELEC  =     -4959.6363  EGB     =     -1362.1166  RESTRAINT  =        19.5445
 EAMBER (non-restraint)  =     -1055.5187
 ESURF=        36.4287
 ------------------------------------------------------------------------------


 NSTEP =    80000   TIME(PS) =    1410.000  TEMP(K) =   307.29  PRESS =     0.0
 Etot   =      -195.4123  EKtot   =       773.0877  EPtot      =      -968.5000
 BOND   =       218.8699  ANGLE   =       511.4272  DIHED      =       785.1109
 1-4 NB =       216.6687  1-4 EEL =      3941.4925  VDWAALS    =      -405.4488
 EELEC  =     -4978.2560  EGB     =     -1320.2361  RESTRAINT  =        25.3036
 EAMBER (non-restraint)  =      -993.8036
 ESURF=        36.5682
 ------------------------------------------------------------------------------


 NSTEP =    85000   TIME(PS) =    1420.000  TEMP(K) =   303.42  PRESS =     0.0
 Etot   =      -211.3852  EKtot   =       763.3296  EPtot      =      -974.7149
 BOND   =       212.6970  ANGLE   =       522.6917  DIHED      =       774.0648
 1-4 NB =       221.5352  1-4 EEL =      3958.5861  VDWAALS    =      -427.7565
 EELEC  =     -4989.7729  EGB     =     -1308.6368  RESTRAINT  =        26.4854
 EAMBER (non-restraint)  =     -1001.2002
 ESURF=        35.3912
 ------------------------------------------------------------------------------


 NSTEP =    90000   TIME(PS) =    1430.000  TEMP(K) =   280.55  PRESS =     0.0
 Etot   =      -332.7177  EKtot   =       705.8021  EPtot      =     -1038.5198
 BOND   =       180.7920  ANGLE   =       493.0461  DIHED      =       770.7579
 1-4 NB =       224.2079  1-4 EEL =      3972.7016  VDWAALS    =      -407.1417
 EELEC  =     -5008.7075  EGB     =     -1321.4508  RESTRAINT  =        21.6047
 EAMBER (non-restraint)  =     -1060.1245
 ESURF=        35.6700
 ------------------------------------------------------------------------------


 NSTEP =    95000   TIME(PS) =    1440.000  TEMP(K) =   307.36  PRESS =     0.0
 Etot   =      -214.5943  EKtot   =       773.2623  EPtot      =      -987.8566
 BOND   =       201.1881  ANGLE   =       519.6189  DIHED      =       765.6376
 1-4 NB =       217.1569  1-4 EEL =      3969.6783  VDWAALS    =      -425.0932
 EELEC  =     -4997.2525  EGB     =     -1298.6259  RESTRAINT  =        24.9493
 EAMBER (non-restraint)  =     -1012.8059
 ESURF=        34.8859
 ------------------------------------------------------------------------------


 NSTEP =   100000   TIME(PS) =    1450.000  TEMP(K) =   289.69  PRESS =     0.0
 Etot   =      -285.9853  EKtot   =       728.7967  EPtot      =     -1014.7820
 BOND   =       175.8339  ANGLE   =       521.7149  DIHED      =       772.8932
 1-4 NB =       230.3645  1-4 EEL =      3964.6798  VDWAALS    =      -418.6348
 EELEC  =     -5046.4562  EGB     =     -1276.5283  RESTRAINT  =        26.8457
 EAMBER (non-restraint)  =     -1041.6276
 ESURF=        34.5055
 ------------------------------------------------------------------------------


 NSTEP =   105000   TIME(PS) =    1460.000  TEMP(K) =   293.62  PRESS =     0.0
 Etot   =      -286.5630  EKtot   =       738.6906  EPtot      =     -1025.2536
 BOND   =       206.3089  ANGLE   =       502.1773  DIHED      =       753.9021
 1-4 NB =       215.7550  1-4 EEL =      3976.0684  VDWAALS    =      -421.2974
 EELEC  =     -4960.0260  EGB     =     -1357.9047  RESTRAINT  =        23.9633
 EAMBER (non-restraint)  =     -1049.2168
 ESURF=        35.7998
 ------------------------------------------------------------------------------


 NSTEP =   110000   TIME(PS) =    1470.000  TEMP(K) =   302.78  PRESS =     0.0
 Etot   =      -255.3983  EKtot   =       761.7215  EPtot      =     -1017.1198
 BOND   =       195.7246  ANGLE   =       535.4713  DIHED      =       769.2280
 1-4 NB =       218.5548  1-4 EEL =      3962.1990  VDWAALS    =      -422.5225
 EELEC  =     -4999.0964  EGB     =     -1333.4143  RESTRAINT  =        21.6075
 EAMBER (non-restraint)  =     -1038.7274
 ESURF=        35.1282
 ------------------------------------------------------------------------------


 NSTEP =   115000   TIME(PS) =    1480.000  TEMP(K) =   288.91  PRESS =     0.0
 Etot   =      -266.9103  EKtot   =       726.8246  EPtot      =      -993.7349
 BOND   =       196.9649  ANGLE   =       515.0866  DIHED      =       770.2982
 1-4 NB =       221.6960  1-4 EEL =      3977.1812  VDWAALS    =      -424.6294
 EELEC  =     -4948.1789  EGB     =     -1359.4519  RESTRAINT  =        22.1940
 EAMBER (non-restraint)  =     -1015.9288
 ESURF=        35.1045
 ------------------------------------------------------------------------------


 NSTEP =   120000   TIME(PS) =    1490.000  TEMP(K) =   298.16  PRESS =     0.0
 Etot   =      -290.8548  EKtot   =       750.1171  EPtot      =     -1040.9719
 BOND   =       179.1367  ANGLE   =       495.5098  DIHED      =       771.1052
 1-4 NB =       229.3607  1-4 EEL =      3984.4566  VDWAALS    =      -434.0477
 EELEC  =     -5028.6377  EGB     =     -1298.5965  RESTRAINT  =        26.3044
 EAMBER (non-restraint)  =     -1067.2762
 ESURF=        34.4366
 ------------------------------------------------------------------------------


 NSTEP =   125000   TIME(PS) =    1500.000  TEMP(K) =   292.52  PRESS =     0.0
 Etot   =      -268.1844  EKtot   =       735.9258  EPtot      =     -1004.1102
 BOND   =       199.4772  ANGLE   =       526.5931  DIHED      =       766.7309
 1-4 NB =       217.9662  1-4 EEL =      3979.5129  VDWAALS    =      -425.9388
 EELEC  =     -5011.3957  EGB     =     -1317.6195  RESTRAINT  =        26.0319
 EAMBER (non-restraint)  =     -1030.1421
 ESURF=        34.5315
 ------------------------------------------------------------------------------


      A V E R A G E S   O V E R      25 S T E P S


 NSTEP =   125000   TIME(PS) =    1500.000  TEMP(K) =   299.76  PRESS =     0.0
 Etot   =      -253.5799  EKtot   =       754.1296  EPtot      =     -1007.7095
 BOND   =       198.0101  ANGLE   =       511.7059  DIHED      =       769.7796
 1-4 NB =       220.5492  1-4 EEL =      3959.4329  VDWAALS    =      -419.8571
 EELEC  =     -4980.1652  EGB     =     -1327.1203  RESTRAINT  =        24.4866
 EAMBER (non-restraint)  =     -1032.1961
 ESURF=        35.4689
 ------------------------------------------------------------------------------


      R M S  F L U C T U A T I O N S


 NSTEP =   125000   TIME(PS) =    1500.000  TEMP(K) =     8.85  PRESS =     0.0
 Etot   =        36.3455  EKtot   =        22.2770  EPtot      =        21.6848
 BOND   =        13.3358  ANGLE   =        12.5215  DIHED      =         9.0392
 1-4 NB =         5.0436  1-4 EEL =        15.4753  VDWAALS    =         8.3739
 EELEC  =        38.0870  EGB     =        31.7432  RESTRAINT  =         3.0636
 EAMBER (non-restraint)  =        18.6213
 ESURF=         0.8086
 ------------------------------------------------------------------------------

--------------------------------------------------------------------------------
   5.  TIMINGS
--------------------------------------------------------------------------------

|  NonSetup CPU Time in Major Routines:
|
|     Routine           Sec        %
|     ------------------------------
|     Nonbond        5373.30   97.61
|     Bond              0.97    0.02
|     Angle            15.30    0.28
|     Dihedral         87.37    1.59
|     Shake             4.19    0.08
|     RunMD            23.88    0.43
|     Other             0.08    0.00
|     ------------------------------
|     Total          5505.09

|  Generalized Born CPU Time:
|
|     Routine                 Sec        %
|     ------------------------------------
|     Radii Calc           1266.54   23.01
|     Diagonal Calc        2357.45   42.82
|     Off Diagonal Calc    1743.26   31.67
|     GBSA LCPO Calc          0.11    0.00
|     ---------------------------------
|     Total                5367.25   97.50

|  Final Performance Info:
|     -----------------------------------------------------
|     Average timings for last       1 steps:
|     Elapsed(s) =       0.00 Per Step(ms) =       0.10
|         ns/day =    1782.84   seconds/ns =      48.46
|
|     Average timings for all steps:
|     Elapsed(s) =   50362.51 Per Step(ms) =     402.90
|         ns/day =       0.43   seconds/ns =  201450.05
|     -----------------------------------------------------

|  Setup CPU time:            0.03 seconds
|  NonSetup CPU time:      5505.09 seconds
|  Total CPU time:         5505.12 seconds     1.53 hours

|  Setup wall time:           0    seconds
|  NonSetup wall time:    50363    seconds
|  Total wall time:       50363    seconds    13.99 hours
