Salt Bridges Plugin, Version 1.0
Wed Apr 17 13:09:18 +0530 2024

Parameters used in the calculation of salt bridges:
- Atomselection: protein
- Update selections every frame: yes
- Initial frame: 0
- Frame step: 1
- Final frame: 499
- Oxygen-nitrogen cut-off: 3.2
- Center of mass cut-off: none
- Write a file for each salt bridge: yes

Searching for ion-pairs with oxygen-nitrogen distance within 3.2 Angstroms in the selected frames... Done.
Removing redundancies in the ion-pairs found... Done.
Extracting identification of each salt bridge... Done.
Found 17 salt bridges.

ASP22-LYS26
ASP40-LYS25
ASP90-LYS94
ASP77-LYS78
GLU23-LYS20
GLU3-ARG5
ASP40-LYS96
ASP22-LYS20
GLU17-ARG50
GLU3-LYS86
GLU17-LYS78
ASP22-LYS21
GLU59-LYS58
GLU17-LYS18
ASP22-LYS25
ASP77-LYS18
GLU23-LYS26

Printing distances over all frames for each salt-bridge... Done.
