
          -------------------------------------------------------
          Amber 22 PMEMD                              2022
          -------------------------------------------------------

| PMEMD implementation of SANDER, Release 22

|  Compiled date/time: Thu Apr 14 23:36:37 2022
| Run on 12/29/2023 at 23:33:47

|   Executable path: pmemd
| Working directory: /home/arul/Reegina/MD_Sim/finalll/1PUC_info
|          Hostname: Unknown
  [-O]verwriting output

File Assignments:
|   MDIN: /home/arul/Reegina/MD_Sim/trial_file/min.in                           
|  MDOUT: min_1PUC.out                                                          
| INPCRD: 1PUC.rst7                                                             
|   PARM: 1PUC.hmass.parm7                                                      
| RESTRT: min_1PUC.rst7                                                         
|   REFC: refc                                                                  
|  MDVEL: mdvel                                                                 
|   MDEN: mden                                                                  
|  MDCRD: min_1PUC.crd                                                          
| MDINFO: min_1PUC.info                                                         
|  MDFRC: mdfrc                                                                 


 Here is the input file:

&cntrl                                                                         
  imin = 1,                                                                    
  maxcyc=100,                                                                  
  ntx = 1,                                                                     
  ntwr = 100,                                                                  
  ntpr = 10,                                                                   
  ioutfm=0,                                                                    
  ntxo=1,                                                                      
  cut = 1000.0,                                                                
  ntb=0,                                                                       
  igb = 8,                                                                     
  gbsa=3,                                                                      
  surften=0.007,                                                               
  saltcon = 0.0,                                                               
/                                                                              


Note: ig = -1. Setting random seed to   990853 based on wallclock time in 
      microseconds.
| irandom = 1, using AMBER's internal random number generator (default).
 
| Conditional Compilation Defines Used:
| PUBFFT
| BINTRAJ
| EMIL

| New format PARM file being parsed.
| Version =    1.000 Date = 12/29/23 Time = 17:09:30

| Note: 1-4 EEL scale factors are being read from the topology file.

| Note: 1-4 VDW scale factors are being read from the topology file.
| INFO:    Reading atomic numbers from topology file.
| Duplicated    0 dihedrals

| Duplicated    0 dihedrals

--------------------------------------------------------------------------------
   1.  RESOURCE   USE: 
--------------------------------------------------------------------------------

 NATOM  =    1677 NTYPES =      14 NBONH =     829 MBONA  =     872
 NTHETH =    1898 MTHETA =    1182 NPHIH =    3832 MPHIA  =    3665
 NHPARM =       0 NPARM  =       0 NNB   =    9307 NRES   =     101
 NBONA  =     872 NTHETA =    1182 NPHIA =    3665 NUMBND =      63
 NUMANG =     149 NPTRA  =     178 NATYP =      31 NPHB   =       0
 IFBOX  =       0 NMXRS  =      24 IFCAP =       0 NEXTRA =       0
 NCOPY  =       0

 Implicit solvent radii are ArgH and AspGluO modified Bondi2 radii (mbondi3)                                
 Replacing prmtop screening parameters with GBn2 (igb=8) values
--------------------------------------------------------------------------------
   2.  CONTROL  DATA  FOR  THE  RUN
--------------------------------------------------------------------------------

default_name                                                                    

General flags:
     imin    =       1, nmropt  =       0

Nature and format of input:
     ntx     =       1, irest   =       0, ntrx    =       1

Nature and format of output:
     ntxo    =       1, ntpr    =      10, ntrx    =       1, ntwr    =     100
     iwrap   =       0, ntwx    =       0, ntwv    =       0, ntwe    =       0
     ioutfm  =       0, ntwprt  =       0, idecomp =       0, rbornstat=      0

Potential function:
     ntf     =       1, ntb     =       0, igb     =       8, nsnb    =      25
     ipol    =       0, gbsa    =       3, iesp    =       0
     dielc   =   1.00000, cut     =1000.00000, intdiel =   1.00000
     saltcon =   0.00000, offset  =   0.19514, surften =   0.00700
     rdt     =   0.00000, rgbmax  =  25.00000  extdiel =  78.50000
     alpb  =        0
     gbalphaH  =   0.78844, gbbetaH   =   0.79870,  gbgammaH  =    0.43733
     gbalphaC  =   0.73376, gbbetaC   =   0.50638,  gbgammaC  =    0.20584
     gbalphaN  =   0.50336, gbbetaN   =   0.31683,  gbgammaN  =    0.19292
     gbalphaOS =   0.86781, gbbetaOS  =   0.87664,  gbgammaOS =    0.38788
     gbalphaP  =   1.00000, gbbetaP   =   0.80000,  gbgammaP  =    4.85000
     gb_alpha_hnu  =   0.53705, gb_beta_hnu   =   0.36286,  gb_gamma_hnu  =    0.11670
     gb_alpha_cnu  =   0.33167, gb_beta_cnu   =   0.19684,  gb_gamma_cnu  =    0.09342
     gb_alpha_nnu  =   0.68631, gb_beta_nnu   =   0.46319,  gb_gamma_nnu  =    0.13872
     gb_alpha_onu  =   0.60634, gb_beta_onu   =   0.46301,  gb_gamma_onu  =    0.14226
     gb_alpha_pnu  =   0.41836, gb_beta_pnu   =   0.29005,  gb_gamma_pnu  =    0.10642

Frozen or restrained atoms:
     ibelly  =       0, ntr     =       0

Energy minimization:
     maxcyc  =     100, ncyc    =      10, ntmin   =       1
     dx0     =   0.01000, drms    =   0.00010

| Intermolecular bonds treatment:
|     no_intermolecular_bonds =       1

| Energy averages sample interval:
|     ene_avg_sampling =       1

--------------------------------------------------------------------------------
   3.  ATOMIC COORDINATES AND VELOCITIES
--------------------------------------------------------------------------------

default_name                                                                    
 begin time read from input coords =     0.000 ps

 
 Number of triangulated 3-point waters found:        0
| Dynamic Memory, Types Used:
| Reals               46017
| Integers           197502

--------------------------------------------------------------------------------
   4.  RESULTS
--------------------------------------------------------------------------------



   NSTEP       ENERGY          RMS            GMAX         NAME    NUMBER
      1      -3.3312E+03     1.6570E+01     6.7158E+02     OXT      1677

 BOND    =       44.2068  ANGLE   =      324.1904  DIHED      =     1107.1801
 VDWAALS =     -480.3025  EEL     =    -6387.5767  EGB        =    -2417.0517
 1-4 VDW =      515.1569  1-4 EEL =     3915.2396  RESTRAINT  =        0.0000
 ESURF   =       47.7891


   NSTEP       ENERGY          RMS            GMAX         NAME    NUMBER
     10      -3.5076E+03     6.3771E+00     2.1852E+02     OXT      1677

 BOND    =       29.9341  ANGLE   =      279.8426  DIHED      =     1104.6400
 VDWAALS =     -558.5330  EEL     =    -6391.7332  EGB        =    -2417.4365
 1-4 VDW =      491.2837  1-4 EEL =     3906.5709  RESTRAINT  =        0.0000
 ESURF   =       47.8135


   NSTEP       ENERGY          RMS            GMAX         NAME    NUMBER
     20      -3.7600E+03     2.9896E+00     9.4020E+01     C        1675

 BOND    =       47.6155  ANGLE   =      249.0932  DIHED      =     1114.7896
 VDWAALS =     -655.7389  EEL     =    -6365.4970  EGB        =    -2424.2935
 1-4 VDW =      416.0134  1-4 EEL =     3809.8403  RESTRAINT  =        0.0000
 ESURF   =       48.2166


   NSTEP       ENERGY          RMS            GMAX         NAME    NUMBER
     30      -3.8153E+03     1.8151E+00     2.0662E+01     OXT      1677

 BOND    =       43.2383  ANGLE   =      233.5844  DIHED      =     1116.3395
 VDWAALS =     -667.8445  EEL     =    -6348.4543  EGB        =    -2423.2298
 1-4 VDW =      396.2767  1-4 EEL =     3786.2711  RESTRAINT  =        0.0000
 ESURF   =       48.5146


   NSTEP       ENERGY          RMS            GMAX         NAME    NUMBER
     40      -3.8674E+03     3.0596E+00     8.6500E+01     C        1675

 BOND    =       55.8806  ANGLE   =      237.5934  DIHED      =     1114.8709
 VDWAALS =     -691.2861  EEL     =    -6341.1644  EGB        =    -2433.0476
 1-4 VDW =      363.9554  1-4 EEL =     3776.5099  RESTRAINT  =        0.0000
 ESURF   =       49.2526


   NSTEP       ENERGY          RMS            GMAX         NAME    NUMBER
     50      -3.9095E+03     9.8501E-01     1.1281E+01     O        1676

 BOND    =       62.1690  ANGLE   =      253.6568  DIHED      =     1124.0462
 VDWAALS =     -710.8448  EEL     =    -6313.6124  EGB        =    -2437.2803
 1-4 VDW =      335.2625  1-4 EEL =     3727.2069  RESTRAINT  =        0.0000
 ESURF   =       49.8608


   NSTEP       ENERGY          RMS            GMAX         NAME    NUMBER
     60      -3.9170E+03     1.0571E+00     1.5363E+01     C        1675

 BOND    =       59.5230  ANGLE   =      247.6593  DIHED      =     1119.8247
 VDWAALS =     -711.3075  EEL     =    -6315.4990  EGB        =    -2437.9745
 1-4 VDW =      339.5735  1-4 EEL =     3731.3037  RESTRAINT  =        0.0000
 ESURF   =       49.8708


   NSTEP       ENERGY          RMS            GMAX         NAME    NUMBER
     70      -3.9319E+03     9.5246E-01     9.8649E+00     C        1675

 BOND    =       53.8785  ANGLE   =      237.1656  DIHED      =     1111.8682
 VDWAALS =     -710.2219  EEL     =    -6319.2582  EGB        =    -2439.0748
 1-4 VDW =      348.2788  1-4 EEL =     3735.5375  RESTRAINT  =        0.0000
 ESURF   =       49.9239


   NSTEP       ENERGY          RMS            GMAX         NAME    NUMBER
     80      -3.9401E+03     4.8834E-01     3.3824E+00     HG1       969

 BOND    =       53.7261  ANGLE   =      234.9520  DIHED      =     1112.0573
 VDWAALS =     -709.9923  EEL     =    -6318.0042  EGB        =    -2439.9091
 1-4 VDW =      347.7667  1-4 EEL =     3729.2554  RESTRAINT  =        0.0000
 ESURF   =       50.0084


   NSTEP       ENERGY          RMS            GMAX         NAME    NUMBER
     90      -3.9492E+03     8.2707E-01     1.3642E+01     CG       1672

 BOND    =       57.7208  ANGLE   =      237.9499  DIHED      =     1111.5959
 VDWAALS =     -712.8399  EEL     =    -6314.4518  EGB        =    -2441.0112
 1-4 VDW =      339.1377  1-4 EEL =     3722.5884  RESTRAINT  =        0.0000
 ESURF   =       50.1545


   NSTEP       ENERGY          RMS            GMAX         NAME    NUMBER
    100      -3.9561E+03     6.7013E-01     8.2291E+00     O        1676

 BOND    =       62.7393  ANGLE   =      246.6678  DIHED      =     1114.5189
 VDWAALS =     -715.3782  EEL     =    -6309.0496  EGB        =    -2442.8082
 1-4 VDW =      329.1964  1-4 EEL =     3707.7374  RESTRAINT  =        0.0000
 ESURF   =       50.3125


  Maximum number of minimization cycles reached.


                    FINAL RESULTS



   NSTEP       ENERGY          RMS            GMAX         NAME    NUMBER
    100      -3.9561E+03     6.7013E-01     8.2291E+00     O        1676

 BOND    =       62.7393  ANGLE   =      246.6678  DIHED      =     1114.5189
 VDWAALS =     -715.3782  EEL     =    -6309.0496  EGB        =    -2442.8082
 1-4 VDW =      329.1964  1-4 EEL =     3707.7374  RESTRAINT  =        0.0000
 ESURF   =       50.3125
--------------------------------------------------------------------------------
   5.  TIMINGS
--------------------------------------------------------------------------------

|  NonSetup CPU Time in Major Routines:
|
|     Routine           Sec        %
|     ------------------------------
|     Nonbond          10.61   98.61
|     Bond              0.00    0.02
|     Angle             0.02    0.19
|     Dihedral          0.12    1.10
|     Shake             0.00    0.00
|     Other             0.01    0.09
|     ------------------------------
|     Total            10.76

|  Generalized Born CPU Time:
|
|     Routine                 Sec        %
|     ------------------------------------
|     Radii Calc              2.32   21.58
|     Diagonal Calc           4.33   40.22
|     Off Diagonal Calc       3.95   36.73
|     GBSA LCPO Calc          0.00    0.00
|     ---------------------------------
|     Total                  10.61   98.53

|  Setup CPU time:            0.02 seconds
|  NonSetup CPU time:        10.76 seconds
|  Total CPU time:           10.78 seconds     0.00 hours

|  Setup wall time:           0    seconds
|  NonSetup wall time:       27    seconds
|  Total wall time:          27    seconds     0.01 hours
