
  Unit    5 Error on OPEN: heat.in                                                                                                                                                                                                                                                         

  Unit    5 Error on OPEN: heat.in                                                                                                                                                                                                                                                         
STOP PMEMD Terminated Abnormally!

  Unit    5 Error on OPEN: heat.in                                                                                                                                                                                                                                                         

  Unit    5 Error on OPEN: heat.in                                                                                                                                                                                                                                                         
STOP PMEMD Terminated Abnormally!
Note: The following floating-point exceptions are signalling: IEEE_INVALID_FLAG
Note: The following floating-point exceptions are signalling: IEEE_INVALID_FLAG
Note: The following floating-point exceptions are signalling: IEEE_INVALID_FLAG
At line 894 of file /opt/amber22_src/src/pmemd/src/runfiles.F90 (unit = 6)
Fortran runtime error: Cannot open file 'prod.out': No such file or directory

Error termination. Backtrace:
#0  0x7f4f55c23960 in ???
#1  0x7f4f55c244d9 in ???
#2  0x7f4f55c2510f in ???
#3  0x7f4f55e73ee6 in ???
#4  0x7f4f55e741dd in ???
#5  0x560ad5ecd9d9 in ???
#6  0x560ad5e9eec3 in ???
#7  0x560ad5ee23c0 in ???
#8  0x560ad5dba02e in ???
#9  0x7f4f55829d8f in __libc_start_call_main
	at ../sysdeps/nptl/libc_start_call_main.h:58
#10  0x7f4f55829e3f in __libc_start_main_impl
	at ../csu/libc-start.c:392
#11  0x560ad5dba064 in ???
#12  0xffffffffffffffff in ???
