
          -------------------------------------------------------
          Amber 22 PMEMD                              2022
          -------------------------------------------------------

| PMEMD implementation of SANDER, Release 22

|  Compiled date/time: Thu Apr 14 23:36:37 2022
| Run on 04/25/2024 at 11:03:08

|   Executable path: pmemd
| Working directory: /home/arul/Reegina/MD_Sim/eqb/256B_info
|          Hostname: Unknown
  [-O]verwriting output

File Assignments:
|   MDIN: /home/arul/Reegina/MD_Sim/eq2.in                                      
|  MDOUT: eq2.out                                                               
| INPCRD: eq1.rst7                                                              
|   PARM: 256B.hmass.parm7                                                      
| RESTRT: eq2.rst7                                                              
|   REFC: eq1.rst7                                                              
|  MDVEL: mdvel                                                                 
|   MDEN: mden                                                                  
|  MDCRD: eq2.crd                                                               
| MDINFO: eq2.info                                                              
|  MDFRC: mdfrc                                                                 


 Here is the input file:

&cntrl                                                                         
   ntx = 5,                                                                    
   ntwx = 5000, ntwe = 0, ntwr = 500,                                          
   ntpr = 5000,                                                                
                                                                               
   ioutfm=0, ntxo=1,                                                           
                                                                               
   imin = 0, nstlim = 125000, dt = 0.002,                                      
                                                                               
   ntt = 3, gamma_ln=1., temp0 = 300.0,                                        
   nscm = 1000, ig = -1, irest = 1,                                            
                                                                               
   ntc= 2, ntf = 2, cut = 1000,                                                
                                                                               
   igb=8, gbsa=3, surften=0.007, ntb = 0,                                      
   saltcon=0.,                                                                 
                                                                               
   ntr=1, restraintmask="@CA,N,C,O",                                           
   restraint_wt=0.1,                                                           
 /                                                                             


Note: ig = -1. Setting random seed to   602116 based on wallclock time in 
      microseconds.
| irandom = 1, using AMBER's internal random number generator (default).
 
| Conditional Compilation Defines Used:
| PUBFFT
| BINTRAJ
| EMIL

| New format PARM file being parsed.
| Version =    1.000 Date = 01/01/24 Time = 14:18:20

| Note: 1-4 EEL scale factors are being read from the topology file.

| Note: 1-4 VDW scale factors are being read from the topology file.
| INFO:    Reading atomic numbers from topology file.
| Duplicated    0 dihedrals

| Duplicated    0 dihedrals

--------------------------------------------------------------------------------
   1.  RESOURCE   USE: 
--------------------------------------------------------------------------------

 NATOM  =    3304 NTYPES =      14 NBONH =    1652 MBONA  =    1670
 NTHETH =    3800 MTHETA =    2246 NPHIH =    7500 MPHIA  =    7066
 NHPARM =       0 NPARM  =       0 NNB   =   18246 NRES   =     212
 NBONA  =    1670 NTHETA =    2246 NPHIA =    7066 NUMBND =      56
 NUMANG =     130 NPTRA  =     161 NATYP =      28 NPHB   =       0
 IFBOX  =       0 NMXRS  =      25 IFCAP =       0 NEXTRA =       0
 NCOPY  =       0

 Implicit solvent radii are ArgH and AspGluO modified Bondi2 radii (mbondi3)                                
 Replacing prmtop screening parameters with GBn2 (igb=8) values
--------------------------------------------------------------------------------
   2.  CONTROL  DATA  FOR  THE  RUN
--------------------------------------------------------------------------------

default_name                                                                    

General flags:
     imin    =       0, nmropt  =       0

Nature and format of input:
     ntx     =       5, irest   =       1, ntrx    =       1

Nature and format of output:
     ntxo    =       1, ntpr    =    5000, ntrx    =       1, ntwr    =     500
     iwrap   =       0, ntwx    =    5000, ntwv    =       0, ntwe    =       0
     ioutfm  =       0, ntwprt  =       0, idecomp =       0, rbornstat=      0

Potential function:
     ntf     =       2, ntb     =       0, igb     =       8, nsnb    =      25
     ipol    =       0, gbsa    =       3, iesp    =       0
     dielc   =   1.00000, cut     =1000.00000, intdiel =   1.00000
     saltcon =   0.00000, offset  =   0.19514, surften =   0.00700
     rdt     =   0.00000, rgbmax  =  25.00000  extdiel =  78.50000
     alpb  =        0
     gbalphaH  =   0.78844, gbbetaH   =   0.79870,  gbgammaH  =    0.43733
     gbalphaC  =   0.73376, gbbetaC   =   0.50638,  gbgammaC  =    0.20584
     gbalphaN  =   0.50336, gbbetaN   =   0.31683,  gbgammaN  =    0.19292
     gbalphaOS =   0.86781, gbbetaOS  =   0.87664,  gbgammaOS =    0.38788
     gbalphaP  =   1.00000, gbbetaP   =   0.80000,  gbgammaP  =    4.85000
     gb_alpha_hnu  =   0.53705, gb_beta_hnu   =   0.36286,  gb_gamma_hnu  =    0.11670
     gb_alpha_cnu  =   0.33167, gb_beta_cnu   =   0.19684,  gb_gamma_cnu  =    0.09342
     gb_alpha_nnu  =   0.68631, gb_beta_nnu   =   0.46319,  gb_gamma_nnu  =    0.13872
     gb_alpha_onu  =   0.60634, gb_beta_onu   =   0.46301,  gb_gamma_onu  =    0.14226
     gb_alpha_pnu  =   0.41836, gb_beta_pnu   =   0.29005,  gb_gamma_pnu  =    0.10642

Frozen or restrained atoms:
     ibelly  =       0, ntr     =       1
     restraint_wt =   0.10000

Molecular dynamics:
     nstlim  =    125000, nscm    =         0, nrespa  =         1
     t       =   0.00000, dt      =   0.00200, vlimit  =  20.00000

Langevin dynamics temperature regulation:
     ig      =  602116
     temp0   = 300.00000, tempi   =   0.00000, gamma_ln=   1.00000

SHAKE:
     ntc     =       2, jfastw  =       0
     tol     =   0.00001

| Intermolecular bonds treatment:
|     no_intermolecular_bonds =       1

| Energy averages sample interval:
|     ene_avg_sampling =    5000

    LOADING THE CONSTRAINED ATOMS AS GROUPS


   5.  REFERENCE ATOM COORDINATES

  default_name                                                                    
     Mask @CA,N,C,O; matches   848 atoms

--------------------------------------------------------------------------------
   3.  ATOMIC COORDINATES AND VELOCITIES
--------------------------------------------------------------------------------

default_name                                                                    
 begin time read from input coords =  1250.000 ps

 
 Number of triangulated 3-point waters found:        0
| Dynamic Memory, Types Used:
| Reals              112883
| Integers           391959

--------------------------------------------------------------------------------
   4.  RESULTS
--------------------------------------------------------------------------------


 NSTEP =     5000   TIME(PS) =    1260.000  TEMP(K) =   306.08  PRESS =     0.0
 Etot   =     -3723.6693  EKtot   =      2511.9980  EPtot      =     -6235.6673
 BOND   =       642.0141  ANGLE   =      1634.5946  DIHED      =      2724.6611
 1-4 NB =       743.9798  1-4 EEL =     10067.3831  VDWAALS    =     -1625.2355
 EELEC  =    -16305.6589  EGB     =     -4240.7842  RESTRAINT  =        37.7340
 EAMBER (non-restraint)  =     -6273.4013
 ESURF=        85.6447
 ------------------------------------------------------------------------------


 NSTEP =    10000   TIME(PS) =    1270.000  TEMP(K) =   303.05  PRESS =     0.0
 Etot   =     -3693.0255  EKtot   =      2487.1448  EPtot      =     -6180.1703
 BOND   =       646.8070  ANGLE   =      1740.2260  DIHED      =      2717.6598
 1-4 NB =       732.8634  1-4 EEL =     10068.0356  VDWAALS    =     -1622.3791
 EELEC  =    -16345.2489  EGB     =     -4233.6137  RESTRAINT  =        33.0404
 EAMBER (non-restraint)  =     -6213.2107
 ESURF=        82.4392
 ------------------------------------------------------------------------------


 NSTEP =    15000   TIME(PS) =    1280.000  TEMP(K) =   295.07  PRESS =     0.0
 Etot   =     -3774.6350  EKtot   =      2421.6910  EPtot      =     -6196.3260
 BOND   =       651.1543  ANGLE   =      1700.2526  DIHED      =      2753.4130
 1-4 NB =       722.2518  1-4 EEL =     10014.5083  VDWAALS    =     -1637.3623
 EELEC  =    -16274.4042  EGB     =     -4242.1920  RESTRAINT  =        32.7301
 EAMBER (non-restraint)  =     -6229.0561
 ESURF=        83.3225
 ------------------------------------------------------------------------------


 NSTEP =    20000   TIME(PS) =    1290.000  TEMP(K) =   301.90  PRESS =     0.0
 Etot   =     -3736.4883  EKtot   =      2477.7217  EPtot      =     -6214.2100
 BOND   =       655.7861  ANGLE   =      1634.1710  DIHED      =      2752.7985
 1-4 NB =       741.1343  1-4 EEL =     10084.6732  VDWAALS    =     -1627.5674
 EELEC  =    -16326.9358  EGB     =     -4242.0741  RESTRAINT  =        30.2229
 EAMBER (non-restraint)  =     -6244.4329
 ESURF=        83.5813
 ------------------------------------------------------------------------------


 NSTEP =    25000   TIME(PS) =    1300.000  TEMP(K) =   298.18  PRESS =     0.0
 Etot   =     -3745.0717  EKtot   =      2447.1601  EPtot      =     -6192.2318
 BOND   =       649.1968  ANGLE   =      1673.6032  DIHED      =      2744.0315
 1-4 NB =       736.9516  1-4 EEL =     10051.8026  VDWAALS    =     -1624.5865
 EELEC  =    -16438.9259  EGB     =     -4104.5074  RESTRAINT  =        36.5325
 EAMBER (non-restraint)  =     -6228.7642
 ESURF=        83.6700
 ------------------------------------------------------------------------------


 NSTEP =    30000   TIME(PS) =    1310.000  TEMP(K) =   305.93  PRESS =     0.0
 Etot   =     -3730.2360  EKtot   =      2510.8333  EPtot      =     -6241.0693
 BOND   =       612.3432  ANGLE   =      1679.6337  DIHED      =      2764.5644
 1-4 NB =       735.0351  1-4 EEL =     10028.7962  VDWAALS    =     -1635.9384
 EELEC  =    -16405.5801  EGB     =     -4136.5855  RESTRAINT  =        32.9474
 EAMBER (non-restraint)  =     -6274.0167
 ESURF=        83.7147
 ------------------------------------------------------------------------------


 NSTEP =    35000   TIME(PS) =    1320.000  TEMP(K) =   298.91  PRESS =     0.0
 Etot   =     -3667.0910  EKtot   =      2453.2073  EPtot      =     -6120.2984
 BOND   =       664.5436  ANGLE   =      1743.5821  DIHED      =      2789.8960
 1-4 NB =       733.4441  1-4 EEL =     10047.2093  VDWAALS    =     -1639.6349
 EELEC  =    -16444.7214  EGB     =     -4123.8492  RESTRAINT  =        30.7178
 EAMBER (non-restraint)  =     -6151.0161
 ESURF=        78.5145
 ------------------------------------------------------------------------------


 NSTEP =    40000   TIME(PS) =    1330.000  TEMP(K) =   299.94  PRESS =     0.0
 Etot   =     -3817.3490  EKtot   =      2461.6094  EPtot      =     -6278.9585
 BOND   =       628.4926  ANGLE   =      1601.8028  DIHED      =      2749.2652
 1-4 NB =       722.6126  1-4 EEL =     10055.6977  VDWAALS    =     -1634.0003
 EELEC  =    -16398.4943  EGB     =     -4130.6226  RESTRAINT  =        43.7954
 EAMBER (non-restraint)  =     -6322.7539
 ESURF=        82.4924
 ------------------------------------------------------------------------------


 NSTEP =    45000   TIME(PS) =    1340.000  TEMP(K) =   300.55  PRESS =     0.0
 Etot   =     -3818.0425  EKtot   =      2466.6504  EPtot      =     -6284.6930
 BOND   =       620.3919  ANGLE   =      1683.3262  DIHED      =      2713.6031
 1-4 NB =       735.3487  1-4 EEL =     10111.5912  VDWAALS    =     -1606.2603
 EELEC  =    -16478.5200  EGB     =     -4189.3410  RESTRAINT  =        40.5109
 EAMBER (non-restraint)  =     -6325.2039
 ESURF=        84.6562
 ------------------------------------------------------------------------------


 NSTEP =    50000   TIME(PS) =    1350.000  TEMP(K) =   294.13  PRESS =     0.0
 Etot   =     -3791.2492  EKtot   =      2413.9185  EPtot      =     -6205.1677
 BOND   =       621.0248  ANGLE   =      1711.7938  DIHED      =      2745.4733
 1-4 NB =       740.3844  1-4 EEL =     10059.9116  VDWAALS    =     -1646.4192
 EELEC  =    -16477.5282  EGB     =     -4076.7012  RESTRAINT  =        36.3808
 EAMBER (non-restraint)  =     -6241.5485
 ESURF=        80.5122
 ------------------------------------------------------------------------------


 NSTEP =    55000   TIME(PS) =    1360.000  TEMP(K) =   300.90  PRESS =     0.0
 Etot   =     -3814.4953  EKtot   =      2469.5565  EPtot      =     -6284.0519
 BOND   =       610.0410  ANGLE   =      1653.1517  DIHED      =      2746.2392
 1-4 NB =       738.8403  1-4 EEL =     10091.3891  VDWAALS    =     -1620.2360
 EELEC  =    -16582.6483  EGB     =     -4034.6197  RESTRAINT  =        31.7966
 EAMBER (non-restraint)  =     -6315.8485
 ESURF=        81.9942
 ------------------------------------------------------------------------------


 NSTEP =    60000   TIME(PS) =    1370.000  TEMP(K) =   293.17  PRESS =     0.0
 Etot   =     -3765.2482  EKtot   =      2406.1096  EPtot      =     -6171.3578
 BOND   =       646.6295  ANGLE   =      1730.8581  DIHED      =      2741.2324
 1-4 NB =       722.9558  1-4 EEL =     10009.3103  VDWAALS    =     -1619.6546
 EELEC  =    -16495.2771  EGB     =     -4030.6610  RESTRAINT  =        39.5499
 EAMBER (non-restraint)  =     -6210.9076
 ESURF=        83.6990
 ------------------------------------------------------------------------------


 NSTEP =    65000   TIME(PS) =    1380.000  TEMP(K) =   305.11  PRESS =     0.0
 Etot   =     -3766.5513  EKtot   =      2504.1063  EPtot      =     -6270.6577
 BOND   =       632.0136  ANGLE   =      1641.3820  DIHED      =      2753.3332
 1-4 NB =       738.3994  1-4 EEL =     10051.5295  VDWAALS    =     -1650.0571
 EELEC  =    -16548.6601  EGB     =     -4002.5153  RESTRAINT  =        31.0056
 EAMBER (non-restraint)  =     -6301.6632
 ESURF=        82.9115
 ------------------------------------------------------------------------------


 NSTEP =    70000   TIME(PS) =    1390.000  TEMP(K) =   309.73  PRESS =     0.0
 Etot   =     -3663.9744  EKtot   =      2541.9614  EPtot      =     -6205.9358
 BOND   =       640.9263  ANGLE   =      1678.8721  DIHED      =      2729.4238
 1-4 NB =       751.5468  1-4 EEL =     10062.2957  VDWAALS    =     -1637.6190
 EELEC  =    -16557.4956  EGB     =     -3994.5937  RESTRAINT  =        39.1044
 EAMBER (non-restraint)  =     -6245.0402
 ESURF=        81.6035
 ------------------------------------------------------------------------------


 NSTEP =    75000   TIME(PS) =    1400.000  TEMP(K) =   305.61  PRESS =     0.0
 Etot   =     -3706.1245  EKtot   =      2508.1620  EPtot      =     -6214.2865
 BOND   =       659.7753  ANGLE   =      1656.5956  DIHED      =      2754.4130
 1-4 NB =       733.6636  1-4 EEL =     10027.1018  VDWAALS    =     -1641.8469
 EELEC  =    -16479.3377  EGB     =     -4052.5957  RESTRAINT  =        44.1900
 EAMBER (non-restraint)  =     -6258.4764
 ESURF=        83.7546
 ------------------------------------------------------------------------------


 NSTEP =    80000   TIME(PS) =    1410.000  TEMP(K) =   291.89  PRESS =     0.0
 Etot   =     -3779.0370  EKtot   =      2395.5554  EPtot      =     -6174.5924
 BOND   =       691.4859  ANGLE   =      1708.1000  DIHED      =      2735.4032
 1-4 NB =       734.1619  1-4 EEL =     10034.3672  VDWAALS    =     -1610.9688
 EELEC  =    -16582.8133  EGB     =     -4002.4600  RESTRAINT  =        36.7582
 EAMBER (non-restraint)  =     -6211.3506
 ESURF=        81.3734
 ------------------------------------------------------------------------------


 NSTEP =    85000   TIME(PS) =    1420.000  TEMP(K) =   295.99  PRESS =     0.0
 Etot   =     -3777.5611  EKtot   =      2429.2103  EPtot      =     -6206.7713
 BOND   =       665.8562  ANGLE   =      1697.5320  DIHED      =      2728.0068
 1-4 NB =       730.4698  1-4 EEL =      9993.3721  VDWAALS    =     -1608.5253
 EELEC  =    -16463.3875  EGB     =     -4067.3325  RESTRAINT  =        35.1043
 EAMBER (non-restraint)  =     -6241.8756
 ESURF=        82.1327
 ------------------------------------------------------------------------------


 NSTEP =    90000   TIME(PS) =    1430.000  TEMP(K) =   297.89  PRESS =     0.0
 Etot   =     -3704.0694  EKtot   =      2444.7976  EPtot      =     -6148.8670
 BOND   =       661.3111  ANGLE   =      1693.4156  DIHED      =      2766.3095
 1-4 NB =       713.0341  1-4 EEL =     10027.2027  VDWAALS    =     -1612.8884
 EELEC  =    -16317.1635  EGB     =     -4206.7039  RESTRAINT  =        39.2784
 EAMBER (non-restraint)  =     -6188.1454
 ESURF=        87.3375
 ------------------------------------------------------------------------------


 NSTEP =    95000   TIME(PS) =    1440.000  TEMP(K) =   300.35  PRESS =     0.0
 Etot   =     -3720.0376  EKtot   =      2464.9842  EPtot      =     -6185.0218
 BOND   =       610.5297  ANGLE   =      1764.7388  DIHED      =      2765.0225
 1-4 NB =       717.6574  1-4 EEL =     10050.4529  VDWAALS    =     -1648.5600
 EELEC  =    -16453.9083  EGB     =     -4111.2766  RESTRAINT  =        39.1898
 EAMBER (non-restraint)  =     -6224.2116
 ESURF=        81.1321
 ------------------------------------------------------------------------------


 NSTEP =   100000   TIME(PS) =    1450.000  TEMP(K) =   293.86  PRESS =     0.0
 Etot   =     -3652.3659  EKtot   =      2411.7786  EPtot      =     -6064.1446
 BOND   =       687.0772  ANGLE   =      1747.4801  DIHED      =      2763.0730
 1-4 NB =       739.9080  1-4 EEL =     10047.8702  VDWAALS    =     -1611.5821
 EELEC  =    -16268.7692  EGB     =     -4292.6411  RESTRAINT  =        36.7863
 EAMBER (non-restraint)  =     -6100.9309
 ESURF=        86.6531
 ------------------------------------------------------------------------------


 NSTEP =   105000   TIME(PS) =    1460.000  TEMP(K) =   300.31  PRESS =     0.0
 Etot   =     -3761.9514  EKtot   =      2464.6917  EPtot      =     -6226.6431
 BOND   =       604.7997  ANGLE   =      1671.0268  DIHED      =      2771.1853
 1-4 NB =       742.1082  1-4 EEL =     10094.8067  VDWAALS    =     -1638.7045
 EELEC  =    -16529.4874  EGB     =     -4064.5461  RESTRAINT  =        38.3718
 EAMBER (non-restraint)  =     -6265.0149
 ESURF=        83.7964
 ------------------------------------------------------------------------------


 NSTEP =   110000   TIME(PS) =    1470.000  TEMP(K) =   301.66  PRESS =     0.0
 Etot   =     -3707.4961  EKtot   =      2475.7404  EPtot      =     -6183.2365
 BOND   =       636.1777  ANGLE   =      1679.0678  DIHED      =      2767.7421
 1-4 NB =       752.4562  1-4 EEL =     10120.7900  VDWAALS    =     -1605.3788
 EELEC  =    -16618.2687  EGB     =     -4040.0009  RESTRAINT  =        38.3725
 EAMBER (non-restraint)  =     -6221.6090
 ESURF=        85.8057
 ------------------------------------------------------------------------------


 NSTEP =   115000   TIME(PS) =    1480.000  TEMP(K) =   296.84  PRESS =     0.0
 Etot   =     -3715.6517  EKtot   =      2436.2238  EPtot      =     -6151.8755
 BOND   =       647.9350  ANGLE   =      1677.1743  DIHED      =      2785.8709
 1-4 NB =       745.9337  1-4 EEL =     10141.2506  VDWAALS    =     -1636.3157
 EELEC  =    -16612.6562  EGB     =     -4030.1079  RESTRAINT  =        42.1862
 EAMBER (non-restraint)  =     -6194.0617
 ESURF=        86.8535
 ------------------------------------------------------------------------------


 NSTEP =   120000   TIME(PS) =    1490.000  TEMP(K) =   292.82  PRESS =     0.0
 Etot   =     -3724.4131  EKtot   =      2403.1849  EPtot      =     -6127.5979
 BOND   =       659.2064  ANGLE   =      1757.1112  DIHED      =      2750.5611
 1-4 NB =       729.8336  1-4 EEL =     10092.1851  VDWAALS    =     -1632.4047
 EELEC  =    -16510.2870  EGB     =     -4091.5510  RESTRAINT  =        35.2418
 EAMBER (non-restraint)  =     -6162.8398
 ESURF=        82.5056
 ------------------------------------------------------------------------------


 NSTEP =   125000   TIME(PS) =    1500.000  TEMP(K) =   297.62  PRESS =     0.0
 Etot   =     -3721.5582  EKtot   =      2442.6321  EPtot      =     -6164.1904
 BOND   =       594.5433  ANGLE   =      1734.7294  DIHED      =      2775.0811
 1-4 NB =       760.2449  1-4 EEL =     10040.7858  VDWAALS    =     -1618.7752
 EELEC  =    -16530.8231  EGB     =     -4047.6266  RESTRAINT  =        43.0605
 EAMBER (non-restraint)  =     -6207.2508
 ESURF=        84.5896
 ------------------------------------------------------------------------------


      A V E R A G E S   O V E R      25 S T E P S


 NSTEP =   125000   TIME(PS) =    1500.000  TEMP(K) =   299.50  PRESS =     0.0
 Etot   =     -3739.0957  EKtot   =      2458.0252  EPtot      =     -6197.1209
 BOND   =       641.6025  ANGLE   =      1691.7689  DIHED      =      2751.5305
 1-4 NB =       735.8088  1-4 EEL =     10058.9727  VDWAALS    =     -1627.7160
 EELEC  =    -16457.8800  EGB     =     -4111.5801  RESTRAINT  =        36.9843
 EAMBER (non-restraint)  =     -6234.1052
 ESURF=        83.3876
 ------------------------------------------------------------------------------


      R M S  F L U C T U A T I O N S


 NSTEP =   125000   TIME(PS) =    1500.000  TEMP(K) =     4.63  PRESS =     0.0
 Etot   =        45.8865  EKtot   =        38.0080  EPtot      =        52.2081
 BOND   =        24.2454  ANGLE   =        41.6398  DIHED      =        19.4094
 1-4 NB =        10.7184  1-4 EEL =        35.0392  VDWAALS    =        13.3770
 EELEC  =       102.7535  EGB     =        87.1362  RESTRAINT  =         4.0258
 EAMBER (non-restraint)  =        48.1824
 ESURF=         2.0344
 ------------------------------------------------------------------------------

--------------------------------------------------------------------------------
   5.  TIMINGS
--------------------------------------------------------------------------------

|  NonSetup CPU Time in Major Routines:
|
|     Routine           Sec        %
|     ------------------------------
|     Nonbond       44732.65   99.04
|     Bond              2.79    0.01
|     Angle            50.57    0.11
|     Dihedral        287.37    0.64
|     Shake            13.68    0.03
|     RunMD            79.71    0.18
|     Other             0.08    0.00
|     ------------------------------
|     Total         45166.86

|  Generalized Born CPU Time:
|
|     Routine                 Sec        %
|     ------------------------------------
|     Radii Calc           8934.04   19.78
|     Diagonal Calc       16701.79   36.98
|     Off Diagonal Calc   19077.24   42.24
|     GBSA LCPO Calc          0.16    0.00
|     ---------------------------------
|     Total               44713.08   99.00

|  Final Performance Info:
|     -----------------------------------------------------
|     Average timings for last       1 steps:
|     Elapsed(s) =       0.00 Per Step(ms) =       0.12
|         ns/day =    1490.08   seconds/ns =      57.98
|
|     Average timings for all steps:
|     Elapsed(s) =   45251.20 Per Step(ms) =     362.01
|         ns/day =       0.48   seconds/ns =  181004.81
|     -----------------------------------------------------

|  Setup CPU time:            0.05 seconds
|  NonSetup CPU time:     45166.86 seconds
|  Total CPU time:        45166.90 seconds    12.55 hours

|  Setup wall time:           0    seconds
|  NonSetup wall time:    45251    seconds
|  Total wall time:       45251    seconds    12.57 hours
