
          -------------------------------------------------------
          Amber 22 PMEMD                              2022
          -------------------------------------------------------

| PMEMD implementation of SANDER, Release 22

|  Compiled date/time: Thu Apr 14 23:36:37 2022
| Run on 12/31/2023 at 21:01:01

|   Executable path: pmemd
| Working directory: /home/arul/Reegina/MD_Sim/set2_group/1FHT_info
|          Hostname: Unknown
  [-O]verwriting output

File Assignments:
|   MDIN: heat.in                                                               
|  MDOUT: heat.out                                                              
| INPCRD: min_1FHT.rst7                                                         
|   PARM: 1FHT.hmass.parm7                                                      
| RESTRT: heat.rst7                                                             
|   REFC: min_1FHT.rst7                                                         
|  MDVEL: mdvel                                                                 
|   MDEN: mden                                                                  
|  MDCRD: heat.crd                                                              
| MDINFO: heat.info                                                             
|  MDFRC: mdfrc                                                                 


 Here is the input file:

&cntrl                                                                         
   ntx = 1,                                                                    
   ntwx = 5000,                                                                
   ntwe = 0,                                                                   
   ntwr = 500,                                                                 
   ntpr = 5000,                                                                
   ioutfm=0,                                                                   
   ntxo=1,                                                                     
   imin = 0,                                                                   
   nstlim = 500000,                                                            
   dt = 0.002,                                                                 
   ntt = 3,                                                                    
   gamma_ln=1.,                                                                
   temp0 = 100.0,                                                              
   nscm = 1000,                                                                
   ig = -1,                                                                    
   ntc= 2,                                                                     
   ntf = 2,                                                                    
   cut = 1000,                                                                 
   igb=8,                                                                      
   gbsa=3,                                                                     
   surften=0.007,                                                              
   ntb = 0,                                                                    
   saltcon=0.,                                                                 
   ntr=1,                                                                      
   restraintmask="@CA,N,C,O",                                                  
   restraint_wt=10.0,                                                          
   nmropt=1,                                                                   
 &end                                                                          
 &wt                                                                           
   TYPE="TEMP0", istep1=0, istep2=500000,                                      
   value1=100., value2=300.,                                                   
 &end                                                                          
 &wt                                                                           
   TYPE="END",                                                                 
 &end                                                                          


Note: ig = -1. Setting random seed to   783336 based on wallclock time in 
      microseconds.
| irandom = 1, using AMBER's internal random number generator (default).
 
| Conditional Compilation Defines Used:
| PUBFFT
| BINTRAJ
| EMIL

| New format PARM file being parsed.
| Version =    1.000 Date = 12/30/23 Time = 23:54:03

| Note: 1-4 EEL scale factors are being read from the topology file.

| Note: 1-4 VDW scale factors are being read from the topology file.
| INFO:    Reading atomic numbers from topology file.
| Duplicated    0 dihedrals

| Duplicated    0 dihedrals

--------------------------------------------------------------------------------
   1.  RESOURCE   USE: 
--------------------------------------------------------------------------------

 NATOM  =    1597 NTYPES =      14 NBONH =     815 MBONA  =     796
 NTHETH =    1858 MTHETA =    1067 NPHIH =    3667 MPHIA  =    3402
 NHPARM =       0 NPARM  =       0 NNB   =    8837 NRES   =      96
 NBONA  =     796 NTHETA =    1067 NPHIA =    3402 NUMBND =      56
 NUMANG =     130 NPTRA  =     161 NATYP =      28 NPHB   =       0
 IFBOX  =       0 NMXRS  =      24 IFCAP =       0 NEXTRA =       0
 NCOPY  =       0

 Implicit solvent radii are ArgH and AspGluO modified Bondi2 radii (mbondi3)                                
 Replacing prmtop screening parameters with GBn2 (igb=8) values
--------------------------------------------------------------------------------
   2.  CONTROL  DATA  FOR  THE  RUN
--------------------------------------------------------------------------------

default_name                                                                    

General flags:
     imin    =       0, nmropt  =       1

Nature and format of input:
     ntx     =       1, irest   =       0, ntrx    =       1

Nature and format of output:
     ntxo    =       1, ntpr    =    5000, ntrx    =       1, ntwr    =     500
     iwrap   =       0, ntwx    =    5000, ntwv    =       0, ntwe    =       0
     ioutfm  =       0, ntwprt  =       0, idecomp =       0, rbornstat=      0

Potential function:
     ntf     =       2, ntb     =       0, igb     =       8, nsnb    =      25
     ipol    =       0, gbsa    =       3, iesp    =       0
     dielc   =   1.00000, cut     =1000.00000, intdiel =   1.00000
     saltcon =   0.00000, offset  =   0.19514, surften =   0.00700
     rdt     =   0.00000, rgbmax  =  25.00000  extdiel =  78.50000
     alpb  =        0
     gbalphaH  =   0.78844, gbbetaH   =   0.79870,  gbgammaH  =    0.43733
     gbalphaC  =   0.73376, gbbetaC   =   0.50638,  gbgammaC  =    0.20584
     gbalphaN  =   0.50336, gbbetaN   =   0.31683,  gbgammaN  =    0.19292
     gbalphaOS =   0.86781, gbbetaOS  =   0.87664,  gbgammaOS =    0.38788
     gbalphaP  =   1.00000, gbbetaP   =   0.80000,  gbgammaP  =    4.85000
     gb_alpha_hnu  =   0.53705, gb_beta_hnu   =   0.36286,  gb_gamma_hnu  =    0.11670
     gb_alpha_cnu  =   0.33167, gb_beta_cnu   =   0.19684,  gb_gamma_cnu  =    0.09342
     gb_alpha_nnu  =   0.68631, gb_beta_nnu   =   0.46319,  gb_gamma_nnu  =    0.13872
     gb_alpha_onu  =   0.60634, gb_beta_onu   =   0.46301,  gb_gamma_onu  =    0.14226
     gb_alpha_pnu  =   0.41836, gb_beta_pnu   =   0.29005,  gb_gamma_pnu  =    0.10642

Frozen or restrained atoms:
     ibelly  =       0, ntr     =       1
     restraint_wt =  10.00000

Molecular dynamics:
     nstlim  =    500000, nscm    =         0, nrespa  =         1
     t       =   0.00000, dt      =   0.00200, vlimit  =  20.00000

Langevin dynamics temperature regulation:
     ig      =  783336
     temp0   = 100.00000, tempi   =   0.00000, gamma_ln=   1.00000

SHAKE:
     ntc     =       2, jfastw  =       0
     tol     =   0.00001

NMR refinement options:
     iscale  =       0, noeskp  =       1, ipnlty  =       1, mxsub   =       1
     scalm   = 100.00000, pencut  =   0.10000, tausw   =   0.10000

| Intermolecular bonds treatment:
|     no_intermolecular_bonds =       1

| Energy averages sample interval:
|     ene_avg_sampling =    5000

    LOADING THE CONSTRAINED ATOMS AS GROUPS


   5.  REFERENCE ATOM COORDINATES

  default_name                                                                    
     Mask @CA,N,C,O; matches   384 atoms

--------------------------------------------------------------------------------
   3.  ATOMIC COORDINATES AND VELOCITIES
--------------------------------------------------------------------------------

default_name                                                                    
 begin time read from input coords =     0.000 ps



           Begin reading energy term weight changes/NMR restraints
 WEIGHT CHANGES:
 TEMP0         0 500000  100.000000  300.000000      0      0

 RESTRAINTS:
                          ** No restraint defined **

                  Done reading weight changes/NMR restraints


 
 Number of triangulated 3-point waters found:        0
| Dynamic Memory, Types Used:
| Reals               55737
| Integers           190223

--------------------------------------------------------------------------------
   4.  RESULTS
--------------------------------------------------------------------------------


 NSTEP =        0   TIME(PS) =       0.000  TEMP(K) =     0.00  PRESS =     0.0
 Etot   =     -2730.2003  EKtot   =         0.0000  EPtot      =     -2730.2003
 BOND   =        61.3830  ANGLE   =       248.5171  DIHED      =      1297.3213
 1-4 NB =       366.2940  1-4 EEL =      4070.9470  VDWAALS    =      -688.7428
 EELEC  =     -5943.8140  EGB     =     -2170.1517  RESTRAINT  =         0.0000
 ESURF=        28.0459
 ------------------------------------------------------------------------------

 NMR restraints: Bond =    0.000   Angle =     0.000   Torsion =     0.000
===============================================================================

 NSTEP =     5000   TIME(PS) =      10.000  TEMP(K) =   102.79  PRESS =     0.0
 Etot   =     -2331.3424  EKtot   =       406.0826  EPtot      =     -2737.4250
 BOND   =       143.0319  ANGLE   =       388.8190  DIHED      =      1199.3435
 1-4 NB =       334.4199  1-4 EEL =      4061.4038  VDWAALS    =      -724.5540
 EELEC  =     -6110.5375  EGB     =     -2123.8923  RESTRAINT  =        59.6265
 EAMBER (non-restraint)  =     -2797.0516
 ESURF=        34.9141
 ------------------------------------------------------------------------------

 NMR restraints: Bond =    0.000   Angle =     0.000   Torsion =     0.000
===============================================================================

 NSTEP =    10000   TIME(PS) =      20.000  TEMP(K) =   100.37  PRESS =     0.0
 Etot   =     -2321.5654  EKtot   =       396.5193  EPtot      =     -2718.0847
 BOND   =       142.8619  ANGLE   =       427.9403  DIHED      =      1187.9135
 1-4 NB =       339.5228  1-4 EEL =      4066.3824  VDWAALS    =      -735.4920
 EELEC  =     -6083.8366  EGB     =     -2150.6097  RESTRAINT  =        53.2500
 EAMBER (non-restraint)  =     -2771.3348
 ESURF=        33.9826
 ------------------------------------------------------------------------------

 NMR restraints: Bond =    0.000   Angle =     0.000   Torsion =     0.000
===============================================================================

 NSTEP =    15000   TIME(PS) =      30.000  TEMP(K) =   109.23  PRESS =     0.0
 Etot   =     -2295.7837  EKtot   =       431.5066  EPtot      =     -2727.2903
 BOND   =       137.0211  ANGLE   =       415.6318  DIHED      =      1181.8717
 1-4 NB =       335.1495  1-4 EEL =      4076.8514  VDWAALS    =      -724.1779
 EELEC  =     -6106.4533  EGB     =     -2129.7963  RESTRAINT  =        52.9812
 EAMBER (non-restraint)  =     -2780.2715
 ESURF=        33.6304
 ------------------------------------------------------------------------------

 NMR restraints: Bond =    0.000   Angle =     0.000   Torsion =     0.000
===============================================================================

 NSTEP =    20000   TIME(PS) =      40.000  TEMP(K) =   104.58  PRESS =     0.0
 Etot   =     -2308.5357  EKtot   =       413.1643  EPtot      =     -2721.7000
 BOND   =       144.0761  ANGLE   =       420.6220  DIHED      =      1184.0603
 1-4 NB =       341.7917  1-4 EEL =      4053.0377  VDWAALS    =      -733.6670
 EELEC  =     -6127.0732  EGB     =     -2096.7034  RESTRAINT  =        58.9051
 EAMBER (non-restraint)  =     -2780.6051
 ESURF=        33.2506
 ------------------------------------------------------------------------------

 NMR restraints: Bond =    0.000   Angle =     0.000   Torsion =     0.000
===============================================================================

 NSTEP =    25000   TIME(PS) =      50.000  TEMP(K) =   107.82  PRESS =     0.0
 Etot   =     -2285.8127  EKtot   =       425.9483  EPtot      =     -2711.7611
 BOND   =       143.3955  ANGLE   =       442.4898  DIHED      =      1180.1028
 1-4 NB =       341.4399  1-4 EEL =      4073.7140  VDWAALS    =      -737.2339
 EELEC  =     -6122.7792  EGB     =     -2124.4972  RESTRAINT  =        57.6052
 EAMBER (non-restraint)  =     -2769.3663
 ESURF=        34.0022
 ------------------------------------------------------------------------------

 NMR restraints: Bond =    0.000   Angle =     0.000   Torsion =     0.000
===============================================================================

 NSTEP =    30000   TIME(PS) =      60.000  TEMP(K) =   114.55  PRESS =     0.0
 Etot   =     -2258.3785  EKtot   =       452.5211  EPtot      =     -2710.8996
 BOND   =       140.5966  ANGLE   =       422.2424  DIHED      =      1182.7909
 1-4 NB =       342.2854  1-4 EEL =      4063.2547  VDWAALS    =      -725.5449
 EELEC  =     -6119.6753  EGB     =     -2110.0622  RESTRAINT  =        59.9039
 EAMBER (non-restraint)  =     -2770.8035
 ESURF=        33.3088
 ------------------------------------------------------------------------------

 NMR restraints: Bond =    0.000   Angle =     0.000   Torsion =     0.000
===============================================================================

 NSTEP =    35000   TIME(PS) =      70.000  TEMP(K) =   115.64  PRESS =     0.0
 Etot   =     -2237.3352  EKtot   =       456.8417  EPtot      =     -2694.1769
 BOND   =       166.5723  ANGLE   =       430.0989  DIHED      =      1182.2865
 1-4 NB =       335.3597  1-4 EEL =      4045.2029  VDWAALS    =      -730.3226
 EELEC  =     -6115.0046  EGB     =     -2103.1904  RESTRAINT  =        60.8305
 EAMBER (non-restraint)  =     -2755.0074
 ESURF=        33.9898
 ------------------------------------------------------------------------------

 NMR restraints: Bond =    0.000   Angle =     0.000   Torsion =     0.000
===============================================================================

 NSTEP =    40000   TIME(PS) =      80.000  TEMP(K) =   119.12  PRESS =     0.0
 Etot   =     -2197.0574  EKtot   =       470.5807  EPtot      =     -2667.6380
 BOND   =       153.2166  ANGLE   =       452.0800  DIHED      =      1182.1947
 1-4 NB =       343.5010  1-4 EEL =      4062.6340  VDWAALS    =      -727.8465
 EELEC  =     -6116.1034  EGB     =     -2113.2397  RESTRAINT  =        62.3717
 EAMBER (non-restraint)  =     -2730.0098
 ESURF=        33.5536
 ------------------------------------------------------------------------------

 NMR restraints: Bond =    0.000   Angle =     0.000   Torsion =     0.000
===============================================================================

 NSTEP =    45000   TIME(PS) =      90.000  TEMP(K) =   116.99  PRESS =     0.0
 Etot   =     -2213.8384  EKtot   =       462.1641  EPtot      =     -2676.0026
 BOND   =       150.5443  ANGLE   =       448.2919  DIHED      =      1187.1226
 1-4 NB =       340.2486  1-4 EEL =      4072.5142  VDWAALS    =      -731.3452
 EELEC  =     -6131.7898  EGB     =     -2103.3259  RESTRAINT  =        57.8868
 EAMBER (non-restraint)  =     -2733.8893
 ESURF=        33.8499
 ------------------------------------------------------------------------------

 NMR restraints: Bond =    0.000   Angle =     0.000   Torsion =     0.000
===============================================================================

 NSTEP =    50000   TIME(PS) =     100.000  TEMP(K) =   119.82  PRESS =     0.0
 Etot   =     -2196.3614  EKtot   =       473.3438  EPtot      =     -2669.7052
 BOND   =       155.6871  ANGLE   =       436.3202  DIHED      =      1195.9285
 1-4 NB =       338.1669  1-4 EEL =      4056.3806  VDWAALS    =      -723.5446
 EELEC  =     -6112.4742  EGB     =     -2114.0128  RESTRAINT  =        63.1151
 EAMBER (non-restraint)  =     -2732.8203
 ESURF=        34.7280
 ------------------------------------------------------------------------------

 NMR restraints: Bond =    0.000   Angle =     0.000   Torsion =     0.000
===============================================================================

 NSTEP =    55000   TIME(PS) =     110.000  TEMP(K) =   120.47  PRESS =     0.0
 Etot   =     -2197.2698  EKtot   =       475.9268  EPtot      =     -2673.1965
 BOND   =       153.8713  ANGLE   =       451.6430  DIHED      =      1191.9518
 1-4 NB =       339.9715  1-4 EEL =      4069.0108  VDWAALS    =      -727.9550
 EELEC  =     -6117.0982  EGB     =     -2125.7376  RESTRAINT  =        55.6072
 EAMBER (non-restraint)  =     -2728.8037
 ESURF=        35.5386
 ------------------------------------------------------------------------------

 NMR restraints: Bond =    0.000   Angle =     0.000   Torsion =     0.000
===============================================================================

 NSTEP =    60000   TIME(PS) =     120.000  TEMP(K) =   118.31  PRESS =     0.0
 Etot   =     -2191.2183  EKtot   =       467.3826  EPtot      =     -2658.6008
 BOND   =       162.5199  ANGLE   =       448.2563  DIHED      =      1189.6285
 1-4 NB =       343.4502  1-4 EEL =      4061.8445  VDWAALS    =      -719.8966
 EELEC  =     -6120.8598  EGB     =     -2117.8750  RESTRAINT  =        60.5116
 EAMBER (non-restraint)  =     -2719.1124
 ESURF=        33.8196
 ------------------------------------------------------------------------------

 NMR restraints: Bond =    0.000   Angle =     0.000   Torsion =     0.000
===============================================================================

 NSTEP =    65000   TIME(PS) =     130.000  TEMP(K) =   124.54  PRESS =     0.0
 Etot   =     -2136.5970  EKtot   =       492.0159  EPtot      =     -2628.6129
 BOND   =       172.4114  ANGLE   =       466.7459  DIHED      =      1196.6001
 1-4 NB =       351.1229  1-4 EEL =      4051.4847  VDWAALS    =      -723.7188
 EELEC  =     -6127.9821  EGB     =     -2110.6182  RESTRAINT  =        59.9636
 EAMBER (non-restraint)  =     -2688.5765
 ESURF=        35.3776
 ------------------------------------------------------------------------------

 NMR restraints: Bond =    0.000   Angle =     0.000   Torsion =     0.000
===============================================================================

 NSTEP =    70000   TIME(PS) =     140.000  TEMP(K) =   128.32  PRESS =     0.0
 Etot   =     -2133.0373  EKtot   =       506.9141  EPtot      =     -2639.9514
 BOND   =       165.0024  ANGLE   =       461.0578  DIHED      =      1199.1630
 1-4 NB =       333.8996  1-4 EEL =      4042.5598  VDWAALS    =      -733.6357
 EELEC  =     -6140.0731  EGB     =     -2071.2776  RESTRAINT  =        68.4147
 EAMBER (non-restraint)  =     -2708.3662
 ESURF=        34.9375
 ------------------------------------------------------------------------------

 NMR restraints: Bond =    0.000   Angle =     0.000   Torsion =     0.000
===============================================================================

 NSTEP =    75000   TIME(PS) =     150.000  TEMP(K) =   126.50  PRESS =     0.0
 Etot   =     -2162.9841  EKtot   =       499.7622  EPtot      =     -2662.7463
 BOND   =       165.8430  ANGLE   =       449.3868  DIHED      =      1184.0519
 1-4 NB =       332.8416  1-4 EEL =      4070.5769  VDWAALS    =      -725.6072
 EELEC  =     -6137.2256  EGB     =     -2099.5044  RESTRAINT  =        62.6928
 EAMBER (non-restraint)  =     -2725.4391
 ESURF=        34.1980
 ------------------------------------------------------------------------------

 NMR restraints: Bond =    0.000   Angle =     0.000   Torsion =     0.000
===============================================================================

 NSTEP =    80000   TIME(PS) =     160.000  TEMP(K) =   134.05  PRESS =     0.0
 Etot   =     -2078.0399  EKtot   =       529.5867  EPtot      =     -2607.6266
 BOND   =       171.6180  ANGLE   =       476.9458  DIHED      =      1193.4271
 1-4 NB =       345.1251  1-4 EEL =      4063.7793  VDWAALS    =      -724.6069
 EELEC  =     -6140.7795  EGB     =     -2087.0715  RESTRAINT  =        59.0786
 EAMBER (non-restraint)  =     -2666.7052
 ESURF=        34.8574
 ------------------------------------------------------------------------------

 NMR restraints: Bond =    0.000   Angle =     0.000   Torsion =     0.000
===============================================================================

 NSTEP =    85000   TIME(PS) =     170.000  TEMP(K) =   137.48  PRESS =     0.0
 Etot   =     -2074.6566  EKtot   =       543.1273  EPtot      =     -2617.7840
 BOND   =       185.4134  ANGLE   =       476.9189  DIHED      =      1185.7157
 1-4 NB =       335.6274  1-4 EEL =      4063.4638  VDWAALS    =      -715.9412
 EELEC  =     -6147.6041  EGB     =     -2102.7334  RESTRAINT  =        66.9446
 EAMBER (non-restraint)  =     -2684.7286
 ESURF=        34.4110
 ------------------------------------------------------------------------------

 NMR restraints: Bond =    0.000   Angle =     0.000   Torsion =     0.000
===============================================================================

 NSTEP =    90000   TIME(PS) =     180.000  TEMP(K) =   128.44  PRESS =     0.0
 Etot   =     -2084.1005  EKtot   =       507.4079  EPtot      =     -2591.5084
 BOND   =       179.1157  ANGLE   =       493.3152  DIHED      =      1196.9913
 1-4 NB =       340.1942  1-4 EEL =      4082.9480  VDWAALS    =      -716.1196
 EELEC  =     -6188.5611  EGB     =     -2079.6313  RESTRAINT  =        66.4205
 EAMBER (non-restraint)  =     -2657.9289
 ESURF=        33.8187
 ------------------------------------------------------------------------------

 NMR restraints: Bond =    0.000   Angle =     0.000   Torsion =     0.000
===============================================================================

 NSTEP =    95000   TIME(PS) =     190.000  TEMP(K) =   139.57  PRESS =     0.0
 Etot   =     -2060.8346  EKtot   =       551.3949  EPtot      =     -2612.2295
 BOND   =       156.9894  ANGLE   =       478.3785  DIHED      =      1198.5483
 1-4 NB =       344.8814  1-4 EEL =      4060.0081  VDWAALS    =      -719.3194
 EELEC  =     -6130.0107  EGB     =     -2108.6700  RESTRAINT  =        72.1322
 EAMBER (non-restraint)  =     -2684.3616
 ESURF=        34.8328
 ------------------------------------------------------------------------------

 NMR restraints: Bond =    0.000   Angle =     0.000   Torsion =     0.000
===============================================================================

 NSTEP =   100000   TIME(PS) =     200.000  TEMP(K) =   139.97  PRESS =     0.0
 Etot   =     -2044.4647  EKtot   =       552.9536  EPtot      =     -2597.4183
 BOND   =       175.1740  ANGLE   =       489.8046  DIHED      =      1181.6419
 1-4 NB =       342.8171  1-4 EEL =      4050.2105  VDWAALS    =      -724.9482
 EELEC  =     -6100.9737  EGB     =     -2119.9254  RESTRAINT  =        74.1065
 EAMBER (non-restraint)  =     -2671.5249
 ESURF=        34.6742
 ------------------------------------------------------------------------------

 NMR restraints: Bond =    0.000   Angle =     0.000   Torsion =     0.000
===============================================================================

 NSTEP =   105000   TIME(PS) =     210.000  TEMP(K) =   142.51  PRESS =     0.0
 Etot   =     -2007.9606  EKtot   =       562.9776  EPtot      =     -2570.9383
 BOND   =       189.7765  ANGLE   =       485.5235  DIHED      =      1201.8530
 1-4 NB =       341.6394  1-4 EEL =      4035.9613  VDWAALS    =      -730.2274
 EELEC  =     -6025.1936  EGB     =     -2172.5810  RESTRAINT  =        67.4266
 EAMBER (non-restraint)  =     -2638.3649
 ESURF=        34.8835
 ------------------------------------------------------------------------------

 NMR restraints: Bond =    0.000   Angle =     0.000   Torsion =     0.000
===============================================================================

 NSTEP =   110000   TIME(PS) =     220.000  TEMP(K) =   143.91  PRESS =     0.0
 Etot   =     -2018.2933  EKtot   =       568.5410  EPtot      =     -2586.8343
 BOND   =       175.7653  ANGLE   =       484.6984  DIHED      =      1211.6625
 1-4 NB =       339.1880  1-4 EEL =      4070.3749  VDWAALS    =      -717.2453
 EELEC  =     -6163.7964  EGB     =     -2084.3348  RESTRAINT  =        64.1809
 EAMBER (non-restraint)  =     -2651.0153
 ESURF=        32.6721
 ------------------------------------------------------------------------------

 NMR restraints: Bond =    0.000   Angle =     0.000   Torsion =     0.000
===============================================================================

 NSTEP =   115000   TIME(PS) =     230.000  TEMP(K) =   145.42  PRESS =     0.0
 Etot   =     -1987.0742  EKtot   =       574.4700  EPtot      =     -2561.5441
 BOND   =       176.4248  ANGLE   =       532.0777  DIHED      =      1201.5246
 1-4 NB =       339.6876  1-4 EEL =      4065.6981  VDWAALS    =      -719.6076
 EELEC  =     -6195.6245  EGB     =     -2065.8640  RESTRAINT  =        70.3137
 EAMBER (non-restraint)  =     -2631.8578
 ESURF=        33.8254
 ------------------------------------------------------------------------------

 NMR restraints: Bond =    0.000   Angle =     0.000   Torsion =     0.000
===============================================================================

 NSTEP =   120000   TIME(PS) =     240.000  TEMP(K) =   150.61  PRESS =     0.0
 Etot   =     -1962.0111  EKtot   =       594.9759  EPtot      =     -2556.9869
 BOND   =       173.2066  ANGLE   =       523.0760  DIHED      =      1190.2137
 1-4 NB =       341.0693  1-4 EEL =      4047.5735  VDWAALS    =      -721.7133
 EELEC  =     -6141.4438  EGB     =     -2083.7182  RESTRAINT  =        79.5870
 EAMBER (non-restraint)  =     -2636.5739
 ESURF=        35.1622
 ------------------------------------------------------------------------------

 NMR restraints: Bond =    0.000   Angle =     0.000   Torsion =     0.000
===============================================================================

 NSTEP =   125000   TIME(PS) =     250.000  TEMP(K) =   154.52  PRESS =     0.0
 Etot   =     -1964.7092  EKtot   =       610.4361  EPtot      =     -2575.1453
 BOND   =       187.2957  ANGLE   =       499.3183  DIHED      =      1197.4059
 1-4 NB =       345.3324  1-4 EEL =      4061.3137  VDWAALS    =      -714.1544
 EELEC  =     -6193.6517  EGB     =     -2062.9216  RESTRAINT  =        70.6465
 EAMBER (non-restraint)  =     -2645.7918
 ESURF=        34.2700
 ------------------------------------------------------------------------------

 NMR restraints: Bond =    0.000   Angle =     0.000   Torsion =     0.000
===============================================================================

 NSTEP =   130000   TIME(PS) =     260.000  TEMP(K) =   150.10  PRESS =     0.0
 Etot   =     -1936.0589  EKtot   =       592.9600  EPtot      =     -2529.0189
 BOND   =       173.6561  ANGLE   =       529.5585  DIHED      =      1197.9166
 1-4 NB =       351.2727  1-4 EEL =      4063.8470  VDWAALS    =      -704.3902
 EELEC  =     -6158.1298  EGB     =     -2096.4010  RESTRAINT  =        79.3224
 EAMBER (non-restraint)  =     -2608.3413
 ESURF=        34.3288
 ------------------------------------------------------------------------------

 NMR restraints: Bond =    0.000   Angle =     0.000   Torsion =     0.000
===============================================================================

 NSTEP =   135000   TIME(PS) =     270.000  TEMP(K) =   146.70  PRESS =     0.0
 Etot   =     -1953.9870  EKtot   =       579.5445  EPtot      =     -2533.5316
 BOND   =       181.1367  ANGLE   =       519.8309  DIHED      =      1205.0672
 1-4 NB =       345.1053  1-4 EEL =      4067.9940  VDWAALS    =      -717.8770
 EELEC  =     -6144.2830  EGB     =     -2100.9352  RESTRAINT  =        75.3935
 EAMBER (non-restraint)  =     -2608.9250
 ESURF=        35.0360
 ------------------------------------------------------------------------------

 NMR restraints: Bond =    0.000   Angle =     0.000   Torsion =     0.000
===============================================================================

 NSTEP =   140000   TIME(PS) =     280.000  TEMP(K) =   150.45  PRESS =     0.0
 Etot   =     -1948.9497  EKtot   =       594.3729  EPtot      =     -2543.3225
 BOND   =       173.7767  ANGLE   =       539.6820  DIHED      =      1199.6064
 1-4 NB =       342.9674  1-4 EEL =      4069.3018  VDWAALS    =      -712.4500
 EELEC  =     -6198.5074  EGB     =     -2065.3452  RESTRAINT  =        72.4624
 EAMBER (non-restraint)  =     -2615.7849
 ESURF=        35.1833
 ------------------------------------------------------------------------------

 NMR restraints: Bond =    0.000   Angle =     0.000   Torsion =     0.000
===============================================================================

 NSTEP =   145000   TIME(PS) =     290.000  TEMP(K) =   155.29  PRESS =     0.0
 Etot   =     -1920.3726  EKtot   =       613.4628  EPtot      =     -2533.8354
 BOND   =       196.0921  ANGLE   =       519.1069  DIHED      =      1207.9314
 1-4 NB =       346.8263  1-4 EEL =      4052.9409  VDWAALS    =      -723.1996
 EELEC  =     -6235.3489  EGB     =     -2003.5890  RESTRAINT  =        72.0736
 EAMBER (non-restraint)  =     -2605.9090
 ESURF=        33.3308
 ------------------------------------------------------------------------------

 NMR restraints: Bond =    0.000   Angle =     0.000   Torsion =     0.000
===============================================================================

 NSTEP =   150000   TIME(PS) =     300.000  TEMP(K) =   165.05  PRESS =     0.0
 Etot   =     -1830.5569  EKtot   =       652.0211  EPtot      =     -2482.5779
 BOND   =       201.7718  ANGLE   =       546.0941  DIHED      =      1208.2413
 1-4 NB =       342.2693  1-4 EEL =      4042.7105  VDWAALS    =      -707.5822
 EELEC  =     -6227.0343  EGB     =     -2007.5669  RESTRAINT  =        84.3306
 EAMBER (non-restraint)  =     -2566.9085
 ESURF=        34.1878
 ------------------------------------------------------------------------------

 NMR restraints: Bond =    0.000   Angle =     0.000   Torsion =     0.000
===============================================================================

 NSTEP =   155000   TIME(PS) =     310.000  TEMP(K) =   163.99  PRESS =     0.0
 Etot   =     -1855.0814  EKtot   =       647.8547  EPtot      =     -2502.9361
 BOND   =       193.1640  ANGLE   =       567.4798  DIHED      =      1213.5672
 1-4 NB =       344.6253  1-4 EEL =      4051.0738  VDWAALS    =      -719.1516
 EELEC  =     -6272.7630  EGB     =     -1984.1551  RESTRAINT  =        69.0354
 EAMBER (non-restraint)  =     -2571.9715
 ESURF=        34.1882
 ------------------------------------------------------------------------------

 NMR restraints: Bond =    0.000   Angle =     0.000   Torsion =     0.000
===============================================================================

 NSTEP =   160000   TIME(PS) =     320.000  TEMP(K) =   161.51  PRESS =     0.0
 Etot   =     -1858.7689  EKtot   =       638.0426  EPtot      =     -2496.8114
 BOND   =       202.7260  ANGLE   =       537.8970  DIHED      =      1216.1517
 1-4 NB =       341.8450  1-4 EEL =      4069.5317  VDWAALS    =      -717.0351
 EELEC  =     -6270.3042  EGB     =     -1994.8739  RESTRAINT  =        84.0803
 EAMBER (non-restraint)  =     -2580.8918
 ESURF=        33.1703
 ------------------------------------------------------------------------------

 NMR restraints: Bond =    0.000   Angle =     0.000   Torsion =     0.000
===============================================================================

 NSTEP =   165000   TIME(PS) =     330.000  TEMP(K) =   163.14  PRESS =     0.0
 Etot   =     -1849.4320  EKtot   =       644.4847  EPtot      =     -2493.9167
 BOND   =       183.0172  ANGLE   =       554.8737  DIHED      =      1209.4263
 1-4 NB =       341.9230  1-4 EEL =      4064.0192  VDWAALS    =      -719.1966
 EELEC  =     -6203.5443  EGB     =     -2033.5643  RESTRAINT  =        74.9822
 EAMBER (non-restraint)  =     -2568.8989
 ESURF=        34.1470
 ------------------------------------------------------------------------------

 NMR restraints: Bond =    0.000   Angle =     0.000   Torsion =     0.000
===============================================================================

 NSTEP =   170000   TIME(PS) =     340.000  TEMP(K) =   170.44  PRESS =     0.0
 Etot   =     -1819.3033  EKtot   =       673.3284  EPtot      =     -2492.6317
 BOND   =       187.1824  ANGLE   =       544.2117  DIHED      =      1213.1829
 1-4 NB =       341.5529  1-4 EEL =      4057.2509  VDWAALS    =      -701.6953
 EELEC  =     -6231.4681  EGB     =     -2014.1200  RESTRAINT  =        75.7190
 EAMBER (non-restraint)  =     -2568.3507
 ESURF=        35.5518
 ------------------------------------------------------------------------------

 NMR restraints: Bond =    0.000   Angle =     0.000   Torsion =     0.000
===============================================================================

 NSTEP =   175000   TIME(PS) =     350.000  TEMP(K) =   164.32  PRESS =     0.0
 Etot   =     -1841.4166  EKtot   =       649.1498  EPtot      =     -2490.5664
 BOND   =       204.1129  ANGLE   =       523.7249  DIHED      =      1218.6734
 1-4 NB =       339.8612  1-4 EEL =      4050.2582  VDWAALS    =      -707.2832
 EELEC  =     -6218.9285  EGB     =     -2016.0118  RESTRAINT  =        80.2837
 EAMBER (non-restraint)  =     -2570.8500
 ESURF=        34.7427
 ------------------------------------------------------------------------------

 NMR restraints: Bond =    0.000   Angle =     0.000   Torsion =     0.000
===============================================================================

 NSTEP =   180000   TIME(PS) =     360.000  TEMP(K) =   173.86  PRESS =     0.0
 Etot   =     -1783.3476  EKtot   =       686.8357  EPtot      =     -2470.1833
 BOND   =       201.2440  ANGLE   =       564.8111  DIHED      =      1220.9897
 1-4 NB =       344.3197  1-4 EEL =      4067.9047  VDWAALS    =      -711.1031
 EELEC  =     -6250.7234  EGB     =     -2009.9230  RESTRAINT  =        67.8125
 EAMBER (non-restraint)  =     -2537.9958
 ESURF=        34.4845
 ------------------------------------------------------------------------------

 NMR restraints: Bond =    0.000   Angle =     0.000   Torsion =     0.000
===============================================================================

 NSTEP =   185000   TIME(PS) =     370.000  TEMP(K) =   173.93  PRESS =     0.0
 Etot   =     -1762.9568  EKtot   =       687.1051  EPtot      =     -2450.0619
 BOND   =       214.3363  ANGLE   =       567.4197  DIHED      =      1199.1440
 1-4 NB =       344.2885  1-4 EEL =      4071.5037  VDWAALS    =      -699.6409
 EELEC  =     -6243.0091  EGB     =     -2012.3852  RESTRAINT  =        75.1669
 EAMBER (non-restraint)  =     -2525.2288
 ESURF=        33.1141
 ------------------------------------------------------------------------------

 NMR restraints: Bond =    0.000   Angle =     0.000   Torsion =     0.000
===============================================================================

 NSTEP =   190000   TIME(PS) =     380.000  TEMP(K) =   176.27  PRESS =     0.0
 Etot   =     -1765.5052  EKtot   =       696.3531  EPtot      =     -2461.8583
 BOND   =       202.4160  ANGLE   =       550.0872  DIHED      =      1207.1374
 1-4 NB =       344.3178  1-4 EEL =      4065.8088  VDWAALS    =      -711.0002
 EELEC  =     -6181.8457  EGB     =     -2052.0967  RESTRAINT  =        79.6847
 EAMBER (non-restraint)  =     -2541.5430
 ESURF=        33.6324
 ------------------------------------------------------------------------------

 NMR restraints: Bond =    0.000   Angle =     0.000   Torsion =     0.000
===============================================================================

 NSTEP =   195000   TIME(PS) =     390.000  TEMP(K) =   179.90  PRESS =     0.0
 Etot   =     -1753.6511  EKtot   =       710.7126  EPtot      =     -2464.3636
 BOND   =       203.5814  ANGLE   =       567.9976  DIHED      =      1209.4161
 1-4 NB =       346.3337  1-4 EEL =      4064.0482  VDWAALS    =      -706.3670
 EELEC  =     -6261.9858  EGB     =     -2013.1564  RESTRAINT  =        90.5122
 EAMBER (non-restraint)  =     -2554.8759
 ESURF=        35.2564
 ------------------------------------------------------------------------------

 NMR restraints: Bond =    0.000   Angle =     0.000   Torsion =     0.000
===============================================================================

 NSTEP =   200000   TIME(PS) =     400.000  TEMP(K) =   180.51  PRESS =     0.0
 Etot   =     -1741.5757  EKtot   =       713.0989  EPtot      =     -2454.6746
 BOND   =       207.7898  ANGLE   =       565.6986  DIHED      =      1197.7533
 1-4 NB =       346.1290  1-4 EEL =      4090.3022  VDWAALS    =      -701.6169
 EELEC  =     -6229.4998  EGB     =     -2042.3417  RESTRAINT  =        75.4650
 EAMBER (non-restraint)  =     -2530.1396
 ESURF=        35.6458
 ------------------------------------------------------------------------------

 NMR restraints: Bond =    0.000   Angle =     0.000   Torsion =     0.000
===============================================================================

 NSTEP =   205000   TIME(PS) =     410.000  TEMP(K) =   183.79  PRESS =     0.0
 Etot   =     -1727.3382  EKtot   =       726.0522  EPtot      =     -2453.3903
 BOND   =       195.2511  ANGLE   =       597.7167  DIHED      =      1207.2016
 1-4 NB =       338.0173  1-4 EEL =      4048.4310  VDWAALS    =      -707.4233
 EELEC  =     -6227.2432  EGB     =     -2023.9272  RESTRAINT  =        83.4478
 EAMBER (non-restraint)  =     -2536.8382
 ESURF=        35.1378
 ------------------------------------------------------------------------------

 NMR restraints: Bond =    0.000   Angle =     0.000   Torsion =     0.000
===============================================================================

 NSTEP =   210000   TIME(PS) =     420.000  TEMP(K) =   178.83  PRESS =     0.0
 Etot   =     -1739.3216  EKtot   =       706.4791  EPtot      =     -2445.8007
 BOND   =       186.2998  ANGLE   =       583.0462  DIHED      =      1212.2874
 1-4 NB =       342.5083  1-4 EEL =      4058.6552  VDWAALS    =      -724.3887
 EELEC  =     -6158.6160  EGB     =     -2054.0597  RESTRAINT  =        73.7838
 EAMBER (non-restraint)  =     -2519.5845
 ESURF=        34.6829
 ------------------------------------------------------------------------------

 NMR restraints: Bond =    0.000   Angle =     0.000   Torsion =     0.000
===============================================================================

 NSTEP =   215000   TIME(PS) =     430.000  TEMP(K) =   187.92  PRESS =     0.0
 Etot   =     -1681.6667  EKtot   =       742.3975  EPtot      =     -2424.0642
 BOND   =       215.1745  ANGLE   =       590.7729  DIHED      =      1206.5415
 1-4 NB =       342.1058  1-4 EEL =      4077.2394  VDWAALS    =      -701.5871
 EELEC  =     -6236.5294  EGB     =     -2029.0547  RESTRAINT  =        75.9629
 EAMBER (non-restraint)  =     -2500.0271
 ESURF=        35.3101
 ------------------------------------------------------------------------------

 NMR restraints: Bond =    0.000   Angle =     0.000   Torsion =     0.000
===============================================================================

 NSTEP =   220000   TIME(PS) =     440.000  TEMP(K) =   198.27  PRESS =     0.0
 Etot   =     -1652.4844  EKtot   =       783.2710  EPtot      =     -2435.7554
 BOND   =       205.0696  ANGLE   =       576.2933  DIHED      =      1209.3591
 1-4 NB =       346.2642  1-4 EEL =      4023.8273  VDWAALS    =      -701.8618
 EELEC  =     -6150.3362  EGB     =     -2064.3391  RESTRAINT  =        84.1849
 EAMBER (non-restraint)  =     -2519.9403
 ESURF=        35.7832
 ------------------------------------------------------------------------------

 NMR restraints: Bond =    0.000   Angle =     0.000   Torsion =     0.000
===============================================================================

 NSTEP =   225000   TIME(PS) =     450.000  TEMP(K) =   190.62  PRESS =     0.0
 Etot   =     -1633.0430  EKtot   =       753.0615  EPtot      =     -2386.1045
 BOND   =       221.6175  ANGLE   =       591.7693  DIHED      =      1207.8187
 1-4 NB =       352.0072  1-4 EEL =      4060.5584  VDWAALS    =      -711.4299
 EELEC  =     -6201.8897  EGB     =     -2029.9712  RESTRAINT  =        88.7300
 EAMBER (non-restraint)  =     -2474.8345
 ESURF=        34.6853
 ------------------------------------------------------------------------------

 NMR restraints: Bond =    0.000   Angle =     0.000   Torsion =     0.000
===============================================================================

 NSTEP =   230000   TIME(PS) =     460.000  TEMP(K) =   191.83  PRESS =     0.0
 Etot   =     -1656.0770  EKtot   =       757.8193  EPtot      =     -2413.8962
 BOND   =       208.9270  ANGLE   =       596.7098  DIHED      =      1209.1527
 1-4 NB =       352.9651  1-4 EEL =      4029.3985  VDWAALS    =      -706.7210
 EELEC  =     -6221.4428  EGB     =     -2006.1870  RESTRAINT  =        88.7331
 EAMBER (non-restraint)  =     -2502.6294
 ESURF=        34.5683
 ------------------------------------------------------------------------------

 NMR restraints: Bond =    0.000   Angle =     0.000   Torsion =     0.000
===============================================================================

 NSTEP =   235000   TIME(PS) =     470.000  TEMP(K) =   191.44  PRESS =     0.0
 Etot   =     -1635.4029  EKtot   =       756.2799  EPtot      =     -2391.6827
 BOND   =       218.2659  ANGLE   =       607.1193  DIHED      =      1215.9948
 1-4 NB =       342.0560  1-4 EEL =      4046.1802  VDWAALS    =      -699.0075
 EELEC  =     -6198.1947  EGB     =     -2030.2205  RESTRAINT  =        70.9875
 EAMBER (non-restraint)  =     -2462.6703
 ESURF=        35.1363
 ------------------------------------------------------------------------------

 NMR restraints: Bond =    0.000   Angle =     0.000   Torsion =     0.000
===============================================================================

 NSTEP =   240000   TIME(PS) =     480.000  TEMP(K) =   196.61  PRESS =     0.0
 Etot   =     -1560.5584  EKtot   =       776.6957  EPtot      =     -2337.2540
 BOND   =       235.8793  ANGLE   =       626.5812  DIHED      =      1224.1312
 1-4 NB =       358.7420  1-4 EEL =      4068.9445  VDWAALS    =      -701.6832
 EELEC  =     -6270.0783  EGB     =     -1994.1309  RESTRAINT  =        79.5306
 EAMBER (non-restraint)  =     -2416.7847
 ESURF=        34.8296
 ------------------------------------------------------------------------------

 NMR restraints: Bond =    0.000   Angle =     0.000   Torsion =     0.000
===============================================================================

 NSTEP =   245000   TIME(PS) =     490.000  TEMP(K) =   203.51  PRESS =     0.0
 Etot   =     -1569.0968  EKtot   =       803.9633  EPtot      =     -2373.0601
 BOND   =       214.9005  ANGLE   =       628.6501  DIHED      =      1210.0452
 1-4 NB =       339.2346  1-4 EEL =      4015.8959  VDWAALS    =      -703.1281
 EELEC  =     -6236.2543  EGB     =     -1962.9849  RESTRAINT  =        87.0972
 EAMBER (non-restraint)  =     -2460.1573
 ESURF=        33.4837
 ------------------------------------------------------------------------------

 NMR restraints: Bond =    0.000   Angle =     0.000   Torsion =     0.000
===============================================================================

 NSTEP =   250000   TIME(PS) =     500.000  TEMP(K) =   201.25  PRESS =     0.0
 Etot   =     -1556.7542  EKtot   =       795.0645  EPtot      =     -2351.8187
 BOND   =       211.9560  ANGLE   =       621.4336  DIHED      =      1227.6160
 1-4 NB =       354.2036  1-4 EEL =      4031.9225  VDWAALS    =      -707.7870
 EELEC  =     -6176.1094  EGB     =     -2032.7851  RESTRAINT  =        82.3778
 EAMBER (non-restraint)  =     -2434.1965
 ESURF=        35.3532
 ------------------------------------------------------------------------------

 NMR restraints: Bond =    0.000   Angle =     0.000   Torsion =     0.000
===============================================================================

 NSTEP =   255000   TIME(PS) =     510.000  TEMP(K) =   198.63  PRESS =     0.0
 Etot   =     -1577.1424  EKtot   =       784.6820  EPtot      =     -2361.8243
 BOND   =       236.1897  ANGLE   =       604.1522  DIHED      =      1221.6645
 1-4 NB =       344.2682  1-4 EEL =      4044.2728  VDWAALS    =      -709.5231
 EELEC  =     -6242.7332  EGB     =     -1983.3953  RESTRAINT  =        87.8241
 EAMBER (non-restraint)  =     -2449.6484
 ESURF=        35.4557
 ------------------------------------------------------------------------------

 NMR restraints: Bond =    0.000   Angle =     0.000   Torsion =     0.000
===============================================================================

 NSTEP =   260000   TIME(PS) =     520.000  TEMP(K) =   206.36  PRESS =     0.0
 Etot   =     -1547.4744  EKtot   =       815.2289  EPtot      =     -2362.7033
 BOND   =       223.0254  ANGLE   =       623.2908  DIHED      =      1206.3823
 1-4 NB =       350.3493  1-4 EEL =      4051.7957  VDWAALS    =      -698.0812
 EELEC  =     -6192.1780  EGB     =     -2044.0428  RESTRAINT  =        80.4563
 EAMBER (non-restraint)  =     -2443.1596
 ESURF=        36.2989
 ------------------------------------------------------------------------------

 NMR restraints: Bond =    0.000   Angle =     0.000   Torsion =     0.000
===============================================================================

 NSTEP =   265000   TIME(PS) =     530.000  TEMP(K) =   209.55  PRESS =     0.0
 Etot   =     -1531.1969  EKtot   =       827.8522  EPtot      =     -2359.0491
 BOND   =       210.3928  ANGLE   =       626.0017  DIHED      =      1205.5452
 1-4 NB =       353.5837  1-4 EEL =      4063.3636  VDWAALS    =      -705.3120
 EELEC  =     -6234.7939  EGB     =     -1999.5378  RESTRAINT  =        85.2059
 EAMBER (non-restraint)  =     -2444.2550
 ESURF=        36.5017
 ------------------------------------------------------------------------------

 NMR restraints: Bond =    0.000   Angle =     0.000   Torsion =     0.000
===============================================================================

 NSTEP =   270000   TIME(PS) =     540.000  TEMP(K) =   211.60  PRESS =     0.0
 Etot   =     -1499.1149  EKtot   =       835.9230  EPtot      =     -2335.0379
 BOND   =       226.6258  ANGLE   =       619.6289  DIHED      =      1224.5740
 1-4 NB =       356.3797  1-4 EEL =      4070.0452  VDWAALS    =      -705.3126
 EELEC  =     -6222.1309  EGB     =     -2022.0910  RESTRAINT  =        81.2272
 EAMBER (non-restraint)  =     -2416.2650
 ESURF=        36.0158
 ------------------------------------------------------------------------------

 NMR restraints: Bond =    0.000   Angle =     0.000   Torsion =     0.000
===============================================================================

 NSTEP =   275000   TIME(PS) =     550.000  TEMP(K) =   207.75  PRESS =     0.0
 Etot   =     -1487.7542  EKtot   =       820.7195  EPtot      =     -2308.4737
 BOND   =       217.0277  ANGLE   =       638.9423  DIHED      =      1236.5576
 1-4 NB =       356.6286  1-4 EEL =      4048.3445  VDWAALS    =      -710.4770
 EELEC  =     -6202.8735  EGB     =     -2021.4839  RESTRAINT  =        92.5820
 EAMBER (non-restraint)  =     -2401.0557
 ESURF=        36.2778
 ------------------------------------------------------------------------------

 NMR restraints: Bond =    0.000   Angle =     0.000   Torsion =     0.000
===============================================================================

 NSTEP =   280000   TIME(PS) =     560.000  TEMP(K) =   215.29  PRESS =     0.0
 Etot   =     -1481.7770  EKtot   =       850.4972  EPtot      =     -2332.2742
 BOND   =       219.6454  ANGLE   =       627.8421  DIHED      =      1212.2561
 1-4 NB =       340.6496  1-4 EEL =      4028.3117  VDWAALS    =      -707.4156
 EELEC  =     -6172.9580  EGB     =     -2014.7680  RESTRAINT  =        98.9449
 EAMBER (non-restraint)  =     -2431.2191
 ESURF=        35.2176
 ------------------------------------------------------------------------------

 NMR restraints: Bond =    0.000   Angle =     0.000   Torsion =     0.000
===============================================================================

 NSTEP =   285000   TIME(PS) =     570.000  TEMP(K) =   217.33  PRESS =     0.0
 Etot   =     -1434.8028  EKtot   =       858.5569  EPtot      =     -2293.3596
 BOND   =       235.4113  ANGLE   =       646.5447  DIHED      =      1227.4101
 1-4 NB =       345.4826  1-4 EEL =      4038.9281  VDWAALS    =      -708.0743
 EELEC  =     -6304.2619  EGB     =     -1908.4735  RESTRAINT  =        99.9739
 EAMBER (non-restraint)  =     -2393.3336
 ESURF=        33.6994
 ------------------------------------------------------------------------------

 NMR restraints: Bond =    0.000   Angle =     0.000   Torsion =     0.000
===============================================================================

 NSTEP =   290000   TIME(PS) =     580.000  TEMP(K) =   218.90  PRESS =     0.0
 Etot   =     -1443.1734  EKtot   =       864.7551  EPtot      =     -2307.9285
 BOND   =       250.0596  ANGLE   =       622.5876  DIHED      =      1214.9874
 1-4 NB =       346.8878  1-4 EEL =      4060.7547  VDWAALS    =      -697.2282
 EELEC  =     -6225.4912  EGB     =     -2013.4179  RESTRAINT  =        96.7226
 EAMBER (non-restraint)  =     -2404.6511
 ESURF=        36.2091
 ------------------------------------------------------------------------------

 NMR restraints: Bond =    0.000   Angle =     0.000   Torsion =     0.000
===============================================================================

 NSTEP =   295000   TIME(PS) =     590.000  TEMP(K) =   217.34  PRESS =     0.0
 Etot   =     -1421.3299  EKtot   =       858.6137  EPtot      =     -2279.9436
 BOND   =       247.3678  ANGLE   =       647.2712  DIHED      =      1229.5836
 1-4 NB =       345.1154  1-4 EEL =      4026.3500  VDWAALS    =      -691.1965
 EELEC  =     -6270.9595  EGB     =     -1934.9523  RESTRAINT  =        86.6153
 EAMBER (non-restraint)  =     -2366.5589
 ESURF=        34.8615
 ------------------------------------------------------------------------------

 NMR restraints: Bond =    0.000   Angle =     0.000   Torsion =     0.000
===============================================================================

 NSTEP =   300000   TIME(PS) =     600.000  TEMP(K) =   224.54  PRESS =     0.0
 Etot   =     -1425.8947  EKtot   =       887.0439  EPtot      =     -2312.9386
 BOND   =       224.6199  ANGLE   =       645.8871  DIHED      =      1202.8674
 1-4 NB =       349.1757  1-4 EEL =      4051.2461  VDWAALS    =      -704.2986
 EELEC  =     -6273.9792  EGB     =     -1943.5626  RESTRAINT  =        98.6855
 EAMBER (non-restraint)  =     -2411.6241
 ESURF=        36.4201
 ------------------------------------------------------------------------------

 NMR restraints: Bond =    0.000   Angle =     0.000   Torsion =     0.000
===============================================================================

 NSTEP =   305000   TIME(PS) =     610.000  TEMP(K) =   222.57  PRESS =     0.0
 Etot   =     -1412.3441  EKtot   =       879.2704  EPtot      =     -2291.6144
 BOND   =       238.8930  ANGLE   =       655.3507  DIHED      =      1225.9609
 1-4 NB =       344.4435  1-4 EEL =      4035.0012  VDWAALS    =      -706.8754
 EELEC  =     -6247.7521  EGB     =     -1954.1452  RESTRAINT  =        81.4158
 EAMBER (non-restraint)  =     -2373.0302
 ESURF=        36.0931
 ------------------------------------------------------------------------------

 NMR restraints: Bond =    0.000   Angle =     0.000   Torsion =     0.000
===============================================================================

 NSTEP =   310000   TIME(PS) =     620.000  TEMP(K) =   228.47  PRESS =     0.0
 Etot   =     -1351.8852  EKtot   =       902.5961  EPtot      =     -2254.4813
 BOND   =       237.4787  ANGLE   =       689.0737  DIHED      =      1229.6217
 1-4 NB =       354.1447  1-4 EEL =      4012.5679  VDWAALS    =      -694.1658
 EELEC  =     -6235.0252  EGB     =     -1980.5631  RESTRAINT  =        95.8213
 EAMBER (non-restraint)  =     -2350.3026
 ESURF=        36.5647
 ------------------------------------------------------------------------------

 NMR restraints: Bond =    0.000   Angle =     0.000   Torsion =     0.000
===============================================================================

 NSTEP =   315000   TIME(PS) =     630.000  TEMP(K) =   228.35  PRESS =     0.0
 Etot   =     -1327.6867  EKtot   =       902.1198  EPtot      =     -2229.8065
 BOND   =       259.0355  ANGLE   =       695.4680  DIHED      =      1227.0620
 1-4 NB =       352.6945  1-4 EEL =      4048.6869  VDWAALS    =      -698.2747
 EELEC  =     -6277.6823  EGB     =     -1959.8818  RESTRAINT  =        86.1323
 EAMBER (non-restraint)  =     -2315.9388
 ESURF=        36.9531
 ------------------------------------------------------------------------------

 NMR restraints: Bond =    0.000   Angle =     0.000   Torsion =     0.000
===============================================================================

 NSTEP =   320000   TIME(PS) =     640.000  TEMP(K) =   230.55  PRESS =     0.0
 Etot   =     -1362.8099  EKtot   =       910.7821  EPtot      =     -2273.5920
 BOND   =       223.5160  ANGLE   =       658.9467  DIHED      =      1234.7296
 1-4 NB =       355.1876  1-4 EEL =      4027.6620  VDWAALS    =      -696.7274
 EELEC  =     -6261.9105  EGB     =     -1946.2624  RESTRAINT  =        96.4209
 EAMBER (non-restraint)  =     -2370.0129
 ESURF=        34.8455
 ------------------------------------------------------------------------------

 NMR restraints: Bond =    0.000   Angle =     0.000   Torsion =     0.000
===============================================================================

 NSTEP =   325000   TIME(PS) =     650.000  TEMP(K) =   229.73  PRESS =     0.0
 Etot   =     -1358.9542  EKtot   =       907.5602  EPtot      =     -2266.5144
 BOND   =       247.2350  ANGLE   =       677.6249  DIHED      =      1218.4561
 1-4 NB =       338.2532  1-4 EEL =      4001.9893  VDWAALS    =      -695.9111
 EELEC  =     -6222.4472  EGB     =     -1969.6157  RESTRAINT  =       101.1202
 EAMBER (non-restraint)  =     -2367.6346
 ESURF=        36.7808
 ------------------------------------------------------------------------------

 NMR restraints: Bond =    0.000   Angle =     0.000   Torsion =     0.000
===============================================================================

 NSTEP =   330000   TIME(PS) =     660.000  TEMP(K) =   232.88  PRESS =     0.0
 Etot   =     -1321.3959  EKtot   =       919.9918  EPtot      =     -2241.3877
 BOND   =       269.7873  ANGLE   =       670.6212  DIHED      =      1230.3999
 1-4 NB =       346.6909  1-4 EEL =      4018.5286  VDWAALS    =      -689.9821
 EELEC  =     -6252.5259  EGB     =     -1960.2375  RESTRAINT  =        88.3481
 EAMBER (non-restraint)  =     -2329.7358
 ESURF=        36.9819
 ------------------------------------------------------------------------------

 NMR restraints: Bond =    0.000   Angle =     0.000   Torsion =     0.000
===============================================================================

 NSTEP =   335000   TIME(PS) =     670.000  TEMP(K) =   236.18  PRESS =     0.0
 Etot   =     -1336.5041  EKtot   =       933.0426  EPtot      =     -2269.5467
 BOND   =       230.3739  ANGLE   =       671.9252  DIHED      =      1239.7579
 1-4 NB =       358.8889  1-4 EEL =      4025.3283  VDWAALS    =      -707.0140
 EELEC  =     -6244.9332  EGB     =     -1961.5455  RESTRAINT  =        82.6689
 EAMBER (non-restraint)  =     -2352.2156
 ESURF=        35.0029
 ------------------------------------------------------------------------------

 NMR restraints: Bond =    0.000   Angle =     0.000   Torsion =     0.000
===============================================================================

 NSTEP =   340000   TIME(PS) =     680.000  TEMP(K) =   241.03  PRESS =     0.0
 Etot   =     -1254.7616  EKtot   =       952.1943  EPtot      =     -2206.9559
 BOND   =       245.1739  ANGLE   =       707.3910  DIHED      =      1240.4201
 1-4 NB =       358.7647  1-4 EEL =      3989.2924  VDWAALS    =      -692.7220
 EELEC  =     -6193.6530  EGB     =     -1986.7243  RESTRAINT  =        89.4307
 EAMBER (non-restraint)  =     -2296.3866
 ESURF=        35.6707
 ------------------------------------------------------------------------------

 NMR restraints: Bond =    0.000   Angle =     0.000   Torsion =     0.000
===============================================================================

 NSTEP =   345000   TIME(PS) =     690.000  TEMP(K) =   226.15  PRESS =     0.0
 Etot   =     -1342.2043  EKtot   =       893.4020  EPtot      =     -2235.6064
 BOND   =       253.6746  ANGLE   =       673.6502  DIHED      =      1217.1698
 1-4 NB =       360.1223  1-4 EEL =      4012.7766  VDWAALS    =      -681.9100
 EELEC  =     -6197.5530  EGB     =     -1998.0447  RESTRAINT  =        88.9268
 EAMBER (non-restraint)  =     -2324.5332
 ESURF=        35.5811
 ------------------------------------------------------------------------------

 NMR restraints: Bond =    0.000   Angle =     0.000   Torsion =     0.000
===============================================================================

 NSTEP =   350000   TIME(PS) =     700.000  TEMP(K) =   244.90  PRESS =     0.0
 Etot   =     -1258.6522  EKtot   =       967.4761  EPtot      =     -2226.1283
 BOND   =       241.8082  ANGLE   =       684.7261  DIHED      =      1228.9349
 1-4 NB =       368.5124  1-4 EEL =      3997.4243  VDWAALS    =      -691.8873
 EELEC  =     -6195.0315  EGB     =     -1992.7727  RESTRAINT  =        97.0359
 EAMBER (non-restraint)  =     -2323.1642
 ESURF=        35.1215
 ------------------------------------------------------------------------------

 NMR restraints: Bond =    0.000   Angle =     0.000   Torsion =     0.000
===============================================================================

 NSTEP =   355000   TIME(PS) =     710.000  TEMP(K) =   247.30  PRESS =     0.0
 Etot   =     -1240.0748  EKtot   =       976.9826  EPtot      =     -2217.0574
 BOND   =       264.1625  ANGLE   =       669.8638  DIHED      =      1243.7102
 1-4 NB =       355.9397  1-4 EEL =      4027.6991  VDWAALS    =      -687.1724
 EELEC  =     -6214.9605  EGB     =     -2003.5628  RESTRAINT  =        91.5143
 EAMBER (non-restraint)  =     -2308.5717
 ESURF=        35.7487
 ------------------------------------------------------------------------------

 NMR restraints: Bond =    0.000   Angle =     0.000   Torsion =     0.000
===============================================================================

 NSTEP =   360000   TIME(PS) =     720.000  TEMP(K) =   251.71  PRESS =     0.0
 Etot   =     -1200.5646  EKtot   =       994.3723  EPtot      =     -2194.9369
 BOND   =       278.4571  ANGLE   =       719.9007  DIHED      =      1234.4409
 1-4 NB =       350.0423  1-4 EEL =      4010.4481  VDWAALS    =      -698.6104
 EELEC  =     -6179.2606  EGB     =     -2029.8621  RESTRAINT  =        82.8967
 EAMBER (non-restraint)  =     -2277.8336
 ESURF=        36.6105
 ------------------------------------------------------------------------------

 NMR restraints: Bond =    0.000   Angle =     0.000   Torsion =     0.000
===============================================================================

 NSTEP =   365000   TIME(PS) =     730.000  TEMP(K) =   239.55  PRESS =     0.0
 Etot   =     -1249.9690  EKtot   =       946.3437  EPtot      =     -2196.3127
 BOND   =       241.8265  ANGLE   =       692.3749  DIHED      =      1223.0941
 1-4 NB =       374.5789  1-4 EEL =      4031.6756  VDWAALS    =      -688.1381
 EELEC  =     -6187.2716  EGB     =     -2011.2861  RESTRAINT  =        90.3630
 EAMBER (non-restraint)  =     -2286.6756
 ESURF=        36.4702
 ------------------------------------------------------------------------------

 NMR restraints: Bond =    0.000   Angle =     0.000   Torsion =     0.000
===============================================================================

 NSTEP =   370000   TIME(PS) =     740.000  TEMP(K) =   241.95  PRESS =     0.0
 Etot   =     -1245.1308  EKtot   =       955.8245  EPtot      =     -2200.9554
 BOND   =       250.4235  ANGLE   =       701.8647  DIHED      =      1233.9027
 1-4 NB =       356.2122  1-4 EEL =      4003.1422  VDWAALS    =      -695.0882
 EELEC  =     -6114.6440  EGB     =     -2072.5237  RESTRAINT  =       100.5339
 EAMBER (non-restraint)  =     -2301.4892
 ESURF=        35.2214
 ------------------------------------------------------------------------------

 NMR restraints: Bond =    0.000   Angle =     0.000   Torsion =     0.000
===============================================================================

 NSTEP =   375000   TIME(PS) =     750.000  TEMP(K) =   252.64  PRESS =     0.0
 Etot   =     -1191.5231  EKtot   =       998.0523  EPtot      =     -2189.5753
 BOND   =       259.2938  ANGLE   =       679.5204  DIHED      =      1228.9450
 1-4 NB =       363.7431  1-4 EEL =      4042.3963  VDWAALS    =      -701.3423
 EELEC  =     -6193.1646  EGB     =     -2005.6507  RESTRAINT  =        99.9559
 EAMBER (non-restraint)  =     -2289.5312
 ESURF=        36.7279
 ------------------------------------------------------------------------------

 NMR restraints: Bond =    0.000   Angle =     0.000   Torsion =     0.000
===============================================================================

 NSTEP =   380000   TIME(PS) =     760.000  TEMP(K) =   248.42  PRESS =     0.0
 Etot   =     -1215.5203  EKtot   =       981.3748  EPtot      =     -2196.8951
 BOND   =       246.0913  ANGLE   =       719.2361  DIHED      =      1224.9222
 1-4 NB =       347.3392  1-4 EEL =      4013.7102  VDWAALS    =      -692.9046
 EELEC  =     -6135.7481  EGB     =     -2052.3634  RESTRAINT  =        95.8771
 EAMBER (non-restraint)  =     -2292.7722
 ESURF=        36.9448
 ------------------------------------------------------------------------------

 NMR restraints: Bond =    0.000   Angle =     0.000   Torsion =     0.000
===============================================================================

 NSTEP =   385000   TIME(PS) =     770.000  TEMP(K) =   260.02  PRESS =     0.0
 Etot   =     -1132.3274  EKtot   =      1027.2329  EPtot      =     -2159.5603
 BOND   =       265.8439  ANGLE   =       728.0140  DIHED      =      1233.7062
 1-4 NB =       349.1101  1-4 EEL =      4014.1616  VDWAALS    =      -705.6797
 EELEC  =     -6198.6761  EGB     =     -1981.0326  RESTRAINT  =        98.6658
 EAMBER (non-restraint)  =     -2258.2261
 ESURF=        36.3265
 ------------------------------------------------------------------------------

 NMR restraints: Bond =    0.000   Angle =     0.000   Torsion =     0.000
===============================================================================

 NSTEP =   390000   TIME(PS) =     780.000  TEMP(K) =   259.05  PRESS =     0.0
 Etot   =     -1178.7535  EKtot   =      1023.3805  EPtot      =     -2202.1340
 BOND   =       251.1646  ANGLE   =       704.1939  DIHED      =      1240.2778
 1-4 NB =       353.4177  1-4 EEL =      3994.1078  VDWAALS    =      -688.5811
 EELEC  =     -6162.3248  EGB     =     -2024.6569  RESTRAINT  =        94.4973
 EAMBER (non-restraint)  =     -2296.6313
 ESURF=        35.7698
 ------------------------------------------------------------------------------

 NMR restraints: Bond =    0.000   Angle =     0.000   Torsion =     0.000
===============================================================================

 NSTEP =   395000   TIME(PS) =     790.000  TEMP(K) =   272.02  PRESS =     0.0
 Etot   =     -1059.8938  EKtot   =      1074.6404  EPtot      =     -2134.5342
 BOND   =       264.7383  ANGLE   =       739.9436  DIHED      =      1249.9475
 1-4 NB =       351.8558  1-4 EEL =      4004.3162  VDWAALS    =      -696.4300
 EELEC  =     -6205.1462  EGB     =     -1974.5219  RESTRAINT  =        94.8316
 EAMBER (non-restraint)  =     -2229.3658
 ESURF=        35.9311
 ------------------------------------------------------------------------------

 NMR restraints: Bond =    0.000   Angle =     0.000   Torsion =     0.000
===============================================================================

 NSTEP =   400000   TIME(PS) =     800.000  TEMP(K) =   261.67  PRESS =     0.0
 Etot   =     -1143.4044  EKtot   =      1033.7567  EPtot      =     -2177.1612
 BOND   =       262.2385  ANGLE   =       713.2309  DIHED      =      1241.1373
 1-4 NB =       357.2616  1-4 EEL =      3992.9652  VDWAALS    =      -695.7890
 EELEC  =     -6226.6217  EGB     =     -1950.8756  RESTRAINT  =        93.7176
 EAMBER (non-restraint)  =     -2270.8788
 ESURF=        35.5740
 ------------------------------------------------------------------------------

 NMR restraints: Bond =    0.000   Angle =     0.000   Torsion =     0.000
===============================================================================

 NSTEP =   405000   TIME(PS) =     810.000  TEMP(K) =   262.93  PRESS =     0.0
 Etot   =     -1089.4254  EKtot   =      1038.7036  EPtot      =     -2128.1290
 BOND   =       275.5144  ANGLE   =       758.7151  DIHED      =      1236.8025
 1-4 NB =       344.2180  1-4 EEL =      3969.7034  VDWAALS    =      -690.2093
 EELEC  =     -6186.7548  EGB     =     -1968.5179  RESTRAINT  =        95.7520
 EAMBER (non-restraint)  =     -2223.8810
 ESURF=        36.6476
 ------------------------------------------------------------------------------

 NMR restraints: Bond =    0.000   Angle =     0.000   Torsion =     0.000
===============================================================================

 NSTEP =   410000   TIME(PS) =     820.000  TEMP(K) =   257.84  PRESS =     0.0
 Etot   =     -1074.0726  EKtot   =      1018.6021  EPtot      =     -2092.6746
 BOND   =       286.7287  ANGLE   =       738.8361  DIHED      =      1243.4441
 1-4 NB =       367.5704  1-4 EEL =      4018.4786  VDWAALS    =      -699.9636
 EELEC  =     -6194.2456  EGB     =     -1997.5032  RESTRAINT  =       107.1821
 EAMBER (non-restraint)  =     -2199.8567
 ESURF=        36.7978
 ------------------------------------------------------------------------------

 NMR restraints: Bond =    0.000   Angle =     0.000   Torsion =     0.000
===============================================================================

 NSTEP =   415000   TIME(PS) =     830.000  TEMP(K) =   267.80  PRESS =     0.0
 Etot   =     -1088.5188  EKtot   =      1057.9417  EPtot      =     -2146.4605
 BOND   =       281.4138  ANGLE   =       719.0456  DIHED      =      1237.7388
 1-4 NB =       357.3460  1-4 EEL =      3984.3419  VDWAALS    =      -685.7579
 EELEC  =     -6180.5578  EGB     =     -1997.0805  RESTRAINT  =       100.8660
 EAMBER (non-restraint)  =     -2247.3265
 ESURF=        36.1836
 ------------------------------------------------------------------------------

 NMR restraints: Bond =    0.000   Angle =     0.000   Torsion =     0.000
===============================================================================

 NSTEP =   420000   TIME(PS) =     840.000  TEMP(K) =   266.27  PRESS =     0.0
 Etot   =     -1058.1117  EKtot   =      1051.9160  EPtot      =     -2110.0277
 BOND   =       285.5298  ANGLE   =       752.9526  DIHED      =      1244.6893
 1-4 NB =       358.2501  1-4 EEL =      3979.3410  VDWAALS    =      -684.9073
 EELEC  =     -6262.5899  EGB     =     -1911.7327  RESTRAINT  =        92.6972
 EAMBER (non-restraint)  =     -2202.7249
 ESURF=        35.7423
 ------------------------------------------------------------------------------

 NMR restraints: Bond =    0.000   Angle =     0.000   Torsion =     0.000
===============================================================================

 NSTEP =   425000   TIME(PS) =     850.000  TEMP(K) =   278.70  PRESS =     0.0
 Etot   =     -1032.1204  EKtot   =      1101.0230  EPtot      =     -2133.1434
 BOND   =       276.5453  ANGLE   =       740.0168  DIHED      =      1236.0498
 1-4 NB =       358.2601  1-4 EEL =      4008.1787  VDWAALS    =      -701.1922
 EELEC  =     -6258.4996  EGB     =     -1935.4647  RESTRAINT  =       106.3019
 EAMBER (non-restraint)  =     -2239.4453
 ESURF=        36.6604
 ------------------------------------------------------------------------------

 NMR restraints: Bond =    0.000   Angle =     0.000   Torsion =     0.000
===============================================================================

 NSTEP =   430000   TIME(PS) =     860.000  TEMP(K) =   276.81  PRESS =     0.0
 Etot   =     -1047.3639  EKtot   =      1093.5475  EPtot      =     -2140.9114
 BOND   =       254.3091  ANGLE   =       745.9814  DIHED      =      1247.0922
 1-4 NB =       345.9998  1-4 EEL =      3998.7581  VDWAALS    =      -694.6831
 EELEC  =     -6226.4013  EGB     =     -1961.9861  RESTRAINT  =       112.9202
 EAMBER (non-restraint)  =     -2253.8316
 ESURF=        37.0982
 ------------------------------------------------------------------------------

 NMR restraints: Bond =    0.000   Angle =     0.000   Torsion =     0.000
===============================================================================

 NSTEP =   435000   TIME(PS) =     870.000  TEMP(K) =   274.45  PRESS =     0.0
 Etot   =     -1035.6302  EKtot   =      1084.2151  EPtot      =     -2119.8453
 BOND   =       259.2764  ANGLE   =       750.0935  DIHED      =      1245.2227
 1-4 NB =       366.6940  1-4 EEL =      4000.2200  VDWAALS    =      -680.6864
 EELEC  =     -6251.6180  EGB     =     -1956.4713  RESTRAINT  =       111.7898
 EAMBER (non-restraint)  =     -2231.6351
 ESURF=        35.6340
 ------------------------------------------------------------------------------

 NMR restraints: Bond =    0.000   Angle =     0.000   Torsion =     0.000
===============================================================================

 NSTEP =   440000   TIME(PS) =     880.000  TEMP(K) =   265.15  PRESS =     0.0
 Etot   =     -1011.7841  EKtot   =      1047.4857  EPtot      =     -2059.2698
 BOND   =       288.3802  ANGLE   =       740.2573  DIHED      =      1254.6200
 1-4 NB =       385.5210  1-4 EEL =      4058.8297  VDWAALS    =      -689.9015
 EELEC  =     -6284.2585  EGB     =     -1949.9799  RESTRAINT  =       102.1335
 EAMBER (non-restraint)  =     -2161.4033
 ESURF=        35.1285
 ------------------------------------------------------------------------------

 NMR restraints: Bond =    0.000   Angle =     0.000   Torsion =     0.000
===============================================================================

 NSTEP =   445000   TIME(PS) =     890.000  TEMP(K) =   290.44  PRESS =     0.0
 Etot   =      -891.0407  EKtot   =      1147.4093  EPtot      =     -2038.4500
 BOND   =       287.8638  ANGLE   =       792.5859  DIHED      =      1277.8226
 1-4 NB =       355.7930  1-4 EEL =      4005.7156  VDWAALS    =      -704.1210
 EELEC  =     -6217.8772  EGB     =     -1982.9583  RESTRAINT  =       108.7052
 EAMBER (non-restraint)  =     -2147.1552
 ESURF=        38.0204
 ------------------------------------------------------------------------------

 NMR restraints: Bond =    0.000   Angle =     0.000   Torsion =     0.000
===============================================================================

 NSTEP =   450000   TIME(PS) =     900.000  TEMP(K) =   269.37  PRESS =     0.0
 Etot   =     -1002.4599  EKtot   =      1064.1725  EPtot      =     -2066.6324
 BOND   =       284.2271  ANGLE   =       774.2113  DIHED      =      1246.8715
 1-4 NB =       360.8150  1-4 EEL =      4023.0842  VDWAALS    =      -676.8752
 EELEC  =     -6254.5214  EGB     =     -1962.8432  RESTRAINT  =       102.4275
 EAMBER (non-restraint)  =     -2169.0598
 ESURF=        35.9710
 ------------------------------------------------------------------------------

 NMR restraints: Bond =    0.000   Angle =     0.000   Torsion =     0.000
===============================================================================

 NSTEP =   455000   TIME(PS) =     910.000  TEMP(K) =   288.14  PRESS =     0.0
 Etot   =      -958.3803  EKtot   =      1138.3073  EPtot      =     -2096.6876
 BOND   =       285.4170  ANGLE   =       769.6320  DIHED      =      1244.9442
 1-4 NB =       364.1816  1-4 EEL =      4024.8825  VDWAALS    =      -684.9442
 EELEC  =     -6272.0188  EGB     =     -1954.6687  RESTRAINT  =        89.8451
 EAMBER (non-restraint)  =     -2186.5327
 ESURF=        36.0418
 ------------------------------------------------------------------------------

 NMR restraints: Bond =    0.000   Angle =     0.000   Torsion =     0.000
===============================================================================

 NSTEP =   460000   TIME(PS) =     920.000  TEMP(K) =   287.48  PRESS =     0.0
 Etot   =      -915.4208  EKtot   =      1135.6987  EPtot      =     -2051.1194
 BOND   =       285.1015  ANGLE   =       784.8447  DIHED      =      1271.2711
 1-4 NB =       349.5356  1-4 EEL =      4028.0568  VDWAALS    =      -681.5106
 EELEC  =     -6261.9203  EGB     =     -1961.8352  RESTRAINT  =       100.1253
 EAMBER (non-restraint)  =     -2151.2448
 ESURF=        35.2116
 ------------------------------------------------------------------------------

 NMR restraints: Bond =    0.000   Angle =     0.000   Torsion =     0.000
===============================================================================

 NSTEP =   465000   TIME(PS) =     930.000  TEMP(K) =   278.69  PRESS =     0.0
 Etot   =      -941.1639  EKtot   =      1100.9763  EPtot      =     -2042.1402
 BOND   =       303.5699  ANGLE   =       764.7473  DIHED      =      1239.5700
 1-4 NB =       368.4892  1-4 EEL =      4036.0936  VDWAALS    =      -668.2186
 EELEC  =     -6274.5184  EGB     =     -1956.4333  RESTRAINT  =       108.0561
 EAMBER (non-restraint)  =     -2150.1962
 ESURF=        36.5040
 ------------------------------------------------------------------------------

 NMR restraints: Bond =    0.000   Angle =     0.000   Torsion =     0.000
===============================================================================

 NSTEP =   470000   TIME(PS) =     940.000  TEMP(K) =   288.97  PRESS =     0.0
 Etot   =      -883.5469  EKtot   =      1141.5843  EPtot      =     -2025.1312
 BOND   =       273.5613  ANGLE   =       815.1181  DIHED      =      1256.5951
 1-4 NB =       369.9495  1-4 EEL =      4013.2657  VDWAALS    =      -680.0562
 EELEC  =     -6293.6094  EGB     =     -1927.6193  RESTRAINT  =       111.7112
 EAMBER (non-restraint)  =     -2136.8424
 ESURF=        35.9530
 ------------------------------------------------------------------------------

 NMR restraints: Bond =    0.000   Angle =     0.000   Torsion =     0.000
===============================================================================

 NSTEP =   475000   TIME(PS) =     950.000  TEMP(K) =   288.10  PRESS =     0.0
 Etot   =      -881.3721  EKtot   =      1138.1438  EPtot      =     -2019.5159
 BOND   =       291.8294  ANGLE   =       789.7155  DIHED      =      1265.4186
 1-4 NB =       356.5459  1-4 EEL =      4009.5189  VDWAALS    =      -668.8091
 EELEC  =     -6253.9556  EGB     =     -1962.8369  RESTRAINT  =       116.8473
 EAMBER (non-restraint)  =     -2136.3632
 ESURF=        36.2101
 ------------------------------------------------------------------------------

 NMR restraints: Bond =    0.000   Angle =     0.000   Torsion =     0.000
===============================================================================

 NSTEP =   480000   TIME(PS) =     960.000  TEMP(K) =   290.30  PRESS =     0.0
 Etot   =      -858.6926  EKtot   =      1146.8270  EPtot      =     -2005.5197
 BOND   =       318.8867  ANGLE   =       787.1368  DIHED      =      1254.8851
 1-4 NB =       364.2751  1-4 EEL =      4000.9523  VDWAALS    =      -694.2485
 EELEC  =     -6094.9834  EGB     =     -2089.3995  RESTRAINT  =       108.6982
 EAMBER (non-restraint)  =     -2114.2178
 ESURF=        38.2775
 ------------------------------------------------------------------------------

 NMR restraints: Bond =    0.000   Angle =     0.000   Torsion =     0.000
===============================================================================

 NSTEP =   485000   TIME(PS) =     970.000  TEMP(K) =   297.29  PRESS =     0.0
 Etot   =      -850.8657  EKtot   =      1174.4712  EPtot      =     -2025.3368
 BOND   =       291.5800  ANGLE   =       776.1145  DIHED      =      1258.2013
 1-4 NB =       363.4503  1-4 EEL =      4006.0844  VDWAALS    =      -679.8884
 EELEC  =     -6129.5513  EGB     =     -2059.3004  RESTRAINT  =       110.8648
 EAMBER (non-restraint)  =     -2136.2016
 ESURF=        37.1081
 ------------------------------------------------------------------------------

 NMR restraints: Bond =    0.000   Angle =     0.000   Torsion =     0.000
===============================================================================

 NSTEP =   490000   TIME(PS) =     980.000  TEMP(K) =   291.85  PRESS =     0.0
 Etot   =      -875.1798  EKtot   =      1152.9681  EPtot      =     -2028.1480
 BOND   =       293.6475  ANGLE   =       782.0790  DIHED      =      1264.5394
 1-4 NB =       356.8845  1-4 EEL =      4053.1867  VDWAALS    =      -688.6617
 EELEC  =     -6278.8824  EGB     =     -1953.7058  RESTRAINT  =       106.3981
 EAMBER (non-restraint)  =     -2134.5461
 ESURF=        36.3668
 ------------------------------------------------------------------------------

 NMR restraints: Bond =    0.000   Angle =     0.000   Torsion =     0.000
===============================================================================

 NSTEP =   495000   TIME(PS) =     990.000  TEMP(K) =   304.97  PRESS =     0.0
 Etot   =      -817.3750  EKtot   =      1204.8089  EPtot      =     -2022.1840
 BOND   =       294.6038  ANGLE   =       805.7428  DIHED      =      1228.3957
 1-4 NB =       350.5793  1-4 EEL =      4012.2559  VDWAALS    =      -700.7543
 EELEC  =     -6117.5752  EGB     =     -2057.9935  RESTRAINT  =       125.2355
 EAMBER (non-restraint)  =     -2147.4195
 ESURF=        37.3260
 ------------------------------------------------------------------------------

 NMR restraints: Bond =    0.000   Angle =     0.000   Torsion =     0.000
===============================================================================

 NSTEP =   500000   TIME(PS) =    1000.000  TEMP(K) =   302.40  PRESS =     0.0
 Etot   =      -795.2388  EKtot   =      1194.6473  EPtot      =     -1989.8860
 BOND   =       276.8465  ANGLE   =       825.4708  DIHED      =      1246.4255
 1-4 NB =       367.7810  1-4 EEL =      4019.7177  VDWAALS    =      -675.3874
 EELEC  =     -6198.7048  EGB     =     -1981.7245  RESTRAINT  =        93.9268
 EAMBER (non-restraint)  =     -2083.8129
 ESURF=        35.7622
 ------------------------------------------------------------------------------

 NMR restraints: Bond =    0.000   Angle =     0.000   Torsion =     0.000
===============================================================================

      A V E R A G E S   O V E R     100 S T E P S


 NSTEP =   500000   TIME(PS) =    1000.000  TEMP(K) =   201.55  PRESS =     0.0
 Etot   =     -1569.2375  EKtot   =       796.2467  EPtot      =     -2365.4843
 BOND   =       221.2319  ANGLE   =       612.8862  DIHED      =      1218.6737
 1-4 NB =       349.3834  1-4 EEL =      4039.7569  VDWAALS    =      -705.2593
 EELEC  =     -6196.0241  EGB     =     -2025.6783  RESTRAINT  =        84.2656
 EAMBER (non-restraint)  =     -2449.7499
 ESURF=        35.2798
 ------------------------------------------------------------------------------

 NMR restraints: Bond =    0.000   Angle =     0.000   Torsion =     0.000
===============================================================================

      R M S  F L U C T U A T I O N S


 NSTEP =   500000   TIME(PS) =    1000.000  TEMP(K) =    58.52  PRESS =     0.0
 Etot   =       446.3648  EKtot   =       231.1856  EPtot      =       215.9058
 BOND   =        46.4172  ANGLE   =       115.8481  DIHED      =        22.9212
 1-4 NB =         9.9552  1-4 EEL =        26.9794  VDWAALS    =        15.7582
 EELEC  =        57.7191  EGB     =        60.8084  RESTRAINT  =        16.4955
 EAMBER (non-restraint)  =       199.4103
 ESURF=         1.1598
 ------------------------------------------------------------------------------


 NMR restraints on final step:

--------------------------------------------------------------------------------
   5.  TIMINGS
--------------------------------------------------------------------------------

|  NonSetup CPU Time in Major Routines:
|
|     Routine           Sec        %
|     ------------------------------
|     Nonbond       53161.48   98.46
|     Bond              5.91    0.01
|     Angle            94.75    0.18
|     Dihedral        552.07    1.02
|     Shake            27.03    0.05
|     RunMD           152.62    0.28
|     Other             0.56    0.00
|     ------------------------------
|     Total         53994.43

|  Generalized Born CPU Time:
|
|     Routine                 Sec        %
|     ------------------------------------
|     Radii Calc          12480.32   23.11
|     Diagonal Calc       23056.29   42.70
|     Off Diagonal Calc   17586.38   32.57
|     GBSA LCPO Calc          0.39    0.00
|     ---------------------------------
|     Total               53123.00   98.39

|  Final Performance Info:
|     -----------------------------------------------------
|     Average timings for last       1 steps:
|     Elapsed(s) =       0.00 Per Step(ms) =       0.13
|         ns/day =    1371.68   seconds/ns =      62.99
|
|     Average timings for all steps:
|     Elapsed(s) =  183074.66 Per Step(ms) =     366.15
|         ns/day =       0.47   seconds/ns =  183074.66
|     -----------------------------------------------------

|  Setup CPU time:            0.02 seconds
|  NonSetup CPU time:     53994.43 seconds
|  Total CPU time:        53994.45 seconds    15.00 hours

|  Setup wall time:           0    seconds
|  NonSetup wall time:   183074    seconds
|  Total wall time:      183074    seconds    50.85 hours
