
          -------------------------------------------------------
          Amber 22 PMEMD                              2022
          -------------------------------------------------------

| PMEMD implementation of SANDER, Release 22

|  Compiled date/time: Thu Apr 14 23:36:37 2022
| Run on 12/29/2023 at 23:24:27

|   Executable path: pmemd
| Working directory: /home/arul/Reegina/MD_Sim/finalll/1I1B_info
|          Hostname: Unknown
  [-O]verwriting output

File Assignments:
|   MDIN: /home/arul/Reegina/MD_Sim/trial_file/min.in                           
|  MDOUT: min_1I1B.out                                                          
| INPCRD: 1I1B.rst7                                                             
|   PARM: 1I1B.hmass.parm7                                                      
| RESTRT: min_1I1B.rst7                                                         
|   REFC: refc                                                                  
|  MDVEL: mdvel                                                                 
|   MDEN: mden                                                                  
|  MDCRD: min_1I1B.crd                                                          
| MDINFO: min_1I1B.info                                                         
|  MDFRC: mdfrc                                                                 


 Here is the input file:

&cntrl                                                                         
  imin = 1,                                                                    
  maxcyc=100,                                                                  
  ntx = 1,                                                                     
  ntwr = 100,                                                                  
  ntpr = 10,                                                                   
  ioutfm=0,                                                                    
  ntxo=1,                                                                      
  cut = 1000.0,                                                                
  ntb=0,                                                                       
  igb = 8,                                                                     
  gbsa=3,                                                                      
  surften=0.007,                                                               
  saltcon = 0.0,                                                               
/                                                                              


Note: ig = -1. Setting random seed to   709185 based on wallclock time in 
      microseconds.
| irandom = 1, using AMBER's internal random number generator (default).
 
| Conditional Compilation Defines Used:
| PUBFFT
| BINTRAJ
| EMIL

| New format PARM file being parsed.
| Version =    1.000 Date = 12/29/23 Time = 17:09:23

| Note: 1-4 EEL scale factors are being read from the topology file.

| Note: 1-4 VDW scale factors are being read from the topology file.
| INFO:    Reading atomic numbers from topology file.
| Duplicated    0 dihedrals

| Duplicated    0 dihedrals

--------------------------------------------------------------------------------
   1.  RESOURCE   USE: 
--------------------------------------------------------------------------------

 NATOM  =    2413 NTYPES =      14 NBONH =    1206 MBONA  =    1229
 NTHETH =    2763 MTHETA =    1653 NPHIH =    5523 MPHIA  =    5284
 NHPARM =       0 NPARM  =       0 NNB   =   13360 NRES   =     151
 NBONA  =    1229 NTHETA =    1653 NPHIA =    5284 NUMBND =      65
 NUMANG =     152 NPTRA  =     190 NATYP =      33 NPHB   =       0
 IFBOX  =       0 NMXRS  =      24 IFCAP =       0 NEXTRA =       0
 NCOPY  =       0

 Implicit solvent radii are ArgH and AspGluO modified Bondi2 radii (mbondi3)                                
 Replacing prmtop screening parameters with GBn2 (igb=8) values
--------------------------------------------------------------------------------
   2.  CONTROL  DATA  FOR  THE  RUN
--------------------------------------------------------------------------------

default_name                                                                    

General flags:
     imin    =       1, nmropt  =       0

Nature and format of input:
     ntx     =       1, irest   =       0, ntrx    =       1

Nature and format of output:
     ntxo    =       1, ntpr    =      10, ntrx    =       1, ntwr    =     100
     iwrap   =       0, ntwx    =       0, ntwv    =       0, ntwe    =       0
     ioutfm  =       0, ntwprt  =       0, idecomp =       0, rbornstat=      0

Potential function:
     ntf     =       1, ntb     =       0, igb     =       8, nsnb    =      25
     ipol    =       0, gbsa    =       3, iesp    =       0
     dielc   =   1.00000, cut     =1000.00000, intdiel =   1.00000
     saltcon =   0.00000, offset  =   0.19514, surften =   0.00700
     rdt     =   0.00000, rgbmax  =  25.00000  extdiel =  78.50000
     alpb  =        0
     gbalphaH  =   0.78844, gbbetaH   =   0.79870,  gbgammaH  =    0.43733
     gbalphaC  =   0.73376, gbbetaC   =   0.50638,  gbgammaC  =    0.20584
     gbalphaN  =   0.50336, gbbetaN   =   0.31683,  gbgammaN  =    0.19292
     gbalphaOS =   0.86781, gbbetaOS  =   0.87664,  gbgammaOS =    0.38788
     gbalphaP  =   1.00000, gbbetaP   =   0.80000,  gbgammaP  =    4.85000
     gb_alpha_hnu  =   0.53705, gb_beta_hnu   =   0.36286,  gb_gamma_hnu  =    0.11670
     gb_alpha_cnu  =   0.33167, gb_beta_cnu   =   0.19684,  gb_gamma_cnu  =    0.09342
     gb_alpha_nnu  =   0.68631, gb_beta_nnu   =   0.46319,  gb_gamma_nnu  =    0.13872
     gb_alpha_onu  =   0.60634, gb_beta_onu   =   0.46301,  gb_gamma_onu  =    0.14226
     gb_alpha_pnu  =   0.41836, gb_beta_pnu   =   0.29005,  gb_gamma_pnu  =    0.10642

Frozen or restrained atoms:
     ibelly  =       0, ntr     =       0

Energy minimization:
     maxcyc  =     100, ncyc    =      10, ntmin   =       1
     dx0     =   0.01000, drms    =   0.00010

| Intermolecular bonds treatment:
|     no_intermolecular_bonds =       1

| Energy averages sample interval:
|     ene_avg_sampling =       1

--------------------------------------------------------------------------------
   3.  ATOMIC COORDINATES AND VELOCITIES
--------------------------------------------------------------------------------

default_name                                                                    
 begin time read from input coords =     0.000 ps

 
 Number of triangulated 3-point waters found:        0
| Dynamic Memory, Types Used:
| Reals               65267
| Integers           283876

--------------------------------------------------------------------------------
   4.  RESULTS
--------------------------------------------------------------------------------



   NSTEP       ENERGY          RMS            GMAX         NAME    NUMBER
      1       2.6830E+04     6.2615E+03     3.3000E+05     OE1       728

 BOND    =      419.6361  ANGLE   =      937.7055  DIHED      =     1816.1395
 VDWAALS =    28808.1183  EEL     =   -11201.7222  EGB        =    -2329.7486
 1-4 VDW =      848.0323  1-4 EEL =     7485.6979  RESTRAINT  =        0.0000
 ESURF   =       46.4061


   NSTEP       ENERGY          RMS            GMAX         NAME    NUMBER
     10       2.7255E+03     9.2245E+02     4.8682E+04     OE1       728

 BOND    =      420.2473  ANGLE   =      938.5877  DIHED      =     1816.2161
 VDWAALS =     4697.9257  EEL     =   -11198.1241  EGB        =    -2330.1882
 1-4 VDW =      848.1572  1-4 EEL =     7486.2531  RESTRAINT  =        0.0000
 ESURF   =       46.4061


   NSTEP       ENERGY          RMS            GMAX         NAME    NUMBER
     20      -3.3092E+03     9.7878E+00     2.0484E+02     HE2      1471

 BOND    =      166.9712  ANGLE   =      697.6453  DIHED      =     1804.4005
 VDWAALS =     -779.2968  EEL     =   -11200.0483  EGB        =    -2322.7404
 1-4 VDW =      810.5606  1-4 EEL =     7466.8889  RESTRAINT  =        0.0000
 ESURF   =       46.4577


   NSTEP       ENERGY          RMS            GMAX         NAME    NUMBER
     30      -4.0203E+03     5.7646E+00     6.9704E+01     CD       1506

 BOND    =      109.5081  ANGLE   =      500.2166  DIHED      =     1804.6250
 VDWAALS =    -1027.2552  EEL     =   -11198.8894  EGB        =    -2329.6451
 1-4 VDW =      694.5756  1-4 EEL =     7379.5709  RESTRAINT  =        0.0000
 ESURF   =       47.0303


   NSTEP       ENERGY          RMS            GMAX         NAME    NUMBER
     40      -4.3957E+03     4.2966E+00     9.5830E+01     CD        727

 BOND    =       81.5408  ANGLE   =      364.2801  DIHED      =     1791.3917
 VDWAALS =    -1091.7654  EEL     =   -11167.0373  EGB        =    -2329.7649
 1-4 VDW =      600.9762  1-4 EEL =     7306.6528  RESTRAINT  =        0.0000
 ESURF   =       48.0530


   NSTEP       ENERGY          RMS            GMAX         NAME    NUMBER
     50      -4.6035E+03     2.7971E+00     5.2596E+01     NE2       729

 BOND    =       75.9310  ANGLE   =      343.6925  DIHED      =     1801.7065
 VDWAALS =    -1165.8529  EEL     =   -11130.4039  EGB        =    -2339.6191
 1-4 VDW =      535.8628  1-4 EEL =     7225.8371  RESTRAINT  =        0.0000
 ESURF   =       49.3408


   NSTEP       ENERGY          RMS            GMAX         NAME    NUMBER
     60      -4.6466E+03     1.7349E+00     2.6914E+01     CD       1506

 BOND    =       64.7508  ANGLE   =      320.3368  DIHED      =     1795.7624
 VDWAALS =    -1171.2757  EEL     =   -11128.6830  EGB        =    -2340.0893
 1-4 VDW =      534.6174  1-4 EEL =     7228.5973  RESTRAINT  =        0.0000
 ESURF   =       49.4215


   NSTEP       ENERGY          RMS            GMAX         NAME    NUMBER
     70      -4.7278E+03     1.4233E+00     2.3842E+01     CD        727

 BOND    =       56.7372  ANGLE   =      289.6770  DIHED      =     1784.0342
 VDWAALS =    -1183.4742  EEL     =   -11128.0529  EGB        =    -2344.2563
 1-4 VDW =      526.9652  1-4 EEL =     7220.5494  RESTRAINT  =        0.0000
 ESURF   =       50.0327


   NSTEP       ENERGY          RMS            GMAX         NAME    NUMBER
     80      -4.7618E+03     2.1384E+00     4.4043E+01     CG        162

 BOND    =       63.4206  ANGLE   =      289.0305  DIHED      =     1785.2743
 VDWAALS =    -1194.7242  EEL     =   -11127.8066  EGB        =    -2345.1259
 1-4 VDW =      515.0300  1-4 EEL =     7202.6601  RESTRAINT  =        0.0000
 ESURF   =       50.4642


   NSTEP       ENERGY          RMS            GMAX         NAME    NUMBER
     90      -4.7991E+03     1.3698E+00     2.0615E+01     CG        162

 BOND    =       63.7765  ANGLE   =      277.7882  DIHED      =     1782.7415
 VDWAALS =    -1200.1917  EEL     =   -11122.5888  EGB        =    -2344.3695
 1-4 VDW =      504.0627  1-4 EEL =     7188.9551  RESTRAINT  =        0.0000
 ESURF   =       50.6960


   NSTEP       ENERGY          RMS            GMAX         NAME    NUMBER
    100      -4.8266E+03     1.2020E+00     1.9329E+01     CE       1470

 BOND    =       71.1642  ANGLE   =      284.4419  DIHED      =     1786.4285
 VDWAALS =    -1209.0793  EEL     =   -11118.9695  EGB        =    -2344.8300
 1-4 VDW =      488.2090  1-4 EEL =     7164.8741  RESTRAINT  =        0.0000
 ESURF   =       51.1475


  Maximum number of minimization cycles reached.


                    FINAL RESULTS



   NSTEP       ENERGY          RMS            GMAX         NAME    NUMBER
    100      -4.8266E+03     1.2020E+00     1.9329E+01     CE       1470

 BOND    =       71.1642  ANGLE   =      284.4419  DIHED      =     1786.4285
 VDWAALS =    -1209.0793  EEL     =   -11118.9695  EGB        =    -2344.8300
 1-4 VDW =      488.2090  1-4 EEL =     7164.8741  RESTRAINT  =        0.0000
 ESURF   =       51.1475
--------------------------------------------------------------------------------
   5.  TIMINGS
--------------------------------------------------------------------------------

|  NonSetup CPU Time in Major Routines:
|
|     Routine           Sec        %
|     ------------------------------
|     Nonbond          23.90   99.12
|     Bond              0.00    0.01
|     Angle             0.03    0.12
|     Dihedral          0.17    0.70
|     Shake             0.00    0.00
|     Other             0.01    0.05
|     ------------------------------
|     Total            24.11

|  Generalized Born CPU Time:
|
|     Routine                 Sec        %
|     ------------------------------------
|     Radii Calc              5.41   22.46
|     Diagonal Calc          10.09   41.84
|     Off Diagonal Calc       8.38   34.77
|     GBSA LCPO Calc          0.00    0.00
|     ---------------------------------
|     Total                  23.89   99.07

|  Setup CPU time:            0.03 seconds
|  NonSetup CPU time:        24.11 seconds
|  Total CPU time:           24.14 seconds     0.01 hours

|  Setup wall time:           0    seconds
|  NonSetup wall time:       61    seconds
|  Total wall time:          61    seconds     0.02 hours
