
          -------------------------------------------------------
          Amber 22 PMEMD                              2022
          -------------------------------------------------------

| PMEMD implementation of SANDER, Release 22

|  Compiled date/time: Thu Apr 14 23:36:37 2022
| Run on 01/08/2024 at 16:01:44

|   Executable path: pmemd
| Working directory: /home/arul/Reegina/MD_Sim/set2_group/2J5A_info
|          Hostname: Unknown
  [-O]verwriting output

File Assignments:
|   MDIN: eq1.in                                                                
|  MDOUT: eq1.out                                                               
| INPCRD: heat.rst7                                                             
|   PARM: 2J5A.hmass.parm7                                                      
| RESTRT: eq1.rst7                                                              
|   REFC: heat.rst7                                                             
|  MDVEL: mdvel                                                                 
|   MDEN: mden                                                                  
|  MDCRD: eq1.crd                                                               
| MDINFO: eq1.info                                                              
|  MDFRC: mdfrc                                                                 


 Here is the input file:

&cntrl                                                                         
   ntx = 5,                                                                    
                                                                               
   ntwx = 5000, ntwe = 0, ntwr = 500,                                          
   ntpr = 5000,                                                                
                                                                               
   ioutfm=0, ntxo=1,                                                           
                                                                               
   imin = 0, nstlim = 125000, dt = 0.002,                                      
                                                                               
   ntt = 3, gamma_ln=1.0, temp0 = 300.0,                                       
   nscm = 1000, ig = -1, irest = 1,                                            
                                                                               
   ntc= 2, ntf = 2, cut = 1000,                                                
                                                                               
   igb=8, gbsa=3, surften=0.007, ntb = 0,                                      
   saltcon=0.,                                                                 
                                                                               
   ntr=1, restraintmask="@CA,N,C,O",                                           
   restraint_wt=1.0,                                                           
 /                                                                             


Note: ig = -1. Setting random seed to   539281 based on wallclock time in 
      microseconds.
| irandom = 1, using AMBER's internal random number generator (default).
 
| Conditional Compilation Defines Used:
| PUBFFT
| BINTRAJ
| EMIL

| New format PARM file being parsed.
| Version =    1.000 Date = 12/30/23 Time = 23:54:36

| Note: 1-4 EEL scale factors are being read from the topology file.

| Note: 1-4 VDW scale factors are being read from the topology file.
| INFO:    Reading atomic numbers from topology file.
| Duplicated    0 dihedrals

| Duplicated    0 dihedrals

--------------------------------------------------------------------------------
   1.  RESOURCE   USE: 
--------------------------------------------------------------------------------

 NATOM  =    1835 NTYPES =      14 NBONH =     918 MBONA  =     938
 NTHETH =    2106 MTHETA =    1260 NPHIH =    4196 MPHIA  =    3918
 NHPARM =       0 NPARM  =       0 NNB   =   10191 NRES   =     106
 NBONA  =     938 NTHETA =    1260 NPHIA =    3918 NUMBND =      63
 NUMANG =     149 NPTRA  =     178 NATYP =      31 NPHB   =       0
 IFBOX  =       0 NMXRS  =      24 IFCAP =       0 NEXTRA =       0
 NCOPY  =       0

 Implicit solvent radii are ArgH and AspGluO modified Bondi2 radii (mbondi3)                                
 Replacing prmtop screening parameters with GBn2 (igb=8) values
--------------------------------------------------------------------------------
   2.  CONTROL  DATA  FOR  THE  RUN
--------------------------------------------------------------------------------

default_name                                                                    

General flags:
     imin    =       0, nmropt  =       0

Nature and format of input:
     ntx     =       5, irest   =       1, ntrx    =       1

Nature and format of output:
     ntxo    =       1, ntpr    =    5000, ntrx    =       1, ntwr    =     500
     iwrap   =       0, ntwx    =    5000, ntwv    =       0, ntwe    =       0
     ioutfm  =       0, ntwprt  =       0, idecomp =       0, rbornstat=      0

Potential function:
     ntf     =       2, ntb     =       0, igb     =       8, nsnb    =      25
     ipol    =       0, gbsa    =       3, iesp    =       0
     dielc   =   1.00000, cut     =1000.00000, intdiel =   1.00000
     saltcon =   0.00000, offset  =   0.19514, surften =   0.00700
     rdt     =   0.00000, rgbmax  =  25.00000  extdiel =  78.50000
     alpb  =        0
     gbalphaH  =   0.78844, gbbetaH   =   0.79870,  gbgammaH  =    0.43733
     gbalphaC  =   0.73376, gbbetaC   =   0.50638,  gbgammaC  =    0.20584
     gbalphaN  =   0.50336, gbbetaN   =   0.31683,  gbgammaN  =    0.19292
     gbalphaOS =   0.86781, gbbetaOS  =   0.87664,  gbgammaOS =    0.38788
     gbalphaP  =   1.00000, gbbetaP   =   0.80000,  gbgammaP  =    4.85000
     gb_alpha_hnu  =   0.53705, gb_beta_hnu   =   0.36286,  gb_gamma_hnu  =    0.11670
     gb_alpha_cnu  =   0.33167, gb_beta_cnu   =   0.19684,  gb_gamma_cnu  =    0.09342
     gb_alpha_nnu  =   0.68631, gb_beta_nnu   =   0.46319,  gb_gamma_nnu  =    0.13872
     gb_alpha_onu  =   0.60634, gb_beta_onu   =   0.46301,  gb_gamma_onu  =    0.14226
     gb_alpha_pnu  =   0.41836, gb_beta_pnu   =   0.29005,  gb_gamma_pnu  =    0.10642

Frozen or restrained atoms:
     ibelly  =       0, ntr     =       1
     restraint_wt =   1.00000

Molecular dynamics:
     nstlim  =    125000, nscm    =         0, nrespa  =         1
     t       =   0.00000, dt      =   0.00200, vlimit  =  20.00000

Langevin dynamics temperature regulation:
     ig      =  539281
     temp0   = 300.00000, tempi   =   0.00000, gamma_ln=   1.00000

SHAKE:
     ntc     =       2, jfastw  =       0
     tol     =   0.00001

| Intermolecular bonds treatment:
|     no_intermolecular_bonds =       1

| Energy averages sample interval:
|     ene_avg_sampling =    5000

    LOADING THE CONSTRAINED ATOMS AS GROUPS


   5.  REFERENCE ATOM COORDINATES

  default_name                                                                    
     Mask @CA,N,C,O; matches   424 atoms

--------------------------------------------------------------------------------
   3.  ATOMIC COORDINATES AND VELOCITIES
--------------------------------------------------------------------------------

default_name                                                                    
 begin time read from input coords =  1000.000 ps

 
 Number of triangulated 3-point waters found:        0
| Dynamic Memory, Types Used:
| Reals               63888
| Integers           218736

--------------------------------------------------------------------------------
   4.  RESULTS
--------------------------------------------------------------------------------


 NSTEP =     5000   TIME(PS) =    1010.000  TEMP(K) =   295.84  PRESS =     0.0
 Etot   =     -1663.7528  EKtot   =      1348.3340  EPtot      =     -3012.0868
 BOND   =       349.4995  ANGLE   =       861.2431  DIHED      =      1416.0192
 1-4 NB =       417.4613  1-4 EEL =      5008.2997  VDWAALS    =      -868.4404
 EELEC  =     -8403.6747  EGB     =     -1875.9180  RESTRAINT  =        40.8377
 EAMBER (non-restraint)  =     -3052.9245
 ESURF=        42.5859
 ------------------------------------------------------------------------------


 NSTEP =    10000   TIME(PS) =    1020.000  TEMP(K) =   312.33  PRESS =     0.0
 Etot   =     -1553.6086  EKtot   =      1423.4697  EPtot      =     -2977.0783
 BOND   =       374.2898  ANGLE   =       912.0229  DIHED      =      1410.8332
 1-4 NB =       405.4816  1-4 EEL =      4978.9821  VDWAALS    =      -873.9310
 EELEC  =     -8294.8939  EGB     =     -1977.6547  RESTRAINT  =        43.9467
 EAMBER (non-restraint)  =     -3021.0250
 ESURF=        43.8451
 ------------------------------------------------------------------------------


 NSTEP =    15000   TIME(PS) =    1030.000  TEMP(K) =   311.35  PRESS =     0.0
 Etot   =     -1564.3773  EKtot   =      1419.0373  EPtot      =     -2983.4146
 BOND   =       362.2690  ANGLE   =       919.8180  DIHED      =      1412.8418
 1-4 NB =       396.1402  1-4 EEL =      4955.5155  VDWAALS    =      -884.4082
 EELEC  =     -8254.5548  EGB     =     -1981.8430  RESTRAINT  =        47.4633
 EAMBER (non-restraint)  =     -3030.8779
 ESURF=        43.3435
 ------------------------------------------------------------------------------


 NSTEP =    20000   TIME(PS) =    1040.000  TEMP(K) =   300.00  PRESS =     0.0
 Etot   =     -1671.7474  EKtot   =      1367.3038  EPtot      =     -3039.0511
 BOND   =       340.7612  ANGLE   =       894.0859  DIHED      =      1397.8313
 1-4 NB =       410.0884  1-4 EEL =      4993.8919  VDWAALS    =      -870.7152
 EELEC  =     -8328.9282  EGB     =     -1961.9100  RESTRAINT  =        42.1661
 EAMBER (non-restraint)  =     -3081.2172
 ESURF=        43.6776
 ------------------------------------------------------------------------------


 NSTEP =    25000   TIME(PS) =    1050.000  TEMP(K) =   296.93  PRESS =     0.0
 Etot   =     -1674.1396  EKtot   =      1353.2941  EPtot      =     -3027.4337
 BOND   =       343.4344  ANGLE   =       883.3946  DIHED      =      1408.1151
 1-4 NB =       415.8622  1-4 EEL =      4996.3205  VDWAALS    =      -880.0184
 EELEC  =     -8236.0957  EGB     =     -2042.3713  RESTRAINT  =        40.5962
 EAMBER (non-restraint)  =     -3068.0299
 ESURF=        43.3288
 ------------------------------------------------------------------------------


 NSTEP =    30000   TIME(PS) =    1060.000  TEMP(K) =   309.27  PRESS =     0.0
 Etot   =     -1540.1678  EKtot   =      1409.5169  EPtot      =     -2949.6848
 BOND   =       378.5689  ANGLE   =       907.2707  DIHED      =      1418.6177
 1-4 NB =       407.0274  1-4 EEL =      4991.7631  VDWAALS    =      -850.2568
 EELEC  =     -8335.2544  EGB     =     -1957.5903  RESTRAINT  =        46.8437
 EAMBER (non-restraint)  =     -2996.5285
 ESURF=        43.3252
 ------------------------------------------------------------------------------


 NSTEP =    35000   TIME(PS) =    1070.000  TEMP(K) =   300.12  PRESS =     0.0
 Etot   =     -1605.6005  EKtot   =      1367.8134  EPtot      =     -2973.4139
 BOND   =       326.8288  ANGLE   =       935.8179  DIHED      =      1424.8468
 1-4 NB =       414.9832  1-4 EEL =      4973.6453  VDWAALS    =      -849.8110
 EELEC  =     -8319.5166  EGB     =     -1969.4086  RESTRAINT  =        44.5618
 EAMBER (non-restraint)  =     -3017.9757
 ESURF=        44.6385
 ------------------------------------------------------------------------------


 NSTEP =    40000   TIME(PS) =    1080.000  TEMP(K) =   294.43  PRESS =     0.0
 Etot   =     -1658.0978  EKtot   =      1341.8868  EPtot      =     -2999.9846
 BOND   =       354.2083  ANGLE   =       882.0607  DIHED      =      1405.9130
 1-4 NB =       402.3586  1-4 EEL =      5015.4426  VDWAALS    =      -857.3845
 EELEC  =     -8340.5988  EGB     =     -1951.8321  RESTRAINT  =        45.8962
 EAMBER (non-restraint)  =     -3045.8808
 ESURF=        43.9514
 ------------------------------------------------------------------------------


 NSTEP =    45000   TIME(PS) =    1090.000  TEMP(K) =   303.48  PRESS =     0.0
 Etot   =     -1606.7874  EKtot   =      1383.1620  EPtot      =     -2989.9494
 BOND   =       358.0907  ANGLE   =       901.9066  DIHED      =      1413.3802
 1-4 NB =       409.5297  1-4 EEL =      4990.2797  VDWAALS    =      -870.1082
 EELEC  =     -8282.9699  EGB     =     -1990.5106  RESTRAINT  =        37.3706
 EAMBER (non-restraint)  =     -3027.3199
 ESURF=        43.0818
 ------------------------------------------------------------------------------


 NSTEP =    50000   TIME(PS) =    1100.000  TEMP(K) =   309.27  PRESS =     0.0
 Etot   =     -1651.0129  EKtot   =      1409.5425  EPtot      =     -3060.5554
 BOND   =       346.3937  ANGLE   =       844.1419  DIHED      =      1412.2165
 1-4 NB =       403.7769  1-4 EEL =      4974.1256  VDWAALS    =      -851.4223
 EELEC  =     -8314.3089  EGB     =     -1964.2509  RESTRAINT  =        44.2019
 EAMBER (non-restraint)  =     -3104.7574
 ESURF=        44.5703
 ------------------------------------------------------------------------------


 NSTEP =    55000   TIME(PS) =    1110.000  TEMP(K) =   303.07  PRESS =     0.0
 Etot   =     -1636.3995  EKtot   =      1381.2781  EPtot      =     -3017.6776
 BOND   =       372.3139  ANGLE   =       893.1958  DIHED      =      1396.3292
 1-4 NB =       403.2253  1-4 EEL =      4985.8456  VDWAALS    =      -867.8087
 EELEC  =     -8339.9339  EGB     =     -1943.4103  RESTRAINT  =        39.1414
 EAMBER (non-restraint)  =     -3056.8190
 ESURF=        43.4242
 ------------------------------------------------------------------------------


 NSTEP =    60000   TIME(PS) =    1120.000  TEMP(K) =   303.82  PRESS =     0.0
 Etot   =     -1600.6523  EKtot   =      1384.6918  EPtot      =     -2985.3441
 BOND   =       363.3992  ANGLE   =       897.1136  DIHED      =      1388.6104
 1-4 NB =       409.4081  1-4 EEL =      4975.8972  VDWAALS    =      -864.7329
 EELEC  =     -8262.7079  EGB     =     -1987.4140  RESTRAINT  =        50.0901
 EAMBER (non-restraint)  =     -3035.4342
 ESURF=        44.9922
 ------------------------------------------------------------------------------


 NSTEP =    65000   TIME(PS) =    1130.000  TEMP(K) =   308.02  PRESS =     0.0
 Etot   =     -1563.3165  EKtot   =      1403.8545  EPtot      =     -2967.1710
 BOND   =       345.8883  ANGLE   =       898.9687  DIHED      =      1446.5583
 1-4 NB =       407.4521  1-4 EEL =      5001.2970  VDWAALS    =      -876.1114
 EELEC  =     -8353.1747  EGB     =     -1929.6875  RESTRAINT  =        47.1475
 EAMBER (non-restraint)  =     -3014.3185
 ESURF=        44.4906
 ------------------------------------------------------------------------------


 NSTEP =    70000   TIME(PS) =    1140.000  TEMP(K) =   298.26  PRESS =     0.0
 Etot   =     -1672.8950  EKtot   =      1359.3536  EPtot      =     -3032.2486
 BOND   =       356.2366  ANGLE   =       894.4983  DIHED      =      1396.6392
 1-4 NB =       410.2649  1-4 EEL =      4979.9105  VDWAALS    =      -859.7841
 EELEC  =     -8315.6297  EGB     =     -1984.0639  RESTRAINT  =        44.1053
 EAMBER (non-restraint)  =     -3076.3540
 ESURF=        45.5742
 ------------------------------------------------------------------------------


 NSTEP =    75000   TIME(PS) =    1150.000  TEMP(K) =   309.28  PRESS =     0.0
 Etot   =     -1533.7123  EKtot   =      1409.5701  EPtot      =     -2943.2824
 BOND   =       374.5823  ANGLE   =       927.6675  DIHED      =      1420.2385
 1-4 NB =       407.8798  1-4 EEL =      5022.0416  VDWAALS    =      -862.4473
 EELEC  =     -8311.7896  EGB     =     -2015.6464  RESTRAINT  =        48.9113
 EAMBER (non-restraint)  =     -2992.1937
 ESURF=        45.2798
 ------------------------------------------------------------------------------


 NSTEP =    80000   TIME(PS) =    1160.000  TEMP(K) =   286.39  PRESS =     0.0
 Etot   =     -1677.8138  EKtot   =      1305.2565  EPtot      =     -2983.0702
 BOND   =       365.9841  ANGLE   =       900.2506  DIHED      =      1430.0812
 1-4 NB =       414.9279  1-4 EEL =      5005.2029  VDWAALS    =      -868.1141
 EELEC  =     -8293.5097  EGB     =     -2029.0380  RESTRAINT  =        45.8540
 EAMBER (non-restraint)  =     -3028.9242
 ESURF=        45.2908
 ------------------------------------------------------------------------------


 NSTEP =    85000   TIME(PS) =    1170.000  TEMP(K) =   288.61  PRESS =     0.0
 Etot   =     -1687.6028  EKtot   =      1315.3733  EPtot      =     -3002.9761
 BOND   =       338.3833  ANGLE   =       896.9162  DIHED      =      1419.3824
 1-4 NB =       418.9586  1-4 EEL =      5000.3478  VDWAALS    =      -857.8640
 EELEC  =     -8362.0399  EGB     =     -1940.3746  RESTRAINT  =        38.6258
 EAMBER (non-restraint)  =     -3041.6019
 ESURF=        44.6882
 ------------------------------------------------------------------------------


 NSTEP =    90000   TIME(PS) =    1180.000  TEMP(K) =   311.45  PRESS =     0.0
 Etot   =     -1619.8428  EKtot   =      1419.4803  EPtot      =     -3039.3230
 BOND   =       339.9186  ANGLE   =       864.7847  DIHED      =      1420.0230
 1-4 NB =       405.6212  1-4 EEL =      4986.5534  VDWAALS    =      -885.2915
 EELEC  =     -8204.2620  EGB     =     -2052.9910  RESTRAINT  =        40.9521
 EAMBER (non-restraint)  =     -3080.2752
 ESURF=        45.3686
 ------------------------------------------------------------------------------


 NSTEP =    95000   TIME(PS) =    1190.000  TEMP(K) =   307.98  PRESS =     0.0
 Etot   =     -1629.4706  EKtot   =      1403.6387  EPtot      =     -3033.1092
 BOND   =       342.6392  ANGLE   =       881.1918  DIHED      =      1393.6492
 1-4 NB =       416.1927  1-4 EEL =      4978.5941  VDWAALS    =      -863.2656
 EELEC  =     -8317.4344  EGB     =     -1951.8394  RESTRAINT  =        41.3196
 EAMBER (non-restraint)  =     -3074.4289
 ESURF=        45.8435
 ------------------------------------------------------------------------------


 NSTEP =   100000   TIME(PS) =    1200.000  TEMP(K) =   287.48  PRESS =     0.0
 Etot   =     -1738.6809  EKtot   =      1310.2402  EPtot      =     -3048.9212
 BOND   =       356.5687  ANGLE   =       849.1098  DIHED      =      1416.8991
 1-4 NB =       412.8641  1-4 EEL =      4965.0601  VDWAALS    =      -853.8473
 EELEC  =     -8294.5883  EGB     =     -1984.5889  RESTRAINT  =        37.9843
 EAMBER (non-restraint)  =     -3086.9055
 ESURF=        45.6172
 ------------------------------------------------------------------------------


 NSTEP =   105000   TIME(PS) =    1210.000  TEMP(K) =   310.89  PRESS =     0.0
 Etot   =     -1552.0436  EKtot   =      1416.9218  EPtot      =     -2968.9654
 BOND   =       374.9589  ANGLE   =       905.1136  DIHED      =      1427.2937
 1-4 NB =       402.0955  1-4 EEL =      4945.0746  VDWAALS    =      -857.4346
 EELEC  =     -8240.9871  EGB     =     -2019.5769  RESTRAINT  =        48.6684
 EAMBER (non-restraint)  =     -3017.6338
 ESURF=        45.8285
 ------------------------------------------------------------------------------


 NSTEP =   110000   TIME(PS) =    1220.000  TEMP(K) =   305.24  PRESS =     0.0
 Etot   =     -1625.4079  EKtot   =      1391.1604  EPtot      =     -3016.5683
 BOND   =       365.4299  ANGLE   =       862.1951  DIHED      =      1418.5529
 1-4 NB =       401.3886  1-4 EEL =      5011.0359  VDWAALS    =      -871.6344
 EELEC  =     -8271.7925  EGB     =     -2008.9679  RESTRAINT  =        32.7298
 EAMBER (non-restraint)  =     -3049.2981
 ESURF=        44.4943
 ------------------------------------------------------------------------------


 NSTEP =   115000   TIME(PS) =    1230.000  TEMP(K) =   302.86  PRESS =     0.0
 Etot   =     -1638.1496  EKtot   =      1380.3320  EPtot      =     -3018.4815
 BOND   =       321.9614  ANGLE   =       906.8651  DIHED      =      1407.5276
 1-4 NB =       410.3412  1-4 EEL =      4971.4809  VDWAALS    =      -855.5672
 EELEC  =     -8282.1411  EGB     =     -1985.4743  RESTRAINT  =        40.4605
 EAMBER (non-restraint)  =     -3058.9420
 ESURF=        46.0644
 ------------------------------------------------------------------------------


 NSTEP =   120000   TIME(PS) =    1240.000  TEMP(K) =   307.82  PRESS =     0.0
 Etot   =     -1623.1045  EKtot   =      1402.9358  EPtot      =     -3026.0403
 BOND   =       352.1496  ANGLE   =       854.0037  DIHED      =      1421.9899
 1-4 NB =       418.2510  1-4 EEL =      5026.6658  VDWAALS    =      -876.0045
 EELEC  =     -8327.8795  EGB     =     -1971.9369  RESTRAINT  =        32.2383
 EAMBER (non-restraint)  =     -3058.2786
 ESURF=        44.4823
 ------------------------------------------------------------------------------


 NSTEP =   125000   TIME(PS) =    1250.000  TEMP(K) =   295.41  PRESS =     0.0
 Etot   =     -1646.4094  EKtot   =      1346.3665  EPtot      =     -2992.7759
 BOND   =       375.3426  ANGLE   =       903.0147  DIHED      =      1419.3503
 1-4 NB =       400.9278  1-4 EEL =      4946.9157  VDWAALS    =      -873.6251
 EELEC  =     -8290.9882  EGB     =     -1952.7737  RESTRAINT  =        33.7165
 EAMBER (non-restraint)  =     -3026.4924
 ESURF=        45.3435
 ------------------------------------------------------------------------------


      A V E R A G E S   O V E R      25 S T E P S


 NSTEP =   125000   TIME(PS) =    1250.000  TEMP(K) =   302.38  PRESS =     0.0
 Etot   =     -1625.3917  EKtot   =      1378.1526  EPtot      =     -3003.5443
 BOND   =       355.2040  ANGLE   =       891.0660  DIHED      =      1413.7496
 1-4 NB =       408.9003  1-4 EEL =      4987.2076  VDWAALS    =      -866.0011
 EELEC  =     -8303.1862  EGB     =     -1977.2429  RESTRAINT  =        42.2332
 EAMBER (non-restraint)  =     -3045.7775
 ESURF=        44.5252
 ------------------------------------------------------------------------------


      R M S  F L U C T U A T I O N S


 NSTEP =   125000   TIME(PS) =    1250.000  TEMP(K) =     7.64  PRESS =     0.0
 Etot   =        51.1224  EKtot   =        34.8402  EPtot      =        30.6067
 BOND   =        15.3133  ANGLE   =        23.5015  DIHED      =        12.5751
 1-4 NB =         6.0598  1-4 EEL =        21.2173  VDWAALS    =        10.1362
 EELEC  =        43.0420  EGB     =        37.5267  RESTRAINT  =         4.8991
 EAMBER (non-restraint)  =        25.7076
 ESURF=         0.9743
 ------------------------------------------------------------------------------

--------------------------------------------------------------------------------
   5.  TIMINGS
--------------------------------------------------------------------------------

|  NonSetup CPU Time in Major Routines:
|
|     Routine           Sec        %
|     ------------------------------
|     Nonbond       15379.44   98.58
|     Bond              1.55    0.01
|     Angle            26.16    0.17
|     Dihedral        147.24    0.94
|     Shake             6.99    0.04
|     RunMD            40.13    0.26
|     Other             0.07    0.00
|     ------------------------------
|     Total         15601.58

|  Generalized Born CPU Time:
|
|     Routine                 Sec        %
|     ------------------------------------
|     Radii Calc           3510.14   22.50
|     Diagonal Calc        6534.48   41.88
|     Off Diagonal Calc    5324.77   34.13
|     GBSA LCPO Calc          0.09    0.00
|     ---------------------------------
|     Total               15369.39   98.51

|  Final Performance Info:
|     -----------------------------------------------------
|     Average timings for last       1 steps:
|     Elapsed(s) =       0.00 Per Step(ms) =       0.10
|         ns/day =    1800.99   seconds/ns =      47.97
|
|     Average timings for all steps:
|     Elapsed(s) =   61249.72 Per Step(ms) =     490.00
|         ns/day =       0.35   seconds/ns =  244998.89
|     -----------------------------------------------------

|  Setup CPU time:            0.03 seconds
|  NonSetup CPU time:     15601.58 seconds
|  Total CPU time:        15601.60 seconds     4.33 hours

|  Setup wall time:           0    seconds
|  NonSetup wall time:    61249    seconds
|  Total wall time:       61249    seconds    17.01 hours
