
          -------------------------------------------------------
          Amber 22 PMEMD                              2022
          -------------------------------------------------------

| PMEMD implementation of SANDER, Release 22

|  Compiled date/time: Thu Apr 14 23:36:37 2022
| Run on 01/09/2024 at 10:48:58

|   Executable path: pmemd
| Working directory: /home/arul/Reegina/MD_Sim/set2_group/2J5A_info
|          Hostname: Unknown
  [-O]verwriting output

File Assignments:
|   MDIN: eq2.in                                                                
|  MDOUT: eq2.out                                                               
| INPCRD: eq1.rst7                                                              
|   PARM: 2J5A.hmass.parm7                                                      
| RESTRT: eq2.rst7                                                              
|   REFC: eq1.rst7                                                              
|  MDVEL: mdvel                                                                 
|   MDEN: mden                                                                  
|  MDCRD: eq2.crd                                                               
| MDINFO: eq2.info                                                              
|  MDFRC: mdfrc                                                                 


 Here is the input file:

&cntrl                                                                         
   ntx = 5,                                                                    
   ntwx = 5000, ntwe = 0, ntwr = 500,                                          
   ntpr = 5000,                                                                
                                                                               
   ioutfm=0, ntxo=1,                                                           
                                                                               
   imin = 0, nstlim = 125000, dt = 0.002,                                      
                                                                               
   ntt = 3, gamma_ln=1., temp0 = 300.0,                                        
   nscm = 1000, ig = -1, irest = 1,                                            
                                                                               
   ntc= 2, ntf = 2, cut = 1000,                                                
                                                                               
   igb=8, gbsa=3, surften=0.007, ntb = 0,                                      
   saltcon=0.,                                                                 
                                                                               
   ntr=1, restraintmask="@CA,N,C,O",                                           
   restraint_wt=0.1,                                                           
 /                                                                             


Note: ig = -1. Setting random seed to   381253 based on wallclock time in 
      microseconds.
| irandom = 1, using AMBER's internal random number generator (default).
 
| Conditional Compilation Defines Used:
| PUBFFT
| BINTRAJ
| EMIL

| New format PARM file being parsed.
| Version =    1.000 Date = 12/30/23 Time = 23:54:36

| Note: 1-4 EEL scale factors are being read from the topology file.

| Note: 1-4 VDW scale factors are being read from the topology file.
| INFO:    Reading atomic numbers from topology file.
| Duplicated    0 dihedrals

| Duplicated    0 dihedrals

--------------------------------------------------------------------------------
   1.  RESOURCE   USE: 
--------------------------------------------------------------------------------

 NATOM  =    1835 NTYPES =      14 NBONH =     918 MBONA  =     938
 NTHETH =    2106 MTHETA =    1260 NPHIH =    4196 MPHIA  =    3918
 NHPARM =       0 NPARM  =       0 NNB   =   10191 NRES   =     106
 NBONA  =     938 NTHETA =    1260 NPHIA =    3918 NUMBND =      63
 NUMANG =     149 NPTRA  =     178 NATYP =      31 NPHB   =       0
 IFBOX  =       0 NMXRS  =      24 IFCAP =       0 NEXTRA =       0
 NCOPY  =       0

 Implicit solvent radii are ArgH and AspGluO modified Bondi2 radii (mbondi3)                                
 Replacing prmtop screening parameters with GBn2 (igb=8) values
--------------------------------------------------------------------------------
   2.  CONTROL  DATA  FOR  THE  RUN
--------------------------------------------------------------------------------

default_name                                                                    

General flags:
     imin    =       0, nmropt  =       0

Nature and format of input:
     ntx     =       5, irest   =       1, ntrx    =       1

Nature and format of output:
     ntxo    =       1, ntpr    =    5000, ntrx    =       1, ntwr    =     500
     iwrap   =       0, ntwx    =    5000, ntwv    =       0, ntwe    =       0
     ioutfm  =       0, ntwprt  =       0, idecomp =       0, rbornstat=      0

Potential function:
     ntf     =       2, ntb     =       0, igb     =       8, nsnb    =      25
     ipol    =       0, gbsa    =       3, iesp    =       0
     dielc   =   1.00000, cut     =1000.00000, intdiel =   1.00000
     saltcon =   0.00000, offset  =   0.19514, surften =   0.00700
     rdt     =   0.00000, rgbmax  =  25.00000  extdiel =  78.50000
     alpb  =        0
     gbalphaH  =   0.78844, gbbetaH   =   0.79870,  gbgammaH  =    0.43733
     gbalphaC  =   0.73376, gbbetaC   =   0.50638,  gbgammaC  =    0.20584
     gbalphaN  =   0.50336, gbbetaN   =   0.31683,  gbgammaN  =    0.19292
     gbalphaOS =   0.86781, gbbetaOS  =   0.87664,  gbgammaOS =    0.38788
     gbalphaP  =   1.00000, gbbetaP   =   0.80000,  gbgammaP  =    4.85000
     gb_alpha_hnu  =   0.53705, gb_beta_hnu   =   0.36286,  gb_gamma_hnu  =    0.11670
     gb_alpha_cnu  =   0.33167, gb_beta_cnu   =   0.19684,  gb_gamma_cnu  =    0.09342
     gb_alpha_nnu  =   0.68631, gb_beta_nnu   =   0.46319,  gb_gamma_nnu  =    0.13872
     gb_alpha_onu  =   0.60634, gb_beta_onu   =   0.46301,  gb_gamma_onu  =    0.14226
     gb_alpha_pnu  =   0.41836, gb_beta_pnu   =   0.29005,  gb_gamma_pnu  =    0.10642

Frozen or restrained atoms:
     ibelly  =       0, ntr     =       1
     restraint_wt =   0.10000

Molecular dynamics:
     nstlim  =    125000, nscm    =         0, nrespa  =         1
     t       =   0.00000, dt      =   0.00200, vlimit  =  20.00000

Langevin dynamics temperature regulation:
     ig      =  381253
     temp0   = 300.00000, tempi   =   0.00000, gamma_ln=   1.00000

SHAKE:
     ntc     =       2, jfastw  =       0
     tol     =   0.00001

| Intermolecular bonds treatment:
|     no_intermolecular_bonds =       1

| Energy averages sample interval:
|     ene_avg_sampling =    5000

    LOADING THE CONSTRAINED ATOMS AS GROUPS


   5.  REFERENCE ATOM COORDINATES

  default_name                                                                    
     Mask @CA,N,C,O; matches   424 atoms

--------------------------------------------------------------------------------
   3.  ATOMIC COORDINATES AND VELOCITIES
--------------------------------------------------------------------------------

default_name                                                                    
 begin time read from input coords =  1250.000 ps

 
 Number of triangulated 3-point waters found:        0
| Dynamic Memory, Types Used:
| Reals               63888
| Integers           218736

--------------------------------------------------------------------------------
   4.  RESULTS
--------------------------------------------------------------------------------


 NSTEP =     5000   TIME(PS) =    1260.000  TEMP(K) =   307.97  PRESS =     0.0
 Etot   =     -1638.3222  EKtot   =      1403.6154  EPtot      =     -3041.9377
 BOND   =       351.9288  ANGLE   =       890.7972  DIHED      =      1393.8940
 1-4 NB =       396.0217  1-4 EEL =      4918.6827  VDWAALS    =      -841.1201
 EELEC  =     -8221.5062  EGB     =     -1996.9159  RESTRAINT  =        18.4637
 EAMBER (non-restraint)  =     -3060.4014
 ESURF=        47.8165
 ------------------------------------------------------------------------------


 NSTEP =    10000   TIME(PS) =    1270.000  TEMP(K) =   305.36  PRESS =     0.0
 Etot   =     -1650.9148  EKtot   =      1391.7110  EPtot      =     -3042.6258
 BOND   =       357.7748  ANGLE   =       868.4872  DIHED      =      1414.5624
 1-4 NB =       412.3921  1-4 EEL =      4951.9317  VDWAALS    =      -858.9282
 EELEC  =     -8220.1912  EGB     =     -2034.0618  RESTRAINT  =        16.6707
 EAMBER (non-restraint)  =     -3059.2964
 ESURF=        48.7364
 ------------------------------------------------------------------------------


 NSTEP =    15000   TIME(PS) =    1280.000  TEMP(K) =   304.84  PRESS =     0.0
 Etot   =     -1649.6328  EKtot   =      1389.3366  EPtot      =     -3038.9694
 BOND   =       350.5645  ANGLE   =       902.3729  DIHED      =      1403.3224
 1-4 NB =       407.0295  1-4 EEL =      4959.9168  VDWAALS    =      -836.1214
 EELEC  =     -8323.4520  EGB     =     -1964.6994  RESTRAINT  =        13.9907
 EAMBER (non-restraint)  =     -3052.9601
 ESURF=        48.1066
 ------------------------------------------------------------------------------


 NSTEP =    20000   TIME(PS) =    1290.000  TEMP(K) =   299.81  PRESS =     0.0
 Etot   =     -1619.6579  EKtot   =      1366.4132  EPtot      =     -2986.0711
 BOND   =       374.5320  ANGLE   =       898.7488  DIHED      =      1423.2351
 1-4 NB =       391.9120  1-4 EEL =      4978.2040  VDWAALS    =      -846.5888
 EELEC  =     -8352.0796  EGB     =     -1922.9829  RESTRAINT  =        19.0071
 EAMBER (non-restraint)  =     -3005.0782
 ESURF=        49.9412
 ------------------------------------------------------------------------------


 NSTEP =    25000   TIME(PS) =    1300.000  TEMP(K) =   297.26  PRESS =     0.0
 Etot   =     -1667.3225  EKtot   =      1354.8012  EPtot      =     -3022.1237
 BOND   =       388.0703  ANGLE   =       876.1890  DIHED      =      1404.9293
 1-4 NB =       390.8552  1-4 EEL =      4993.6425  VDWAALS    =      -858.7174
 EELEC  =     -8310.1961  EGB     =     -1968.3603  RESTRAINT  =        15.4029
 EAMBER (non-restraint)  =     -3037.5266
 ESURF=        46.0609
 ------------------------------------------------------------------------------


 NSTEP =    30000   TIME(PS) =    1310.000  TEMP(K) =   294.43  PRESS =     0.0
 Etot   =     -1649.8620  EKtot   =      1341.8786  EPtot      =     -2991.7406
 BOND   =       345.5287  ANGLE   =       922.3686  DIHED      =      1406.9151
 1-4 NB =       415.1806  1-4 EEL =      4981.1796  VDWAALS    =      -856.3389
 EELEC  =     -8269.1478  EGB     =     -2000.1603  RESTRAINT  =        16.1250
 EAMBER (non-restraint)  =     -3007.8656
 ESURF=        46.6088
 ------------------------------------------------------------------------------


 NSTEP =    35000   TIME(PS) =    1320.000  TEMP(K) =   298.56  PRESS =     0.0
 Etot   =     -1680.5037  EKtot   =      1360.7231  EPtot      =     -3041.2268
 BOND   =       362.3539  ANGLE   =       895.8838  DIHED      =      1397.3478
 1-4 NB =       393.2620  1-4 EEL =      4974.1033  VDWAALS    =      -879.1943
 EELEC  =     -8199.2956  EGB     =     -2052.5317  RESTRAINT  =        18.9520
 EAMBER (non-restraint)  =     -3060.1788
 ESURF=        47.8919
 ------------------------------------------------------------------------------


 NSTEP =    40000   TIME(PS) =    1330.000  TEMP(K) =   302.23  PRESS =     0.0
 Etot   =     -1649.9427  EKtot   =      1377.4652  EPtot      =     -3027.4079
 BOND   =       338.4731  ANGLE   =       897.3219  DIHED      =      1401.0885
 1-4 NB =       400.1776  1-4 EEL =      4994.1679  VDWAALS    =      -838.0104
 EELEC  =     -8256.8769  EGB     =     -2031.6898  RESTRAINT  =        19.7655
 EAMBER (non-restraint)  =     -3047.1734
 ESURF=        48.1746
 ------------------------------------------------------------------------------


 NSTEP =    45000   TIME(PS) =    1340.000  TEMP(K) =   300.08  PRESS =     0.0
 Etot   =     -1671.1530  EKtot   =      1367.6540  EPtot      =     -3038.8070
 BOND   =       320.7806  ANGLE   =       892.2860  DIHED      =      1408.8342
 1-4 NB =       406.5532  1-4 EEL =      5008.6635  VDWAALS    =      -849.2467
 EELEC  =     -8248.6528  EGB     =     -2048.3113  RESTRAINT  =        21.0496
 EAMBER (non-restraint)  =     -3059.8566
 ESURF=        49.2368
 ------------------------------------------------------------------------------


 NSTEP =    50000   TIME(PS) =    1350.000  TEMP(K) =   298.75  PRESS =     0.0
 Etot   =     -1652.8436  EKtot   =      1361.5720  EPtot      =     -3014.4156
 BOND   =       399.9314  ANGLE   =       901.5067  DIHED      =      1397.4949
 1-4 NB =       385.6296  1-4 EEL =      4932.9464  VDWAALS    =      -843.3940
 EELEC  =     -8326.1893  EGB     =     -1926.7742  RESTRAINT  =        17.0578
 EAMBER (non-restraint)  =     -3031.4735
 ESURF=        47.3751
 ------------------------------------------------------------------------------


 NSTEP =    55000   TIME(PS) =    1360.000  TEMP(K) =   303.10  PRESS =     0.0
 Etot   =     -1605.4080  EKtot   =      1381.4151  EPtot      =     -2986.8231
 BOND   =       347.5597  ANGLE   =       926.2950  DIHED      =      1399.3550
 1-4 NB =       408.3572  1-4 EEL =      4972.1492  VDWAALS    =      -873.0374
 EELEC  =     -8234.3493  EGB     =     -1996.4629  RESTRAINT  =        16.2000
 EAMBER (non-restraint)  =     -3003.0231
 ESURF=        47.1103
 ------------------------------------------------------------------------------


 NSTEP =    60000   TIME(PS) =    1370.000  TEMP(K) =   293.05  PRESS =     0.0
 Etot   =     -1686.3252  EKtot   =      1335.6062  EPtot      =     -3021.9313
 BOND   =       351.4126  ANGLE   =       871.5149  DIHED      =      1400.8897
 1-4 NB =       419.6766  1-4 EEL =      4994.1968  VDWAALS    =      -853.1973
 EELEC  =     -8209.2924  EGB     =     -2065.1799  RESTRAINT  =        19.4592
 EAMBER (non-restraint)  =     -3041.3906
 ESURF=        48.5884
 ------------------------------------------------------------------------------


 NSTEP =    65000   TIME(PS) =    1380.000  TEMP(K) =   305.47  PRESS =     0.0
 Etot   =     -1636.0132  EKtot   =      1392.2011  EPtot      =     -3028.2143
 BOND   =       368.0706  ANGLE   =       900.6958  DIHED      =      1410.8605
 1-4 NB =       408.4637  1-4 EEL =      4970.2924  VDWAALS    =      -878.2525
 EELEC  =     -8202.6985  EGB     =     -2068.2507  RESTRAINT  =        15.4616
 EAMBER (non-restraint)  =     -3043.6759
 ESURF=        47.1429
 ------------------------------------------------------------------------------


 NSTEP =    70000   TIME(PS) =    1390.000  TEMP(K) =   290.53  PRESS =     0.0
 Etot   =     -1720.0564  EKtot   =      1324.1136  EPtot      =     -3044.1700
 BOND   =       376.1903  ANGLE   =       892.4364  DIHED      =      1400.4728
 1-4 NB =       395.6165  1-4 EEL =      4958.0974  VDWAALS    =      -851.9152
 EELEC  =     -8196.9700  EGB     =     -2082.2869  RESTRAINT  =        16.2186
 EAMBER (non-restraint)  =     -3060.3885
 ESURF=        47.9701
 ------------------------------------------------------------------------------


 NSTEP =    75000   TIME(PS) =    1400.000  TEMP(K) =   303.46  PRESS =     0.0
 Etot   =     -1644.8472  EKtot   =      1383.0577  EPtot      =     -3027.9049
 BOND   =       359.4223  ANGLE   =       914.1604  DIHED      =      1379.2999
 1-4 NB =       402.1776  1-4 EEL =      4976.5290  VDWAALS    =      -847.4706
 EELEC  =     -8289.7823  EGB     =     -1988.3192  RESTRAINT  =        18.0361
 EAMBER (non-restraint)  =     -3045.9410
 ESURF=        48.0419
 ------------------------------------------------------------------------------


 NSTEP =    80000   TIME(PS) =    1410.000  TEMP(K) =   305.91  PRESS =     0.0
 Etot   =     -1657.8887  EKtot   =      1394.2033  EPtot      =     -3052.0920
 BOND   =       348.6248  ANGLE   =       837.9286  DIHED      =      1420.0279
 1-4 NB =       407.2569  1-4 EEL =      4968.1310  VDWAALS    =      -838.6220
 EELEC  =     -8238.0978  EGB     =     -2024.5448  RESTRAINT  =        19.1455
 EAMBER (non-restraint)  =     -3071.2376
 ESURF=        48.0578
 ------------------------------------------------------------------------------


 NSTEP =    85000   TIME(PS) =    1420.000  TEMP(K) =   303.37  PRESS =     0.0
 Etot   =     -1644.0771  EKtot   =      1382.6271  EPtot      =     -3026.7042
 BOND   =       355.7068  ANGLE   =       902.1386  DIHED      =      1419.8187
 1-4 NB =       405.4857  1-4 EEL =      4919.6650  VDWAALS    =      -843.9799
 EELEC  =     -8240.0696  EGB     =     -2011.3921  RESTRAINT  =        17.9137
 EAMBER (non-restraint)  =     -3044.6180
 ESURF=        48.0089
 ------------------------------------------------------------------------------


 NSTEP =    90000   TIME(PS) =    1430.000  TEMP(K) =   306.05  PRESS =     0.0
 Etot   =     -1685.1502  EKtot   =      1394.8614  EPtot      =     -3080.0117
 BOND   =       359.0344  ANGLE   =       846.8591  DIHED      =      1386.9392
 1-4 NB =       407.7159  1-4 EEL =      4970.4817  VDWAALS    =      -825.4114
 EELEC  =     -8264.9375  EGB     =     -2021.8700  RESTRAINT  =        14.1155
 EAMBER (non-restraint)  =     -3094.1272
 ESURF=        47.0614
 ------------------------------------------------------------------------------


 NSTEP =    95000   TIME(PS) =    1440.000  TEMP(K) =   297.41  PRESS =     0.0
 Etot   =     -1656.2171  EKtot   =      1355.5046  EPtot      =     -3011.7216
 BOND   =       361.4248  ANGLE   =       897.4923  DIHED      =      1417.5347
 1-4 NB =       406.4349  1-4 EEL =      4962.9291  VDWAALS    =      -843.9011
 EELEC  =     -8224.4285  EGB     =     -2054.4424  RESTRAINT  =        16.2155
 EAMBER (non-restraint)  =     -3027.9371
 ESURF=        49.0191
 ------------------------------------------------------------------------------


 NSTEP =   100000   TIME(PS) =    1450.000  TEMP(K) =   310.85  PRESS =     0.0
 Etot   =     -1579.6909  EKtot   =      1416.7552  EPtot      =     -2996.4461
 BOND   =       364.0750  ANGLE   =       903.1752  DIHED      =      1421.2756
 1-4 NB =       401.7342  1-4 EEL =      4987.2146  VDWAALS    =      -855.8578
 EELEC  =     -8189.0507  EGB     =     -2097.4966  RESTRAINT  =        19.6818
 EAMBER (non-restraint)  =     -3016.1279
 ESURF=        48.8026
 ------------------------------------------------------------------------------


 NSTEP =   105000   TIME(PS) =    1460.000  TEMP(K) =   283.47  PRESS =     0.0
 Etot   =     -1685.3781  EKtot   =      1291.9556  EPtot      =     -2977.3337
 BOND   =       346.3734  ANGLE   =       930.4364  DIHED      =      1414.0821
 1-4 NB =       398.8814  1-4 EEL =      4973.5981  VDWAALS    =      -837.8182
 EELEC  =     -8216.7240  EGB     =     -2053.7498  RESTRAINT  =        18.6976
 EAMBER (non-restraint)  =     -2996.0313
 ESURF=        48.8894
 ------------------------------------------------------------------------------


 NSTEP =   110000   TIME(PS) =    1470.000  TEMP(K) =   301.46  PRESS =     0.0
 Etot   =     -1686.8541  EKtot   =      1373.9470  EPtot      =     -3060.8011
 BOND   =       336.6494  ANGLE   =       871.1413  DIHED      =      1416.4579
 1-4 NB =       397.9577  1-4 EEL =      4984.9888  VDWAALS    =      -837.7381
 EELEC  =     -8246.4716  EGB     =     -2050.6720  RESTRAINT  =        17.1366
 EAMBER (non-restraint)  =     -3077.9377
 ESURF=        49.7489
 ------------------------------------------------------------------------------


 NSTEP =   115000   TIME(PS) =    1480.000  TEMP(K) =   306.37  PRESS =     0.0
 Etot   =     -1670.7623  EKtot   =      1396.2996  EPtot      =     -3067.0619
 BOND   =       330.0367  ANGLE   =       897.0101  DIHED      =      1420.5001
 1-4 NB =       381.7146  1-4 EEL =      4963.9541  VDWAALS    =      -862.9487
 EELEC  =     -8225.2794  EGB     =     -2036.4249  RESTRAINT  =        16.0600
 EAMBER (non-restraint)  =     -3083.1218
 ESURF=        48.3157
 ------------------------------------------------------------------------------


 NSTEP =   120000   TIME(PS) =    1490.000  TEMP(K) =   296.01  PRESS =     0.0
 Etot   =     -1624.1929  EKtot   =      1349.1129  EPtot      =     -2973.3058
 BOND   =       390.2954  ANGLE   =       928.8295  DIHED      =      1403.5721
 1-4 NB =       397.7410  1-4 EEL =      4961.3842  VDWAALS    =      -842.4794
 EELEC  =     -8267.9560  EGB     =     -2010.7036  RESTRAINT  =        18.1989
 EAMBER (non-restraint)  =     -2991.5047
 ESURF=        47.8121
 ------------------------------------------------------------------------------


 NSTEP =   125000   TIME(PS) =    1500.000  TEMP(K) =   309.93  PRESS =     0.0
 Etot   =     -1586.2508  EKtot   =      1412.5249  EPtot      =     -2998.7757
 BOND   =       342.3484  ANGLE   =       960.0202  DIHED      =      1404.6101
 1-4 NB =       395.1669  1-4 EEL =      4931.6174  VDWAALS    =      -862.8885
 EELEC  =     -8239.8070  EGB     =     -1993.2036  RESTRAINT  =        16.2941
 EAMBER (non-restraint)  =     -3015.0698
 ESURF=        47.0663
 ------------------------------------------------------------------------------


      A V E R A G E S   O V E R      25 S T E P S


 NSTEP =   125000   TIME(PS) =    1500.000  TEMP(K) =   301.03  PRESS =     0.0
 Etot   =     -1651.9707  EKtot   =      1371.9742  EPtot      =     -3023.9449
 BOND   =       357.0865  ANGLE   =       897.0438  DIHED      =      1406.6928
 1-4 NB =       401.3358  1-4 EEL =      4967.5467  VDWAALS    =      -850.5271
 EELEC  =     -8248.5401  EGB     =     -2020.0595  RESTRAINT  =        17.4128
 EAMBER (non-restraint)  =     -3041.3577
 ESURF=        48.0634
 ------------------------------------------------------------------------------


      R M S  F L U C T U A T I O N S


 NSTEP =   125000   TIME(PS) =    1500.000  TEMP(K) =     6.21  PRESS =     0.0
 Etot   =        31.7306  EKtot   =        28.2951  EPtot      =        27.7543
 BOND   =        18.2633  ANGLE   =        25.8304  DIHED      =        11.0290
 1-4 NB =         8.8456  1-4 EEL =        22.4597  VDWAALS    =        13.2551
 EELEC  =        42.6151  EGB     =        43.4510  RESTRAINT  =         1.7920
 EAMBER (non-restraint)  =        25.9623
 ESURF=         0.9211
 ------------------------------------------------------------------------------

--------------------------------------------------------------------------------
   5.  TIMINGS
--------------------------------------------------------------------------------

|  NonSetup CPU Time in Major Routines:
|
|     Routine           Sec        %
|     ------------------------------
|     Nonbond       15751.42   98.58
|     Bond              1.57    0.01
|     Angle            26.11    0.16
|     Dihedral        150.56    0.94
|     Shake             7.23    0.05
|     RunMD            41.12    0.26
|     Other             0.08    0.00
|     ------------------------------
|     Total         15978.10

|  Generalized Born CPU Time:
|
|     Routine                 Sec        %
|     ------------------------------------
|     Radii Calc           3573.32   22.36
|     Diagonal Calc        6656.09   41.66
|     Off Diagonal Calc    5511.52   34.49
|     GBSA LCPO Calc          0.10    0.00
|     ---------------------------------
|     Total               15740.93   98.52

|  Final Performance Info:
|     -----------------------------------------------------
|     Average timings for last       1 steps:
|     Elapsed(s) =       0.00 Per Step(ms) =       0.10
|         ns/day =    1743.32   seconds/ns =      49.56
|
|     Average timings for all steps:
|     Elapsed(s) =  108204.31 Per Step(ms) =     865.63
|         ns/day =       0.20   seconds/ns =  432817.25
|     -----------------------------------------------------

|  Setup CPU time:            0.02 seconds
|  NonSetup CPU time:     15978.10 seconds
|  Total CPU time:        15978.12 seconds     4.44 hours

|  Setup wall time:           0    seconds
|  NonSetup wall time:   108205    seconds
|  Total wall time:      108205    seconds    30.06 hours
