
          -------------------------------------------------------
          Amber 22 PMEMD                              2022
          -------------------------------------------------------

| PMEMD implementation of SANDER, Release 22

|  Compiled date/time: Thu Apr 14 23:36:37 2022
| Run on 12/31/2023 at 00:13:52

|   Executable path: pmemd
| Working directory: /home/arul/Reegina/MD_Sim/amber_parameters/2J5A_info
|          Hostname: Unknown
  [-O]verwriting output

File Assignments:
|   MDIN: /home/arul/Reegina/MD_Sim/trial_file/min.in                           
|  MDOUT: min_2J5A.out                                                          
| INPCRD: 2J5A.rst7                                                             
|   PARM: 2J5A.hmass.parm7                                                      
| RESTRT: min_2J5A.rst7                                                         
|   REFC: refc                                                                  
|  MDVEL: mdvel                                                                 
|   MDEN: mden                                                                  
|  MDCRD: min_2J5A.crd                                                          
| MDINFO: min_2J5A.info                                                         
|  MDFRC: mdfrc                                                                 


 Here is the input file:

&cntrl                                                                         
  imin = 1,                                                                    
  maxcyc=100,                                                                  
  ntx = 1,                                                                     
  ntwr = 100,                                                                  
  ntpr = 10,                                                                   
  ioutfm=0,                                                                    
  ntxo=1,                                                                      
  cut = 1000.0,                                                                
  ntb=0,                                                                       
  igb = 8,                                                                     
  gbsa=3,                                                                      
  surften=0.007,                                                               
  saltcon = 0.0,                                                               
/                                                                              


Note: ig = -1. Setting random seed to   569664 based on wallclock time in 
      microseconds.
| irandom = 1, using AMBER's internal random number generator (default).
 
| Conditional Compilation Defines Used:
| PUBFFT
| BINTRAJ
| EMIL

| New format PARM file being parsed.
| Version =    1.000 Date = 12/30/23 Time = 23:54:36

| Note: 1-4 EEL scale factors are being read from the topology file.

| Note: 1-4 VDW scale factors are being read from the topology file.
| INFO:    Reading atomic numbers from topology file.
| Duplicated    0 dihedrals

| Duplicated    0 dihedrals

--------------------------------------------------------------------------------
   1.  RESOURCE   USE: 
--------------------------------------------------------------------------------

 NATOM  =    1835 NTYPES =      14 NBONH =     918 MBONA  =     938
 NTHETH =    2106 MTHETA =    1260 NPHIH =    4196 MPHIA  =    3918
 NHPARM =       0 NPARM  =       0 NNB   =   10191 NRES   =     106
 NBONA  =     938 NTHETA =    1260 NPHIA =    3918 NUMBND =      63
 NUMANG =     149 NPTRA  =     178 NATYP =      31 NPHB   =       0
 IFBOX  =       0 NMXRS  =      24 IFCAP =       0 NEXTRA =       0
 NCOPY  =       0

 Implicit solvent radii are ArgH and AspGluO modified Bondi2 radii (mbondi3)                                
 Replacing prmtop screening parameters with GBn2 (igb=8) values
--------------------------------------------------------------------------------
   2.  CONTROL  DATA  FOR  THE  RUN
--------------------------------------------------------------------------------

default_name                                                                    

General flags:
     imin    =       1, nmropt  =       0

Nature and format of input:
     ntx     =       1, irest   =       0, ntrx    =       1

Nature and format of output:
     ntxo    =       1, ntpr    =      10, ntrx    =       1, ntwr    =     100
     iwrap   =       0, ntwx    =       0, ntwv    =       0, ntwe    =       0
     ioutfm  =       0, ntwprt  =       0, idecomp =       0, rbornstat=      0

Potential function:
     ntf     =       1, ntb     =       0, igb     =       8, nsnb    =      25
     ipol    =       0, gbsa    =       3, iesp    =       0
     dielc   =   1.00000, cut     =1000.00000, intdiel =   1.00000
     saltcon =   0.00000, offset  =   0.19514, surften =   0.00700
     rdt     =   0.00000, rgbmax  =  25.00000  extdiel =  78.50000
     alpb  =        0
     gbalphaH  =   0.78844, gbbetaH   =   0.79870,  gbgammaH  =    0.43733
     gbalphaC  =   0.73376, gbbetaC   =   0.50638,  gbgammaC  =    0.20584
     gbalphaN  =   0.50336, gbbetaN   =   0.31683,  gbgammaN  =    0.19292
     gbalphaOS =   0.86781, gbbetaOS  =   0.87664,  gbgammaOS =    0.38788
     gbalphaP  =   1.00000, gbbetaP   =   0.80000,  gbgammaP  =    4.85000
     gb_alpha_hnu  =   0.53705, gb_beta_hnu   =   0.36286,  gb_gamma_hnu  =    0.11670
     gb_alpha_cnu  =   0.33167, gb_beta_cnu   =   0.19684,  gb_gamma_cnu  =    0.09342
     gb_alpha_nnu  =   0.68631, gb_beta_nnu   =   0.46319,  gb_gamma_nnu  =    0.13872
     gb_alpha_onu  =   0.60634, gb_beta_onu   =   0.46301,  gb_gamma_onu  =    0.14226
     gb_alpha_pnu  =   0.41836, gb_beta_pnu   =   0.29005,  gb_gamma_pnu  =    0.10642

Frozen or restrained atoms:
     ibelly  =       0, ntr     =       0

Energy minimization:
     maxcyc  =     100, ncyc    =      10, ntmin   =       1
     dx0     =   0.01000, drms    =   0.00010

| Intermolecular bonds treatment:
|     no_intermolecular_bonds =       1

| Energy averages sample interval:
|     ene_avg_sampling =       1

--------------------------------------------------------------------------------
   3.  ATOMIC COORDINATES AND VELOCITIES
--------------------------------------------------------------------------------

default_name                                                                    
 begin time read from input coords =     0.000 ps

 
 Number of triangulated 3-point waters found:        0
| Dynamic Memory, Types Used:
| Reals               50125
| Integers           215065

--------------------------------------------------------------------------------
   4.  RESULTS
--------------------------------------------------------------------------------



   NSTEP       ENERGY          RMS            GMAX         NAME    NUMBER
      1      -3.6160E+03     1.0062E+01     1.7416E+02     OXT      1835

 BOND    =       80.6470  ANGLE   =      234.7288  DIHED      =     1317.7049
 VDWAALS =     -731.3822  EEL     =    -8376.8525  EGB        =    -1892.9408
 1-4 VDW =      520.0596  1-4 EEL =     5197.3055  RESTRAINT  =        0.0000
 ESURF   =       34.7106


   NSTEP       ENERGY          RMS            GMAX         NAME    NUMBER
     10      -3.7557E+03     5.4850E+00     1.2680E+02     OXT      1835

 BOND    =       43.6472  ANGLE   =      197.7810  DIHED      =     1314.8109
 VDWAALS =     -760.8764  EEL     =    -8381.3375  EGB        =    -1896.3904
 1-4 VDW =      504.8077  1-4 EEL =     5187.1293  RESTRAINT  =        0.0000
 ESURF   =       34.7170


   NSTEP       ENERGY          RMS            GMAX         NAME    NUMBER
     20      -4.0135E+03     2.9468E+00     5.1676E+01     C        1833

 BOND    =       47.0791  ANGLE   =      186.1548  DIHED      =     1309.7686
 VDWAALS =     -866.9184  EEL     =    -8360.8753  EGB        =    -1910.2488
 1-4 VDW =      445.4732  1-4 EEL =     5100.9472  RESTRAINT  =        0.0000
 ESURF   =       35.1177


   NSTEP       ENERGY          RMS            GMAX         NAME    NUMBER
     30      -4.0727E+03     2.2847E+00     4.1002E+01     OXT      1835

 BOND    =       45.3055  ANGLE   =      174.6885  DIHED      =     1305.2557
 VDWAALS =     -883.8778  EEL     =    -8357.2997  EGB        =    -1905.1757
 1-4 VDW =      428.9222  1-4 EEL =     5084.0197  RESTRAINT  =        0.0000
 ESURF   =       35.4306


   NSTEP       ENERGY          RMS            GMAX         NAME    NUMBER
     40      -4.1206E+03     2.4194E+00     3.9955E+01     CA       1823

 BOND    =       49.1345  ANGLE   =      184.1232  DIHED      =     1300.4362
 VDWAALS =     -910.6479  EEL     =    -8360.3960  EGB        =    -1911.8443
 1-4 VDW =      416.2411  1-4 EEL =     5076.5783  RESTRAINT  =        0.0000
 ESURF   =       35.7910


   NSTEP       ENERGY          RMS            GMAX         NAME    NUMBER
     50      -4.1987E+03     1.6040E+00     1.8424E+01     CG        791

 BOND    =       55.0128  ANGLE   =      199.9913  DIHED      =     1295.9409
 VDWAALS =     -939.2710  EEL     =    -8354.2032  EGB        =    -1908.6115
 1-4 VDW =      381.3953  1-4 EEL =     5034.1402  RESTRAINT  =        0.0000
 ESURF   =       36.9057


   NSTEP       ENERGY          RMS            GMAX         NAME    NUMBER
     60      -4.2105E+03     9.6702E-01     1.0334E+01     CG        791

 BOND    =       55.3510  ANGLE   =      196.9659  DIHED      =     1293.5276
 VDWAALS =     -941.6616  EEL     =    -8353.8709  EGB        =    -1909.3744
 1-4 VDW =      380.7137  1-4 EEL =     5030.9428  RESTRAINT  =        0.0000
 ESURF   =       36.9430


   NSTEP       ENERGY          RMS            GMAX         NAME    NUMBER
     70      -4.2321E+03     1.1161E+00     1.9958E+01     CG        791

 BOND    =       53.9903  ANGLE   =      194.9508  DIHED      =     1283.8164
 VDWAALS =     -946.4754  EEL     =    -8356.9894  EGB        =    -1909.0381
 1-4 VDW =      384.2515  1-4 EEL =     5026.2462  RESTRAINT  =        0.0000
 ESURF   =       37.1118


   NSTEP       ENERGY          RMS            GMAX         NAME    NUMBER
     80      -4.2458E+03     6.9321E-01     4.2674E+00     HA       1802

 BOND    =       49.2800  ANGLE   =      182.3799  DIHED      =     1279.1348
 VDWAALS =     -943.1490  EEL     =    -8364.6819  EGB        =    -1906.2727
 1-4 VDW =      387.4344  1-4 EEL =     5032.7849  RESTRAINT  =        0.0000
 ESURF   =       37.2572


   NSTEP       ENERGY          RMS            GMAX         NAME    NUMBER
     90      -4.2586E+03     8.5086E-01     9.8514E+00     CG        791

 BOND    =       54.0567  ANGLE   =      187.1343  DIHED      =     1278.6274
 VDWAALS =     -946.1260  EEL     =    -8369.3862  EGB        =    -1904.8466
 1-4 VDW =      377.8603  1-4 EEL =     5026.6900  RESTRAINT  =        0.0000
 ESURF   =       37.4103


   NSTEP       ENERGY          RMS            GMAX         NAME    NUMBER
    100      -4.2699E+03     7.8740E-01     8.0991E+00     CG        791

 BOND    =       56.3062  ANGLE   =      196.0802  DIHED      =     1277.2287
 VDWAALS =     -947.6878  EEL     =    -8374.1593  EGB        =    -1904.1583
 1-4 VDW =      370.7424  1-4 EEL =     5018.1399  RESTRAINT  =        0.0000
 ESURF   =       37.6388


  Maximum number of minimization cycles reached.


                    FINAL RESULTS



   NSTEP       ENERGY          RMS            GMAX         NAME    NUMBER
    100      -4.2699E+03     7.8740E-01     8.0991E+00     CG        791

 BOND    =       56.3062  ANGLE   =      196.0802  DIHED      =     1277.2287
 VDWAALS =     -947.6878  EEL     =    -8374.1593  EGB        =    -1904.1583
 1-4 VDW =      370.7424  1-4 EEL =     5018.1399  RESTRAINT  =        0.0000
 ESURF   =       37.6388
--------------------------------------------------------------------------------
   5.  TIMINGS
--------------------------------------------------------------------------------

|  NonSetup CPU Time in Major Routines:
|
|     Routine           Sec        %
|     ------------------------------
|     Nonbond          13.75   98.84
|     Bond              0.00    0.02
|     Angle             0.02    0.16
|     Dihedral          0.13    0.91
|     Shake             0.00    0.00
|     Other             0.01    0.07
|     ------------------------------
|     Total            13.91

|  Generalized Born CPU Time:
|
|     Routine                 Sec        %
|     ------------------------------------
|     Radii Calc              3.11   22.37
|     Diagonal Calc           5.86   42.10
|     Off Diagonal Calc       4.77   34.31
|     GBSA LCPO Calc          0.00    0.00
|     ---------------------------------
|     Total                  13.74   98.78

|  Setup CPU time:            0.02 seconds
|  NonSetup CPU time:        13.91 seconds
|  Total CPU time:           13.93 seconds     0.00 hours

|  Setup wall time:           0    seconds
|  NonSetup wall time:       36    seconds
|  Total wall time:          36    seconds     0.01 hours
