Salt Bridges Plugin, Version 1.0
Wed Apr 17 13:08:42 +0530 2024

Parameters used in the calculation of salt bridges:
- Atomselection: protein
- Update selections every frame: yes
- Initial frame: 0
- Frame step: 1
- Final frame: 499
- Oxygen-nitrogen cut-off: 3.2
- Center of mass cut-off: none
- Write a file for each salt bridge: yes

Searching for ion-pairs with oxygen-nitrogen distance within 3.2 Angstroms in the selected frames... Done.
Removing redundancies in the ion-pairs found... Done.
Extracting identification of each salt bridge... Done.
Found 13 salt bridges.

GLU46-LYS1
GLU68-ARG75
GLU52-ARG54
GLU64-LYS60
GLU68-LYS60
ASP15-ARG11
GLU57-LYS60
GLU23-LYS22
GLU52-LYS2
GLU23-LYS1
GLU8-ARG11
GLU32-LYS21
GLU28-LYS21

Printing distances over all frames for each salt-bridge... Done.
