
          -------------------------------------------------------
          Amber 22 PMEMD                              2022
          -------------------------------------------------------

| PMEMD implementation of SANDER, Release 22

|  Compiled date/time: Thu Apr 14 23:36:37 2022
| Run on 01/01/2024 at 17:21:12

|   Executable path: pmemd
| Working directory: /home/arul/Reegina/MD_Sim/finalll/1IO2_info
|          Hostname: Unknown
  [-O]verwriting output

File Assignments:
|   MDIN: eq1.in                                                                
|  MDOUT: eq1.out                                                               
| INPCRD: _heat.rst7                                                            
|   PARM: 1IO2.hmass.parm7                                                      
| RESTRT: eq1.rst7                                                              
|   REFC: _heat.rst7                                                            
|  MDVEL: mdvel                                                                 
|   MDEN: mden                                                                  
|  MDCRD: eq1.crd                                                               
| MDINFO: eq1.info                                                              
|  MDFRC: mdfrc                                                                 


 Here is the input file:

&cntrl                                                                         
   ntx = 5,                                                                    
                                                                               
   ntwx = 5000, ntwe = 0, ntwr = 500,                                          
   ntpr = 5000,                                                                
                                                                               
   ioutfm=0, ntxo=1,                                                           
                                                                               
   imin = 0, nstlim = 125000, dt = 0.002,                                      
                                                                               
   ntt = 3, gamma_ln=1.0, temp0 = 300.0,                                       
   nscm = 1000, ig = -1, irest = 1,                                            
                                                                               
   ntc= 2, ntf = 2, cut = 1000,                                                
                                                                               
   igb=8, gbsa=3, surften=0.007, ntb = 0,                                      
   saltcon=0.,                                                                 
                                                                               
   ntr=1, restraintmask="@CA,N,C,O",                                           
   restraint_wt=1.0,                                                           
 /                                                                             


Note: ig = -1. Setting random seed to   794139 based on wallclock time in 
      microseconds.
| irandom = 1, using AMBER's internal random number generator (default).
 
| Conditional Compilation Defines Used:
| PUBFFT
| BINTRAJ
| EMIL

| New format PARM file being parsed.
| Version =    1.000 Date = 12/04/23 Time = 16:32:16

| Note: 1-4 EEL scale factors are being read from the topology file.

| Note: 1-4 VDW scale factors are being read from the topology file.
| INFO:    Reading atomic numbers from topology file.
| Duplicated    0 dihedrals

| Duplicated    0 dihedrals

--------------------------------------------------------------------------------
   1.  RESOURCE   USE: 
--------------------------------------------------------------------------------

 NATOM  =    3415 NTYPES =      14 NBONH =    1726 MBONA  =    1718
 NTHETH =    3969 MTHETA =    2316 NPHIH =    7767 MPHIA  =    7273
 NHPARM =       0 NPARM  =       0 NNB   =   18983 NRES   =     213
 NBONA  =    1718 NTHETA =    2316 NPHIA =    7273 NUMBND =      63
 NUMANG =     148 NPTRA  =     170 NATYP =      31 NPHB   =       0
 IFBOX  =       0 NMXRS  =      24 IFCAP =       0 NEXTRA =       0
 NCOPY  =       0

 Implicit solvent radii are ArgH and AspGluO modified Bondi2 radii (mbondi3)                                
 Replacing prmtop screening parameters with GBn2 (igb=8) values
--------------------------------------------------------------------------------
   2.  CONTROL  DATA  FOR  THE  RUN
--------------------------------------------------------------------------------

default_name                                                                    

General flags:
     imin    =       0, nmropt  =       0

Nature and format of input:
     ntx     =       5, irest   =       1, ntrx    =       1

Nature and format of output:
     ntxo    =       1, ntpr    =    5000, ntrx    =       1, ntwr    =     500
     iwrap   =       0, ntwx    =    5000, ntwv    =       0, ntwe    =       0
     ioutfm  =       0, ntwprt  =       0, idecomp =       0, rbornstat=      0

Potential function:
     ntf     =       2, ntb     =       0, igb     =       8, nsnb    =      25
     ipol    =       0, gbsa    =       3, iesp    =       0
     dielc   =   1.00000, cut     =1000.00000, intdiel =   1.00000
     saltcon =   0.00000, offset  =   0.19514, surften =   0.00700
     rdt     =   0.00000, rgbmax  =  25.00000  extdiel =  78.50000
     alpb  =        0
     gbalphaH  =   0.78844, gbbetaH   =   0.79870,  gbgammaH  =    0.43733
     gbalphaC  =   0.73376, gbbetaC   =   0.50638,  gbgammaC  =    0.20584
     gbalphaN  =   0.50336, gbbetaN   =   0.31683,  gbgammaN  =    0.19292
     gbalphaOS =   0.86781, gbbetaOS  =   0.87664,  gbgammaOS =    0.38788
     gbalphaP  =   1.00000, gbbetaP   =   0.80000,  gbgammaP  =    4.85000
     gb_alpha_hnu  =   0.53705, gb_beta_hnu   =   0.36286,  gb_gamma_hnu  =    0.11670
     gb_alpha_cnu  =   0.33167, gb_beta_cnu   =   0.19684,  gb_gamma_cnu  =    0.09342
     gb_alpha_nnu  =   0.68631, gb_beta_nnu   =   0.46319,  gb_gamma_nnu  =    0.13872
     gb_alpha_onu  =   0.60634, gb_beta_onu   =   0.46301,  gb_gamma_onu  =    0.14226
     gb_alpha_pnu  =   0.41836, gb_beta_pnu   =   0.29005,  gb_gamma_pnu  =    0.10642

Frozen or restrained atoms:
     ibelly  =       0, ntr     =       1
     restraint_wt =   1.00000

Molecular dynamics:
     nstlim  =    125000, nscm    =         0, nrespa  =         1
     t       =   0.00000, dt      =   0.00200, vlimit  =  20.00000

Langevin dynamics temperature regulation:
     ig      =  794139
     temp0   = 300.00000, tempi   =   0.00000, gamma_ln=   1.00000

SHAKE:
     ntc     =       2, jfastw  =       0
     tol     =   0.00001

| Intermolecular bonds treatment:
|     no_intermolecular_bonds =       1

| Energy averages sample interval:
|     ene_avg_sampling =    5000

    LOADING THE CONSTRAINED ATOMS AS GROUPS


   5.  REFERENCE ATOM COORDINATES

  default_name                                                                    
     Mask @CA,N,C,O; matches   852 atoms

--------------------------------------------------------------------------------
   3.  ATOMIC COORDINATES AND VELOCITIES
--------------------------------------------------------------------------------

default_name                                                                    
 begin time read from input coords =  1000.000 ps

 
 Number of triangulated 3-point waters found:        0
| Dynamic Memory, Types Used:
| Reals              116770
| Integers           406313

--------------------------------------------------------------------------------
   4.  RESULTS
--------------------------------------------------------------------------------


 NSTEP =     5000   TIME(PS) =    1010.000  TEMP(K) =   302.65  PRESS =     0.0
 Etot   =     -3395.4111  EKtot   =      2561.7219  EPtot      =     -5957.1331
 BOND   =       633.4843  ANGLE   =      1724.1695  DIHED      =      2657.0830
 1-4 NB =       777.1273  1-4 EEL =      9197.2370  VDWAALS    =     -1721.5280
 EELEC  =    -14874.6090  EGB     =     -4500.9861  RESTRAINT  =        78.9387
 EAMBER (non-restraint)  =     -6036.0718
 ESURF=        71.9502
 ------------------------------------------------------------------------------


 NSTEP =    10000   TIME(PS) =    1020.000  TEMP(K) =   306.84  PRESS =     0.0
 Etot   =     -3281.5812  EKtot   =      2597.2644  EPtot      =     -5878.8456
 BOND   =       675.3567  ANGLE   =      1762.5505  DIHED      =      2665.9897
 1-4 NB =       765.9147  1-4 EEL =      9118.4805  VDWAALS    =     -1686.8888
 EELEC  =    -14807.7243  EGB     =     -4533.9582  RESTRAINT  =        87.7373
 EAMBER (non-restraint)  =     -5966.5829
 ESURF=        73.6963
 ------------------------------------------------------------------------------


 NSTEP =    15000   TIME(PS) =    1030.000  TEMP(K) =   300.40  PRESS =     0.0
 Etot   =     -3408.2181  EKtot   =      2542.7469  EPtot      =     -5950.9650
 BOND   =       642.2865  ANGLE   =      1723.4649  DIHED      =      2630.8482
 1-4 NB =       776.0509  1-4 EEL =      9190.6241  VDWAALS    =     -1697.3688
 EELEC  =    -14852.7552  EGB     =     -4520.1146  RESTRAINT  =        81.8152
 EAMBER (non-restraint)  =     -6032.7802
 ESURF=        74.1839
 ------------------------------------------------------------------------------


 NSTEP =    20000   TIME(PS) =    1040.000  TEMP(K) =   300.74  PRESS =     0.0
 Etot   =     -3400.1178  EKtot   =      2545.5580  EPtot      =     -5945.6758
 BOND   =       671.8791  ANGLE   =      1658.8258  DIHED      =      2695.8144
 1-4 NB =       776.3987  1-4 EEL =      9125.9785  VDWAALS    =     -1735.7777
 EELEC  =    -14792.9443  EGB     =     -4503.1852  RESTRAINT  =        85.4560
 EAMBER (non-restraint)  =     -6031.1317
 ESURF=        71.8789
 ------------------------------------------------------------------------------


 NSTEP =    25000   TIME(PS) =    1050.000  TEMP(K) =   302.28  PRESS =     0.0
 Etot   =     -3355.3809  EKtot   =      2558.5924  EPtot      =     -5913.9733
 BOND   =       686.8229  ANGLE   =      1700.1088  DIHED      =      2663.4438
 1-4 NB =       766.5265  1-4 EEL =      9177.7365  VDWAALS    =     -1724.0296
 EELEC  =    -14828.0575  EGB     =     -4512.8195  RESTRAINT  =        83.3709
 EAMBER (non-restraint)  =     -5997.3441
 ESURF=        72.9238
 ------------------------------------------------------------------------------


 NSTEP =    30000   TIME(PS) =    1060.000  TEMP(K) =   296.59  PRESS =     0.0
 Etot   =     -3369.7425  EKtot   =      2510.4792  EPtot      =     -5880.2217
 BOND   =       700.3045  ANGLE   =      1748.1979  DIHED      =      2675.9209
 1-4 NB =       768.1778  1-4 EEL =      9105.3604  VDWAALS    =     -1704.4059
 EELEC  =    -14856.0709  EGB     =     -4476.7069  RESTRAINT  =        88.7146
 EAMBER (non-restraint)  =     -5968.9363
 ESURF=        70.2860
 ------------------------------------------------------------------------------


 NSTEP =    35000   TIME(PS) =    1070.000  TEMP(K) =   302.28  PRESS =     0.0
 Etot   =     -3474.5517  EKtot   =      2558.6678  EPtot      =     -6033.2196
 BOND   =       667.7140  ANGLE   =      1645.3234  DIHED      =      2648.1041
 1-4 NB =       778.9975  1-4 EEL =      9169.4142  VDWAALS    =     -1707.9866
 EELEC  =    -14913.9537  EGB     =     -4465.2814  RESTRAINT  =        72.1742
 EAMBER (non-restraint)  =     -6105.3938
 ESURF=        72.2747
 ------------------------------------------------------------------------------


 NSTEP =    40000   TIME(PS) =    1080.000  TEMP(K) =   294.65  PRESS =     0.0
 Etot   =     -3476.9507  EKtot   =      2494.0387  EPtot      =     -5970.9894
 BOND   =       637.2298  ANGLE   =      1687.3545  DIHED      =      2630.2252
 1-4 NB =       795.9431  1-4 EEL =      9188.4975  VDWAALS    =     -1706.5878
 EELEC  =    -14927.0865  EGB     =     -4442.3526  RESTRAINT  =        91.0754
 EAMBER (non-restraint)  =     -6062.0648
 ESURF=        74.7121
 ------------------------------------------------------------------------------


 NSTEP =    45000   TIME(PS) =    1090.000  TEMP(K) =   297.09  PRESS =     0.0
 Etot   =     -3485.6598  EKtot   =      2514.6946  EPtot      =     -6000.3544
 BOND   =       627.2985  ANGLE   =      1651.4158  DIHED      =      2662.5124
 1-4 NB =       775.5943  1-4 EEL =      9173.3784  VDWAALS    =     -1681.2830
 EELEC  =    -15050.4360  EGB     =     -4321.5399  RESTRAINT  =        91.6551
 EAMBER (non-restraint)  =     -6092.0095
 ESURF=        71.0500
 ------------------------------------------------------------------------------


 NSTEP =    50000   TIME(PS) =    1100.000  TEMP(K) =   303.53  PRESS =     0.0
 Etot   =     -3406.7182  EKtot   =      2569.2324  EPtot      =     -5975.9506
 BOND   =       645.9056  ANGLE   =      1675.7105  DIHED      =      2666.8610
 1-4 NB =       762.6380  1-4 EEL =      9168.3255  VDWAALS    =     -1673.1860
 EELEC  =    -14909.0853  EGB     =     -4483.5022  RESTRAINT  =        96.9954
 EAMBER (non-restraint)  =     -6072.9460
 ESURF=        73.3869
 ------------------------------------------------------------------------------


 NSTEP =    55000   TIME(PS) =    1110.000  TEMP(K) =   304.02  PRESS =     0.0
 Etot   =     -3376.2516  EKtot   =      2573.3239  EPtot      =     -5949.5755
 BOND   =       697.2359  ANGLE   =      1684.7183  DIHED      =      2674.5248
 1-4 NB =       768.2623  1-4 EEL =      9172.9739  VDWAALS    =     -1729.4184
 EELEC  =    -15014.5689  EGB     =     -4361.3082  RESTRAINT  =        86.5059
 EAMBER (non-restraint)  =     -6036.0814
 ESURF=        71.4989
 ------------------------------------------------------------------------------


 NSTEP =    60000   TIME(PS) =    1120.000  TEMP(K) =   291.53  PRESS =     0.0
 Etot   =     -3475.6782  EKtot   =      2467.6439  EPtot      =     -5943.3220
 BOND   =       651.1539  ANGLE   =      1694.7379  DIHED      =      2654.8060
 1-4 NB =       805.0677  1-4 EEL =      9169.7504  VDWAALS    =     -1701.1092
 EELEC  =    -15025.9755  EGB     =     -4350.5383  RESTRAINT  =        84.5476
 EAMBER (non-restraint)  =     -6027.8697
 ESURF=        74.2375
 ------------------------------------------------------------------------------


 NSTEP =    65000   TIME(PS) =    1130.000  TEMP(K) =   290.68  PRESS =     0.0
 Etot   =     -3553.0800  EKtot   =      2460.4427  EPtot      =     -6013.5226
 BOND   =       663.1572  ANGLE   =      1660.3350  DIHED      =      2653.1640
 1-4 NB =       782.2122  1-4 EEL =      9128.5124  VDWAALS    =     -1718.0856
 EELEC  =    -14798.0860  EGB     =     -4549.3214  RESTRAINT  =        90.7406
 EAMBER (non-restraint)  =     -6104.2633
 ESURF=        73.8488
 ------------------------------------------------------------------------------


 NSTEP =    70000   TIME(PS) =    1140.000  TEMP(K) =   296.88  PRESS =     0.0
 Etot   =     -3446.2494  EKtot   =      2512.9022  EPtot      =     -5959.1516
 BOND   =       691.3926  ANGLE   =      1671.8460  DIHED      =      2692.3825
 1-4 NB =       754.2020  1-4 EEL =      9186.2619  VDWAALS    =     -1695.8064
 EELEC  =    -15037.6940  EGB     =     -4372.5579  RESTRAINT  =        76.9732
 EAMBER (non-restraint)  =     -6036.1248
 ESURF=        73.8484
 ------------------------------------------------------------------------------


 NSTEP =    75000   TIME(PS) =    1150.000  TEMP(K) =   304.67  PRESS =     0.0
 Etot   =     -3378.0173  EKtot   =      2578.8599  EPtot      =     -5956.8772
 BOND   =       666.3442  ANGLE   =      1722.0333  DIHED      =      2650.8381
 1-4 NB =       774.2396  1-4 EEL =      9146.3596  VDWAALS    =     -1708.2359
 EELEC  =    -14900.4393  EGB     =     -4459.3347  RESTRAINT  =        78.7324
 EAMBER (non-restraint)  =     -6035.6096
 ESURF=        72.5855
 ------------------------------------------------------------------------------


 NSTEP =    80000   TIME(PS) =    1160.000  TEMP(K) =   295.44  PRESS =     0.0
 Etot   =     -3424.9948  EKtot   =      2500.7397  EPtot      =     -5925.7346
 BOND   =       656.5784  ANGLE   =      1735.6282  DIHED      =      2653.9396
 1-4 NB =       771.9189  1-4 EEL =      9233.8374  VDWAALS    =     -1709.6684
 EELEC  =    -14993.0509  EGB     =     -4438.4732  RESTRAINT  =        90.2322
 EAMBER (non-restraint)  =     -6015.9668
 ESURF=        73.3231
 ------------------------------------------------------------------------------


 NSTEP =    85000   TIME(PS) =    1170.000  TEMP(K) =   306.64  PRESS =     0.0
 Etot   =     -3330.4901  EKtot   =      2595.5291  EPtot      =     -5926.0192
 BOND   =       671.3352  ANGLE   =      1720.0839  DIHED      =      2625.8790
 1-4 NB =       795.4842  1-4 EEL =      9174.1233  VDWAALS    =     -1698.7908
 EELEC  =    -14913.5129  EGB     =     -4456.1587  RESTRAINT  =        82.5642
 EAMBER (non-restraint)  =     -6008.5834
 ESURF=        72.9734
 ------------------------------------------------------------------------------


 NSTEP =    90000   TIME(PS) =    1180.000  TEMP(K) =   300.41  PRESS =     0.0
 Etot   =     -3447.0107  EKtot   =      2542.8087  EPtot      =     -5989.8194
 BOND   =       642.0988  ANGLE   =      1723.3629  DIHED      =      2620.3685
 1-4 NB =       750.8141  1-4 EEL =      9132.5578  VDWAALS    =     -1720.5990
 EELEC  =    -14867.8989  EGB     =     -4428.9624  RESTRAINT  =        85.1420
 EAMBER (non-restraint)  =     -6074.9614
 ESURF=        73.2969
 ------------------------------------------------------------------------------


 NSTEP =    95000   TIME(PS) =    1190.000  TEMP(K) =   300.07  PRESS =     0.0
 Etot   =     -3380.0717  EKtot   =      2539.9273  EPtot      =     -5919.9990
 BOND   =       692.0952  ANGLE   =      1695.4260  DIHED      =      2664.1300
 1-4 NB =       764.1968  1-4 EEL =      9166.7834  VDWAALS    =     -1685.3903
 EELEC  =    -15110.5612  EGB     =     -4268.5097  RESTRAINT  =        89.4629
 EAMBER (non-restraint)  =     -6009.4619
 ESURF=        72.3679
 ------------------------------------------------------------------------------


 NSTEP =   100000   TIME(PS) =    1200.000  TEMP(K) =   300.94  PRESS =     0.0
 Etot   =     -3325.9684  EKtot   =      2547.2784  EPtot      =     -5873.2468
 BOND   =       660.9726  ANGLE   =      1737.8556  DIHED      =      2658.6833
 1-4 NB =       775.6849  1-4 EEL =      9192.0557  VDWAALS    =     -1694.7174
 EELEC  =    -14989.2268  EGB     =     -4382.4840  RESTRAINT  =        94.2234
 EAMBER (non-restraint)  =     -5967.4702
 ESURF=        73.7058
 ------------------------------------------------------------------------------


 NSTEP =   105000   TIME(PS) =    1210.000  TEMP(K) =   306.13  PRESS =     0.0
 Etot   =     -3404.4046  EKtot   =      2591.2179  EPtot      =     -5995.6225
 BOND   =       642.8492  ANGLE   =      1689.3793  DIHED      =      2619.1221
 1-4 NB =       778.8403  1-4 EEL =      9160.8097  VDWAALS    =     -1672.3898
 EELEC  =    -14915.8064  EGB     =     -4455.6227  RESTRAINT  =        84.5391
 EAMBER (non-restraint)  =     -6080.1616
 ESURF=        72.6566
 ------------------------------------------------------------------------------


 NSTEP =   110000   TIME(PS) =    1220.000  TEMP(K) =   296.91  PRESS =     0.0
 Etot   =     -3423.2382  EKtot   =      2513.1883  EPtot      =     -5936.4264
 BOND   =       667.6478  ANGLE   =      1757.1298  DIHED      =      2649.8892
 1-4 NB =       761.2123  1-4 EEL =      9155.2787  VDWAALS    =     -1730.5068
 EELEC  =    -14896.5928  EGB     =     -4468.9192  RESTRAINT  =        97.7168
 EAMBER (non-restraint)  =     -6034.1433
 ESURF=        70.7178
 ------------------------------------------------------------------------------


 NSTEP =   115000   TIME(PS) =    1230.000  TEMP(K) =   298.52  PRESS =     0.0
 Etot   =     -3340.2317  EKtot   =      2526.8424  EPtot      =     -5867.0741
 BOND   =       638.0726  ANGLE   =      1737.6660  DIHED      =      2657.7470
 1-4 NB =       785.7963  1-4 EEL =      9202.8390  VDWAALS    =     -1693.5031
 EELEC  =    -14761.7457  EGB     =     -4604.6933  RESTRAINT  =        96.5202
 EAMBER (non-restraint)  =     -5963.5943
 ESURF=        74.2268
 ------------------------------------------------------------------------------


 NSTEP =   120000   TIME(PS) =    1240.000  TEMP(K) =   291.27  PRESS =     0.0
 Etot   =     -3442.9443  EKtot   =      2465.4113  EPtot      =     -5908.3556
 BOND   =       675.3806  ANGLE   =      1700.6565  DIHED      =      2687.7572
 1-4 NB =       780.9999  1-4 EEL =      9144.4045  VDWAALS    =     -1691.4025
 EELEC  =    -14986.8093  EGB     =     -4375.5831  RESTRAINT  =        84.1083
 EAMBER (non-restraint)  =     -5992.4639
 ESURF=        72.1323
 ------------------------------------------------------------------------------


 NSTEP =   125000   TIME(PS) =    1250.000  TEMP(K) =   301.17  PRESS =     0.0
 Etot   =     -3383.5046  EKtot   =      2549.2004  EPtot      =     -5932.7051
 BOND   =       669.9417  ANGLE   =      1688.0411  DIHED      =      2662.2331
 1-4 NB =       767.1224  1-4 EEL =      9227.3742  VDWAALS    =     -1711.4557
 EELEC  =    -14968.8478  EGB     =     -4430.5586  RESTRAINT  =        91.8280
 EAMBER (non-restraint)  =     -6024.5331
 ESURF=        71.6165
 ------------------------------------------------------------------------------


      A V E R A G E S   O V E R      25 S T E P S


 NSTEP =   125000   TIME(PS) =    1250.000  TEMP(K) =   299.69  PRESS =     0.0
 Etot   =     -3407.4587  EKtot   =      2536.7325  EPtot      =     -5944.1912
 BOND   =       662.9815  ANGLE   =      1703.8408  DIHED      =      2656.8907
 1-4 NB =       774.3769  1-4 EEL =      9168.3582  VDWAALS    =     -1704.0049
 EELEC  =    -14919.7416  EGB     =     -4446.5389  RESTRAINT  =        86.8708
 EAMBER (non-restraint)  =     -6031.0620
 ESURF=        72.7752
 ------------------------------------------------------------------------------


      R M S  F L U C T U A T I O N S


 NSTEP =   125000   TIME(PS) =    1250.000  TEMP(K) =     4.57  PRESS =     0.0
 Etot   =        58.8654  EKtot   =        38.7114  EPtot      =        42.8762
 BOND   =        20.5159  ANGLE   =        32.5703  DIHED      =        20.0433
 1-4 NB =        12.3156  1-4 EEL =        31.0855  VDWAALS    =        17.0585
 EELEC  =        88.5482  EGB     =        75.2924  RESTRAINT  =         6.3013
 EAMBER (non-restraint)  =        36.5749
 ESURF=         1.1619
 ------------------------------------------------------------------------------

--------------------------------------------------------------------------------
   5.  TIMINGS
--------------------------------------------------------------------------------

|  NonSetup CPU Time in Major Routines:
|
|     Routine           Sec        %
|     ------------------------------
|     Nonbond       47115.54   99.12
|     Bond              2.77    0.01
|     Angle            49.51    0.10
|     Dihedral        277.37    0.58
|     Shake            13.32    0.03
|     RunMD            75.72    0.16
|     Other             0.08    0.00
|     ------------------------------
|     Total         47534.32

|  Generalized Born CPU Time:
|
|     Routine                 Sec        %
|     ------------------------------------
|     Radii Calc           9836.53   20.69
|     Diagonal Calc       18475.29   38.87
|     Off Diagonal Calc   18784.16   39.52
|     GBSA LCPO Calc          0.10    0.00
|     ---------------------------------
|     Total               47095.98   99.08

|  Final Performance Info:
|     -----------------------------------------------------
|     Average timings for last       1 steps:
|     Elapsed(s) =       0.00 Per Step(ms) =       0.12
|         ns/day =    1418.41   seconds/ns =      60.91
|
|     Average timings for all steps:
|     Elapsed(s) =  152755.86 Per Step(ms) =    1222.05
|         ns/day =       0.14   seconds/ns =  611023.45
|     -----------------------------------------------------

|  Setup CPU time:            0.04 seconds
|  NonSetup CPU time:     47534.32 seconds
|  Total CPU time:        47534.36 seconds    13.20 hours

|  Setup wall time:           0    seconds
|  NonSetup wall time:   152756    seconds
|  Total wall time:      152756    seconds    42.43 hours
