
          -------------------------------------------------------
          Amber 22 PMEMD                              2022
          -------------------------------------------------------

| PMEMD implementation of SANDER, Release 22

|  Compiled date/time: Thu Apr 14 23:36:37 2022
| Run on 12/20/2023 at 13:22:52

|   Executable path: pmemd
| Working directory: /home/arul/Reegina/MD_Sim/amber_parameters/1HDN_info
|          Hostname: Unknown
  [-O]verwriting output

File Assignments:
|   MDIN: /home/arul/Reegina/MD_Sim/trial_file/min.in                           
|  MDOUT: min_1HDN.out                                                          
| INPCRD: 1HDN.rst7                                                             
|   PARM: 1HDN.hmass.parm7                                                      
| RESTRT: min_1HDN.rst7                                                         
|   REFC: refc                                                                  
|  MDVEL: mdvel                                                                 
|   MDEN: mden                                                                  
|  MDCRD: min_1HDN.crd                                                          
| MDINFO: min_1HDN.info                                                         
|  MDFRC: mdfrc                                                                 


 Here is the input file:

&cntrl                                                                         
  imin = 1,                                                                    
  maxcyc=100,                                                                  
  ntx = 1,                                                                     
  ntwr = 100,                                                                  
  ntpr = 10,                                                                   
  ioutfm=0,                                                                    
  ntxo=1,                                                                      
  cut = 1000.0,                                                                
  ntb=0,                                                                       
  igb = 8,                                                                     
  gbsa=3,                                                                      
  surften=0.007,                                                               
  saltcon = 0.0,                                                               
/                                                                              


Note: ig = -1. Setting random seed to   699654 based on wallclock time in 
      microseconds.
| irandom = 1, using AMBER's internal random number generator (default).
 
| Conditional Compilation Defines Used:
| PUBFFT
| BINTRAJ
| EMIL

| New format PARM file being parsed.
| Version =    1.000 Date = 12/05/23 Time = 14:07:09

| Note: 1-4 EEL scale factors are being read from the topology file.

| Note: 1-4 VDW scale factors are being read from the topology file.
| INFO:    Reading atomic numbers from topology file.
| Duplicated    0 dihedrals

| Duplicated    0 dihedrals

--------------------------------------------------------------------------------
   1.  RESOURCE   USE: 
--------------------------------------------------------------------------------

 NATOM  =    1293 NTYPES =      14 NBONH =     653 MBONA  =     647
 NTHETH =    1490 MTHETA =     873 NPHIH =    2982 MPHIA  =    2820
 NHPARM =       0 NPARM  =       0 NNB   =    7136 NRES   =      85
 NBONA  =     647 NTHETA =     873 NPHIA =    2820 NUMBND =      54
 NUMANG =     125 NPTRA  =     159 NATYP =      28 NPHB   =       0
 IFBOX  =       0 NMXRS  =      24 IFCAP =       0 NEXTRA =       0
 NCOPY  =       0

 Implicit solvent radii are ArgH and AspGluO modified Bondi2 radii (mbondi3)                                
 Replacing prmtop screening parameters with GBn2 (igb=8) values
--------------------------------------------------------------------------------
   2.  CONTROL  DATA  FOR  THE  RUN
--------------------------------------------------------------------------------

default_name                                                                    

General flags:
     imin    =       1, nmropt  =       0

Nature and format of input:
     ntx     =       1, irest   =       0, ntrx    =       1

Nature and format of output:
     ntxo    =       1, ntpr    =      10, ntrx    =       1, ntwr    =     100
     iwrap   =       0, ntwx    =       0, ntwv    =       0, ntwe    =       0
     ioutfm  =       0, ntwprt  =       0, idecomp =       0, rbornstat=      0

Potential function:
     ntf     =       1, ntb     =       0, igb     =       8, nsnb    =      25
     ipol    =       0, gbsa    =       3, iesp    =       0
     dielc   =   1.00000, cut     =1000.00000, intdiel =   1.00000
     saltcon =   0.00000, offset  =   0.19514, surften =   0.00700
     rdt     =   0.00000, rgbmax  =  25.00000  extdiel =  78.50000
     alpb  =        0
     gbalphaH  =   0.78844, gbbetaH   =   0.79870,  gbgammaH  =    0.43733
     gbalphaC  =   0.73376, gbbetaC   =   0.50638,  gbgammaC  =    0.20584
     gbalphaN  =   0.50336, gbbetaN   =   0.31683,  gbgammaN  =    0.19292
     gbalphaOS =   0.86781, gbbetaOS  =   0.87664,  gbgammaOS =    0.38788
     gbalphaP  =   1.00000, gbbetaP   =   0.80000,  gbgammaP  =    4.85000
     gb_alpha_hnu  =   0.53705, gb_beta_hnu   =   0.36286,  gb_gamma_hnu  =    0.11670
     gb_alpha_cnu  =   0.33167, gb_beta_cnu   =   0.19684,  gb_gamma_cnu  =    0.09342
     gb_alpha_nnu  =   0.68631, gb_beta_nnu   =   0.46319,  gb_gamma_nnu  =    0.13872
     gb_alpha_onu  =   0.60634, gb_beta_onu   =   0.46301,  gb_gamma_onu  =    0.14226
     gb_alpha_pnu  =   0.41836, gb_beta_pnu   =   0.29005,  gb_gamma_pnu  =    0.10642

Frozen or restrained atoms:
     ibelly  =       0, ntr     =       0

Energy minimization:
     maxcyc  =     100, ncyc    =      10, ntmin   =       1
     dx0     =   0.01000, drms    =   0.00010

| Intermolecular bonds treatment:
|     no_intermolecular_bonds =       1

| Energy averages sample interval:
|     ene_avg_sampling =       1

--------------------------------------------------------------------------------
   3.  ATOMIC COORDINATES AND VELOCITIES
--------------------------------------------------------------------------------

default_name                                                                    
 begin time read from input coords =     0.000 ps

 
 Number of triangulated 3-point waters found:        0
| Dynamic Memory, Types Used:
| Reals               35779
| Integers           152168

--------------------------------------------------------------------------------
   4.  RESULTS
--------------------------------------------------------------------------------



   NSTEP       ENERGY          RMS            GMAX         NAME    NUMBER
      1      -2.0433E+03     1.0820E+01     7.3312E+01     HG        640

 BOND    =       95.1066  ANGLE   =      232.8580  DIHED      =     1168.6384
 VDWAALS =     -572.6597  EEL     =    -6254.6441  EGB        =    -1186.0425
 1-4 VDW =      274.4299  1-4 EEL =     4172.9974  RESTRAINT  =        0.0000
 ESURF   =       26.0151


   NSTEP       ENERGY          RMS            GMAX         NAME    NUMBER
     10      -2.1629E+03     5.2488E+00     3.2804E+01     HB2       628

 BOND    =       43.1359  ANGLE   =      206.4858  DIHED      =     1149.8239
 VDWAALS =     -590.0557  EEL     =    -6255.8133  EGB        =    -1192.0390
 1-4 VDW =      271.3680  1-4 EEL =     4178.1671  RESTRAINT  =        0.0000
 ESURF   =       26.0165


   NSTEP       ENERGY          RMS            GMAX         NAME    NUMBER
     20      -2.3278E+03     2.7123E+00     1.9577E+01     CD        489

 BOND    =       33.6331  ANGLE   =      181.1765  DIHED      =     1094.0787
 VDWAALS =     -642.0296  EEL     =    -6240.9407  EGB        =    -1216.6892
 1-4 VDW =      264.7608  1-4 EEL =     4172.0037  RESTRAINT  =        0.0000
 ESURF   =       26.1640


   NSTEP       ENERGY          RMS            GMAX         NAME    NUMBER
     30      -2.3601E+03     1.6936E+00     1.7826E+01     CD        489

 BOND    =       37.6855  ANGLE   =      172.6730  DIHED      =     1081.9852
 VDWAALS =     -647.5788  EEL     =    -6233.9923  EGB        =    -1222.7526
 1-4 VDW =      260.4452  1-4 EEL =     4165.1008  RESTRAINT  =        0.0000
 ESURF   =       26.3090


   NSTEP       ENERGY          RMS            GMAX         NAME    NUMBER
     40      -2.3945E+03     1.6622E+00     1.1014E+01     CD        489

 BOND    =       32.8153  ANGLE   =      171.5828  DIHED      =     1064.6899
 VDWAALS =     -659.4664  EEL     =    -6223.4229  EGB        =    -1231.3488
 1-4 VDW =      259.4494  1-4 EEL =     4164.5837  RESTRAINT  =        0.0000
 ESURF   =       26.5800


   NSTEP       ENERGY          RMS            GMAX         NAME    NUMBER
     50      -2.4350E+03     1.2419E+00     1.4667E+01     CZ        262

 BOND    =       41.9217  ANGLE   =      176.7414  DIHED      =     1037.0698
 VDWAALS =     -670.2726  EEL     =    -6198.6367  EGB        =    -1252.8498
 1-4 VDW =      253.4443  1-4 EEL =     4150.4263  RESTRAINT  =        0.0000
 ESURF   =       27.1582


   NSTEP       ENERGY          RMS            GMAX         NAME    NUMBER
     60      -2.4442E+03     1.2105E+00     2.3111E+01     CD        489

 BOND    =       42.8344  ANGLE   =      171.6194  DIHED      =     1035.7824
 VDWAALS =     -672.4786  EEL     =    -6200.6229  EGB        =    -1250.9995
 1-4 VDW =      253.6630  1-4 EEL =     4148.7897  RESTRAINT  =        0.0000
 ESURF   =       27.1681


   NSTEP       ENERGY          RMS            GMAX         NAME    NUMBER
     70      -2.4630E+03     1.2282E+00     1.4196E+01     CG       1131

 BOND    =       38.0198  ANGLE   =      168.6080  DIHED      =     1028.7091
 VDWAALS =     -675.4359  EEL     =    -6211.8974  EGB        =    -1248.6209
 1-4 VDW =      252.2900  1-4 EEL =     4158.0656  RESTRAINT  =        0.0000
 ESURF   =       27.2591


   NSTEP       ENERGY          RMS            GMAX         NAME    NUMBER
     80      -2.4729E+03     7.8218E-01     8.5409E+00     HH12      265

 BOND    =       37.4447  ANGLE   =      165.3152  DIHED      =     1025.2570
 VDWAALS =     -673.2490  EEL     =    -6214.6511  EGB        =    -1249.0244
 1-4 VDW =      251.3341  1-4 EEL =     4157.3806  RESTRAINT  =        0.0000
 ESURF   =       27.3262


   NSTEP       ENERGY          RMS            GMAX         NAME    NUMBER
     90      -2.4819E+03     8.0864E-01     1.0258E+01     CZ        262

 BOND    =       37.3557  ANGLE   =      164.5472  DIHED      =     1017.7082
 VDWAALS =     -675.2059  EEL     =    -6210.2285  EGB        =    -1251.2292
 1-4 VDW =      252.0136  1-4 EEL =     4155.8229  RESTRAINT  =        0.0000
 ESURF   =       27.3635


   NSTEP       ENERGY          RMS            GMAX         NAME    NUMBER
    100      -2.4938E+03     8.1150E-01     9.7628E+00     CZ        262

 BOND    =       38.9371  ANGLE   =      167.8626  DIHED      =     1006.9981
 VDWAALS =     -674.4706  EEL     =    -6204.2283  EGB        =    -1259.3983
 1-4 VDW =      251.1969  1-4 EEL =     4151.8491  RESTRAINT  =        0.0000
 ESURF   =       27.4602


  Maximum number of minimization cycles reached.


                    FINAL RESULTS



   NSTEP       ENERGY          RMS            GMAX         NAME    NUMBER
    100      -2.4938E+03     8.1150E-01     9.7628E+00     CZ        262

 BOND    =       38.9371  ANGLE   =      167.8626  DIHED      =     1006.9981
 VDWAALS =     -674.4706  EEL     =    -6204.2283  EGB        =    -1259.3983
 1-4 VDW =      251.1969  1-4 EEL =     4151.8491  RESTRAINT  =        0.0000
 ESURF   =       27.4602
--------------------------------------------------------------------------------
   5.  TIMINGS
--------------------------------------------------------------------------------

|  NonSetup CPU Time in Major Routines:
|
|     Routine           Sec        %
|     ------------------------------
|     Nonbond           6.46   98.45
|     Bond              0.00    0.02
|     Angle             0.01    0.21
|     Dihedral          0.08    1.24
|     Shake             0.00    0.00
|     Other             0.01    0.09
|     ------------------------------
|     Total             6.56

|  Generalized Born CPU Time:
|
|     Routine                 Sec        %
|     ------------------------------------
|     Radii Calc              1.53   23.29
|     Diagonal Calc           2.83   43.19
|     Off Diagonal Calc       2.09   31.88
|     GBSA LCPO Calc          0.00    0.00
|     ---------------------------------
|     Total                   6.45   98.37

|  Setup CPU time:            0.01 seconds
|  NonSetup CPU time:         6.56 seconds
|  Total CPU time:            6.57 seconds     0.00 hours

|  Setup wall time:           0    seconds
|  NonSetup wall time:        6    seconds
|  Total wall time:           6    seconds     0.00 hours
