
          -------------------------------------------------------
          Amber 22 PMEMD                              2022
          -------------------------------------------------------

| PMEMD implementation of SANDER, Release 22

|  Compiled date/time: Thu Apr 14 23:36:37 2022
| Run on 01/14/2024 at 18:43:24

|   Executable path: pmemd
| Working directory: /home/arul/Reegina/MD_Sim/eq2/2VH7_info
|          Hostname: Unknown
  [-O]verwriting output

File Assignments:
|   MDIN: /home/arul/Reegina/MD_Sim/eq2.in                                      
|  MDOUT: eq2.out                                                               
| INPCRD: eq1.rst7                                                              
|   PARM: 2VH7.hmass.parm7                                                      
| RESTRT: eq2.rst7                                                              
|   REFC: eq1.rst7                                                              
|  MDVEL: mdvel                                                                 
|   MDEN: mden                                                                  
|  MDCRD: eq2.crd                                                               
| MDINFO: eq2.info                                                              
|  MDFRC: mdfrc                                                                 


 Here is the input file:

&cntrl                                                                         
   ntx = 5,                                                                    
   ntwx = 5000, ntwe = 0, ntwr = 500,                                          
   ntpr = 5000,                                                                
                                                                               
   ioutfm=0, ntxo=1,                                                           
                                                                               
   imin = 0, nstlim = 125000, dt = 0.002,                                      
                                                                               
   ntt = 3, gamma_ln=1., temp0 = 300.0,                                        
   nscm = 1000, ig = -1, irest = 1,                                            
                                                                               
   ntc= 2, ntf = 2, cut = 1000,                                                
                                                                               
   igb=8, gbsa=3, surften=0.007, ntb = 0,                                      
   saltcon=0.,                                                                 
                                                                               
   ntr=1, restraintmask="@CA,N,C,O",                                           
   restraint_wt=0.1,                                                           
 /                                                                             


Note: ig = -1. Setting random seed to    28327 based on wallclock time in 
      microseconds.
| irandom = 1, using AMBER's internal random number generator (default).
 
| Conditional Compilation Defines Used:
| PUBFFT
| BINTRAJ
| EMIL

| New format PARM file being parsed.
| Version =    1.000 Date = 12/30/23 Time = 23:54:39

| Note: 1-4 EEL scale factors are being read from the topology file.

| Note: 1-4 VDW scale factors are being read from the topology file.
| INFO:    Reading atomic numbers from topology file.
| Duplicated    0 dihedrals

| Duplicated    0 dihedrals

--------------------------------------------------------------------------------
   1.  RESOURCE   USE: 
--------------------------------------------------------------------------------

 NATOM  =    1531 NTYPES =      14 NBONH =     770 MBONA  =     776
 NTHETH =    1754 MTHETA =    1043 NPHIH =    3524 MPHIA  =    3276
 NHPARM =       0 NPARM  =       0 NNB   =    8455 NRES   =      94
 NBONA  =     776 NTHETA =    1043 NPHIA =    3276 NUMBND =      63
 NUMANG =     149 NPTRA  =     178 NATYP =      31 NPHB   =       0
 IFBOX  =       0 NMXRS  =      24 IFCAP =       0 NEXTRA =       0
 NCOPY  =       0

 Implicit solvent radii are ArgH and AspGluO modified Bondi2 radii (mbondi3)                                
 Replacing prmtop screening parameters with GBn2 (igb=8) values
--------------------------------------------------------------------------------
   2.  CONTROL  DATA  FOR  THE  RUN
--------------------------------------------------------------------------------

default_name                                                                    

General flags:
     imin    =       0, nmropt  =       0

Nature and format of input:
     ntx     =       5, irest   =       1, ntrx    =       1

Nature and format of output:
     ntxo    =       1, ntpr    =    5000, ntrx    =       1, ntwr    =     500
     iwrap   =       0, ntwx    =    5000, ntwv    =       0, ntwe    =       0
     ioutfm  =       0, ntwprt  =       0, idecomp =       0, rbornstat=      0

Potential function:
     ntf     =       2, ntb     =       0, igb     =       8, nsnb    =      25
     ipol    =       0, gbsa    =       3, iesp    =       0
     dielc   =   1.00000, cut     =1000.00000, intdiel =   1.00000
     saltcon =   0.00000, offset  =   0.19514, surften =   0.00700
     rdt     =   0.00000, rgbmax  =  25.00000  extdiel =  78.50000
     alpb  =        0
     gbalphaH  =   0.78844, gbbetaH   =   0.79870,  gbgammaH  =    0.43733
     gbalphaC  =   0.73376, gbbetaC   =   0.50638,  gbgammaC  =    0.20584
     gbalphaN  =   0.50336, gbbetaN   =   0.31683,  gbgammaN  =    0.19292
     gbalphaOS =   0.86781, gbbetaOS  =   0.87664,  gbgammaOS =    0.38788
     gbalphaP  =   1.00000, gbbetaP   =   0.80000,  gbgammaP  =    4.85000
     gb_alpha_hnu  =   0.53705, gb_beta_hnu   =   0.36286,  gb_gamma_hnu  =    0.11670
     gb_alpha_cnu  =   0.33167, gb_beta_cnu   =   0.19684,  gb_gamma_cnu  =    0.09342
     gb_alpha_nnu  =   0.68631, gb_beta_nnu   =   0.46319,  gb_gamma_nnu  =    0.13872
     gb_alpha_onu  =   0.60634, gb_beta_onu   =   0.46301,  gb_gamma_onu  =    0.14226
     gb_alpha_pnu  =   0.41836, gb_beta_pnu   =   0.29005,  gb_gamma_pnu  =    0.10642

Frozen or restrained atoms:
     ibelly  =       0, ntr     =       1
     restraint_wt =   0.10000

Molecular dynamics:
     nstlim  =    125000, nscm    =         0, nrespa  =         1
     t       =   0.00000, dt      =   0.00200, vlimit  =  20.00000

Langevin dynamics temperature regulation:
     ig      =   28327
     temp0   = 300.00000, tempi   =   0.00000, gamma_ln=   1.00000

SHAKE:
     ntc     =       2, jfastw  =       0
     tol     =   0.00001

| Intermolecular bonds treatment:
|     no_intermolecular_bonds =       1

| Energy averages sample interval:
|     ene_avg_sampling =    5000

    LOADING THE CONSTRAINED ATOMS AS GROUPS


   5.  REFERENCE ATOM COORDINATES

  default_name                                                                    
     Mask @CA,N,C,O; matches   376 atoms

--------------------------------------------------------------------------------
   3.  ATOMIC COORDINATES AND VELOCITIES
--------------------------------------------------------------------------------

default_name                                                                    
 begin time read from input coords =  1250.000 ps

 
 Number of triangulated 3-point waters found:        0
| Dynamic Memory, Types Used:
| Reals               53708
| Integers           182409

--------------------------------------------------------------------------------
   4.  RESULTS
--------------------------------------------------------------------------------


 NSTEP =     5000   TIME(PS) =    1260.000  TEMP(K) =   293.93  PRESS =     0.0
 Etot   =     -1348.7189  EKtot   =      1116.5101  EPtot      =     -2465.2291
 BOND   =       301.5324  ANGLE   =       799.1107  DIHED      =      1182.8441
 1-4 NB =       345.8622  1-4 EEL =      3858.8226  VDWAALS    =      -741.6492
 EELEC  =     -6526.2875  EGB     =     -1733.8847  RESTRAINT  =        13.1727
 EAMBER (non-restraint)  =     -2478.4017
 ESURF=        35.2477
 ------------------------------------------------------------------------------


 NSTEP =    10000   TIME(PS) =    1270.000  TEMP(K) =   308.38  PRESS =     0.0
 Etot   =     -1258.1984  EKtot   =      1171.3814  EPtot      =     -2429.5798
 BOND   =       311.4559  ANGLE   =       829.1898  DIHED      =      1174.8378
 1-4 NB =       335.8194  1-4 EEL =      3817.3012  VDWAALS    =      -718.5358
 EELEC  =     -6490.6098  EGB     =     -1738.2952  RESTRAINT  =        13.5965
 EAMBER (non-restraint)  =     -2443.1763
 ESURF=        35.6604
 ------------------------------------------------------------------------------


 NSTEP =    15000   TIME(PS) =    1280.000  TEMP(K) =   306.54  PRESS =     0.0
 Etot   =     -1324.3823  EKtot   =      1164.4134  EPtot      =     -2488.7957
 BOND   =       300.5660  ANGLE   =       767.3114  DIHED      =      1170.7311
 1-4 NB =       350.3526  1-4 EEL =      3834.7816  VDWAALS    =      -736.6346
 EELEC  =     -6572.0284  EGB     =     -1654.7652  RESTRAINT  =        15.2017
 EAMBER (non-restraint)  =     -2503.9974
 ESURF=        35.6881
 ------------------------------------------------------------------------------


 NSTEP =    20000   TIME(PS) =    1290.000  TEMP(K) =   293.93  PRESS =     0.0
 Etot   =     -1361.1647  EKtot   =      1116.5010  EPtot      =     -2477.6657
 BOND   =       299.4372  ANGLE   =       803.0772  DIHED      =      1172.3299
 1-4 NB =       332.3531  1-4 EEL =      3841.2363  VDWAALS    =      -728.1826
 EELEC  =     -6529.8891  EGB     =     -1712.4733  RESTRAINT  =        10.6217
 EAMBER (non-restraint)  =     -2488.2874
 ESURF=        33.8239
 ------------------------------------------------------------------------------


 NSTEP =    25000   TIME(PS) =    1300.000  TEMP(K) =   305.90  PRESS =     0.0
 Etot   =     -1345.4307  EKtot   =      1161.9793  EPtot      =     -2507.4101
 BOND   =       291.2841  ANGLE   =       797.2283  DIHED      =      1180.1813
 1-4 NB =       330.4279  1-4 EEL =      3796.2352  VDWAALS    =      -741.2851
 EELEC  =     -6479.7682  EGB     =     -1729.0367  RESTRAINT  =        11.7365
 EAMBER (non-restraint)  =     -2519.1465
 ESURF=        35.5867
 ------------------------------------------------------------------------------


 NSTEP =    30000   TIME(PS) =    1310.000  TEMP(K) =   295.03  PRESS =     0.0
 Etot   =     -1364.1937  EKtot   =      1120.6787  EPtot      =     -2484.8725
 BOND   =       318.5615  ANGLE   =       782.5977  DIHED      =      1154.7826
 1-4 NB =       321.2791  1-4 EEL =      3810.0136  VDWAALS    =      -716.7379
 EELEC  =     -6424.8434  EGB     =     -1779.7597  RESTRAINT  =        13.5781
 EAMBER (non-restraint)  =     -2498.4505
 ESURF=        35.6559
 ------------------------------------------------------------------------------


 NSTEP =    35000   TIME(PS) =    1320.000  TEMP(K) =   300.65  PRESS =     0.0
 Etot   =     -1344.1931  EKtot   =      1142.0397  EPtot      =     -2486.2328
 BOND   =       307.1107  ANGLE   =       785.2007  DIHED      =      1173.2566
 1-4 NB =       335.6356  1-4 EEL =      3831.8722  VDWAALS    =      -738.9169
 EELEC  =     -6561.0201  EGB     =     -1666.6427  RESTRAINT  =        11.7289
 EAMBER (non-restraint)  =     -2497.9618
 ESURF=        35.5421
 ------------------------------------------------------------------------------


 NSTEP =    40000   TIME(PS) =    1330.000  TEMP(K) =   299.76  PRESS =     0.0
 Etot   =     -1331.0256  EKtot   =      1138.6613  EPtot      =     -2469.6870
 BOND   =       303.0950  ANGLE   =       783.0830  DIHED      =      1190.1222
 1-4 NB =       325.7958  1-4 EEL =      3877.4967  VDWAALS    =      -731.5556
 EELEC  =     -6434.2808  EGB     =     -1833.0137  RESTRAINT  =        12.4001
 EAMBER (non-restraint)  =     -2482.0871
 ESURF=        37.1704
 ------------------------------------------------------------------------------


 NSTEP =    45000   TIME(PS) =    1340.000  TEMP(K) =   303.82  PRESS =     0.0
 Etot   =     -1322.2935  EKtot   =      1154.0770  EPtot      =     -2476.3705
 BOND   =       299.6193  ANGLE   =       805.7539  DIHED      =      1189.1657
 1-4 NB =       327.1939  1-4 EEL =      3848.2107  VDWAALS    =      -748.5773
 EELEC  =     -6444.9215  EGB     =     -1796.1522  RESTRAINT  =         8.5571
 EAMBER (non-restraint)  =     -2484.9277
 ESURF=        34.7799
 ------------------------------------------------------------------------------


 NSTEP =    50000   TIME(PS) =    1350.000  TEMP(K) =   295.39  PRESS =     0.0
 Etot   =     -1374.2366  EKtot   =      1122.0496  EPtot      =     -2496.2862
 BOND   =       319.6682  ANGLE   =       800.0048  DIHED      =      1171.2395
 1-4 NB =       333.7607  1-4 EEL =      3802.5959  VDWAALS    =      -734.0820
 EELEC  =     -6535.5372  EGB     =     -1706.3827  RESTRAINT  =        15.5298
 EAMBER (non-restraint)  =     -2511.8160
 ESURF=        36.9168
 ------------------------------------------------------------------------------


 NSTEP =    55000   TIME(PS) =    1360.000  TEMP(K) =   291.24  PRESS =     0.0
 Etot   =     -1424.0458  EKtot   =      1106.2830  EPtot      =     -2530.3288
 BOND   =       280.6178  ANGLE   =       767.5764  DIHED      =      1169.8614
 1-4 NB =       329.4492  1-4 EEL =      3862.7795  VDWAALS    =      -727.2093
 EELEC  =     -6488.8428  EGB     =     -1772.5859  RESTRAINT  =        11.2195
 EAMBER (non-restraint)  =     -2541.5483
 ESURF=        36.8053
 ------------------------------------------------------------------------------


 NSTEP =    60000   TIME(PS) =    1370.000  TEMP(K) =   297.22  PRESS =     0.0
 Etot   =     -1386.6504  EKtot   =      1128.9856  EPtot      =     -2515.6359
 BOND   =       282.4774  ANGLE   =       748.1054  DIHED      =      1192.5577
 1-4 NB =       336.6819  1-4 EEL =      3866.8648  VDWAALS    =      -722.1368
 EELEC  =     -6534.8662  EGB     =     -1737.3706  RESTRAINT  =        16.0196
 EAMBER (non-restraint)  =     -2531.6555
 ESURF=        36.0309
 ------------------------------------------------------------------------------


 NSTEP =    65000   TIME(PS) =    1380.000  TEMP(K) =   298.57  PRESS =     0.0
 Etot   =     -1365.8851  EKtot   =      1134.1078  EPtot      =     -2499.9930
 BOND   =       294.4337  ANGLE   =       765.2038  DIHED      =      1191.0266
 1-4 NB =       325.1846  1-4 EEL =      3860.4065  VDWAALS    =      -724.1434
 EELEC  =     -6469.3493  EGB     =     -1796.2960  RESTRAINT  =        16.1672
 EAMBER (non-restraint)  =     -2516.1602
 ESURF=        37.3735
 ------------------------------------------------------------------------------


 NSTEP =    70000   TIME(PS) =    1390.000  TEMP(K) =   304.13  PRESS =     0.0
 Etot   =     -1365.0385  EKtot   =      1155.2244  EPtot      =     -2520.2629
 BOND   =       299.2659  ANGLE   =       775.1988  DIHED      =      1176.0933
 1-4 NB =       329.2130  1-4 EEL =      3812.0836  VDWAALS    =      -739.1932
 EELEC  =     -6364.8315  EGB     =     -1853.8812  RESTRAINT  =         9.8746
 EAMBER (non-restraint)  =     -2530.1375
 ESURF=        35.9139
 ------------------------------------------------------------------------------


 NSTEP =    75000   TIME(PS) =    1400.000  TEMP(K) =   291.21  PRESS =     0.0
 Etot   =     -1372.8117  EKtot   =      1106.1540  EPtot      =     -2478.9658
 BOND   =       307.5368  ANGLE   =       768.4266  DIHED      =      1187.9823
 1-4 NB =       351.9770  1-4 EEL =      3880.6102  VDWAALS    =      -725.5671
 EELEC  =     -6449.4869  EGB     =     -1848.2378  RESTRAINT  =        11.1349
 EAMBER (non-restraint)  =     -2490.1007
 ESURF=        36.6580
 ------------------------------------------------------------------------------


 NSTEP =    80000   TIME(PS) =    1410.000  TEMP(K) =   286.04  PRESS =     0.0
 Etot   =     -1438.9386  EKtot   =      1086.5105  EPtot      =     -2525.4492
 BOND   =       294.2507  ANGLE   =       760.9755  DIHED      =      1189.5020
 1-4 NB =       338.4919  1-4 EEL =      3826.8678  VDWAALS    =      -726.9384
 EELEC  =     -6502.2065  EGB     =     -1755.0379  RESTRAINT  =        12.7517
 EAMBER (non-restraint)  =     -2538.2009
 ESURF=        35.8941
 ------------------------------------------------------------------------------


 NSTEP =    85000   TIME(PS) =    1420.000  TEMP(K) =   299.57  PRESS =     0.0
 Etot   =     -1304.5883  EKtot   =      1137.9072  EPtot      =     -2442.4954
 BOND   =       337.5401  ANGLE   =       804.9471  DIHED      =      1193.3600
 1-4 NB =       320.7191  1-4 EEL =      3793.5953  VDWAALS    =      -740.7956
 EELEC  =     -6447.4586  EGB     =     -1754.0548  RESTRAINT  =        14.0196
 EAMBER (non-restraint)  =     -2456.5150
 ESURF=        35.6324
 ------------------------------------------------------------------------------


 NSTEP =    90000   TIME(PS) =    1430.000  TEMP(K) =   292.32  PRESS =     0.0
 Etot   =     -1333.2375  EKtot   =      1110.3960  EPtot      =     -2443.6334
 BOND   =       328.9247  ANGLE   =       791.9600  DIHED      =      1180.2136
 1-4 NB =       333.9568  1-4 EEL =      3784.8399  VDWAALS    =      -724.6538
 EELEC  =     -6454.8973  EGB     =     -1730.4494  RESTRAINT  =        12.0815
 EAMBER (non-restraint)  =     -2455.7149
 ESURF=        34.3906
 ------------------------------------------------------------------------------


 NSTEP =    95000   TIME(PS) =    1440.000  TEMP(K) =   297.86  PRESS =     0.0
 Etot   =     -1397.9376  EKtot   =      1131.4413  EPtot      =     -2529.3789
 BOND   =       289.6939  ANGLE   =       777.0072  DIHED      =      1165.8110
 1-4 NB =       332.2617  1-4 EEL =      3822.1950  VDWAALS    =      -729.3251
 EELEC  =     -6451.5210  EGB     =     -1783.3714  RESTRAINT  =        10.5201
 EAMBER (non-restraint)  =     -2539.8990
 ESURF=        37.3496
 ------------------------------------------------------------------------------


 NSTEP =   100000   TIME(PS) =    1450.000  TEMP(K) =   301.84  PRESS =     0.0
 Etot   =     -1389.0219  EKtot   =      1146.5311  EPtot      =     -2535.5529
 BOND   =       293.8115  ANGLE   =       753.3936  DIHED      =      1172.2737
 1-4 NB =       345.0933  1-4 EEL =      3822.5631  VDWAALS    =      -742.8380
 EELEC  =     -6581.0909  EGB     =     -1645.8190  RESTRAINT  =        11.6826
 EAMBER (non-restraint)  =     -2547.2356
 ESURF=        35.3771
 ------------------------------------------------------------------------------


 NSTEP =   105000   TIME(PS) =    1460.000  TEMP(K) =   299.87  PRESS =     0.0
 Etot   =     -1326.5458  EKtot   =      1139.0654  EPtot      =     -2465.6112
 BOND   =       303.2276  ANGLE   =       798.9065  DIHED      =      1187.8638
 1-4 NB =       325.3872  1-4 EEL =      3834.2758  VDWAALS    =      -719.0102
 EELEC  =     -6556.3489  EGB     =     -1687.7512  RESTRAINT  =        11.6105
 EAMBER (non-restraint)  =     -2477.2217
 ESURF=        36.2276
 ------------------------------------------------------------------------------


 NSTEP =   110000   TIME(PS) =    1470.000  TEMP(K) =   289.57  PRESS =     0.0
 Etot   =     -1412.2216  EKtot   =      1099.9203  EPtot      =     -2512.1418
 BOND   =       298.8266  ANGLE   =       775.7483  DIHED      =      1179.1134
 1-4 NB =       321.1487  1-4 EEL =      3773.4053  VDWAALS    =      -719.3818
 EELEC  =     -6451.5325  EGB     =     -1737.4625  RESTRAINT  =        10.9011
 EAMBER (non-restraint)  =     -2523.0429
 ESURF=        37.0916
 ------------------------------------------------------------------------------


 NSTEP =   115000   TIME(PS) =    1480.000  TEMP(K) =   304.33  PRESS =     0.0
 Etot   =     -1341.6792  EKtot   =      1156.0046  EPtot      =     -2497.6838
 BOND   =       275.8644  ANGLE   =       798.4256  DIHED      =      1159.4736
 1-4 NB =       337.5632  1-4 EEL =      3819.5335  VDWAALS    =      -718.9301
 EELEC  =     -6491.5290  EGB     =     -1726.0388  RESTRAINT  =        11.6237
 EAMBER (non-restraint)  =     -2509.3075
 ESURF=        36.3301
 ------------------------------------------------------------------------------


 NSTEP =   120000   TIME(PS) =    1490.000  TEMP(K) =   302.27  PRESS =     0.0
 Etot   =     -1359.0848  EKtot   =      1148.1851  EPtot      =     -2507.2698
 BOND   =       310.9061  ANGLE   =       789.4111  DIHED      =      1154.6123
 1-4 NB =       328.3821  1-4 EEL =      3808.8249  VDWAALS    =      -747.8359
 EELEC  =     -6452.0073  EGB     =     -1746.2857  RESTRAINT  =        10.3809
 EAMBER (non-restraint)  =     -2517.6507
 ESURF=        36.3416
 ------------------------------------------------------------------------------


 NSTEP =   125000   TIME(PS) =    1500.000  TEMP(K) =   301.82  PRESS =     0.0
 Etot   =     -1405.6050  EKtot   =      1146.4777  EPtot      =     -2552.0827
 BOND   =       288.5388  ANGLE   =       744.5247  DIHED      =      1168.2579
 1-4 NB =       328.3251  1-4 EEL =      3807.1516  VDWAALS    =      -728.9345
 EELEC  =     -6441.4225  EGB     =     -1765.9634  RESTRAINT  =        11.2177
 EAMBER (non-restraint)  =     -2563.3004
 ESURF=        36.2218
 ------------------------------------------------------------------------------


      A V E R A G E S   O V E R      25 S T E P S


 NSTEP =   125000   TIME(PS) =    1500.000  TEMP(K) =   298.45  PRESS =     0.0
 Etot   =     -1359.8852  EKtot   =      1133.6594  EPtot      =     -2493.5446
 BOND   =       301.5299  ANGLE   =       782.8947  DIHED      =      1177.0997
 1-4 NB =       332.8926  1-4 EEL =      3827.7825  VDWAALS    =      -730.9220
 EELEC  =     -6485.4631  EGB     =     -1747.6405  RESTRAINT  =        12.2931
 EAMBER (non-restraint)  =     -2505.8377
 ESURF=        35.9884
 ------------------------------------------------------------------------------


      R M S  F L U C T U A T I O N S


 NSTEP =   125000   TIME(PS) =    1500.000  TEMP(K) =     5.66  PRESS =     0.0
 Etot   =        39.1421  EKtot   =        21.5061  EPtot      =        30.3920
 BOND   =        14.1173  ANGLE   =        20.1259  DIHED      =        11.2625
 1-4 NB =         8.4014  1-4 EEL =        28.2363  VDWAALS    =         9.4727
 EELEC  =        52.2044  EGB     =        53.0863  RESTRAINT  =         1.9194
 EAMBER (non-restraint)  =        28.4725
 ESURF=         0.8752
 ------------------------------------------------------------------------------

--------------------------------------------------------------------------------
   5.  TIMINGS
--------------------------------------------------------------------------------

|  NonSetup CPU Time in Major Routines:
|
|     Routine           Sec        %
|     ------------------------------
|     Nonbond       11256.68   98.39
|     Bond              1.37    0.01
|     Angle            21.31    0.19
|     Dihedral        122.49    1.07
|     Shake             5.80    0.05
|     RunMD            32.97    0.29
|     Other             0.07    0.00
|     ------------------------------
|     Total         11440.69

|  Generalized Born CPU Time:
|
|     Routine                 Sec        %
|     ------------------------------------
|     Radii Calc           2632.69   23.01
|     Diagonal Calc        4884.93   42.70
|     Off Diagonal Calc    3730.54   32.61
|     GBSA LCPO Calc          0.08    0.00
|     ---------------------------------
|     Total               11248.15   98.32

|  Final Performance Info:
|     -----------------------------------------------------
|     Average timings for last       1 steps:
|     Elapsed(s) =       0.00 Per Step(ms) =       0.11
|         ns/day =    1601.33   seconds/ns =      53.96
|
|     Average timings for all steps:
|     Elapsed(s) =   19424.04 Per Step(ms) =     155.39
|         ns/day =       1.11   seconds/ns =   77696.15
|     -----------------------------------------------------

|  Setup CPU time:            0.03 seconds
|  NonSetup CPU time:     11440.69 seconds
|  Total CPU time:        11440.72 seconds     3.18 hours

|  Setup wall time:           0    seconds
|  NonSetup wall time:    19424    seconds
|  Total wall time:       19424    seconds     5.40 hours
