
          -------------------------------------------------------
          Amber 22 PMEMD                              2022
          -------------------------------------------------------

| PMEMD implementation of SANDER, Release 22

|  Compiled date/time: Thu Apr 14 23:36:37 2022
| Run on 12/26/2023 at 23:35:48

|   Executable path: pmemd
| Working directory: /home/arul/Reegina/MD_Sim/sample/1UBQ_info
|          Hostname: Unknown
  [-O]verwriting output

File Assignments:
|   MDIN: eq1.in                                                                
|  MDOUT: eq1.out                                                               
| INPCRD: heat.rst7                                                             
|   PARM: 1UBQ.hmass.parm7                                                      
| RESTRT: eq1.rst7                                                              
|   REFC: heat.rst7                                                             
|  MDVEL: mdvel                                                                 
|   MDEN: mden                                                                  
|  MDCRD: eq1.crd                                                               
| MDINFO: eq1.info                                                              
|  MDFRC: mdfrc                                                                 


 Here is the input file:

&cntrl                                                                         
   ntx = 5,                                                                    
                                                                               
   ntwx = 5000, ntwe = 0, ntwr = 500,                                          
   ntpr = 5000,                                                                
                                                                               
   ioutfm=0, ntxo=1,                                                           
                                                                               
   imin = 0, nstlim = 125000, dt = 0.002,                                      
                                                                               
   ntt = 3, gamma_ln=1.0, temp0 = 300.0,                                       
   nscm = 1000, ig = -1, irest = 1,                                            
                                                                               
   ntc= 2, ntf = 2, cut = 1000,                                                
                                                                               
   igb=8, gbsa=3, surften=0.007, ntb = 0,                                      
   saltcon=0.,                                                                 
                                                                               
   ntr=1, restraintmask="@CA,N,C,O",                                           
   restraint_wt=1.0,                                                           
 /                                                                             


Note: ig = -1. Setting random seed to   802477 based on wallclock time in 
      microseconds.
| irandom = 1, using AMBER's internal random number generator (default).
 
| Conditional Compilation Defines Used:
| PUBFFT
| BINTRAJ
| EMIL

| New format PARM file being parsed.
| Version =    1.000 Date = 12/04/23 Time = 16:32:27

| Note: 1-4 EEL scale factors are being read from the topology file.

| Note: 1-4 VDW scale factors are being read from the topology file.
| INFO:    Reading atomic numbers from topology file.
| Duplicated    0 dihedrals

| Duplicated    0 dihedrals

--------------------------------------------------------------------------------
   1.  RESOURCE   USE: 
--------------------------------------------------------------------------------

 NATOM  =    1231 NTYPES =      14 NBONH =     629 MBONA  =     608
 NTHETH =    1439 MTHETA =     818 NPHIH =    2860 MPHIA  =    2639
 NHPARM =       0 NPARM  =       0 NNB   =    6824 NRES   =      76
 NBONA  =     608 NTHETA =     818 NPHIA =    2639 NUMBND =      56
 NUMANG =     130 NPTRA  =     161 NATYP =      28 NPHB   =       0
 IFBOX  =       0 NMXRS  =      24 IFCAP =       0 NEXTRA =       0
 NCOPY  =       0

 Implicit solvent radii are ArgH and AspGluO modified Bondi2 radii (mbondi3)                                
 Replacing prmtop screening parameters with GBn2 (igb=8) values
--------------------------------------------------------------------------------
   2.  CONTROL  DATA  FOR  THE  RUN
--------------------------------------------------------------------------------

default_name                                                                    

General flags:
     imin    =       0, nmropt  =       0

Nature and format of input:
     ntx     =       5, irest   =       1, ntrx    =       1

Nature and format of output:
     ntxo    =       1, ntpr    =    5000, ntrx    =       1, ntwr    =     500
     iwrap   =       0, ntwx    =    5000, ntwv    =       0, ntwe    =       0
     ioutfm  =       0, ntwprt  =       0, idecomp =       0, rbornstat=      0

Potential function:
     ntf     =       2, ntb     =       0, igb     =       8, nsnb    =      25
     ipol    =       0, gbsa    =       3, iesp    =       0
     dielc   =   1.00000, cut     =1000.00000, intdiel =   1.00000
     saltcon =   0.00000, offset  =   0.19514, surften =   0.00700
     rdt     =   0.00000, rgbmax  =  25.00000  extdiel =  78.50000
     alpb  =        0
     gbalphaH  =   0.78844, gbbetaH   =   0.79870,  gbgammaH  =    0.43733
     gbalphaC  =   0.73376, gbbetaC   =   0.50638,  gbgammaC  =    0.20584
     gbalphaN  =   0.50336, gbbetaN   =   0.31683,  gbgammaN  =    0.19292
     gbalphaOS =   0.86781, gbbetaOS  =   0.87664,  gbgammaOS =    0.38788
     gbalphaP  =   1.00000, gbbetaP   =   0.80000,  gbgammaP  =    4.85000
     gb_alpha_hnu  =   0.53705, gb_beta_hnu   =   0.36286,  gb_gamma_hnu  =    0.11670
     gb_alpha_cnu  =   0.33167, gb_beta_cnu   =   0.19684,  gb_gamma_cnu  =    0.09342
     gb_alpha_nnu  =   0.68631, gb_beta_nnu   =   0.46319,  gb_gamma_nnu  =    0.13872
     gb_alpha_onu  =   0.60634, gb_beta_onu   =   0.46301,  gb_gamma_onu  =    0.14226
     gb_alpha_pnu  =   0.41836, gb_beta_pnu   =   0.29005,  gb_gamma_pnu  =    0.10642

Frozen or restrained atoms:
     ibelly  =       0, ntr     =       1
     restraint_wt =   1.00000

Molecular dynamics:
     nstlim  =    125000, nscm    =         0, nrespa  =         1
     t       =   0.00000, dt      =   0.00200, vlimit  =  20.00000

Langevin dynamics temperature regulation:
     ig      =  802477
     temp0   = 300.00000, tempi   =   0.00000, gamma_ln=   1.00000

SHAKE:
     ntc     =       2, jfastw  =       0
     tol     =   0.00001

| Intermolecular bonds treatment:
|     no_intermolecular_bonds =       1

| Energy averages sample interval:
|     ene_avg_sampling =    5000

    LOADING THE CONSTRAINED ATOMS AS GROUPS


   5.  REFERENCE ATOM COORDINATES

  default_name                                                                    
     Mask @CA,N,C,O; matches   304 atoms

--------------------------------------------------------------------------------
   3.  ATOMIC COORDINATES AND VELOCITIES
--------------------------------------------------------------------------------

default_name                                                                    
 begin time read from input coords =  1000.000 ps

 
 Number of triangulated 3-point waters found:        0
| Dynamic Memory, Types Used:
| Reals               43451
| Integers           147403

--------------------------------------------------------------------------------
   4.  RESULTS
--------------------------------------------------------------------------------


 NSTEP =     5000   TIME(PS) =    1010.000  TEMP(K) =   277.59  PRESS =     0.0
 Etot   =     -1440.7223  EKtot   =       845.0799  EPtot      =     -2285.8022
 BOND   =       236.2040  ANGLE   =       614.8853  DIHED      =       949.4998
 1-4 NB =       258.1518  1-4 EEL =      2810.4503  VDWAALS    =      -555.2951
 EELEC  =     -5479.2809  EGB     =     -1192.2190  RESTRAINT  =        38.7479
 EAMBER (non-restraint)  =     -2324.5501
 ESURF=        33.0537
 ------------------------------------------------------------------------------


 NSTEP =    10000   TIME(PS) =    1020.000  TEMP(K) =   309.07  PRESS =     0.0
 Etot   =     -1323.7028  EKtot   =       940.9288  EPtot      =     -2264.6316
 BOND   =       224.5211  ANGLE   =       622.0112  DIHED      =       954.8535
 1-4 NB =       257.2849  1-4 EEL =      2843.9689  VDWAALS    =      -559.3841
 EELEC  =     -5422.0663  EGB     =     -1253.8057  RESTRAINT  =        34.2255
 EAMBER (non-restraint)  =     -2298.8571
 ESURF=        33.7595
 ------------------------------------------------------------------------------


 NSTEP =    15000   TIME(PS) =    1030.000  TEMP(K) =   307.75  PRESS =     0.0
 Etot   =     -1309.2603  EKtot   =       936.9184  EPtot      =     -2246.1788
 BOND   =       241.9553  ANGLE   =       619.7566  DIHED      =       938.1319
 1-4 NB =       263.0087  1-4 EEL =      2885.9769  VDWAALS    =      -554.3709
 EELEC  =     -5381.5860  EGB     =     -1327.2771  RESTRAINT  =        34.5568
 EAMBER (non-restraint)  =     -2280.7356
 ESURF=        33.6689
 ------------------------------------------------------------------------------


 NSTEP =    20000   TIME(PS) =    1040.000  TEMP(K) =   305.30  PRESS =     0.0
 Etot   =     -1315.5164  EKtot   =       929.4371  EPtot      =     -2244.9535
 BOND   =       243.3823  ANGLE   =       631.9395  DIHED      =       941.4248
 1-4 NB =       258.1111  1-4 EEL =      2882.6637  VDWAALS    =      -547.2428
 EELEC  =     -5442.8318  EGB     =     -1279.6755  RESTRAINT  =        34.4421
 EAMBER (non-restraint)  =     -2279.3956
 ESURF=        32.8330
 ------------------------------------------------------------------------------


 NSTEP =    25000   TIME(PS) =    1050.000  TEMP(K) =   295.36  PRESS =     0.0
 Etot   =     -1364.2287  EKtot   =       899.1833  EPtot      =     -2263.4120
 BOND   =       223.6591  ANGLE   =       606.9708  DIHED      =       956.6134
 1-4 NB =       272.3077  1-4 EEL =      2864.5620  VDWAALS    =      -545.3371
 EELEC  =     -5497.7297  EGB     =     -1209.4150  RESTRAINT  =        33.4177
 EAMBER (non-restraint)  =     -2296.8296
 ESURF=        31.5391
 ------------------------------------------------------------------------------


 NSTEP =    30000   TIME(PS) =    1060.000  TEMP(K) =   305.37  PRESS =     0.0
 Etot   =     -1318.9485  EKtot   =       929.6491  EPtot      =     -2248.5976
 BOND   =       243.0121  ANGLE   =       623.9484  DIHED      =       949.4539
 1-4 NB =       257.4482  1-4 EEL =      2873.6247  VDWAALS    =      -567.8611
 EELEC  =     -5487.6231  EGB     =     -1209.4867  RESTRAINT  =        35.8302
 EAMBER (non-restraint)  =     -2284.4278
 ESURF=        33.0559
 ------------------------------------------------------------------------------


 NSTEP =    35000   TIME(PS) =    1070.000  TEMP(K) =   291.78  PRESS =     0.0
 Etot   =     -1375.8086  EKtot   =       888.2733  EPtot      =     -2264.0819
 BOND   =       227.6368  ANGLE   =       606.3053  DIHED      =       954.1708
 1-4 NB =       265.6006  1-4 EEL =      2868.0774  VDWAALS    =      -562.7383
 EELEC  =     -5433.2086  EGB     =     -1258.2554  RESTRAINT  =        35.0316
 EAMBER (non-restraint)  =     -2299.1135
 ESURF=        33.2980
 ------------------------------------------------------------------------------


 NSTEP =    40000   TIME(PS) =    1080.000  TEMP(K) =   297.36  PRESS =     0.0
 Etot   =     -1319.7413  EKtot   =       905.2763  EPtot      =     -2225.0175
 BOND   =       229.6416  ANGLE   =       626.2652  DIHED      =       952.0627
 1-4 NB =       266.7399  1-4 EEL =      2907.6935  VDWAALS    =      -541.6681
 EELEC  =     -5458.7291  EGB     =     -1274.5633  RESTRAINT  =        33.5495
 EAMBER (non-restraint)  =     -2258.5671
 ESURF=        33.9906
 ------------------------------------------------------------------------------


 NSTEP =    45000   TIME(PS) =    1090.000  TEMP(K) =   309.58  PRESS =     0.0
 Etot   =     -1287.3109  EKtot   =       942.4768  EPtot      =     -2229.7877
 BOND   =       231.4648  ANGLE   =       630.8945  DIHED      =       953.5229
 1-4 NB =       263.1797  1-4 EEL =      2875.0663  VDWAALS    =      -558.0519
 EELEC  =     -5406.2511  EGB     =     -1295.6885  RESTRAINT  =        42.5396
 EAMBER (non-restraint)  =     -2272.3273
 ESURF=        33.5359
 ------------------------------------------------------------------------------


 NSTEP =    50000   TIME(PS) =    1100.000  TEMP(K) =   304.12  PRESS =     0.0
 Etot   =     -1310.4466  EKtot   =       925.8435  EPtot      =     -2236.2901
 BOND   =       236.7893  ANGLE   =       609.4763  DIHED      =       963.0228
 1-4 NB =       279.3565  1-4 EEL =      2894.9227  VDWAALS    =      -555.3095
 EELEC  =     -5496.6242  EGB     =     -1233.6748  RESTRAINT  =        33.9654
 EAMBER (non-restraint)  =     -2270.2555
 ESURF=        31.7853
 ------------------------------------------------------------------------------


 NSTEP =    55000   TIME(PS) =    1110.000  TEMP(K) =   303.67  PRESS =     0.0
 Etot   =     -1324.5369  EKtot   =       924.4748  EPtot      =     -2249.0117
 BOND   =       234.2536  ANGLE   =       616.4939  DIHED      =       953.1281
 1-4 NB =       267.3775  1-4 EEL =      2887.3260  VDWAALS    =      -557.1480
 EELEC  =     -5524.6459  EGB     =     -1191.1824  RESTRAINT  =        32.1673
 EAMBER (non-restraint)  =     -2281.1790
 ESURF=        33.2182
 ------------------------------------------------------------------------------


 NSTEP =    60000   TIME(PS) =    1120.000  TEMP(K) =   307.10  PRESS =     0.0
 Etot   =     -1334.0944  EKtot   =       934.9258  EPtot      =     -2269.0201
 BOND   =       243.5214  ANGLE   =       604.0793  DIHED      =       954.7798
 1-4 NB =       247.6066  1-4 EEL =      2860.3535  VDWAALS    =      -561.7884
 EELEC  =     -5404.2924  EGB     =     -1281.9960  RESTRAINT  =        35.1019
 EAMBER (non-restraint)  =     -2304.1221
 ESURF=        33.6142
 ------------------------------------------------------------------------------


 NSTEP =    65000   TIME(PS) =    1130.000  TEMP(K) =   292.93  PRESS =     0.0
 Etot   =     -1365.6914  EKtot   =       891.7944  EPtot      =     -2257.4858
 BOND   =       248.4820  ANGLE   =       606.9252  DIHED      =       952.7545
 1-4 NB =       253.7118  1-4 EEL =      2869.9662  VDWAALS    =      -543.9956
 EELEC  =     -5553.3174  EGB     =     -1153.8495  RESTRAINT  =        27.8499
 EAMBER (non-restraint)  =     -2285.3358
 ESURF=        33.9871
 ------------------------------------------------------------------------------


 NSTEP =    70000   TIME(PS) =    1140.000  TEMP(K) =   309.32  PRESS =     0.0
 Etot   =     -1299.9001  EKtot   =       941.7008  EPtot      =     -2241.6009
 BOND   =       229.0841  ANGLE   =       614.6538  DIHED      =       967.2450
 1-4 NB =       268.3613  1-4 EEL =      2838.2422  VDWAALS    =      -546.7563
 EELEC  =     -5520.4208  EGB     =     -1160.7600  RESTRAINT  =        36.4519
 EAMBER (non-restraint)  =     -2278.0527
 ESURF=        32.2980
 ------------------------------------------------------------------------------


 NSTEP =    75000   TIME(PS) =    1150.000  TEMP(K) =   301.84  PRESS =     0.0
 Etot   =     -1319.7511  EKtot   =       918.9133  EPtot      =     -2238.6644
 BOND   =       225.0993  ANGLE   =       633.8220  DIHED      =       946.4661
 1-4 NB =       268.1516  1-4 EEL =      2886.3471  VDWAALS    =      -558.9555
 EELEC  =     -5510.3142  EGB     =     -1191.0711  RESTRAINT  =        27.6116
 EAMBER (non-restraint)  =     -2266.2760
 ESURF=        34.1786
 ------------------------------------------------------------------------------


 NSTEP =    80000   TIME(PS) =    1160.000  TEMP(K) =   307.92  PRESS =     0.0
 Etot   =     -1287.6314  EKtot   =       937.4127  EPtot      =     -2225.0442
 BOND   =       244.0391  ANGLE   =       617.6534  DIHED      =       957.7338
 1-4 NB =       266.0051  1-4 EEL =      2858.0320  VDWAALS    =      -547.5168
 EELEC  =     -5481.5234  EGB     =     -1210.7750  RESTRAINT  =        37.7011
 EAMBER (non-restraint)  =     -2262.7452
 ESURF=        33.6067
 ------------------------------------------------------------------------------


 NSTEP =    85000   TIME(PS) =    1170.000  TEMP(K) =   298.65  PRESS =     0.0
 Etot   =     -1334.5899  EKtot   =       909.2176  EPtot      =     -2243.8075
 BOND   =       224.9736  ANGLE   =       598.3803  DIHED      =       968.7152
 1-4 NB =       261.4790  1-4 EEL =      2847.7152  VDWAALS    =      -539.8108
 EELEC  =     -5399.9797  EGB     =     -1274.9812  RESTRAINT  =        34.5771
 EAMBER (non-restraint)  =     -2278.3846
 ESURF=        35.1237
 ------------------------------------------------------------------------------


 NSTEP =    90000   TIME(PS) =    1180.000  TEMP(K) =   297.38  PRESS =     0.0
 Etot   =     -1344.3385  EKtot   =       905.3241  EPtot      =     -2249.6626
 BOND   =       225.9596  ANGLE   =       619.1469  DIHED      =       950.1551
 1-4 NB =       267.7015  1-4 EEL =      2844.8705  VDWAALS    =      -537.6252
 EELEC  =     -5415.1812  EGB     =     -1277.2781  RESTRAINT  =        38.4601
 EAMBER (non-restraint)  =     -2288.1227
 ESURF=        34.1281
 ------------------------------------------------------------------------------


 NSTEP =    95000   TIME(PS) =    1190.000  TEMP(K) =   303.30  PRESS =     0.0
 Etot   =     -1354.3744  EKtot   =       923.3706  EPtot      =     -2277.7450
 BOND   =       225.0366  ANGLE   =       604.2815  DIHED      =       941.9816
 1-4 NB =       267.3031  1-4 EEL =      2860.3970  VDWAALS    =      -553.7070
 EELEC  =     -5443.4835  EGB     =     -1249.2750  RESTRAINT  =        36.1047
 EAMBER (non-restraint)  =     -2313.8497
 ESURF=        33.6161
 ------------------------------------------------------------------------------


 NSTEP =   100000   TIME(PS) =    1200.000  TEMP(K) =   293.65  PRESS =     0.0
 Etot   =     -1316.8713  EKtot   =       893.9821  EPtot      =     -2210.8535
 BOND   =       211.5917  ANGLE   =       670.3846  DIHED      =       961.9693
 1-4 NB =       267.1411  1-4 EEL =      2836.7289  VDWAALS    =      -550.7517
 EELEC  =     -5391.8833  EGB     =     -1285.8759  RESTRAINT  =        36.1622
 EAMBER (non-restraint)  =     -2247.0157
 ESURF=        33.6795
 ------------------------------------------------------------------------------


 NSTEP =   105000   TIME(PS) =    1210.000  TEMP(K) =   302.82  PRESS =     0.0
 Etot   =     -1291.5527  EKtot   =       921.8898  EPtot      =     -2213.4426
 BOND   =       252.1694  ANGLE   =       630.3566  DIHED      =       968.2992
 1-4 NB =       258.1949  1-4 EEL =      2880.3199  VDWAALS    =      -555.1155
 EELEC  =     -5434.4788  EGB     =     -1281.7917  RESTRAINT  =        34.1611
 EAMBER (non-restraint)  =     -2247.6037
 ESURF=        34.4422
 ------------------------------------------------------------------------------


 NSTEP =   110000   TIME(PS) =    1220.000  TEMP(K) =   295.55  PRESS =     0.0
 Etot   =     -1309.7284  EKtot   =       899.7571  EPtot      =     -2209.4855
 BOND   =       230.3043  ANGLE   =       640.0550  DIHED      =       951.5958
 1-4 NB =       266.9607  1-4 EEL =      2887.6210  VDWAALS    =      -541.4713
 EELEC  =     -5397.2130  EGB     =     -1319.8786  RESTRAINT  =        36.7989
 EAMBER (non-restraint)  =     -2246.2844
 ESURF=        35.7417
 ------------------------------------------------------------------------------


 NSTEP =   115000   TIME(PS) =    1230.000  TEMP(K) =   299.45  PRESS =     0.0
 Etot   =     -1312.6558  EKtot   =       911.6377  EPtot      =     -2224.2935
 BOND   =       233.0709  ANGLE   =       627.6347  DIHED      =       973.2036
 1-4 NB =       265.8275  1-4 EEL =      2890.9087  VDWAALS    =      -546.4702
 EELEC  =     -5455.7335  EGB     =     -1273.5434  RESTRAINT  =        28.0201
 EAMBER (non-restraint)  =     -2252.3136
 ESURF=        32.7881
 ------------------------------------------------------------------------------


 NSTEP =   120000   TIME(PS) =    1240.000  TEMP(K) =   301.98  PRESS =     0.0
 Etot   =     -1284.6099  EKtot   =       919.3472  EPtot      =     -2203.9572
 BOND   =       233.0065  ANGLE   =       631.3930  DIHED      =       966.6742
 1-4 NB =       270.9941  1-4 EEL =      2884.4169  VDWAALS    =      -537.9896
 EELEC  =     -5450.0307  EGB     =     -1272.6237  RESTRAINT  =        35.7909
 EAMBER (non-restraint)  =     -2239.7481
 ESURF=        34.4112
 ------------------------------------------------------------------------------


 NSTEP =   125000   TIME(PS) =    1250.000  TEMP(K) =   291.56  PRESS =     0.0
 Etot   =     -1317.2842  EKtot   =       887.6134  EPtot      =     -2204.8976
 BOND   =       227.7956  ANGLE   =       657.6206  DIHED      =       960.6714
 1-4 NB =       250.3616  1-4 EEL =      2911.4363  VDWAALS    =      -546.1779
 EELEC  =     -5464.3373  EGB     =     -1272.0489  RESTRAINT  =        35.4036
 EAMBER (non-restraint)  =     -2240.3012
 ESURF=        34.3773
 ------------------------------------------------------------------------------


      A V E R A G E S   O V E R      25 S T E P S


 NSTEP =   125000   TIME(PS) =    1250.000  TEMP(K) =   300.42  PRESS =     0.0
 Etot   =     -1326.5319  EKtot   =       914.5771  EPtot      =     -2241.1090
 BOND   =       233.0662  ANGLE   =       622.6134  DIHED      =       955.5252
 1-4 NB =       263.5347  1-4 EEL =      2870.0675  VDWAALS    =      -550.9015
 EELEC  =     -5454.1106  EGB     =     -1249.2397  RESTRAINT  =        34.7468
 EAMBER (non-restraint)  =     -2275.8557
 ESURF=        33.5892
 ------------------------------------------------------------------------------


      R M S  F L U C T U A T I O N S


 NSTEP =   125000   TIME(PS) =    1250.000  TEMP(K) =     7.30  PRESS =     0.0
 Etot   =        33.3899  EKtot   =        22.2230  EPtot      =        22.3917
 BOND   =         9.1726  ANGLE   =        16.3367  DIHED      =         8.8502
 1-4 NB =         6.9739  1-4 EEL =        23.3853  VDWAALS    =         8.1301
 EELEC  =        45.7878  EGB     =        46.1779  RESTRAINT  =         3.2747
 EAMBER (non-restraint)  =        19.1170
 ESURF=         0.9198
 ------------------------------------------------------------------------------

--------------------------------------------------------------------------------
   5.  TIMINGS
--------------------------------------------------------------------------------

|  NonSetup CPU Time in Major Routines:
|
|     Routine           Sec        %
|     ------------------------------
|     Nonbond        7260.50   98.06
|     Bond              0.92    0.01
|     Angle            16.35    0.22
|     Dihedral         96.28    1.30
|     Shake             4.45    0.06
|     RunMD            25.84    0.35
|     Other             0.05    0.00
|     ------------------------------
|     Total          7404.40

|  Generalized Born CPU Time:
|
|     Routine                 Sec        %
|     ------------------------------------
|     Radii Calc           1713.89   23.15
|     Diagonal Calc        3173.07   42.85
|     Off Diagonal Calc    2367.13   31.97
|     GBSA LCPO Calc          0.05    0.00
|     ---------------------------------
|     Total                7254.09   97.97

|  Final Performance Info:
|     -----------------------------------------------------
|     Average timings for last       1 steps:
|     Elapsed(s) =       0.00 Per Step(ms) =       0.11
|         ns/day =    1615.96   seconds/ns =      53.47
|
|     Average timings for all steps:
|     Elapsed(s) =    9857.30 Per Step(ms) =      78.86
|         ns/day =       2.19   seconds/ns =   39429.18
|     -----------------------------------------------------

|  Setup CPU time:            0.02 seconds
|  NonSetup CPU time:      7404.40 seconds
|  Total CPU time:         7404.41 seconds     2.06 hours

|  Setup wall time:           0    seconds
|  NonSetup wall time:     9857    seconds
|  Total wall time:        9857    seconds     2.74 hours
