
          -------------------------------------------------------
          Amber 22 PMEMD                              2022
          -------------------------------------------------------

| PMEMD implementation of SANDER, Release 22

|  Compiled date/time: Thu Apr 14 23:36:37 2022
| Run on 12/28/2023 at 22:33:35

|   Executable path: pmemd
| Working directory: /home/arul/Reegina/MD_Sim/sample/1UBQ_info
|          Hostname: Unknown
  [-O]verwriting output

File Assignments:
|   MDIN: eq2.in                                                                
|  MDOUT: eq2.out                                                               
| INPCRD: eq1.rst7                                                              
|   PARM: 1UBQ.hmass.parm7                                                      
| RESTRT: eq2.rst7                                                              
|   REFC: eq1.rst7                                                              
|  MDVEL: mdvel                                                                 
|   MDEN: mden                                                                  
|  MDCRD: eq2.crd                                                               
| MDINFO: eq2.info                                                              
|  MDFRC: mdfrc                                                                 


 Here is the input file:

&cntrl                                                                         
   ntx = 5,                                                                    
   ntwx = 5000, ntwe = 0, ntwr = 500,                                          
   ntpr = 5000,                                                                
                                                                               
   ioutfm=0, ntxo=1,                                                           
                                                                               
   imin = 0, nstlim = 125000, dt = 0.002,                                      
                                                                               
   ntt = 3, gamma_ln=1., temp0 = 300.0,                                        
   nscm = 1000, ig = -1, irest = 1,                                            
                                                                               
   ntc= 2, ntf = 2, cut = 1000,                                                
                                                                               
   igb=8, gbsa=3, surften=0.007, ntb = 0,                                      
   saltcon=0.,                                                                 
                                                                               
   ntr=1, restraintmask="@CA,N,C,O",                                           
   restraint_wt=0.1,                                                           
 /                                                                             


Note: ig = -1. Setting random seed to   554644 based on wallclock time in 
      microseconds.
| irandom = 1, using AMBER's internal random number generator (default).
 
| Conditional Compilation Defines Used:
| PUBFFT
| BINTRAJ
| EMIL

| New format PARM file being parsed.
| Version =    1.000 Date = 12/04/23 Time = 16:32:27

| Note: 1-4 EEL scale factors are being read from the topology file.

| Note: 1-4 VDW scale factors are being read from the topology file.
| INFO:    Reading atomic numbers from topology file.
| Duplicated    0 dihedrals

| Duplicated    0 dihedrals

--------------------------------------------------------------------------------
   1.  RESOURCE   USE: 
--------------------------------------------------------------------------------

 NATOM  =    1231 NTYPES =      14 NBONH =     629 MBONA  =     608
 NTHETH =    1439 MTHETA =     818 NPHIH =    2860 MPHIA  =    2639
 NHPARM =       0 NPARM  =       0 NNB   =    6824 NRES   =      76
 NBONA  =     608 NTHETA =     818 NPHIA =    2639 NUMBND =      56
 NUMANG =     130 NPTRA  =     161 NATYP =      28 NPHB   =       0
 IFBOX  =       0 NMXRS  =      24 IFCAP =       0 NEXTRA =       0
 NCOPY  =       0

 Implicit solvent radii are ArgH and AspGluO modified Bondi2 radii (mbondi3)                                
 Replacing prmtop screening parameters with GBn2 (igb=8) values
--------------------------------------------------------------------------------
   2.  CONTROL  DATA  FOR  THE  RUN
--------------------------------------------------------------------------------

default_name                                                                    

General flags:
     imin    =       0, nmropt  =       0

Nature and format of input:
     ntx     =       5, irest   =       1, ntrx    =       1

Nature and format of output:
     ntxo    =       1, ntpr    =    5000, ntrx    =       1, ntwr    =     500
     iwrap   =       0, ntwx    =    5000, ntwv    =       0, ntwe    =       0
     ioutfm  =       0, ntwprt  =       0, idecomp =       0, rbornstat=      0

Potential function:
     ntf     =       2, ntb     =       0, igb     =       8, nsnb    =      25
     ipol    =       0, gbsa    =       3, iesp    =       0
     dielc   =   1.00000, cut     =1000.00000, intdiel =   1.00000
     saltcon =   0.00000, offset  =   0.19514, surften =   0.00700
     rdt     =   0.00000, rgbmax  =  25.00000  extdiel =  78.50000
     alpb  =        0
     gbalphaH  =   0.78844, gbbetaH   =   0.79870,  gbgammaH  =    0.43733
     gbalphaC  =   0.73376, gbbetaC   =   0.50638,  gbgammaC  =    0.20584
     gbalphaN  =   0.50336, gbbetaN   =   0.31683,  gbgammaN  =    0.19292
     gbalphaOS =   0.86781, gbbetaOS  =   0.87664,  gbgammaOS =    0.38788
     gbalphaP  =   1.00000, gbbetaP   =   0.80000,  gbgammaP  =    4.85000
     gb_alpha_hnu  =   0.53705, gb_beta_hnu   =   0.36286,  gb_gamma_hnu  =    0.11670
     gb_alpha_cnu  =   0.33167, gb_beta_cnu   =   0.19684,  gb_gamma_cnu  =    0.09342
     gb_alpha_nnu  =   0.68631, gb_beta_nnu   =   0.46319,  gb_gamma_nnu  =    0.13872
     gb_alpha_onu  =   0.60634, gb_beta_onu   =   0.46301,  gb_gamma_onu  =    0.14226
     gb_alpha_pnu  =   0.41836, gb_beta_pnu   =   0.29005,  gb_gamma_pnu  =    0.10642

Frozen or restrained atoms:
     ibelly  =       0, ntr     =       1
     restraint_wt =   0.10000

Molecular dynamics:
     nstlim  =    125000, nscm    =         0, nrespa  =         1
     t       =   0.00000, dt      =   0.00200, vlimit  =  20.00000

Langevin dynamics temperature regulation:
     ig      =  554644
     temp0   = 300.00000, tempi   =   0.00000, gamma_ln=   1.00000

SHAKE:
     ntc     =       2, jfastw  =       0
     tol     =   0.00001

| Intermolecular bonds treatment:
|     no_intermolecular_bonds =       1

| Energy averages sample interval:
|     ene_avg_sampling =    5000

    LOADING THE CONSTRAINED ATOMS AS GROUPS


   5.  REFERENCE ATOM COORDINATES

  default_name                                                                    
     Mask @CA,N,C,O; matches   304 atoms

--------------------------------------------------------------------------------
   3.  ATOMIC COORDINATES AND VELOCITIES
--------------------------------------------------------------------------------

default_name                                                                    
 begin time read from input coords =  1250.000 ps

 
 Number of triangulated 3-point waters found:        0
| Dynamic Memory, Types Used:
| Reals               43451
| Integers           147403

--------------------------------------------------------------------------------
   4.  RESULTS
--------------------------------------------------------------------------------


 NSTEP =     5000   TIME(PS) =    1260.000  TEMP(K) =   302.89  PRESS =     0.0
 Etot   =     -1324.4375  EKtot   =       922.1027  EPtot      =     -2246.5402
 BOND   =       247.6629  ANGLE   =       596.5505  DIHED      =       950.6415
 1-4 NB =       263.4722  1-4 EEL =      2876.4914  VDWAALS    =      -524.4072
 EELEC  =     -5428.1226  EGB     =     -1274.2454  RESTRAINT  =        10.0091
 EAMBER (non-restraint)  =     -2256.5493
 ESURF=        35.4074
 ------------------------------------------------------------------------------


 NSTEP =    10000   TIME(PS) =    1270.000  TEMP(K) =   300.04  PRESS =     0.0
 Etot   =     -1336.0000  EKtot   =       913.4225  EPtot      =     -2249.4225
 BOND   =       228.7516  ANGLE   =       606.2961  DIHED      =       937.5224
 1-4 NB =       278.1553  1-4 EEL =      2853.9502  VDWAALS    =      -544.3053
 EELEC  =     -5323.9237  EGB     =     -1331.9985  RESTRAINT  =        11.9048
 EAMBER (non-restraint)  =     -2261.3273
 ESURF=        34.2248
 ------------------------------------------------------------------------------


 NSTEP =    15000   TIME(PS) =    1280.000  TEMP(K) =   302.57  PRESS =     0.0
 Etot   =     -1344.2916  EKtot   =       921.1475  EPtot      =     -2265.4390
 BOND   =       229.3497  ANGLE   =       618.9658  DIHED      =       943.9512
 1-4 NB =       269.6998  1-4 EEL =      2840.3582  VDWAALS    =      -537.3504
 EELEC  =     -5369.2963  EGB     =     -1309.6529  RESTRAINT  =        11.8229
 EAMBER (non-restraint)  =     -2277.2620
 ESURF=        36.7128
 ------------------------------------------------------------------------------


 NSTEP =    20000   TIME(PS) =    1290.000  TEMP(K) =   287.33  PRESS =     0.0
 Etot   =     -1363.7537  EKtot   =       874.7366  EPtot      =     -2238.4903
 BOND   =       241.2592  ANGLE   =       618.0879  DIHED      =       951.8257
 1-4 NB =       275.7993  1-4 EEL =      2891.9860  VDWAALS    =      -551.0662
 EELEC  =     -5403.3092  EGB     =     -1310.4354  RESTRAINT  =        12.7307
 EAMBER (non-restraint)  =     -2251.2210
 ESURF=        34.6317
 ------------------------------------------------------------------------------


 NSTEP =    25000   TIME(PS) =    1300.000  TEMP(K) =   300.89  PRESS =     0.0
 Etot   =     -1302.3058  EKtot   =       916.0122  EPtot      =     -2218.3180
 BOND   =       246.4993  ANGLE   =       628.9548  DIHED      =       960.5493
 1-4 NB =       266.3271  1-4 EEL =      2848.4340  VDWAALS    =      -539.8718
 EELEC  =     -5441.3246  EGB     =     -1239.0381  RESTRAINT  =        17.5388
 EAMBER (non-restraint)  =     -2235.8568
 ESURF=        33.6133
 ------------------------------------------------------------------------------


 NSTEP =    30000   TIME(PS) =    1310.000  TEMP(K) =   306.05  PRESS =     0.0
 Etot   =     -1319.4748  EKtot   =       931.7271  EPtot      =     -2251.2020
 BOND   =       239.7840  ANGLE   =       610.9356  DIHED      =       935.8192
 1-4 NB =       253.3023  1-4 EEL =      2876.5419  VDWAALS    =      -537.2085
 EELEC  =     -5368.6511  EGB     =     -1309.2460  RESTRAINT  =        12.4139
 EAMBER (non-restraint)  =     -2263.6159
 ESURF=        35.1068
 ------------------------------------------------------------------------------


 NSTEP =    35000   TIME(PS) =    1320.000  TEMP(K) =   302.86  PRESS =     0.0
 Etot   =     -1312.5102  EKtot   =       922.0334  EPtot      =     -2234.5436
 BOND   =       254.8682  ANGLE   =       647.3628  DIHED      =       944.8243
 1-4 NB =       257.6671  1-4 EEL =      2849.6819  VDWAALS    =      -551.0010
 EELEC  =     -5349.6190  EGB     =     -1338.2151  RESTRAINT  =        14.4807
 EAMBER (non-restraint)  =     -2249.0243
 ESURF=        35.4066
 ------------------------------------------------------------------------------


 NSTEP =    40000   TIME(PS) =    1330.000  TEMP(K) =   294.17  PRESS =     0.0
 Etot   =     -1358.1858  EKtot   =       895.5682  EPtot      =     -2253.7540
 BOND   =       239.9257  ANGLE   =       619.9464  DIHED      =       946.6656
 1-4 NB =       270.8050  1-4 EEL =      2843.8355  VDWAALS    =      -540.7593
 EELEC  =     -5366.9562  EGB     =     -1312.4907  RESTRAINT  =        11.4973
 EAMBER (non-restraint)  =     -2265.2513
 ESURF=        33.7767
 ------------------------------------------------------------------------------


 NSTEP =    45000   TIME(PS) =    1340.000  TEMP(K) =   302.88  PRESS =     0.0
 Etot   =     -1304.9821  EKtot   =       922.0894  EPtot      =     -2227.0715
 BOND   =       229.3374  ANGLE   =       660.8735  DIHED      =       950.0856
 1-4 NB =       269.3361  1-4 EEL =      2855.6367  VDWAALS    =      -558.9133
 EELEC  =     -5324.3684  EGB     =     -1353.0144  RESTRAINT  =         9.9528
 EAMBER (non-restraint)  =     -2237.0243
 ESURF=        34.0025
 ------------------------------------------------------------------------------


 NSTEP =    50000   TIME(PS) =    1350.000  TEMP(K) =   299.06  PRESS =     0.0
 Etot   =     -1362.5416  EKtot   =       910.4595  EPtot      =     -2273.0011
 BOND   =       233.4762  ANGLE   =       601.1356  DIHED      =       944.8199
 1-4 NB =       263.3089  1-4 EEL =      2886.5775  VDWAALS    =      -531.8989
 EELEC  =     -5406.8390  EGB     =     -1310.2173  RESTRAINT  =        11.7908
 EAMBER (non-restraint)  =     -2284.7919
 ESURF=        34.8452
 ------------------------------------------------------------------------------


 NSTEP =    55000   TIME(PS) =    1360.000  TEMP(K) =   302.48  PRESS =     0.0
 Etot   =     -1310.8745  EKtot   =       920.8656  EPtot      =     -2231.7401
 BOND   =       216.2331  ANGLE   =       659.0649  DIHED      =       977.0442
 1-4 NB =       269.9393  1-4 EEL =      2858.1465  VDWAALS    =      -528.5150
 EELEC  =     -5457.5020  EGB     =     -1269.8196  RESTRAINT  =        10.1831
 EAMBER (non-restraint)  =     -2241.9233
 ESURF=        33.4854
 ------------------------------------------------------------------------------


 NSTEP =    60000   TIME(PS) =    1370.000  TEMP(K) =   304.35  PRESS =     0.0
 Etot   =     -1322.9603  EKtot   =       926.5547  EPtot      =     -2249.5150
 BOND   =       226.0655  ANGLE   =       628.7306  DIHED      =       964.1139
 1-4 NB =       259.7388  1-4 EEL =      2878.3711  VDWAALS    =      -531.8438
 EELEC  =     -5293.1483  EGB     =     -1429.3515  RESTRAINT  =        12.6225
 EAMBER (non-restraint)  =     -2262.1375
 ESURF=        35.1862
 ------------------------------------------------------------------------------


 NSTEP =    65000   TIME(PS) =    1380.000  TEMP(K) =   297.31  PRESS =     0.0
 Etot   =     -1316.1774  EKtot   =       905.1203  EPtot      =     -2221.2976
 BOND   =       234.2362  ANGLE   =       617.4052  DIHED      =       955.9098
 1-4 NB =       283.8206  1-4 EEL =      2862.6573  VDWAALS    =      -539.0179
 EELEC  =     -5306.6928  EGB     =     -1373.3457  RESTRAINT  =         9.6765
 EAMBER (non-restraint)  =     -2230.9741
 ESURF=        34.0531
 ------------------------------------------------------------------------------


 NSTEP =    70000   TIME(PS) =    1390.000  TEMP(K) =   296.13  PRESS =     0.0
 Etot   =     -1323.8716  EKtot   =       901.5231  EPtot      =     -2225.3946
 BOND   =       263.9195  ANGLE   =       605.3937  DIHED      =       948.3144
 1-4 NB =       272.2357  1-4 EEL =      2874.4282  VDWAALS    =      -538.7005
 EELEC  =     -5332.0609  EGB     =     -1366.9859  RESTRAINT  =        12.5978
 EAMBER (non-restraint)  =     -2237.9924
 ESURF=        35.4634
 ------------------------------------------------------------------------------


 NSTEP =    75000   TIME(PS) =    1400.000  TEMP(K) =   296.71  PRESS =     0.0
 Etot   =     -1313.8969  EKtot   =       903.3076  EPtot      =     -2217.2045
 BOND   =       251.0744  ANGLE   =       645.9262  DIHED      =       945.3225
 1-4 NB =       265.0113  1-4 EEL =      2868.9348  VDWAALS    =      -547.9617
 EELEC  =     -5351.6085  EGB     =     -1338.6540  RESTRAINT  =        10.4757
 EAMBER (non-restraint)  =     -2227.6802
 ESURF=        34.2748
 ------------------------------------------------------------------------------


 NSTEP =    80000   TIME(PS) =    1410.000  TEMP(K) =   310.89  PRESS =     0.0
 Etot   =     -1342.5984  EKtot   =       946.4799  EPtot      =     -2289.0783
 BOND   =       244.7678  ANGLE   =       608.8813  DIHED      =       950.2751
 1-4 NB =       262.8778  1-4 EEL =      2864.6186  VDWAALS    =      -543.7856
 EELEC  =     -5447.9378  EGB     =     -1272.0031  RESTRAINT  =        10.1178
 EAMBER (non-restraint)  =     -2299.1961
 ESURF=        33.1099
 ------------------------------------------------------------------------------


 NSTEP =    85000   TIME(PS) =    1420.000  TEMP(K) =   292.36  PRESS =     0.0
 Etot   =     -1310.5389  EKtot   =       890.0564  EPtot      =     -2200.5953
 BOND   =       243.1766  ANGLE   =       647.8171  DIHED      =       944.7624
 1-4 NB =       262.9985  1-4 EEL =      2891.4969  VDWAALS    =      -539.4609
 EELEC  =     -5464.4664  EGB     =     -1237.0653  RESTRAINT  =        14.2456
 EAMBER (non-restraint)  =     -2214.8409
 ESURF=        35.9002
 ------------------------------------------------------------------------------


 NSTEP =    90000   TIME(PS) =    1430.000  TEMP(K) =   289.16  PRESS =     0.0
 Etot   =     -1356.9232  EKtot   =       880.3224  EPtot      =     -2237.2456
 BOND   =       246.8849  ANGLE   =       651.5110  DIHED      =       945.1661
 1-4 NB =       254.8977  1-4 EEL =      2849.2266  VDWAALS    =      -546.9090
 EELEC  =     -5378.2061  EGB     =     -1305.3096  RESTRAINT  =        11.8475
 EAMBER (non-restraint)  =     -2249.0931
 ESURF=        33.6453
 ------------------------------------------------------------------------------


 NSTEP =    95000   TIME(PS) =    1440.000  TEMP(K) =   305.30  PRESS =     0.0
 Etot   =     -1327.5556  EKtot   =       929.4514  EPtot      =     -2257.0070
 BOND   =       241.5432  ANGLE   =       615.3119  DIHED      =       948.2006
 1-4 NB =       257.4070  1-4 EEL =      2869.2338  VDWAALS    =      -535.3012
 EELEC  =     -5410.7971  EGB     =     -1287.8818  RESTRAINT  =        11.9089
 EAMBER (non-restraint)  =     -2268.9159
 ESURF=        33.3676
 ------------------------------------------------------------------------------


 NSTEP =   100000   TIME(PS) =    1450.000  TEMP(K) =   308.38  PRESS =     0.0
 Etot   =     -1264.5255  EKtot   =       938.8352  EPtot      =     -2203.3607
 BOND   =       242.3010  ANGLE   =       646.2346  DIHED      =       955.9546
 1-4 NB =       263.4438  1-4 EEL =      2862.3132  VDWAALS    =      -530.2117
 EELEC  =     -5323.7959  EGB     =     -1370.2017  RESTRAINT  =        14.6378
 EAMBER (non-restraint)  =     -2217.9985
 ESURF=        35.9636
 ------------------------------------------------------------------------------


 NSTEP =   105000   TIME(PS) =    1460.000  TEMP(K) =   306.69  PRESS =     0.0
 Etot   =     -1292.8663  EKtot   =       933.6652  EPtot      =     -2226.5315
 BOND   =       245.3908  ANGLE   =       624.0457  DIHED      =       944.3304
 1-4 NB =       259.7881  1-4 EEL =      2852.7826  VDWAALS    =      -526.6212
 EELEC  =     -5306.7179  EGB     =     -1373.7381  RESTRAINT  =        17.9564
 EAMBER (non-restraint)  =     -2244.4879
 ESURF=        36.2519
 ------------------------------------------------------------------------------


 NSTEP =   110000   TIME(PS) =    1470.000  TEMP(K) =   325.09  PRESS =     0.0
 Etot   =     -1231.7185  EKtot   =       989.7087  EPtot      =     -2221.4272
 BOND   =       247.0659  ANGLE   =       643.4995  DIHED      =       944.6140
 1-4 NB =       268.7135  1-4 EEL =      2845.5657  VDWAALS    =      -542.2705
 EELEC  =     -5332.2632  EGB     =     -1343.4675  RESTRAINT  =        10.5075
 EAMBER (non-restraint)  =     -2231.9348
 ESURF=        36.6078
 ------------------------------------------------------------------------------


 NSTEP =   115000   TIME(PS) =    1480.000  TEMP(K) =   284.70  PRESS =     0.0
 Etot   =     -1373.0919  EKtot   =       866.7431  EPtot      =     -2239.8350
 BOND   =       251.3993  ANGLE   =       620.0248  DIHED      =       951.7186
 1-4 NB =       258.2528  1-4 EEL =      2878.4972  VDWAALS    =      -552.0553
 EELEC  =     -5356.6543  EGB     =     -1334.8388  RESTRAINT  =        10.0986
 EAMBER (non-restraint)  =     -2249.9336
 ESURF=        33.7221
 ------------------------------------------------------------------------------


 NSTEP =   120000   TIME(PS) =    1490.000  TEMP(K) =   310.00  PRESS =     0.0
 Etot   =     -1323.7546  EKtot   =       943.7556  EPtot      =     -2267.5102
 BOND   =       246.0373  ANGLE   =       593.5943  DIHED      =       957.2336
 1-4 NB =       258.8218  1-4 EEL =      2877.9761  VDWAALS    =      -545.7684
 EELEC  =     -5436.2615  EGB     =     -1269.6983  RESTRAINT  =        15.5354
 EAMBER (non-restraint)  =     -2283.0456
 ESURF=        35.0195
 ------------------------------------------------------------------------------


 NSTEP =   125000   TIME(PS) =    1500.000  TEMP(K) =   299.19  PRESS =     0.0
 Etot   =     -1358.8102  EKtot   =       910.8384  EPtot      =     -2269.6486
 BOND   =       231.8672  ANGLE   =       633.1904  DIHED      =       943.2685
 1-4 NB =       255.9673  1-4 EEL =      2848.4607  VDWAALS    =      -532.5130
 EELEC  =     -5378.7336  EGB     =     -1317.6151  RESTRAINT  =        10.7183
 EAMBER (non-restraint)  =     -2280.3669
 ESURF=        35.7407
 ------------------------------------------------------------------------------


      A V E R A G E S   O V E R      25 S T E P S


 NSTEP =   125000   TIME(PS) =    1500.000  TEMP(K) =   301.10  PRESS =     0.0
 Etot   =     -1323.9459  EKtot   =       916.6611  EPtot      =     -2240.6069
 BOND   =       240.9151  ANGLE   =       625.9896  DIHED      =       949.7173
 1-4 NB =       264.8715  1-4 EEL =      2864.2481  VDWAALS    =      -539.9087
 EELEC  =     -5374.3703  EGB     =     -1319.1412  RESTRAINT  =        12.2909
 EAMBER (non-restraint)  =     -2252.8978
 ESURF=        34.7808
 ------------------------------------------------------------------------------


      R M S  F L U C T U A T I O N S


 NSTEP =   125000   TIME(PS) =    1500.000  TEMP(K) =     8.23  PRESS =     0.0
 Etot   =        31.2280  EKtot   =        25.0606  EPtot      =        21.7687
 BOND   =        10.1694  ANGLE   =        19.3060  DIHED      =         8.5152
 1-4 NB =         7.4752  1-4 EEL =        15.0756  VDWAALS    =         8.5023
 EELEC  =        50.3482  EGB     =        44.5795  RESTRAINT  =         2.2514
 EAMBER (non-restraint)  =        19.5173
 ESURF=         1.0462
 ------------------------------------------------------------------------------

--------------------------------------------------------------------------------
   5.  TIMINGS
--------------------------------------------------------------------------------

|  NonSetup CPU Time in Major Routines:
|
|     Routine           Sec        %
|     ------------------------------
|     Nonbond        7318.19   97.88
|     Bond              0.95    0.01
|     Angle            16.49    0.22
|     Dihedral        110.37    1.48
|     Shake             4.54    0.06
|     RunMD            25.90    0.35
|     Other             0.05    0.00
|     ------------------------------
|     Total          7476.50

|  Generalized Born CPU Time:
|
|     Routine                 Sec        %
|     ------------------------------------
|     Radii Calc           1728.52   23.12
|     Diagonal Calc        3197.57   42.77
|     Off Diagonal Calc    2385.50   31.91
|     GBSA LCPO Calc          0.05    0.00
|     ---------------------------------
|     Total                7311.58   97.79

|  Final Performance Info:
|     -----------------------------------------------------
|     Average timings for last       1 steps:
|     Elapsed(s) =       0.00 Per Step(ms) =       0.10
|         ns/day =    1709.63   seconds/ns =      50.54
|
|     Average timings for all steps:
|     Elapsed(s) =   16315.97 Per Step(ms) =     130.53
|         ns/day =       1.32   seconds/ns =   65263.88
|     -----------------------------------------------------

|  Setup CPU time:            0.02 seconds
|  NonSetup CPU time:      7476.50 seconds
|  Total CPU time:         7476.51 seconds     2.08 hours

|  Setup wall time:           0    seconds
|  NonSetup wall time:    16316    seconds
|  Total wall time:       16316    seconds     4.53 hours
