
          -------------------------------------------------------
          Amber 22 PMEMD                              2022
          -------------------------------------------------------

| PMEMD implementation of SANDER, Release 22

|  Compiled date/time: Thu Apr 14 23:36:37 2022
| Run on 12/29/2023 at 22:24:49

|   Executable path: pmemd
| Working directory: /home/arul/Reegina/MD_Sim/finalll/2BJD_info
|          Hostname: Unknown
  [-O]verwriting output

File Assignments:
|   MDIN: heat.in                                                               
|  MDOUT: heat.out                                                              
| INPCRD: min_2BJD.rst7                                                         
|   PARM: 2BJD.hmass.parm7                                                      
| RESTRT: heat.rst7                                                             
|   REFC: min_2BJD.rst7                                                         
|  MDVEL: mdvel                                                                 
|   MDEN: mden                                                                  
|  MDCRD: heat.crd                                                              
| MDINFO: heat.info                                                             
|  MDFRC: mdfrc                                                                 


 Here is the input file:

&cntrl                                                                         
   ntx = 1,                                                                    
   ntwx = 5000,                                                                
   ntwe = 0,                                                                   
   ntwr = 500,                                                                 
   ntpr = 5000,                                                                
   ioutfm=0,                                                                   
   ntxo=1,                                                                     
   imin = 0,                                                                   
   nstlim = 500000,                                                            
   dt = 0.002,                                                                 
   ntt = 3,                                                                    
   gamma_ln=1.,                                                                
   temp0 = 100.0,                                                              
   nscm = 1000,                                                                
   ig = -1,                                                                    
   ntc= 2,                                                                     
   ntf = 2,                                                                    
   cut = 1000,                                                                 
   igb=8,                                                                      
   gbsa=3,                                                                     
   surften=0.007,                                                              
   ntb = 0,                                                                    
   saltcon=0.,                                                                 
   ntr=1,                                                                      
   restraintmask="@CA,N,C,O",                                                  
   restraint_wt=10.0,                                                          
   nmropt=1,                                                                   
 &end                                                                          
 &wt                                                                           
   TYPE="TEMP0", istep1=0, istep2=500000,                                      
   value1=100., value2=300.,                                                   
 &end                                                                          
 &wt                                                                           
   TYPE="END",                                                                 
 &end                                                                          


Note: ig = -1. Setting random seed to   736147 based on wallclock time in 
      microseconds.
| irandom = 1, using AMBER's internal random number generator (default).
 
| Conditional Compilation Defines Used:
| PUBFFT
| BINTRAJ
| EMIL

| New format PARM file being parsed.
| Version =    1.000 Date = 12/29/23 Time = 17:09:34

| Note: 1-4 EEL scale factors are being read from the topology file.

| Note: 1-4 VDW scale factors are being read from the topology file.
| INFO:    Reading atomic numbers from topology file.
| Duplicated    0 dihedrals

| Duplicated    0 dihedrals

--------------------------------------------------------------------------------
   1.  RESOURCE   USE: 
--------------------------------------------------------------------------------

 NATOM  =    2898 NTYPES =      14 NBONH =    1448 MBONA  =    1480
 NTHETH =    3306 MTHETA =    1986 NPHIH =    6586 MPHIA  =    6110
 NHPARM =       0 NPARM  =       0 NNB   =   15986 NRES   =     180
 NBONA  =    1480 NTHETA =    1986 NPHIA =    6110 NUMBND =      56
 NUMANG =     130 NPTRA  =     161 NATYP =      28 NPHB   =       0
 IFBOX  =       0 NMXRS  =      24 IFCAP =       0 NEXTRA =       0
 NCOPY  =       0

 Implicit solvent radii are ArgH and AspGluO modified Bondi2 radii (mbondi3)                                
 Replacing prmtop screening parameters with GBn2 (igb=8) values
--------------------------------------------------------------------------------
   2.  CONTROL  DATA  FOR  THE  RUN
--------------------------------------------------------------------------------

default_name                                                                    

General flags:
     imin    =       0, nmropt  =       1

Nature and format of input:
     ntx     =       1, irest   =       0, ntrx    =       1

Nature and format of output:
     ntxo    =       1, ntpr    =    5000, ntrx    =       1, ntwr    =     500
     iwrap   =       0, ntwx    =    5000, ntwv    =       0, ntwe    =       0
     ioutfm  =       0, ntwprt  =       0, idecomp =       0, rbornstat=      0

Potential function:
     ntf     =       2, ntb     =       0, igb     =       8, nsnb    =      25
     ipol    =       0, gbsa    =       3, iesp    =       0
     dielc   =   1.00000, cut     =1000.00000, intdiel =   1.00000
     saltcon =   0.00000, offset  =   0.19514, surften =   0.00700
     rdt     =   0.00000, rgbmax  =  25.00000  extdiel =  78.50000
     alpb  =        0
     gbalphaH  =   0.78844, gbbetaH   =   0.79870,  gbgammaH  =    0.43733
     gbalphaC  =   0.73376, gbbetaC   =   0.50638,  gbgammaC  =    0.20584
     gbalphaN  =   0.50336, gbbetaN   =   0.31683,  gbgammaN  =    0.19292
     gbalphaOS =   0.86781, gbbetaOS  =   0.87664,  gbgammaOS =    0.38788
     gbalphaP  =   1.00000, gbbetaP   =   0.80000,  gbgammaP  =    4.85000
     gb_alpha_hnu  =   0.53705, gb_beta_hnu   =   0.36286,  gb_gamma_hnu  =    0.11670
     gb_alpha_cnu  =   0.33167, gb_beta_cnu   =   0.19684,  gb_gamma_cnu  =    0.09342
     gb_alpha_nnu  =   0.68631, gb_beta_nnu   =   0.46319,  gb_gamma_nnu  =    0.13872
     gb_alpha_onu  =   0.60634, gb_beta_onu   =   0.46301,  gb_gamma_onu  =    0.14226
     gb_alpha_pnu  =   0.41836, gb_beta_pnu   =   0.29005,  gb_gamma_pnu  =    0.10642

Frozen or restrained atoms:
     ibelly  =       0, ntr     =       1
     restraint_wt =  10.00000

Molecular dynamics:
     nstlim  =    500000, nscm    =         0, nrespa  =         1
     t       =   0.00000, dt      =   0.00200, vlimit  =  20.00000

Langevin dynamics temperature regulation:
     ig      =  736147
     temp0   = 100.00000, tempi   =   0.00000, gamma_ln=   1.00000

SHAKE:
     ntc     =       2, jfastw  =       0
     tol     =   0.00001

NMR refinement options:
     iscale  =       0, noeskp  =       1, ipnlty  =       1, mxsub   =       1
     scalm   = 100.00000, pencut  =   0.10000, tausw   =   0.10000

| Intermolecular bonds treatment:
|     no_intermolecular_bonds =       1

| Energy averages sample interval:
|     ene_avg_sampling =    5000

    LOADING THE CONSTRAINED ATOMS AS GROUPS


   5.  REFERENCE ATOM COORDINATES

  default_name                                                                    
     Mask @CA,N,C,O; matches   720 atoms

--------------------------------------------------------------------------------
   3.  ATOMIC COORDINATES AND VELOCITIES
--------------------------------------------------------------------------------

default_name                                                                    
 begin time read from input coords =     0.000 ps



           Begin reading energy term weight changes/NMR restraints
 WEIGHT CHANGES:
 TEMP0         0 500000  100.000000  300.000000      0      0

 RESTRAINTS:
                          ** No restraint defined **

                  Done reading weight changes/NMR restraints


 
 Number of triangulated 3-point waters found:        0
| Dynamic Memory, Types Used:
| Reals               99303
| Integers           342751

--------------------------------------------------------------------------------
   4.  RESULTS
--------------------------------------------------------------------------------


 NSTEP =        0   TIME(PS) =       0.000  TEMP(K) =     0.00  PRESS =     0.0
 Etot   =     -6747.2793  EKtot   =         0.0000  EPtot      =     -6747.2793
 BOND   =        89.1506  ANGLE   =       300.6255  DIHED      =      1873.5438
 1-4 NB =       594.1160  1-4 EEL =      8119.1062  VDWAALS    =     -1569.6917
 EELEC  =    -13229.4708  EGB     =     -2968.2465  RESTRAINT  =         0.0000
 ESURF=        43.5876
 ------------------------------------------------------------------------------

 NMR restraints: Bond =    0.000   Angle =     0.000   Torsion =     0.000
===============================================================================

 NSTEP =     5000   TIME(PS) =      10.000  TEMP(K) =   101.45  PRESS =     0.0
 Etot   =     -5388.9014  EKtot   =       730.4313  EPtot      =     -6119.3328
 BOND   =       245.2083  ANGLE   =       644.7494  DIHED      =      1942.2086
 1-4 NB =       617.1759  1-4 EEL =      8119.9432  VDWAALS    =     -1539.4739
 EELEC  =    -13345.6696  EGB     =     -2905.1021  RESTRAINT  =        54.4377
 EAMBER (non-restraint)  =     -6173.7705
 ESURF=        47.1897
 ------------------------------------------------------------------------------

 NMR restraints: Bond =    0.000   Angle =     0.000   Torsion =     0.000
===============================================================================

 NSTEP =    10000   TIME(PS) =      20.000  TEMP(K) =   103.51  PRESS =     0.0
 Etot   =     -5333.6482  EKtot   =       745.2496  EPtot      =     -6078.8978
 BOND   =       254.6423  ANGLE   =       658.1834  DIHED      =      1954.6098
 1-4 NB =       624.3299  1-4 EEL =      8131.0349  VDWAALS    =     -1532.0120
 EELEC  =    -13380.4306  EGB     =     -2891.1740  RESTRAINT  =        54.1075
 EAMBER (non-restraint)  =     -6133.0054
 ESURF=        47.8112
 ------------------------------------------------------------------------------

 NMR restraints: Bond =    0.000   Angle =     0.000   Torsion =     0.000
===============================================================================

 NSTEP =    15000   TIME(PS) =      30.000  TEMP(K) =   104.44  PRESS =     0.0
 Etot   =     -5343.3770  EKtot   =       751.8935  EPtot      =     -6095.2705
 BOND   =       252.6698  ANGLE   =       657.1114  DIHED      =      1946.3222
 1-4 NB =       621.6965  1-4 EEL =      8130.6548  VDWAALS    =     -1546.4189
 EELEC  =    -13370.2846  EGB     =     -2893.9232  RESTRAINT  =        58.9884
 EAMBER (non-restraint)  =     -6154.2590
 ESURF=        47.9130
 ------------------------------------------------------------------------------

 NMR restraints: Bond =    0.000   Angle =     0.000   Torsion =     0.000
===============================================================================

 NSTEP =    20000   TIME(PS) =      40.000  TEMP(K) =   109.44  PRESS =     0.0
 Etot   =     -5291.8514  EKtot   =       787.8944  EPtot      =     -6079.7458
 BOND   =       254.6278  ANGLE   =       685.2550  DIHED      =      1950.1145
 1-4 NB =       627.6504  1-4 EEL =      8091.9054  VDWAALS    =     -1535.7212
 EELEC  =    -13379.1907  EGB     =     -2878.2370  RESTRAINT  =        55.0793
 EAMBER (non-restraint)  =     -6134.8251
 ESURF=        48.7706
 ------------------------------------------------------------------------------

 NMR restraints: Bond =    0.000   Angle =     0.000   Torsion =     0.000
===============================================================================

 NSTEP =    25000   TIME(PS) =      50.000  TEMP(K) =   109.48  PRESS =     0.0
 Etot   =     -5281.0691  EKtot   =       788.1984  EPtot      =     -6069.2675
 BOND   =       253.4909  ANGLE   =       682.9308  DIHED      =      1951.7011
 1-4 NB =       616.7580  1-4 EEL =      8089.2598  VDWAALS    =     -1523.0566
 EELEC  =    -13331.5182  EGB     =     -2914.8750  RESTRAINT  =        57.2388
 EAMBER (non-restraint)  =     -6126.5063
 ESURF=        48.8027
 ------------------------------------------------------------------------------

 NMR restraints: Bond =    0.000   Angle =     0.000   Torsion =     0.000
===============================================================================

 NSTEP =    30000   TIME(PS) =      60.000  TEMP(K) =   114.44  PRESS =     0.0
 Etot   =     -5238.0051  EKtot   =       823.9217  EPtot      =     -6061.9267
 BOND   =       265.7238  ANGLE   =       693.1014  DIHED      =      1944.7777
 1-4 NB =       622.1125  1-4 EEL =      8118.3388  VDWAALS    =     -1523.1487
 EELEC  =    -13431.4830  EGB     =     -2856.5753  RESTRAINT  =        57.0422
 EAMBER (non-restraint)  =     -6118.9689
 ESURF=        48.1838
 ------------------------------------------------------------------------------

 NMR restraints: Bond =    0.000   Angle =     0.000   Torsion =     0.000
===============================================================================

 NSTEP =    35000   TIME(PS) =      70.000  TEMP(K) =   110.54  PRESS =     0.0
 Etot   =     -5241.0039  EKtot   =       795.8595  EPtot      =     -6036.8634
 BOND   =       252.4654  ANGLE   =       696.3385  DIHED      =      1939.0860
 1-4 NB =       620.4561  1-4 EEL =      8098.7114  VDWAALS    =     -1528.4891
 EELEC  =    -13326.8165  EGB     =     -2905.6447  RESTRAINT  =        68.5402
 EAMBER (non-restraint)  =     -6105.4035
 ESURF=        48.4894
 ------------------------------------------------------------------------------

 NMR restraints: Bond =    0.000   Angle =     0.000   Torsion =     0.000
===============================================================================

 NSTEP =    40000   TIME(PS) =      80.000  TEMP(K) =   115.76  PRESS =     0.0
 Etot   =     -5188.8412  EKtot   =       833.4460  EPtot      =     -6022.2872
 BOND   =       256.3869  ANGLE   =       704.7488  DIHED      =      1950.7479
 1-4 NB =       627.2479  1-4 EEL =      8103.2887  VDWAALS    =     -1523.0483
 EELEC  =    -13392.2836  EGB     =     -2861.3271  RESTRAINT  =        62.5722
 EAMBER (non-restraint)  =     -6084.8594
 ESURF=        49.3793
 ------------------------------------------------------------------------------

 NMR restraints: Bond =    0.000   Angle =     0.000   Torsion =     0.000
===============================================================================

 NSTEP =    45000   TIME(PS) =      90.000  TEMP(K) =   117.24  PRESS =     0.0
 Etot   =     -5152.8552  EKtot   =       844.0601  EPtot      =     -5996.9153
 BOND   =       273.4520  ANGLE   =       730.5410  DIHED      =      1955.1990
 1-4 NB =       618.5749  1-4 EEL =      8093.0206  VDWAALS    =     -1530.6104
 EELEC  =    -13445.6539  EGB     =     -2801.1337  RESTRAINT  =        62.3971
 EAMBER (non-restraint)  =     -6059.3124
 ESURF=        47.2981
 ------------------------------------------------------------------------------

 NMR restraints: Bond =    0.000   Angle =     0.000   Torsion =     0.000
===============================================================================

 NSTEP =    50000   TIME(PS) =     100.000  TEMP(K) =   114.43  PRESS =     0.0
 Etot   =     -5166.1550  EKtot   =       823.8169  EPtot      =     -5989.9719
 BOND   =       279.1324  ANGLE   =       711.5624  DIHED      =      1959.4561
 1-4 NB =       623.7975  1-4 EEL =      8090.1630  VDWAALS    =     -1523.5907
 EELEC  =    -13368.1181  EGB     =     -2875.7950  RESTRAINT  =        65.2617
 EAMBER (non-restraint)  =     -6055.2336
 ESURF=        48.1589
 ------------------------------------------------------------------------------

 NMR restraints: Bond =    0.000   Angle =     0.000   Torsion =     0.000
===============================================================================

 NSTEP =    55000   TIME(PS) =     110.000  TEMP(K) =   117.72  PRESS =     0.0
 Etot   =     -5129.4353  EKtot   =       847.5123  EPtot      =     -5976.9475
 BOND   =       271.4727  ANGLE   =       742.0692  DIHED      =      1963.3539
 1-4 NB =       614.7133  1-4 EEL =      8108.8988  VDWAALS    =     -1524.2770
 EELEC  =    -13450.4398  EGB     =     -2817.9226  RESTRAINT  =        66.3705
 EAMBER (non-restraint)  =     -6043.3180
 ESURF=        48.8134
 ------------------------------------------------------------------------------

 NMR restraints: Bond =    0.000   Angle =     0.000   Torsion =     0.000
===============================================================================

 NSTEP =    60000   TIME(PS) =     120.000  TEMP(K) =   123.52  PRESS =     0.0
 Etot   =     -5062.3856  EKtot   =       889.2891  EPtot      =     -5951.6747
 BOND   =       279.6307  ANGLE   =       734.0690  DIHED      =      1961.3633
 1-4 NB =       629.1473  1-4 EEL =      8126.7643  VDWAALS    =     -1541.4753
 EELEC  =    -13387.5365  EGB     =     -2870.5472  RESTRAINT  =        68.1046
 EAMBER (non-restraint)  =     -6019.7793
 ESURF=        48.8052
 ------------------------------------------------------------------------------

 NMR restraints: Bond =    0.000   Angle =     0.000   Torsion =     0.000
===============================================================================

 NSTEP =    65000   TIME(PS) =     130.000  TEMP(K) =   126.40  PRESS =     0.0
 Etot   =     -5048.8514  EKtot   =       910.0057  EPtot      =     -5958.8571
 BOND   =       269.0477  ANGLE   =       726.3949  DIHED      =      1958.4209
 1-4 NB =       622.3147  1-4 EEL =      8142.3044  VDWAALS    =     -1532.1133
 EELEC  =    -13425.7306  EGB     =     -2837.7633  RESTRAINT  =        70.9867
 EAMBER (non-restraint)  =     -6029.8438
 ESURF=        47.2808
 ------------------------------------------------------------------------------

 NMR restraints: Bond =    0.000   Angle =     0.000   Torsion =     0.000
===============================================================================

 NSTEP =    70000   TIME(PS) =     140.000  TEMP(K) =   126.03  PRESS =     0.0
 Etot   =     -5033.4066  EKtot   =       907.3537  EPtot      =     -5940.7603
 BOND   =       294.8408  ANGLE   =       726.8751  DIHED      =      1980.3018
 1-4 NB =       612.9329  1-4 EEL =      8098.6544  VDWAALS    =     -1535.0122
 EELEC  =    -13424.2098  EGB     =     -2808.4528  RESTRAINT  =        66.6561
 EAMBER (non-restraint)  =     -6007.4164
 ESURF=        46.6534
 ------------------------------------------------------------------------------

 NMR restraints: Bond =    0.000   Angle =     0.000   Torsion =     0.000
===============================================================================

 NSTEP =    75000   TIME(PS) =     150.000  TEMP(K) =   132.65  PRESS =     0.0
 Etot   =     -4954.4070  EKtot   =       955.0319  EPtot      =     -5909.4388
 BOND   =       287.4761  ANGLE   =       750.3854  DIHED      =      1971.8228
 1-4 NB =       626.1890  1-4 EEL =      8120.3335  VDWAALS    =     -1522.4587
 EELEC  =    -13414.3247  EGB     =     -2848.8834  RESTRAINT  =        71.9086
 EAMBER (non-restraint)  =     -5981.3474
 ESURF=        48.1125
 ------------------------------------------------------------------------------

 NMR restraints: Bond =    0.000   Angle =     0.000   Torsion =     0.000
===============================================================================

 NSTEP =    80000   TIME(PS) =     160.000  TEMP(K) =   129.83  PRESS =     0.0
 Etot   =     -4961.9883  EKtot   =       934.7402  EPtot      =     -5896.7284
 BOND   =       299.7134  ANGLE   =       762.2720  DIHED      =      1967.4655
 1-4 NB =       620.1020  1-4 EEL =      8099.9238  VDWAALS    =     -1528.0218
 EELEC  =    -13359.4987  EGB     =     -2878.4720  RESTRAINT  =        70.9486
 EAMBER (non-restraint)  =     -5967.6770
 ESURF=        48.8388
 ------------------------------------------------------------------------------

 NMR restraints: Bond =    0.000   Angle =     0.000   Torsion =     0.000
===============================================================================

 NSTEP =    85000   TIME(PS) =     170.000  TEMP(K) =   136.41  PRESS =     0.0
 Etot   =     -4884.6520  EKtot   =       982.1116  EPtot      =     -5866.7636
 BOND   =       291.9169  ANGLE   =       784.9361  DIHED      =      1965.3459
 1-4 NB =       621.4165  1-4 EEL =      8104.3872  VDWAALS    =     -1521.1244
 EELEC  =    -13358.0556  EGB     =     -2874.7329  RESTRAINT  =        70.4768
 EAMBER (non-restraint)  =     -5937.2405
 ESURF=        48.6699
 ------------------------------------------------------------------------------

 NMR restraints: Bond =    0.000   Angle =     0.000   Torsion =     0.000
===============================================================================

 NSTEP =    90000   TIME(PS) =     180.000  TEMP(K) =   137.93  PRESS =     0.0
 Etot   =     -4863.3272  EKtot   =       993.0296  EPtot      =     -5856.3568
 BOND   =       306.7812  ANGLE   =       760.7627  DIHED      =      1990.5582
 1-4 NB =       625.9438  1-4 EEL =      8123.4992  VDWAALS    =     -1526.2092
 EELEC  =    -13408.9498  EGB     =     -2850.0492  RESTRAINT  =        73.0755
 EAMBER (non-restraint)  =     -5929.4323
 ESURF=        48.2308
 ------------------------------------------------------------------------------

 NMR restraints: Bond =    0.000   Angle =     0.000   Torsion =     0.000
===============================================================================

 NSTEP =    95000   TIME(PS) =     190.000  TEMP(K) =   139.35  PRESS =     0.0
 Etot   =     -4879.5098  EKtot   =      1003.2867  EPtot      =     -5882.7965
 BOND   =       313.3921  ANGLE   =       773.2583  DIHED      =      1977.8035
 1-4 NB =       628.6446  1-4 EEL =      8096.0498  VDWAALS    =     -1523.2550
 EELEC  =    -13390.8784  EGB     =     -2875.8232  RESTRAINT  =        70.8671
 EAMBER (non-restraint)  =     -5953.6636
 ESURF=        47.1446
 ------------------------------------------------------------------------------

 NMR restraints: Bond =    0.000   Angle =     0.000   Torsion =     0.000
===============================================================================

 NSTEP =   100000   TIME(PS) =     200.000  TEMP(K) =   139.57  PRESS =     0.0
 Etot   =     -4873.2558  EKtot   =      1004.8557  EPtot      =     -5878.1116
 BOND   =       278.0341  ANGLE   =       778.5779  DIHED      =      1977.7757
 1-4 NB =       626.9737  1-4 EEL =      8109.1882  VDWAALS    =     -1525.6440
 EELEC  =    -13356.8424  EGB     =     -2887.3840  RESTRAINT  =        72.3805
 EAMBER (non-restraint)  =     -5950.4921
 ESURF=        48.8287
 ------------------------------------------------------------------------------

 NMR restraints: Bond =    0.000   Angle =     0.000   Torsion =     0.000
===============================================================================

 NSTEP =   105000   TIME(PS) =     210.000  TEMP(K) =   140.41  PRESS =     0.0
 Etot   =     -4813.8250  EKtot   =      1010.8636  EPtot      =     -5824.6887
 BOND   =       307.9870  ANGLE   =       788.9879  DIHED      =      1979.8200
 1-4 NB =       621.8133  1-4 EEL =      8144.0439  VDWAALS    =     -1526.9977
 EELEC  =    -13422.9727  EGB     =     -2838.8366  RESTRAINT  =        72.6359
 EAMBER (non-restraint)  =     -5897.3245
 ESURF=        48.8303
 ------------------------------------------------------------------------------

 NMR restraints: Bond =    0.000   Angle =     0.000   Torsion =     0.000
===============================================================================

 NSTEP =   110000   TIME(PS) =     220.000  TEMP(K) =   141.53  PRESS =     0.0
 Etot   =     -4778.9363  EKtot   =      1018.9718  EPtot      =     -5797.9081
 BOND   =       297.9342  ANGLE   =       837.7762  DIHED      =      1978.8860
 1-4 NB =       635.8981  1-4 EEL =      8104.8807  VDWAALS    =     -1525.9089
 EELEC  =    -13327.5872  EGB     =     -2923.7608  RESTRAINT  =        74.9696
 EAMBER (non-restraint)  =     -5872.8777
 ESURF=        49.0040
 ------------------------------------------------------------------------------

 NMR restraints: Bond =    0.000   Angle =     0.000   Torsion =     0.000
===============================================================================

 NSTEP =   115000   TIME(PS) =     230.000  TEMP(K) =   146.90  PRESS =     0.0
 Etot   =     -4740.2399  EKtot   =      1057.6382  EPtot      =     -5797.8781
 BOND   =       317.3386  ANGLE   =       810.1041  DIHED      =      1992.9595
 1-4 NB =       627.6054  1-4 EEL =      8097.8861  VDWAALS    =     -1522.4821
 EELEC  =    -13420.0273  EGB     =     -2826.3378  RESTRAINT  =        75.9404
 EAMBER (non-restraint)  =     -5873.8185
 ESURF=        49.1349
 ------------------------------------------------------------------------------

 NMR restraints: Bond =    0.000   Angle =     0.000   Torsion =     0.000
===============================================================================

 NSTEP =   120000   TIME(PS) =     240.000  TEMP(K) =   143.94  PRESS =     0.0
 Etot   =     -4711.8695  EKtot   =      1036.2782  EPtot      =     -5748.1477
 BOND   =       320.1877  ANGLE   =       851.9153  DIHED      =      1994.4993
 1-4 NB =       634.0027  1-4 EEL =      8119.6669  VDWAALS    =     -1525.6718
 EELEC  =    -13387.1203  EGB     =     -2881.6163  RESTRAINT  =        77.0647
 EAMBER (non-restraint)  =     -5825.2124
 ESURF=        48.9242
 ------------------------------------------------------------------------------

 NMR restraints: Bond =    0.000   Angle =     0.000   Torsion =     0.000
===============================================================================

 NSTEP =   125000   TIME(PS) =     250.000  TEMP(K) =   148.51  PRESS =     0.0
 Etot   =     -4671.8209  EKtot   =      1069.2327  EPtot      =     -5741.0536
 BOND   =       326.3854  ANGLE   =       816.7592  DIHED      =      1993.3628
 1-4 NB =       635.4826  1-4 EEL =      8109.5302  VDWAALS    =     -1503.8600
 EELEC  =    -13312.5905  EGB     =     -2939.0601  RESTRAINT  =        83.1462
 EAMBER (non-restraint)  =     -5824.1998
 ESURF=        49.7905
 ------------------------------------------------------------------------------

 NMR restraints: Bond =    0.000   Angle =     0.000   Torsion =     0.000
===============================================================================

 NSTEP =   130000   TIME(PS) =     260.000  TEMP(K) =   154.58  PRESS =     0.0
 Etot   =     -4657.3132  EKtot   =      1112.9387  EPtot      =     -5770.2519
 BOND   =       320.2634  ANGLE   =       806.1491  DIHED      =      1988.6113
 1-4 NB =       627.7479  1-4 EEL =      8124.0665  VDWAALS    =     -1523.1711
 EELEC  =    -13267.2043  EGB     =     -2974.2977  RESTRAINT  =        78.0964
 EAMBER (non-restraint)  =     -5848.3482
 ESURF=        49.4866
 ------------------------------------------------------------------------------

 NMR restraints: Bond =    0.000   Angle =     0.000   Torsion =     0.000
===============================================================================

 NSTEP =   135000   TIME(PS) =     270.000  TEMP(K) =   153.56  PRESS =     0.0
 Etot   =     -4615.3563  EKtot   =      1105.5373  EPtot      =     -5720.8936
 BOND   =       331.6141  ANGLE   =       858.7325  DIHED      =      1981.5072
 1-4 NB =       628.9645  1-4 EEL =      8104.3587  VDWAALS    =     -1505.7465
 EELEC  =    -13315.7615  EGB     =     -2928.6533  RESTRAINT  =        74.2393
 EAMBER (non-restraint)  =     -5795.1330
 ESURF=        49.8514
 ------------------------------------------------------------------------------

 NMR restraints: Bond =    0.000   Angle =     0.000   Torsion =     0.000
===============================================================================

 NSTEP =   140000   TIME(PS) =     280.000  TEMP(K) =   157.66  PRESS =     0.0
 Etot   =     -4549.2672  EKtot   =      1135.0951  EPtot      =     -5684.3624
 BOND   =       342.1931  ANGLE   =       875.8066  DIHED      =      1992.6326
 1-4 NB =       629.4357  1-4 EEL =      8120.9998  VDWAALS    =     -1510.0874
 EELEC  =    -13394.5219  EGB     =     -2873.3376  RESTRAINT  =        83.6137
 EAMBER (non-restraint)  =     -5767.9761
 ESURF=        48.9030
 ------------------------------------------------------------------------------

 NMR restraints: Bond =    0.000   Angle =     0.000   Torsion =     0.000
===============================================================================

 NSTEP =   145000   TIME(PS) =     290.000  TEMP(K) =   158.76  PRESS =     0.0
 Etot   =     -4564.0052  EKtot   =      1143.0093  EPtot      =     -5707.0145
 BOND   =       323.5849  ANGLE   =       875.6249  DIHED      =      1991.8593
 1-4 NB =       627.6314  1-4 EEL =      8094.1466  VDWAALS    =     -1516.1021
 EELEC  =    -13332.5655  EGB     =     -2892.0838  RESTRAINT  =        73.6454
 EAMBER (non-restraint)  =     -5780.6598
 ESURF=        47.2445
 ------------------------------------------------------------------------------

 NMR restraints: Bond =    0.000   Angle =     0.000   Torsion =     0.000
===============================================================================

 NSTEP =   150000   TIME(PS) =     300.000  TEMP(K) =   161.00  PRESS =     0.0
 Etot   =     -4547.7517  EKtot   =      1159.1593  EPtot      =     -5706.9110
 BOND   =       312.0631  ANGLE   =       849.8457  DIHED      =      2003.5832
 1-4 NB =       628.6521  1-4 EEL =      8150.7921  VDWAALS    =     -1514.5120
 EELEC  =    -13367.5937  EGB     =     -2897.5530  RESTRAINT  =        80.0023
 EAMBER (non-restraint)  =     -5786.9133
 ESURF=        47.8092
 ------------------------------------------------------------------------------

 NMR restraints: Bond =    0.000   Angle =     0.000   Torsion =     0.000
===============================================================================

 NSTEP =   155000   TIME(PS) =     310.000  TEMP(K) =   160.99  PRESS =     0.0
 Etot   =     -4509.9179  EKtot   =      1159.0786  EPtot      =     -5668.9966
 BOND   =       344.4470  ANGLE   =       896.2074  DIHED      =      2011.3526
 1-4 NB =       623.6944  1-4 EEL =      8093.5746  VDWAALS    =     -1517.8549
 EELEC  =    -13347.8950  EGB     =     -2906.0426  RESTRAINT  =        83.8581
 EAMBER (non-restraint)  =     -5752.8546
 ESURF=        49.6621
 ------------------------------------------------------------------------------

 NMR restraints: Bond =    0.000   Angle =     0.000   Torsion =     0.000
===============================================================================

 NSTEP =   160000   TIME(PS) =     320.000  TEMP(K) =   160.20  PRESS =     0.0
 Etot   =     -4504.3186  EKtot   =      1153.3632  EPtot      =     -5657.6818
 BOND   =       342.3745  ANGLE   =       876.2285  DIHED      =      2006.3690
 1-4 NB =       629.2069  1-4 EEL =      8092.3305  VDWAALS    =     -1521.3242
 EELEC  =    -13341.8709  EGB     =     -2883.1324  RESTRAINT  =        93.0196
 EAMBER (non-restraint)  =     -5750.7014
 ESURF=        49.1167
 ------------------------------------------------------------------------------

 NMR restraints: Bond =    0.000   Angle =     0.000   Torsion =     0.000
===============================================================================

 NSTEP =   165000   TIME(PS) =     330.000  TEMP(K) =   164.32  PRESS =     0.0
 Etot   =     -4426.1615  EKtot   =      1183.0432  EPtot      =     -5609.2047
 BOND   =       366.2462  ANGLE   =       899.7711  DIHED      =      2002.8133
 1-4 NB =       630.8302  1-4 EEL =      8127.3675  VDWAALS    =     -1505.2155
 EELEC  =    -13390.2758  EGB     =     -2886.3665  RESTRAINT  =        96.1007
 EAMBER (non-restraint)  =     -5705.3054
 ESURF=        49.5243
 ------------------------------------------------------------------------------

 NMR restraints: Bond =    0.000   Angle =     0.000   Torsion =     0.000
===============================================================================

 NSTEP =   170000   TIME(PS) =     340.000  TEMP(K) =   170.32  PRESS =     0.0
 Etot   =     -4401.0472  EKtot   =      1226.2333  EPtot      =     -5627.2805
 BOND   =       334.1155  ANGLE   =       905.2763  DIHED      =      2013.1167
 1-4 NB =       628.4315  1-4 EEL =      8125.9055  VDWAALS    =     -1515.7331
 EELEC  =    -13401.3168  EGB     =     -2848.7787  RESTRAINT  =        81.9749
 EAMBER (non-restraint)  =     -5709.2554
 ESURF=        49.7278
 ------------------------------------------------------------------------------

 NMR restraints: Bond =    0.000   Angle =     0.000   Torsion =     0.000
===============================================================================

 NSTEP =   175000   TIME(PS) =     350.000  TEMP(K) =   162.68  PRESS =     0.0
 Etot   =     -4445.8381  EKtot   =      1171.1965  EPtot      =     -5617.0346
 BOND   =       333.6521  ANGLE   =       893.6745  DIHED      =      2020.1357
 1-4 NB =       634.5009  1-4 EEL =      8111.4072  VDWAALS    =     -1508.6296
 EELEC  =    -13319.2186  EGB     =     -2919.8988  RESTRAINT  =        88.2686
 EAMBER (non-restraint)  =     -5705.3031
 ESURF=        49.0735
 ------------------------------------------------------------------------------

 NMR restraints: Bond =    0.000   Angle =     0.000   Torsion =     0.000
===============================================================================

 NSTEP =   180000   TIME(PS) =     360.000  TEMP(K) =   173.65  PRESS =     0.0
 Etot   =     -4373.5673  EKtot   =      1250.1955  EPtot      =     -5623.7628
 BOND   =       337.9736  ANGLE   =       912.2796  DIHED      =      1996.4745
 1-4 NB =       630.8149  1-4 EEL =      8116.5296  VDWAALS    =     -1508.8833
 EELEC  =    -13367.2547  EGB     =     -2882.5532  RESTRAINT  =        90.3445
 EAMBER (non-restraint)  =     -5714.1074
 ESURF=        50.5117
 ------------------------------------------------------------------------------

 NMR restraints: Bond =    0.000   Angle =     0.000   Torsion =     0.000
===============================================================================

 NSTEP =   185000   TIME(PS) =     370.000  TEMP(K) =   171.11  PRESS =     0.0
 Etot   =     -4396.2495  EKtot   =      1231.9028  EPtot      =     -5628.1524
 BOND   =       347.2583  ANGLE   =       882.0655  DIHED      =      2022.9786
 1-4 NB =       628.6481  1-4 EEL =      8117.8066  VDWAALS    =     -1511.3437
 EELEC  =    -13345.9491  EGB     =     -2904.3586  RESTRAINT  =        84.5765
 EAMBER (non-restraint)  =     -5712.7289
 ESURF=        50.1653
 ------------------------------------------------------------------------------

 NMR restraints: Bond =    0.000   Angle =     0.000   Torsion =     0.000
===============================================================================

 NSTEP =   190000   TIME(PS) =     380.000  TEMP(K) =   181.01  PRESS =     0.0
 Etot   =     -4274.7888  EKtot   =      1303.1778  EPtot      =     -5577.9666
 BOND   =       367.8503  ANGLE   =       924.6016  DIHED      =      2002.0173
 1-4 NB =       648.0199  1-4 EEL =      8091.4956  VDWAALS    =     -1511.9332
 EELEC  =    -13403.9018  EGB     =     -2836.2536  RESTRAINT  =        91.8898
 EAMBER (non-restraint)  =     -5669.8564
 ESURF=        48.2475
 ------------------------------------------------------------------------------

 NMR restraints: Bond =    0.000   Angle =     0.000   Torsion =     0.000
===============================================================================

 NSTEP =   195000   TIME(PS) =     390.000  TEMP(K) =   178.39  PRESS =     0.0
 Etot   =     -4313.9613  EKtot   =      1284.3436  EPtot      =     -5598.3049
 BOND   =       339.2582  ANGLE   =       915.4085  DIHED      =      2030.9693
 1-4 NB =       636.5614  1-4 EEL =      8103.4222  VDWAALS    =     -1514.3147
 EELEC  =    -13356.0437  EGB     =     -2889.7793  RESTRAINT  =        87.1499
 EAMBER (non-restraint)  =     -5685.4548
 ESURF=        49.0632
 ------------------------------------------------------------------------------

 NMR restraints: Bond =    0.000   Angle =     0.000   Torsion =     0.000
===============================================================================

 NSTEP =   200000   TIME(PS) =     400.000  TEMP(K) =   185.31  PRESS =     0.0
 Etot   =     -4235.0425  EKtot   =      1334.1364  EPtot      =     -5569.1789
 BOND   =       358.0915  ANGLE   =       909.2606  DIHED      =      2017.0877
 1-4 NB =       644.8026  1-4 EEL =      8114.9992  VDWAALS    =     -1520.1185
 EELEC  =    -13376.3753  EGB     =     -2862.4715  RESTRAINT  =        96.1998
 EAMBER (non-restraint)  =     -5665.3787
 ESURF=        49.3449
 ------------------------------------------------------------------------------

 NMR restraints: Bond =    0.000   Angle =     0.000   Torsion =     0.000
===============================================================================

 NSTEP =   205000   TIME(PS) =     410.000  TEMP(K) =   180.31  PRESS =     0.0
 Etot   =     -4217.2816  EKtot   =      1298.1660  EPtot      =     -5515.4477
 BOND   =       387.7148  ANGLE   =       954.3470  DIHED      =      2019.2733
 1-4 NB =       634.5810  1-4 EEL =      8079.8142  VDWAALS    =     -1511.2569
 EELEC  =    -13355.5412  EGB     =     -2867.3331  RESTRAINT  =        94.0065
 EAMBER (non-restraint)  =     -5609.4542
 ESURF=        48.9467
 ------------------------------------------------------------------------------

 NMR restraints: Bond =    0.000   Angle =     0.000   Torsion =     0.000
===============================================================================

 NSTEP =   210000   TIME(PS) =     420.000  TEMP(K) =   191.75  PRESS =     0.0
 Etot   =     -4161.4542  EKtot   =      1380.5026  EPtot      =     -5541.9568
 BOND   =       351.8863  ANGLE   =       942.3297  DIHED      =      2021.2972
 1-4 NB =       638.5883  1-4 EEL =      8122.8877  VDWAALS    =     -1516.5615
 EELEC  =    -13397.8234  EGB     =     -2847.6919  RESTRAINT  =        94.8878
 EAMBER (non-restraint)  =     -5636.8445
 ESURF=        48.2431
 ------------------------------------------------------------------------------

 NMR restraints: Bond =    0.000   Angle =     0.000   Torsion =     0.000
===============================================================================

 NSTEP =   215000   TIME(PS) =     430.000  TEMP(K) =   181.24  PRESS =     0.0
 Etot   =     -4196.6911  EKtot   =      1304.8880  EPtot      =     -5501.5791
 BOND   =       381.8523  ANGLE   =       952.9076  DIHED      =      2028.8074
 1-4 NB =       637.7451  1-4 EEL =      8099.1207  VDWAALS    =     -1501.0741
 EELEC  =    -13413.0949  EGB     =     -2840.0830  RESTRAINT  =       102.2269
 EAMBER (non-restraint)  =     -5603.8060
 ESURF=        50.0130
 ------------------------------------------------------------------------------

 NMR restraints: Bond =    0.000   Angle =     0.000   Torsion =     0.000
===============================================================================

 NSTEP =   220000   TIME(PS) =     440.000  TEMP(K) =   189.22  PRESS =     0.0
 Etot   =     -4119.9855  EKtot   =      1362.3344  EPtot      =     -5482.3199
 BOND   =       390.8225  ANGLE   =       965.5266  DIHED      =      2036.8398
 1-4 NB =       633.2950  1-4 EEL =      8110.2955  VDWAALS    =     -1507.0243
 EELEC  =    -13473.6675  EGB     =     -2786.9231  RESTRAINT  =       100.0902
 EAMBER (non-restraint)  =     -5582.4101
 ESURF=        48.4254
 ------------------------------------------------------------------------------

 NMR restraints: Bond =    0.000   Angle =     0.000   Torsion =     0.000
===============================================================================

 NSTEP =   225000   TIME(PS) =     450.000  TEMP(K) =   182.69  PRESS =     0.0
 Etot   =     -4153.9996  EKtot   =      1315.3221  EPtot      =     -5469.3217
 BOND   =       384.5062  ANGLE   =       995.1541  DIHED      =      2031.8259
 1-4 NB =       632.2498  1-4 EEL =      8088.6369  VDWAALS    =     -1512.7005
 EELEC  =    -13413.2566  EGB     =     -2814.9665  RESTRAINT  =        89.7293
 EAMBER (non-restraint)  =     -5559.0510
 ESURF=        49.4997
 ------------------------------------------------------------------------------

 NMR restraints: Bond =    0.000   Angle =     0.000   Torsion =     0.000
===============================================================================

 NSTEP =   230000   TIME(PS) =     460.000  TEMP(K) =   187.58  PRESS =     0.0
 Etot   =     -4139.4302  EKtot   =      1350.5264  EPtot      =     -5489.9566
 BOND   =       395.6206  ANGLE   =       978.4500  DIHED      =      2013.5274
 1-4 NB =       625.8676  1-4 EEL =      8106.8369  VDWAALS    =     -1506.0341
 EELEC  =    -13405.7899  EGB     =     -2845.9034  RESTRAINT  =        98.3590
 EAMBER (non-restraint)  =     -5588.3156
 ESURF=        49.1094
 ------------------------------------------------------------------------------

 NMR restraints: Bond =    0.000   Angle =     0.000   Torsion =     0.000
===============================================================================

 NSTEP =   235000   TIME(PS) =     470.000  TEMP(K) =   190.96  PRESS =     0.0
 Etot   =     -4055.8734  EKtot   =      1374.8074  EPtot      =     -5430.6808
 BOND   =       401.2117  ANGLE   =       982.7706  DIHED      =      2032.5589
 1-4 NB =       637.4962  1-4 EEL =      8093.8545  VDWAALS    =     -1517.7585
 EELEC  =    -13415.4355  EGB     =     -2793.7535  RESTRAINT  =        99.9113
 EAMBER (non-restraint)  =     -5530.5921
 ESURF=        48.4634
 ------------------------------------------------------------------------------

 NMR restraints: Bond =    0.000   Angle =     0.000   Torsion =     0.000
===============================================================================

 NSTEP =   240000   TIME(PS) =     480.000  TEMP(K) =   195.70  PRESS =     0.0
 Etot   =     -4052.6868  EKtot   =      1408.9445  EPtot      =     -5461.6313
 BOND   =       373.5047  ANGLE   =       989.6001  DIHED      =      2017.9096
 1-4 NB =       638.6724  1-4 EEL =      8121.9088  VDWAALS    =     -1511.0475
 EELEC  =    -13460.1203  EGB     =     -2780.3840  RESTRAINT  =       100.0265
 EAMBER (non-restraint)  =     -5561.6578
 ESURF=        48.2985
 ------------------------------------------------------------------------------

 NMR restraints: Bond =    0.000   Angle =     0.000   Torsion =     0.000
===============================================================================

 NSTEP =   245000   TIME(PS) =     490.000  TEMP(K) =   192.66  PRESS =     0.0
 Etot   =     -4028.7088  EKtot   =      1387.0663  EPtot      =     -5415.7751
 BOND   =       371.1574  ANGLE   =      1014.8369  DIHED      =      2049.3431
 1-4 NB =       635.3063  1-4 EEL =      8111.8280  VDWAALS    =     -1525.3903
 EELEC  =    -13371.7281  EGB     =     -2848.1501  RESTRAINT  =        98.2110
 EAMBER (non-restraint)  =     -5513.9860
 ESURF=        48.8106
 ------------------------------------------------------------------------------

 NMR restraints: Bond =    0.000   Angle =     0.000   Torsion =     0.000
===============================================================================

 NSTEP =   250000   TIME(PS) =     500.000  TEMP(K) =   200.32  PRESS =     0.0
 Etot   =     -3964.2925  EKtot   =      1442.1970  EPtot      =     -5406.4895
 BOND   =       378.7350  ANGLE   =      1029.0174  DIHED      =      2036.4970
 1-4 NB =       646.4529  1-4 EEL =      8120.0430  VDWAALS    =     -1521.3668
 EELEC  =    -13410.1258  EGB     =     -2833.5458  RESTRAINT  =       100.2985
 EAMBER (non-restraint)  =     -5506.7880
 ESURF=        47.5051
 ------------------------------------------------------------------------------

 NMR restraints: Bond =    0.000   Angle =     0.000   Torsion =     0.000
===============================================================================

 NSTEP =   255000   TIME(PS) =     510.000  TEMP(K) =   201.44  PRESS =     0.0
 Etot   =     -3925.0468  EKtot   =      1450.2812  EPtot      =     -5375.3280
 BOND   =       424.2560  ANGLE   =      1002.1625  DIHED      =      2049.1683
 1-4 NB =       639.8129  1-4 EEL =      8114.9653  VDWAALS    =     -1505.0670
 EELEC  =    -13454.4944  EGB     =     -2800.7056  RESTRAINT  =       105.8887
 EAMBER (non-restraint)  =     -5481.2167
 ESURF=        48.6852
 ------------------------------------------------------------------------------

 NMR restraints: Bond =    0.000   Angle =     0.000   Torsion =     0.000
===============================================================================

 NSTEP =   260000   TIME(PS) =     520.000  TEMP(K) =   202.54  PRESS =     0.0
 Etot   =     -3900.4537  EKtot   =      1458.1793  EPtot      =     -5358.6330
 BOND   =       432.5472  ANGLE   =      1013.0375  DIHED      =      2040.0191
 1-4 NB =       629.3484  1-4 EEL =      8104.3959  VDWAALS    =     -1502.9689
 EELEC  =    -13406.1253  EGB     =     -2823.6958  RESTRAINT  =       104.9174
 EAMBER (non-restraint)  =     -5463.5504
 ESURF=        49.8916
 ------------------------------------------------------------------------------

 NMR restraints: Bond =    0.000   Angle =     0.000   Torsion =     0.000
===============================================================================

 NSTEP =   265000   TIME(PS) =     530.000  TEMP(K) =   200.35  PRESS =     0.0
 Etot   =     -3903.3189  EKtot   =      1442.4106  EPtot      =     -5345.7295
 BOND   =       408.4753  ANGLE   =      1033.0467  DIHED      =      2054.1620
 1-4 NB =       638.6435  1-4 EEL =      8137.1082  VDWAALS    =     -1489.5627
 EELEC  =    -13526.8481  EGB     =     -2759.0700  RESTRAINT  =       110.5614
 EAMBER (non-restraint)  =     -5456.2909
 ESURF=        47.7541
 ------------------------------------------------------------------------------

 NMR restraints: Bond =    0.000   Angle =     0.000   Torsion =     0.000
===============================================================================

 NSTEP =   270000   TIME(PS) =     540.000  TEMP(K) =   203.84  PRESS =     0.0
 Etot   =     -3921.8351  EKtot   =      1467.5364  EPtot      =     -5389.3715
 BOND   =       398.9595  ANGLE   =      1009.0529  DIHED      =      2041.3405
 1-4 NB =       634.4109  1-4 EEL =      8148.0643  VDWAALS    =     -1505.1046
 EELEC  =    -13475.4852  EGB     =     -2786.4725  RESTRAINT  =        96.6234
 EAMBER (non-restraint)  =     -5485.9949
 ESURF=        49.2393
 ------------------------------------------------------------------------------

 NMR restraints: Bond =    0.000   Angle =     0.000   Torsion =     0.000
===============================================================================

 NSTEP =   275000   TIME(PS) =     550.000  TEMP(K) =   208.82  PRESS =     0.0
 Etot   =     -3824.3394  EKtot   =      1503.4355  EPtot      =     -5327.7749
 BOND   =       433.9528  ANGLE   =      1021.2914  DIHED      =      2038.7496
 1-4 NB =       638.9471  1-4 EEL =      8113.3548  VDWAALS    =     -1495.0107
 EELEC  =    -13419.5283  EGB     =     -2810.0044  RESTRAINT  =       101.2747
 EAMBER (non-restraint)  =     -5429.0496
 ESURF=        49.1980
 ------------------------------------------------------------------------------

 NMR restraints: Bond =    0.000   Angle =     0.000   Torsion =     0.000
===============================================================================

 NSTEP =   280000   TIME(PS) =     560.000  TEMP(K) =   211.48  PRESS =     0.0
 Etot   =     -3812.0839  EKtot   =      1522.5681  EPtot      =     -5334.6520
 BOND   =       410.6876  ANGLE   =      1042.0867  DIHED      =      2041.0708
 1-4 NB =       658.5125  1-4 EEL =      8116.0222  VDWAALS    =     -1505.0838
 EELEC  =    -13462.2967  EGB     =     -2787.0263  RESTRAINT  =       102.2030
 EAMBER (non-restraint)  =     -5436.8551
 ESURF=        49.1718
 ------------------------------------------------------------------------------

 NMR restraints: Bond =    0.000   Angle =     0.000   Torsion =     0.000
===============================================================================

 NSTEP =   285000   TIME(PS) =     570.000  TEMP(K) =   207.34  PRESS =     0.0
 Etot   =     -3813.4185  EKtot   =      1492.7703  EPtot      =     -5306.1888
 BOND   =       393.0665  ANGLE   =      1063.8021  DIHED      =      2055.1102
 1-4 NB =       654.7160  1-4 EEL =      8110.0607  VDWAALS    =     -1495.0875
 EELEC  =    -13393.5452  EGB     =     -2856.3450  RESTRAINT  =       114.6268
 EAMBER (non-restraint)  =     -5420.8156
 ESURF=        47.4068
 ------------------------------------------------------------------------------

 NMR restraints: Bond =    0.000   Angle =     0.000   Torsion =     0.000
===============================================================================

 NSTEP =   290000   TIME(PS) =     580.000  TEMP(K) =   214.98  PRESS =     0.0
 Etot   =     -3731.8201  EKtot   =      1547.7821  EPtot      =     -5279.6022
 BOND   =       437.7103  ANGLE   =      1064.2235  DIHED      =      2055.3284
 1-4 NB =       638.4817  1-4 EEL =      8107.9561  VDWAALS    =     -1478.9626
 EELEC  =    -13421.4057  EGB     =     -2850.0612  RESTRAINT  =       116.6641
 EAMBER (non-restraint)  =     -5396.2663
 ESURF=        50.4632
 ------------------------------------------------------------------------------

 NMR restraints: Bond =    0.000   Angle =     0.000   Torsion =     0.000
===============================================================================

 NSTEP =   295000   TIME(PS) =     590.000  TEMP(K) =   217.27  PRESS =     0.0
 Etot   =     -3704.0077  EKtot   =      1564.2660  EPtot      =     -5268.2737
 BOND   =       406.8131  ANGLE   =      1110.9622  DIHED      =      2061.1582
 1-4 NB =       638.9785  1-4 EEL =      8100.8834  VDWAALS    =     -1505.1043
 EELEC  =    -13430.0596  EGB     =     -2810.2229  RESTRAINT  =       107.5920
 EAMBER (non-restraint)  =     -5375.8658
 ESURF=        50.7256
 ------------------------------------------------------------------------------

 NMR restraints: Bond =    0.000   Angle =     0.000   Torsion =     0.000
===============================================================================

 NSTEP =   300000   TIME(PS) =     600.000  TEMP(K) =   221.24  PRESS =     0.0
 Etot   =     -3698.3100  EKtot   =      1592.8043  EPtot      =     -5291.1143
 BOND   =       403.1132  ANGLE   =      1071.2939  DIHED      =      2062.2494
 1-4 NB =       649.8907  1-4 EEL =      8124.6953  VDWAALS    =     -1493.5024
 EELEC  =    -13469.0088  EGB     =     -2791.7104  RESTRAINT  =       102.2750
 EAMBER (non-restraint)  =     -5393.3892
 ESURF=        49.5898
 ------------------------------------------------------------------------------

 NMR restraints: Bond =    0.000   Angle =     0.000   Torsion =     0.000
===============================================================================

 NSTEP =   305000   TIME(PS) =     610.000  TEMP(K) =   220.72  PRESS =     0.0
 Etot   =     -3650.2318  EKtot   =      1589.1278  EPtot      =     -5239.3596
 BOND   =       428.1929  ANGLE   =      1106.5783  DIHED      =      2050.3215
 1-4 NB =       634.2698  1-4 EEL =      8113.3269  VDWAALS    =     -1497.6040
 EELEC  =    -13401.1722  EGB     =     -2833.4247  RESTRAINT  =       110.0179
 EAMBER (non-restraint)  =     -5349.3775
 ESURF=        50.1339
 ------------------------------------------------------------------------------

 NMR restraints: Bond =    0.000   Angle =     0.000   Torsion =     0.000
===============================================================================

 NSTEP =   310000   TIME(PS) =     620.000  TEMP(K) =   227.03  PRESS =     0.0
 Etot   =     -3590.2076  EKtot   =      1634.5194  EPtot      =     -5224.7270
 BOND   =       431.5391  ANGLE   =      1091.6801  DIHED      =      2057.9453
 1-4 NB =       646.5107  1-4 EEL =      8141.4487  VDWAALS    =     -1499.4678
 EELEC  =    -13459.8098  EGB     =     -2798.1370  RESTRAINT  =       113.6827
 EAMBER (non-restraint)  =     -5338.4096
 ESURF=        49.8810
 ------------------------------------------------------------------------------

 NMR restraints: Bond =    0.000   Angle =     0.000   Torsion =     0.000
===============================================================================

 NSTEP =   315000   TIME(PS) =     630.000  TEMP(K) =   225.00  PRESS =     0.0
 Etot   =     -3579.6874  EKtot   =      1619.9040  EPtot      =     -5199.5914
 BOND   =       433.2340  ANGLE   =      1107.5247  DIHED      =      2041.0644
 1-4 NB =       656.9186  1-4 EEL =      8142.5574  VDWAALS    =     -1498.0962
 EELEC  =    -13438.9583  EGB     =     -2817.9770  RESTRAINT  =       124.7550
 EAMBER (non-restraint)  =     -5324.3464
 ESURF=        49.3861
 ------------------------------------------------------------------------------

 NMR restraints: Bond =    0.000   Angle =     0.000   Torsion =     0.000
===============================================================================

 NSTEP =   320000   TIME(PS) =     640.000  TEMP(K) =   230.82  PRESS =     0.0
 Etot   =     -3521.9171  EKtot   =      1661.8157  EPtot      =     -5183.7328
 BOND   =       440.6495  ANGLE   =      1100.5169  DIHED      =      2055.3991
 1-4 NB =       653.0758  1-4 EEL =      8128.2336  VDWAALS    =     -1474.4824
 EELEC  =    -13436.0764  EGB     =     -2810.6420  RESTRAINT  =       109.3183
 EAMBER (non-restraint)  =     -5293.0511
 ESURF=        50.2748
 ------------------------------------------------------------------------------

 NMR restraints: Bond =    0.000   Angle =     0.000   Torsion =     0.000
===============================================================================

 NSTEP =   325000   TIME(PS) =     650.000  TEMP(K) =   229.33  PRESS =     0.0
 Etot   =     -3542.7707  EKtot   =      1651.0870  EPtot      =     -5193.8577
 BOND   =       443.9561  ANGLE   =      1085.8687  DIHED      =      2064.2090
 1-4 NB =       648.0113  1-4 EEL =      8121.1459  VDWAALS    =     -1489.2395
 EELEC  =    -13464.0076  EGB     =     -2774.3214  RESTRAINT  =       120.6214
 EAMBER (non-restraint)  =     -5314.4791
 ESURF=        49.8985
 ------------------------------------------------------------------------------

 NMR restraints: Bond =    0.000   Angle =     0.000   Torsion =     0.000
===============================================================================

 NSTEP =   330000   TIME(PS) =     660.000  TEMP(K) =   235.02  PRESS =     0.0
 Etot   =     -3441.3147  EKtot   =      1692.0275  EPtot      =     -5133.3422
 BOND   =       455.0074  ANGLE   =      1120.9980  DIHED      =      2063.6246
 1-4 NB =       657.8232  1-4 EEL =      8142.3992  VDWAALS    =     -1484.3779
 EELEC  =    -13436.3808  EGB     =     -2822.8762  RESTRAINT  =       120.4129
 EAMBER (non-restraint)  =     -5253.7551
 ESURF=        50.0276
 ------------------------------------------------------------------------------

 NMR restraints: Bond =    0.000   Angle =     0.000   Torsion =     0.000
===============================================================================

 NSTEP =   335000   TIME(PS) =     670.000  TEMP(K) =   230.55  PRESS =     0.0
 Etot   =     -3491.1946  EKtot   =      1659.8923  EPtot      =     -5151.0869
 BOND   =       450.8461  ANGLE   =      1091.7345  DIHED      =      2060.5871
 1-4 NB =       666.3610  1-4 EEL =      8118.8481  VDWAALS    =     -1485.0208
 EELEC  =    -13464.4163  EGB     =     -2757.7211  RESTRAINT  =       121.2338
 EAMBER (non-restraint)  =     -5272.3206
 ESURF=        46.4607
 ------------------------------------------------------------------------------

 NMR restraints: Bond =    0.000   Angle =     0.000   Torsion =     0.000
===============================================================================

 NSTEP =   340000   TIME(PS) =     680.000  TEMP(K) =   232.18  PRESS =     0.0
 Etot   =     -3462.7600  EKtot   =      1671.5830  EPtot      =     -5134.3431
 BOND   =       478.7887  ANGLE   =      1106.2042  DIHED      =      2075.0165
 1-4 NB =       658.5572  1-4 EEL =      8103.3253  VDWAALS    =     -1492.9694
 EELEC  =    -13388.5185  EGB     =     -2841.9893  RESTRAINT  =       117.4642
 EAMBER (non-restraint)  =     -5251.8072
 ESURF=        49.7780
 ------------------------------------------------------------------------------

 NMR restraints: Bond =    0.000   Angle =     0.000   Torsion =     0.000
===============================================================================

 NSTEP =   345000   TIME(PS) =     690.000  TEMP(K) =   233.74  PRESS =     0.0
 Etot   =     -3470.3383  EKtot   =      1682.8364  EPtot      =     -5153.1748
 BOND   =       437.7766  ANGLE   =      1164.3811  DIHED      =      2046.2342
 1-4 NB =       652.4143  1-4 EEL =      8110.9117  VDWAALS    =     -1491.0456
 EELEC  =    -13376.9680  EGB     =     -2869.9623  RESTRAINT  =       120.9133
 EAMBER (non-restraint)  =     -5274.0880
 ESURF=        52.1701
 ------------------------------------------------------------------------------

 NMR restraints: Bond =    0.000   Angle =     0.000   Torsion =     0.000
===============================================================================

 NSTEP =   350000   TIME(PS) =     700.000  TEMP(K) =   239.68  PRESS =     0.0
 Etot   =     -3373.6288  EKtot   =      1725.5873  EPtot      =     -5099.2161
 BOND   =       449.1045  ANGLE   =      1188.2424  DIHED      =      2075.9352
 1-4 NB =       644.7641  1-4 EEL =      8109.7017  VDWAALS    =     -1481.6754
 EELEC  =    -13392.1797  EGB     =     -2851.8189  RESTRAINT  =       109.9474
 EAMBER (non-restraint)  =     -5209.1635
 ESURF=        48.7625
 ------------------------------------------------------------------------------

 NMR restraints: Bond =    0.000   Angle =     0.000   Torsion =     0.000
===============================================================================

 NSTEP =   355000   TIME(PS) =     710.000  TEMP(K) =   241.51  PRESS =     0.0
 Etot   =     -3405.2799  EKtot   =      1738.7430  EPtot      =     -5144.0229
 BOND   =       425.3646  ANGLE   =      1162.6976  DIHED      =      2066.7119
 1-4 NB =       644.7095  1-4 EEL =      8122.5530  VDWAALS    =     -1488.8408
 EELEC  =    -13438.9211  EGB     =     -2803.1150  RESTRAINT  =       114.1533
 EAMBER (non-restraint)  =     -5258.1762
 ESURF=        50.6641
 ------------------------------------------------------------------------------

 NMR restraints: Bond =    0.000   Angle =     0.000   Torsion =     0.000
===============================================================================

 NSTEP =   360000   TIME(PS) =     720.000  TEMP(K) =   239.49  PRESS =     0.0
 Etot   =     -3305.7006  EKtot   =      1724.2050  EPtot      =     -5029.9056
 BOND   =       475.8346  ANGLE   =      1178.3293  DIHED      =      2084.3694
 1-4 NB =       660.0971  1-4 EEL =      8151.4603  VDWAALS    =     -1494.3743
 EELEC  =    -13418.0624  EGB     =     -2845.4769  RESTRAINT  =       128.2827
 EAMBER (non-restraint)  =     -5158.1883
 ESURF=        49.6346
 ------------------------------------------------------------------------------

 NMR restraints: Bond =    0.000   Angle =     0.000   Torsion =     0.000
===============================================================================

 NSTEP =   365000   TIME(PS) =     730.000  TEMP(K) =   243.03  PRESS =     0.0
 Etot   =     -3413.3701  EKtot   =      1749.6884  EPtot      =     -5163.0585
 BOND   =       441.2378  ANGLE   =      1105.1365  DIHED      =      2077.9632
 1-4 NB =       668.6633  1-4 EEL =      8121.7011  VDWAALS    =     -1494.4208
 EELEC  =    -13467.5202  EGB     =     -2782.8616  RESTRAINT  =       120.3714
 EAMBER (non-restraint)  =     -5283.4299
 ESURF=        46.6709
 ------------------------------------------------------------------------------

 NMR restraints: Bond =    0.000   Angle =     0.000   Torsion =     0.000
===============================================================================

 NSTEP =   370000   TIME(PS) =     740.000  TEMP(K) =   249.34  PRESS =     0.0
 Etot   =     -3234.4034  EKtot   =      1795.1639  EPtot      =     -5029.5673
 BOND   =       467.8848  ANGLE   =      1203.9441  DIHED      =      2084.4761
 1-4 NB =       663.4948  1-4 EEL =      8122.9031  VDWAALS    =     -1487.6644
 EELEC  =    -13459.4244  EGB     =     -2798.2737  RESTRAINT  =       124.8835
 EAMBER (non-restraint)  =     -5154.4508
 ESURF=        48.2088
 ------------------------------------------------------------------------------

 NMR restraints: Bond =    0.000   Angle =     0.000   Torsion =     0.000
===============================================================================

 NSTEP =   375000   TIME(PS) =     750.000  TEMP(K) =   256.63  PRESS =     0.0
 Etot   =     -3270.0048  EKtot   =      1847.6440  EPtot      =     -5117.6488
 BOND   =       452.4382  ANGLE   =      1174.2856  DIHED      =      2052.3327
 1-4 NB =       654.7165  1-4 EEL =      8119.4566  VDWAALS    =     -1494.7143
 EELEC  =    -13415.7066  EGB     =     -2828.2666  RESTRAINT  =       117.8382
 EAMBER (non-restraint)  =     -5235.4870
 ESURF=        49.9710
 ------------------------------------------------------------------------------

 NMR restraints: Bond =    0.000   Angle =     0.000   Torsion =     0.000
===============================================================================

 NSTEP =   380000   TIME(PS) =     760.000  TEMP(K) =   260.78  PRESS =     0.0
 Etot   =     -3164.9247  EKtot   =      1877.5277  EPtot      =     -5042.4525
 BOND   =       469.3257  ANGLE   =      1167.3836  DIHED      =      2088.6954
 1-4 NB =       651.8846  1-4 EEL =      8115.7800  VDWAALS    =     -1478.8954
 EELEC  =    -13414.8511  EGB     =     -2824.3477  RESTRAINT  =       132.5747
 EAMBER (non-restraint)  =     -5175.0271
 ESURF=        49.9978
 ------------------------------------------------------------------------------

 NMR restraints: Bond =    0.000   Angle =     0.000   Torsion =     0.000
===============================================================================

 NSTEP =   385000   TIME(PS) =     770.000  TEMP(K) =   260.36  PRESS =     0.0
 Etot   =     -3150.2626  EKtot   =      1874.5101  EPtot      =     -5024.7726
 BOND   =       475.0648  ANGLE   =      1186.4947  DIHED      =      2113.9883
 1-4 NB =       658.1427  1-4 EEL =      8129.9795  VDWAALS    =     -1468.2492
 EELEC  =    -13461.7680  EGB     =     -2832.4368  RESTRAINT  =       124.4534
 EAMBER (non-restraint)  =     -5149.2261
 ESURF=        49.5579
 ------------------------------------------------------------------------------

 NMR restraints: Bond =    0.000   Angle =     0.000   Torsion =     0.000
===============================================================================

 NSTEP =   390000   TIME(PS) =     780.000  TEMP(K) =   255.89  PRESS =     0.0
 Etot   =     -3138.0948  EKtot   =      1842.2883  EPtot      =     -4980.3831
 BOND   =       492.5572  ANGLE   =      1244.2303  DIHED      =      2105.0005
 1-4 NB =       629.7003  1-4 EEL =      8080.5986  VDWAALS    =     -1495.5520
 EELEC  =    -13341.7206  EGB     =     -2875.7831  RESTRAINT  =       129.0409
 EAMBER (non-restraint)  =     -5109.4240
 ESURF=        51.5447
 ------------------------------------------------------------------------------

 NMR restraints: Bond =    0.000   Angle =     0.000   Torsion =     0.000
===============================================================================

 NSTEP =   395000   TIME(PS) =     790.000  TEMP(K) =   255.66  PRESS =     0.0
 Etot   =     -3127.9997  EKtot   =      1840.6574  EPtot      =     -4968.6571
 BOND   =       502.2171  ANGLE   =      1212.1850  DIHED      =      2104.5810
 1-4 NB =       642.0099  1-4 EEL =      8099.5504  VDWAALS    =     -1475.6841
 EELEC  =    -13367.6130  EGB     =     -2872.0455  RESTRAINT  =       135.5118
 EAMBER (non-restraint)  =     -5104.1689
 ESURF=        50.6304
 ------------------------------------------------------------------------------

 NMR restraints: Bond =    0.000   Angle =     0.000   Torsion =     0.000
===============================================================================

 NSTEP =   400000   TIME(PS) =     800.000  TEMP(K) =   262.79  PRESS =     0.0
 Etot   =     -3098.9086  EKtot   =      1891.9536  EPtot      =     -4990.8623
 BOND   =       505.7177  ANGLE   =      1220.6176  DIHED      =      2094.6215
 1-4 NB =       647.7848  1-4 EEL =      8102.0864  VDWAALS    =     -1461.7028
 EELEC  =    -13400.7685  EGB     =     -2878.8866  RESTRAINT  =       127.8614
 EAMBER (non-restraint)  =     -5118.7237
 ESURF=        51.8062
 ------------------------------------------------------------------------------

 NMR restraints: Bond =    0.000   Angle =     0.000   Torsion =     0.000
===============================================================================

 NSTEP =   405000   TIME(PS) =     810.000  TEMP(K) =   267.73  PRESS =     0.0
 Etot   =     -3000.1388  EKtot   =      1927.5441  EPtot      =     -4927.6828
 BOND   =       498.4993  ANGLE   =      1247.2721  DIHED      =      2091.4964
 1-4 NB =       647.3297  1-4 EEL =      8117.1487  VDWAALS    =     -1466.9046
 EELEC  =    -13375.6246  EGB     =     -2876.5982  RESTRAINT  =       138.3690
 EAMBER (non-restraint)  =     -5066.0518
 ESURF=        51.3293
 ------------------------------------------------------------------------------

 NMR restraints: Bond =    0.000   Angle =     0.000   Torsion =     0.000
===============================================================================

 NSTEP =   410000   TIME(PS) =     820.000  TEMP(K) =   263.67  PRESS =     0.0
 Etot   =     -3069.3349  EKtot   =      1898.2841  EPtot      =     -4967.6190
 BOND   =       486.6432  ANGLE   =      1215.7166  DIHED      =      2113.9924
 1-4 NB =       652.1639  1-4 EEL =      8129.9702  VDWAALS    =     -1455.1279
 EELEC  =    -13333.9955  EGB     =     -2956.2497  RESTRAINT  =       125.2742
 EAMBER (non-restraint)  =     -5092.8932
 ESURF=        53.9937
 ------------------------------------------------------------------------------

 NMR restraints: Bond =    0.000   Angle =     0.000   Torsion =     0.000
===============================================================================

 NSTEP =   415000   TIME(PS) =     830.000  TEMP(K) =   250.79  PRESS =     0.0
 Etot   =     -3112.9360  EKtot   =      1805.5991  EPtot      =     -4918.5351
 BOND   =       498.0675  ANGLE   =      1265.0428  DIHED      =      2076.9904
 1-4 NB =       661.5796  1-4 EEL =      8144.5018  VDWAALS    =     -1463.4352
 EELEC  =    -13345.0864  EGB     =     -2939.2669  RESTRAINT  =       131.9118
 EAMBER (non-restraint)  =     -5050.4469
 ESURF=        51.1597
 ------------------------------------------------------------------------------

 NMR restraints: Bond =    0.000   Angle =     0.000   Torsion =     0.000
===============================================================================

 NSTEP =   420000   TIME(PS) =     840.000  TEMP(K) =   271.36  PRESS =     0.0
 Etot   =     -2993.3479  EKtot   =      1953.6614  EPtot      =     -4947.0093
 BOND   =       495.2186  ANGLE   =      1236.6542  DIHED      =      2101.7710
 1-4 NB =       648.7571  1-4 EEL =      8160.0490  VDWAALS    =     -1458.8044
 EELEC  =    -13379.7653  EGB     =     -2939.0408  RESTRAINT  =       135.8448
 EAMBER (non-restraint)  =     -5082.8540
 ESURF=        52.3065
 ------------------------------------------------------------------------------

 NMR restraints: Bond =    0.000   Angle =     0.000   Torsion =     0.000
===============================================================================

 NSTEP =   425000   TIME(PS) =     850.000  TEMP(K) =   271.47  PRESS =     0.0
 Etot   =     -2955.3859  EKtot   =      1954.4734  EPtot      =     -4909.8593
 BOND   =       501.1547  ANGLE   =      1267.5913  DIHED      =      2088.2001
 1-4 NB =       659.7102  1-4 EEL =      8106.2377  VDWAALS    =     -1475.4374
 EELEC  =    -13337.4202  EGB     =     -2904.0667  RESTRAINT  =       133.0225
 EAMBER (non-restraint)  =     -5042.8817
 ESURF=        51.1485
 ------------------------------------------------------------------------------

 NMR restraints: Bond =    0.000   Angle =     0.000   Torsion =     0.000
===============================================================================

 NSTEP =   430000   TIME(PS) =     860.000  TEMP(K) =   268.40  PRESS =     0.0
 Etot   =     -2974.8883  EKtot   =      1932.4053  EPtot      =     -4907.2936
 BOND   =       480.3809  ANGLE   =      1291.1304  DIHED      =      2081.2720
 1-4 NB =       648.9765  1-4 EEL =      8134.6257  VDWAALS    =     -1478.3909
 EELEC  =    -13274.1058  EGB     =     -2979.8341  RESTRAINT  =       136.2519
 EAMBER (non-restraint)  =     -5043.5455
 ESURF=        52.3999
 ------------------------------------------------------------------------------

 NMR restraints: Bond =    0.000   Angle =     0.000   Torsion =     0.000
===============================================================================

 NSTEP =   435000   TIME(PS) =     870.000  TEMP(K) =   266.47  PRESS =     0.0
 Etot   =     -2940.1179  EKtot   =      1918.5110  EPtot      =     -4858.6289
 BOND   =       486.6117  ANGLE   =      1278.2268  DIHED      =      2127.5746
 1-4 NB =       662.0831  1-4 EEL =      8127.6469  VDWAALS    =     -1459.9902
 EELEC  =    -13298.4381  EGB     =     -2965.2457  RESTRAINT  =       129.8197
 EAMBER (non-restraint)  =     -4988.4485
 ESURF=        53.0822
 ------------------------------------------------------------------------------

 NMR restraints: Bond =    0.000   Angle =     0.000   Torsion =     0.000
===============================================================================

 NSTEP =   440000   TIME(PS) =     880.000  TEMP(K) =   275.60  PRESS =     0.0
 Etot   =     -2903.2420  EKtot   =      1984.2064  EPtot      =     -4887.4484
 BOND   =       495.5535  ANGLE   =      1291.6847  DIHED      =      2084.5755
 1-4 NB =       676.0514  1-4 EEL =      8122.9626  VDWAALS    =     -1469.1076
 EELEC  =    -13310.1131  EGB     =     -2961.8845  RESTRAINT  =       129.7977
 EAMBER (non-restraint)  =     -5017.2461
 ESURF=        53.0313
 ------------------------------------------------------------------------------

 NMR restraints: Bond =    0.000   Angle =     0.000   Torsion =     0.000
===============================================================================

 NSTEP =   445000   TIME(PS) =     890.000  TEMP(K) =   276.73  PRESS =     0.0
 Etot   =     -2837.3491  EKtot   =      1992.3285  EPtot      =     -4829.6776
 BOND   =       500.9337  ANGLE   =      1297.0981  DIHED      =      2095.5168
 1-4 NB =       661.1559  1-4 EEL =      8116.3799  VDWAALS    =     -1463.8717
 EELEC  =    -13286.7847  EGB     =     -2947.4500  RESTRAINT  =       145.2305
 EAMBER (non-restraint)  =     -4974.9082
 ESURF=        52.1137
 ------------------------------------------------------------------------------

 NMR restraints: Bond =    0.000   Angle =     0.000   Torsion =     0.000
===============================================================================

 NSTEP =   450000   TIME(PS) =     900.000  TEMP(K) =   280.82  PRESS =     0.0
 Etot   =     -2828.0312  EKtot   =      2021.7832  EPtot      =     -4849.8145
 BOND   =       512.2391  ANGLE   =      1261.6458  DIHED      =      2102.5150
 1-4 NB =       662.8605  1-4 EEL =      8140.2161  VDWAALS    =     -1455.0388
 EELEC  =    -13390.6369  EGB     =     -2882.7040  RESTRAINT  =       145.1184
 EAMBER (non-restraint)  =     -4994.9328
 ESURF=        53.9705
 ------------------------------------------------------------------------------

 NMR restraints: Bond =    0.000   Angle =     0.000   Torsion =     0.000
===============================================================================

 NSTEP =   455000   TIME(PS) =     910.000  TEMP(K) =   277.99  PRESS =     0.0
 Etot   =     -2765.1292  EKtot   =      2001.4160  EPtot      =     -4766.5452
 BOND   =       524.8054  ANGLE   =      1342.1399  DIHED      =      2132.9913
 1-4 NB =       648.4272  1-4 EEL =      8148.6038  VDWAALS    =     -1483.7874
 EELEC  =    -13324.6771  EGB     =     -2958.7072  RESTRAINT  =       148.5537
 EAMBER (non-restraint)  =     -4915.0988
 ESURF=        55.1051
 ------------------------------------------------------------------------------

 NMR restraints: Bond =    0.000   Angle =     0.000   Torsion =     0.000
===============================================================================

 NSTEP =   460000   TIME(PS) =     920.000  TEMP(K) =   276.60  PRESS =     0.0
 Etot   =     -2834.5726  EKtot   =      1991.4391  EPtot      =     -4826.0117
 BOND   =       539.0587  ANGLE   =      1285.9068  DIHED      =      2108.9261
 1-4 NB =       669.0104  1-4 EEL =      8116.9033  VDWAALS    =     -1461.8319
 EELEC  =    -13305.8972  EGB     =     -2976.0588  RESTRAINT  =       144.6620
 EAMBER (non-restraint)  =     -4970.6737
 ESURF=        53.3089
 ------------------------------------------------------------------------------

 NMR restraints: Bond =    0.000   Angle =     0.000   Torsion =     0.000
===============================================================================

 NSTEP =   465000   TIME(PS) =     930.000  TEMP(K) =   283.43  PRESS =     0.0
 Etot   =     -2738.5488  EKtot   =      2040.5671  EPtot      =     -4779.1159
 BOND   =       526.8111  ANGLE   =      1316.6533  DIHED      =      2127.9561
 1-4 NB =       657.5062  1-4 EEL =      8161.7480  VDWAALS    =     -1465.5346
 EELEC  =    -13392.0666  EGB     =     -2906.3933  RESTRAINT  =       139.8303
 EAMBER (non-restraint)  =     -4918.9462
 ESURF=        54.3737
 ------------------------------------------------------------------------------

 NMR restraints: Bond =    0.000   Angle =     0.000   Torsion =     0.000
===============================================================================

 NSTEP =   470000   TIME(PS) =     940.000  TEMP(K) =   288.55  PRESS =     0.0
 Etot   =     -2640.2185  EKtot   =      2077.4090  EPtot      =     -4717.6274
 BOND   =       522.2755  ANGLE   =      1381.4769  DIHED      =      2116.7325
 1-4 NB =       668.4619  1-4 EEL =      8136.3127  VDWAALS    =     -1463.7217
 EELEC  =    -13212.8333  EGB     =     -3056.8755  RESTRAINT  =       137.6459
 EAMBER (non-restraint)  =     -4855.2733
 ESURF=        52.8976
 ------------------------------------------------------------------------------

 NMR restraints: Bond =    0.000   Angle =     0.000   Torsion =     0.000
===============================================================================

 NSTEP =   475000   TIME(PS) =     950.000  TEMP(K) =   288.80  PRESS =     0.0
 Etot   =     -2660.9583  EKtot   =      2079.2347  EPtot      =     -4740.1930
 BOND   =       528.1436  ANGLE   =      1354.6451  DIHED      =      2121.4432
 1-4 NB =       665.5300  1-4 EEL =      8115.6351  VDWAALS    =     -1469.8905
 EELEC  =    -13326.5629  EGB     =     -2926.3084  RESTRAINT  =       144.4968
 EAMBER (non-restraint)  =     -4884.6898
 ESURF=        52.6751
 ------------------------------------------------------------------------------

 NMR restraints: Bond =    0.000   Angle =     0.000   Torsion =     0.000
===============================================================================

 NSTEP =   480000   TIME(PS) =     960.000  TEMP(K) =   292.19  PRESS =     0.0
 Etot   =     -2623.5880  EKtot   =      2103.6569  EPtot      =     -4727.2450
 BOND   =       551.1010  ANGLE   =      1348.9655  DIHED      =      2126.9411
 1-4 NB =       666.2848  1-4 EEL =      8114.7987  VDWAALS    =     -1443.0265
 EELEC  =    -13335.7155  EGB     =     -2959.6795  RESTRAINT  =       149.3334
 EAMBER (non-restraint)  =     -4876.5784
 ESURF=        53.7520
 ------------------------------------------------------------------------------

 NMR restraints: Bond =    0.000   Angle =     0.000   Torsion =     0.000
===============================================================================

 NSTEP =   485000   TIME(PS) =     970.000  TEMP(K) =   286.39  PRESS =     0.0
 Etot   =     -2646.2725  EKtot   =      2061.8804  EPtot      =     -4708.1529
 BOND   =       537.4975  ANGLE   =      1389.3964  DIHED      =      2136.0797
 1-4 NB =       651.1279  1-4 EEL =      8081.3031  VDWAALS    =     -1471.0546
 EELEC  =    -13236.9422  EGB     =     -2988.8405  RESTRAINT  =       138.5168
 EAMBER (non-restraint)  =     -4846.6697
 ESURF=        54.7630
 ------------------------------------------------------------------------------

 NMR restraints: Bond =    0.000   Angle =     0.000   Torsion =     0.000
===============================================================================

 NSTEP =   490000   TIME(PS) =     980.000  TEMP(K) =   287.85  PRESS =     0.0
 Etot   =     -2654.2054  EKtot   =      2072.4122  EPtot      =     -4726.6176
 BOND   =       547.6238  ANGLE   =      1354.7036  DIHED      =      2123.8062
 1-4 NB =       668.3514  1-4 EEL =      8112.3981  VDWAALS    =     -1464.8315
 EELEC  =    -13245.5987  EGB     =     -3033.2526  RESTRAINT  =       155.8921
 EAMBER (non-restraint)  =     -4882.5097
 ESURF=        54.2900
 ------------------------------------------------------------------------------

 NMR restraints: Bond =    0.000   Angle =     0.000   Torsion =     0.000
===============================================================================

 NSTEP =   495000   TIME(PS) =     990.000  TEMP(K) =   291.34  PRESS =     0.0
 Etot   =     -2596.1374  EKtot   =      2097.5394  EPtot      =     -4693.6768
 BOND   =       554.5961  ANGLE   =      1346.0967  DIHED      =      2125.2578
 1-4 NB =       661.9963  1-4 EEL =      8129.3996  VDWAALS    =     -1464.6842
 EELEC  =    -13161.7825  EGB     =     -3096.6267  RESTRAINT  =       156.3238
 EAMBER (non-restraint)  =     -4850.0006
 ESURF=        55.7462
 ------------------------------------------------------------------------------

 NMR restraints: Bond =    0.000   Angle =     0.000   Torsion =     0.000
===============================================================================

 NSTEP =   500000   TIME(PS) =    1000.000  TEMP(K) =   297.76  PRESS =     0.0
 Etot   =     -2570.5870  EKtot   =      2143.7863  EPtot      =     -4714.3734
 BOND   =       523.8063  ANGLE   =      1348.4787  DIHED      =      2113.9680
 1-4 NB =       677.6681  1-4 EEL =      8159.3898  VDWAALS    =     -1453.3795
 EELEC  =    -13311.5434  EGB     =     -2973.6893  RESTRAINT  =       147.2952
 EAMBER (non-restraint)  =     -4861.6685
 ESURF=        53.6327
 ------------------------------------------------------------------------------

 NMR restraints: Bond =    0.000   Angle =     0.000   Torsion =     0.000
===============================================================================

      A V E R A G E S   O V E R     100 S T E P S


 NSTEP =   500000   TIME(PS) =    1000.000  TEMP(K) =   200.00  PRESS =     0.0
 Etot   =     -3959.5123  EKtot   =      1439.9307  EPtot      =     -5399.4430
 BOND   =       395.8528  ANGLE   =      1011.6606  DIHED      =      2036.7679
 1-4 NB =       641.1786  1-4 EEL =      8116.6846  VDWAALS    =     -1500.2265
 EELEC  =    -13381.5178  EGB     =     -2872.1217  RESTRAINT  =       102.4108
 EAMBER (non-restraint)  =     -5501.8538
 ESURF=        49.8677
 ------------------------------------------------------------------------------

 NMR restraints: Bond =    0.000   Angle =     0.000   Torsion =     0.000
===============================================================================

      R M S  F L U C T U A T I O N S


 NSTEP =   500000   TIME(PS) =    1000.000  TEMP(K) =    57.34  PRESS =     0.0
 Etot   =       830.3755  EKtot   =       412.8458  EPtot      =       418.3932
 BOND   =        88.5009  ANGLE   =       210.2666  DIHED      =        54.9758
 1-4 NB =        15.7542  1-4 EEL =        18.0532  VDWAALS    =        24.3767
 EELEC  =        61.1986  EGB     =        64.1729  RESTRAINT  =        27.7420
 EAMBER (non-restraint)  =       390.6512
 ESURF=         2.0528
 ------------------------------------------------------------------------------


 NMR restraints on final step:

--------------------------------------------------------------------------------
   5.  TIMINGS
--------------------------------------------------------------------------------

|  NonSetup CPU Time in Major Routines:
|
|     Routine           Sec        %
|     ------------------------------
|     Nonbond      145181.29   98.98
|     Bond             10.84    0.01
|     Angle           175.57    0.12
|     Dihedral        983.19    0.67
|     Shake            46.43    0.03
|     RunMD           274.53    0.19
|     Other             0.71    0.00
|     ------------------------------
|     Total        146672.57

|  Generalized Born CPU Time:
|
|     Routine                 Sec        %
|     ------------------------------------
|     Radii Calc          30662.84   20.91
|     Diagonal Calc       57560.38   39.24
|     Off Diagonal Calc   56888.82   38.79
|     GBSA LCPO Calc          0.44    0.00
|     ---------------------------------
|     Total              145112.04   98.94

|  Final Performance Info:
|     -----------------------------------------------------
|     Average timings for last       1 steps:
|     Elapsed(s) =       0.00 Per Step(ms) =       0.13
|         ns/day =    1289.23   seconds/ns =      67.02
|
|     Average timings for all steps:
|     Elapsed(s) =  403392.22 Per Step(ms) =     806.78
|         ns/day =       0.21   seconds/ns =  403392.22
|     -----------------------------------------------------

|  Setup CPU time:            0.04 seconds
|  NonSetup CPU time:    146672.57 seconds
|  Total CPU time:       146672.61 seconds    40.74 hours

|  Setup wall time:           0    seconds
|  NonSetup wall time:   403392    seconds
|  Total wall time:      403392    seconds   112.05 hours
