
          -------------------------------------------------------
          Amber 22 PMEMD                              2022
          -------------------------------------------------------

| PMEMD implementation of SANDER, Release 22

|  Compiled date/time: Thu Apr 14 23:36:37 2022
| Run on 03/01/2024 at 11:41:45

|   Executable path: pmemd
| Working directory: /home/arul/Reegina/MD_Sim/eq2/1BRS_info
|          Hostname: Unknown
  [-O]verwriting output

File Assignments:
|   MDIN: /home/arul/Reegina/MD_Sim/eq2.in                                      
|  MDOUT: eq2.out                                                               
| INPCRD: eq1.rst7                                                              
|   PARM: 1BRS.hmass.parm7                                                      
| RESTRT: eq2.rst7                                                              
|   REFC: eq1.rst7                                                              
|  MDVEL: mdvel                                                                 
|   MDEN: mden                                                                  
|  MDCRD: eq2.crd                                                               
| MDINFO: eq2.info                                                              
|  MDFRC: mdfrc                                                                 


 Here is the input file:

&cntrl                                                                         
   ntx = 5,                                                                    
   ntwx = 5000, ntwe = 0, ntwr = 500,                                          
   ntpr = 5000,                                                                
                                                                               
   ioutfm=0, ntxo=1,                                                           
                                                                               
   imin = 0, nstlim = 125000, dt = 0.002,                                      
                                                                               
   ntt = 3, gamma_ln=1., temp0 = 300.0,                                        
   nscm = 1000, ig = -1, irest = 1,                                            
                                                                               
   ntc= 2, ntf = 2, cut = 1000,                                                
                                                                               
   igb=8, gbsa=3, surften=0.007, ntb = 0,                                      
   saltcon=0.,                                                                 
                                                                               
   ntr=1, restraintmask="@CA,N,C,O",                                           
   restraint_wt=0.1,                                                           
 /                                                                             


Note: ig = -1. Setting random seed to   118101 based on wallclock time in 
      microseconds.
| irandom = 1, using AMBER's internal random number generator (default).
 
| Conditional Compilation Defines Used:
| PUBFFT
| BINTRAJ
| EMIL

| New format PARM file being parsed.
| Version =    1.000 Date = 01/01/24 Time = 14:17:43

| Note: 1-4 EEL scale factors are being read from the topology file.

| Note: 1-4 VDW scale factors are being read from the topology file.
| INFO:    Reading atomic numbers from topology file.
| Duplicated    0 dihedrals

| Duplicated    0 dihedrals

--------------------------------------------------------------------------------
   1.  RESOURCE   USE: 
--------------------------------------------------------------------------------

 NATOM  =    9343 NTYPES =      13 NBONH =    4626 MBONA  =    4819
 NTHETH =   10493 MTHETA =    6532 NPHIH =   21493 MPHIA  =   20479
 NHPARM =       0 NPARM  =       0 NNB   =   51542 NRES   =     588
 NBONA  =    4819 NTHETA =    6532 NPHIA =   20479 NUMBND =      61
 NUMANG =     148 NPTRA  =     169 NATYP =      30 NPHB   =       0
 IFBOX  =       0 NMXRS  =      25 IFCAP =       0 NEXTRA =       0
 NCOPY  =       0

 Implicit solvent radii are ArgH and AspGluO modified Bondi2 radii (mbondi3)                                
 Replacing prmtop screening parameters with GBn2 (igb=8) values
--------------------------------------------------------------------------------
   2.  CONTROL  DATA  FOR  THE  RUN
--------------------------------------------------------------------------------

default_name                                                                    

General flags:
     imin    =       0, nmropt  =       0

Nature and format of input:
     ntx     =       5, irest   =       1, ntrx    =       1

Nature and format of output:
     ntxo    =       1, ntpr    =    5000, ntrx    =       1, ntwr    =     500
     iwrap   =       0, ntwx    =    5000, ntwv    =       0, ntwe    =       0
     ioutfm  =       0, ntwprt  =       0, idecomp =       0, rbornstat=      0

Potential function:
     ntf     =       2, ntb     =       0, igb     =       8, nsnb    =      25
     ipol    =       0, gbsa    =       3, iesp    =       0
     dielc   =   1.00000, cut     =1000.00000, intdiel =   1.00000
     saltcon =   0.00000, offset  =   0.19514, surften =   0.00700
     rdt     =   0.00000, rgbmax  =  25.00000  extdiel =  78.50000
     alpb  =        0
     gbalphaH  =   0.78844, gbbetaH   =   0.79870,  gbgammaH  =    0.43733
     gbalphaC  =   0.73376, gbbetaC   =   0.50638,  gbgammaC  =    0.20584
     gbalphaN  =   0.50336, gbbetaN   =   0.31683,  gbgammaN  =    0.19292
     gbalphaOS =   0.86781, gbbetaOS  =   0.87664,  gbgammaOS =    0.38788
     gbalphaP  =   1.00000, gbbetaP   =   0.80000,  gbgammaP  =    4.85000
     gb_alpha_hnu  =   0.53705, gb_beta_hnu   =   0.36286,  gb_gamma_hnu  =    0.11670
     gb_alpha_cnu  =   0.33167, gb_beta_cnu   =   0.19684,  gb_gamma_cnu  =    0.09342
     gb_alpha_nnu  =   0.68631, gb_beta_nnu   =   0.46319,  gb_gamma_nnu  =    0.13872
     gb_alpha_onu  =   0.60634, gb_beta_onu   =   0.46301,  gb_gamma_onu  =    0.14226
     gb_alpha_pnu  =   0.41836, gb_beta_pnu   =   0.29005,  gb_gamma_pnu  =    0.10642

Frozen or restrained atoms:
     ibelly  =       0, ntr     =       1
     restraint_wt =   0.10000

Molecular dynamics:
     nstlim  =    125000, nscm    =         0, nrespa  =         1
     t       =   0.00000, dt      =   0.00200, vlimit  =  20.00000

Langevin dynamics temperature regulation:
     ig      =  118101
     temp0   = 300.00000, tempi   =   0.00000, gamma_ln=   1.00000

SHAKE:
     ntc     =       2, jfastw  =       0
     tol     =   0.00001

| Intermolecular bonds treatment:
|     no_intermolecular_bonds =       1

| Energy averages sample interval:
|     ene_avg_sampling =    5000

    LOADING THE CONSTRAINED ATOMS AS GROUPS


   5.  REFERENCE ATOM COORDINATES

  default_name                                                                    
     Mask @CA,N,C,O; matches  2352 atoms

--------------------------------------------------------------------------------
   3.  ATOMIC COORDINATES AND VELOCITIES
--------------------------------------------------------------------------------

default_name                                                                    
 begin time read from input coords =  1250.000 ps

 
 Number of triangulated 3-point waters found:        0
| Dynamic Memory, Types Used:
| Reals              315232
| Integers          1116400

--------------------------------------------------------------------------------
   4.  RESULTS
--------------------------------------------------------------------------------


 NSTEP =     5000   TIME(PS) =    1260.000  TEMP(K) =   305.21  PRESS =     0.0
 Etot   =     -8280.6377  EKtot   =      7096.9881  EPtot      =    -15377.6258
 BOND   =      1831.6362  ANGLE   =      4693.3683  DIHED      =      7279.5993
 1-4 NB =      2098.4624  1-4 EEL =     24568.5221  VDWAALS    =     -4778.4344
 EELEC  =    -43169.6665  EGB     =     -8155.2231  RESTRAINT  =        81.3407
 EAMBER (non-restraint)  =    -15458.9665
 ESURF=       172.7690
 ------------------------------------------------------------------------------


 NSTEP =    10000   TIME(PS) =    1270.000  TEMP(K) =   303.83  PRESS =     0.0
 Etot   =     -8260.6004  EKtot   =      7065.0349  EPtot      =    -15325.6352
 BOND   =      1891.1144  ANGLE   =      4684.8932  DIHED      =      7331.1764
 1-4 NB =      2119.1424  1-4 EEL =     24461.8845  VDWAALS    =     -4774.9003
 EELEC  =    -43010.8423  EGB     =     -8289.9117  RESTRAINT  =        84.4445
 EAMBER (non-restraint)  =    -15410.0798
 ESURF=       177.3636
 ------------------------------------------------------------------------------


 NSTEP =    15000   TIME(PS) =    1280.000  TEMP(K) =   300.64  PRESS =     0.0
 Etot   =     -8409.8479  EKtot   =      6990.7480  EPtot      =    -15400.5959
 BOND   =      1861.0637  ANGLE   =      4689.0982  DIHED      =      7259.0019
 1-4 NB =      2108.5044  1-4 EEL =     24472.6733  VDWAALS    =     -4787.6068
 EELEC  =    -43158.3844  EGB     =     -8096.0052  RESTRAINT  =        77.7706
 EAMBER (non-restraint)  =    -15478.3664
 ESURF=       173.2885
 ------------------------------------------------------------------------------


 NSTEP =    20000   TIME(PS) =    1290.000  TEMP(K) =   298.82  PRESS =     0.0
 Etot   =     -8375.9149  EKtot   =      6948.4893  EPtot      =    -15324.4042
 BOND   =      1805.1302  ANGLE   =      4737.4433  DIHED      =      7348.2286
 1-4 NB =      2082.2939  1-4 EEL =     24562.5450  VDWAALS    =     -4768.4719
 EELEC  =    -43249.7091  EGB     =     -8092.5386  RESTRAINT  =        78.8344
 EAMBER (non-restraint)  =    -15403.2386
 ESURF=       171.8400
 ------------------------------------------------------------------------------


 NSTEP =    25000   TIME(PS) =    1300.000  TEMP(K) =   304.62  PRESS =     0.0
 Etot   =     -8207.4074  EKtot   =      7083.2553  EPtot      =    -15290.6627
 BOND   =      1865.0068  ANGLE   =      4659.2268  DIHED      =      7395.5153
 1-4 NB =      2124.1531  1-4 EEL =     24480.2056  VDWAALS    =     -4770.2553
 EELEC  =    -43249.9108  EGB     =     -8047.4077  RESTRAINT  =        80.9576
 EAMBER (non-restraint)  =    -15371.6203
 ESURF=       171.8458
 ------------------------------------------------------------------------------


 NSTEP =    30000   TIME(PS) =    1310.000  TEMP(K) =   306.07  PRESS =     0.0
 Etot   =     -8239.4356  EKtot   =      7117.0530  EPtot      =    -15356.4886
 BOND   =      1809.1449  ANGLE   =      4671.6779  DIHED      =      7345.6678
 1-4 NB =      2114.7610  1-4 EEL =     24542.9038  VDWAALS    =     -4792.3182
 EELEC  =    -43119.0123  EGB     =     -8181.8659  RESTRAINT  =        81.7407
 EAMBER (non-restraint)  =    -15438.2293
 ESURF=       170.8117
 ------------------------------------------------------------------------------


 NSTEP =    35000   TIME(PS) =    1320.000  TEMP(K) =   301.59  PRESS =     0.0
 Etot   =     -8418.9773  EKtot   =      7012.9225  EPtot      =    -15431.8998
 BOND   =      1886.7079  ANGLE   =      4614.5076  DIHED      =      7300.9947
 1-4 NB =      2096.6063  1-4 EEL =     24488.1818  VDWAALS    =     -4767.7470
 EELEC  =    -43043.9835  EGB     =     -8253.1773  RESTRAINT  =        71.7414
 EAMBER (non-restraint)  =    -15503.6412
 ESURF=       174.2682
 ------------------------------------------------------------------------------


 NSTEP =    40000   TIME(PS) =    1330.000  TEMP(K) =   300.19  PRESS =     0.0
 Etot   =     -8390.5683  EKtot   =      6980.3171  EPtot      =    -15370.8854
 BOND   =      1883.4233  ANGLE   =      4707.0080  DIHED      =      7359.3613
 1-4 NB =      2089.1145  1-4 EEL =     24494.0416  VDWAALS    =     -4824.2236
 EELEC  =    -43199.9625  EGB     =     -8127.7610  RESTRAINT  =        72.8492
 EAMBER (non-restraint)  =    -15443.7346
 ESURF=       175.2637
 ------------------------------------------------------------------------------


 NSTEP =    45000   TIME(PS) =    1340.000  TEMP(K) =   298.63  PRESS =     0.0
 Etot   =     -8373.5500  EKtot   =      6944.0912  EPtot      =    -15317.6413
 BOND   =      1836.8319  ANGLE   =      4716.9194  DIHED      =      7360.2165
 1-4 NB =      2107.4007  1-4 EEL =     24593.2088  VDWAALS    =     -4753.5792
 EELEC  =    -43105.6441  EGB     =     -8324.5333  RESTRAINT  =        73.6307
 EAMBER (non-restraint)  =    -15391.2720
 ESURF=       177.9072
 ------------------------------------------------------------------------------


 NSTEP =    50000   TIME(PS) =    1350.000  TEMP(K) =   295.54  PRESS =     0.0
 Etot   =     -8527.6886  EKtot   =      6872.3211  EPtot      =    -15400.0098
 BOND   =      1895.7910  ANGLE   =      4689.9889  DIHED      =      7279.7123
 1-4 NB =      2099.9226  1-4 EEL =     24463.2619  VDWAALS    =     -4758.3324
 EELEC  =    -42940.0763  EGB     =     -8385.4308  RESTRAINT  =        82.6457
 EAMBER (non-restraint)  =    -15482.6555
 ESURF=       172.5072
 ------------------------------------------------------------------------------


 NSTEP =    55000   TIME(PS) =    1360.000  TEMP(K) =   298.12  PRESS =     0.0
 Etot   =     -8375.0024  EKtot   =      6932.1441  EPtot      =    -15307.1466
 BOND   =      1881.6825  ANGLE   =      4678.1242  DIHED      =      7323.2508
 1-4 NB =      2100.9423  1-4 EEL =     24549.0722  VDWAALS    =     -4768.4940
 EELEC  =    -43056.0868  EGB     =     -8288.4751  RESTRAINT  =        91.0994
 EAMBER (non-restraint)  =    -15398.2460
 ESURF=       181.7381
 ------------------------------------------------------------------------------


 NSTEP =    60000   TIME(PS) =    1370.000  TEMP(K) =   302.42  PRESS =     0.0
 Etot   =     -8167.5789  EKtot   =      7032.1125  EPtot      =    -15199.6914
 BOND   =      1830.8659  ANGLE   =      4789.7681  DIHED      =      7325.9681
 1-4 NB =      2131.2165  1-4 EEL =     24598.9135  VDWAALS    =     -4754.7118
 EELEC  =    -43084.9369  EGB     =     -8295.4011  RESTRAINT  =        79.6023
 EAMBER (non-restraint)  =    -15279.2937
 ESURF=       179.0240
 ------------------------------------------------------------------------------


 NSTEP =    65000   TIME(PS) =    1380.000  TEMP(K) =   299.88  PRESS =     0.0
 Etot   =     -8545.6159  EKtot   =      6973.1171  EPtot      =    -15518.7330
 BOND   =      1783.1527  ANGLE   =      4590.0699  DIHED      =      7293.3335
 1-4 NB =      2114.6240  1-4 EEL =     24597.2934  VDWAALS    =     -4794.3401
 EELEC  =    -43189.9972  EGB     =     -8167.3924  RESTRAINT  =        85.3585
 EAMBER (non-restraint)  =    -15604.0915
 ESURF=       169.1648
 ------------------------------------------------------------------------------


 NSTEP =    70000   TIME(PS) =    1390.000  TEMP(K) =   300.42  PRESS =     0.0
 Etot   =     -8317.7833  EKtot   =      6985.7348  EPtot      =    -15303.5181
 BOND   =      1886.2092  ANGLE   =      4660.5882  DIHED      =      7358.5828
 1-4 NB =      2103.5051  1-4 EEL =     24513.7554  VDWAALS    =     -4819.2992
 EELEC  =    -43051.7504  EGB     =     -8216.1081  RESTRAINT  =        86.5646
 EAMBER (non-restraint)  =    -15390.0827
 ESURF=       174.4343
 ------------------------------------------------------------------------------


 NSTEP =    75000   TIME(PS) =    1400.000  TEMP(K) =   304.82  PRESS =     0.0
 Etot   =     -8274.9867  EKtot   =      7088.0426  EPtot      =    -15363.0293
 BOND   =      1883.1063  ANGLE   =      4685.9504  DIHED      =      7306.9422
 1-4 NB =      2123.1586  1-4 EEL =     24456.7773  VDWAALS    =     -4800.3851
 EELEC  =    -43084.0515  EGB     =     -8183.7236  RESTRAINT  =        75.6787
 EAMBER (non-restraint)  =    -15438.7080
 ESURF=       173.5175
 ------------------------------------------------------------------------------


 NSTEP =    80000   TIME(PS) =    1410.000  TEMP(K) =   299.41  PRESS =     0.0
 Etot   =     -8422.4032  EKtot   =      6962.2607  EPtot      =    -15384.6639
 BOND   =      1812.3035  ANGLE   =      4659.8536  DIHED      =      7357.6447
 1-4 NB =      2126.9660  1-4 EEL =     24558.1800  VDWAALS    =     -4816.6026
 EELEC  =    -43006.1307  EGB     =     -8336.7204  RESTRAINT  =        86.8952
 EAMBER (non-restraint)  =    -15471.5591
 ESURF=       172.9468
 ------------------------------------------------------------------------------


 NSTEP =    85000   TIME(PS) =    1420.000  TEMP(K) =   302.75  PRESS =     0.0
 Etot   =     -8303.8969  EKtot   =      7039.9290  EPtot      =    -15343.8259
 BOND   =      1906.5277  ANGLE   =      4648.3138  DIHED      =      7299.0020
 1-4 NB =      2140.3147  1-4 EEL =     24488.0800  VDWAALS    =     -4800.9105
 EELEC  =    -43039.2387  EGB     =     -8242.0401  RESTRAINT  =        85.7359
 EAMBER (non-restraint)  =    -15429.5618
 ESURF=       170.3893
 ------------------------------------------------------------------------------


 NSTEP =    90000   TIME(PS) =    1430.000  TEMP(K) =   297.83  PRESS =     0.0
 Etot   =     -8463.6570  EKtot   =      6925.4735  EPtot      =    -15389.1305
 BOND   =      1875.6773  ANGLE   =      4616.3674  DIHED      =      7296.2083
 1-4 NB =      2116.2702  1-4 EEL =     24398.2705  VDWAALS    =     -4767.7602
 EELEC  =    -42989.2205  EGB     =     -8199.4450  RESTRAINT  =        90.3563
 EAMBER (non-restraint)  =    -15479.4868
 ESURF=       174.1451
 ------------------------------------------------------------------------------


 NSTEP =    95000   TIME(PS) =    1440.000  TEMP(K) =   297.41  PRESS =     0.0
 Etot   =     -8378.1587  EKtot   =      6915.8243  EPtot      =    -15293.9831
 BOND   =      1950.1548  ANGLE   =      4670.4350  DIHED      =      7315.3799
 1-4 NB =      2083.4107  1-4 EEL =     24467.6637  VDWAALS    =     -4779.3277
 EELEC  =    -42914.8687  EGB     =     -8345.8437  RESTRAINT  =        81.8421
 EAMBER (non-restraint)  =    -15375.8251
 ESURF=       177.1708
 ------------------------------------------------------------------------------


 NSTEP =   100000   TIME(PS) =    1450.000  TEMP(K) =   300.86  PRESS =     0.0
 Etot   =     -8351.7759  EKtot   =      6995.8447  EPtot      =    -15347.6206
 BOND   =      1901.5056  ANGLE   =      4644.9898  DIHED      =      7263.8172
 1-4 NB =      2113.3448  1-4 EEL =     24501.2448  VDWAALS    =     -4792.9363
 EELEC  =    -42988.2005  EGB     =     -8250.8503  RESTRAINT  =        84.3810
 EAMBER (non-restraint)  =    -15432.0016
 ESURF=       175.0835
 ------------------------------------------------------------------------------


 NSTEP =   105000   TIME(PS) =    1460.000  TEMP(K) =   301.62  PRESS =     0.0
 Etot   =     -8248.7052  EKtot   =      7013.7009  EPtot      =    -15262.4061
 BOND   =      1878.6250  ANGLE   =      4778.3122  DIHED      =      7299.3486
 1-4 NB =      2120.3721  1-4 EEL =     24448.4100  VDWAALS    =     -4782.3612
 EELEC  =    -43146.9919  EGB     =     -8107.9699  RESTRAINT  =        82.1597
 EAMBER (non-restraint)  =    -15344.5658
 ESURF=       167.6893
 ------------------------------------------------------------------------------


 NSTEP =   110000   TIME(PS) =    1470.000  TEMP(K) =   297.35  PRESS =     0.0
 Etot   =     -8435.4295  EKtot   =      6914.2168  EPtot      =    -15349.6463
 BOND   =      1885.7648  ANGLE   =      4694.5745  DIHED      =      7270.5405
 1-4 NB =      2109.9897  1-4 EEL =     24377.5117  VDWAALS    =     -4736.8652
 EELEC  =    -42916.9946  EGB     =     -8301.2064  RESTRAINT  =        89.6835
 EAMBER (non-restraint)  =    -15439.3297
 ESURF=       177.3553
 ------------------------------------------------------------------------------


 NSTEP =   115000   TIME(PS) =    1480.000  TEMP(K) =   304.24  PRESS =     0.0
 Etot   =     -8302.5293  EKtot   =      7074.5435  EPtot      =    -15377.0728
 BOND   =      1864.6720  ANGLE   =      4637.3923  DIHED      =      7331.2601
 1-4 NB =      2097.4469  1-4 EEL =     24447.0748  VDWAALS    =     -4815.1419
 EELEC  =    -42892.9041  EGB     =     -8310.3381  RESTRAINT  =        86.7274
 EAMBER (non-restraint)  =    -15463.8002
 ESURF=       176.7379
 ------------------------------------------------------------------------------


 NSTEP =   120000   TIME(PS) =    1490.000  TEMP(K) =   302.37  PRESS =     0.0
 Etot   =     -8375.2365  EKtot   =      7031.0590  EPtot      =    -15406.2954
 BOND   =      1810.4333  ANGLE   =      4630.8763  DIHED      =      7287.7813
 1-4 NB =      2123.4927  1-4 EEL =     24533.7669  VDWAALS    =     -4824.4721
 EELEC  =    -42949.8348  EGB     =     -8284.4159  RESTRAINT  =        88.8173
 EAMBER (non-restraint)  =    -15495.1128
 ESURF=       177.2596
 ------------------------------------------------------------------------------


 NSTEP =   125000   TIME(PS) =    1500.000  TEMP(K) =   297.01  PRESS =     0.0
 Etot   =     -8346.7646  EKtot   =      6906.4960  EPtot      =    -15253.2607
 BOND   =      1858.5135  ANGLE   =      4705.6084  DIHED      =      7353.5899
 1-4 NB =      2115.5304  1-4 EEL =     24395.9847  VDWAALS    =     -4745.5028
 EELEC  =    -42989.7639  EGB     =     -8218.2905  RESTRAINT  =        95.2533
 EAMBER (non-restraint)  =    -15348.5140
 ESURF=       175.8164
 ------------------------------------------------------------------------------


      A V E R A G E S   O V E R      25 S T E P S


 NSTEP =   125000   TIME(PS) =    1500.000  TEMP(K) =   300.87  PRESS =     0.0
 Etot   =     -8351.7661  EKtot   =      6996.0688  EPtot      =    -15347.8349
 BOND   =      1863.0018  ANGLE   =      4678.2142  DIHED      =      7317.6850
 1-4 NB =      2110.4378  1-4 EEL =     24498.3771  VDWAALS    =     -4782.9992
 EELEC  =    -43061.9265  EGB     =     -8228.0830  RESTRAINT  =        83.0444
 EAMBER (non-restraint)  =    -15430.8793
 ESURF=       174.4135
 ------------------------------------------------------------------------------


      R M S  F L U C T U A T I O N S


 NSTEP =   125000   TIME(PS) =    1500.000  TEMP(K) =     2.84  PRESS =     0.0
 Etot   =        91.3109  EKtot   =        66.1524  EPtot      =        63.4942
 BOND   =        38.3266  ANGLE   =        45.8599  DIHED      =        35.1211
 1-4 NB =        14.3383  1-4 EEL =        61.4003  VDWAALS    =        24.3438
 EELEC  =       102.2999  EGB     =        88.4237  RESTRAINT  =         5.8146
 EAMBER (non-restraint)  =        57.6796
 ESURF=         3.1907
 ------------------------------------------------------------------------------

--------------------------------------------------------------------------------
   5.  TIMINGS
--------------------------------------------------------------------------------

|  NonSetup CPU Time in Major Routines:
|
|     Routine           Sec        %
|     ------------------------------
|     Nonbond      251230.32   99.54
|     Bond              7.85    0.00
|     Angle           137.32    0.05
|     Dihedral        781.38    0.31
|     Shake            35.46    0.01
|     RunMD           204.86    0.08
|     Other             0.14    0.00
|     ------------------------------
|     Total        252397.33

|  Generalized Born CPU Time:
|
|     Routine                 Sec        %
|     ------------------------------------
|     Radii Calc          37998.11   15.05
|     Diagonal Calc       74094.83   29.36
|     Off Diagonal Calc  139080.37   55.10
|     GBSA LCPO Calc          0.15    0.00
|     ---------------------------------
|     Total              251173.31   99.52

|  Final Performance Info:
|     -----------------------------------------------------
|     Average timings for last       1 steps:
|     Elapsed(s) =       0.00 Per Step(ms) =       0.10
|         ns/day =    1661.48   seconds/ns =      52.00
|
|     Average timings for all steps:
|     Elapsed(s) =  407450.78 Per Step(ms) =    3259.61
|         ns/day =       0.05   seconds/ns = 1629803.13
|     -----------------------------------------------------

|  Setup CPU time:            0.12 seconds
|  NonSetup CPU time:    252397.33 seconds
|  Total CPU time:       252397.45 seconds    70.11 hours

|  Setup wall time:           0    seconds
|  NonSetup wall time:   407451    seconds
|  Total wall time:      407451    seconds   113.18 hours
