
          -------------------------------------------------------
          Amber 22 PMEMD                              2022
          -------------------------------------------------------

| PMEMD implementation of SANDER, Release 22

|  Compiled date/time: Thu Apr 14 23:36:37 2022
| Run on 12/30/2023 at 10:29:14

|   Executable path: pmemd
| Working directory: /home/arul/Reegina/MD_Sim/sample/3BLM_info
|          Hostname: Unknown
  [-O]verwriting output

File Assignments:
|   MDIN: eq2.in                                                                
|  MDOUT: eq2.out                                                               
| INPCRD: eq1.rst7                                                              
|   PARM: 3BLM.hmass.parm7                                                      
| RESTRT: eq2.rst7                                                              
|   REFC: eq1.rst7                                                              
|  MDVEL: mdvel                                                                 
|   MDEN: mden                                                                  
|  MDCRD: eq2.crd                                                               
| MDINFO: eq2.info                                                              
|  MDFRC: mdfrc                                                                 


 Here is the input file:

&cntrl                                                                         
   ntx = 5,                                                                    
   ntwx = 5000, ntwe = 0, ntwr = 500,                                          
   ntpr = 5000,                                                                
                                                                               
   ioutfm=0, ntxo=1,                                                           
                                                                               
   imin = 0, nstlim = 125000, dt = 0.002,                                      
                                                                               
   ntt = 3, gamma_ln=1., temp0 = 300.0,                                        
   nscm = 1000, ig = -1, irest = 1,                                            
                                                                               
   ntc= 2, ntf = 2, cut = 1000,                                                
                                                                               
   igb=8, gbsa=3, surften=0.007, ntb = 0,                                      
   saltcon=0.,                                                                 
                                                                               
   ntr=1, restraintmask="@CA,N,C,O",                                           
   restraint_wt=0.1,                                                           
 /                                                                             


Note: ig = -1. Setting random seed to   311527 based on wallclock time in 
      microseconds.
| irandom = 1, using AMBER's internal random number generator (default).
 
| Conditional Compilation Defines Used:
| PUBFFT
| BINTRAJ
| EMIL

| New format PARM file being parsed.
| Version =    1.000 Date = 12/04/23 Time = 16:32:39

| Note: 1-4 EEL scale factors are being read from the topology file.

| Note: 1-4 VDW scale factors are being read from the topology file.
| INFO:    Reading atomic numbers from topology file.
| Duplicated    0 dihedrals

| Duplicated    0 dihedrals

--------------------------------------------------------------------------------
   1.  RESOURCE   USE: 
--------------------------------------------------------------------------------

 NATOM  =    4147 NTYPES =      14 NBONH =    2118 MBONA  =    2059
 NTHETH =    4859 MTHETA =    2766 NPHIH =    9532 MPHIA  =    8816
 NHPARM =       0 NPARM  =       0 NNB   =   23057 NRES   =     257
 NBONA  =    2059 NTHETA =    2766 NPHIA =    8816 NUMBND =      56
 NUMANG =     130 NPTRA  =     161 NATYP =      28 NPHB   =       0
 IFBOX  =       0 NMXRS  =      24 IFCAP =       0 NEXTRA =       0
 NCOPY  =       0

 Implicit solvent radii are ArgH and AspGluO modified Bondi2 radii (mbondi3)                                
 Replacing prmtop screening parameters with GBn2 (igb=8) values
--------------------------------------------------------------------------------
   2.  CONTROL  DATA  FOR  THE  RUN
--------------------------------------------------------------------------------

default_name                                                                    

General flags:
     imin    =       0, nmropt  =       0

Nature and format of input:
     ntx     =       5, irest   =       1, ntrx    =       1

Nature and format of output:
     ntxo    =       1, ntpr    =    5000, ntrx    =       1, ntwr    =     500
     iwrap   =       0, ntwx    =    5000, ntwv    =       0, ntwe    =       0
     ioutfm  =       0, ntwprt  =       0, idecomp =       0, rbornstat=      0

Potential function:
     ntf     =       2, ntb     =       0, igb     =       8, nsnb    =      25
     ipol    =       0, gbsa    =       3, iesp    =       0
     dielc   =   1.00000, cut     =1000.00000, intdiel =   1.00000
     saltcon =   0.00000, offset  =   0.19514, surften =   0.00700
     rdt     =   0.00000, rgbmax  =  25.00000  extdiel =  78.50000
     alpb  =        0
     gbalphaH  =   0.78844, gbbetaH   =   0.79870,  gbgammaH  =    0.43733
     gbalphaC  =   0.73376, gbbetaC   =   0.50638,  gbgammaC  =    0.20584
     gbalphaN  =   0.50336, gbbetaN   =   0.31683,  gbgammaN  =    0.19292
     gbalphaOS =   0.86781, gbbetaOS  =   0.87664,  gbgammaOS =    0.38788
     gbalphaP  =   1.00000, gbbetaP   =   0.80000,  gbgammaP  =    4.85000
     gb_alpha_hnu  =   0.53705, gb_beta_hnu   =   0.36286,  gb_gamma_hnu  =    0.11670
     gb_alpha_cnu  =   0.33167, gb_beta_cnu   =   0.19684,  gb_gamma_cnu  =    0.09342
     gb_alpha_nnu  =   0.68631, gb_beta_nnu   =   0.46319,  gb_gamma_nnu  =    0.13872
     gb_alpha_onu  =   0.60634, gb_beta_onu   =   0.46301,  gb_gamma_onu  =    0.14226
     gb_alpha_pnu  =   0.41836, gb_beta_pnu   =   0.29005,  gb_gamma_pnu  =    0.10642

Frozen or restrained atoms:
     ibelly  =       0, ntr     =       1
     restraint_wt =   0.10000

Molecular dynamics:
     nstlim  =    125000, nscm    =         0, nrespa  =         1
     t       =   0.00000, dt      =   0.00200, vlimit  =  20.00000

Langevin dynamics temperature regulation:
     ig      =  311527
     temp0   = 300.00000, tempi   =   0.00000, gamma_ln=   1.00000

SHAKE:
     ntc     =       2, jfastw  =       0
     tol     =   0.00001

| Intermolecular bonds treatment:
|     no_intermolecular_bonds =       1

| Energy averages sample interval:
|     ene_avg_sampling =    5000

    LOADING THE CONSTRAINED ATOMS AS GROUPS


   5.  REFERENCE ATOM COORDINATES

  default_name                                                                    
     Mask @CA,N,C,O; matches  1028 atoms

--------------------------------------------------------------------------------
   3.  ATOMIC COORDINATES AND VELOCITIES
--------------------------------------------------------------------------------

default_name                                                                    
 begin time read from input coords =  1040.000 ps

 
 Number of triangulated 3-point waters found:        0
| Dynamic Memory, Types Used:
| Reals              141168
| Integers           494350

--------------------------------------------------------------------------------
   4.  RESULTS
--------------------------------------------------------------------------------


 NSTEP =     5000   TIME(PS) =    1050.000  TEMP(K) =   298.18  PRESS =     0.0
 Etot   =     -2425.6775  EKtot   =      3058.3804  EPtot      =     -5484.0579
 BOND   =       777.5197  ANGLE   =      2018.6817  DIHED      =      3257.1851
 1-4 NB =       932.0748  1-4 EEL =     13758.7274  VDWAALS    =     -2076.3063
 EELEC  =    -19048.2601  EGB     =     -5221.3619  RESTRAINT  =        34.6523
 EAMBER (non-restraint)  =     -5518.7102
 ESURF=        83.0294
 ------------------------------------------------------------------------------


 NSTEP =    10000   TIME(PS) =    1060.000  TEMP(K) =   304.40  PRESS =     0.0
 Etot   =     -2292.9266  EKtot   =      3122.1605  EPtot      =     -5415.0871
 BOND   =       785.6278  ANGLE   =      2074.2796  DIHED      =      3255.3738
 1-4 NB =       929.4269  1-4 EEL =     13779.3928  VDWAALS    =     -2090.7228
 EELEC  =    -19083.8490  EGB     =     -5179.3646  RESTRAINT  =        33.8922
 EAMBER (non-restraint)  =     -5448.9793
 ESURF=        80.8562
 ------------------------------------------------------------------------------


 NSTEP =    15000   TIME(PS) =    1070.000  TEMP(K) =   299.65  PRESS =     0.0
 Etot   =     -2401.8399  EKtot   =      3073.5261  EPtot      =     -5475.3660
 BOND   =       830.8594  ANGLE   =      2017.1789  DIHED      =      3262.0242
 1-4 NB =       921.9298  1-4 EEL =     13717.9121  VDWAALS    =     -2089.2722
 EELEC  =    -18979.2084  EGB     =     -5272.3473  RESTRAINT  =        35.3769
 EAMBER (non-restraint)  =     -5510.7429
 ESURF=        80.1806
 ------------------------------------------------------------------------------


 NSTEP =    20000   TIME(PS) =    1080.000  TEMP(K) =   304.58  PRESS =     0.0
 Etot   =     -2304.7538  EKtot   =      3124.0036  EPtot      =     -5428.7574
 BOND   =       782.6618  ANGLE   =      2042.5132  DIHED      =      3295.5202
 1-4 NB =       940.4059  1-4 EEL =     13799.5734  VDWAALS    =     -2083.8750
 EELEC  =    -19097.4258  EGB     =     -5217.6089  RESTRAINT  =        29.4546
 EAMBER (non-restraint)  =     -5458.2120
 ESURF=        80.0231
 ------------------------------------------------------------------------------


 NSTEP =    25000   TIME(PS) =    1090.000  TEMP(K) =   305.34  PRESS =     0.0
 Etot   =     -2361.4974  EKtot   =      3131.8688  EPtot      =     -5493.3663
 BOND   =       759.3506  ANGLE   =      1999.0579  DIHED      =      3266.5008
 1-4 NB =       934.4111  1-4 EEL =     13755.8148  VDWAALS    =     -2093.8022
 EELEC  =    -19162.4728  EGB     =     -5074.8858  RESTRAINT  =        39.7472
 EAMBER (non-restraint)  =     -5533.1134
 ESURF=        82.9122
 ------------------------------------------------------------------------------


 NSTEP =    30000   TIME(PS) =    1100.000  TEMP(K) =   295.56  PRESS =     0.0
 Etot   =     -2391.9355  EKtot   =      3031.5436  EPtot      =     -5423.4791
 BOND   =       774.0538  ANGLE   =      2058.2322  DIHED      =      3285.9393
 1-4 NB =       921.6770  1-4 EEL =     13739.7040  VDWAALS    =     -2085.4262
 EELEC  =    -19021.9419  EGB     =     -5219.3939  RESTRAINT  =        39.1215
 EAMBER (non-restraint)  =     -5462.6006
 ESURF=        84.5551
 ------------------------------------------------------------------------------


 NSTEP =    35000   TIME(PS) =    1110.000  TEMP(K) =   298.07  PRESS =     0.0
 Etot   =     -2370.4273  EKtot   =      3057.2199  EPtot      =     -5427.6472
 BOND   =       825.1488  ANGLE   =      2080.6356  DIHED      =      3272.0367
 1-4 NB =       926.6362  1-4 EEL =     13723.8621  VDWAALS    =     -2117.2549
 EELEC  =    -19014.9351  EGB     =     -5242.7747  RESTRAINT  =        35.3091
 EAMBER (non-restraint)  =     -5462.9563
 ESURF=        83.6889
 ------------------------------------------------------------------------------


 NSTEP =    40000   TIME(PS) =    1120.000  TEMP(K) =   301.48  PRESS =     0.0
 Etot   =     -2379.1881  EKtot   =      3092.2144  EPtot      =     -5471.4025
 BOND   =       786.9826  ANGLE   =      2022.5853  DIHED      =      3259.2632
 1-4 NB =       916.9784  1-4 EEL =     13701.8093  VDWAALS    =     -2090.2586
 EELEC  =    -18904.7969  EGB     =     -5282.6891  RESTRAINT  =        37.0271
 EAMBER (non-restraint)  =     -5508.4296
 ESURF=        81.6962
 ------------------------------------------------------------------------------


 NSTEP =    45000   TIME(PS) =    1130.000  TEMP(K) =   295.58  PRESS =     0.0
 Etot   =     -2484.0167  EKtot   =      3031.7154  EPtot      =     -5515.7321
 BOND   =       784.3766  ANGLE   =      1985.1369  DIHED      =      3241.3382
 1-4 NB =       937.4946  1-4 EEL =     13678.0420  VDWAALS    =     -2064.7381
 EELEC  =    -18941.0469  EGB     =     -5258.4472  RESTRAINT  =        36.9221
 EAMBER (non-restraint)  =     -5552.6542
 ESURF=        85.1897
 ------------------------------------------------------------------------------


 NSTEP =    50000   TIME(PS) =    1140.000  TEMP(K) =   299.03  PRESS =     0.0
 Etot   =     -2262.2084  EKtot   =      3067.0863  EPtot      =     -5329.2947
 BOND   =       831.4157  ANGLE   =      2109.7163  DIHED      =      3241.5985
 1-4 NB =       922.3033  1-4 EEL =     13712.0377  VDWAALS    =     -2078.0405
 EELEC  =    -18890.3533  EGB     =     -5299.3992  RESTRAINT  =        37.2517
 EAMBER (non-restraint)  =     -5366.5463
 ESURF=        84.1753
 ------------------------------------------------------------------------------


 NSTEP =    55000   TIME(PS) =    1150.000  TEMP(K) =   296.72  PRESS =     0.0
 Etot   =     -2349.7618  EKtot   =      3043.4530  EPtot      =     -5393.2148
 BOND   =       789.7811  ANGLE   =      2098.8158  DIHED      =      3241.5841
 1-4 NB =       946.4503  1-4 EEL =     13726.4441  VDWAALS    =     -2102.9207
 EELEC  =    -18943.3698  EGB     =     -5275.2364  RESTRAINT  =        42.4799
 EAMBER (non-restraint)  =     -5435.6947
 ESURF=        82.7568
 ------------------------------------------------------------------------------


 NSTEP =    60000   TIME(PS) =    1160.000  TEMP(K) =   297.95  PRESS =     0.0
 Etot   =     -2425.7326  EKtot   =      3056.0487  EPtot      =     -5481.7814
 BOND   =       781.5307  ANGLE   =      2029.2375  DIHED      =      3265.3192
 1-4 NB =       933.3350  1-4 EEL =     13697.2587  VDWAALS    =     -2103.1433
 EELEC  =    -18950.8888  EGB     =     -5261.6860  RESTRAINT  =        42.7957
 EAMBER (non-restraint)  =     -5524.5770
 ESURF=        84.4599
 ------------------------------------------------------------------------------


 NSTEP =    65000   TIME(PS) =    1170.000  TEMP(K) =   302.95  PRESS =     0.0
 Etot   =     -2268.7230  EKtot   =      3107.2879  EPtot      =     -5376.0108
 BOND   =       799.5131  ANGLE   =      2106.8472  DIHED      =      3300.1403
 1-4 NB =       931.7575  1-4 EEL =     13715.8450  VDWAALS    =     -2104.5438
 EELEC  =    -19127.0399  EGB     =     -5118.6899  RESTRAINT  =        36.8565
 EAMBER (non-restraint)  =     -5412.8674
 ESURF=        83.3031
 ------------------------------------------------------------------------------


 NSTEP =    70000   TIME(PS) =    1180.000  TEMP(K) =   299.88  PRESS =     0.0
 Etot   =     -2376.9870  EKtot   =      3075.8045  EPtot      =     -5452.7915
 BOND   =       798.4354  ANGLE   =      2062.1146  DIHED      =      3250.7606
 1-4 NB =       928.3035  1-4 EEL =     13709.0973  VDWAALS    =     -2077.8006
 EELEC  =    -19067.7777  EGB     =     -5182.5826  RESTRAINT  =        38.9502
 EAMBER (non-restraint)  =     -5491.7416
 ESURF=        87.7078
 ------------------------------------------------------------------------------


 NSTEP =    75000   TIME(PS) =    1190.000  TEMP(K) =   302.87  PRESS =     0.0
 Etot   =     -2306.9494  EKtot   =      3106.5181  EPtot      =     -5413.4676
 BOND   =       772.0063  ANGLE   =      2056.4972  DIHED      =      3272.6301
 1-4 NB =       940.6871  1-4 EEL =     13795.8326  VDWAALS    =     -2098.4734
 EELEC  =    -19148.0345  EGB     =     -5124.3721  RESTRAINT  =        38.1733
 EAMBER (non-restraint)  =     -5451.6409
 ESURF=        81.5859
 ------------------------------------------------------------------------------


 NSTEP =    80000   TIME(PS) =    1200.000  TEMP(K) =   298.68  PRESS =     0.0
 Etot   =     -2379.7626  EKtot   =      3063.5582  EPtot      =     -5443.3208
 BOND   =       797.2363  ANGLE   =      2070.8093  DIHED      =      3255.1810
 1-4 NB =       913.0333  1-4 EEL =     13679.9650  VDWAALS    =     -2112.2034
 EELEC  =    -19049.3181  EGB     =     -5118.0198  RESTRAINT  =        36.7906
 EAMBER (non-restraint)  =     -5480.1113
 ESURF=        83.2051
 ------------------------------------------------------------------------------


 NSTEP =    85000   TIME(PS) =    1210.000  TEMP(K) =   301.08  PRESS =     0.0
 Etot   =     -2365.8519  EKtot   =      3088.1392  EPtot      =     -5453.9911
 BOND   =       801.1525  ANGLE   =      2088.7996  DIHED      =      3272.0701
 1-4 NB =       907.7020  1-4 EEL =     13740.2025  VDWAALS    =     -2091.9470
 EELEC  =    -19051.6340  EGB     =     -5234.3632  RESTRAINT  =        32.1775
 EAMBER (non-restraint)  =     -5486.1686
 ESURF=        81.8488
 ------------------------------------------------------------------------------


 NSTEP =    90000   TIME(PS) =    1220.000  TEMP(K) =   297.99  PRESS =     0.0
 Etot   =     -2324.2651  EKtot   =      3056.4103  EPtot      =     -5380.6753
 BOND   =       807.4675  ANGLE   =      2089.8468  DIHED      =      3270.0790
 1-4 NB =       929.4826  1-4 EEL =     13731.8834  VDWAALS    =     -2079.6336
 EELEC  =    -19098.4236  EGB     =     -5146.5400  RESTRAINT  =        31.4850
 EAMBER (non-restraint)  =     -5412.1603
 ESURF=        83.6776
 ------------------------------------------------------------------------------


 NSTEP =    95000   TIME(PS) =    1230.000  TEMP(K) =   297.55  PRESS =     0.0
 Etot   =     -2397.3890  EKtot   =      3051.9488  EPtot      =     -5449.3378
 BOND   =       806.7885  ANGLE   =      2058.3684  DIHED      =      3253.0978
 1-4 NB =       924.5217  1-4 EEL =     13675.6339  VDWAALS    =     -2126.7688
 EELEC  =    -19006.1339  EGB     =     -5151.2898  RESTRAINT  =        35.0088
 EAMBER (non-restraint)  =     -5484.3465
 ESURF=        81.4356
 ------------------------------------------------------------------------------


 NSTEP =   100000   TIME(PS) =    1240.000  TEMP(K) =   298.50  PRESS =     0.0
 Etot   =     -2432.8207  EKtot   =      3061.6817  EPtot      =     -5494.5025
 BOND   =       748.8832  ANGLE   =      2034.5322  DIHED      =      3266.1842
 1-4 NB =       937.9664  1-4 EEL =     13713.0957  VDWAALS    =     -2079.3163
 EELEC  =    -19080.9511  EGB     =     -5158.7887  RESTRAINT  =        38.9036
 EAMBER (non-restraint)  =     -5533.4061
 ESURF=        84.9882
 ------------------------------------------------------------------------------


 NSTEP =   105000   TIME(PS) =    1250.000  TEMP(K) =   298.78  PRESS =     0.0
 Etot   =     -2404.5415  EKtot   =      3064.5232  EPtot      =     -5469.0646
 BOND   =       779.5851  ANGLE   =      2036.9920  DIHED      =      3253.0119
 1-4 NB =       947.2964  1-4 EEL =     13718.7717  VDWAALS    =     -2084.4141
 EELEC  =    -18925.8051  EGB     =     -5313.5389  RESTRAINT  =        36.3217
 EAMBER (non-restraint)  =     -5505.3864
 ESURF=        82.7145
 ------------------------------------------------------------------------------


 NSTEP =   110000   TIME(PS) =    1260.000  TEMP(K) =   301.28  PRESS =     0.0
 Etot   =     -2370.6298  EKtot   =      3090.2270  EPtot      =     -5460.8568
 BOND   =       783.3283  ANGLE   =      2041.3024  DIHED      =      3252.9429
 1-4 NB =       941.1055  1-4 EEL =     13670.1424  VDWAALS    =     -2097.3799
 EELEC  =    -18892.2154  EGB     =     -5283.5263  RESTRAINT  =        38.0589
 EAMBER (non-restraint)  =     -5498.9157
 ESURF=        85.3844
 ------------------------------------------------------------------------------


 NSTEP =   115000   TIME(PS) =    1270.000  TEMP(K) =   300.62  PRESS =     0.0
 Etot   =     -2369.5009  EKtot   =      3083.4477  EPtot      =     -5452.9487
 BOND   =       819.9293  ANGLE   =      2064.4699  DIHED      =      3274.0918
 1-4 NB =       886.9552  1-4 EEL =     13694.5068  VDWAALS    =     -2110.5502
 EELEC  =    -19047.0685  EGB     =     -5161.9566  RESTRAINT  =        39.9484
 EAMBER (non-restraint)  =     -5492.8971
 ESURF=        86.7252
 ------------------------------------------------------------------------------


 NSTEP =   120000   TIME(PS) =    1280.000  TEMP(K) =   304.96  PRESS =     0.0
 Etot   =     -2259.0019  EKtot   =      3127.9122  EPtot      =     -5386.9140
 BOND   =       778.9052  ANGLE   =      2155.6649  DIHED      =      3251.0945
 1-4 NB =       933.9203  1-4 EEL =     13716.1697  VDWAALS    =     -2074.9813
 EELEC  =    -19076.8685  EGB     =     -5202.1848  RESTRAINT  =        44.6398
 EAMBER (non-restraint)  =     -5431.5538
 ESURF=        86.7262
 ------------------------------------------------------------------------------


 NSTEP =   125000   TIME(PS) =    1290.000  TEMP(K) =   303.21  PRESS =     0.0
 Etot   =     -2355.9467  EKtot   =      3109.9572  EPtot      =     -5465.9039
 BOND   =       770.2437  ANGLE   =      2068.3725  DIHED      =      3229.4604
 1-4 NB =       931.7939  1-4 EEL =     13674.7255  VDWAALS    =     -2092.1067
 EELEC  =    -19001.8434  EGB     =     -5173.6460  RESTRAINT  =        45.0779
 EAMBER (non-restraint)  =     -5510.9818
 ESURF=        82.0184
 ------------------------------------------------------------------------------


      A V E R A G E S   O V E R      25 S T E P S


 NSTEP =   125000   TIME(PS) =    1290.000  TEMP(K) =   300.19  PRESS =     0.0
 Etot   =     -2362.4934  EKtot   =      3079.0655  EPtot      =     -5441.5589
 BOND   =       790.9113  ANGLE   =      2058.8275  DIHED      =      3261.7771
 1-4 NB =       928.7059  1-4 EEL =     13721.0580  VDWAALS    =     -2092.2352
 EELEC  =    -19024.4665  EGB     =     -5206.9878  RESTRAINT  =        37.4569
 EAMBER (non-restraint)  =     -5479.0158
 ESURF=        83.3938
 ------------------------------------------------------------------------------


      R M S  F L U C T U A T I O N S


 NSTEP =   125000   TIME(PS) =    1290.000  TEMP(K) =     2.85  PRESS =     0.0
 Etot   =        55.3422  EKtot   =        29.2201  EPtot      =        43.2416
 BOND   =        20.6264  ANGLE   =        37.3677  DIHED      =        16.3128
 1-4 NB =        12.7998  1-4 EEL =        35.2088  VDWAALS    =        14.4787
 EELEC  =        77.6851  EGB     =        63.9199  RESTRAINT  =         3.7337
 EAMBER (non-restraint)  =        39.5079
 ESURF=         1.9746
 ------------------------------------------------------------------------------

--------------------------------------------------------------------------------
   5.  TIMINGS
--------------------------------------------------------------------------------

|  NonSetup CPU Time in Major Routines:
|
|     Routine           Sec        %
|     ------------------------------
|     Nonbond       76324.82   99.29
|     Bond              3.67    0.00
|     Angle            63.69    0.08
|     Dihedral        363.79    0.47
|     Shake            17.87    0.02
|     RunMD            99.93    0.13
|     Other             0.09    0.00
|     ------------------------------
|     Total         76873.87

|  Generalized Born CPU Time:
|
|     Routine                 Sec        %
|     ------------------------------------
|     Radii Calc          16045.52   20.87
|     Diagonal Calc       30147.94   39.22
|     Off Diagonal Calc   30106.06   39.16
|     GBSA LCPO Calc          0.09    0.00
|     ---------------------------------
|     Total               76299.52   99.25

|  Final Performance Info:
|     -----------------------------------------------------
|     Average timings for last       1 steps:
|     Elapsed(s) =       0.00 Per Step(ms) =       0.09
|         ns/day =    1857.71   seconds/ns =      46.51
|
|     Average timings for all steps:
|     Elapsed(s) =  192851.09 Per Step(ms) =    1542.81
|         ns/day =       0.11   seconds/ns =  771404.35
|     -----------------------------------------------------

|  Setup CPU time:            0.06 seconds
|  NonSetup CPU time:     76873.87 seconds
|  Total CPU time:        76873.93 seconds    21.35 hours

|  Setup wall time:           0    seconds
|  NonSetup wall time:   192852    seconds
|  Total wall time:      192852    seconds    53.57 hours
