Note: The following floating-point exceptions are signalling: IEEE_INVALID_FLAG
Note: The following floating-point exceptions are signalling: IEEE_INVALID_FLAG
Note: The following floating-point exceptions are signalling: IEEE_INVALID_FLAG
At line 894 of file /opt/amber22_src/src/pmemd/src/runfiles.F90 (unit = 6)
Fortran runtime error: Cannot open file 'prod.out': No such file or directory

Error termination. Backtrace:
#0  0x7fb06b023960 in ???
#1  0x7fb06b0244d9 in ???
#2  0x7fb06b02510f in ???
#3  0x7fb06b273ee6 in ???
#4  0x7fb06b2741dd in ???
#5  0x559f7a5c39d9 in ???
#6  0x559f7a594ec3 in ???
#7  0x559f7a5d83c0 in ???
#8  0x559f7a4b002e in ???
#9  0x7fb06ac29d8f in __libc_start_call_main
	at ../sysdeps/nptl/libc_start_call_main.h:58
#10  0x7fb06ac29e3f in __libc_start_main_impl
	at ../csu/libc-start.c:392
#11  0x559f7a4b0064 in ???
#12  0xffffffffffffffff in ???
Note: The following floating-point exceptions are signalling: IEEE_INVALID_FLAG
