
          -------------------------------------------------------
          Amber 22 PMEMD                              2022
          -------------------------------------------------------

| PMEMD implementation of SANDER, Release 22

|  Compiled date/time: Thu Apr 14 23:36:37 2022
| Run on 12/28/2023 at 22:52:45

|   Executable path: pmemd
| Working directory: /home/arul/Reegina/MD_Sim/sample/1YYJ_info
|          Hostname: Unknown
  [-O]verwriting output

File Assignments:
|   MDIN: eq2.in                                                                
|  MDOUT: eq2.out                                                               
| INPCRD: eq1.rst7                                                              
|   PARM: 1YYJ.hmass.parm7                                                      
| RESTRT: eq2.rst7                                                              
|   REFC: eq1.rst7                                                              
|  MDVEL: mdvel                                                                 
|   MDEN: mden                                                                  
|  MDCRD: eq2.crd                                                               
| MDINFO: eq2.info                                                              
|  MDFRC: mdfrc                                                                 


 Here is the input file:

&cntrl                                                                         
   ntx = 5,                                                                    
   ntwx = 5000, ntwe = 0, ntwr = 500,                                          
   ntpr = 5000,                                                                
                                                                               
   ioutfm=0, ntxo=1,                                                           
                                                                               
   imin = 0, nstlim = 125000, dt = 0.002,                                      
                                                                               
   ntt = 3, gamma_ln=1., temp0 = 300.0,                                        
   nscm = 1000, ig = -1, irest = 1,                                            
                                                                               
   ntc= 2, ntf = 2, cut = 1000,                                                
                                                                               
   igb=8, gbsa=3, surften=0.007, ntb = 0,                                      
   saltcon=0.,                                                                 
                                                                               
   ntr=1, restraintmask="@CA,N,C,O",                                           
   restraint_wt=0.1,                                                           
 /                                                                             


Note: ig = -1. Setting random seed to   876640 based on wallclock time in 
      microseconds.
| irandom = 1, using AMBER's internal random number generator (default).
 
| Conditional Compilation Defines Used:
| PUBFFT
| BINTRAJ
| EMIL

| New format PARM file being parsed.
| Version =    1.000 Date = 12/05/23 Time = 14:07:18

| Note: 1-4 EEL scale factors are being read from the topology file.

| Note: 1-4 VDW scale factors are being read from the topology file.
| INFO:    Reading atomic numbers from topology file.
| Duplicated    0 dihedrals

| Duplicated    0 dihedrals

--------------------------------------------------------------------------------
   1.  RESOURCE   USE: 
--------------------------------------------------------------------------------

 NATOM  =    1644 NTYPES =      14 NBONH =     821 MBONA  =     833
 NTHETH =    1889 MTHETA =    1123 NPHIH =    3726 MPHIA  =    3543
 NHPARM =       0 NPARM  =       0 NNB   =    9092 NRES   =     106
 NBONA  =     833 NTHETA =    1123 NPHIA =    3543 NUMBND =      65
 NUMANG =     151 NPTRA  =     183 NATYP =      32 NPHB   =       0
 IFBOX  =       0 NMXRS  =      24 IFCAP =       0 NEXTRA =       0
 NCOPY  =       0

 Implicit solvent radii are ArgH and AspGluO modified Bondi2 radii (mbondi3)                                
 Replacing prmtop screening parameters with GBn2 (igb=8) values
--------------------------------------------------------------------------------
   2.  CONTROL  DATA  FOR  THE  RUN
--------------------------------------------------------------------------------

default_name                                                                    

General flags:
     imin    =       0, nmropt  =       0

Nature and format of input:
     ntx     =       5, irest   =       1, ntrx    =       1

Nature and format of output:
     ntxo    =       1, ntpr    =    5000, ntrx    =       1, ntwr    =     500
     iwrap   =       0, ntwx    =    5000, ntwv    =       0, ntwe    =       0
     ioutfm  =       0, ntwprt  =       0, idecomp =       0, rbornstat=      0

Potential function:
     ntf     =       2, ntb     =       0, igb     =       8, nsnb    =      25
     ipol    =       0, gbsa    =       3, iesp    =       0
     dielc   =   1.00000, cut     =1000.00000, intdiel =   1.00000
     saltcon =   0.00000, offset  =   0.19514, surften =   0.00700
     rdt     =   0.00000, rgbmax  =  25.00000  extdiel =  78.50000
     alpb  =        0
     gbalphaH  =   0.78844, gbbetaH   =   0.79870,  gbgammaH  =    0.43733
     gbalphaC  =   0.73376, gbbetaC   =   0.50638,  gbgammaC  =    0.20584
     gbalphaN  =   0.50336, gbbetaN   =   0.31683,  gbgammaN  =    0.19292
     gbalphaOS =   0.86781, gbbetaOS  =   0.87664,  gbgammaOS =    0.38788
     gbalphaP  =   1.00000, gbbetaP   =   0.80000,  gbgammaP  =    4.85000
     gb_alpha_hnu  =   0.53705, gb_beta_hnu   =   0.36286,  gb_gamma_hnu  =    0.11670
     gb_alpha_cnu  =   0.33167, gb_beta_cnu   =   0.19684,  gb_gamma_cnu  =    0.09342
     gb_alpha_nnu  =   0.68631, gb_beta_nnu   =   0.46319,  gb_gamma_nnu  =    0.13872
     gb_alpha_onu  =   0.60634, gb_beta_onu   =   0.46301,  gb_gamma_onu  =    0.14226
     gb_alpha_pnu  =   0.41836, gb_beta_pnu   =   0.29005,  gb_gamma_pnu  =    0.10642

Frozen or restrained atoms:
     ibelly  =       0, ntr     =       1
     restraint_wt =   0.10000

Molecular dynamics:
     nstlim  =    125000, nscm    =         0, nrespa  =         1
     t       =   0.00000, dt      =   0.00200, vlimit  =  20.00000

Langevin dynamics temperature regulation:
     ig      =  876640
     temp0   = 300.00000, tempi   =   0.00000, gamma_ln=   1.00000

SHAKE:
     ntc     =       2, jfastw  =       0
     tol     =   0.00001

| Intermolecular bonds treatment:
|     no_intermolecular_bonds =       1

| Energy averages sample interval:
|     ene_avg_sampling =    5000

    LOADING THE CONSTRAINED ATOMS AS GROUPS


   5.  REFERENCE ATOM COORDINATES

  default_name                                                                    
     Mask @CA,N,C,O; matches   424 atoms

--------------------------------------------------------------------------------
   3.  ATOMIC COORDINATES AND VELOCITIES
--------------------------------------------------------------------------------

default_name                                                                    
 begin time read from input coords =  1250.000 ps

 
 Number of triangulated 3-point waters found:        0
| Dynamic Memory, Types Used:
| Reals               57544
| Integers           195635

--------------------------------------------------------------------------------
   4.  RESULTS
--------------------------------------------------------------------------------


 NSTEP =     5000   TIME(PS) =    1260.000  TEMP(K) =   312.52  PRESS =     0.0
 Etot   =     -1546.8181  EKtot   =      1276.5272  EPtot      =     -2823.3453
 BOND   =       296.0983  ANGLE   =       841.6432  DIHED      =      1360.1866
 1-4 NB =       366.5447  1-4 EEL =      5306.5081  VDWAALS    =      -765.2648
 EELEC  =     -8221.4074  EGB     =     -2084.4729  RESTRAINT  =        26.2732
 EAMBER (non-restraint)  =     -2849.6185
 ESURF=        50.5456
 ------------------------------------------------------------------------------


 NSTEP =    10000   TIME(PS) =    1270.000  TEMP(K) =   291.19  PRESS =     0.0
 Etot   =     -1655.6350  EKtot   =      1189.4220  EPtot      =     -2845.0570
 BOND   =       302.5788  ANGLE   =       818.5535  DIHED      =      1391.4015
 1-4 NB =       362.0633  1-4 EEL =      5322.0505  VDWAALS    =      -741.3027
 EELEC  =     -8374.0997  EGB     =     -2003.4866  RESTRAINT  =        28.1621
 EAMBER (non-restraint)  =     -2873.2192
 ESURF=        49.0221
 ------------------------------------------------------------------------------


 NSTEP =    15000   TIME(PS) =    1280.000  TEMP(K) =   305.68  PRESS =     0.0
 Etot   =     -1562.0119  EKtot   =      1248.6190  EPtot      =     -2810.6309
 BOND   =       312.2853  ANGLE   =       823.2515  DIHED      =      1371.5147
 1-4 NB =       372.4174  1-4 EEL =      5298.6227  VDWAALS    =      -743.2572
 EELEC  =     -8148.3629  EGB     =     -2180.3938  RESTRAINT  =        34.0785
 EAMBER (non-restraint)  =     -2844.7094
 ESURF=        49.2128
 ------------------------------------------------------------------------------


 NSTEP =    20000   TIME(PS) =    1290.000  TEMP(K) =   296.02  PRESS =     0.0
 Etot   =     -1570.9782  EKtot   =      1209.1377  EPtot      =     -2780.1159
 BOND   =       339.0348  ANGLE   =       858.2121  DIHED      =      1371.8070
 1-4 NB =       369.1559  1-4 EEL =      5266.7150  VDWAALS    =      -745.2527
 EELEC  =     -8287.1352  EGB     =     -2034.0615  RESTRAINT  =        30.8364
 EAMBER (non-restraint)  =     -2810.9523
 ESURF=        50.5722
 ------------------------------------------------------------------------------


 NSTEP =    25000   TIME(PS) =    1300.000  TEMP(K) =   311.81  PRESS =     0.0
 Etot   =     -1541.0444  EKtot   =      1273.6268  EPtot      =     -2814.6712
 BOND   =       326.5219  ANGLE   =       821.6825  DIHED      =      1375.9186
 1-4 NB =       384.0009  1-4 EEL =      5287.0663  VDWAALS    =      -760.0787
 EELEC  =     -8218.1075  EGB     =     -2107.5067  RESTRAINT  =        26.9852
 EAMBER (non-restraint)  =     -2841.6564
 ESURF=        48.8463
 ------------------------------------------------------------------------------


 NSTEP =    30000   TIME(PS) =    1310.000  TEMP(K) =   296.86  PRESS =     0.0
 Etot   =     -1607.2026  EKtot   =      1212.5603  EPtot      =     -2819.7629
 BOND   =       320.7058  ANGLE   =       833.3603  DIHED      =      1389.3969
 1-4 NB =       344.9825  1-4 EEL =      5246.5542  VDWAALS    =      -749.1771
 EELEC  =     -8072.3699  EGB     =     -2208.3991  RESTRAINT  =        25.5708
 EAMBER (non-restraint)  =     -2845.3337
 ESURF=        49.6128
 ------------------------------------------------------------------------------


 NSTEP =    35000   TIME(PS) =    1320.000  TEMP(K) =   298.19  PRESS =     0.0
 Etot   =     -1562.0131  EKtot   =      1218.0049  EPtot      =     -2780.0180
 BOND   =       353.6369  ANGLE   =       849.2197  DIHED      =      1362.5372
 1-4 NB =       349.3489  1-4 EEL =      5276.1474  VDWAALS    =      -747.2831
 EELEC  =     -8187.1940  EGB     =     -2119.8841  RESTRAINT  =        33.0952
 EAMBER (non-restraint)  =     -2813.1132
 ESURF=        50.3580
 ------------------------------------------------------------------------------


 NSTEP =    40000   TIME(PS) =    1330.000  TEMP(K) =   292.30  PRESS =     0.0
 Etot   =     -1645.1665  EKtot   =      1193.9309  EPtot      =     -2839.0974
 BOND   =       351.1885  ANGLE   =       799.5194  DIHED      =      1370.5099
 1-4 NB =       353.4245  1-4 EEL =      5280.9889  VDWAALS    =      -752.3712
 EELEC  =     -8119.3944  EGB     =     -2197.3006  RESTRAINT  =        25.5995
 EAMBER (non-restraint)  =     -2864.6969
 ESURF=        48.7382
 ------------------------------------------------------------------------------


 NSTEP =    45000   TIME(PS) =    1340.000  TEMP(K) =   288.19  PRESS =     0.0
 Etot   =     -1639.3573  EKtot   =      1177.1745  EPtot      =     -2816.5318
 BOND   =       320.0781  ANGLE   =       800.2094  DIHED      =      1402.7537
 1-4 NB =       373.8297  1-4 EEL =      5306.5442  VDWAALS    =      -750.1184
 EELEC  =     -8285.4013  EGB     =     -2064.2430  RESTRAINT  =        32.7893
 EAMBER (non-restraint)  =     -2849.3211
 ESURF=        47.0265
 ------------------------------------------------------------------------------


 NSTEP =    50000   TIME(PS) =    1350.000  TEMP(K) =   291.01  PRESS =     0.0
 Etot   =     -1583.8306  EKtot   =      1188.6679  EPtot      =     -2772.4984
 BOND   =       314.7773  ANGLE   =       868.5909  DIHED      =      1360.8981
 1-4 NB =       376.7529  1-4 EEL =      5281.9999  VDWAALS    =      -747.4282
 EELEC  =     -8085.9287  EGB     =     -2224.8507  RESTRAINT  =        32.2831
 EAMBER (non-restraint)  =     -2804.7815
 ESURF=        50.4072
 ------------------------------------------------------------------------------


 NSTEP =    55000   TIME(PS) =    1360.000  TEMP(K) =   298.74  PRESS =     0.0
 Etot   =     -1574.7036  EKtot   =      1220.2501  EPtot      =     -2794.9537
 BOND   =       339.3260  ANGLE   =       856.9499  DIHED      =      1384.1979
 1-4 NB =       347.6329  1-4 EEL =      5300.2500  VDWAALS    =      -755.6094
 EELEC  =     -8204.3524  EGB     =     -2147.5312  RESTRAINT  =        34.9199
 EAMBER (non-restraint)  =     -2829.8736
 ESURF=        49.2625
 ------------------------------------------------------------------------------


 NSTEP =    60000   TIME(PS) =    1370.000  TEMP(K) =   299.95  PRESS =     0.0
 Etot   =     -1605.5214  EKtot   =      1225.1975  EPtot      =     -2830.7189
 BOND   =       323.9107  ANGLE   =       809.0223  DIHED      =      1370.3139
 1-4 NB =       369.5510  1-4 EEL =      5323.7766  VDWAALS    =      -743.7223
 EELEC  =     -8178.0290  EGB     =     -2185.4243  RESTRAINT  =        28.9453
 EAMBER (non-restraint)  =     -2859.6642
 ESURF=        50.9370
 ------------------------------------------------------------------------------


 NSTEP =    65000   TIME(PS) =    1380.000  TEMP(K) =   289.15  PRESS =     0.0
 Etot   =     -1646.8295  EKtot   =      1181.0698  EPtot      =     -2827.8993
 BOND   =       329.7092  ANGLE   =       841.5729  DIHED      =      1379.9254
 1-4 NB =       346.9933  1-4 EEL =      5293.9997  VDWAALS    =      -762.1988
 EELEC  =     -8213.6405  EGB     =     -2122.7264  RESTRAINT  =        29.4939
 EAMBER (non-restraint)  =     -2857.3931
 ESURF=        48.9722
 ------------------------------------------------------------------------------


 NSTEP =    70000   TIME(PS) =    1390.000  TEMP(K) =   309.09  PRESS =     0.0
 Etot   =     -1523.2584  EKtot   =      1262.5462  EPtot      =     -2785.8046
 BOND   =       326.7535  ANGLE   =       858.2829  DIHED      =      1370.2664
 1-4 NB =       368.7375  1-4 EEL =      5302.9800  VDWAALS    =      -762.8621
 EELEC  =     -8222.7815  EGB     =     -2112.5486  RESTRAINT  =        33.8501
 EAMBER (non-restraint)  =     -2819.6548
 ESURF=        51.5170
 ------------------------------------------------------------------------------


 NSTEP =    75000   TIME(PS) =    1400.000  TEMP(K) =   306.44  PRESS =     0.0
 Etot   =     -1525.4054  EKtot   =      1251.7232  EPtot      =     -2777.1286
 BOND   =       326.9096  ANGLE   =       876.9399  DIHED      =      1385.0375
 1-4 NB =       351.1684  1-4 EEL =      5284.6013  VDWAALS    =      -770.7296
 EELEC  =     -8236.7852  EGB     =     -2074.0873  RESTRAINT  =        30.1820
 EAMBER (non-restraint)  =     -2807.3106
 ESURF=        49.6347
 ------------------------------------------------------------------------------


 NSTEP =    80000   TIME(PS) =    1410.000  TEMP(K) =   304.82  PRESS =     0.0
 Etot   =     -1559.4562  EKtot   =      1245.0841  EPtot      =     -2804.5403
 BOND   =       329.8764  ANGLE   =       826.0424  DIHED      =      1350.5376
 1-4 NB =       368.3105  1-4 EEL =      5291.6386  VDWAALS    =      -752.0824
 EELEC  =     -8154.8828  EGB     =     -2144.4031  RESTRAINT  =        30.3916
 EAMBER (non-restraint)  =     -2834.9319
 ESURF=        50.0308
 ------------------------------------------------------------------------------


 NSTEP =    85000   TIME(PS) =    1420.000  TEMP(K) =   304.70  PRESS =     0.0
 Etot   =     -1493.5062  EKtot   =      1244.6132  EPtot      =     -2738.1195
 BOND   =       342.3889  ANGLE   =       888.4732  DIHED      =      1382.4786
 1-4 NB =       369.7724  1-4 EEL =      5291.2142  VDWAALS    =      -753.4951
 EELEC  =     -8231.3626  EGB     =     -2108.4949  RESTRAINT  =        32.5094
 EAMBER (non-restraint)  =     -2770.6289
 ESURF=        48.3964
 ------------------------------------------------------------------------------


 NSTEP =    90000   TIME(PS) =    1430.000  TEMP(K) =   306.03  PRESS =     0.0
 Etot   =     -1549.7858  EKtot   =      1250.0436  EPtot      =     -2799.8294
 BOND   =       326.2809  ANGLE   =       852.7442  DIHED      =      1370.2732
 1-4 NB =       364.8204  1-4 EEL =      5319.6856  VDWAALS    =      -742.4048
 EELEC  =     -8211.3376  EGB     =     -2155.6518  RESTRAINT  =        26.3280
 EAMBER (non-restraint)  =     -2826.1574
 ESURF=        49.4326
 ------------------------------------------------------------------------------


 NSTEP =    95000   TIME(PS) =    1440.000  TEMP(K) =   296.46  PRESS =     0.0
 Etot   =     -1619.1911  EKtot   =      1210.9257  EPtot      =     -2830.1168
 BOND   =       329.3215  ANGLE   =       837.9275  DIHED      =      1357.2685
 1-4 NB =       364.3282  1-4 EEL =      5317.7746  VDWAALS    =      -751.4014
 EELEC  =     -8271.5089  EGB     =     -2090.5340  RESTRAINT  =        29.9262
 EAMBER (non-restraint)  =     -2860.0430
 ESURF=        46.7809
 ------------------------------------------------------------------------------


 NSTEP =   100000   TIME(PS) =    1450.000  TEMP(K) =   304.36  PRESS =     0.0
 Etot   =     -1579.1855  EKtot   =      1243.1974  EPtot      =     -2822.3829
 BOND   =       304.5521  ANGLE   =       843.9270  DIHED      =      1389.5209
 1-4 NB =       358.5815  1-4 EEL =      5312.3930  VDWAALS    =      -754.5780
 EELEC  =     -8129.7105  EGB     =     -2231.0771  RESTRAINT  =        34.6222
 EAMBER (non-restraint)  =     -2857.0050
 ESURF=        49.3860
 ------------------------------------------------------------------------------


 NSTEP =   105000   TIME(PS) =    1460.000  TEMP(K) =   287.21  PRESS =     0.0
 Etot   =     -1614.7523  EKtot   =      1173.1648  EPtot      =     -2787.9172
 BOND   =       337.0909  ANGLE   =       843.5560  DIHED      =      1388.6564
 1-4 NB =       354.0008  1-4 EEL =      5299.1605  VDWAALS    =      -733.2387
 EELEC  =     -8120.4380  EGB     =     -2235.2589  RESTRAINT  =        28.7517
 EAMBER (non-restraint)  =     -2816.6689
 ESURF=        49.8021
 ------------------------------------------------------------------------------


 NSTEP =   110000   TIME(PS) =    1470.000  TEMP(K) =   302.25  PRESS =     0.0
 Etot   =     -1578.9062  EKtot   =      1234.6095  EPtot      =     -2813.5157
 BOND   =       299.4160  ANGLE   =       869.3818  DIHED      =      1368.4094
 1-4 NB =       360.9762  1-4 EEL =      5299.0283  VDWAALS    =      -740.0951
 EELEC  =     -8167.6446  EGB     =     -2180.2906  RESTRAINT  =        26.4459
 EAMBER (non-restraint)  =     -2839.9617
 ESURF=        50.8568
 ------------------------------------------------------------------------------


 NSTEP =   115000   TIME(PS) =    1480.000  TEMP(K) =   305.98  PRESS =     0.0
 Etot   =     -1507.6349  EKtot   =      1249.8132  EPtot      =     -2757.4480
 BOND   =       346.3510  ANGLE   =       863.4435  DIHED      =      1384.6460
 1-4 NB =       371.3326  1-4 EEL =      5321.8810  VDWAALS    =      -768.5797
 EELEC  =     -8178.8385  EGB     =     -2178.7350  RESTRAINT  =        32.2756
 EAMBER (non-restraint)  =     -2789.7236
 ESURF=        48.7755
 ------------------------------------------------------------------------------


 NSTEP =   120000   TIME(PS) =    1490.000  TEMP(K) =   300.64  PRESS =     0.0
 Etot   =     -1602.4290  EKtot   =      1228.0009  EPtot      =     -2830.4300
 BOND   =       297.1422  ANGLE   =       861.5289  DIHED      =      1369.2209
 1-4 NB =       359.2761  1-4 EEL =      5321.8642  VDWAALS    =      -741.8301
 EELEC  =     -8229.2795  EGB     =     -2147.2040  RESTRAINT  =        29.2971
 EAMBER (non-restraint)  =     -2859.7270
 ESURF=        49.5543
 ------------------------------------------------------------------------------


 NSTEP =   125000   TIME(PS) =    1500.000  TEMP(K) =   303.97  PRESS =     0.0
 Etot   =     -1561.5477  EKtot   =      1241.6071  EPtot      =     -2803.1547
 BOND   =       329.7210  ANGLE   =       840.9367  DIHED      =      1380.2684
 1-4 NB =       354.5405  1-4 EEL =      5319.4232  VDWAALS    =      -757.8160
 EELEC  =     -8239.2327  EGB     =     -2109.4650  RESTRAINT  =        29.3252
 EAMBER (non-restraint)  =     -2832.4799
 ESURF=        49.1439
 ------------------------------------------------------------------------------


      A V E R A G E S   O V E R      25 S T E P S


 NSTEP =   125000   TIME(PS) =    1500.000  TEMP(K) =   300.14  PRESS =     0.0
 Etot   =     -1578.2468  EKtot   =      1225.9807  EPtot      =     -2804.2275
 BOND   =       325.0262  ANGLE   =       843.3989  DIHED      =      1375.5178
 1-4 NB =       362.5017  1-4 EEL =      5298.9147  VDWAALS    =      -751.6871
 EELEC  =     -8199.5690  EGB     =     -2137.9212  RESTRAINT  =        30.1175
 EAMBER (non-restraint)  =     -2834.3450
 ESURF=        49.4730
 ------------------------------------------------------------------------------


      R M S  F L U C T U A T I O N S


 NSTEP =   125000   TIME(PS) =    1500.000  TEMP(K) =     7.19  PRESS =     0.0
 Etot   =        43.1292  EKtot   =        29.3582  EPtot      =        26.0809
 BOND   =        16.0086  ANGLE   =        22.6758  DIHED      =        12.1604
 1-4 NB =        10.0613  1-4 EEL =        19.0967  VDWAALS    =         9.3626
 EELEC  =        66.5103  EGB     =        59.8413  RESTRAINT  =         2.8772
 EAMBER (non-restraint)  =        23.2037
 ESURF=         1.0811
 ------------------------------------------------------------------------------

--------------------------------------------------------------------------------
   5.  TIMINGS
--------------------------------------------------------------------------------

|  NonSetup CPU Time in Major Routines:
|
|     Routine           Sec        %
|     ------------------------------
|     Nonbond       12097.68   98.43
|     Bond              1.28    0.01
|     Angle            22.69    0.18
|     Dihedral        128.77    1.05
|     Shake             5.99    0.05
|     RunMD            34.27    0.28
|     Other             0.07    0.00
|     ------------------------------
|     Total         12290.74

|  Generalized Born CPU Time:
|
|     Routine                 Sec        %
|     ------------------------------------
|     Radii Calc           2731.74   22.23
|     Diagonal Calc        5064.79   41.21
|     Off Diagonal Calc    4292.54   34.92
|     GBSA LCPO Calc          0.04    0.00
|     ---------------------------------
|     Total               12089.07   98.36

|  Final Performance Info:
|     -----------------------------------------------------
|     Average timings for last       1 steps:
|     Elapsed(s) =       0.00 Per Step(ms) =       0.10
|         ns/day =    1800.99   seconds/ns =      47.97
|
|     Average timings for all steps:
|     Elapsed(s) =   24792.40 Per Step(ms) =     198.34
|         ns/day =       0.87   seconds/ns =   99169.60
|     -----------------------------------------------------

|  Setup CPU time:            0.02 seconds
|  NonSetup CPU time:     12290.74 seconds
|  Total CPU time:        12290.76 seconds     3.41 hours

|  Setup wall time:           0    seconds
|  NonSetup wall time:    24792    seconds
|  Total wall time:       24792    seconds     6.89 hours
