Salt Bridges Plugin, Version 1.0
Wed Apr 17 13:12:07 +0530 2024

Parameters used in the calculation of salt bridges:
- Atomselection: protein
- Update selections every frame: yes
- Initial frame: 0
- Frame step: 1
- Final frame: 499
- Oxygen-nitrogen cut-off: 3.2
- Center of mass cut-off: none
- Write a file for each salt bridge: yes

Searching for ion-pairs with oxygen-nitrogen distance within 3.2 Angstroms in the selected frames... Done.
Removing redundancies in the ion-pairs found... Done.
Extracting identification of each salt bridge... Done.
Found 18 salt bridges.

ASP65-ARG64
GLU32-ARG64
GLU39-ARG64
GLU52-LYS48
GLU54-ARG57
GLU41-ARG10
GLU39-ARG57
GLU34-ARG10
GLU27-ARG17
GLU59-LYS8
GLU52-LYS46
GLU54-LYS58
GLU32-ARG71
GLU66-LYS15
GLU59-LYS15
GLU6-ARG10
GLU32-LYS33
GLU25-ARG71

Printing distances over all frames for each salt-bridge... Done.
