Salt Bridges Plugin, Version 1.0
Wed Apr 17 13:08:59 +0530 2024

Parameters used in the calculation of salt bridges:
- Atomselection: protein
- Update selections every frame: yes
- Initial frame: 0
- Frame step: 1
- Final frame: 499
- Oxygen-nitrogen cut-off: 3.2
- Center of mass cut-off: none
- Write a file for each salt bridge: yes

Searching for ion-pairs with oxygen-nitrogen distance within 3.2 Angstroms in the selected frames... Done.
Removing redundancies in the ion-pairs found... Done.
Extracting identification of each salt bridge... Done.
Found 18 salt bridges.

GLU86-LYS79
GLU86-ARG139
GLU12-LYS72
ASP9-LYS7
GLU131-LYS94
GLU11-LYS72
GLU36-ARG40
GLU108-ARG112
GLU84-LYS143
GLU57-LYS30
ASP95-LYS98
GLU129-LYS102
GLU14-ARG67
GLU59-LYS22
GLU14-LYS7
ASP23-LYS26
ASP95-LYS94
ASP23-LYS22

Printing distances over all frames for each salt-bridge... Done.
