Salt Bridges Plugin, Version 1.0
Wed Apr 17 13:10:55 +0530 2024

Parameters used in the calculation of salt bridges:
- Atomselection: protein
- Update selections every frame: yes
- Initial frame: 0
- Frame step: 1
- Final frame: 499
- Oxygen-nitrogen cut-off: 3.2
- Center of mass cut-off: none
- Write a file for each salt bridge: yes

Searching for ion-pairs with oxygen-nitrogen distance within 3.2 Angstroms in the selected frames... Done.
Removing redundancies in the ion-pairs found... Done.
Extracting identification of each salt bridge... Done.
Found 14 salt bridges.

GLU157-ARG159
GLU48-ARG44
ASP131-ARG159
ASP132-ARG159
GLU90-LYS109
ASP132-ARG158
GLU80-LYS76
GLU157-LYS109
GLU101-ARG98
ASP69-ARG71
GLU90-LYS38
ASP79-LYS106
ASP127-ARG12
GLU134-ARG159

Printing distances over all frames for each salt-bridge... Done.
