Note: The following floating-point exceptions are signalling: IEEE_INVALID_FLAG
Note: The following floating-point exceptions are signalling: IEEE_INVALID_FLAG
Note: The following floating-point exceptions are signalling: IEEE_INVALID_FLAG
At line 894 of file /opt/amber22_src/src/pmemd/src/runfiles.F90 (unit = 6)
Fortran runtime error: Cannot open file 'prod.out': No such file or directory

Error termination. Backtrace:
#0  0x7fa1dc423960 in ???
#1  0x7fa1dc4244d9 in ???
#2  0x7fa1dc42510f in ???
#3  0x7fa1dc673ee6 in ???
#4  0x7fa1dc6741dd in ???
#5  0x561c29d479d9 in ???
#6  0x561c29d18ec3 in ???
#7  0x561c29d5c3c0 in ???
#8  0x561c29c3402e in ???
#9  0x7fa1dc029d8f in __libc_start_call_main
	at ../sysdeps/nptl/libc_start_call_main.h:58
#10  0x7fa1dc029e3f in __libc_start_main_impl
	at ../csu/libc-start.c:392
#11  0x561c29c34064 in ???
#12  0xffffffffffffffff in ???
