Salt Bridges Plugin, Version 1.0
Wed Apr 17 13:11:35 +0530 2024

Parameters used in the calculation of salt bridges:
- Atomselection: protein
- Update selections every frame: yes
- Initial frame: 0
- Frame step: 1
- Final frame: 499
- Oxygen-nitrogen cut-off: 3.2
- Center of mass cut-off: none
- Write a file for each salt bridge: yes

Searching for ion-pairs with oxygen-nitrogen distance within 3.2 Angstroms in the selected frames... Done.
Removing redundancies in the ion-pairs found... Done.
Extracting identification of each salt bridge... Done.
Found 39 salt bridges.

GLU120-LYS116
ASP194-LYS57
GLU65-LYS68
GLU121-LYS117
GLU65-LYS187
GLU59-ARG62
GLU183-LYS187
ASP105-LYS106
GLU65-ARG191
GLU65-LYS163
GLU64-LYS68
GLU128-LYS84
ASP105-LYS104
GLU66-ARG62
ASP192-LYS57
GLU120-LYS117
GLU190-ARG191
GLU64-ARG191
GLU59-ARG162
GLU175-ARG43
ASP174-LYS106
GLU56-LYS57
ASP160-LYS163
GLU179-ARG43
GLU183-LYS186
GLU195-ARG197
GLU67-LYS70
GLU10-LYS17
GLU128-ARG132
GLU120-LYS104
GLU158-LYS163
GLU190-LYS186
GLU66-LYS70
GLU110-LYS17
ASP34-LYS186
ASP143-ARG1
GLU135-ARG132
GLU129-ARG132
GLU190-LYS187

Printing distances over all frames for each salt-bridge... Done.
