
          -------------------------------------------------------
          Amber 22 PMEMD                              2022
          -------------------------------------------------------

| PMEMD implementation of SANDER, Release 22

|  Compiled date/time: Thu Apr 14 23:36:37 2022
| Run on 01/08/2024 at 16:19:44

|   Executable path: pmemd
| Working directory: /home/arul/Reegina/MD_Sim/SET3_GROUP/2X7Z_info
|          Hostname: Unknown
  [-O]verwriting output

File Assignments:
|   MDIN: eq1.in                                                                
|  MDOUT: eq1.out                                                               
| INPCRD: heat.rst7                                                             
|   PARM: 2X7Z.hmass.parm7                                                      
| RESTRT: eq1.rst7                                                              
|   REFC: heat.rst7                                                             
|  MDVEL: mdvel                                                                 
|   MDEN: mden                                                                  
|  MDCRD: eq1.crd                                                               
| MDINFO: eq1.info                                                              
|  MDFRC: mdfrc                                                                 


 Here is the input file:

&cntrl                                                                         
   ntx = 5,                                                                    
                                                                               
   ntwx = 5000, ntwe = 0, ntwr = 500,                                          
   ntpr = 5000,                                                                
                                                                               
   ioutfm=0, ntxo=1,                                                           
                                                                               
   imin = 0, nstlim = 125000, dt = 0.002,                                      
                                                                               
   ntt = 3, gamma_ln=1.0, temp0 = 300.0,                                       
   nscm = 1000, ig = -1, irest = 1,                                            
                                                                               
   ntc= 2, ntf = 2, cut = 1000,                                                
                                                                               
   igb=8, gbsa=3, surften=0.007, ntb = 0,                                      
   saltcon=0.,                                                                 
                                                                               
   ntr=1, restraintmask="@CA,N,C,O",                                           
   restraint_wt=1.0,                                                           
 /                                                                             


Note: ig = -1. Setting random seed to   308529 based on wallclock time in 
      microseconds.
| irandom = 1, using AMBER's internal random number generator (default).
 
| Conditional Compilation Defines Used:
| PUBFFT
| BINTRAJ
| EMIL

| New format PARM file being parsed.
| Version =    1.000 Date = 01/01/24 Time = 14:18:34

| Note: 1-4 EEL scale factors are being read from the topology file.

| Note: 1-4 VDW scale factors are being read from the topology file.
| INFO:    Reading atomic numbers from topology file.
| Duplicated    0 dihedrals

| Duplicated    0 dihedrals

--------------------------------------------------------------------------------
   1.  RESOURCE   USE: 
--------------------------------------------------------------------------------

 NATOM  =    1484 NTYPES =      14 NBONH =     756 MBONA  =     740
 NTHETH =    1738 MTHETA =     999 NPHIH =    3371 MPHIA  =    3192
 NHPARM =       0 NPARM  =       0 NNB   =    8243 NRES   =      97
 NBONA  =     740 NTHETA =     999 NPHIA =    3192 NUMBND =      59
 NUMANG =     140 NPTRA  =     178 NATYP =      30 NPHB   =       0
 IFBOX  =       0 NMXRS  =      24 IFCAP =       0 NEXTRA =       0
 NCOPY  =       0

 Implicit solvent radii are ArgH and AspGluO modified Bondi2 radii (mbondi3)                                
 Replacing prmtop screening parameters with GBn2 (igb=8) values
--------------------------------------------------------------------------------
   2.  CONTROL  DATA  FOR  THE  RUN
--------------------------------------------------------------------------------

default_name                                                                    

General flags:
     imin    =       0, nmropt  =       0

Nature and format of input:
     ntx     =       5, irest   =       1, ntrx    =       1

Nature and format of output:
     ntxo    =       1, ntpr    =    5000, ntrx    =       1, ntwr    =     500
     iwrap   =       0, ntwx    =    5000, ntwv    =       0, ntwe    =       0
     ioutfm  =       0, ntwprt  =       0, idecomp =       0, rbornstat=      0

Potential function:
     ntf     =       2, ntb     =       0, igb     =       8, nsnb    =      25
     ipol    =       0, gbsa    =       3, iesp    =       0
     dielc   =   1.00000, cut     =1000.00000, intdiel =   1.00000
     saltcon =   0.00000, offset  =   0.19514, surften =   0.00700
     rdt     =   0.00000, rgbmax  =  25.00000  extdiel =  78.50000
     alpb  =        0
     gbalphaH  =   0.78844, gbbetaH   =   0.79870,  gbgammaH  =    0.43733
     gbalphaC  =   0.73376, gbbetaC   =   0.50638,  gbgammaC  =    0.20584
     gbalphaN  =   0.50336, gbbetaN   =   0.31683,  gbgammaN  =    0.19292
     gbalphaOS =   0.86781, gbbetaOS  =   0.87664,  gbgammaOS =    0.38788
     gbalphaP  =   1.00000, gbbetaP   =   0.80000,  gbgammaP  =    4.85000
     gb_alpha_hnu  =   0.53705, gb_beta_hnu   =   0.36286,  gb_gamma_hnu  =    0.11670
     gb_alpha_cnu  =   0.33167, gb_beta_cnu   =   0.19684,  gb_gamma_cnu  =    0.09342
     gb_alpha_nnu  =   0.68631, gb_beta_nnu   =   0.46319,  gb_gamma_nnu  =    0.13872
     gb_alpha_onu  =   0.60634, gb_beta_onu   =   0.46301,  gb_gamma_onu  =    0.14226
     gb_alpha_pnu  =   0.41836, gb_beta_pnu   =   0.29005,  gb_gamma_pnu  =    0.10642

Frozen or restrained atoms:
     ibelly  =       0, ntr     =       1
     restraint_wt =   1.00000

Molecular dynamics:
     nstlim  =    125000, nscm    =         0, nrespa  =         1
     t       =   0.00000, dt      =   0.00200, vlimit  =  20.00000

Langevin dynamics temperature regulation:
     ig      =  308529
     temp0   = 300.00000, tempi   =   0.00000, gamma_ln=   1.00000

SHAKE:
     ntc     =       2, jfastw  =       0
     tol     =   0.00001

| Intermolecular bonds treatment:
|     no_intermolecular_bonds =       1

| Energy averages sample interval:
|     ene_avg_sampling =    5000

    LOADING THE CONSTRAINED ATOMS AS GROUPS


   5.  REFERENCE ATOM COORDINATES

  default_name                                                                    
     Mask @CA,N,C,O; matches   388 atoms

--------------------------------------------------------------------------------
   3.  ATOMIC COORDINATES AND VELOCITIES
--------------------------------------------------------------------------------

default_name                                                                    
 begin time read from input coords =  1000.000 ps

 
 Number of triangulated 3-point waters found:        0
| Dynamic Memory, Types Used:
| Reals               52101
| Integers           177023

--------------------------------------------------------------------------------
   4.  RESULTS
--------------------------------------------------------------------------------


 NSTEP =     5000   TIME(PS) =    1010.000  TEMP(K) =   297.43  PRESS =     0.0
 Etot   =      -371.1738  EKtot   =      1092.2544  EPtot      =     -1463.4281
 BOND   =       248.4368  ANGLE   =       754.6841  DIHED      =      1150.1100
 1-4 NB =       325.1590  1-4 EEL =      5588.7205  VDWAALS    =      -633.0884
 EELEC  =     -7382.3508  EGB     =     -1603.1124  RESTRAINT  =        42.9391
 EAMBER (non-restraint)  =     -1506.3673
 ESURF=        45.0738
 ------------------------------------------------------------------------------


 NSTEP =    10000   TIME(PS) =    1020.000  TEMP(K) =   303.82  PRESS =     0.0
 Etot   =      -245.3035  EKtot   =      1115.7368  EPtot      =     -1361.0403
 BOND   =       306.4288  ANGLE   =       785.2436  DIHED      =      1154.8343
 1-4 NB =       315.5258  1-4 EEL =      5533.6312  VDWAALS    =      -622.9857
 EELEC  =     -7295.3383  EGB     =     -1634.5562  RESTRAINT  =        49.4715
 EAMBER (non-restraint)  =     -1410.5118
 ESURF=        46.7047
 ------------------------------------------------------------------------------


 NSTEP =    15000   TIME(PS) =    1030.000  TEMP(K) =   308.88  PRESS =     0.0
 Etot   =      -294.4947  EKtot   =      1134.2948  EPtot      =     -1428.7895
 BOND   =       254.7697  ANGLE   =       778.3911  DIHED      =      1149.3894
 1-4 NB =       318.2001  1-4 EEL =      5564.4116  VDWAALS    =      -643.8973
 EELEC  =     -7282.9152  EGB     =     -1659.3826  RESTRAINT  =        47.4147
 EAMBER (non-restraint)  =     -1476.2041
 ESURF=        44.8292
 ------------------------------------------------------------------------------


 NSTEP =    20000   TIME(PS) =    1040.000  TEMP(K) =   302.05  PRESS =     0.0
 Etot   =      -315.3677  EKtot   =      1109.2153  EPtot      =     -1424.5830
 BOND   =       322.0078  ANGLE   =       723.0182  DIHED      =      1159.9836
 1-4 NB =       320.6015  1-4 EEL =      5578.5998  VDWAALS    =      -636.2983
 EELEC  =     -7359.1176  EGB     =     -1624.2688  RESTRAINT  =        45.5770
 EAMBER (non-restraint)  =     -1470.1601
 ESURF=        45.3137
 ------------------------------------------------------------------------------


 NSTEP =    25000   TIME(PS) =    1050.000  TEMP(K) =   299.15  PRESS =     0.0
 Etot   =      -315.3178  EKtot   =      1098.5703  EPtot      =     -1413.8881
 BOND   =       276.4166  ANGLE   =       778.2609  DIHED      =      1164.3239
 1-4 NB =       313.1881  1-4 EEL =      5583.7960  VDWAALS    =      -625.4967
 EELEC  =     -7324.8358  EGB     =     -1670.8302  RESTRAINT  =        45.1284
 EAMBER (non-restraint)  =     -1459.0165
 ESURF=        46.1606
 ------------------------------------------------------------------------------


 NSTEP =    30000   TIME(PS) =    1060.000  TEMP(K) =   305.96  PRESS =     0.0
 Etot   =      -328.5609  EKtot   =      1123.5920  EPtot      =     -1452.1528
 BOND   =       300.9685  ANGLE   =       737.3687  DIHED      =      1142.9788
 1-4 NB =       306.4248  1-4 EEL =      5575.9932  VDWAALS    =      -646.4653
 EELEC  =     -7339.8325  EGB     =     -1616.3422  RESTRAINT  =        42.6939
 EAMBER (non-restraint)  =     -1494.8468
 ESURF=        44.0592
 ------------------------------------------------------------------------------


 NSTEP =    35000   TIME(PS) =    1070.000  TEMP(K) =   305.19  PRESS =     0.0
 Etot   =      -308.1725  EKtot   =      1120.7657  EPtot      =     -1428.9382
 BOND   =       270.2004  ANGLE   =       769.8507  DIHED      =      1148.9993
 1-4 NB =       318.7455  1-4 EEL =      5580.1242  VDWAALS    =      -641.1967
 EELEC  =     -7390.2819  EGB     =     -1572.0565  RESTRAINT  =        42.8090
 EAMBER (non-restraint)  =     -1471.7472
 ESURF=        43.8679
 ------------------------------------------------------------------------------


 NSTEP =    40000   TIME(PS) =    1080.000  TEMP(K) =   298.67  PRESS =     0.0
 Etot   =      -340.7454  EKtot   =      1096.8099  EPtot      =     -1437.5552
 BOND   =       277.0175  ANGLE   =       745.5593  DIHED      =      1161.0851
 1-4 NB =       318.3714  1-4 EEL =      5606.7092  VDWAALS    =      -642.3709
 EELEC  =     -7293.4770  EGB     =     -1701.9797  RESTRAINT  =        46.1225
 EAMBER (non-restraint)  =     -1483.6777
 ESURF=        45.4073
 ------------------------------------------------------------------------------


 NSTEP =    45000   TIME(PS) =    1090.000  TEMP(K) =   308.73  PRESS =     0.0
 Etot   =      -299.9468  EKtot   =      1133.7551  EPtot      =     -1433.7019
 BOND   =       263.4096  ANGLE   =       779.4020  DIHED      =      1142.3681
 1-4 NB =       326.0030  1-4 EEL =      5593.0780  VDWAALS    =      -631.8748
 EELEC  =     -7426.5435  EGB     =     -1566.3513  RESTRAINT  =        42.1927
 EAMBER (non-restraint)  =     -1475.8946
 ESURF=        44.6144
 ------------------------------------------------------------------------------


 NSTEP =    50000   TIME(PS) =    1100.000  TEMP(K) =   287.83  PRESS =     0.0
 Etot   =      -368.6303  EKtot   =      1057.0070  EPtot      =     -1425.6373
 BOND   =       281.6509  ANGLE   =       771.5695  DIHED      =      1158.5804
 1-4 NB =       316.2010  1-4 EEL =      5587.3810  VDWAALS    =      -642.8756
 EELEC  =     -7337.0121  EGB     =     -1646.1072  RESTRAINT  =        39.5272
 EAMBER (non-restraint)  =     -1465.1645
 ESURF=        45.4477
 ------------------------------------------------------------------------------


 NSTEP =    55000   TIME(PS) =    1110.000  TEMP(K) =   315.95  PRESS =     0.0
 Etot   =      -262.3408  EKtot   =      1160.2826  EPtot      =     -1422.6233
 BOND   =       261.7905  ANGLE   =       773.8266  DIHED      =      1156.1289
 1-4 NB =       319.0962  1-4 EEL =      5581.2985  VDWAALS    =      -643.7741
 EELEC  =     -7353.1790  EGB     =     -1618.1584  RESTRAINT  =        55.6070
 EAMBER (non-restraint)  =     -1478.2304
 ESURF=        44.7405
 ------------------------------------------------------------------------------


 NSTEP =    60000   TIME(PS) =    1120.000  TEMP(K) =   286.05  PRESS =     0.0
 Etot   =      -335.2818  EKtot   =      1050.4637  EPtot      =     -1385.7455
 BOND   =       277.8613  ANGLE   =       804.1752  DIHED      =      1150.5332
 1-4 NB =       321.4461  1-4 EEL =      5597.3371  VDWAALS    =      -645.3561
 EELEC  =     -7350.0825  EGB     =     -1628.8453  RESTRAINT  =        43.5690
 EAMBER (non-restraint)  =     -1429.3145
 ESURF=        43.6165
 ------------------------------------------------------------------------------


 NSTEP =    65000   TIME(PS) =    1130.000  TEMP(K) =   289.41  PRESS =     0.0
 Etot   =      -380.1275  EKtot   =      1062.8029  EPtot      =     -1442.9304
 BOND   =       266.0681  ANGLE   =       761.5082  DIHED      =      1138.6249
 1-4 NB =       319.1465  1-4 EEL =      5612.3732  VDWAALS    =      -624.0661
 EELEC  =     -7441.7398  EGB     =     -1566.5072  RESTRAINT  =        47.5686
 EAMBER (non-restraint)  =     -1490.4990
 ESURF=        44.0932
 ------------------------------------------------------------------------------


 NSTEP =    70000   TIME(PS) =    1140.000  TEMP(K) =   311.73  PRESS =     0.0
 Etot   =      -253.4907  EKtot   =      1144.7769  EPtot      =     -1398.2676
 BOND   =       296.7010  ANGLE   =       785.9476  DIHED      =      1148.5167
 1-4 NB =       317.3420  1-4 EEL =      5562.6152  VDWAALS    =      -649.2157
 EELEC  =     -7378.6273  EGB     =     -1573.5387  RESTRAINT  =        48.9439
 EAMBER (non-restraint)  =     -1447.2115
 ESURF=        43.0477
 ------------------------------------------------------------------------------


 NSTEP =    75000   TIME(PS) =    1150.000  TEMP(K) =   305.48  PRESS =     0.0
 Etot   =      -343.2958  EKtot   =      1121.8133  EPtot      =     -1465.1090
 BOND   =       285.9266  ANGLE   =       743.3142  DIHED      =      1140.7910
 1-4 NB =       320.0593  1-4 EEL =      5589.8139  VDWAALS    =      -651.3245
 EELEC  =     -7428.0352  EGB     =     -1554.2808  RESTRAINT  =        44.2584
 EAMBER (non-restraint)  =     -1509.3675
 ESURF=        44.3681
 ------------------------------------------------------------------------------


 NSTEP =    80000   TIME(PS) =    1160.000  TEMP(K) =   290.55  PRESS =     0.0
 Etot   =      -331.3754  EKtot   =      1067.0111  EPtot      =     -1398.3864
 BOND   =       286.3295  ANGLE   =       763.9027  DIHED      =      1169.3424
 1-4 NB =       325.6032  1-4 EEL =      5553.4134  VDWAALS    =      -638.2350
 EELEC  =     -7407.3379  EGB     =     -1539.2829  RESTRAINT  =        44.5755
 EAMBER (non-restraint)  =     -1442.9620
 ESURF=        43.3026
 ------------------------------------------------------------------------------


 NSTEP =    85000   TIME(PS) =    1170.000  TEMP(K) =   293.51  PRESS =     0.0
 Etot   =      -406.0437  EKtot   =      1077.8591  EPtot      =     -1483.9028
 BOND   =       252.1472  ANGLE   =       763.6581  DIHED      =      1142.3829
 1-4 NB =       313.3890  1-4 EEL =      5608.4566  VDWAALS    =      -640.9826
 EELEC  =     -7454.1722  EGB     =     -1550.4775  RESTRAINT  =        38.7336
 EAMBER (non-restraint)  =     -1522.6364
 ESURF=        42.9622
 ------------------------------------------------------------------------------


 NSTEP =    90000   TIME(PS) =    1180.000  TEMP(K) =   306.53  PRESS =     0.0
 Etot   =      -294.6580  EKtot   =      1125.6731  EPtot      =     -1420.3311
 BOND   =       274.4169  ANGLE   =       753.6052  DIHED      =      1161.0259
 1-4 NB =       334.7617  1-4 EEL =      5597.3359  VDWAALS    =      -639.4132
 EELEC  =     -7427.8861  EGB     =     -1558.0084  RESTRAINT  =        40.2886
 EAMBER (non-restraint)  =     -1460.6197
 ESURF=        43.5424
 ------------------------------------------------------------------------------


 NSTEP =    95000   TIME(PS) =    1190.000  TEMP(K) =   293.10  PRESS =     0.0
 Etot   =      -390.9186  EKtot   =      1076.3454  EPtot      =     -1467.2640
 BOND   =       262.3773  ANGLE   =       745.6629  DIHED      =      1152.0559
 1-4 NB =       309.8226  1-4 EEL =      5581.7870  VDWAALS    =      -645.3385
 EELEC  =     -7370.1535  EGB     =     -1589.8776  RESTRAINT  =        43.0958
 EAMBER (non-restraint)  =     -1510.3598
 ESURF=        43.3040
 ------------------------------------------------------------------------------


 NSTEP =   100000   TIME(PS) =    1200.000  TEMP(K) =   300.81  PRESS =     0.0
 Etot   =      -319.8227  EKtot   =      1104.6805  EPtot      =     -1424.5032
 BOND   =       247.2996  ANGLE   =       805.4392  DIHED      =      1127.8145
 1-4 NB =       321.6150  1-4 EEL =      5580.5000  VDWAALS    =      -635.6970
 EELEC  =     -7376.8948  EGB     =     -1595.4928  RESTRAINT  =        54.8304
 EAMBER (non-restraint)  =     -1479.3336
 ESURF=        46.0827
 ------------------------------------------------------------------------------


 NSTEP =   105000   TIME(PS) =    1210.000  TEMP(K) =   292.24  PRESS =     0.0
 Etot   =      -370.6834  EKtot   =      1073.1861  EPtot      =     -1443.8695
 BOND   =       283.5967  ANGLE   =       759.3608  DIHED      =      1150.0787
 1-4 NB =       309.5086  1-4 EEL =      5566.8987  VDWAALS    =      -638.7553
 EELEC  =     -7444.6958  EGB     =     -1518.2374  RESTRAINT  =        43.5020
 EAMBER (non-restraint)  =     -1487.3715
 ESURF=        44.8735
 ------------------------------------------------------------------------------


 NSTEP =   110000   TIME(PS) =    1220.000  TEMP(K) =   301.43  PRESS =     0.0
 Etot   =      -280.9935  EKtot   =      1106.9533  EPtot      =     -1387.9469
 BOND   =       278.7600  ANGLE   =       775.5755  DIHED      =      1152.5685
 1-4 NB =       330.0373  1-4 EEL =      5550.0584  VDWAALS    =      -636.3332
 EELEC  =     -7317.4083  EGB     =     -1609.4366  RESTRAINT  =        42.7438
 EAMBER (non-restraint)  =     -1430.6907
 ESURF=        45.4879
 ------------------------------------------------------------------------------


 NSTEP =   115000   TIME(PS) =    1230.000  TEMP(K) =   313.43  PRESS =     0.0
 Etot   =      -303.0484  EKtot   =      1151.0042  EPtot      =     -1454.0526
 BOND   =       269.1571  ANGLE   =       763.3766  DIHED      =      1134.5749
 1-4 NB =       313.1757  1-4 EEL =      5552.6897  VDWAALS    =      -649.3726
 EELEC  =     -7268.3800  EGB     =     -1659.5438  RESTRAINT  =        45.6265
 EAMBER (non-restraint)  =     -1499.6791
 ESURF=        44.6433
 ------------------------------------------------------------------------------


 NSTEP =   120000   TIME(PS) =    1240.000  TEMP(K) =   304.24  PRESS =     0.0
 Etot   =      -351.9287  EKtot   =      1117.2559  EPtot      =     -1469.1846
 BOND   =       257.3376  ANGLE   =       783.0949  DIHED      =      1135.7865
 1-4 NB =       311.9942  1-4 EEL =      5595.8804  VDWAALS    =      -644.4347
 EELEC  =     -7493.0290  EGB     =     -1498.3129  RESTRAINT  =        38.4792
 EAMBER (non-restraint)  =     -1507.6638
 ESURF=        44.0191
 ------------------------------------------------------------------------------


 NSTEP =   125000   TIME(PS) =    1250.000  TEMP(K) =   299.50  PRESS =     0.0
 Etot   =      -303.8975  EKtot   =      1099.8714  EPtot      =     -1403.7689
 BOND   =       288.3562  ANGLE   =       782.1851  DIHED      =      1151.2009
 1-4 NB =       313.9141  1-4 EEL =      5550.8825  VDWAALS    =      -628.1484
 EELEC  =     -7371.8365  EGB     =     -1588.0655  RESTRAINT  =        52.4886
 EAMBER (non-restraint)  =     -1456.2574
 ESURF=        45.2542
 ------------------------------------------------------------------------------


      A V E R A G E S   O V E R      25 S T E P S


 NSTEP =   125000   TIME(PS) =    1250.000  TEMP(K) =   300.87  PRESS =     0.0
 Etot   =      -324.6248  EKtot   =      1104.8792  EPtot      =     -1429.5040
 BOND   =       275.5773  ANGLE   =       767.5192  DIHED      =      1149.7631
 1-4 NB =       318.3733  1-4 EEL =      5578.9514  VDWAALS    =      -639.0799
 EELEC  =     -7372.6065  EGB     =     -1597.7221  RESTRAINT  =        45.1275
 EAMBER (non-restraint)  =     -1474.6315
 ESURF=        44.5927
 ------------------------------------------------------------------------------


      R M S  F L U C T U A T I O N S


 NSTEP =   125000   TIME(PS) =    1250.000  TEMP(K) =     7.97  PRESS =     0.0
 Etot   =        41.3612  EKtot   =        29.2569  EPtot      =        29.2155
 BOND   =        18.1428  ANGLE   =        19.3243  DIHED      =         9.7666
 1-4 NB =         6.4432  1-4 EEL =        19.8961  VDWAALS    =         7.7534
 EELEC  =        57.1732  EGB     =        48.5030  RESTRAINT  =         4.4033
 EAMBER (non-restraint)  =        24.8122
 ESURF=         0.9910
 ------------------------------------------------------------------------------

--------------------------------------------------------------------------------
   5.  TIMINGS
--------------------------------------------------------------------------------

|  NonSetup CPU Time in Major Routines:
|
|     Routine           Sec        %
|     ------------------------------
|     Nonbond       10572.67   98.32
|     Bond              1.29    0.01
|     Angle            20.80    0.19
|     Dihedral        119.76    1.11
|     Shake             6.02    0.06
|     RunMD            32.97    0.31
|     Other             0.08    0.00
|     ------------------------------
|     Total         10753.58

|  Generalized Born CPU Time:
|
|     Routine                 Sec        %
|     ------------------------------------
|     Radii Calc           2462.89   22.90
|     Diagonal Calc        4585.32   42.64
|     Off Diagonal Calc    3516.25   32.70
|     GBSA LCPO Calc          0.09    0.00
|     ---------------------------------
|     Total               10564.45   98.24

|  Final Performance Info:
|     -----------------------------------------------------
|     Average timings for last       1 steps:
|     Elapsed(s) =       0.00 Per Step(ms) =       0.11
|         ns/day =    1555.58   seconds/ns =      55.54
|
|     Average timings for all steps:
|     Elapsed(s) =   47503.74 Per Step(ms) =     380.03
|         ns/day =       0.45   seconds/ns =  190014.95
|     -----------------------------------------------------

|  Setup CPU time:            0.02 seconds
|  NonSetup CPU time:     10753.58 seconds
|  Total CPU time:        10753.60 seconds     2.99 hours

|  Setup wall time:           0    seconds
|  NonSetup wall time:    47504    seconds
|  Total wall time:       47504    seconds    13.20 hours
