
          -------------------------------------------------------
          Amber 22 PMEMD                              2022
          -------------------------------------------------------

| PMEMD implementation of SANDER, Release 22

|  Compiled date/time: Thu Apr 14 23:36:37 2022
| Run on 01/01/2024 at 17:12:14

|   Executable path: pmemd
| Working directory: /home/arul/Reegina/MD_Sim/SET3_GROUP/2X7Z_info
|          Hostname: Unknown
  [-O]verwriting output

File Assignments:
|   MDIN: heat.in                                                               
|  MDOUT: heat.out                                                              
| INPCRD: min_2X7Z.rst7                                                         
|   PARM: 2X7Z.hmass.parm7                                                      
| RESTRT: heat.rst7                                                             
|   REFC: min_2X7Z.rst7                                                         
|  MDVEL: mdvel                                                                 
|   MDEN: mden                                                                  
|  MDCRD: heat.crd                                                              
| MDINFO: heat.info                                                             
|  MDFRC: mdfrc                                                                 


 Here is the input file:

&cntrl                                                                         
   ntx = 1,                                                                    
   ntwx = 5000,                                                                
   ntwe = 0,                                                                   
   ntwr = 500,                                                                 
   ntpr = 5000,                                                                
   ioutfm=0,                                                                   
   ntxo=1,                                                                     
   imin = 0,                                                                   
   nstlim = 500000,                                                            
   dt = 0.002,                                                                 
   ntt = 3,                                                                    
   gamma_ln=1.,                                                                
   temp0 = 100.0,                                                              
   nscm = 1000,                                                                
   ig = -1,                                                                    
   ntc= 2,                                                                     
   ntf = 2,                                                                    
   cut = 1000,                                                                 
   igb=8,                                                                      
   gbsa=3,                                                                     
   surften=0.007,                                                              
   ntb = 0,                                                                    
   saltcon=0.,                                                                 
   ntr=1,                                                                      
   restraintmask="@CA,N,C,O",                                                  
   restraint_wt=10.0,                                                          
   nmropt=1,                                                                   
 &end                                                                          
 &wt                                                                           
   TYPE="TEMP0", istep1=0, istep2=500000,                                      
   value1=100., value2=300.,                                                   
 &end                                                                          
 &wt                                                                           
   TYPE="END",                                                                 
 &end                                                                          


Note: ig = -1. Setting random seed to   348508 based on wallclock time in 
      microseconds.
| irandom = 1, using AMBER's internal random number generator (default).
 
| Conditional Compilation Defines Used:
| PUBFFT
| BINTRAJ
| EMIL

| New format PARM file being parsed.
| Version =    1.000 Date = 01/01/24 Time = 14:18:34

| Note: 1-4 EEL scale factors are being read from the topology file.

| Note: 1-4 VDW scale factors are being read from the topology file.
| INFO:    Reading atomic numbers from topology file.
| Duplicated    0 dihedrals

| Duplicated    0 dihedrals

--------------------------------------------------------------------------------
   1.  RESOURCE   USE: 
--------------------------------------------------------------------------------

 NATOM  =    1484 NTYPES =      14 NBONH =     756 MBONA  =     740
 NTHETH =    1738 MTHETA =     999 NPHIH =    3371 MPHIA  =    3192
 NHPARM =       0 NPARM  =       0 NNB   =    8243 NRES   =      97
 NBONA  =     740 NTHETA =     999 NPHIA =    3192 NUMBND =      59
 NUMANG =     140 NPTRA  =     178 NATYP =      30 NPHB   =       0
 IFBOX  =       0 NMXRS  =      24 IFCAP =       0 NEXTRA =       0
 NCOPY  =       0

 Implicit solvent radii are ArgH and AspGluO modified Bondi2 radii (mbondi3)                                
 Replacing prmtop screening parameters with GBn2 (igb=8) values
--------------------------------------------------------------------------------
   2.  CONTROL  DATA  FOR  THE  RUN
--------------------------------------------------------------------------------

default_name                                                                    

General flags:
     imin    =       0, nmropt  =       1

Nature and format of input:
     ntx     =       1, irest   =       0, ntrx    =       1

Nature and format of output:
     ntxo    =       1, ntpr    =    5000, ntrx    =       1, ntwr    =     500
     iwrap   =       0, ntwx    =    5000, ntwv    =       0, ntwe    =       0
     ioutfm  =       0, ntwprt  =       0, idecomp =       0, rbornstat=      0

Potential function:
     ntf     =       2, ntb     =       0, igb     =       8, nsnb    =      25
     ipol    =       0, gbsa    =       3, iesp    =       0
     dielc   =   1.00000, cut     =1000.00000, intdiel =   1.00000
     saltcon =   0.00000, offset  =   0.19514, surften =   0.00700
     rdt     =   0.00000, rgbmax  =  25.00000  extdiel =  78.50000
     alpb  =        0
     gbalphaH  =   0.78844, gbbetaH   =   0.79870,  gbgammaH  =    0.43733
     gbalphaC  =   0.73376, gbbetaC   =   0.50638,  gbgammaC  =    0.20584
     gbalphaN  =   0.50336, gbbetaN   =   0.31683,  gbgammaN  =    0.19292
     gbalphaOS =   0.86781, gbbetaOS  =   0.87664,  gbgammaOS =    0.38788
     gbalphaP  =   1.00000, gbbetaP   =   0.80000,  gbgammaP  =    4.85000
     gb_alpha_hnu  =   0.53705, gb_beta_hnu   =   0.36286,  gb_gamma_hnu  =    0.11670
     gb_alpha_cnu  =   0.33167, gb_beta_cnu   =   0.19684,  gb_gamma_cnu  =    0.09342
     gb_alpha_nnu  =   0.68631, gb_beta_nnu   =   0.46319,  gb_gamma_nnu  =    0.13872
     gb_alpha_onu  =   0.60634, gb_beta_onu   =   0.46301,  gb_gamma_onu  =    0.14226
     gb_alpha_pnu  =   0.41836, gb_beta_pnu   =   0.29005,  gb_gamma_pnu  =    0.10642

Frozen or restrained atoms:
     ibelly  =       0, ntr     =       1
     restraint_wt =  10.00000

Molecular dynamics:
     nstlim  =    500000, nscm    =         0, nrespa  =         1
     t       =   0.00000, dt      =   0.00200, vlimit  =  20.00000

Langevin dynamics temperature regulation:
     ig      =  348508
     temp0   = 100.00000, tempi   =   0.00000, gamma_ln=   1.00000

SHAKE:
     ntc     =       2, jfastw  =       0
     tol     =   0.00001

NMR refinement options:
     iscale  =       0, noeskp  =       1, ipnlty  =       1, mxsub   =       1
     scalm   = 100.00000, pencut  =   0.10000, tausw   =   0.10000

| Intermolecular bonds treatment:
|     no_intermolecular_bonds =       1

| Energy averages sample interval:
|     ene_avg_sampling =    5000

    LOADING THE CONSTRAINED ATOMS AS GROUPS


   5.  REFERENCE ATOM COORDINATES

  default_name                                                                    
     Mask @CA,N,C,O; matches   388 atoms

--------------------------------------------------------------------------------
   3.  ATOMIC COORDINATES AND VELOCITIES
--------------------------------------------------------------------------------

default_name                                                                    
 begin time read from input coords =     0.000 ps



           Begin reading energy term weight changes/NMR restraints
 WEIGHT CHANGES:
 TEMP0         0 500000  100.000000  300.000000      0      0

 RESTRAINTS:
                          ** No restraint defined **

                  Done reading weight changes/NMR restraints


 
 Number of triangulated 3-point waters found:        0
| Dynamic Memory, Types Used:
| Reals               52123
| Integers           177081

--------------------------------------------------------------------------------
   4.  RESULTS
--------------------------------------------------------------------------------


 NSTEP =        0   TIME(PS) =       0.000  TEMP(K) =     0.00  PRESS =     0.0
 Etot   =     -2465.7266  EKtot   =         0.0000  EPtot      =     -2465.7266
 BOND   =        39.8698  ANGLE   =       194.0728  DIHED      =      1042.5064
 1-4 NB =       285.1158  1-4 EEL =      5628.4039  VDWAALS    =      -707.5900
 EELEC  =     -7409.9394  EGB     =     -1578.6514  RESTRAINT  =         0.0000
 ESURF=        40.4855
 ------------------------------------------------------------------------------

 NMR restraints: Bond =    0.000   Angle =     0.000   Torsion =     0.000
===============================================================================

 NSTEP =     5000   TIME(PS) =      10.000  TEMP(K) =   100.86  PRESS =     0.0
 Etot   =     -1799.6201  EKtot   =       370.3866  EPtot      =     -2170.0067
 BOND   =       113.5801  ANGLE   =       390.6935  DIHED      =      1057.6172
 1-4 NB =       291.3159  1-4 EEL =      5608.6461  VDWAALS    =      -684.6082
 EELEC  =     -7477.1817  EGB     =     -1543.1706  RESTRAINT  =        32.3695
 EAMBER (non-restraint)  =     -2202.3762
 ESURF=        40.7316
 ------------------------------------------------------------------------------

 NMR restraints: Bond =    0.000   Angle =     0.000   Torsion =     0.000
===============================================================================

 NSTEP =    10000   TIME(PS) =      20.000  TEMP(K) =   102.47  PRESS =     0.0
 Etot   =     -1777.8545  EKtot   =       376.3110  EPtot      =     -2154.1655
 BOND   =       123.5526  ANGLE   =       384.7262  DIHED      =      1053.4759
 1-4 NB =       300.5802  1-4 EEL =      5610.9425  VDWAALS    =      -680.8781
 EELEC  =     -7514.0572  EGB     =     -1507.7998  RESTRAINT  =        34.8265
 EAMBER (non-restraint)  =     -2188.9920
 ESURF=        40.4658
 ------------------------------------------------------------------------------

 NMR restraints: Bond =    0.000   Angle =     0.000   Torsion =     0.000
===============================================================================

 NSTEP =    15000   TIME(PS) =      30.000  TEMP(K) =   101.47  PRESS =     0.0
 Etot   =     -1776.7605  EKtot   =       372.6480  EPtot      =     -2149.4084
 BOND   =       128.5504  ANGLE   =       391.2102  DIHED      =      1060.0795
 1-4 NB =       302.7764  1-4 EEL =      5631.0822  VDWAALS    =      -687.6145
 EELEC  =     -7549.3291  EGB     =     -1495.5097  RESTRAINT  =        29.0913
 EAMBER (non-restraint)  =     -2178.4997
 ESURF=        40.2549
 ------------------------------------------------------------------------------

 NMR restraints: Bond =    0.000   Angle =     0.000   Torsion =     0.000
===============================================================================

 NSTEP =    20000   TIME(PS) =      40.000  TEMP(K) =   113.14  PRESS =     0.0
 Etot   =     -1724.4541  EKtot   =       415.4977  EPtot      =     -2139.9518
 BOND   =       132.4831  ANGLE   =       395.4692  DIHED      =      1060.0898
 1-4 NB =       293.1400  1-4 EEL =      5617.2848  VDWAALS    =      -697.9857
 EELEC  =     -7497.7870  EGB     =     -1519.9845  RESTRAINT  =        36.7040
 EAMBER (non-restraint)  =     -2176.6558
 ESURF=        40.6345
 ------------------------------------------------------------------------------

 NMR restraints: Bond =    0.000   Angle =     0.000   Torsion =     0.000
===============================================================================

 NSTEP =    25000   TIME(PS) =      50.000  TEMP(K) =   106.56  PRESS =     0.0
 Etot   =     -1745.5542  EKtot   =       391.3069  EPtot      =     -2136.8611
 BOND   =       125.9474  ANGLE   =       392.1166  DIHED      =      1060.6924
 1-4 NB =       296.8450  1-4 EEL =      5620.3279  VDWAALS    =      -687.2851
 EELEC  =     -7518.9845  EGB     =     -1500.7731  RESTRAINT  =        34.3236
 EAMBER (non-restraint)  =     -2171.1847
 ESURF=        39.9286
 ------------------------------------------------------------------------------

 NMR restraints: Bond =    0.000   Angle =     0.000   Torsion =     0.000
===============================================================================

 NSTEP =    30000   TIME(PS) =      60.000  TEMP(K) =   111.77  PRESS =     0.0
 Etot   =     -1718.5511  EKtot   =       410.4648  EPtot      =     -2129.0159
 BOND   =       136.8430  ANGLE   =       412.0313  DIHED      =      1045.3223
 1-4 NB =       292.4379  1-4 EEL =      5633.0372  VDWAALS    =      -685.7440
 EELEC  =     -7531.3552  EGB     =     -1503.8534  RESTRAINT  =        31.9970
 EAMBER (non-restraint)  =     -2161.0129
 ESURF=        40.2679
 ------------------------------------------------------------------------------

 NMR restraints: Bond =    0.000   Angle =     0.000   Torsion =     0.000
===============================================================================

 NSTEP =    35000   TIME(PS) =      70.000  TEMP(K) =   113.00  PRESS =     0.0
 Etot   =     -1710.6152  EKtot   =       414.9655  EPtot      =     -2125.5807
 BOND   =       125.7797  ANGLE   =       400.0098  DIHED      =      1051.6690
 1-4 NB =       299.6344  1-4 EEL =      5606.5508  VDWAALS    =      -675.9751
 EELEC  =     -7496.9182  EGB     =     -1510.4916  RESTRAINT  =        33.5776
 EAMBER (non-restraint)  =     -2159.1583
 ESURF=        40.5830
 ------------------------------------------------------------------------------

 NMR restraints: Bond =    0.000   Angle =     0.000   Torsion =     0.000
===============================================================================

 NSTEP =    40000   TIME(PS) =      80.000  TEMP(K) =   118.75  PRESS =     0.0
 Etot   =     -1673.6735  EKtot   =       436.0785  EPtot      =     -2109.7520
 BOND   =       122.5581  ANGLE   =       412.8800  DIHED      =      1068.6550
 1-4 NB =       298.6734  1-4 EEL =      5617.3749  VDWAALS    =      -684.3522
 EELEC  =     -7532.8247  EGB     =     -1488.5624  RESTRAINT  =        35.8102
 EAMBER (non-restraint)  =     -2145.5622
 ESURF=        40.0357
 ------------------------------------------------------------------------------

 NMR restraints: Bond =    0.000   Angle =     0.000   Torsion =     0.000
===============================================================================

 NSTEP =    45000   TIME(PS) =      90.000  TEMP(K) =   118.39  PRESS =     0.0
 Etot   =     -1681.0302  EKtot   =       434.7812  EPtot      =     -2115.8114
 BOND   =       133.6250  ANGLE   =       405.8985  DIHED      =      1059.3945
 1-4 NB =       290.8984  1-4 EEL =      5619.7227  VDWAALS    =      -681.4800
 EELEC  =     -7530.7950  EGB     =     -1489.9583  RESTRAINT  =        36.5385
 EAMBER (non-restraint)  =     -2152.3499
 ESURF=        40.3443
 ------------------------------------------------------------------------------

 NMR restraints: Bond =    0.000   Angle =     0.000   Torsion =     0.000
===============================================================================

 NSTEP =    50000   TIME(PS) =     100.000  TEMP(K) =   121.33  PRESS =     0.0
 Etot   =     -1638.2725  EKtot   =       445.5628  EPtot      =     -2083.8353
 BOND   =       141.1758  ANGLE   =       411.9998  DIHED      =      1070.0057
 1-4 NB =       300.9782  1-4 EEL =      5625.9709  VDWAALS    =      -677.8343
 EELEC  =     -7541.7921  EGB     =     -1493.6075  RESTRAINT  =        38.6789
 EAMBER (non-restraint)  =     -2122.5142
 ESURF=        40.5894
 ------------------------------------------------------------------------------

 NMR restraints: Bond =    0.000   Angle =     0.000   Torsion =     0.000
===============================================================================

 NSTEP =    55000   TIME(PS) =     110.000  TEMP(K) =   120.65  PRESS =     0.0
 Etot   =     -1657.5842  EKtot   =       443.0587  EPtot      =     -2100.6429
 BOND   =       136.9198  ANGLE   =       402.7228  DIHED      =      1060.4724
 1-4 NB =       298.8082  1-4 EEL =      5617.0270  VDWAALS    =      -677.0824
 EELEC  =     -7511.4016  EGB     =     -1507.0898  RESTRAINT  =        38.5692
 EAMBER (non-restraint)  =     -2139.2121
 ESURF=        40.4114
 ------------------------------------------------------------------------------

 NMR restraints: Bond =    0.000   Angle =     0.000   Torsion =     0.000
===============================================================================

 NSTEP =    60000   TIME(PS) =     120.000  TEMP(K) =   118.72  PRESS =     0.0
 Etot   =     -1653.9765  EKtot   =       435.9650  EPtot      =     -2089.9415
 BOND   =       143.1486  ANGLE   =       422.5337  DIHED      =      1065.2952
 1-4 NB =       290.9026  1-4 EEL =      5606.1365  VDWAALS    =      -685.4324
 EELEC  =     -7479.4080  EGB     =     -1532.8076  RESTRAINT  =        38.2772
 EAMBER (non-restraint)  =     -2128.2188
 ESURF=        41.4127
 ------------------------------------------------------------------------------

 NMR restraints: Bond =    0.000   Angle =     0.000   Torsion =     0.000
===============================================================================

 NSTEP =    65000   TIME(PS) =     130.000  TEMP(K) =   122.72  PRESS =     0.0
 Etot   =     -1624.6739  EKtot   =       450.6693  EPtot      =     -2075.3432
 BOND   =       133.5647  ANGLE   =       424.7752  DIHED      =      1064.7689
 1-4 NB =       302.7346  1-4 EEL =      5619.2451  VDWAALS    =      -688.1192
 EELEC  =     -7438.6322  EGB     =     -1570.9707  RESTRAINT  =        36.1448
 EAMBER (non-restraint)  =     -2111.4880
 ESURF=        41.1457
 ------------------------------------------------------------------------------

 NMR restraints: Bond =    0.000   Angle =     0.000   Torsion =     0.000
===============================================================================

 NSTEP =    70000   TIME(PS) =     140.000  TEMP(K) =   128.77  PRESS =     0.0
 Etot   =     -1607.7276  EKtot   =       472.8800  EPtot      =     -2080.6076
 BOND   =       139.1927  ANGLE   =       422.0403  DIHED      =      1065.2735
 1-4 NB =       298.8217  1-4 EEL =      5606.6879  VDWAALS    =      -683.9367
 EELEC  =     -7429.4461  EGB     =     -1577.2910  RESTRAINT  =        36.7738
 EAMBER (non-restraint)  =     -2117.3814
 ESURF=        41.2763
 ------------------------------------------------------------------------------

 NMR restraints: Bond =    0.000   Angle =     0.000   Torsion =     0.000
===============================================================================

 NSTEP =    75000   TIME(PS) =     150.000  TEMP(K) =   128.77  PRESS =     0.0
 Etot   =     -1582.3062  EKtot   =       472.8833  EPtot      =     -2055.1895
 BOND   =       143.6672  ANGLE   =       444.4574  DIHED      =      1060.3694
 1-4 NB =       298.6673  1-4 EEL =      5617.8530  VDWAALS    =      -687.2555
 EELEC  =     -7462.9623  EGB     =     -1547.8899  RESTRAINT  =        36.7627
 EAMBER (non-restraint)  =     -2091.9521
 ESURF=        41.1411
 ------------------------------------------------------------------------------

 NMR restraints: Bond =    0.000   Angle =     0.000   Torsion =     0.000
===============================================================================

 NSTEP =    80000   TIME(PS) =     160.000  TEMP(K) =   132.92  PRESS =     0.0
 Etot   =     -1571.5919  EKtot   =       488.1314  EPtot      =     -2059.7233
 BOND   =       139.3958  ANGLE   =       428.4020  DIHED      =      1069.2223
 1-4 NB =       304.8309  1-4 EEL =      5637.2605  VDWAALS    =      -687.5590
 EELEC  =     -7502.7626  EGB     =     -1532.7182  RESTRAINT  =        43.4410
 EAMBER (non-restraint)  =     -2103.1643
 ESURF=        40.7640
 ------------------------------------------------------------------------------

 NMR restraints: Bond =    0.000   Angle =     0.000   Torsion =     0.000
===============================================================================

 NSTEP =    85000   TIME(PS) =     170.000  TEMP(K) =   132.83  PRESS =     0.0
 Etot   =     -1565.3119  EKtot   =       487.8067  EPtot      =     -2053.1186
 BOND   =       147.6365  ANGLE   =       431.0243  DIHED      =      1074.6806
 1-4 NB =       298.1975  1-4 EEL =      5629.0617  VDWAALS    =      -683.9671
 EELEC  =     -7487.4476  EGB     =     -1538.0351  RESTRAINT  =        34.9873
 EAMBER (non-restraint)  =     -2088.1059
 ESURF=        40.7431
 ------------------------------------------------------------------------------

 NMR restraints: Bond =    0.000   Angle =     0.000   Torsion =     0.000
===============================================================================

 NSTEP =    90000   TIME(PS) =     180.000  TEMP(K) =   138.81  PRESS =     0.0
 Etot   =     -1537.3955  EKtot   =       509.7602  EPtot      =     -2047.1557
 BOND   =       153.3783  ANGLE   =       451.4438  DIHED      =      1065.5299
 1-4 NB =       290.1596  1-4 EEL =      5607.1457  VDWAALS    =      -690.3228
 EELEC  =     -7483.3326  EGB     =     -1526.5163  RESTRAINT  =        44.1414
 EAMBER (non-restraint)  =     -2091.2971
 ESURF=        41.2172
 ------------------------------------------------------------------------------

 NMR restraints: Bond =    0.000   Angle =     0.000   Torsion =     0.000
===============================================================================

 NSTEP =    95000   TIME(PS) =     190.000  TEMP(K) =   139.07  PRESS =     0.0
 Etot   =     -1525.8786  EKtot   =       510.7104  EPtot      =     -2036.5889
 BOND   =       140.0257  ANGLE   =       444.0928  DIHED      =      1079.1636
 1-4 NB =       293.4592  1-4 EEL =      5618.5685  VDWAALS    =      -681.3074
 EELEC  =     -7458.4094  EGB     =     -1554.2720  RESTRAINT  =        40.4943
 EAMBER (non-restraint)  =     -2077.0833
 ESURF=        41.5956
 ------------------------------------------------------------------------------

 NMR restraints: Bond =    0.000   Angle =     0.000   Torsion =     0.000
===============================================================================

 NSTEP =   100000   TIME(PS) =     200.000  TEMP(K) =   140.52  PRESS =     0.0
 Etot   =     -1520.3958  EKtot   =       516.0375  EPtot      =     -2036.4334
 BOND   =       137.0816  ANGLE   =       433.5479  DIHED      =      1065.2509
 1-4 NB =       307.5043  1-4 EEL =      5641.7559  VDWAALS    =      -668.3020
 EELEC  =     -7495.9243  EGB     =     -1541.2721  RESTRAINT  =        43.1693
 EAMBER (non-restraint)  =     -2079.6026
 ESURF=        40.7552
 ------------------------------------------------------------------------------

 NMR restraints: Bond =    0.000   Angle =     0.000   Torsion =     0.000
===============================================================================

 NSTEP =   105000   TIME(PS) =     210.000  TEMP(K) =   142.59  PRESS =     0.0
 Etot   =     -1476.8621  EKtot   =       523.6541  EPtot      =     -2000.5162
 BOND   =       161.2137  ANGLE   =       455.2312  DIHED      =      1066.7165
 1-4 NB =       301.9942  1-4 EEL =      5622.1080  VDWAALS    =      -663.5808
 EELEC  =     -7477.7985  EGB     =     -1552.8395  RESTRAINT  =        45.4361
 EAMBER (non-restraint)  =     -2045.9523
 ESURF=        41.0030
 ------------------------------------------------------------------------------

 NMR restraints: Bond =    0.000   Angle =     0.000   Torsion =     0.000
===============================================================================

 NSTEP =   110000   TIME(PS) =     220.000  TEMP(K) =   145.23  PRESS =     0.0
 Etot   =     -1492.8186  EKtot   =       533.3379  EPtot      =     -2026.1565
 BOND   =       138.5627  ANGLE   =       442.8103  DIHED      =      1069.0158
 1-4 NB =       313.1241  1-4 EEL =      5645.9106  VDWAALS    =      -679.0877
 EELEC  =     -7481.6034  EGB     =     -1559.9448  RESTRAINT  =        43.0582
 EAMBER (non-restraint)  =     -2069.2147
 ESURF=        41.9976
 ------------------------------------------------------------------------------

 NMR restraints: Bond =    0.000   Angle =     0.000   Torsion =     0.000
===============================================================================

 NSTEP =   115000   TIME(PS) =     230.000  TEMP(K) =   144.94  PRESS =     0.0
 Etot   =     -1468.3756  EKtot   =       532.2599  EPtot      =     -2000.6355
 BOND   =       141.6786  ANGLE   =       478.8164  DIHED      =      1068.6074
 1-4 NB =       300.8045  1-4 EEL =      5615.5457  VDWAALS    =      -669.9439
 EELEC  =     -7472.3316  EGB     =     -1548.5076  RESTRAINT  =        43.6247
 EAMBER (non-restraint)  =     -2044.2602
 ESURF=        41.0701
 ------------------------------------------------------------------------------

 NMR restraints: Bond =    0.000   Angle =     0.000   Torsion =     0.000
===============================================================================

 NSTEP =   120000   TIME(PS) =     240.000  TEMP(K) =   145.58  PRESS =     0.0
 Etot   =     -1448.9031  EKtot   =       534.6235  EPtot      =     -1983.5266
 BOND   =       163.4599  ANGLE   =       468.1770  DIHED      =      1071.8780
 1-4 NB =       301.4807  1-4 EEL =      5612.0343  VDWAALS    =      -677.8286
 EELEC  =     -7461.5718  EGB     =     -1550.4467  RESTRAINT  =        47.6574
 EAMBER (non-restraint)  =     -2031.1840
 ESURF=        41.6332
 ------------------------------------------------------------------------------

 NMR restraints: Bond =    0.000   Angle =     0.000   Torsion =     0.000
===============================================================================

 NSTEP =   125000   TIME(PS) =     250.000  TEMP(K) =   149.25  PRESS =     0.0
 Etot   =     -1427.9859  EKtot   =       548.0835  EPtot      =     -1976.0694
 BOND   =       147.4670  ANGLE   =       467.2689  DIHED      =      1087.9214
 1-4 NB =       304.3354  1-4 EEL =      5649.9334  VDWAALS    =      -686.8613
 EELEC  =     -7522.6672  EGB     =     -1514.7363  RESTRAINT  =        50.2257
 EAMBER (non-restraint)  =     -2026.2951
 ESURF=        41.0437
 ------------------------------------------------------------------------------

 NMR restraints: Bond =    0.000   Angle =     0.000   Torsion =     0.000
===============================================================================

 NSTEP =   130000   TIME(PS) =     260.000  TEMP(K) =   150.77  PRESS =     0.0
 Etot   =     -1441.5256  EKtot   =       553.6613  EPtot      =     -1995.1869
 BOND   =       144.8761  ANGLE   =       470.8803  DIHED      =      1076.5926
 1-4 NB =       311.5150  1-4 EEL =      5624.1385  VDWAALS    =      -674.3637
 EELEC  =     -7525.2791  EGB     =     -1508.1747  RESTRAINT  =        44.1570
 EAMBER (non-restraint)  =     -2039.3439
 ESURF=        40.4711
 ------------------------------------------------------------------------------

 NMR restraints: Bond =    0.000   Angle =     0.000   Torsion =     0.000
===============================================================================

 NSTEP =   135000   TIME(PS) =     270.000  TEMP(K) =   151.11  PRESS =     0.0
 Etot   =     -1411.3343  EKtot   =       554.9394  EPtot      =     -1966.2737
 BOND   =       148.0630  ANGLE   =       486.5669  DIHED      =      1071.3047
 1-4 NB =       307.6757  1-4 EEL =      5645.2789  VDWAALS    =      -674.1921
 EELEC  =     -7478.5918  EGB     =     -1561.1271  RESTRAINT  =        47.3343
 EAMBER (non-restraint)  =     -2013.6080
 ESURF=        41.4137
 ------------------------------------------------------------------------------

 NMR restraints: Bond =    0.000   Angle =     0.000   Torsion =     0.000
===============================================================================

 NSTEP =   140000   TIME(PS) =     280.000  TEMP(K) =   155.25  PRESS =     0.0
 Etot   =     -1407.5192  EKtot   =       570.1295  EPtot      =     -1977.6488
 BOND   =       167.3695  ANGLE   =       460.9866  DIHED      =      1074.3837
 1-4 NB =       299.1359  1-4 EEL =      5634.0594  VDWAALS    =      -667.2813
 EELEC  =     -7486.6355  EGB     =     -1546.4838  RESTRAINT  =        45.9847
 EAMBER (non-restraint)  =     -2023.6334
 ESURF=        40.8321
 ------------------------------------------------------------------------------

 NMR restraints: Bond =    0.000   Angle =     0.000   Torsion =     0.000
===============================================================================

 NSTEP =   145000   TIME(PS) =     290.000  TEMP(K) =   161.74  PRESS =     0.0
 Etot   =     -1383.0237  EKtot   =       593.9689  EPtot      =     -1976.9926
 BOND   =       154.8293  ANGLE   =       477.1052  DIHED      =      1074.4895
 1-4 NB =       304.9692  1-4 EEL =      5638.8280  VDWAALS    =      -674.7360
 EELEC  =     -7492.1323  EGB     =     -1543.7461  RESTRAINT  =        42.5175
 EAMBER (non-restraint)  =     -2019.5100
 ESURF=        40.8832
 ------------------------------------------------------------------------------

 NMR restraints: Bond =    0.000   Angle =     0.000   Torsion =     0.000
===============================================================================

 NSTEP =   150000   TIME(PS) =     300.000  TEMP(K) =   165.12  PRESS =     0.0
 Etot   =     -1352.4256  EKtot   =       606.3701  EPtot      =     -1958.7957
 BOND   =       161.4668  ANGLE   =       486.9627  DIHED      =      1081.8297
 1-4 NB =       300.4862  1-4 EEL =      5620.7058  VDWAALS    =      -671.0470
 EELEC  =     -7485.7172  EGB     =     -1542.7471  RESTRAINT  =        47.5328
 EAMBER (non-restraint)  =     -2006.3286
 ESURF=        41.7316
 ------------------------------------------------------------------------------

 NMR restraints: Bond =    0.000   Angle =     0.000   Torsion =     0.000
===============================================================================

 NSTEP =   155000   TIME(PS) =     310.000  TEMP(K) =   166.21  PRESS =     0.0
 Etot   =     -1344.9091  EKtot   =       610.3768  EPtot      =     -1955.2858
 BOND   =       173.2052  ANGLE   =       495.4928  DIHED      =      1089.9496
 1-4 NB =       290.7692  1-4 EEL =      5612.1690  VDWAALS    =      -674.5744
 EELEC  =     -7532.0463  EGB     =     -1501.3784  RESTRAINT  =        49.8996
 EAMBER (non-restraint)  =     -2005.1855
 ESURF=        41.2277
 ------------------------------------------------------------------------------

 NMR restraints: Bond =    0.000   Angle =     0.000   Torsion =     0.000
===============================================================================

 NSTEP =   160000   TIME(PS) =     320.000  TEMP(K) =   163.09  PRESS =     0.0
 Etot   =     -1337.9420  EKtot   =       598.9059  EPtot      =     -1936.8479
 BOND   =       164.3318  ANGLE   =       507.3993  DIHED      =      1072.3999
 1-4 NB =       308.8080  1-4 EEL =      5635.8783  VDWAALS    =      -676.0903
 EELEC  =     -7518.5324  EGB     =     -1519.7892  RESTRAINT  =        48.0592
 EAMBER (non-restraint)  =     -1984.9071
 ESURF=        40.6875
 ------------------------------------------------------------------------------

 NMR restraints: Bond =    0.000   Angle =     0.000   Torsion =     0.000
===============================================================================

 NSTEP =   165000   TIME(PS) =     330.000  TEMP(K) =   170.29  PRESS =     0.0
 Etot   =     -1319.5538  EKtot   =       625.3432  EPtot      =     -1944.8969
 BOND   =       181.3998  ANGLE   =       487.4768  DIHED      =      1076.4424
 1-4 NB =       300.6118  1-4 EEL =      5613.2331  VDWAALS    =      -675.6656
 EELEC  =     -7462.6002  EGB     =     -1555.8279  RESTRAINT  =        48.6581
 EAMBER (non-restraint)  =     -1993.5550
 ESURF=        41.3749
 ------------------------------------------------------------------------------

 NMR restraints: Bond =    0.000   Angle =     0.000   Torsion =     0.000
===============================================================================

 NSTEP =   170000   TIME(PS) =     340.000  TEMP(K) =   159.17  PRESS =     0.0
 Etot   =     -1308.9393  EKtot   =       584.5326  EPtot      =     -1893.4720
 BOND   =       167.5915  ANGLE   =       516.4147  DIHED      =      1095.6371
 1-4 NB =       310.8133  1-4 EEL =      5629.0991  VDWAALS    =      -663.8633
 EELEC  =     -7519.8590  EGB     =     -1521.8111  RESTRAINT  =        51.7837
 EAMBER (non-restraint)  =     -1945.2557
 ESURF=        40.7221
 ------------------------------------------------------------------------------

 NMR restraints: Bond =    0.000   Angle =     0.000   Torsion =     0.000
===============================================================================

 NSTEP =   175000   TIME(PS) =     350.000  TEMP(K) =   166.77  PRESS =     0.0
 Etot   =     -1286.4666  EKtot   =       612.4414  EPtot      =     -1898.9080
 BOND   =       183.1440  ANGLE   =       493.5177  DIHED      =      1092.7680
 1-4 NB =       306.2367  1-4 EEL =      5644.1744  VDWAALS    =      -673.7611
 EELEC  =     -7519.5653  EGB     =     -1520.6367  RESTRAINT  =        53.5272
 EAMBER (non-restraint)  =     -1952.4352
 ESURF=        41.6871
 ------------------------------------------------------------------------------

 NMR restraints: Bond =    0.000   Angle =     0.000   Torsion =     0.000
===============================================================================

 NSTEP =   180000   TIME(PS) =     360.000  TEMP(K) =   172.65  PRESS =     0.0
 Etot   =     -1265.1571  EKtot   =       634.0265  EPtot      =     -1899.1836
 BOND   =       171.2622  ANGLE   =       525.6649  DIHED      =      1087.2762
 1-4 NB =       302.1541  1-4 EEL =      5634.1778  VDWAALS    =      -664.3908
 EELEC  =     -7498.5062  EGB     =     -1550.0942  RESTRAINT  =        51.5819
 EAMBER (non-restraint)  =     -1950.7655
 ESURF=        41.6905
 ------------------------------------------------------------------------------

 NMR restraints: Bond =    0.000   Angle =     0.000   Torsion =     0.000
===============================================================================

 NSTEP =   185000   TIME(PS) =     370.000  TEMP(K) =   173.83  PRESS =     0.0
 Etot   =     -1271.4138  EKtot   =       638.3775  EPtot      =     -1909.7914
 BOND   =       174.5373  ANGLE   =       523.6251  DIHED      =      1083.2037
 1-4 NB =       298.9850  1-4 EEL =      5625.2656  VDWAALS    =      -674.4876
 EELEC  =     -7506.7592  EGB     =     -1522.8160  RESTRAINT  =        47.4686
 EAMBER (non-restraint)  =     -1957.2600
 ESURF=        41.1861
 ------------------------------------------------------------------------------

 NMR restraints: Bond =    0.000   Angle =     0.000   Torsion =     0.000
===============================================================================

 NSTEP =   190000   TIME(PS) =     380.000  TEMP(K) =   175.39  PRESS =     0.0
 Etot   =     -1254.3351  EKtot   =       644.1021  EPtot      =     -1898.4372
 BOND   =       176.8010  ANGLE   =       513.0178  DIHED      =      1091.0900
 1-4 NB =       298.9880  1-4 EEL =      5624.3451  VDWAALS    =      -670.3232
 EELEC  =     -7502.1002  EGB     =     -1521.3028  RESTRAINT  =        49.6547
 EAMBER (non-restraint)  =     -1948.0918
 ESURF=        41.3925
 ------------------------------------------------------------------------------

 NMR restraints: Bond =    0.000   Angle =     0.000   Torsion =     0.000
===============================================================================

 NSTEP =   195000   TIME(PS) =     390.000  TEMP(K) =   184.76  PRESS =     0.0
 Etot   =     -1187.1975  EKtot   =       678.5084  EPtot      =     -1865.7059
 BOND   =       195.7164  ANGLE   =       513.0164  DIHED      =      1094.3776
 1-4 NB =       308.8940  1-4 EEL =      5638.8402  VDWAALS    =      -663.9600
 EELEC  =     -7480.1126  EGB     =     -1571.5426  RESTRAINT  =        57.0013
 EAMBER (non-restraint)  =     -1922.7073
 ESURF=        42.0634
 ------------------------------------------------------------------------------

 NMR restraints: Bond =    0.000   Angle =     0.000   Torsion =     0.000
===============================================================================

 NSTEP =   200000   TIME(PS) =     400.000  TEMP(K) =   181.66  PRESS =     0.0
 Etot   =     -1205.4893  EKtot   =       667.1298  EPtot      =     -1872.6192
 BOND   =       176.3250  ANGLE   =       524.9012  DIHED      =      1092.1281
 1-4 NB =       302.6792  1-4 EEL =      5627.6489  VDWAALS    =      -673.4703
 EELEC  =     -7452.9227  EGB     =     -1565.8774  RESTRAINT  =        53.9816
 EAMBER (non-restraint)  =     -1926.6008
 ESURF=        41.9872
 ------------------------------------------------------------------------------

 NMR restraints: Bond =    0.000   Angle =     0.000   Torsion =     0.000
===============================================================================

 NSTEP =   205000   TIME(PS) =     410.000  TEMP(K) =   178.57  PRESS =     0.0
 Etot   =     -1226.9838  EKtot   =       655.7538  EPtot      =     -1882.7376
 BOND   =       176.0558  ANGLE   =       526.8039  DIHED      =      1093.9548
 1-4 NB =       300.7448  1-4 EEL =      5645.0908  VDWAALS    =      -673.6319
 EELEC  =     -7453.2595  EGB     =     -1594.1662  RESTRAINT  =        53.6411
 EAMBER (non-restraint)  =     -1936.3787
 ESURF=        42.0288
 ------------------------------------------------------------------------------

 NMR restraints: Bond =    0.000   Angle =     0.000   Torsion =     0.000
===============================================================================

 NSTEP =   210000   TIME(PS) =     420.000  TEMP(K) =   180.39  PRESS =     0.0
 Etot   =     -1212.9877  EKtot   =       662.4430  EPtot      =     -1875.4307
 BOND   =       190.1251  ANGLE   =       520.8904  DIHED      =      1075.5880
 1-4 NB =       315.7619  1-4 EEL =      5625.5415  VDWAALS    =      -660.7047
 EELEC  =     -7555.3976  EGB     =     -1484.9360  RESTRAINT  =        56.2759
 EAMBER (non-restraint)  =     -1931.7065
 ESURF=        41.4249
 ------------------------------------------------------------------------------

 NMR restraints: Bond =    0.000   Angle =     0.000   Torsion =     0.000
===============================================================================

 NSTEP =   215000   TIME(PS) =     430.000  TEMP(K) =   190.70  PRESS =     0.0
 Etot   =     -1133.6990  EKtot   =       700.3097  EPtot      =     -1834.0087
 BOND   =       192.0586  ANGLE   =       536.9909  DIHED      =      1092.9816
 1-4 NB =       309.5543  1-4 EEL =      5630.4094  VDWAALS    =      -668.2840
 EELEC  =     -7491.5740  EGB     =     -1527.5516  RESTRAINT  =        48.9450
 EAMBER (non-restraint)  =     -1882.9537
 ESURF=        42.4610
 ------------------------------------------------------------------------------

 NMR restraints: Bond =    0.000   Angle =     0.000   Torsion =     0.000
===============================================================================

 NSTEP =   220000   TIME(PS) =     440.000  TEMP(K) =   191.37  PRESS =     0.0
 Etot   =     -1117.8934  EKtot   =       702.7672  EPtot      =     -1820.6606
 BOND   =       207.2420  ANGLE   =       552.8990  DIHED      =      1092.1282
 1-4 NB =       298.0027  1-4 EEL =      5619.5681  VDWAALS    =      -675.2129
 EELEC  =     -7471.3907  EGB     =     -1546.5706  RESTRAINT  =        60.3043
 EAMBER (non-restraint)  =     -1880.9649
 ESURF=        42.3693
 ------------------------------------------------------------------------------

 NMR restraints: Bond =    0.000   Angle =     0.000   Torsion =     0.000
===============================================================================

 NSTEP =   225000   TIME(PS) =     450.000  TEMP(K) =   192.33  PRESS =     0.0
 Etot   =     -1169.6746  EKtot   =       706.2998  EPtot      =     -1875.9745
 BOND   =       189.0213  ANGLE   =       504.7562  DIHED      =      1091.1005
 1-4 NB =       306.0055  1-4 EEL =      5616.9711  VDWAALS    =      -664.4728
 EELEC  =     -7528.6629  EGB     =     -1487.7519  RESTRAINT  =        55.9770
 EAMBER (non-restraint)  =     -1931.9515
 ESURF=        41.0814
 ------------------------------------------------------------------------------

 NMR restraints: Bond =    0.000   Angle =     0.000   Torsion =     0.000
===============================================================================

 NSTEP =   230000   TIME(PS) =     460.000  TEMP(K) =   187.35  PRESS =     0.0
 Etot   =     -1153.6951  EKtot   =       688.0250  EPtot      =     -1841.7201
 BOND   =       183.4218  ANGLE   =       548.4355  DIHED      =      1090.1820
 1-4 NB =       306.5158  1-4 EEL =      5612.6287  VDWAALS    =      -660.4868
 EELEC  =     -7537.6593  EGB     =     -1483.4613  RESTRAINT  =        58.2998
 EAMBER (non-restraint)  =     -1900.0199
 ESURF=        40.4037
 ------------------------------------------------------------------------------

 NMR restraints: Bond =    0.000   Angle =     0.000   Torsion =     0.000
===============================================================================

 NSTEP =   235000   TIME(PS) =     470.000  TEMP(K) =   191.02  PRESS =     0.0
 Etot   =     -1133.9174  EKtot   =       701.4950  EPtot      =     -1835.4124
 BOND   =       169.9718  ANGLE   =       556.3814  DIHED      =      1087.7536
 1-4 NB =       311.6470  1-4 EEL =      5619.6880  VDWAALS    =      -658.8180
 EELEC  =     -7483.5184  EGB     =     -1540.2669  RESTRAINT  =        59.7384
 EAMBER (non-restraint)  =     -1895.1508
 ESURF=        42.0107
 ------------------------------------------------------------------------------

 NMR restraints: Bond =    0.000   Angle =     0.000   Torsion =     0.000
===============================================================================

 NSTEP =   240000   TIME(PS) =     480.000  TEMP(K) =   188.19  PRESS =     0.0
 Etot   =     -1137.4017  EKtot   =       691.0847  EPtot      =     -1828.4864
 BOND   =       180.3112  ANGLE   =       554.3827  DIHED      =      1104.9834
 1-4 NB =       314.9150  1-4 EEL =      5630.2872  VDWAALS    =      -666.9065
 EELEC  =     -7539.2888  EGB     =     -1503.9416  RESTRAINT  =        55.9664
 EAMBER (non-restraint)  =     -1884.4528
 ESURF=        40.8047
 ------------------------------------------------------------------------------

 NMR restraints: Bond =    0.000   Angle =     0.000   Torsion =     0.000
===============================================================================

 NSTEP =   245000   TIME(PS) =     490.000  TEMP(K) =   196.83  PRESS =     0.0
 Etot   =     -1066.5432  EKtot   =       722.8141  EPtot      =     -1789.3573
 BOND   =       194.0871  ANGLE   =       543.5014  DIHED      =      1114.2289
 1-4 NB =       311.5738  1-4 EEL =      5647.7234  VDWAALS    =      -663.7300
 EELEC  =     -7542.5769  EGB     =     -1486.1987  RESTRAINT  =        51.1723
 EAMBER (non-restraint)  =     -1840.5296
 ESURF=        40.8613
 ------------------------------------------------------------------------------

 NMR restraints: Bond =    0.000   Angle =     0.000   Torsion =     0.000
===============================================================================

 NSTEP =   250000   TIME(PS) =     500.000  TEMP(K) =   193.08  PRESS =     0.0
 Etot   =     -1105.1008  EKtot   =       709.0405  EPtot      =     -1814.1414
 BOND   =       197.4167  ANGLE   =       562.0816  DIHED      =      1085.8119
 1-4 NB =       310.9228  1-4 EEL =      5610.0819  VDWAALS    =      -668.5906
 EELEC  =     -7493.4383  EGB     =     -1520.0668  RESTRAINT  =        60.2011
 EAMBER (non-restraint)  =     -1874.3425
 ESURF=        41.4384
 ------------------------------------------------------------------------------

 NMR restraints: Bond =    0.000   Angle =     0.000   Torsion =     0.000
===============================================================================

 NSTEP =   255000   TIME(PS) =     510.000  TEMP(K) =   200.39  PRESS =     0.0
 Etot   =     -1027.6567  EKtot   =       735.8835  EPtot      =     -1763.5403
 BOND   =       197.3070  ANGLE   =       564.0999  DIHED      =      1112.8256
 1-4 NB =       316.1217  1-4 EEL =      5632.9580  VDWAALS    =      -660.0588
 EELEC  =     -7481.4820  EGB     =     -1546.3803  RESTRAINT  =        59.1727
 EAMBER (non-restraint)  =     -1822.7129
 ESURF=        41.8959
 ------------------------------------------------------------------------------

 NMR restraints: Bond =    0.000   Angle =     0.000   Torsion =     0.000
===============================================================================

 NSTEP =   260000   TIME(PS) =     520.000  TEMP(K) =   204.62  PRESS =     0.0
 Etot   =     -1020.0760  EKtot   =       751.4273  EPtot      =     -1771.5034
 BOND   =       200.7045  ANGLE   =       592.0880  DIHED      =      1092.0106
 1-4 NB =       304.0161  1-4 EEL =      5607.5184  VDWAALS    =      -665.5025
 EELEC  =     -7505.1059  EGB     =     -1499.2568  RESTRAINT  =        60.4360
 EAMBER (non-restraint)  =     -1831.9393
 ESURF=        41.5881
 ------------------------------------------------------------------------------

 NMR restraints: Bond =    0.000   Angle =     0.000   Torsion =     0.000
===============================================================================

 NSTEP =   265000   TIME(PS) =     530.000  TEMP(K) =   202.39  PRESS =     0.0
 Etot   =     -1047.7700  EKtot   =       743.2298  EPtot      =     -1790.9998
 BOND   =       192.4126  ANGLE   =       554.4352  DIHED      =      1117.9030
 1-4 NB =       304.8728  1-4 EEL =      5624.4965  VDWAALS    =      -676.9012
 EELEC  =     -7521.3019  EGB     =     -1494.5346  RESTRAINT  =        66.8261
 EAMBER (non-restraint)  =     -1857.8260
 ESURF=        40.7916
 ------------------------------------------------------------------------------

 NMR restraints: Bond =    0.000   Angle =     0.000   Torsion =     0.000
===============================================================================

 NSTEP =   270000   TIME(PS) =     540.000  TEMP(K) =   200.12  PRESS =     0.0
 Etot   =     -1042.8509  EKtot   =       734.9051  EPtot      =     -1777.7560
 BOND   =       210.0991  ANGLE   =       568.6837  DIHED      =      1114.1153
 1-4 NB =       302.2870  1-4 EEL =      5623.9552  VDWAALS    =      -666.7463
 EELEC  =     -7532.3562  EGB     =     -1495.8889  RESTRAINT  =        57.0004
 EAMBER (non-restraint)  =     -1834.7564
 ESURF=        41.0946
 ------------------------------------------------------------------------------

 NMR restraints: Bond =    0.000   Angle =     0.000   Torsion =     0.000
===============================================================================

 NSTEP =   275000   TIME(PS) =     550.000  TEMP(K) =   205.36  PRESS =     0.0
 Etot   =     -1039.1373  EKtot   =       754.1370  EPtot      =     -1793.2743
 BOND   =       181.5561  ANGLE   =       578.5618  DIHED      =      1099.7495
 1-4 NB =       315.1742  1-4 EEL =      5625.5349  VDWAALS    =      -663.9713
 EELEC  =     -7489.7860  EGB     =     -1539.9788  RESTRAINT  =        58.4001
 EAMBER (non-restraint)  =     -1851.6744
 ESURF=        41.4853
 ------------------------------------------------------------------------------

 NMR restraints: Bond =    0.000   Angle =     0.000   Torsion =     0.000
===============================================================================

 NSTEP =   280000   TIME(PS) =     560.000  TEMP(K) =   206.70  PRESS =     0.0
 Etot   =      -984.5001  EKtot   =       759.0879  EPtot      =     -1743.5880
 BOND   =       192.9196  ANGLE   =       600.0438  DIHED      =      1114.4203
 1-4 NB =       308.5149  1-4 EEL =      5637.2963  VDWAALS    =      -653.8679
 EELEC  =     -7523.7156  EGB     =     -1526.4558  RESTRAINT  =        65.6203
 EAMBER (non-restraint)  =     -1809.2083
 ESURF=        41.6360
 ------------------------------------------------------------------------------

 NMR restraints: Bond =    0.000   Angle =     0.000   Torsion =     0.000
===============================================================================

 NSTEP =   285000   TIME(PS) =     570.000  TEMP(K) =   211.26  PRESS =     0.0
 Etot   =      -964.1052  EKtot   =       775.8124  EPtot      =     -1739.9176
 BOND   =       208.5203  ANGLE   =       594.8930  DIHED      =      1110.5707
 1-4 NB =       311.0512  1-4 EEL =      5637.8996  VDWAALS    =      -669.6412
 EELEC  =     -7561.0704  EGB     =     -1477.3148  RESTRAINT  =        64.7932
 EAMBER (non-restraint)  =     -1804.7108
 ESURF=        40.3807
 ------------------------------------------------------------------------------

 NMR restraints: Bond =    0.000   Angle =     0.000   Torsion =     0.000
===============================================================================

 NSTEP =   290000   TIME(PS) =     580.000  TEMP(K) =   215.66  PRESS =     0.0
 Etot   =      -914.2893  EKtot   =       791.9644  EPtot      =     -1706.2537
 BOND   =       228.3955  ANGLE   =       590.1862  DIHED      =      1115.3235
 1-4 NB =       314.4655  1-4 EEL =      5622.0931  VDWAALS    =      -664.8888
 EELEC  =     -7439.5510  EGB     =     -1576.2731  RESTRAINT  =        61.0280
 EAMBER (non-restraint)  =     -1767.2816
 ESURF=        42.9675
 ------------------------------------------------------------------------------

 NMR restraints: Bond =    0.000   Angle =     0.000   Torsion =     0.000
===============================================================================

 NSTEP =   295000   TIME(PS) =     590.000  TEMP(K) =   212.34  PRESS =     0.0
 Etot   =      -932.4138  EKtot   =       779.7963  EPtot      =     -1712.2100
 BOND   =       230.2516  ANGLE   =       582.4708  DIHED      =      1110.7757
 1-4 NB =       313.6790  1-4 EEL =      5645.0291  VDWAALS    =      -673.8515
 EELEC  =     -7503.0558  EGB     =     -1522.7624  RESTRAINT  =        64.7108
 EAMBER (non-restraint)  =     -1776.9208
 ESURF=        40.5427
 ------------------------------------------------------------------------------

 NMR restraints: Bond =    0.000   Angle =     0.000   Torsion =     0.000
===============================================================================

 NSTEP =   300000   TIME(PS) =     600.000  TEMP(K) =   211.14  PRESS =     0.0
 Etot   =      -912.2351  EKtot   =       775.3930  EPtot      =     -1687.6280
 BOND   =       202.9016  ANGLE   =       633.4753  DIHED      =      1116.4770
 1-4 NB =       321.2295  1-4 EEL =      5622.0745  VDWAALS    =      -672.0984
 EELEC  =     -7515.0499  EGB     =     -1502.0279  RESTRAINT  =        64.9855
 EAMBER (non-restraint)  =     -1752.6135
 ESURF=        40.4049
 ------------------------------------------------------------------------------

 NMR restraints: Bond =    0.000   Angle =     0.000   Torsion =     0.000
===============================================================================

 NSTEP =   305000   TIME(PS) =     610.000  TEMP(K) =   224.72  PRESS =     0.0
 Etot   =      -906.7195  EKtot   =       825.2454  EPtot      =     -1731.9650
 BOND   =       216.2294  ANGLE   =       584.7808  DIHED      =      1119.7792
 1-4 NB =       307.1805  1-4 EEL =      5641.9580  VDWAALS    =      -678.1477
 EELEC  =     -7490.1020  EGB     =     -1538.3257  RESTRAINT  =        62.9798
 EAMBER (non-restraint)  =     -1794.9448
 ESURF=        41.7028
 ------------------------------------------------------------------------------

 NMR restraints: Bond =    0.000   Angle =     0.000   Torsion =     0.000
===============================================================================

 NSTEP =   310000   TIME(PS) =     620.000  TEMP(K) =   223.29  PRESS =     0.0
 Etot   =      -858.9351  EKtot   =       819.9958  EPtot      =     -1678.9309
 BOND   =       214.4018  ANGLE   =       624.5720  DIHED      =      1111.5549
 1-4 NB =       316.3010  1-4 EEL =      5659.3859  VDWAALS    =      -664.2956
 EELEC  =     -7478.3513  EGB     =     -1563.9302  RESTRAINT  =        60.8561
 EAMBER (non-restraint)  =     -1739.7870
 ESURF=        40.5745
 ------------------------------------------------------------------------------

 NMR restraints: Bond =    0.000   Angle =     0.000   Torsion =     0.000
===============================================================================

 NSTEP =   315000   TIME(PS) =     630.000  TEMP(K) =   223.05  PRESS =     0.0
 Etot   =      -894.6160  EKtot   =       819.0995  EPtot      =     -1713.7155
 BOND   =       216.2415  ANGLE   =       612.1281  DIHED      =      1103.1450
 1-4 NB =       312.9929  1-4 EEL =      5642.7252  VDWAALS    =      -671.5861
 EELEC  =     -7465.1601  EGB     =     -1571.1157  RESTRAINT  =        65.0141
 EAMBER (non-restraint)  =     -1778.7295
 ESURF=        41.8996
 ------------------------------------------------------------------------------

 NMR restraints: Bond =    0.000   Angle =     0.000   Torsion =     0.000
===============================================================================

 NSTEP =   320000   TIME(PS) =     640.000  TEMP(K) =   236.20  PRESS =     0.0
 Etot   =      -795.7597  EKtot   =       867.4064  EPtot      =     -1663.1661
 BOND   =       226.4636  ANGLE   =       633.8835  DIHED      =      1112.7497
 1-4 NB =       306.9572  1-4 EEL =      5625.3237  VDWAALS    =      -658.7309
 EELEC  =     -7466.4066  EGB     =     -1555.9390  RESTRAINT  =        71.2423
 EAMBER (non-restraint)  =     -1734.4084
 ESURF=        41.2902
 ------------------------------------------------------------------------------

 NMR restraints: Bond =    0.000   Angle =     0.000   Torsion =     0.000
===============================================================================

 NSTEP =   325000   TIME(PS) =     650.000  TEMP(K) =   227.52  PRESS =     0.0
 Etot   =      -858.2446  EKtot   =       835.5298  EPtot      =     -1693.7744
 BOND   =       209.0817  ANGLE   =       641.1974  DIHED      =      1115.4300
 1-4 NB =       307.7053  1-4 EEL =      5625.6076  VDWAALS    =      -668.9512
 EELEC  =     -7483.3081  EGB     =     -1539.7284  RESTRAINT  =        57.3196
 EAMBER (non-restraint)  =     -1751.0940
 ESURF=        41.8717
 ------------------------------------------------------------------------------

 NMR restraints: Bond =    0.000   Angle =     0.000   Torsion =     0.000
===============================================================================

 NSTEP =   330000   TIME(PS) =     660.000  TEMP(K) =   237.51  PRESS =     0.0
 Etot   =      -811.2904  EKtot   =       872.2246  EPtot      =     -1683.5150
 BOND   =       203.4018  ANGLE   =       607.8243  DIHED      =      1128.8118
 1-4 NB =       318.0026  1-4 EEL =      5616.9921  VDWAALS    =      -654.9153
 EELEC  =     -7458.8689  EGB     =     -1549.0243  RESTRAINT  =        61.6692
 EAMBER (non-restraint)  =     -1745.1842
 ESURF=        42.5916
 ------------------------------------------------------------------------------

 NMR restraints: Bond =    0.000   Angle =     0.000   Torsion =     0.000
===============================================================================

 NSTEP =   335000   TIME(PS) =     670.000  TEMP(K) =   233.18  PRESS =     0.0
 Etot   =      -783.9835  EKtot   =       856.3088  EPtot      =     -1640.2923
 BOND   =       235.9632  ANGLE   =       636.1281  DIHED      =      1113.9059
 1-4 NB =       312.3138  1-4 EEL =      5630.6474  VDWAALS    =      -652.2206
 EELEC  =     -7480.4144  EGB     =     -1546.6328  RESTRAINT  =        68.5415
 EAMBER (non-restraint)  =     -1708.8338
 ESURF=        41.4756
 ------------------------------------------------------------------------------

 NMR restraints: Bond =    0.000   Angle =     0.000   Torsion =     0.000
===============================================================================

 NSTEP =   340000   TIME(PS) =     680.000  TEMP(K) =   243.61  PRESS =     0.0
 Etot   =      -777.0610  EKtot   =       894.6177  EPtot      =     -1671.6787
 BOND   =       209.5972  ANGLE   =       644.5771  DIHED      =      1116.0956
 1-4 NB =       311.3418  1-4 EEL =      5659.4283  VDWAALS    =      -658.8746
 EELEC  =     -7571.5237  EGB     =     -1495.2782  RESTRAINT  =        71.9102
 EAMBER (non-restraint)  =     -1743.5889
 ESURF=        41.0478
 ------------------------------------------------------------------------------

 NMR restraints: Bond =    0.000   Angle =     0.000   Torsion =     0.000
===============================================================================

 NSTEP =   345000   TIME(PS) =     690.000  TEMP(K) =   246.47  PRESS =     0.0
 Etot   =      -709.4925  EKtot   =       905.1322  EPtot      =     -1614.6247
 BOND   =       245.7905  ANGLE   =       652.1591  DIHED      =      1119.8813
 1-4 NB =       306.9927  1-4 EEL =      5629.7428  VDWAALS    =      -661.2214
 EELEC  =     -7466.0368  EGB     =     -1552.1219  RESTRAINT  =        67.6779
 EAMBER (non-restraint)  =     -1682.3026
 ESURF=        42.5110
 ------------------------------------------------------------------------------

 NMR restraints: Bond =    0.000   Angle =     0.000   Torsion =     0.000
===============================================================================

 NSTEP =   350000   TIME(PS) =     700.000  TEMP(K) =   244.96  PRESS =     0.0
 Etot   =      -718.3022  EKtot   =       899.5719  EPtot      =     -1617.8741
 BOND   =       235.9839  ANGLE   =       642.3126  DIHED      =      1129.4119
 1-4 NB =       315.2219  1-4 EEL =      5604.4774  VDWAALS    =      -663.1300
 EELEC  =     -7428.3869  EGB     =     -1559.1343  RESTRAINT  =        62.6861
 EAMBER (non-restraint)  =     -1680.5602
 ESURF=        42.6834
 ------------------------------------------------------------------------------

 NMR restraints: Bond =    0.000   Angle =     0.000   Torsion =     0.000
===============================================================================

 NSTEP =   355000   TIME(PS) =     710.000  TEMP(K) =   243.81  PRESS =     0.0
 Etot   =      -739.9245  EKtot   =       895.3337  EPtot      =     -1635.2583
 BOND   =       229.9165  ANGLE   =       655.3670  DIHED      =      1114.8922
 1-4 NB =       314.1627  1-4 EEL =      5620.7133  VDWAALS    =      -647.1613
 EELEC  =     -7480.1257  EGB     =     -1556.8487  RESTRAINT  =        72.4993
 EAMBER (non-restraint)  =     -1707.7576
 ESURF=        41.3266
 ------------------------------------------------------------------------------

 NMR restraints: Bond =    0.000   Angle =     0.000   Torsion =     0.000
===============================================================================

 NSTEP =   360000   TIME(PS) =     720.000  TEMP(K) =   239.63  PRESS =     0.0
 Etot   =      -762.3236  EKtot   =       880.0071  EPtot      =     -1642.3307
 BOND   =       230.6932  ANGLE   =       654.6452  DIHED      =      1115.3073
 1-4 NB =       311.1807  1-4 EEL =      5626.3267  VDWAALS    =      -669.3917
 EELEC  =     -7458.5182  EGB     =     -1565.9354  RESTRAINT  =        70.2769
 EAMBER (non-restraint)  =     -1712.6076
 ESURF=        43.0846
 ------------------------------------------------------------------------------

 NMR restraints: Bond =    0.000   Angle =     0.000   Torsion =     0.000
===============================================================================

 NSTEP =   365000   TIME(PS) =     730.000  TEMP(K) =   235.34  PRESS =     0.0
 Etot   =      -769.2236  EKtot   =       864.2370  EPtot      =     -1633.4606
 BOND   =       227.5250  ANGLE   =       643.7786  DIHED      =      1124.9131
 1-4 NB =       314.0452  1-4 EEL =      5638.9736  VDWAALS    =      -653.7360
 EELEC  =     -7479.9023  EGB     =     -1560.8175  RESTRAINT  =        69.3297
 EAMBER (non-restraint)  =     -1702.7903
 ESURF=        42.4299
 ------------------------------------------------------------------------------

 NMR restraints: Bond =    0.000   Angle =     0.000   Torsion =     0.000
===============================================================================

 NSTEP =   370000   TIME(PS) =     740.000  TEMP(K) =   246.54  PRESS =     0.0
 Etot   =      -707.6470  EKtot   =       905.3755  EPtot      =     -1613.0225
 BOND   =       235.3302  ANGLE   =       635.3971  DIHED      =      1132.6114
 1-4 NB =       320.8371  1-4 EEL =      5637.0396  VDWAALS    =      -642.1009
 EELEC  =     -7501.4159  EGB     =     -1545.2772  RESTRAINT  =        72.1114
 EAMBER (non-restraint)  =     -1685.1339
 ESURF=        42.4447
 ------------------------------------------------------------------------------

 NMR restraints: Bond =    0.000   Angle =     0.000   Torsion =     0.000
===============================================================================

 NSTEP =   375000   TIME(PS) =     750.000  TEMP(K) =   260.39  PRESS =     0.0
 Etot   =      -670.8226  EKtot   =       956.2296  EPtot      =     -1627.0523
 BOND   =       229.4519  ANGLE   =       640.6344  DIHED      =      1118.2438
 1-4 NB =       317.5331  1-4 EEL =      5643.7091  VDWAALS    =      -662.6649
 EELEC  =     -7489.2345  EGB     =     -1537.7996  RESTRAINT  =        71.4323
 EAMBER (non-restraint)  =     -1698.4845
 ESURF=        41.6421
 ------------------------------------------------------------------------------

 NMR restraints: Bond =    0.000   Angle =     0.000   Torsion =     0.000
===============================================================================

 NSTEP =   380000   TIME(PS) =     760.000  TEMP(K) =   250.73  PRESS =     0.0
 Etot   =      -667.0294  EKtot   =       920.7540  EPtot      =     -1587.7833
 BOND   =       241.1248  ANGLE   =       634.7114  DIHED      =      1129.7060
 1-4 NB =       318.6434  1-4 EEL =      5600.1845  VDWAALS    =      -640.4865
 EELEC  =     -7413.0098  EGB     =     -1580.0020  RESTRAINT  =        78.1545
 EAMBER (non-restraint)  =     -1665.9378
 ESURF=        43.1904
 ------------------------------------------------------------------------------

 NMR restraints: Bond =    0.000   Angle =     0.000   Torsion =     0.000
===============================================================================

 NSTEP =   385000   TIME(PS) =     770.000  TEMP(K) =   251.90  PRESS =     0.0
 Etot   =      -655.6869  EKtot   =       925.0619  EPtot      =     -1580.7487
 BOND   =       251.9964  ANGLE   =       678.5674  DIHED      =      1122.4995
 1-4 NB =       317.2568  1-4 EEL =      5618.4910  VDWAALS    =      -663.2994
 EELEC  =     -7517.9955  EGB     =     -1502.9430  RESTRAINT  =        73.2677
 EAMBER (non-restraint)  =     -1654.0165
 ESURF=        41.4102
 ------------------------------------------------------------------------------

 NMR restraints: Bond =    0.000   Angle =     0.000   Torsion =     0.000
===============================================================================

 NSTEP =   390000   TIME(PS) =     780.000  TEMP(K) =   257.07  PRESS =     0.0
 Etot   =      -595.1371  EKtot   =       944.0533  EPtot      =     -1539.1905
 BOND   =       241.2555  ANGLE   =       685.9932  DIHED      =      1125.3556
 1-4 NB =       322.6989  1-4 EEL =      5633.1519  VDWAALS    =      -642.2089
 EELEC  =     -7456.9884  EGB     =     -1578.8682  RESTRAINT  =        88.1694
 EAMBER (non-restraint)  =     -1627.3599
 ESURF=        42.2505
 ------------------------------------------------------------------------------

 NMR restraints: Bond =    0.000   Angle =     0.000   Torsion =     0.000
===============================================================================

 NSTEP =   395000   TIME(PS) =     790.000  TEMP(K) =   260.88  PRESS =     0.0
 Etot   =      -612.1056  EKtot   =       958.0335  EPtot      =     -1570.1390
 BOND   =       246.4247  ANGLE   =       652.1636  DIHED      =      1130.1193
 1-4 NB =       326.7243  1-4 EEL =      5613.9338  VDWAALS    =      -651.1131
 EELEC  =     -7453.7621  EGB     =     -1561.4702  RESTRAINT  =        84.1533
 EAMBER (non-restraint)  =     -1654.2924
 ESURF=        42.6874
 ------------------------------------------------------------------------------

 NMR restraints: Bond =    0.000   Angle =     0.000   Torsion =     0.000
===============================================================================

 NSTEP =   400000   TIME(PS) =     800.000  TEMP(K) =   248.29  PRESS =     0.0
 Etot   =      -658.3520  EKtot   =       911.8049  EPtot      =     -1570.1569
 BOND   =       225.7096  ANGLE   =       702.7075  DIHED      =      1134.4192
 1-4 NB =       310.8846  1-4 EEL =      5597.7387  VDWAALS    =      -669.8384
 EELEC  =     -7410.6204  EGB     =     -1577.1997  RESTRAINT  =        73.4528
 EAMBER (non-restraint)  =     -1643.6097
 ESURF=        42.5891
 ------------------------------------------------------------------------------

 NMR restraints: Bond =    0.000   Angle =     0.000   Torsion =     0.000
===============================================================================

 NSTEP =   405000   TIME(PS) =     810.000  TEMP(K) =   264.45  PRESS =     0.0
 Etot   =      -587.4516  EKtot   =       971.1376  EPtot      =     -1558.5893
 BOND   =       249.9652  ANGLE   =       685.5674  DIHED      =      1132.3214
 1-4 NB =       302.4567  1-4 EEL =      5644.7077  VDWAALS    =      -652.2530
 EELEC  =     -7501.0600  EGB     =     -1536.5569  RESTRAINT  =        73.8337
 EAMBER (non-restraint)  =     -1632.4229
 ESURF=        42.4286
 ------------------------------------------------------------------------------

 NMR restraints: Bond =    0.000   Angle =     0.000   Torsion =     0.000
===============================================================================

 NSTEP =   410000   TIME(PS) =     820.000  TEMP(K) =   271.66  PRESS =     0.0
 Etot   =      -593.0149  EKtot   =       997.6183  EPtot      =     -1590.6332
 BOND   =       235.3662  ANGLE   =       676.1435  DIHED      =      1122.9307
 1-4 NB =       313.5831  1-4 EEL =      5614.6116  VDWAALS    =      -663.0880
 EELEC  =     -7493.7856  EGB     =     -1519.5631  RESTRAINT  =        81.1783
 EAMBER (non-restraint)  =     -1671.8115
 ESURF=        41.9901
 ------------------------------------------------------------------------------

 NMR restraints: Bond =    0.000   Angle =     0.000   Torsion =     0.000
===============================================================================

 NSTEP =   415000   TIME(PS) =     830.000  TEMP(K) =   260.75  PRESS =     0.0
 Etot   =      -630.6222  EKtot   =       957.5753  EPtot      =     -1588.1975
 BOND   =       218.9414  ANGLE   =       677.7761  DIHED      =      1141.6239
 1-4 NB =       318.9236  1-4 EEL =      5646.1224  VDWAALS    =      -661.3076
 EELEC  =     -7515.1783  EGB     =     -1521.0087  RESTRAINT  =        64.7428
 EAMBER (non-restraint)  =     -1652.9403
 ESURF=        41.1671
 ------------------------------------------------------------------------------

 NMR restraints: Bond =    0.000   Angle =     0.000   Torsion =     0.000
===============================================================================

 NSTEP =   420000   TIME(PS) =     840.000  TEMP(K) =   266.01  PRESS =     0.0
 Etot   =      -594.3817  EKtot   =       976.8864  EPtot      =     -1571.2681
 BOND   =       229.3691  ANGLE   =       670.0139  DIHED      =      1138.9959
 1-4 NB =       329.0017  1-4 EEL =      5666.1535  VDWAALS    =      -660.4362
 EELEC  =     -7523.2424  EGB     =     -1530.6937  RESTRAINT  =        67.4399
 EAMBER (non-restraint)  =     -1638.7079
 ESURF=        42.1304
 ------------------------------------------------------------------------------

 NMR restraints: Bond =    0.000   Angle =     0.000   Torsion =     0.000
===============================================================================

 NSTEP =   425000   TIME(PS) =     850.000  TEMP(K) =   251.11  PRESS =     0.0
 Etot   =      -584.2721  EKtot   =       922.1615  EPtot      =     -1506.4336
 BOND   =       267.0560  ANGLE   =       691.6918  DIHED      =      1130.5210
 1-4 NB =       324.3508  1-4 EEL =      5640.3028  VDWAALS    =      -652.6571
 EELEC  =     -7468.2970  EGB     =     -1555.0502  RESTRAINT  =        73.9610
 EAMBER (non-restraint)  =     -1580.3946
 ESURF=        41.6872
 ------------------------------------------------------------------------------

 NMR restraints: Bond =    0.000   Angle =     0.000   Torsion =     0.000
===============================================================================

 NSTEP =   430000   TIME(PS) =     860.000  TEMP(K) =   271.06  PRESS =     0.0
 Etot   =      -542.3755  EKtot   =       995.4145  EPtot      =     -1537.7900
 BOND   =       255.4195  ANGLE   =       698.2383  DIHED      =      1131.0840
 1-4 NB =       323.0412  1-4 EEL =      5592.6021  VDWAALS    =      -645.6760
 EELEC  =     -7490.9918  EGB     =     -1524.3581  RESTRAINT  =        81.3955
 EAMBER (non-restraint)  =     -1619.1855
 ESURF=        41.4553
 ------------------------------------------------------------------------------

 NMR restraints: Bond =    0.000   Angle =     0.000   Torsion =     0.000
===============================================================================

 NSTEP =   435000   TIME(PS) =     870.000  TEMP(K) =   268.39  PRESS =     0.0
 Etot   =      -502.7506  EKtot   =       985.6295  EPtot      =     -1488.3801
 BOND   =       286.9139  ANGLE   =       725.0765  DIHED      =      1134.3345
 1-4 NB =       312.1108  1-4 EEL =      5605.9226  VDWAALS    =      -662.2569
 EELEC  =     -7460.9957  EGB     =     -1548.3728  RESTRAINT  =        77.8704
 EAMBER (non-restraint)  =     -1566.2505
 ESURF=        41.0165
 ------------------------------------------------------------------------------

 NMR restraints: Bond =    0.000   Angle =     0.000   Torsion =     0.000
===============================================================================

 NSTEP =   440000   TIME(PS) =     880.000  TEMP(K) =   279.62  PRESS =     0.0
 Etot   =      -515.4896  EKtot   =      1026.8557  EPtot      =     -1542.3453
 BOND   =       251.0849  ANGLE   =       693.3017  DIHED      =      1123.5519
 1-4 NB =       313.1252  1-4 EEL =      5636.4420  VDWAALS    =      -644.6393
 EELEC  =     -7464.9520  EGB     =     -1571.0436  RESTRAINT  =        77.1670
 EAMBER (non-restraint)  =     -1619.5123
 ESURF=        43.6169
 ------------------------------------------------------------------------------

 NMR restraints: Bond =    0.000   Angle =     0.000   Torsion =     0.000
===============================================================================

 NSTEP =   445000   TIME(PS) =     890.000  TEMP(K) =   274.02  PRESS =     0.0
 Etot   =      -497.3207  EKtot   =      1006.2951  EPtot      =     -1503.6158
 BOND   =       240.8002  ANGLE   =       700.2321  DIHED      =      1140.3630
 1-4 NB =       328.5094  1-4 EEL =      5617.8372  VDWAALS    =      -643.9953
 EELEC  =     -7476.9568  EGB     =     -1532.2451  RESTRAINT  =        79.6471
 EAMBER (non-restraint)  =     -1583.2629
 ESURF=        42.1924
 ------------------------------------------------------------------------------

 NMR restraints: Bond =    0.000   Angle =     0.000   Torsion =     0.000
===============================================================================

 NSTEP =   450000   TIME(PS) =     900.000  TEMP(K) =   285.45  PRESS =     0.0
 Etot   =      -464.6926  EKtot   =      1048.2666  EPtot      =     -1512.9592
 BOND   =       251.8286  ANGLE   =       696.3179  DIHED      =      1138.4017
 1-4 NB =       325.3874  1-4 EEL =      5651.5761  VDWAALS    =      -675.4511
 EELEC  =     -7505.0002  EGB     =     -1520.3598  RESTRAINT  =        81.9269
 EAMBER (non-restraint)  =     -1594.8861
 ESURF=        42.4134
 ------------------------------------------------------------------------------

 NMR restraints: Bond =    0.000   Angle =     0.000   Torsion =     0.000
===============================================================================

 NSTEP =   455000   TIME(PS) =     910.000  TEMP(K) =   281.32  PRESS =     0.0
 Etot   =      -438.4624  EKtot   =      1033.0937  EPtot      =     -1471.5561
 BOND   =       269.8619  ANGLE   =       722.4618  DIHED      =      1142.7268
 1-4 NB =       314.7660  1-4 EEL =      5616.9095  VDWAALS    =      -646.3275
 EELEC  =     -7357.6944  EGB     =     -1668.9984  RESTRAINT  =        89.6225
 EAMBER (non-restraint)  =     -1561.1786
 ESURF=        45.1158
 ------------------------------------------------------------------------------

 NMR restraints: Bond =    0.000   Angle =     0.000   Torsion =     0.000
===============================================================================

 NSTEP =   460000   TIME(PS) =     920.000  TEMP(K) =   287.09  PRESS =     0.0
 Etot   =      -407.9846  EKtot   =      1054.2833  EPtot      =     -1462.2679
 BOND   =       248.2338  ANGLE   =       733.0195  DIHED      =      1148.1395
 1-4 NB =       330.0388  1-4 EEL =      5613.2966  VDWAALS    =      -647.9467
 EELEC  =     -7370.2454  EGB     =     -1646.0388  RESTRAINT  =        85.6423
 EAMBER (non-restraint)  =     -1547.9101
 ESURF=        43.5925
 ------------------------------------------------------------------------------

 NMR restraints: Bond =    0.000   Angle =     0.000   Torsion =     0.000
===============================================================================

 NSTEP =   465000   TIME(PS) =     930.000  TEMP(K) =   285.40  PRESS =     0.0
 Etot   =      -415.5043  EKtot   =      1048.0762  EPtot      =     -1463.5805
 BOND   =       253.6250  ANGLE   =       741.9663  DIHED      =      1160.1589
 1-4 NB =       322.0221  1-4 EEL =      5631.6752  VDWAALS    =      -653.9420
 EELEC  =     -7448.4198  EGB     =     -1592.2682  RESTRAINT  =        78.8243
 EAMBER (non-restraint)  =     -1542.4048
 ESURF=        42.7778
 ------------------------------------------------------------------------------

 NMR restraints: Bond =    0.000   Angle =     0.000   Torsion =     0.000
===============================================================================

 NSTEP =   470000   TIME(PS) =     940.000  TEMP(K) =   292.45  PRESS =     0.0
 Etot   =      -382.8732  EKtot   =      1073.9779  EPtot      =     -1456.8511
 BOND   =       268.3078  ANGLE   =       725.3059  DIHED      =      1141.8874
 1-4 NB =       325.8532  1-4 EEL =      5576.1791  VDWAALS    =      -648.2789
 EELEC  =     -7441.2101  EGB     =     -1537.6311  RESTRAINT  =        91.1755
 EAMBER (non-restraint)  =     -1548.0266
 ESURF=        41.5602
 ------------------------------------------------------------------------------

 NMR restraints: Bond =    0.000   Angle =     0.000   Torsion =     0.000
===============================================================================

 NSTEP =   475000   TIME(PS) =     950.000  TEMP(K) =   293.11  PRESS =     0.0
 Etot   =      -382.0888  EKtot   =      1076.3936  EPtot      =     -1458.4824
 BOND   =       261.7350  ANGLE   =       715.6441  DIHED      =      1160.1352
 1-4 NB =       333.9016  1-4 EEL =      5615.7042  VDWAALS    =      -655.3146
 EELEC  =     -7476.1242  EGB     =     -1523.5367  RESTRAINT  =        68.2375
 EAMBER (non-restraint)  =     -1526.7199
 ESURF=        41.1354
 ------------------------------------------------------------------------------

 NMR restraints: Bond =    0.000   Angle =     0.000   Torsion =     0.000
===============================================================================

 NSTEP =   480000   TIME(PS) =     960.000  TEMP(K) =   296.69  PRESS =     0.0
 Etot   =      -332.9045  EKtot   =      1089.5452  EPtot      =     -1422.4497
 BOND   =       287.1568  ANGLE   =       754.1087  DIHED      =      1149.9269
 1-4 NB =       311.1246  1-4 EEL =      5582.8647  VDWAALS    =      -666.4330
 EELEC  =     -7391.9138  EGB     =     -1579.0502  RESTRAINT  =        86.3746
 EAMBER (non-restraint)  =     -1508.8242
 ESURF=        43.3910
 ------------------------------------------------------------------------------

 NMR restraints: Bond =    0.000   Angle =     0.000   Torsion =     0.000
===============================================================================

 NSTEP =   485000   TIME(PS) =     970.000  TEMP(K) =   300.12  PRESS =     0.0
 Etot   =      -338.4814  EKtot   =      1102.1314  EPtot      =     -1440.6128
 BOND   =       262.3256  ANGLE   =       738.5624  DIHED      =      1150.9232
 1-4 NB =       321.2928  1-4 EEL =      5607.9315  VDWAALS    =      -650.1320
 EELEC  =     -7424.2818  EGB     =     -1573.6823  RESTRAINT  =        84.1839
 EAMBER (non-restraint)  =     -1524.7966
 ESURF=        42.2640
 ------------------------------------------------------------------------------

 NMR restraints: Bond =    0.000   Angle =     0.000   Torsion =     0.000
===============================================================================

 NSTEP =   490000   TIME(PS) =     980.000  TEMP(K) =   299.72  PRESS =     0.0
 Etot   =      -304.7051  EKtot   =      1100.6529  EPtot      =     -1405.3580
 BOND   =       279.3779  ANGLE   =       785.8133  DIHED      =      1152.1851
 1-4 NB =       308.6526  1-4 EEL =      5607.3359  VDWAALS    =      -654.4985
 EELEC  =     -7374.6222  EGB     =     -1631.6038  RESTRAINT  =        77.5080
 EAMBER (non-restraint)  =     -1482.8660
 ESURF=        44.4936
 ------------------------------------------------------------------------------

 NMR restraints: Bond =    0.000   Angle =     0.000   Torsion =     0.000
===============================================================================

 NSTEP =   495000   TIME(PS) =     990.000  TEMP(K) =   300.47  PRESS =     0.0
 Etot   =      -316.3557  EKtot   =      1103.4078  EPtot      =     -1419.7635
 BOND   =       277.4482  ANGLE   =       757.0722  DIHED      =      1133.5988
 1-4 NB =       327.0801  1-4 EEL =      5591.2751  VDWAALS    =      -636.3779
 EELEC  =     -7389.5043  EGB     =     -1599.5260  RESTRAINT  =        76.7277
 EAMBER (non-restraint)  =     -1496.4912
 ESURF=        42.4426
 ------------------------------------------------------------------------------

 NMR restraints: Bond =    0.000   Angle =     0.000   Torsion =     0.000
===============================================================================

 NSTEP =   500000   TIME(PS) =    1000.000  TEMP(K) =   291.98  PRESS =     0.0
 Etot   =      -296.2177  EKtot   =      1072.2387  EPtot      =     -1368.4564
 BOND   =       276.6122  ANGLE   =       802.8609  DIHED      =      1146.5523
 1-4 NB =       320.8638  1-4 EEL =      5610.9925  VDWAALS    =      -644.6630
 EELEC  =     -7407.4965  EGB     =     -1598.2098  RESTRAINT  =        80.9171
 EAMBER (non-restraint)  =     -1449.3735
 ESURF=        43.1142
 ------------------------------------------------------------------------------

 NMR restraints: Bond =    0.000   Angle =     0.000   Torsion =     0.000
===============================================================================

      A V E R A G E S   O V E R     100 S T E P S


 NSTEP =   500000   TIME(PS) =    1000.000  TEMP(K) =   200.53  PRESS =     0.0
 Etot   =     -1056.0894  EKtot   =       736.4001  EPtot      =     -1792.4895
 BOND   =       196.6020  ANGLE   =       566.1817  DIHED      =      1101.4712
 1-4 NB =       309.1794  1-4 EEL =      5624.5889  VDWAALS    =      -666.9467
 EELEC  =     -7484.1943  EGB     =     -1539.6638  RESTRAINT  =        58.7044
 EAMBER (non-restraint)  =     -1851.1939
 ESURF=        41.5876
 ------------------------------------------------------------------------------

 NMR restraints: Bond =    0.000   Angle =     0.000   Torsion =     0.000
===============================================================================

      R M S  F L U C T U A T I O N S


 NSTEP =   500000   TIME(PS) =    1000.000  TEMP(K) =    58.08  PRESS =     0.0
 Etot   =       434.7987  EKtot   =       213.2910  EPtot      =       222.2661
 BOND   =        46.3391  ANGLE   =       111.2542  DIHED      =        29.4448
 1-4 NB =         9.9412  1-4 EEL =        16.0674  VDWAALS    =        13.1467
 EELEC  =        41.4430  EGB     =        34.6487  RESTRAINT  =        15.9621
 EAMBER (non-restraint)  =       206.3039
 ESURF=         0.9503
 ------------------------------------------------------------------------------


 NMR restraints on final step:

--------------------------------------------------------------------------------
   5.  TIMINGS
--------------------------------------------------------------------------------

|  NonSetup CPU Time in Major Routines:
|
|     Routine           Sec        %
|     ------------------------------
|     Nonbond       43514.36   98.34
|     Bond              5.22    0.01
|     Angle            84.28    0.19
|     Dihedral        486.08    1.10
|     Shake            24.11    0.05
|     RunMD           133.95    0.30
|     Other             0.57    0.00
|     ------------------------------
|     Total         44248.56

|  Generalized Born CPU Time:
|
|     Routine                 Sec        %
|     ------------------------------------
|     Radii Calc          10171.56   22.99
|     Diagonal Calc       18797.66   42.48
|     Off Diagonal Calc   14511.86   32.80
|     GBSA LCPO Calc          0.31    0.00
|     ---------------------------------
|     Total               43481.09   98.27

|  Final Performance Info:
|     -----------------------------------------------------
|     Average timings for last       1 steps:
|     Elapsed(s) =       0.00 Per Step(ms) =       0.14
|         ns/day =    1224.55   seconds/ns =      70.56
|
|     Average timings for all steps:
|     Elapsed(s) =  149476.45 Per Step(ms) =     298.95
|         ns/day =       0.58   seconds/ns =  149476.45
|     -----------------------------------------------------

|  Setup CPU time:            0.02 seconds
|  NonSetup CPU time:     44248.56 seconds
|  Total CPU time:        44248.58 seconds    12.29 hours

|  Setup wall time:           0    seconds
|  NonSetup wall time:   149477    seconds
|  Total wall time:      149477    seconds    41.52 hours
