
          -------------------------------------------------------
          Amber 22 PMEMD                              2022
          -------------------------------------------------------

| PMEMD implementation of SANDER, Release 22

|  Compiled date/time: Thu Apr 14 23:36:37 2022
| Run on 12/31/2023 at 00:13:29

|   Executable path: pmemd
| Working directory: /home/arul/Reegina/MD_Sim/amber_parameters/1VII_info
|          Hostname: Unknown
  [-O]verwriting output

File Assignments:
|   MDIN: /home/arul/Reegina/MD_Sim/trial_file/min.in                           
|  MDOUT: min_1VII.out                                                          
| INPCRD: 1VII.rst7                                                             
|   PARM: 1VII.hmass.parm7                                                      
| RESTRT: min_1VII.rst7                                                         
|   REFC: refc                                                                  
|  MDVEL: mdvel                                                                 
|   MDEN: mden                                                                  
|  MDCRD: min_1VII.crd                                                          
| MDINFO: min_1VII.info                                                         
|  MDFRC: mdfrc                                                                 


 Here is the input file:

&cntrl                                                                         
  imin = 1,                                                                    
  maxcyc=100,                                                                  
  ntx = 1,                                                                     
  ntwr = 100,                                                                  
  ntpr = 10,                                                                   
  ioutfm=0,                                                                    
  ntxo=1,                                                                      
  cut = 1000.0,                                                                
  ntb=0,                                                                       
  igb = 8,                                                                     
  gbsa=3,                                                                      
  surften=0.007,                                                               
  saltcon = 0.0,                                                               
/                                                                              


Note: ig = -1. Setting random seed to   676133 based on wallclock time in 
      microseconds.
| irandom = 1, using AMBER's internal random number generator (default).
 
| Conditional Compilation Defines Used:
| PUBFFT
| BINTRAJ
| EMIL

| New format PARM file being parsed.
| Version =    1.000 Date = 12/30/23 Time = 23:54:33

| Note: 1-4 EEL scale factors are being read from the topology file.

| Note: 1-4 VDW scale factors are being read from the topology file.
| INFO:    Reading atomic numbers from topology file.
| Duplicated    0 dihedrals

| Duplicated    0 dihedrals

--------------------------------------------------------------------------------
   1.  RESOURCE   USE: 
--------------------------------------------------------------------------------

 NATOM  =     596 NTYPES =      13 NBONH =     301 MBONA  =     301
 NTHETH =     690 MTHETA =     401 NPHIH =    1345 MPHIA  =    1224
 NHPARM =       0 NPARM  =       0 NNB   =    3287 NRES   =      36
 NBONA  =     301 NTHETA =     401 NPHIA =    1224 NUMBND =      54
 NUMANG =     127 NPTRA  =     149 NATYP =      27 NPHB   =       0
 IFBOX  =       0 NMXRS  =      24 IFCAP =       0 NEXTRA =       0
 NCOPY  =       0

 Implicit solvent radii are ArgH and AspGluO modified Bondi2 radii (mbondi3)                                
 Replacing prmtop screening parameters with GBn2 (igb=8) values
--------------------------------------------------------------------------------
   2.  CONTROL  DATA  FOR  THE  RUN
--------------------------------------------------------------------------------

default_name                                                                    

General flags:
     imin    =       1, nmropt  =       0

Nature and format of input:
     ntx     =       1, irest   =       0, ntrx    =       1

Nature and format of output:
     ntxo    =       1, ntpr    =      10, ntrx    =       1, ntwr    =     100
     iwrap   =       0, ntwx    =       0, ntwv    =       0, ntwe    =       0
     ioutfm  =       0, ntwprt  =       0, idecomp =       0, rbornstat=      0

Potential function:
     ntf     =       1, ntb     =       0, igb     =       8, nsnb    =      25
     ipol    =       0, gbsa    =       3, iesp    =       0
     dielc   =   1.00000, cut     =1000.00000, intdiel =   1.00000
     saltcon =   0.00000, offset  =   0.19514, surften =   0.00700
     rdt     =   0.00000, rgbmax  =  25.00000  extdiel =  78.50000
     alpb  =        0
     gbalphaH  =   0.78844, gbbetaH   =   0.79870,  gbgammaH  =    0.43733
     gbalphaC  =   0.73376, gbbetaC   =   0.50638,  gbgammaC  =    0.20584
     gbalphaN  =   0.50336, gbbetaN   =   0.31683,  gbgammaN  =    0.19292
     gbalphaOS =   0.86781, gbbetaOS  =   0.87664,  gbgammaOS =    0.38788
     gbalphaP  =   1.00000, gbbetaP   =   0.80000,  gbgammaP  =    4.85000
     gb_alpha_hnu  =   0.53705, gb_beta_hnu   =   0.36286,  gb_gamma_hnu  =    0.11670
     gb_alpha_cnu  =   0.33167, gb_beta_cnu   =   0.19684,  gb_gamma_cnu  =    0.09342
     gb_alpha_nnu  =   0.68631, gb_beta_nnu   =   0.46319,  gb_gamma_nnu  =    0.13872
     gb_alpha_onu  =   0.60634, gb_beta_onu   =   0.46301,  gb_gamma_onu  =    0.14226
     gb_alpha_pnu  =   0.41836, gb_beta_pnu   =   0.29005,  gb_gamma_pnu  =    0.10642

Frozen or restrained atoms:
     ibelly  =       0, ntr     =       0

Energy minimization:
     maxcyc  =     100, ncyc    =      10, ntmin   =       1
     dx0     =   0.01000, drms    =   0.00010

| Intermolecular bonds treatment:
|     no_intermolecular_bonds =       1

| Energy averages sample interval:
|     ene_avg_sampling =       1

--------------------------------------------------------------------------------
   3.  ATOMIC COORDINATES AND VELOCITIES
--------------------------------------------------------------------------------

default_name                                                                    
 begin time read from input coords =     0.000 ps

 
 Number of triangulated 3-point waters found:        0
| Dynamic Memory, Types Used:
| Reals               17539
| Integers            68995

--------------------------------------------------------------------------------
   4.  RESULTS
--------------------------------------------------------------------------------



   NSTEP       ENERGY          RMS            GMAX         NAME    NUMBER
      1      -2.1346E+02     2.1832E+01     2.6004E+02     O         549

 BOND    =       84.9592  ANGLE   =       21.6401  DIHED      =      520.4327
 VDWAALS =      384.9821  EEL     =    -2566.8107  EGB        =     -911.8858
 1-4 VDW =      264.9082  1-4 EEL =     1973.4541  RESTRAINT  =        0.0000
 ESURF   =       14.8563


   NSTEP       ENERGY          RMS            GMAX         NAME    NUMBER
     10      -3.8547E+02     1.2028E+01     1.1008E+02     O         549

 BOND    =       41.1490  ANGLE   =       29.3854  DIHED      =      520.0860
 VDWAALS =      262.7925  EEL     =    -2565.4627  EGB        =     -916.8075
 1-4 VDW =      258.0570  1-4 EEL =     1970.4308  RESTRAINT  =        0.0000
 ESURF   =       14.9043


   NSTEP       ENERGY          RMS            GMAX         NAME    NUMBER
     20      -7.3343E+02     6.4621E+00     3.8590E+01     N         491

 BOND    =       33.9072  ANGLE   =      103.3871  DIHED      =      533.2574
 VDWAALS =      -96.7201  EEL     =    -2528.0391  EGB        =     -927.7491
 1-4 VDW =      204.6850  1-4 EEL =     1928.0158  RESTRAINT  =        0.0000
 ESURF   =       15.8210


   NSTEP       ENERGY          RMS            GMAX         NAME    NUMBER
     30      -8.4445E+02     4.8379E+00     5.6243E+01     C         594

 BOND    =       20.6762  ANGLE   =       78.0369  DIHED      =      521.2057
 VDWAALS =     -126.6906  EEL     =    -2520.7388  EGB        =     -926.8394
 1-4 VDW =      179.3394  1-4 EEL =     1914.1210  RESTRAINT  =        0.0000
 ESURF   =       16.4441


   NSTEP       ENERGY          RMS            GMAX         NAME    NUMBER
     40      -9.1906E+02     5.0035E+00     2.8795E+01     C         467

 BOND    =       25.9329  ANGLE   =       63.9296  DIHED      =      510.9438
 VDWAALS =     -160.3462  EEL     =    -2504.1464  EGB        =     -934.6559
 1-4 VDW =      166.8382  1-4 EEL =     1895.4196  RESTRAINT  =        0.0000
 ESURF   =       17.0195


   NSTEP       ENERGY          RMS            GMAX         NAME    NUMBER
     50      -1.0119E+03     3.4619E+00     2.3434E+01     CG         84

 BOND    =       26.9309  ANGLE   =       76.1583  DIHED      =      496.1569
 VDWAALS =     -209.6641  EEL     =    -2486.4847  EGB        =     -942.6032
 1-4 VDW =      138.2270  1-4 EEL =     1871.0610  RESTRAINT  =        0.0000
 ESURF   =       18.3602


   NSTEP       ENERGY          RMS            GMAX         NAME    NUMBER
     60      -1.0279E+03     1.9923E+00     1.5191E+01     CD        523

 BOND    =       23.9774  ANGLE   =       72.3563  DIHED      =      494.6853
 VDWAALS =     -216.1318  EEL     =    -2483.0889  EGB        =     -943.0512
 1-4 VDW =      137.5275  1-4 EEL =     1867.3562  RESTRAINT  =        0.0000
 ESURF   =       18.4253


   NSTEP       ENERGY          RMS            GMAX         NAME    NUMBER
     70      -1.0465E+03     2.0582E+00     1.1871E+01     CD2       377

 BOND    =       22.9968  ANGLE   =       74.5813  DIHED      =      487.3858
 VDWAALS =     -226.7304  EEL     =    -2483.8545  EGB        =     -943.0536
 1-4 VDW =      136.5637  1-4 EEL =     1867.0068  RESTRAINT  =        0.0000
 ESURF   =       18.6220


   NSTEP       ENERGY          RMS            GMAX         NAME    NUMBER
     80      -1.0630E+03     1.4752E+00     7.3045E+00     H         492

 BOND    =       21.1821  ANGLE   =       68.1762  DIHED      =      480.1967
 VDWAALS =     -229.1812  EEL     =    -2484.9393  EGB        =     -945.4416
 1-4 VDW =      138.1995  1-4 EEL =     1869.9070  RESTRAINT  =        0.0000
 ESURF   =       18.8518


   NSTEP       ENERGY          RMS            GMAX         NAME    NUMBER
     90      -1.0765E+03     1.2718E+00     5.9991E+00     NH1       231

 BOND    =       21.1768  ANGLE   =       63.1187  DIHED      =      477.3015
 VDWAALS =     -231.6793  EEL     =    -2479.9905  EGB        =     -948.4373
 1-4 VDW =      136.6926  1-4 EEL =     1866.3347  RESTRAINT  =        0.0000
 ESURF   =       18.9582


   NSTEP       ENERGY          RMS            GMAX         NAME    NUMBER
    100      -1.0906E+03     1.6871E+00     9.6487E+00     CA        471

 BOND    =       22.1631  ANGLE   =       66.5414  DIHED      =      470.4424
 VDWAALS =     -236.0575  EEL     =    -2478.2106  EGB        =     -952.0541
 1-4 VDW =      132.8802  1-4 EEL =     1864.4343  RESTRAINT  =        0.0000
 ESURF   =       19.2575


  Maximum number of minimization cycles reached.


                    FINAL RESULTS



   NSTEP       ENERGY          RMS            GMAX         NAME    NUMBER
    100      -1.0906E+03     1.6871E+00     9.6487E+00     CA        471

 BOND    =       22.1631  ANGLE   =       66.5414  DIHED      =      470.4424
 VDWAALS =     -236.0575  EEL     =    -2478.2106  EGB        =     -952.0541
 1-4 VDW =      132.8802  1-4 EEL =     1864.4343  RESTRAINT  =        0.0000
 ESURF   =       19.2575
--------------------------------------------------------------------------------
   5.  TIMINGS
--------------------------------------------------------------------------------

|  NonSetup CPU Time in Major Routines:
|
|     Routine           Sec        %
|     ------------------------------
|     Nonbond           1.65   96.86
|     Bond              0.00    0.05
|     Angle             0.01    0.43
|     Dihedral          0.04    2.45
|     Shake             0.00    0.00
|     Other             0.00    0.21
|     ------------------------------
|     Total             1.70

|  Generalized Born CPU Time:
|
|     Routine                 Sec        %
|     ------------------------------------
|     Radii Calc              0.40   23.36
|     Diagonal Calc           0.74   43.36
|     Off Diagonal Calc       0.51   29.96
|     GBSA LCPO Calc          0.00    0.00
|     ---------------------------------
|     Total                   1.64   96.68

|  Setup CPU time:            0.01 seconds
|  NonSetup CPU time:         1.70 seconds
|  Total CPU time:            1.71 seconds     0.00 hours

|  Setup wall time:           0    seconds
|  NonSetup wall time:        4    seconds
|  Total wall time:           4    seconds     0.00 hours
