
          -------------------------------------------------------
          Amber 22 PMEMD                              2022
          -------------------------------------------------------

| PMEMD implementation of SANDER, Release 22

|  Compiled date/time: Thu Apr 14 23:36:37 2022
| Run on 12/31/2023 at 00:11:01

|   Executable path: pmemd
| Working directory: /home/arul/Reegina/MD_Sim/amber_parameters/1SHG_info
|          Hostname: Unknown
  [-O]verwriting output

File Assignments:
|   MDIN: /home/arul/Reegina/MD_Sim/trial_file/min.in                           
|  MDOUT: min_1SHG.out                                                          
| INPCRD: 1SHG.rst7                                                             
|   PARM: 1SHG.hmass.parm7                                                      
| RESTRT: min_1SHG.rst7                                                         
|   REFC: refc                                                                  
|  MDVEL: mdvel                                                                 
|   MDEN: mden                                                                  
|  MDCRD: min_1SHG.crd                                                          
| MDINFO: min_1SHG.info                                                         
|  MDFRC: mdfrc                                                                 


 Here is the input file:

&cntrl                                                                         
  imin = 1,                                                                    
  maxcyc=100,                                                                  
  ntx = 1,                                                                     
  ntwr = 100,                                                                  
  ntpr = 10,                                                                   
  ioutfm=0,                                                                    
  ntxo=1,                                                                      
  cut = 1000.0,                                                                
  ntb=0,                                                                       
  igb = 8,                                                                     
  gbsa=3,                                                                      
  surften=0.007,                                                               
  saltcon = 0.0,                                                               
/                                                                              


Note: ig = -1. Setting random seed to   879515 based on wallclock time in 
      microseconds.
| irandom = 1, using AMBER's internal random number generator (default).
 
| Conditional Compilation Defines Used:
| PUBFFT
| BINTRAJ
| EMIL

| New format PARM file being parsed.
| Version =    1.000 Date = 12/30/23 Time = 23:54:23

| Note: 1-4 EEL scale factors are being read from the topology file.

| Note: 1-4 VDW scale factors are being read from the topology file.
| INFO:    Reading atomic numbers from topology file.
| Duplicated    0 dihedrals

| Duplicated    0 dihedrals

--------------------------------------------------------------------------------
   1.  RESOURCE   USE: 
--------------------------------------------------------------------------------

 NATOM  =     955 NTYPES =      13 NBONH =     483 MBONA  =     481
 NTHETH =    1105 MTHETA =     650 NPHIH =    2177 MPHIA  =    2020
 NHPARM =       0 NPARM  =       0 NNB   =    5303 NRES   =      57
 NBONA  =     481 NTHETA =     650 NPHIA =    2020 NUMBND =      57
 NUMANG =     136 NPTRA  =     165 NATYP =      27 NPHB   =       0
 IFBOX  =       0 NMXRS  =      24 IFCAP =       0 NEXTRA =       0
 NCOPY  =       0

 Implicit solvent radii are ArgH and AspGluO modified Bondi2 radii (mbondi3)                                
 Replacing prmtop screening parameters with GBn2 (igb=8) values
--------------------------------------------------------------------------------
   2.  CONTROL  DATA  FOR  THE  RUN
--------------------------------------------------------------------------------

default_name                                                                    

General flags:
     imin    =       1, nmropt  =       0

Nature and format of input:
     ntx     =       1, irest   =       0, ntrx    =       1

Nature and format of output:
     ntxo    =       1, ntpr    =      10, ntrx    =       1, ntwr    =     100
     iwrap   =       0, ntwx    =       0, ntwv    =       0, ntwe    =       0
     ioutfm  =       0, ntwprt  =       0, idecomp =       0, rbornstat=      0

Potential function:
     ntf     =       1, ntb     =       0, igb     =       8, nsnb    =      25
     ipol    =       0, gbsa    =       3, iesp    =       0
     dielc   =   1.00000, cut     =1000.00000, intdiel =   1.00000
     saltcon =   0.00000, offset  =   0.19514, surften =   0.00700
     rdt     =   0.00000, rgbmax  =  25.00000  extdiel =  78.50000
     alpb  =        0
     gbalphaH  =   0.78844, gbbetaH   =   0.79870,  gbgammaH  =    0.43733
     gbalphaC  =   0.73376, gbbetaC   =   0.50638,  gbgammaC  =    0.20584
     gbalphaN  =   0.50336, gbbetaN   =   0.31683,  gbgammaN  =    0.19292
     gbalphaOS =   0.86781, gbbetaOS  =   0.87664,  gbgammaOS =    0.38788
     gbalphaP  =   1.00000, gbbetaP   =   0.80000,  gbgammaP  =    4.85000
     gb_alpha_hnu  =   0.53705, gb_beta_hnu   =   0.36286,  gb_gamma_hnu  =    0.11670
     gb_alpha_cnu  =   0.33167, gb_beta_cnu   =   0.19684,  gb_gamma_cnu  =    0.09342
     gb_alpha_nnu  =   0.68631, gb_beta_nnu   =   0.46319,  gb_gamma_nnu  =    0.13872
     gb_alpha_onu  =   0.60634, gb_beta_onu   =   0.46301,  gb_gamma_onu  =    0.14226
     gb_alpha_pnu  =   0.41836, gb_beta_pnu   =   0.29005,  gb_gamma_pnu  =    0.10642

Frozen or restrained atoms:
     ibelly  =       0, ntr     =       0

Energy minimization:
     maxcyc  =     100, ncyc    =      10, ntmin   =       1
     dx0     =   0.01000, drms    =   0.00010

| Intermolecular bonds treatment:
|     no_intermolecular_bonds =       1

| Energy averages sample interval:
|     ene_avg_sampling =       1

--------------------------------------------------------------------------------
   3.  ATOMIC COORDINATES AND VELOCITIES
--------------------------------------------------------------------------------

default_name                                                                    
 begin time read from input coords =     0.000 ps

 
 Number of triangulated 3-point waters found:        0
| Dynamic Memory, Types Used:
| Reals               27037
| Integers           111737

--------------------------------------------------------------------------------
   4.  RESULTS
--------------------------------------------------------------------------------



   NSTEP       ENERGY          RMS            GMAX         NAME    NUMBER
      1      -1.0262E+03     6.2302E+01     1.1655E+03     OD1       721

 BOND    =       91.5536  ANGLE   =      190.1607  DIHED      =      716.4422
 VDWAALS =      281.2425  EEL     =    -4550.8977  EGB        =    -1061.7475
 1-4 VDW =      333.0854  1-4 EEL =     2952.5976  RESTRAINT  =        0.0000
 ESURF   =       21.3784


   NSTEP       ENERGY          RMS            GMAX         NAME    NUMBER
     10      -1.4586E+03     1.7416E+01     3.2779E+02     OD1       721

 BOND    =       62.0570  ANGLE   =      177.0611  DIHED      =      713.6683
 VDWAALS =      -97.1990  EEL     =    -4549.9401  EGB        =    -1063.4549
 1-4 VDW =      326.1950  1-4 EEL =     2951.6134  RESTRAINT  =        0.0000
 ESURF   =       21.3935


   NSTEP       ENERGY          RMS            GMAX         NAME    NUMBER
     20      -1.9158E+03     5.3146E+00     7.9471E+01     N         713

 BOND    =       47.7216  ANGLE   =      133.5293  DIHED      =      696.7227
 VDWAALS =     -380.1419  EEL     =    -4528.1475  EGB        =    -1076.2545
 1-4 VDW =      268.3462  1-4 EEL =     2900.6048  RESTRAINT  =        0.0000
 ESURF   =       21.8017


   NSTEP       ENERGY          RMS            GMAX         NAME    NUMBER
     30      -2.0119E+03     3.1031E+00     2.5475E+01     CG        720

 BOND    =       27.8701  ANGLE   =      104.5902  DIHED      =      690.9228
 VDWAALS =     -393.3080  EEL     =    -4503.5018  EGB        =    -1077.0004
 1-4 VDW =      243.6525  1-4 EEL =     2872.7319  RESTRAINT  =        0.0000
 ESURF   =       22.1001


   NSTEP       ENERGY          RMS            GMAX         NAME    NUMBER
     40      -2.0870E+03     3.3539E+00     4.8754E+01     N         713

 BOND    =       26.5107  ANGLE   =       93.8985  DIHED      =      683.3556
 VDWAALS =     -425.2257  EEL     =    -4488.3032  EGB        =    -1083.4644
 1-4 VDW =      222.7280  1-4 EEL =     2860.8877  RESTRAINT  =        0.0000
 ESURF   =       22.6084


   NSTEP       ENERGY          RMS            GMAX         NAME    NUMBER
     50      -2.1374E+03     1.9776E+00     3.1405E+01     CG        720

 BOND    =       28.4699  ANGLE   =      100.3105  DIHED      =      684.9558
 VDWAALS =     -448.9437  EEL     =    -4462.7575  EGB        =    -1088.2524
 1-4 VDW =      199.7305  1-4 EEL =     2825.8471  RESTRAINT  =        0.0000
 ESURF   =       23.1942


   NSTEP       ENERGY          RMS            GMAX         NAME    NUMBER
     60      -2.1467E+03     1.3998E+00     2.0112E+01     C         711

 BOND    =       27.3481  ANGLE   =       94.4405  DIHED      =      682.9280
 VDWAALS =     -450.8943  EEL     =    -4463.1288  EGB        =    -1088.6243
 1-4 VDW =      200.4305  1-4 EEL =     2827.5221  RESTRAINT  =        0.0000
 ESURF   =       23.2392


   NSTEP       ENERGY          RMS            GMAX         NAME    NUMBER
     70      -2.1680E+03     1.5261E+00     1.3832E+01     CD        290

 BOND    =       24.8636  ANGLE   =       88.9189  DIHED      =      674.5858
 VDWAALS =     -452.8489  EEL     =    -4465.8913  EGB        =    -1090.8830
 1-4 VDW =      203.6519  1-4 EEL =     2826.0849  RESTRAINT  =        0.0000
 ESURF   =       23.4851


   NSTEP       ENERGY          RMS            GMAX         NAME    NUMBER
     80      -2.1799E+03     8.6388E-01     6.1213E+00     CB        703

 BOND    =       24.0238  ANGLE   =       84.5453  DIHED      =      671.9855
 VDWAALS =     -453.0615  EEL     =    -4466.1555  EGB        =    -1091.6141
 1-4 VDW =      202.9898  1-4 EEL =     2823.7120  RESTRAINT  =        0.0000
 ESURF   =       23.6803


   NSTEP       ENERGY          RMS            GMAX         NAME    NUMBER
     90      -2.1920E+03     1.4098E+00     1.7713E+01     CG        720

 BOND    =       27.3467  ANGLE   =       87.5860  DIHED      =      669.3588
 VDWAALS =     -458.1033  EEL     =    -4460.0881  EGB        =    -1092.4037
 1-4 VDW =      193.5891  1-4 EEL =     2816.8058  RESTRAINT  =        0.0000
 ESURF   =       23.8712


   NSTEP       ENERGY          RMS            GMAX         NAME    NUMBER
    100      -2.2001E+03     8.7699E-01     6.5851E+00     CE         16

 BOND    =       29.2662  ANGLE   =       93.6822  DIHED      =      667.5759
 VDWAALS =     -461.6883  EEL     =    -4456.1603  EGB        =    -1093.0048
 1-4 VDW =      187.7522  1-4 EEL =     2808.4171  RESTRAINT  =        0.0000
 ESURF   =       24.0606


  Maximum number of minimization cycles reached.


                    FINAL RESULTS



   NSTEP       ENERGY          RMS            GMAX         NAME    NUMBER
    100      -2.2001E+03     8.7699E-01     6.5851E+00     CE         16

 BOND    =       29.2662  ANGLE   =       93.6822  DIHED      =      667.5759
 VDWAALS =     -461.6883  EEL     =    -4456.1603  EGB        =    -1093.0048
 1-4 VDW =      187.7522  1-4 EEL =     2808.4171  RESTRAINT  =        0.0000
 ESURF   =       24.0606
--------------------------------------------------------------------------------
   5.  TIMINGS
--------------------------------------------------------------------------------

|  NonSetup CPU Time in Major Routines:
|
|     Routine           Sec        %
|     ------------------------------
|     Nonbond           4.05   97.94
|     Bond              0.00    0.03
|     Angle             0.01    0.28
|     Dihedral          0.07    1.61
|     Shake             0.00    0.00
|     Other             0.01    0.13
|     ------------------------------
|     Total             4.13

|  Generalized Born CPU Time:
|
|     Routine                 Sec        %
|     ------------------------------------
|     Radii Calc              0.95   23.04
|     Diagonal Calc           1.77   42.89
|     Off Diagonal Calc       1.32   31.88
|     GBSA LCPO Calc          0.00    0.00
|     ---------------------------------
|     Total                   4.04   97.82

|  Setup CPU time:            0.01 seconds
|  NonSetup CPU time:         4.13 seconds
|  Total CPU time:            4.15 seconds     0.00 hours

|  Setup wall time:           0    seconds
|  NonSetup wall time:       10    seconds
|  Total wall time:          10    seconds     0.00 hours
