
          -------------------------------------------------------
          GEM.PMEMD-Amoeba Release 3.00.00                  2021
          -------------------------------------------------------

|         Patch Release 1

| Run on 12/19/2023 at 14:23:13

  [-O]verwriting output

File Assignments:
|   MDIN: /home/arul/Reegina/MD_Sim/trial_file/min.in                           
|  MDOUT: min_1APS.out                                                          
| INPCRD: tc5b.1APS.rst7                                                        
|   PARM: tc5b.1APS.hmass.parm7                                                 
| RESTRT: min_1APS.rst7                                                         
|   REFC: refc                                                                  
|  MDVEL: mdvel                                                                 
|   MDEN: mden                                                                  
|  MDCRD: min_1APS.crd                                                          
| MDINFO: min_1APS.info                                                         
|GEM_PRM: gem_prm                                                               
|GEM_EXC: no_esta_x                                                             
|GEM_CRD: gem_crd                                                               

|GEM_LST: gem_lst                                                               
|

 Here is the input file:

&cntrl                                                                         
  imin = 1,                                                                    
  maxcyc=100,                                                                  
  ntx = 1,                                                                     
  ntwr = 100,                                                                  
  ntpr = 10,                                                                   
  ioutfm=0,                                                                    
  ntxo=1,                                                                      
  cut = 1000.0,                                                                
  ntb=0,                                                                       
  igb = 8,                                                                     
  gbsa=3,                                                                      
  surften=0.007,                                                               
  saltcon = 0.0,                                                               
/                                                                              


| ERROR:   ntb must be 1 or 2!
| ERROR:   PMEMD.GEM-Amoeba 12 requires that igb .eq. 0!
|           Please use sander 12 instead.
| ERROR:   gbsa must be set to 0!
|          PMEMD.GEM-Amoeba 12 does not support gbsa > 0 (Generalized Born/surface area simulations).
|           Please use sander 12 instead.

 Input errors occurred. Terminating execution.
