
          -------------------------------------------------------
          Amber 22 PMEMD                              2022
          -------------------------------------------------------

| PMEMD implementation of SANDER, Release 22

|  Compiled date/time: Thu Apr 14 23:36:37 2022
| Run on 12/28/2023 at 22:42:42

|   Executable path: pmemd
| Working directory: /home/arul/Reegina/MD_Sim/sample/1V9E_info
|          Hostname: Unknown
  [-O]verwriting output

File Assignments:
|   MDIN: eq2.in                                                                
|  MDOUT: eq2.out                                                               
| INPCRD: eq1.rst7                                                              
|   PARM: 1V9E.hmass.parm7                                                      
| RESTRT: eq2.rst7                                                              
|   REFC: eq1.rst7                                                              
|  MDVEL: mdvel                                                                 
|   MDEN: mden                                                                  
|  MDCRD: eq2.crd                                                               
| MDINFO: eq2.info                                                              
|  MDFRC: mdfrc                                                                 


 Here is the input file:

&cntrl                                                                         
   ntx = 5,                                                                    
   ntwx = 5000, ntwe = 0, ntwr = 500,                                          
   ntpr = 5000,                                                                
                                                                               
   ioutfm=0, ntxo=1,                                                           
                                                                               
   imin = 0, nstlim = 125000, dt = 0.002,                                      
                                                                               
   ntt = 3, gamma_ln=1., temp0 = 300.0,                                        
   nscm = 1000, ig = -1, irest = 1,                                            
                                                                               
   ntc= 2, ntf = 2, cut = 1000,                                                
                                                                               
   igb=8, gbsa=3, surften=0.007, ntb = 0,                                      
   saltcon=0.,                                                                 
                                                                               
   ntr=1, restraintmask="@CA,N,C,O",                                           
   restraint_wt=0.1,                                                           
 /                                                                             


Note: ig = -1. Setting random seed to   966548 based on wallclock time in 
      microseconds.
| irandom = 1, using AMBER's internal random number generator (default).
 
| Conditional Compilation Defines Used:
| PUBFFT
| BINTRAJ
| EMIL

| New format PARM file being parsed.
| Version =    1.000 Date = 12/04/23 Time = 16:32:29

| Note: 1-4 EEL scale factors are being read from the topology file.

| Note: 1-4 VDW scale factors are being read from the topology file.
| INFO:    Reading atomic numbers from topology file.
| Duplicated    0 dihedrals

| Duplicated    0 dihedrals

--------------------------------------------------------------------------------
   1.  RESOURCE   USE: 
--------------------------------------------------------------------------------

 NATOM  =    8090 NTYPES =      14 NBONH =    3982 MBONA  =    4232
 NTHETH =    9098 MTHETA =    5766 NPHIH =   18526 MPHIA  =   17980
 NHPARM =       0 NPARM  =       0 NNB   =   44894 NRES   =     518
 NBONA  =    4232 NTHETA =    5766 NPHIA =   17980 NUMBND =      63
 NUMANG =     149 NPTRA  =     178 NATYP =      31 NPHB   =       0
 IFBOX  =       0 NMXRS  =      24 IFCAP =       0 NEXTRA =       0
 NCOPY  =       0

 Implicit solvent radii are ArgH and AspGluO modified Bondi2 radii (mbondi3)                                
 Replacing prmtop screening parameters with GBn2 (igb=8) values
--------------------------------------------------------------------------------
   2.  CONTROL  DATA  FOR  THE  RUN
--------------------------------------------------------------------------------

default_name                                                                    

General flags:
     imin    =       0, nmropt  =       0

Nature and format of input:
     ntx     =       5, irest   =       1, ntrx    =       1

Nature and format of output:
     ntxo    =       1, ntpr    =    5000, ntrx    =       1, ntwr    =     500
     iwrap   =       0, ntwx    =    5000, ntwv    =       0, ntwe    =       0
     ioutfm  =       0, ntwprt  =       0, idecomp =       0, rbornstat=      0

Potential function:
     ntf     =       2, ntb     =       0, igb     =       8, nsnb    =      25
     ipol    =       0, gbsa    =       3, iesp    =       0
     dielc   =   1.00000, cut     =1000.00000, intdiel =   1.00000
     saltcon =   0.00000, offset  =   0.19514, surften =   0.00700
     rdt     =   0.00000, rgbmax  =  25.00000  extdiel =  78.50000
     alpb  =        0
     gbalphaH  =   0.78844, gbbetaH   =   0.79870,  gbgammaH  =    0.43733
     gbalphaC  =   0.73376, gbbetaC   =   0.50638,  gbgammaC  =    0.20584
     gbalphaN  =   0.50336, gbbetaN   =   0.31683,  gbgammaN  =    0.19292
     gbalphaOS =   0.86781, gbbetaOS  =   0.87664,  gbgammaOS =    0.38788
     gbalphaP  =   1.00000, gbbetaP   =   0.80000,  gbgammaP  =    4.85000
     gb_alpha_hnu  =   0.53705, gb_beta_hnu   =   0.36286,  gb_gamma_hnu  =    0.11670
     gb_alpha_cnu  =   0.33167, gb_beta_cnu   =   0.19684,  gb_gamma_cnu  =    0.09342
     gb_alpha_nnu  =   0.68631, gb_beta_nnu   =   0.46319,  gb_gamma_nnu  =    0.13872
     gb_alpha_onu  =   0.60634, gb_beta_onu   =   0.46301,  gb_gamma_onu  =    0.14226
     gb_alpha_pnu  =   0.41836, gb_beta_pnu   =   0.29005,  gb_gamma_pnu  =    0.10642

Frozen or restrained atoms:
     ibelly  =       0, ntr     =       1
     restraint_wt =   0.10000

Molecular dynamics:
     nstlim  =    125000, nscm    =         0, nrespa  =         1
     t       =   0.00000, dt      =   0.00200, vlimit  =  20.00000

Langevin dynamics temperature regulation:
     ig      =  966548
     temp0   = 300.00000, tempi   =   0.00000, gamma_ln=   1.00000

SHAKE:
     ntc     =       2, jfastw  =       0
     tol     =   0.00001

| Intermolecular bonds treatment:
|     no_intermolecular_bonds =       1

| Energy averages sample interval:
|     ene_avg_sampling =    5000

    LOADING THE CONSTRAINED ATOMS AS GROUPS


   5.  REFERENCE ATOM COORDINATES

  default_name                                                                    
     Mask @CA,N,C,O; matches  2072 atoms

--------------------------------------------------------------------------------
   3.  ATOMIC COORDINATES AND VELOCITIES
--------------------------------------------------------------------------------

default_name                                                                    
 begin time read from input coords =   530.000 ps

 
 Number of triangulated 3-point waters found:        0
| Dynamic Memory, Types Used:
| Reals              273367
| Integers           971464

--------------------------------------------------------------------------------
   4.  RESULTS
--------------------------------------------------------------------------------


 NSTEP =     5000   TIME(PS) =     540.000  TEMP(K) =   296.10  PRESS =     0.0
 Etot   =     -4960.3428  EKtot   =      5968.7919  EPtot      =    -10929.1347
 BOND   =      1650.7313  ANGLE   =      4330.0041  DIHED      =      6503.9798
 1-4 NB =      1801.3646  1-4 EEL =     22794.1257  VDWAALS    =     -4238.0913
 EELEC  =    -37631.8714  EGB     =     -6355.5022  RESTRAINT  =        73.1555
 EAMBER (non-restraint)  =    -11002.2903
 ESURF=       142.9692
 ------------------------------------------------------------------------------


 NSTEP =    10000   TIME(PS) =     550.000  TEMP(K) =   298.20  PRESS =     0.0
 Etot   =     -4954.1126  EKtot   =      6011.2368  EPtot      =    -10965.3494
 BOND   =      1625.7338  ANGLE   =      4379.1593  DIHED      =      6480.5988
 1-4 NB =      1766.4252  1-4 EEL =     22791.0255  VDWAALS    =     -4255.5576
 EELEC  =    -37695.2612  EGB     =     -6278.4772  RESTRAINT  =        78.7006
 EAMBER (non-restraint)  =    -11044.0501
 ESURF=       142.3033
 ------------------------------------------------------------------------------


 NSTEP =    15000   TIME(PS) =     560.000  TEMP(K) =   306.25  PRESS =     0.0
 Etot   =     -4818.3441  EKtot   =      6173.4877  EPtot      =    -10991.8318
 BOND   =      1643.2490  ANGLE   =      4350.0820  DIHED      =      6463.3762
 1-4 NB =      1776.4567  1-4 EEL =     22775.1060  VDWAALS    =     -4245.4504
 EELEC  =    -37607.9380  EGB     =     -6367.8880  RESTRAINT  =        76.8562
 EAMBER (non-restraint)  =    -11068.6880
 ESURF=       144.3186
 ------------------------------------------------------------------------------


 NSTEP =    20000   TIME(PS) =     570.000  TEMP(K) =   301.16  PRESS =     0.0
 Etot   =     -4788.6843  EKtot   =      6070.8897  EPtot      =    -10859.5740
 BOND   =      1631.2364  ANGLE   =      4357.1479  DIHED      =      6526.9082
 1-4 NB =      1811.5601  1-4 EEL =     22786.4714  VDWAALS    =     -4197.6909
 EELEC  =    -37680.2059  EGB     =     -6323.6876  RESTRAINT  =        84.7875
 EAMBER (non-restraint)  =    -10944.3615
 ESURF=       143.8990
 ------------------------------------------------------------------------------


 NSTEP =    25000   TIME(PS) =     580.000  TEMP(K) =   293.01  PRESS =     0.0
 Etot   =     -5058.5673  EKtot   =      5906.5652  EPtot      =    -10965.1326
 BOND   =      1584.5524  ANGLE   =      4383.2130  DIHED      =      6447.0496
 1-4 NB =      1809.3624  1-4 EEL =     22758.3207  VDWAALS    =     -4274.8732
 EELEC  =    -37583.1005  EGB     =     -6309.6809  RESTRAINT  =        80.0168
 EAMBER (non-restraint)  =    -11045.1493
 ESURF=       140.0071
 ------------------------------------------------------------------------------


 NSTEP =    30000   TIME(PS) =     590.000  TEMP(K) =   299.27  PRESS =     0.0
 Etot   =     -4963.9362  EKtot   =      6032.6708  EPtot      =    -10996.6070
 BOND   =      1581.8868  ANGLE   =      4364.7707  DIHED      =      6454.5132
 1-4 NB =      1775.6509  1-4 EEL =     22841.5735  VDWAALS    =     -4237.4569
 EELEC  =    -37685.9586  EGB     =     -6322.3525  RESTRAINT  =        83.3677
 EAMBER (non-restraint)  =    -11079.9748
 ESURF=       147.3980
 ------------------------------------------------------------------------------


 NSTEP =    35000   TIME(PS) =     600.000  TEMP(K) =   298.54  PRESS =     0.0
 Etot   =     -4978.5558  EKtot   =      6017.9639  EPtot      =    -10996.5196
 BOND   =      1660.3115  ANGLE   =      4290.2045  DIHED      =      6463.0857
 1-4 NB =      1790.2776  1-4 EEL =     22802.1511  VDWAALS    =     -4232.6306
 EELEC  =    -37802.1541  EGB     =     -6184.7422  RESTRAINT  =        74.8327
 EAMBER (non-restraint)  =    -11071.3524
 ESURF=       142.1441
 ------------------------------------------------------------------------------


 NSTEP =    40000   TIME(PS) =     610.000  TEMP(K) =   294.14  PRESS =     0.0
 Etot   =     -5026.8489  EKtot   =      5929.3341  EPtot      =    -10956.1830
 BOND   =      1643.2571  ANGLE   =      4317.8318  DIHED      =      6459.1151
 1-4 NB =      1774.1270  1-4 EEL =     22795.2391  VDWAALS    =     -4208.4887
 EELEC  =    -37864.1330  EGB     =     -6110.0107  RESTRAINT  =        93.3549
 EAMBER (non-restraint)  =    -11049.5379
 ESURF=       143.5243
 ------------------------------------------------------------------------------


 NSTEP =    45000   TIME(PS) =     620.000  TEMP(K) =   299.93  PRESS =     0.0
 Etot   =     -4867.5824  EKtot   =      6045.9781  EPtot      =    -10913.5606
 BOND   =      1597.8652  ANGLE   =      4374.3303  DIHED      =      6476.9772
 1-4 NB =      1799.4170  1-4 EEL =     22814.3831  VDWAALS    =     -4189.5692
 EELEC  =    -37818.4582  EGB     =     -6191.3117  RESTRAINT  =        81.1099
 EAMBER (non-restraint)  =    -10994.6705
 ESURF=       141.6957
 ------------------------------------------------------------------------------


 NSTEP =    50000   TIME(PS) =     630.000  TEMP(K) =   300.04  PRESS =     0.0
 Etot   =     -4953.9484  EKtot   =      6048.2970  EPtot      =    -11002.2454
 BOND   =      1649.3260  ANGLE   =      4315.6707  DIHED      =      6455.6638
 1-4 NB =      1785.0110  1-4 EEL =     22882.7414  VDWAALS    =     -4245.7009
 EELEC  =    -37817.8739  EGB     =     -6257.6904  RESTRAINT  =        85.3016
 EAMBER (non-restraint)  =    -11087.5470
 ESURF=       145.3053
 ------------------------------------------------------------------------------


 NSTEP =    55000   TIME(PS) =     640.000  TEMP(K) =   304.22  PRESS =     0.0
 Etot   =     -4863.4867  EKtot   =      6132.5047  EPtot      =    -10995.9914
 BOND   =      1543.3566  ANGLE   =      4441.1918  DIHED      =      6437.1273
 1-4 NB =      1788.8053  1-4 EEL =     22866.3680  VDWAALS    =     -4237.8407
 EELEC  =    -37809.2641  EGB     =     -6262.6507  RESTRAINT  =        86.5767
 EAMBER (non-restraint)  =    -11082.5681
 ESURF=       150.3386
 ------------------------------------------------------------------------------


 NSTEP =    60000   TIME(PS) =     650.000  TEMP(K) =   305.96  PRESS =     0.0
 Etot   =     -4817.3650  EKtot   =      6167.6297  EPtot      =    -10984.9947
 BOND   =      1633.4058  ANGLE   =      4356.9482  DIHED      =      6437.8947
 1-4 NB =      1786.8302  1-4 EEL =     22731.6538  VDWAALS    =     -4241.3910
 EELEC  =    -37607.1243  EGB     =     -6310.1642  RESTRAINT  =        80.8024
 EAMBER (non-restraint)  =    -11065.7971
 ESURF=       146.1499
 ------------------------------------------------------------------------------


 NSTEP =    65000   TIME(PS) =     660.000  TEMP(K) =   307.63  PRESS =     0.0
 Etot   =     -4724.2396  EKtot   =      6201.2570  EPtot      =    -10925.4966
 BOND   =      1629.6065  ANGLE   =      4390.6938  DIHED      =      6514.3040
 1-4 NB =      1765.2850  1-4 EEL =     22745.9816  VDWAALS    =     -4213.1153
 EELEC  =    -37718.7399  EGB     =     -6275.7372  RESTRAINT  =        87.8046
 EAMBER (non-restraint)  =    -11013.3012
 ESURF=       148.4202
 ------------------------------------------------------------------------------


 NSTEP =    70000   TIME(PS) =     670.000  TEMP(K) =   295.42  PRESS =     0.0
 Etot   =     -4840.1073  EKtot   =      5955.0216  EPtot      =    -10795.1289
 BOND   =      1684.5091  ANGLE   =      4391.5269  DIHED      =      6478.5408
 1-4 NB =      1778.0337  1-4 EEL =     22858.5526  VDWAALS    =     -4218.6205
 EELEC  =    -37814.9164  EGB     =     -6191.0652  RESTRAINT  =        87.7588
 EAMBER (non-restraint)  =    -10882.8877
 ESURF=       150.5514
 ------------------------------------------------------------------------------


 NSTEP =    75000   TIME(PS) =     680.000  TEMP(K) =   297.47  PRESS =     0.0
 Etot   =     -4972.2909  EKtot   =      5996.4153  EPtot      =    -10968.7062
 BOND   =      1604.8095  ANGLE   =      4350.8300  DIHED      =      6491.2245
 1-4 NB =      1782.9078  1-4 EEL =     22789.5379  VDWAALS    =     -4257.0367
 EELEC  =    -37691.6434  EGB     =     -6262.4737  RESTRAINT  =        79.0895
 EAMBER (non-restraint)  =    -11047.7957
 ESURF=       144.0485
 ------------------------------------------------------------------------------


 NSTEP =    80000   TIME(PS) =     690.000  TEMP(K) =   303.75  PRESS =     0.0
 Etot   =     -4831.3486  EKtot   =      6123.1022  EPtot      =    -10954.4509
 BOND   =      1653.6779  ANGLE   =      4340.3096  DIHED      =      6428.5577
 1-4 NB =      1760.3753  1-4 EEL =     22832.0674  VDWAALS    =     -4227.9632
 EELEC  =    -37691.1051  EGB     =     -6285.7030  RESTRAINT  =        85.9277
 EAMBER (non-restraint)  =    -11040.3786
 ESURF=       149.4048
 ------------------------------------------------------------------------------


 NSTEP =    85000   TIME(PS) =     700.000  TEMP(K) =   300.93  PRESS =     0.0
 Etot   =     -4937.1664  EKtot   =      6066.0833  EPtot      =    -11003.2497
 BOND   =      1629.5131  ANGLE   =      4375.3419  DIHED      =      6421.7120
 1-4 NB =      1769.4596  1-4 EEL =     22823.4197  VDWAALS    =     -4223.2937
 EELEC  =    -37574.3308  EGB     =     -6455.8061  RESTRAINT  =        83.3138
 EAMBER (non-restraint)  =    -11086.5635
 ESURF=       147.4208
 ------------------------------------------------------------------------------


 NSTEP =    90000   TIME(PS) =     710.000  TEMP(K) =   302.06  PRESS =     0.0
 Etot   =     -4834.8574  EKtot   =      6088.9140  EPtot      =    -10923.7715
 BOND   =      1626.5789  ANGLE   =      4393.1434  DIHED      =      6445.9367
 1-4 NB =      1802.2322  1-4 EEL =     22816.0197  VDWAALS    =     -4205.7366
 EELEC  =    -37634.6403  EGB     =     -6403.1096  RESTRAINT  =        85.6786
 EAMBER (non-restraint)  =    -11009.4500
 ESURF=       150.1256
 ------------------------------------------------------------------------------


 NSTEP =    95000   TIME(PS) =     720.000  TEMP(K) =   301.85  PRESS =     0.0
 Etot   =     -4873.2934  EKtot   =      6084.6902  EPtot      =    -10957.9836
 BOND   =      1648.9957  ANGLE   =      4280.9143  DIHED      =      6526.9962
 1-4 NB =      1788.9207  1-4 EEL =     22859.8471  VDWAALS    =     -4239.0857
 EELEC  =    -37711.5436  EGB     =     -6331.5137  RESTRAINT  =        76.7487
 EAMBER (non-restraint)  =    -11034.7323
 ESURF=       141.7368
 ------------------------------------------------------------------------------


 NSTEP =   100000   TIME(PS) =     730.000  TEMP(K) =   301.47  PRESS =     0.0
 Etot   =     -4922.9003  EKtot   =      6076.9847  EPtot      =    -10999.8850
 BOND   =      1624.6496  ANGLE   =      4337.2216  DIHED      =      6432.7856
 1-4 NB =      1803.1958  1-4 EEL =     22818.3655  VDWAALS    =     -4210.7214
 EELEC  =    -37790.5058  EGB     =     -6239.5282  RESTRAINT  =        82.3042
 EAMBER (non-restraint)  =    -11082.1893
 ESURF=       142.3482
 ------------------------------------------------------------------------------


 NSTEP =   105000   TIME(PS) =     740.000  TEMP(K) =   301.08  PRESS =     0.0
 Etot   =     -4974.3891  EKtot   =      6069.2692  EPtot      =    -11043.6583
 BOND   =      1654.0988  ANGLE   =      4314.6075  DIHED      =      6441.6481
 1-4 NB =      1756.4673  1-4 EEL =     22786.5949  VDWAALS    =     -4256.7455
 EELEC  =    -37647.0837  EGB     =     -6321.4997  RESTRAINT  =        82.7844
 EAMBER (non-restraint)  =    -11126.4427
 ESURF=       145.4695
 ------------------------------------------------------------------------------


 NSTEP =   110000   TIME(PS) =     750.000  TEMP(K) =   301.39  PRESS =     0.0
 Etot   =     -4957.1464  EKtot   =      6075.4340  EPtot      =    -11032.5804
 BOND   =      1617.4558  ANGLE   =      4305.2709  DIHED      =      6465.4039
 1-4 NB =      1759.4709  1-4 EEL =     22917.6964  VDWAALS    =     -4242.5955
 EELEC  =    -37923.0224  EGB     =     -6170.1501  RESTRAINT  =        89.2076
 EAMBER (non-restraint)  =    -11121.7880
 ESURF=       148.6819
 ------------------------------------------------------------------------------


 NSTEP =   115000   TIME(PS) =     760.000  TEMP(K) =   303.75  PRESS =     0.0
 Etot   =     -4768.5119  EKtot   =      6122.9596  EPtot      =    -10891.4715
 BOND   =      1659.3096  ANGLE   =      4385.1064  DIHED      =      6523.9149
 1-4 NB =      1759.4296  1-4 EEL =     22886.9863  VDWAALS    =     -4253.6123
 EELEC  =    -37798.4049  EGB     =     -6286.4930  RESTRAINT  =        86.9428
 EAMBER (non-restraint)  =    -10978.4143
 ESURF=       145.3492
 ------------------------------------------------------------------------------


 NSTEP =   120000   TIME(PS) =     770.000  TEMP(K) =   299.12  PRESS =     0.0
 Etot   =     -4998.3654  EKtot   =      6029.6845  EPtot      =    -11028.0499
 BOND   =      1659.7310  ANGLE   =      4319.8499  DIHED      =      6462.6473
 1-4 NB =      1788.4892  1-4 EEL =     22811.0923  VDWAALS    =     -4252.2800
 EELEC  =    -37839.7942  EGB     =     -6207.9609  RESTRAINT  =        85.9813
 EAMBER (non-restraint)  =    -11114.0312
 ESURF=       144.1942
 ------------------------------------------------------------------------------


 NSTEP =   125000   TIME(PS) =     780.000  TEMP(K) =   301.43  PRESS =     0.0
 Etot   =     -4918.1554  EKtot   =      6076.1852  EPtot      =    -10994.3406
 BOND   =      1586.9058  ANGLE   =      4320.3450  DIHED      =      6434.6040
 1-4 NB =      1814.8140  1-4 EEL =     22871.7863  VDWAALS    =     -4234.6759
 EELEC  =    -37765.6175  EGB     =     -6264.3475  RESTRAINT  =        97.1234
 EAMBER (non-restraint)  =    -11091.4640
 ESURF=       144.7218
 ------------------------------------------------------------------------------


      A V E R A G E S   O V E R      25 S T E P S


 NSTEP =   125000   TIME(PS) =     780.000  TEMP(K) =   300.57  PRESS =     0.0
 Etot   =     -4904.1819  EKtot   =      6058.8540  EPtot      =    -10963.0359
 BOND   =      1628.9901  ANGLE   =      4350.6286  DIHED      =      6466.9826
 1-4 NB =      1783.7748  1-4 EEL =     22818.2843  VDWAALS    =     -4233.6089
 EELEC  =    -37728.1877  EGB     =     -6278.7819  RESTRAINT  =        83.5811
 EAMBER (non-restraint)  =    -11046.6170
 ESURF=       145.3010
 ------------------------------------------------------------------------------


      R M S  F L U C T U A T I O N S


 NSTEP =   125000   TIME(PS) =     780.000  TEMP(K) =     3.58  PRESS =     0.0
 Etot   =        83.9480  EKtot   =        72.1680  EPtot      =        55.3013
 BOND   =        30.9228  ANGLE   =        37.1734  DIHED      =        31.2454
 1-4 NB =        17.1581  1-4 EEL =        45.2835  VDWAALS    =        20.4688
 EELEC  =        94.1408  EGB     =        75.7381  RESTRAINT  =         5.4268
 EAMBER (non-restraint)  =        49.8745
 ESURF=         2.9659
 ------------------------------------------------------------------------------

--------------------------------------------------------------------------------
   5.  TIMINGS
--------------------------------------------------------------------------------

|  NonSetup CPU Time in Major Routines:
|
|     Routine           Sec        %
|     ------------------------------
|     Nonbond      210143.71   99.50
|     Bond              7.21    0.00
|     Angle           123.59    0.06
|     Dihedral        699.87    0.33
|     Shake            30.85    0.01
|     RunMD           184.86    0.09
|     Other             0.06    0.00
|     ------------------------------
|     Total        211190.15

|  Generalized Born CPU Time:
|
|     Routine                 Sec        %
|     ------------------------------------
|     Radii Calc          33662.67   15.94
|     Diagonal Calc       65043.36   30.80
|     Off Diagonal Calc  111385.38   52.74
|     GBSA LCPO Calc          0.19    0.00
|     ---------------------------------
|     Total              210091.41   99.48

|  Final Performance Info:
|     -----------------------------------------------------
|     Average timings for last       1 steps:
|     Elapsed(s) =       0.00 Per Step(ms) =       0.12
|         ns/day =    1393.29   seconds/ns =      62.01
|
|     Average timings for all steps:
|     Elapsed(s) =  481413.82 Per Step(ms) =    3851.31
|         ns/day =       0.04   seconds/ns = 1925655.27
|     -----------------------------------------------------

|  Setup CPU time:            0.10 seconds
|  NonSetup CPU time:    211190.15 seconds
|  Total CPU time:       211190.25 seconds    58.66 hours

|  Setup wall time:           0    seconds
|  NonSetup wall time:   481414    seconds
|  Total wall time:      481414    seconds   133.73 hours
