
          -------------------------------------------------------
          Amber 22 PMEMD                              2022
          -------------------------------------------------------

| PMEMD implementation of SANDER, Release 22

|  Compiled date/time: Thu Apr 14 23:36:37 2022
| Run on 12/30/2023 at 10:28:44

|   Executable path: pmemd
| Working directory: /home/arul/Reegina/MD_Sim/sample/3O4D_info
|          Hostname: Unknown
  [-O]verwriting output

File Assignments:
|   MDIN: eq2.in                                                                
|  MDOUT: eq2.out                                                               
| INPCRD: eq1.rst7                                                              
|   PARM: 3O4D.hmass.parm7                                                      
| RESTRT: eq2.rst7                                                              
|   REFC: eq1.rst7                                                              
|  MDVEL: mdvel                                                                 
|   MDEN: mden                                                                  
|  MDCRD: eq2.crd                                                               
| MDINFO: eq2.info                                                              
|  MDFRC: mdfrc                                                                 


 Here is the input file:

&cntrl                                                                         
   ntx = 5,                                                                    
   ntwx = 5000, ntwe = 0, ntwr = 500,                                          
   ntpr = 5000,                                                                
                                                                               
   ioutfm=0, ntxo=1,                                                           
                                                                               
   imin = 0, nstlim = 125000, dt = 0.002,                                      
                                                                               
   ntt = 3, gamma_ln=1., temp0 = 300.0,                                        
   nscm = 1000, ig = -1, irest = 1,                                            
                                                                               
   ntc= 2, ntf = 2, cut = 1000,                                                
                                                                               
   igb=8, gbsa=3, surften=0.007, ntb = 0,                                      
   saltcon=0.,                                                                 
                                                                               
   ntr=1, restraintmask="@CA,N,C,O",                                           
   restraint_wt=0.1,                                                           
 /                                                                             


Note: ig = -1. Setting random seed to   311823 based on wallclock time in 
      microseconds.
| irandom = 1, using AMBER's internal random number generator (default).
 
| Conditional Compilation Defines Used:
| PUBFFT
| BINTRAJ
| EMIL

| New format PARM file being parsed.
| Version =    1.000 Date = 12/04/23 Time = 16:32:42

| Note: 1-4 EEL scale factors are being read from the topology file.

| Note: 1-4 VDW scale factors are being read from the topology file.
| INFO:    Reading atomic numbers from topology file.
| Duplicated    0 dihedrals

| Duplicated    0 dihedrals

--------------------------------------------------------------------------------
   1.  RESOURCE   USE: 
--------------------------------------------------------------------------------

 NATOM  =    1882 NTYPES =      13 NBONH =     921 MBONA  =     979
 NTHETH =    2102 MTHETA =    1330 NPHIH =    4421 MPHIA  =    4258
 NHPARM =       0 NPARM  =       0 NNB   =   10412 NRES   =     123
 NBONA  =     979 NTHETA =    1330 NPHIA =    4258 NUMBND =      56
 NUMANG =     131 NPTRA  =     152 NATYP =      27 NPHB   =       0
 IFBOX  =       0 NMXRS  =      24 IFCAP =       0 NEXTRA =       0
 NCOPY  =       0

 Implicit solvent radii are ArgH and AspGluO modified Bondi2 radii (mbondi3)                                
 Replacing prmtop screening parameters with GBn2 (igb=8) values
--------------------------------------------------------------------------------
   2.  CONTROL  DATA  FOR  THE  RUN
--------------------------------------------------------------------------------

default_name                                                                    

General flags:
     imin    =       0, nmropt  =       0

Nature and format of input:
     ntx     =       5, irest   =       1, ntrx    =       1

Nature and format of output:
     ntxo    =       1, ntpr    =    5000, ntrx    =       1, ntwr    =     500
     iwrap   =       0, ntwx    =    5000, ntwv    =       0, ntwe    =       0
     ioutfm  =       0, ntwprt  =       0, idecomp =       0, rbornstat=      0

Potential function:
     ntf     =       2, ntb     =       0, igb     =       8, nsnb    =      25
     ipol    =       0, gbsa    =       3, iesp    =       0
     dielc   =   1.00000, cut     =1000.00000, intdiel =   1.00000
     saltcon =   0.00000, offset  =   0.19514, surften =   0.00700
     rdt     =   0.00000, rgbmax  =  25.00000  extdiel =  78.50000
     alpb  =        0
     gbalphaH  =   0.78844, gbbetaH   =   0.79870,  gbgammaH  =    0.43733
     gbalphaC  =   0.73376, gbbetaC   =   0.50638,  gbgammaC  =    0.20584
     gbalphaN  =   0.50336, gbbetaN   =   0.31683,  gbgammaN  =    0.19292
     gbalphaOS =   0.86781, gbbetaOS  =   0.87664,  gbgammaOS =    0.38788
     gbalphaP  =   1.00000, gbbetaP   =   0.80000,  gbgammaP  =    4.85000
     gb_alpha_hnu  =   0.53705, gb_beta_hnu   =   0.36286,  gb_gamma_hnu  =    0.11670
     gb_alpha_cnu  =   0.33167, gb_beta_cnu   =   0.19684,  gb_gamma_cnu  =    0.09342
     gb_alpha_nnu  =   0.68631, gb_beta_nnu   =   0.46319,  gb_gamma_nnu  =    0.13872
     gb_alpha_onu  =   0.60634, gb_beta_onu   =   0.46301,  gb_gamma_onu  =    0.14226
     gb_alpha_pnu  =   0.41836, gb_beta_pnu   =   0.29005,  gb_gamma_pnu  =    0.10642

Frozen or restrained atoms:
     ibelly  =       0, ntr     =       1
     restraint_wt =   0.10000

Molecular dynamics:
     nstlim  =    125000, nscm    =         0, nrespa  =         1
     t       =   0.00000, dt      =   0.00200, vlimit  =  20.00000

Langevin dynamics temperature regulation:
     ig      =  311823
     temp0   = 300.00000, tempi   =   0.00000, gamma_ln=   1.00000

SHAKE:
     ntc     =       2, jfastw  =       0
     tol     =   0.00001

| Intermolecular bonds treatment:
|     no_intermolecular_bonds =       1

| Energy averages sample interval:
|     ene_avg_sampling =    5000

    LOADING THE CONSTRAINED ATOMS AS GROUPS


   5.  REFERENCE ATOM COORDINATES

  default_name                                                                    
     Mask @CA,N,C,O; matches   492 atoms

--------------------------------------------------------------------------------
   3.  ATOMIC COORDINATES AND VELOCITIES
--------------------------------------------------------------------------------

default_name                                                                    
 begin time read from input coords =  1166.000 ps

 
 Number of triangulated 3-point waters found:        0
| Dynamic Memory, Types Used:
| Reals               65114
| Integers           228140

--------------------------------------------------------------------------------
   4.  RESULTS
--------------------------------------------------------------------------------


 NSTEP =     5000   TIME(PS) =    1176.000  TEMP(K) =   294.68  PRESS =     0.0
 Etot   =     -2590.8418  EKtot   =      1383.4279  EPtot      =     -3974.2697
 BOND   =       377.3955  ANGLE   =       999.2377  DIHED      =      1578.6592
 1-4 NB =       400.7957  1-4 EEL =      3572.0266  VDWAALS    =      -923.8193
 EELEC  =     -7589.8381  EGB     =     -2451.9427  RESTRAINT  =        19.5836
 EAMBER (non-restraint)  =     -3993.8534
 ESURF=        43.6320
 ------------------------------------------------------------------------------


 NSTEP =    10000   TIME(PS) =    1186.000  TEMP(K) =   299.89  PRESS =     0.0
 Etot   =     -2565.5979  EKtot   =      1407.8944  EPtot      =     -3973.4923
 BOND   =       385.7551  ANGLE   =       987.0940  DIHED      =      1583.0069
 1-4 NB =       419.1092  1-4 EEL =      3520.4311  VDWAALS    =      -955.3657
 EELEC  =     -7513.0522  EGB     =     -2458.9218  RESTRAINT  =        17.3115
 EAMBER (non-restraint)  =     -3990.8038
 ESURF=        41.1396
 ------------------------------------------------------------------------------


 NSTEP =    15000   TIME(PS) =    1196.000  TEMP(K) =   306.08  PRESS =     0.0
 Etot   =     -2495.9535  EKtot   =      1436.9720  EPtot      =     -3932.9255
 BOND   =       398.4877  ANGLE   =      1011.3058  DIHED      =      1563.1318
 1-4 NB =       419.0392  1-4 EEL =      3582.8025  VDWAALS    =      -935.5035
 EELEC  =     -7533.6606  EGB     =     -2497.2438  RESTRAINT  =        16.6802
 EAMBER (non-restraint)  =     -3949.6057
 ESURF=        42.0353
 ------------------------------------------------------------------------------


 NSTEP =    20000   TIME(PS) =    1206.000  TEMP(K) =   299.67  PRESS =     0.0
 Etot   =     -2571.3657  EKtot   =      1406.8913  EPtot      =     -3978.2570
 BOND   =       393.9885  ANGLE   =       986.2339  DIHED      =      1578.9386
 1-4 NB =       413.3890  1-4 EEL =      3583.4741  VDWAALS    =      -937.0749
 EELEC  =     -7620.1508  EGB     =     -2434.3079  RESTRAINT  =        17.5475
 EAMBER (non-restraint)  =     -3995.8045
 ESURF=        39.7049
 ------------------------------------------------------------------------------


 NSTEP =    25000   TIME(PS) =    1216.000  TEMP(K) =   294.03  PRESS =     0.0
 Etot   =     -2622.8024  EKtot   =      1380.4016  EPtot      =     -4003.2040
 BOND   =       379.4351  ANGLE   =       986.1750  DIHED      =      1573.1278
 1-4 NB =       409.8518  1-4 EEL =      3594.6787  VDWAALS    =      -921.3389
 EELEC  =     -7648.6466  EGB     =     -2433.1905  RESTRAINT  =        16.9155
 EAMBER (non-restraint)  =     -4020.1195
 ESURF=        39.7882
 ------------------------------------------------------------------------------


 NSTEP =    30000   TIME(PS) =    1226.000  TEMP(K) =   294.11  PRESS =     0.0
 Etot   =     -2560.7462  EKtot   =      1380.7572  EPtot      =     -3941.5034
 BOND   =       372.7149  ANGLE   =      1039.5615  DIHED      =      1581.9948
 1-4 NB =       398.8844  1-4 EEL =      3520.2949  VDWAALS    =      -941.5524
 EELEC  =     -7565.7200  EGB     =     -2419.5310  RESTRAINT  =        30.1860
 EAMBER (non-restraint)  =     -3971.6894
 ESURF=        41.6636
 ------------------------------------------------------------------------------


 NSTEP =    35000   TIME(PS) =    1236.000  TEMP(K) =   293.50  PRESS =     0.0
 Etot   =     -2630.4083  EKtot   =      1377.9156  EPtot      =     -4008.3239
 BOND   =       363.2714  ANGLE   =       988.6295  DIHED      =      1568.7651
 1-4 NB =       402.9868  1-4 EEL =      3538.8510  VDWAALS    =      -948.0553
 EELEC  =     -7497.1615  EGB     =     -2487.6246  RESTRAINT  =        20.5102
 EAMBER (non-restraint)  =     -4028.8341
 ESURF=        41.5035
 ------------------------------------------------------------------------------


 NSTEP =    40000   TIME(PS) =    1246.000  TEMP(K) =   303.33  PRESS =     0.0
 Etot   =     -2574.8795  EKtot   =      1424.0721  EPtot      =     -3998.9516
 BOND   =       387.6845  ANGLE   =       985.5092  DIHED      =      1566.6370
 1-4 NB =       417.2071  1-4 EEL =      3576.5080  VDWAALS    =      -940.1421
 EELEC  =     -7596.8516  EGB     =     -2451.7194  RESTRAINT  =        15.4189
 EAMBER (non-restraint)  =     -4014.3705
 ESURF=        40.7969
 ------------------------------------------------------------------------------


 NSTEP =    45000   TIME(PS) =    1256.000  TEMP(K) =   308.95  PRESS =     0.0
 Etot   =     -2515.3634  EKtot   =      1450.4596  EPtot      =     -3965.8230
 BOND   =       386.7543  ANGLE   =      1005.4528  DIHED      =      1553.7442
 1-4 NB =       398.6532  1-4 EEL =      3545.6617  VDWAALS    =      -892.8249
 EELEC  =     -7640.3970  EGB     =     -2388.9057  RESTRAINT  =        22.6072
 EAMBER (non-restraint)  =     -3988.4302
 ESURF=        43.4312
 ------------------------------------------------------------------------------


 NSTEP =    50000   TIME(PS) =    1266.000  TEMP(K) =   303.86  PRESS =     0.0
 Etot   =     -2535.5104  EKtot   =      1426.5484  EPtot      =     -3962.0587
 BOND   =       396.0650  ANGLE   =      1028.3052  DIHED      =      1551.2559
 1-4 NB =       401.1686  1-4 EEL =      3499.4441  VDWAALS    =      -948.1479
 EELEC  =     -7451.7045  EGB     =     -2498.0828  RESTRAINT  =        16.8650
 EAMBER (non-restraint)  =     -3978.9237
 ESURF=        42.7727
 ------------------------------------------------------------------------------


 NSTEP =    55000   TIME(PS) =    1276.000  TEMP(K) =   295.60  PRESS =     0.0
 Etot   =     -2596.7413  EKtot   =      1387.7655  EPtot      =     -3984.5069
 BOND   =       386.1195  ANGLE   =       980.3300  DIHED      =      1566.5080
 1-4 NB =       411.3537  1-4 EEL =      3575.2317  VDWAALS    =      -919.6937
 EELEC  =     -7618.3577  EGB     =     -2427.0906  RESTRAINT  =        19.7347
 EAMBER (non-restraint)  =     -4004.2416
 ESURF=        41.3577
 ------------------------------------------------------------------------------


 NSTEP =    60000   TIME(PS) =    1286.000  TEMP(K) =   283.36  PRESS =     0.0
 Etot   =     -2684.1242  EKtot   =      1330.3018  EPtot      =     -4014.4260
 BOND   =       375.0627  ANGLE   =       971.0938  DIHED      =      1565.6834
 1-4 NB =       397.5261  1-4 EEL =      3515.2450  VDWAALS    =      -919.6147
 EELEC  =     -7481.5678  EGB     =     -2498.0008  RESTRAINT  =        17.3202
 EAMBER (non-restraint)  =     -4031.7462
 ESURF=        42.8262
 ------------------------------------------------------------------------------


 NSTEP =    65000   TIME(PS) =    1296.000  TEMP(K) =   300.20  PRESS =     0.0
 Etot   =     -2569.7145  EKtot   =      1409.3445  EPtot      =     -3979.0590
 BOND   =       356.2804  ANGLE   =      1001.6815  DIHED      =      1573.6818
 1-4 NB =       426.2811  1-4 EEL =      3559.5193  VDWAALS    =      -950.5970
 EELEC  =     -7661.7040  EGB     =     -2345.8847  RESTRAINT  =        21.1204
 EAMBER (non-restraint)  =     -4000.1794
 ESURF=        40.5623
 ------------------------------------------------------------------------------


 NSTEP =    70000   TIME(PS) =    1306.000  TEMP(K) =   299.87  PRESS =     0.0
 Etot   =     -2514.1975  EKtot   =      1407.7904  EPtot      =     -3921.9879
 BOND   =       372.6633  ANGLE   =      1004.5952  DIHED      =      1584.3420
 1-4 NB =       414.7474  1-4 EEL =      3552.1475  VDWAALS    =      -913.4492
 EELEC  =     -7628.3865  EGB     =     -2376.0836  RESTRAINT  =        23.9860
 EAMBER (non-restraint)  =     -3945.9738
 ESURF=        43.4501
 ------------------------------------------------------------------------------


 NSTEP =    75000   TIME(PS) =    1316.000  TEMP(K) =   303.35  PRESS =     0.0
 Etot   =     -2590.8960  EKtot   =      1424.1606  EPtot      =     -4015.0567
 BOND   =       375.2359  ANGLE   =       975.1188  DIHED      =      1580.4274
 1-4 NB =       399.4427  1-4 EEL =      3498.1314  VDWAALS    =      -941.8245
 EELEC  =     -7627.1990  EGB     =     -2339.0779  RESTRAINT  =        22.7079
 EAMBER (non-restraint)  =     -4037.7646
 ESURF=        41.9806
 ------------------------------------------------------------------------------


 NSTEP =    80000   TIME(PS) =    1326.000  TEMP(K) =   292.00  PRESS =     0.0
 Etot   =     -2616.1058  EKtot   =      1370.8637  EPtot      =     -3986.9695
 BOND   =       391.1374  ANGLE   =       962.0843  DIHED      =      1587.2814
 1-4 NB =       414.7054  1-4 EEL =      3534.2367  VDWAALS    =      -949.1720
 EELEC  =     -7630.0128  EGB     =     -2359.8584  RESTRAINT  =        22.4285
 EAMBER (non-restraint)  =     -4009.3980
 ESURF=        40.1999
 ------------------------------------------------------------------------------


 NSTEP =    85000   TIME(PS) =    1336.000  TEMP(K) =   299.58  PRESS =     0.0
 Etot   =     -2649.5813  EKtot   =      1406.4398  EPtot      =     -4056.0211
 BOND   =       360.2643  ANGLE   =       970.4034  DIHED      =      1530.7558
 1-4 NB =       404.9740  1-4 EEL =      3540.9949  VDWAALS    =      -948.6171
 EELEC  =     -7581.5086  EGB     =     -2396.0185  RESTRAINT  =        20.9738
 EAMBER (non-restraint)  =     -4076.9949
 ESURF=        41.7568
 ------------------------------------------------------------------------------


 NSTEP =    90000   TIME(PS) =    1346.000  TEMP(K) =   296.88  PRESS =     0.0
 Etot   =     -2572.0109  EKtot   =      1393.7914  EPtot      =     -3965.8023
 BOND   =       383.3592  ANGLE   =      1028.5922  DIHED      =      1563.1953
 1-4 NB =       393.6461  1-4 EEL =      3529.2497  VDWAALS    =      -929.2822
 EELEC  =     -7541.1656  EGB     =     -2459.8111  RESTRAINT  =        22.0235
 EAMBER (non-restraint)  =     -3987.8257
 ESURF=        44.3907
 ------------------------------------------------------------------------------


 NSTEP =    95000   TIME(PS) =    1356.000  TEMP(K) =   302.23  PRESS =     0.0
 Etot   =     -2565.5348  EKtot   =      1418.8913  EPtot      =     -3984.4262
 BOND   =       404.0072  ANGLE   =      1008.8229  DIHED      =      1550.3777
 1-4 NB =       386.4303  1-4 EEL =      3517.5702  VDWAALS    =      -919.4904
 EELEC  =     -7540.9799  EGB     =     -2454.9909  RESTRAINT  =        21.9229
 EAMBER (non-restraint)  =     -4006.3491
 ESURF=        41.9039
 ------------------------------------------------------------------------------


 NSTEP =   100000   TIME(PS) =    1366.000  TEMP(K) =   296.25  PRESS =     0.0
 Etot   =     -2593.0499  EKtot   =      1390.7990  EPtot      =     -3983.8489
 BOND   =       383.3333  ANGLE   =      1014.9780  DIHED      =      1547.7180
 1-4 NB =       404.2956  1-4 EEL =      3535.5507  VDWAALS    =      -953.1423
 EELEC  =     -7639.5690  EGB     =     -2339.6711  RESTRAINT  =        22.6672
 EAMBER (non-restraint)  =     -4006.5160
 ESURF=        39.9907
 ------------------------------------------------------------------------------


 NSTEP =   105000   TIME(PS) =    1376.000  TEMP(K) =   290.82  PRESS =     0.0
 Etot   =     -2599.5023  EKtot   =      1365.3171  EPtot      =     -3964.8194
 BOND   =       421.1089  ANGLE   =      1002.5283  DIHED      =      1559.3261
 1-4 NB =       410.8936  1-4 EEL =      3464.9351  VDWAALS    =      -918.5615
 EELEC  =     -7607.1106  EGB     =     -2356.2797  RESTRAINT  =        19.1999
 EAMBER (non-restraint)  =     -3984.0192
 ESURF=        39.1406
 ------------------------------------------------------------------------------


 NSTEP =   110000   TIME(PS) =    1386.000  TEMP(K) =   295.39  PRESS =     0.0
 Etot   =     -2622.4954  EKtot   =      1386.7782  EPtot      =     -4009.2736
 BOND   =       372.3905  ANGLE   =       990.8003  DIHED      =      1553.8137
 1-4 NB =       404.7148  1-4 EEL =      3517.3162  VDWAALS    =      -932.0995
 EELEC  =     -7548.8042  EGB     =     -2430.1362  RESTRAINT  =        20.5295
 EAMBER (non-restraint)  =     -4029.8031
 ESURF=        42.2012
 ------------------------------------------------------------------------------


 NSTEP =   115000   TIME(PS) =    1396.000  TEMP(K) =   307.62  PRESS =     0.0
 Etot   =     -2533.6041  EKtot   =      1444.2138  EPtot      =     -3977.8178
 BOND   =       400.0410  ANGLE   =      1006.3757  DIHED      =      1558.8934
 1-4 NB =       403.8801  1-4 EEL =      3485.4454  VDWAALS    =      -917.0185
 EELEC  =     -7483.4879  EGB     =     -2492.6608  RESTRAINT  =        17.7310
 EAMBER (non-restraint)  =     -3995.5488
 ESURF=        42.9828
 ------------------------------------------------------------------------------


 NSTEP =   120000   TIME(PS) =    1406.000  TEMP(K) =   297.38  PRESS =     0.0
 Etot   =     -2586.8222  EKtot   =      1396.0989  EPtot      =     -3982.9211
 BOND   =       394.1427  ANGLE   =       956.0042  DIHED      =      1586.5140
 1-4 NB =       399.9247  1-4 EEL =      3473.7297  VDWAALS    =      -920.0204
 EELEC  =     -7513.6327  EGB     =     -2419.9397  RESTRAINT  =        19.4963
 EAMBER (non-restraint)  =     -4002.4174
 ESURF=        40.8603
 ------------------------------------------------------------------------------


 NSTEP =   125000   TIME(PS) =    1416.000  TEMP(K) =   297.00  PRESS =     0.0
 Etot   =     -2549.4575  EKtot   =      1394.3346  EPtot      =     -3943.7921
 BOND   =       408.4477  ANGLE   =      1001.6160  DIHED      =      1566.3944
 1-4 NB =       414.0289  1-4 EEL =      3505.1259  VDWAALS    =      -937.7233
 EELEC  =     -7510.8752  EGB     =     -2453.2899  RESTRAINT  =        20.5339
 EAMBER (non-restraint)  =     -3964.3260
 ESURF=        41.9497
 ------------------------------------------------------------------------------


      A V E R A G E S   O V E R      25 S T E P S


 NSTEP =   125000   TIME(PS) =    1416.000  TEMP(K) =   298.23  PRESS =     0.0
 Etot   =     -2580.2923  EKtot   =      1400.0892  EPtot      =     -3980.3815
 BOND   =       385.0058  ANGLE   =       995.7012  DIHED      =      1566.9669
 1-4 NB =       406.7172  1-4 EEL =      3533.5441  VDWAALS    =      -932.5653
 EELEC  =     -7570.8618  EGB     =     -2426.8106  RESTRAINT  =        20.2400
 EAMBER (non-restraint)  =     -4000.6215
 ESURF=        41.6809
 ------------------------------------------------------------------------------


      R M S  F L U C T U A T I O N S


 NSTEP =   125000   TIME(PS) =    1416.000  TEMP(K) =     5.61  PRESS =     0.0
 Etot   =        42.8820  EKtot   =        26.3161  EPtot      =        28.4756
 BOND   =        14.9919  ANGLE   =        20.3151  DIHED      =        13.9050
 1-4 NB =         9.0912  1-4 EEL =        34.6523  VDWAALS    =        15.2602
 EELEC  =        60.0379  EGB     =        50.7833  RESTRAINT  =         3.0609
 EAMBER (non-restraint)  =        25.4147
 ESURF=         1.3309
 ------------------------------------------------------------------------------

--------------------------------------------------------------------------------
   5.  TIMINGS
--------------------------------------------------------------------------------

|  NonSetup CPU Time in Major Routines:
|
|     Routine           Sec        %
|     ------------------------------
|     Nonbond       18810.72   98.64
|     Bond              1.85    0.01
|     Angle            28.83    0.15
|     Dihedral        173.70    0.91
|     Shake             7.88    0.04
|     RunMD            47.64    0.25
|     Other             0.08    0.00
|     ------------------------------
|     Total         19070.69

|  Generalized Born CPU Time:
|
|     Routine                 Sec        %
|     ------------------------------------
|     Radii Calc           4408.26   23.12
|     Diagonal Calc        8182.67   42.91
|     Off Diagonal Calc    6207.98   32.55
|     GBSA LCPO Calc          0.12    0.00
|     ---------------------------------
|     Total               18798.91   98.57

|  Final Performance Info:
|     -----------------------------------------------------
|     Average timings for last       1 steps:
|     Elapsed(s) =       0.00 Per Step(ms) =       0.12
|         ns/day =    1477.64   seconds/ns =      58.47
|
|     Average timings for all steps:
|     Elapsed(s) =   54039.12 Per Step(ms) =     432.31
|         ns/day =       0.40   seconds/ns =  216156.47
|     -----------------------------------------------------

|  Setup CPU time:            0.03 seconds
|  NonSetup CPU time:     19070.69 seconds
|  Total CPU time:        19070.72 seconds     5.30 hours

|  Setup wall time:           0    seconds
|  NonSetup wall time:    54040    seconds
|  Total wall time:       54040    seconds    15.01 hours
