
          -------------------------------------------------------
          Amber 22 PMEMD                              2022
          -------------------------------------------------------

| PMEMD implementation of SANDER, Release 22

|  Compiled date/time: Thu Apr 14 23:36:37 2022
| Run on 12/20/2023 at 13:35:33

|   Executable path: pmemd
| Working directory: /home/arul/Reegina/MD_Sim/amber_parameters/3O4D_info
|          Hostname: Unknown
  [-O]verwriting output

File Assignments:
|   MDIN: /home/arul/Reegina/MD_Sim/trial_file/min.in                           
|  MDOUT: min_3O4D.out                                                          
| INPCRD: 3O4D.rst7                                                             
|   PARM: 3O4D.hmass.parm7                                                      
| RESTRT: min_3O4D.rst7                                                         
|   REFC: refc                                                                  
|  MDVEL: mdvel                                                                 
|   MDEN: mden                                                                  
|  MDCRD: min_3O4D.crd                                                          
| MDINFO: min_3O4D.info                                                         
|  MDFRC: mdfrc                                                                 


 Here is the input file:

&cntrl                                                                         
  imin = 1,                                                                    
  maxcyc=100,                                                                  
  ntx = 1,                                                                     
  ntwr = 100,                                                                  
  ntpr = 10,                                                                   
  ioutfm=0,                                                                    
  ntxo=1,                                                                      
  cut = 1000.0,                                                                
  ntb=0,                                                                       
  igb = 8,                                                                     
  gbsa=3,                                                                      
  surften=0.007,                                                               
  saltcon = 0.0,                                                               
/                                                                              


Note: ig = -1. Setting random seed to   295508 based on wallclock time in 
      microseconds.
| irandom = 1, using AMBER's internal random number generator (default).
 
| Conditional Compilation Defines Used:
| PUBFFT
| BINTRAJ
| EMIL

| New format PARM file being parsed.
| Version =    1.000 Date = 12/04/23 Time = 16:32:42

| Note: 1-4 EEL scale factors are being read from the topology file.

| Note: 1-4 VDW scale factors are being read from the topology file.
| INFO:    Reading atomic numbers from topology file.
| Duplicated    0 dihedrals

| Duplicated    0 dihedrals

--------------------------------------------------------------------------------
   1.  RESOURCE   USE: 
--------------------------------------------------------------------------------

 NATOM  =    1882 NTYPES =      13 NBONH =     921 MBONA  =     979
 NTHETH =    2102 MTHETA =    1330 NPHIH =    4421 MPHIA  =    4258
 NHPARM =       0 NPARM  =       0 NNB   =   10412 NRES   =     123
 NBONA  =     979 NTHETA =    1330 NPHIA =    4258 NUMBND =      56
 NUMANG =     131 NPTRA  =     152 NATYP =      27 NPHB   =       0
 IFBOX  =       0 NMXRS  =      24 IFCAP =       0 NEXTRA =       0
 NCOPY  =       0

 Implicit solvent radii are ArgH and AspGluO modified Bondi2 radii (mbondi3)                                
 Replacing prmtop screening parameters with GBn2 (igb=8) values
--------------------------------------------------------------------------------
   2.  CONTROL  DATA  FOR  THE  RUN
--------------------------------------------------------------------------------

default_name                                                                    

General flags:
     imin    =       1, nmropt  =       0

Nature and format of input:
     ntx     =       1, irest   =       0, ntrx    =       1

Nature and format of output:
     ntxo    =       1, ntpr    =      10, ntrx    =       1, ntwr    =     100
     iwrap   =       0, ntwx    =       0, ntwv    =       0, ntwe    =       0
     ioutfm  =       0, ntwprt  =       0, idecomp =       0, rbornstat=      0

Potential function:
     ntf     =       1, ntb     =       0, igb     =       8, nsnb    =      25
     ipol    =       0, gbsa    =       3, iesp    =       0
     dielc   =   1.00000, cut     =1000.00000, intdiel =   1.00000
     saltcon =   0.00000, offset  =   0.19514, surften =   0.00700
     rdt     =   0.00000, rgbmax  =  25.00000  extdiel =  78.50000
     alpb  =        0
     gbalphaH  =   0.78844, gbbetaH   =   0.79870,  gbgammaH  =    0.43733
     gbalphaC  =   0.73376, gbbetaC   =   0.50638,  gbgammaC  =    0.20584
     gbalphaN  =   0.50336, gbbetaN   =   0.31683,  gbgammaN  =    0.19292
     gbalphaOS =   0.86781, gbbetaOS  =   0.87664,  gbgammaOS =    0.38788
     gbalphaP  =   1.00000, gbbetaP   =   0.80000,  gbgammaP  =    4.85000
     gb_alpha_hnu  =   0.53705, gb_beta_hnu   =   0.36286,  gb_gamma_hnu  =    0.11670
     gb_alpha_cnu  =   0.33167, gb_beta_cnu   =   0.19684,  gb_gamma_cnu  =    0.09342
     gb_alpha_nnu  =   0.68631, gb_beta_nnu   =   0.46319,  gb_gamma_nnu  =    0.13872
     gb_alpha_onu  =   0.60634, gb_beta_onu   =   0.46301,  gb_gamma_onu  =    0.14226
     gb_alpha_pnu  =   0.41836, gb_beta_pnu   =   0.29005,  gb_gamma_pnu  =    0.10642

Frozen or restrained atoms:
     ibelly  =       0, ntr     =       0

Energy minimization:
     maxcyc  =     100, ncyc    =      10, ntmin   =       1
     dx0     =   0.01000, drms    =   0.00010

| Intermolecular bonds treatment:
|     no_intermolecular_bonds =       1

| Energy averages sample interval:
|     ene_avg_sampling =       1

--------------------------------------------------------------------------------
   3.  ATOMIC COORDINATES AND VELOCITIES
--------------------------------------------------------------------------------

default_name                                                                    
 begin time read from input coords =     0.000 ps

 
 Number of triangulated 3-point waters found:        0
| Dynamic Memory, Types Used:
| Reals               51019
| Integers           224416

--------------------------------------------------------------------------------
   4.  RESULTS
--------------------------------------------------------------------------------



   NSTEP       ENERGY          RMS            GMAX         NAME    NUMBER
      1      -4.4644E+03     1.3496E+01     3.8858E+02     OXT      1882

 BOND    =       49.4199  ANGLE   =      268.8787  DIHED      =     1401.2148
 VDWAALS =     -676.9014  EEL     =    -7602.1180  EGB        =    -2420.2364
 1-4 VDW =      613.5582  1-4 EEL =     3874.8573  RESTRAINT  =        0.0000
 ESURF   =       26.9334


   NSTEP       ENERGY          RMS            GMAX         NAME    NUMBER
     10      -4.6443E+03     6.8256E+00     1.6950E+02     OXT      1882

 BOND    =       36.0942  ANGLE   =      233.0894  DIHED      =     1399.6623
 VDWAALS =     -742.1522  EEL     =    -7607.9025  EGB        =    -2420.2056
 1-4 VDW =      569.1401  1-4 EEL =     3860.9848  RESTRAINT  =        0.0000
 ESURF   =       26.9630


   NSTEP       ENERGY          RMS            GMAX         NAME    NUMBER
     20      -4.9844E+03     3.5818E+00     9.2772E+01     C        1880

 BOND    =       62.4912  ANGLE   =      258.2677  DIHED      =     1414.7337
 VDWAALS =     -938.2994  EEL     =    -7586.0749  EGB        =    -2429.0854
 1-4 VDW =      474.1230  1-4 EEL =     3731.8914  RESTRAINT  =        0.0000
 ESURF   =       27.5370


   NSTEP       ENERGY          RMS            GMAX         NAME    NUMBER
     30      -5.0761E+03     2.3753E+00     3.4462E+01     OXT      1882

 BOND    =       52.5702  ANGLE   =      240.2385  DIHED      =     1412.2922
 VDWAALS =     -955.6611  EEL     =    -7567.9348  EGB        =    -2426.3183
 1-4 VDW =      444.9842  1-4 EEL =     3695.7433  RESTRAINT  =        0.0000
 ESURF   =       27.9596


   NSTEP       ENERGY          RMS            GMAX         NAME    NUMBER
     40      -5.1398E+03     2.5214E+00     4.1809E+01     CA       1869

 BOND    =       53.4254  ANGLE   =      238.1584  DIHED      =     1408.6036
 VDWAALS =     -986.6532  EEL     =    -7570.7774  EGB        =    -2431.2597
 1-4 VDW =      425.6269  1-4 EEL =     3694.5887  RESTRAINT  =        0.0000
 ESURF   =       28.4738


   NSTEP       ENERGY          RMS            GMAX         NAME    NUMBER
     50      -5.2044E+03     1.6026E+00     1.5721E+01     CD       1284

 BOND    =       66.6266  ANGLE   =      280.4719  DIHED      =     1418.7961
 VDWAALS =    -1024.4397  EEL     =    -7551.5685  EGB        =    -2436.4944
 1-4 VDW =      381.1747  1-4 EEL =     3631.5165  RESTRAINT  =        0.0000
 ESURF   =       29.4697


   NSTEP       ENERGY          RMS            GMAX         NAME    NUMBER
     60      -5.2157E+03     1.0399E+00     1.3650E+01     NH2      1055

 BOND    =       64.3360  ANGLE   =      277.5202  DIHED      =     1416.4835
 VDWAALS =    -1026.6423  EEL     =    -7552.2055  EGB        =    -2435.5461
 1-4 VDW =      382.9118  1-4 EEL =     3627.9713  RESTRAINT  =        0.0000
 ESURF   =       29.5024


   NSTEP       ENERGY          RMS            GMAX         NAME    NUMBER
     70      -5.2368E+03     1.2146E+00     1.8882E+01     CG       1078

 BOND    =       63.8153  ANGLE   =      268.5436  DIHED      =     1408.4399
 VDWAALS =    -1028.7357  EEL     =    -7562.5382  EGB        =    -2431.7324
 1-4 VDW =      390.0617  1-4 EEL =     3625.6459  RESTRAINT  =        0.0000
 ESURF   =       29.6805


   NSTEP       ENERGY          RMS            GMAX         NAME    NUMBER
     80      -5.2515E+03     7.7709E-01     7.3683E+00     CA       1869

 BOND    =       59.6134  ANGLE   =      257.8144  DIHED      =     1405.7538
 VDWAALS =    -1025.3216  EEL     =    -7571.7581  EGB        =    -2428.1490
 1-4 VDW =      392.5551  1-4 EEL =     3628.0652  RESTRAINT  =        0.0000
 ESURF   =       29.8826


   NSTEP       ENERGY          RMS            GMAX         NAME    NUMBER
     90      -5.2659E+03     8.9965E-01     1.2759E+01     NH2      1055

 BOND    =       63.1559  ANGLE   =      264.8089  DIHED      =     1405.1690
 VDWAALS =    -1030.5789  EEL     =    -7567.2478  EGB        =    -2429.6306
 1-4 VDW =      381.7588  1-4 EEL =     3616.5884  RESTRAINT  =        0.0000
 ESURF   =       30.1251


   NSTEP       ENERGY          RMS            GMAX         NAME    NUMBER
    100      -5.2782E+03     9.1329E-01     1.0458E+01     CD       1284

 BOND    =       70.3304  ANGLE   =      282.2343  DIHED      =     1408.3173
 VDWAALS =    -1037.1125  EEL     =    -7568.2105  EGB        =    -2429.6479
 1-4 VDW =      368.2070  1-4 EEL =     3597.2726  RESTRAINT  =        0.0000
 ESURF   =       30.4423


  Maximum number of minimization cycles reached.


                    FINAL RESULTS



   NSTEP       ENERGY          RMS            GMAX         NAME    NUMBER
    100      -5.2782E+03     9.1329E-01     1.0458E+01     CD       1284

 BOND    =       70.3304  ANGLE   =      282.2343  DIHED      =     1408.3173
 VDWAALS =    -1037.1125  EEL     =    -7568.2105  EGB        =    -2429.6479
 1-4 VDW =      368.2070  1-4 EEL =     3597.2726  RESTRAINT  =        0.0000
 ESURF   =       30.4423
--------------------------------------------------------------------------------
   5.  TIMINGS
--------------------------------------------------------------------------------

|  NonSetup CPU Time in Major Routines:
|
|     Routine           Sec        %
|     ------------------------------
|     Nonbond          12.99   98.89
|     Bond              0.00    0.02
|     Angle             0.02    0.15
|     Dihedral          0.12    0.89
|     Shake             0.00    0.00
|     Other             0.01    0.06
|     ------------------------------
|     Total            13.13

|  Generalized Born CPU Time:
|
|     Routine                 Sec        %
|     ------------------------------------
|     Radii Calc              3.03   23.06
|     Diagonal Calc           5.67   43.20
|     Off Diagonal Calc       4.28   32.57
|     GBSA LCPO Calc          0.00    0.00
|     ---------------------------------
|     Total                  12.98   98.83

|  Setup CPU time:            0.02 seconds
|  NonSetup CPU time:        13.13 seconds
|  Total CPU time:           13.15 seconds     0.00 hours

|  Setup wall time:           0    seconds
|  NonSetup wall time:       13    seconds
|  Total wall time:          13    seconds     0.00 hours
