
          -------------------------------------------------------
          Amber 22 PMEMD                              2022
          -------------------------------------------------------

| PMEMD implementation of SANDER, Release 22

|  Compiled date/time: Thu Apr 14 23:36:37 2022
| Run on 12/28/2023 at 22:42:56

|   Executable path: pmemd
| Working directory: /home/arul/Reegina/MD_Sim/sample/1W4J_info
|          Hostname: Unknown
  [-O]verwriting output

File Assignments:
|   MDIN: eq2.in                                                                
|  MDOUT: eq2.out                                                               
| INPCRD: eq1.rst7                                                              
|   PARM: 1W4J.hmass.parm7                                                      
| RESTRT: eq2.rst7                                                              
|   REFC: eq1.rst7                                                              
|  MDVEL: mdvel                                                                 
|   MDEN: mden                                                                  
|  MDCRD: eq2.crd                                                               
| MDINFO: eq2.info                                                              
|  MDFRC: mdfrc                                                                 


 Here is the input file:

&cntrl                                                                         
   ntx = 5,                                                                    
   ntwx = 5000, ntwe = 0, ntwr = 500,                                          
   ntpr = 5000,                                                                
                                                                               
   ioutfm=0, ntxo=1,                                                           
                                                                               
   imin = 0, nstlim = 125000, dt = 0.002,                                      
                                                                               
   ntt = 3, gamma_ln=1., temp0 = 300.0,                                        
   nscm = 1000, ig = -1, irest = 1,                                            
                                                                               
   ntc= 2, ntf = 2, cut = 1000,                                                
                                                                               
   igb=8, gbsa=3, surften=0.007, ntb = 0,                                      
   saltcon=0.,                                                                 
                                                                               
   ntr=1, restraintmask="@CA,N,C,O",                                           
   restraint_wt=0.1,                                                           
 /                                                                             


Note: ig = -1. Setting random seed to   680703 based on wallclock time in 
      microseconds.
| irandom = 1, using AMBER's internal random number generator (default).
 
| Conditional Compilation Defines Used:
| PUBFFT
| BINTRAJ
| EMIL

| New format PARM file being parsed.
| Version =    1.000 Date = 12/05/23 Time = 14:07:16

| Note: 1-4 EEL scale factors are being read from the topology file.

| Note: 1-4 VDW scale factors are being read from the topology file.
| INFO:    Reading atomic numbers from topology file.
| Duplicated    0 dihedrals

| Duplicated    0 dihedrals

--------------------------------------------------------------------------------
   1.  RESOURCE   USE: 
--------------------------------------------------------------------------------

 NATOM  =     753 NTYPES =      13 NBONH =     385 MBONA  =     371
 NTHETH =     879 MTHETA =     499 NPHIH =    1721 MPHIA  =    1545
 NHPARM =       0 NPARM  =       0 NNB   =    4142 NRES   =      51
 NBONA  =     371 NTHETA =     499 NPHIA =    1545 NUMBND =      53
 NUMANG =     121 NPTRA  =     135 NATYP =      27 NPHB   =       0
 IFBOX  =       0 NMXRS  =      24 IFCAP =       0 NEXTRA =       0
 NCOPY  =       0

 Implicit solvent radii are ArgH and AspGluO modified Bondi2 radii (mbondi3)                                
 Replacing prmtop screening parameters with GBn2 (igb=8) values
--------------------------------------------------------------------------------
   2.  CONTROL  DATA  FOR  THE  RUN
--------------------------------------------------------------------------------

default_name                                                                    

General flags:
     imin    =       0, nmropt  =       0

Nature and format of input:
     ntx     =       5, irest   =       1, ntrx    =       1

Nature and format of output:
     ntxo    =       1, ntpr    =    5000, ntrx    =       1, ntwr    =     500
     iwrap   =       0, ntwx    =    5000, ntwv    =       0, ntwe    =       0
     ioutfm  =       0, ntwprt  =       0, idecomp =       0, rbornstat=      0

Potential function:
     ntf     =       2, ntb     =       0, igb     =       8, nsnb    =      25
     ipol    =       0, gbsa    =       3, iesp    =       0
     dielc   =   1.00000, cut     =1000.00000, intdiel =   1.00000
     saltcon =   0.00000, offset  =   0.19514, surften =   0.00700
     rdt     =   0.00000, rgbmax  =  25.00000  extdiel =  78.50000
     alpb  =        0
     gbalphaH  =   0.78844, gbbetaH   =   0.79870,  gbgammaH  =    0.43733
     gbalphaC  =   0.73376, gbbetaC   =   0.50638,  gbgammaC  =    0.20584
     gbalphaN  =   0.50336, gbbetaN   =   0.31683,  gbgammaN  =    0.19292
     gbalphaOS =   0.86781, gbbetaOS  =   0.87664,  gbgammaOS =    0.38788
     gbalphaP  =   1.00000, gbbetaP   =   0.80000,  gbgammaP  =    4.85000
     gb_alpha_hnu  =   0.53705, gb_beta_hnu   =   0.36286,  gb_gamma_hnu  =    0.11670
     gb_alpha_cnu  =   0.33167, gb_beta_cnu   =   0.19684,  gb_gamma_cnu  =    0.09342
     gb_alpha_nnu  =   0.68631, gb_beta_nnu   =   0.46319,  gb_gamma_nnu  =    0.13872
     gb_alpha_onu  =   0.60634, gb_beta_onu   =   0.46301,  gb_gamma_onu  =    0.14226
     gb_alpha_pnu  =   0.41836, gb_beta_pnu   =   0.29005,  gb_gamma_pnu  =    0.10642

Frozen or restrained atoms:
     ibelly  =       0, ntr     =       1
     restraint_wt =   0.10000

Molecular dynamics:
     nstlim  =    125000, nscm    =         0, nrespa  =         1
     t       =   0.00000, dt      =   0.00200, vlimit  =  20.00000

Langevin dynamics temperature regulation:
     ig      =  680703
     temp0   = 300.00000, tempi   =   0.00000, gamma_ln=   1.00000

SHAKE:
     ntc     =       2, jfastw  =       0
     tol     =   0.00001

| Intermolecular bonds treatment:
|     no_intermolecular_bonds =       1

| Energy averages sample interval:
|     ene_avg_sampling =    5000

    LOADING THE CONSTRAINED ATOMS AS GROUPS


   5.  REFERENCE ATOM COORDINATES

  default_name                                                                    
     Mask @CA,N,C,O; matches   204 atoms

--------------------------------------------------------------------------------
   3.  ATOMIC COORDINATES AND VELOCITIES
--------------------------------------------------------------------------------

default_name                                                                    
 begin time read from input coords =  1250.000 ps

 
 Number of triangulated 3-point waters found:        0
| Dynamic Memory, Types Used:
| Reals               27147
| Integers            88771

--------------------------------------------------------------------------------
   4.  RESULTS
--------------------------------------------------------------------------------


 NSTEP =     5000   TIME(PS) =    1260.000  TEMP(K) =   302.08  PRESS =     0.0
 Etot   =      -744.9800  EKtot   =       562.4677  EPtot      =     -1307.4477
 BOND   =       163.6950  ANGLE   =       395.9210  DIHED      =       568.3295
 1-4 NB =       147.4694  1-4 EEL =      2028.6976  VDWAALS    =      -294.7885
 EELEC  =     -3257.5230  EGB     =     -1100.6854  RESTRAINT  =        12.5620
 EAMBER (non-restraint)  =     -1320.0097
 ESURF=        28.8747
 ------------------------------------------------------------------------------


 NSTEP =    10000   TIME(PS) =    1270.000  TEMP(K) =   304.88  PRESS =     0.0
 Etot   =      -763.8647  EKtot   =       567.6837  EPtot      =     -1331.5484
 BOND   =       152.3563  ANGLE   =       387.3342  DIHED      =       566.5733
 1-4 NB =       147.7477  1-4 EEL =      2058.2696  VDWAALS    =      -291.4752
 EELEC  =     -3279.4671  EGB     =     -1118.0268  RESTRAINT  =        15.2947
 EAMBER (non-restraint)  =     -1346.8431
 ESURF=        29.8449
 ------------------------------------------------------------------------------


 NSTEP =    15000   TIME(PS) =    1280.000  TEMP(K) =   293.90  PRESS =     0.0
 Etot   =      -758.4713  EKtot   =       547.2409  EPtot      =     -1305.7122
 BOND   =       159.6554  ANGLE   =       376.0545  DIHED      =       578.2127
 1-4 NB =       156.3064  1-4 EEL =      2052.3469  VDWAALS    =      -295.0153
 EELEC  =     -3198.7817  EGB     =     -1177.4088  RESTRAINT  =        13.5349
 EAMBER (non-restraint)  =     -1319.2471
 ESURF=        29.3828
 ------------------------------------------------------------------------------


 NSTEP =    20000   TIME(PS) =    1290.000  TEMP(K) =   294.96  PRESS =     0.0
 Etot   =      -760.1440  EKtot   =       549.2207  EPtot      =     -1309.3647
 BOND   =       158.0067  ANGLE   =       379.5301  DIHED      =       571.2140
 1-4 NB =       153.3622  1-4 EEL =      2027.4600  VDWAALS    =      -284.0860
 EELEC  =     -3158.2877  EGB     =     -1199.7416  RESTRAINT  =        12.6985
 EAMBER (non-restraint)  =     -1322.0632
 ESURF=        30.4791
 ------------------------------------------------------------------------------


 NSTEP =    25000   TIME(PS) =    1300.000  TEMP(K) =   305.44  PRESS =     0.0
 Etot   =      -763.3252  EKtot   =       568.7310  EPtot      =     -1332.0562
 BOND   =       125.5013  ANGLE   =       373.1422  DIHED      =       576.3141
 1-4 NB =       156.3052  1-4 EEL =      2043.0662  VDWAALS    =      -287.9156
 EELEC  =     -3174.5480  EGB     =     -1185.7619  RESTRAINT  =        11.9576
 EAMBER (non-restraint)  =     -1344.0138
 ESURF=        29.8828
 ------------------------------------------------------------------------------


 NSTEP =    30000   TIME(PS) =    1310.000  TEMP(K) =   303.42  PRESS =     0.0
 Etot   =      -724.8592  EKtot   =       564.9650  EPtot      =     -1289.8242
 BOND   =       149.6170  ANGLE   =       395.3592  DIHED      =       572.3848
 1-4 NB =       157.0621  1-4 EEL =      2028.6244  VDWAALS    =      -280.7926
 EELEC  =     -3190.6300  EGB     =     -1165.8367  RESTRAINT  =        16.0802
 EAMBER (non-restraint)  =     -1305.9044
 ESURF=        28.3074
 ------------------------------------------------------------------------------


 NSTEP =    35000   TIME(PS) =    1320.000  TEMP(K) =   300.33  PRESS =     0.0
 Etot   =      -774.5679  EKtot   =       559.2104  EPtot      =     -1333.7783
 BOND   =       154.9298  ANGLE   =       376.7349  DIHED      =       564.5924
 1-4 NB =       146.6065  1-4 EEL =      2036.3093  VDWAALS    =      -279.6396
 EELEC  =     -3127.4431  EGB     =     -1250.6515  RESTRAINT  =        13.4735
 EAMBER (non-restraint)  =     -1347.2519
 ESURF=        31.3094
 ------------------------------------------------------------------------------


 NSTEP =    40000   TIME(PS) =    1330.000  TEMP(K) =   290.33  PRESS =     0.0
 Etot   =      -769.6702  EKtot   =       540.6030  EPtot      =     -1310.2732
 BOND   =       139.2047  ANGLE   =       396.7441  DIHED      =       561.7541
 1-4 NB =       162.0779  1-4 EEL =      2055.5470  VDWAALS    =      -286.3583
 EELEC  =     -3217.5818  EGB     =     -1167.7567  RESTRAINT  =        17.7948
 EAMBER (non-restraint)  =     -1328.0680
 ESURF=        28.3011
 ------------------------------------------------------------------------------


 NSTEP =    45000   TIME(PS) =    1340.000  TEMP(K) =   323.40  PRESS =     0.0
 Etot   =      -712.0255  EKtot   =       602.1720  EPtot      =     -1314.1975
 BOND   =       151.0494  ANGLE   =       375.0712  DIHED      =       552.1682
 1-4 NB =       158.7431  1-4 EEL =      2066.9158  VDWAALS    =      -282.0090
 EELEC  =     -3172.9670  EGB     =     -1207.0262  RESTRAINT  =        13.7230
 EAMBER (non-restraint)  =     -1327.9205
 ESURF=        30.1340
 ------------------------------------------------------------------------------


 NSTEP =    50000   TIME(PS) =    1350.000  TEMP(K) =   297.14  PRESS =     0.0
 Etot   =      -745.8492  EKtot   =       553.2650  EPtot      =     -1299.1142
 BOND   =       160.5296  ANGLE   =       393.5250  DIHED      =       578.7165
 1-4 NB =       156.1904  1-4 EEL =      2032.4625  VDWAALS    =      -283.9309
 EELEC  =     -3134.2323  EGB     =     -1245.4064  RESTRAINT  =        13.0697
 EAMBER (non-restraint)  =     -1312.1838
 ESURF=        29.9617
 ------------------------------------------------------------------------------


 NSTEP =    55000   TIME(PS) =    1360.000  TEMP(K) =   295.88  PRESS =     0.0
 Etot   =      -777.6453  EKtot   =       550.9326  EPtot      =     -1328.5778
 BOND   =       134.0851  ANGLE   =       394.2746  DIHED      =       565.8655
 1-4 NB =       155.9869  1-4 EEL =      2062.5825  VDWAALS    =      -284.3612
 EELEC  =     -3185.5113  EGB     =     -1213.0916  RESTRAINT  =        11.8579
 EAMBER (non-restraint)  =     -1340.4357
 ESURF=        29.7338
 ------------------------------------------------------------------------------


 NSTEP =    60000   TIME(PS) =    1370.000  TEMP(K) =   335.96  PRESS =     0.0
 Etot   =      -679.0547  EKtot   =       625.5659  EPtot      =     -1304.6207
 BOND   =       160.9181  ANGLE   =       379.7369  DIHED      =       576.4798
 1-4 NB =       153.2079  1-4 EEL =      2016.8675  VDWAALS    =      -283.5562
 EELEC  =     -3167.1004  EGB     =     -1186.1315  RESTRAINT  =        14.1916
 EAMBER (non-restraint)  =     -1318.8122
 ESURF=        30.7656
 ------------------------------------------------------------------------------


 NSTEP =    65000   TIME(PS) =    1380.000  TEMP(K) =   291.75  PRESS =     0.0
 Etot   =      -815.3389  EKtot   =       543.2329  EPtot      =     -1358.5717
 BOND   =       132.9132  ANGLE   =       346.2484  DIHED      =       569.3454
 1-4 NB =       166.0367  1-4 EEL =      2060.3000  VDWAALS    =      -277.5861
 EELEC  =     -3214.6705  EGB     =     -1181.3787  RESTRAINT  =        10.1487
 EAMBER (non-restraint)  =     -1368.7204
 ESURF=        30.0712
 ------------------------------------------------------------------------------


 NSTEP =    70000   TIME(PS) =    1390.000  TEMP(K) =   280.49  PRESS =     0.0
 Etot   =      -776.2168  EKtot   =       522.2739  EPtot      =     -1298.4906
 BOND   =       152.0822  ANGLE   =       406.4772  DIHED      =       565.1648
 1-4 NB =       160.0817  1-4 EEL =      2057.3418  VDWAALS    =      -295.4643
 EELEC  =     -3227.8912  EGB     =     -1160.0468  RESTRAINT  =        14.5703
 EAMBER (non-restraint)  =     -1313.0610
 ESURF=        29.1935
 ------------------------------------------------------------------------------


 NSTEP =    75000   TIME(PS) =    1400.000  TEMP(K) =   281.05  PRESS =     0.0
 Etot   =      -795.6453  EKtot   =       523.3199  EPtot      =     -1318.9653
 BOND   =       135.9251  ANGLE   =       364.0484  DIHED      =       551.7445
 1-4 NB =       179.4137  1-4 EEL =      2040.9838  VDWAALS    =      -276.1276
 EELEC  =     -3174.6379  EGB     =     -1189.6128  RESTRAINT  =        21.0249
 EAMBER (non-restraint)  =     -1339.9902
 ESURF=        28.2726
 ------------------------------------------------------------------------------


 NSTEP =    80000   TIME(PS) =    1410.000  TEMP(K) =   292.58  PRESS =     0.0
 Etot   =      -777.8728  EKtot   =       544.7886  EPtot      =     -1322.6614
 BOND   =       148.7194  ANGLE   =       368.7074  DIHED      =       582.0064
 1-4 NB =       163.7661  1-4 EEL =      2058.0128  VDWAALS    =      -283.9482
 EELEC  =     -3285.7984  EGB     =     -1119.3338  RESTRAINT  =        15.9272
 EAMBER (non-restraint)  =     -1338.5886
 ESURF=        29.2795
 ------------------------------------------------------------------------------


 NSTEP =    85000   TIME(PS) =    1420.000  TEMP(K) =   297.14  PRESS =     0.0
 Etot   =      -762.3722  EKtot   =       553.2691  EPtot      =     -1315.6413
 BOND   =       145.7363  ANGLE   =       392.2180  DIHED      =       570.4428
 1-4 NB =       154.7054  1-4 EEL =      2056.0494  VDWAALS    =      -294.1326
 EELEC  =     -3253.1392  EGB     =     -1133.1618  RESTRAINT  =        16.9417
 EAMBER (non-restraint)  =     -1332.5829
 ESURF=        28.6987
 ------------------------------------------------------------------------------


 NSTEP =    90000   TIME(PS) =    1430.000  TEMP(K) =   304.16  PRESS =     0.0
 Etot   =      -791.2139  EKtot   =       566.3519  EPtot      =     -1357.5658
 BOND   =       142.3847  ANGLE   =       367.7110  DIHED      =       564.6546
 1-4 NB =       151.7587  1-4 EEL =      2037.2121  VDWAALS    =      -286.7765
 EELEC  =     -3201.6480  EGB     =     -1177.7303  RESTRAINT  =        14.3785
 EAMBER (non-restraint)  =     -1371.9442
 ESURF=        30.4895
 ------------------------------------------------------------------------------


 NSTEP =    95000   TIME(PS) =    1440.000  TEMP(K) =   292.24  PRESS =     0.0
 Etot   =      -783.0056  EKtot   =       544.1580  EPtot      =     -1327.1636
 BOND   =       147.3140  ANGLE   =       367.4058  DIHED      =       563.0476
 1-4 NB =       162.3854  1-4 EEL =      2035.9570  VDWAALS    =      -278.5155
 EELEC  =     -3265.4482  EGB     =     -1105.8683  RESTRAINT  =        17.0648
 EAMBER (non-restraint)  =     -1344.2285
 ESURF=        29.4937
 ------------------------------------------------------------------------------


 NSTEP =   100000   TIME(PS) =    1450.000  TEMP(K) =   291.47  PRESS =     0.0
 Etot   =      -757.4658  EKtot   =       542.7109  EPtot      =     -1300.1767
 BOND   =       156.0122  ANGLE   =       401.3981  DIHED      =       569.2586
 1-4 NB =       154.4819  1-4 EEL =      2057.2436  VDWAALS    =      -287.3647
 EELEC  =     -3300.6636  EGB     =     -1092.3698  RESTRAINT  =        12.8535
 EAMBER (non-restraint)  =     -1313.0302
 ESURF=        28.9736
 ------------------------------------------------------------------------------


 NSTEP =   105000   TIME(PS) =    1460.000  TEMP(K) =   291.82  PRESS =     0.0
 Etot   =      -762.4673  EKtot   =       543.3762  EPtot      =     -1305.8435
 BOND   =       154.6853  ANGLE   =       363.8485  DIHED      =       580.2633
 1-4 NB =       164.5150  1-4 EEL =      2059.5107  VDWAALS    =      -283.7360
 EELEC  =     -3261.5005  EGB     =     -1125.6741  RESTRAINT  =        13.5151
 EAMBER (non-restraint)  =     -1319.3586
 ESURF=        28.7291
 ------------------------------------------------------------------------------


 NSTEP =   110000   TIME(PS) =    1470.000  TEMP(K) =   299.99  PRESS =     0.0
 Etot   =      -775.0865  EKtot   =       558.5874  EPtot      =     -1333.6740
 BOND   =       153.0302  ANGLE   =       357.7203  DIHED      =       576.4205
 1-4 NB =       158.9743  1-4 EEL =      2054.0221  VDWAALS    =      -285.9853
 EELEC  =     -3323.8978  EGB     =     -1074.5063  RESTRAINT  =        20.8758
 EAMBER (non-restraint)  =     -1354.5497
 ESURF=        29.6722
 ------------------------------------------------------------------------------


 NSTEP =   115000   TIME(PS) =    1480.000  TEMP(K) =   301.05  PRESS =     0.0
 Etot   =      -768.5834  EKtot   =       560.5639  EPtot      =     -1329.1473
 BOND   =       152.6200  ANGLE   =       362.0777  DIHED      =       571.2583
 1-4 NB =       160.7812  1-4 EEL =      2060.3653  VDWAALS    =      -277.7896
 EELEC  =     -3301.5771  EGB     =     -1101.8248  RESTRAINT  =        15.5057
 EAMBER (non-restraint)  =     -1344.6530
 ESURF=        29.4359
 ------------------------------------------------------------------------------


 NSTEP =   120000   TIME(PS) =    1490.000  TEMP(K) =   306.09  PRESS =     0.0
 Etot   =      -761.2679  EKtot   =       569.9464  EPtot      =     -1331.2144
 BOND   =       140.6094  ANGLE   =       375.2821  DIHED      =       574.1353
 1-4 NB =       163.6531  1-4 EEL =      2080.2086  VDWAALS    =      -293.0367
 EELEC  =     -3334.5807  EGB     =     -1079.2046  RESTRAINT  =        13.0026
 EAMBER (non-restraint)  =     -1344.2170
 ESURF=        28.7165
 ------------------------------------------------------------------------------


 NSTEP =   125000   TIME(PS) =    1500.000  TEMP(K) =   295.79  PRESS =     0.0
 Etot   =      -772.3321  EKtot   =       550.7583  EPtot      =     -1323.0903
 BOND   =       151.0185  ANGLE   =       368.5332  DIHED      =       569.6194
 1-4 NB =       160.4989  1-4 EEL =      2058.8945  VDWAALS    =      -281.7125
 EELEC  =     -3301.7140  EGB     =     -1090.8904  RESTRAINT  =        12.4252
 EAMBER (non-restraint)  =     -1335.5155
 ESURF=        30.2368
 ------------------------------------------------------------------------------


      A V E R A G E S   O V E R      25 S T E P S


 NSTEP =   125000   TIME(PS) =    1500.000  TEMP(K) =   298.93  PRESS =     0.0
 Etot   =      -762.9330  EKtot   =       556.6158  EPtot      =     -1319.5488
 BOND   =       148.9040  ANGLE   =       378.6042  DIHED      =       569.5987
 1-4 NB =       158.0847  1-4 EEL =      2049.0100  VDWAALS    =      -285.4442
 EELEC  =     -3228.4496  EGB     =     -1153.9651  RESTRAINT  =        14.5789
 EAMBER (non-restraint)  =     -1334.1277
 ESURF=        29.5296
 ------------------------------------------------------------------------------


      R M S  F L U C T U A T I O N S


 NSTEP =   125000   TIME(PS) =    1500.000  TEMP(K) =    11.33  PRESS =     0.0
 Etot   =        26.7109  EKtot   =        21.0905  EPtot      =        16.9268
 BOND   =         9.5684  ANGLE   =        15.0074  DIHED      =         7.5353
 1-4 NB =         6.7903  1-4 EEL =        14.8933  VDWAALS    =         5.6983
 EELEC  =        59.3087  EGB     =        50.1745  RESTRAINT  =         2.5846
 EAMBER (non-restraint)  =        14.3422
 ESURF=         0.7917
 ------------------------------------------------------------------------------

--------------------------------------------------------------------------------
   5.  TIMINGS
--------------------------------------------------------------------------------

|  NonSetup CPU Time in Major Routines:
|
|     Routine           Sec        %
|     ------------------------------
|     Nonbond        2773.97   96.96
|     Bond              0.59    0.02
|     Angle            10.11    0.35
|     Dihedral         57.68    2.02
|     Shake             2.82    0.10
|     RunMD            15.77    0.55
|     Other             0.05    0.00
|     ------------------------------
|     Total          2861.00

|  Generalized Born CPU Time:
|
|     Routine                 Sec        %
|     ------------------------------------
|     Radii Calc            658.81   23.03
|     Diagonal Calc        1214.04   42.43
|     Off Diagonal Calc     897.16   31.36
|     GBSA LCPO Calc          0.05    0.00
|     ---------------------------------
|     Total                2770.00   96.82

|  Final Performance Info:
|     -----------------------------------------------------
|     Average timings for last       1 steps:
|     Elapsed(s) =       0.00 Per Step(ms) =       0.09
|         ns/day =    1819.51   seconds/ns =      47.49
|
|     Average timings for all steps:
|     Elapsed(s) =    6744.03 Per Step(ms) =      53.95
|         ns/day =       3.20   seconds/ns =   26976.11
|     -----------------------------------------------------

|  Setup CPU time:            0.01 seconds
|  NonSetup CPU time:      2861.00 seconds
|  Total CPU time:         2861.01 seconds     0.79 hours

|  Setup wall time:           0    seconds
|  NonSetup wall time:     6744    seconds
|  Total wall time:        6744    seconds     1.87 hours
