Salt Bridges Plugin, Version 1.0
Thu May 02 14:25:39 +0530 2024

Parameters used in the calculation of salt bridges:
- Atomselection: protein
- Update selections every frame: yes
- Initial frame: 0
- Frame step: 1
- Final frame: 499
- Oxygen-nitrogen cut-off: 3.2
- Center of mass cut-off: none
- Write a file for each salt bridge: yes

Searching for ion-pairs with oxygen-nitrogen distance within 3.2 Angstroms in the selected frames... Done.
Removing redundancies in the ion-pairs found... Done.
Extracting identification of each salt bridge... Done.
Found 11 salt bridges.

GLU58-LYS57
GLU45-ARG75
GLU31-LYS35
GLU14-LYS4
GLU45-LYS80
GLU32-LYS35
GLU12-LYS72
ASP60-LYS57
ASP9-LYS4
ASP9-LYS84
GLU2-LYS4

Printing distances over all frames for each salt-bridge... Done.
