# 04/04/24 11:42:52
1A6N.hmass.parm7 prod.crd
parm 1A6N.HMASS.PARM7
parm 1A6N.hmass.parm7
trajin prod.crd
analyze traj rms radius gyration
# 04/04/24 11:58:56
parm 1A6N.hmass.parm7
traj prod.crd
trajin prod.crd
traj rms radius gyration
trajin rms radius gyration
rms radius gyration
rmsd radius gyrartion
rmsd radius gyration
rmsd gyration
RMSD gyration
RMSD
# 04/04/24 12:13:43
./input.cpptraj
quit
# 04/04/24 21:05:27
parm 1A6N.hmass.parm7
trajin prod.crd
rmsd gyration :1-
# 04/04/24 21:08:35
parm 1A6N.hmass.parm7
trajin prod.crd
rmsd gyration :1-
outformat TABLE gyration gyration.dat
outfile
prod.rst7
traj rms radius gyration :1-
output gyration.dat rmsd name "Gyration"
run
output gyration.dat rmsd name "Gyration"
traj rms radius gyration :1-
prod.rst7
