
          -------------------------------------------------------
          Amber 22 PMEMD                              2022
          -------------------------------------------------------

| PMEMD implementation of SANDER, Release 22

|  Compiled date/time: Thu Apr 14 23:36:37 2022
| Run on 12/29/2023 at 22:24:25

|   Executable path: pmemd
| Working directory: /home/arul/Reegina/MD_Sim/finalll/1UCH_info
|          Hostname: Unknown
  [-O]verwriting output

File Assignments:
|   MDIN: heat.in                                                               
|  MDOUT: heat.out                                                              
| INPCRD: min_1UCH.rst7                                                         
|   PARM: 1UCH.hmass.parm7                                                      
| RESTRT: heat.rst7                                                             
|   REFC: min_1UCH.rst7                                                         
|  MDVEL: mdvel                                                                 
|   MDEN: mden                                                                  
|  MDCRD: heat.crd                                                              
| MDINFO: heat.info                                                             
|  MDFRC: mdfrc                                                                 


 Here is the input file:

&cntrl                                                                         
   ntx = 1,                                                                    
   ntwx = 5000,                                                                
   ntwe = 0,                                                                   
   ntwr = 500,                                                                 
   ntpr = 5000,                                                                
   ioutfm=0,                                                                   
   ntxo=1,                                                                     
   imin = 0,                                                                   
   nstlim = 500000,                                                            
   dt = 0.002,                                                                 
   ntt = 3,                                                                    
   gamma_ln=1.,                                                                
   temp0 = 100.0,                                                              
   nscm = 1000,                                                                
   ig = -1,                                                                    
   ntc= 2,                                                                     
   ntf = 2,                                                                    
   cut = 1000,                                                                 
   igb=8,                                                                      
   gbsa=3,                                                                     
   surften=0.007,                                                              
   ntb = 0,                                                                    
   saltcon=0.,                                                                 
   ntr=1,                                                                      
   restraintmask="@CA,N,C,O",                                                  
   restraint_wt=10.0,                                                          
   nmropt=1,                                                                   
 &end                                                                          
 &wt                                                                           
   TYPE="TEMP0", istep1=0, istep2=500000,                                      
   value1=100., value2=300.,                                                   
 &end                                                                          
 &wt                                                                           
   TYPE="END",                                                                 
 &end                                                                          


Note: ig = -1. Setting random seed to   998026 based on wallclock time in 
      microseconds.
| irandom = 1, using AMBER's internal random number generator (default).
 
| Conditional Compilation Defines Used:
| PUBFFT
| BINTRAJ
| EMIL

| New format PARM file being parsed.
| Version =    1.000 Date = 12/29/23 Time = 17:09:32

| Note: 1-4 EEL scale factors are being read from the topology file.

| Note: 1-4 VDW scale factors are being read from the topology file.
| INFO:    Reading atomic numbers from topology file.
| Duplicated    0 dihedrals

| Duplicated    0 dihedrals

--------------------------------------------------------------------------------
   1.  RESOURCE   USE: 
--------------------------------------------------------------------------------

 NATOM  =    3289 NTYPES =      14 NBONH =    1629 MBONA  =    1698
 NTHETH =    3728 MTHETA =    2300 NPHIH =    7464 MPHIA  =    7307
 NHPARM =       0 NPARM  =       0 NNB   =   18220 NRES   =     206
 NBONA  =    1698 NTHETA =    2300 NPHIA =    7307 NUMBND =      65
 NUMANG =     152 NPTRA  =     190 NATYP =      33 NPHB   =       0
 IFBOX  =       0 NMXRS  =      26 IFCAP =       0 NEXTRA =       0
 NCOPY  =       0

 Implicit solvent radii are ArgH and AspGluO modified Bondi2 radii (mbondi3)                                
 Replacing prmtop screening parameters with GBn2 (igb=8) values
--------------------------------------------------------------------------------
   2.  CONTROL  DATA  FOR  THE  RUN
--------------------------------------------------------------------------------

default_name                                                                    

General flags:
     imin    =       0, nmropt  =       1

Nature and format of input:
     ntx     =       1, irest   =       0, ntrx    =       1

Nature and format of output:
     ntxo    =       1, ntpr    =    5000, ntrx    =       1, ntwr    =     500
     iwrap   =       0, ntwx    =    5000, ntwv    =       0, ntwe    =       0
     ioutfm  =       0, ntwprt  =       0, idecomp =       0, rbornstat=      0

Potential function:
     ntf     =       2, ntb     =       0, igb     =       8, nsnb    =      25
     ipol    =       0, gbsa    =       3, iesp    =       0
     dielc   =   1.00000, cut     =1000.00000, intdiel =   1.00000
     saltcon =   0.00000, offset  =   0.19514, surften =   0.00700
     rdt     =   0.00000, rgbmax  =  25.00000  extdiel =  78.50000
     alpb  =        0
     gbalphaH  =   0.78844, gbbetaH   =   0.79870,  gbgammaH  =    0.43733
     gbalphaC  =   0.73376, gbbetaC   =   0.50638,  gbgammaC  =    0.20584
     gbalphaN  =   0.50336, gbbetaN   =   0.31683,  gbgammaN  =    0.19292
     gbalphaOS =   0.86781, gbbetaOS  =   0.87664,  gbgammaOS =    0.38788
     gbalphaP  =   1.00000, gbbetaP   =   0.80000,  gbgammaP  =    4.85000
     gb_alpha_hnu  =   0.53705, gb_beta_hnu   =   0.36286,  gb_gamma_hnu  =    0.11670
     gb_alpha_cnu  =   0.33167, gb_beta_cnu   =   0.19684,  gb_gamma_cnu  =    0.09342
     gb_alpha_nnu  =   0.68631, gb_beta_nnu   =   0.46319,  gb_gamma_nnu  =    0.13872
     gb_alpha_onu  =   0.60634, gb_beta_onu   =   0.46301,  gb_gamma_onu  =    0.14226
     gb_alpha_pnu  =   0.41836, gb_beta_pnu   =   0.29005,  gb_gamma_pnu  =    0.10642

Frozen or restrained atoms:
     ibelly  =       0, ntr     =       1
     restraint_wt =  10.00000

Molecular dynamics:
     nstlim  =    500000, nscm    =         0, nrespa  =         1
     t       =   0.00000, dt      =   0.00200, vlimit  =  20.00000

Langevin dynamics temperature regulation:
     ig      =  998026
     temp0   = 100.00000, tempi   =   0.00000, gamma_ln=   1.00000

SHAKE:
     ntc     =       2, jfastw  =       0
     tol     =   0.00001

NMR refinement options:
     iscale  =       0, noeskp  =       1, ipnlty  =       1, mxsub   =       1
     scalm   = 100.00000, pencut  =   0.10000, tausw   =   0.10000

| Intermolecular bonds treatment:
|     no_intermolecular_bonds =       1

| Energy averages sample interval:
|     ene_avg_sampling =    5000

    LOADING THE CONSTRAINED ATOMS AS GROUPS


   5.  REFERENCE ATOM COORDINATES

  default_name                                                                    
     Mask @CA,N,C,O; matches   824 atoms

--------------------------------------------------------------------------------
   3.  ATOMIC COORDINATES AND VELOCITIES
--------------------------------------------------------------------------------

default_name                                                                    
 begin time read from input coords =     0.000 ps



           Begin reading energy term weight changes/NMR restraints
 WEIGHT CHANGES:
 TEMP0         0 500000  100.000000  300.000000      0      0

 RESTRAINTS:
                          ** No restraint defined **

                  Done reading weight changes/NMR restraints


 
 Number of triangulated 3-point waters found:        0
| Dynamic Memory, Types Used:
| Reals              112717
| Integers           394026

--------------------------------------------------------------------------------
   4.  RESULTS
--------------------------------------------------------------------------------


 NSTEP =        0   TIME(PS) =       0.000  TEMP(K) =     0.00  PRESS =     0.0
 Etot   =     -4761.3295  EKtot   =         0.0000  EPtot      =     -4761.3295
 BOND   =      1063.8274  ANGLE   =      1393.6765  DIHED      =      2568.4888
 1-4 NB =       754.5634  1-4 EEL =      8992.6916  VDWAALS    =     -1637.7052
 EELEC  =    -13681.1153  EGB     =     -4258.6534  RESTRAINT  =         0.0000
 ESURF=        42.8968
 ------------------------------------------------------------------------------

 NMR restraints: Bond =    0.000   Angle =     0.000   Torsion =     0.000
===============================================================================

 NSTEP =     5000   TIME(PS) =      10.000  TEMP(K) =   104.82  PRESS =     0.0
 Etot   =     -4849.3751  EKtot   =       857.9728  EPtot      =     -5707.3479
 BOND   =       478.1990  ANGLE   =      1108.7876  DIHED      =      2503.1987
 1-4 NB =       697.0417  1-4 EEL =      8945.6438  VDWAALS    =     -1738.9647
 EELEC  =    -13856.3417  EGB     =     -4224.9090  RESTRAINT  =       329.4712
 EAMBER (non-restraint)  =     -6036.8191
 ESURF=        50.5253
 ------------------------------------------------------------------------------

 NMR restraints: Bond =    0.000   Angle =     0.000   Torsion =     0.000
===============================================================================

 NSTEP =    10000   TIME(PS) =      20.000  TEMP(K) =   104.20  PRESS =     0.0
 Etot   =     -4842.7535  EKtot   =       852.9084  EPtot      =     -5695.6618
 BOND   =       469.4450  ANGLE   =      1115.8302  DIHED      =      2528.1162
 1-4 NB =       706.6681  1-4 EEL =      8975.6322  VDWAALS    =     -1767.0676
 EELEC  =    -13885.8289  EGB     =     -4203.3240  RESTRAINT  =       314.8375
 EAMBER (non-restraint)  =     -6010.4993
 ESURF=        50.0295
 ------------------------------------------------------------------------------

 NMR restraints: Bond =    0.000   Angle =     0.000   Torsion =     0.000
===============================================================================

 NSTEP =    15000   TIME(PS) =      30.000  TEMP(K) =   103.84  PRESS =     0.0
 Etot   =     -4808.5122  EKtot   =       849.9555  EPtot      =     -5658.4677
 BOND   =       488.0934  ANGLE   =      1092.0323  DIHED      =      2545.2718
 1-4 NB =       709.6148  1-4 EEL =      9011.6727  VDWAALS    =     -1753.8373
 EELEC  =    -13914.3090  EGB     =     -4194.8922  RESTRAINT  =       307.0024
 EAMBER (non-restraint)  =     -5965.4702
 ESURF=        50.8832
 ------------------------------------------------------------------------------

 NMR restraints: Bond =    0.000   Angle =     0.000   Torsion =     0.000
===============================================================================

 NSTEP =    20000   TIME(PS) =      40.000  TEMP(K) =   108.56  PRESS =     0.0
 Etot   =     -4758.3415  EKtot   =       888.6132  EPtot      =     -5646.9548
 BOND   =       470.5621  ANGLE   =      1130.4101  DIHED      =      2523.7191
 1-4 NB =       713.1729  1-4 EEL =      9004.2141  VDWAALS    =     -1740.3629
 EELEC  =    -13902.1088  EGB     =     -4203.4899  RESTRAINT  =       307.1659
 EAMBER (non-restraint)  =     -5954.1206
 ESURF=        49.7627
 ------------------------------------------------------------------------------

 NMR restraints: Bond =    0.000   Angle =     0.000   Torsion =     0.000
===============================================================================

 NSTEP =    25000   TIME(PS) =      50.000  TEMP(K) =   110.98  PRESS =     0.0
 Etot   =     -4735.6725  EKtot   =       908.3891  EPtot      =     -5644.0616
 BOND   =       489.1984  ANGLE   =      1139.8203  DIHED      =      2522.6035
 1-4 NB =       702.5598  1-4 EEL =      8989.9791  VDWAALS    =     -1761.6490
 EELEC  =    -13886.4673  EGB     =     -4208.1453  RESTRAINT  =       316.7421
 EAMBER (non-restraint)  =     -5960.8037
 ESURF=        51.2968
 ------------------------------------------------------------------------------

 NMR restraints: Bond =    0.000   Angle =     0.000   Torsion =     0.000
===============================================================================

 NSTEP =    30000   TIME(PS) =      60.000  TEMP(K) =   113.09  PRESS =     0.0
 Etot   =     -4687.9101  EKtot   =       925.6671  EPtot      =     -5613.5771
 BOND   =       486.5251  ANGLE   =      1152.7330  DIHED      =      2541.9281
 1-4 NB =       697.1657  1-4 EEL =      8982.1418  VDWAALS    =     -1737.2761
 EELEC  =    -13962.3964  EGB     =     -4140.6648  RESTRAINT  =       316.6737
 EAMBER (non-restraint)  =     -5930.2508
 ESURF=        49.5930
 ------------------------------------------------------------------------------

 NMR restraints: Bond =    0.000   Angle =     0.000   Torsion =     0.000
===============================================================================

 NSTEP =    35000   TIME(PS) =      70.000  TEMP(K) =   113.94  PRESS =     0.0
 Etot   =     -4654.4262  EKtot   =       932.6072  EPtot      =     -5587.0334
 BOND   =       472.1187  ANGLE   =      1179.4211  DIHED      =      2534.5797
 1-4 NB =       714.7686  1-4 EEL =      8992.7137  VDWAALS    =     -1744.1451
 EELEC  =    -13925.6190  EGB     =     -4190.6182  RESTRAINT  =       330.5321
 EAMBER (non-restraint)  =     -5917.5655
 ESURF=        49.2150
 ------------------------------------------------------------------------------

 NMR restraints: Bond =    0.000   Angle =     0.000   Torsion =     0.000
===============================================================================

 NSTEP =    40000   TIME(PS) =      80.000  TEMP(K) =   115.09  PRESS =     0.0
 Etot   =     -4649.9945  EKtot   =       942.0076  EPtot      =     -5592.0021
 BOND   =       483.3412  ANGLE   =      1166.6520  DIHED      =      2531.5395
 1-4 NB =       708.8077  1-4 EEL =      8967.9710  VDWAALS    =     -1738.1692
 EELEC  =    -13879.3845  EGB     =     -4208.6806  RESTRAINT  =       324.9476
 EAMBER (non-restraint)  =     -5916.9497
 ESURF=        50.9731
 ------------------------------------------------------------------------------

 NMR restraints: Bond =    0.000   Angle =     0.000   Torsion =     0.000
===============================================================================

 NSTEP =    45000   TIME(PS) =      90.000  TEMP(K) =   116.02  PRESS =     0.0
 Etot   =     -4617.3106  EKtot   =       949.6578  EPtot      =     -5566.9684
 BOND   =       496.9011  ANGLE   =      1171.6711  DIHED      =      2542.7281
 1-4 NB =       704.3990  1-4 EEL =      8961.6771  VDWAALS    =     -1753.7715
 EELEC  =    -13869.0753  EGB     =     -4205.9753  RESTRAINT  =       333.4478
 EAMBER (non-restraint)  =     -5900.4163
 ESURF=        51.0294
 ------------------------------------------------------------------------------

 NMR restraints: Bond =    0.000   Angle =     0.000   Torsion =     0.000
===============================================================================

 NSTEP =    50000   TIME(PS) =     100.000  TEMP(K) =   119.97  PRESS =     0.0
 Etot   =     -4568.4468  EKtot   =       982.0167  EPtot      =     -5550.4636
 BOND   =       493.0662  ANGLE   =      1171.4546  DIHED      =      2543.8098
 1-4 NB =       715.6828  1-4 EEL =      8989.6322  VDWAALS    =     -1745.7961
 EELEC  =    -13857.7831  EGB     =     -4247.3477  RESTRAINT  =       335.8830
 EAMBER (non-restraint)  =     -5886.3466
 ESURF=        50.9345
 ------------------------------------------------------------------------------

 NMR restraints: Bond =    0.000   Angle =     0.000   Torsion =     0.000
===============================================================================

 NSTEP =    55000   TIME(PS) =     110.000  TEMP(K) =   121.49  PRESS =     0.0
 Etot   =     -4537.0362  EKtot   =       994.4616  EPtot      =     -5531.4978
 BOND   =       495.1941  ANGLE   =      1199.5060  DIHED      =      2560.7149
 1-4 NB =       706.4544  1-4 EEL =      8972.0105  VDWAALS    =     -1761.4335
 EELEC  =    -13870.3085  EGB     =     -4203.2207  RESTRAINT  =       318.2000
 EAMBER (non-restraint)  =     -5849.6977
 ESURF=        51.3849
 ------------------------------------------------------------------------------

 NMR restraints: Bond =    0.000   Angle =     0.000   Torsion =     0.000
===============================================================================

 NSTEP =    60000   TIME(PS) =     120.000  TEMP(K) =   126.00  PRESS =     0.0
 Etot   =     -4480.5593  EKtot   =      1031.3268  EPtot      =     -5511.8861
 BOND   =       519.9396  ANGLE   =      1167.1168  DIHED      =      2547.7424
 1-4 NB =       711.1641  1-4 EEL =      9002.3179  VDWAALS    =     -1748.7278
 EELEC  =    -13899.5786  EGB     =     -4197.7909  RESTRAINT  =       335.1104
 EAMBER (non-restraint)  =     -5846.9965
 ESURF=        50.8200
 ------------------------------------------------------------------------------

 NMR restraints: Bond =    0.000   Angle =     0.000   Torsion =     0.000
===============================================================================

 NSTEP =    65000   TIME(PS) =     130.000  TEMP(K) =   122.43  PRESS =     0.0
 Etot   =     -4504.5522  EKtot   =      1002.0970  EPtot      =     -5506.6492
 BOND   =       519.2587  ANGLE   =      1199.0407  DIHED      =      2553.1961
 1-4 NB =       702.3219  1-4 EEL =      8987.8408  VDWAALS    =     -1731.3595
 EELEC  =    -13931.0178  EGB     =     -4165.2960  RESTRAINT  =       309.1455
 EAMBER (non-restraint)  =     -5815.7947
 ESURF=        50.2202
 ------------------------------------------------------------------------------

 NMR restraints: Bond =    0.000   Angle =     0.000   Torsion =     0.000
===============================================================================

 NSTEP =    70000   TIME(PS) =     140.000  TEMP(K) =   129.81  PRESS =     0.0
 Etot   =     -4412.5492  EKtot   =      1062.5072  EPtot      =     -5475.0564
 BOND   =       502.0759  ANGLE   =      1202.3780  DIHED      =      2545.8190
 1-4 NB =       712.6724  1-4 EEL =      8978.6445  VDWAALS    =     -1748.3467
 EELEC  =    -13886.5494  EGB     =     -4171.4364  RESTRAINT  =       339.9052
 EAMBER (non-restraint)  =     -5814.9617
 ESURF=        49.7810
 ------------------------------------------------------------------------------

 NMR restraints: Bond =    0.000   Angle =     0.000   Torsion =     0.000
===============================================================================

 NSTEP =    75000   TIME(PS) =     150.000  TEMP(K) =   131.60  PRESS =     0.0
 Etot   =     -4354.8749  EKtot   =      1077.1463  EPtot      =     -5432.0212
 BOND   =       510.5539  ANGLE   =      1237.4425  DIHED      =      2563.1015
 1-4 NB =       714.9806  1-4 EEL =      8968.3424  VDWAALS    =     -1734.5874
 EELEC  =    -13890.7074  EGB     =     -4186.2969  RESTRAINT  =       334.6612
 EAMBER (non-restraint)  =     -5766.6824
 ESURF=        50.4884
 ------------------------------------------------------------------------------

 NMR restraints: Bond =    0.000   Angle =     0.000   Torsion =     0.000
===============================================================================

 NSTEP =    80000   TIME(PS) =     160.000  TEMP(K) =   133.02  PRESS =     0.0
 Etot   =     -4338.5633  EKtot   =      1088.7943  EPtot      =     -5427.3576
 BOND   =       512.7434  ANGLE   =      1221.6264  DIHED      =      2564.5794
 1-4 NB =       726.0750  1-4 EEL =      9016.0103  VDWAALS    =     -1740.5401
 EELEC  =    -13884.6267  EGB     =     -4224.3604  RESTRAINT  =       330.6781
 EAMBER (non-restraint)  =     -5758.0357
 ESURF=        50.4569
 ------------------------------------------------------------------------------

 NMR restraints: Bond =    0.000   Angle =     0.000   Torsion =     0.000
===============================================================================

 NSTEP =    85000   TIME(PS) =     170.000  TEMP(K) =   134.18  PRESS =     0.0
 Etot   =     -4310.6994  EKtot   =      1098.3346  EPtot      =     -5409.0341
 BOND   =       522.5516  ANGLE   =      1240.3637  DIHED      =      2567.5192
 1-4 NB =       714.5146  1-4 EEL =      8986.2695  VDWAALS    =     -1733.8145
 EELEC  =    -13918.2264  EGB     =     -4190.4594  RESTRAINT  =       350.9305
 EAMBER (non-restraint)  =     -5759.9646
 ESURF=        51.3172
 ------------------------------------------------------------------------------

 NMR restraints: Bond =    0.000   Angle =     0.000   Torsion =     0.000
===============================================================================

 NSTEP =    90000   TIME(PS) =     180.000  TEMP(K) =   134.76  PRESS =     0.0
 Etot   =     -4318.4818  EKtot   =      1103.0262  EPtot      =     -5421.5080
 BOND   =       515.3429  ANGLE   =      1243.2243  DIHED      =      2576.3592
 1-4 NB =       701.5281  1-4 EEL =      8971.9025  VDWAALS    =     -1759.3298
 EELEC  =    -13861.4012  EGB     =     -4205.5758  RESTRAINT  =       345.2805
 EAMBER (non-restraint)  =     -5766.7885
 ESURF=        51.1614
 ------------------------------------------------------------------------------

 NMR restraints: Bond =    0.000   Angle =     0.000   Torsion =     0.000
===============================================================================

 NSTEP =    95000   TIME(PS) =     190.000  TEMP(K) =   139.27  PRESS =     0.0
 Etot   =     -4248.1752  EKtot   =      1139.9873  EPtot      =     -5388.1625
 BOND   =       535.1499  ANGLE   =      1262.1166  DIHED      =      2563.0914
 1-4 NB =       717.2716  1-4 EEL =      8977.9196  VDWAALS    =     -1754.0832
 EELEC  =    -13890.7211  EGB     =     -4186.8768  RESTRAINT  =       336.1141
 EAMBER (non-restraint)  =     -5724.2766
 ESURF=        51.8555
 ------------------------------------------------------------------------------

 NMR restraints: Bond =    0.000   Angle =     0.000   Torsion =     0.000
===============================================================================

 NSTEP =   100000   TIME(PS) =     200.000  TEMP(K) =   137.98  PRESS =     0.0
 Etot   =     -4260.5911  EKtot   =      1129.4091  EPtot      =     -5390.0002
 BOND   =       539.9027  ANGLE   =      1245.6809  DIHED      =      2556.1729
 1-4 NB =       716.3497  1-4 EEL =      9003.7196  VDWAALS    =     -1743.5482
 EELEC  =    -13889.4735  EGB     =     -4201.6193  RESTRAINT  =       331.9976
 EAMBER (non-restraint)  =     -5721.9978
 ESURF=        50.8175
 ------------------------------------------------------------------------------

 NMR restraints: Bond =    0.000   Angle =     0.000   Torsion =     0.000
===============================================================================

 NSTEP =   105000   TIME(PS) =     210.000  TEMP(K) =   143.19  PRESS =     0.0
 Etot   =     -4199.3188  EKtot   =      1172.0377  EPtot      =     -5371.3565
 BOND   =       544.4196  ANGLE   =      1269.9293  DIHED      =      2565.7799
 1-4 NB =       705.7858  1-4 EEL =      8971.4696  VDWAALS    =     -1724.7895
 EELEC  =    -13899.2686  EGB     =     -4201.8019  RESTRAINT  =       345.0074
 EAMBER (non-restraint)  =     -5716.3639
 ESURF=        52.1118
 ------------------------------------------------------------------------------

 NMR restraints: Bond =    0.000   Angle =     0.000   Torsion =     0.000
===============================================================================

 NSTEP =   110000   TIME(PS) =     220.000  TEMP(K) =   143.68  PRESS =     0.0
 Etot   =     -4196.2505  EKtot   =      1176.0893  EPtot      =     -5372.3399
 BOND   =       540.1048  ANGLE   =      1280.2154  DIHED      =      2563.7622
 1-4 NB =       707.6185  1-4 EEL =      8974.4029  VDWAALS    =     -1734.6946
 EELEC  =    -13862.6088  EGB     =     -4221.1020  RESTRAINT  =       329.7973
 EAMBER (non-restraint)  =     -5702.1372
 ESURF=        50.1644
 ------------------------------------------------------------------------------

 NMR restraints: Bond =    0.000   Angle =     0.000   Torsion =     0.000
===============================================================================

 NSTEP =   115000   TIME(PS) =     230.000  TEMP(K) =   144.77  PRESS =     0.0
 Etot   =     -4128.4657  EKtot   =      1184.9665  EPtot      =     -5313.4323
 BOND   =       557.4781  ANGLE   =      1277.0101  DIHED      =      2582.4400
 1-4 NB =       715.6844  1-4 EEL =      8972.5607  VDWAALS    =     -1743.7307
 EELEC  =    -13835.5913  EGB     =     -4224.8454  RESTRAINT  =       334.6165
 EAMBER (non-restraint)  =     -5648.0487
 ESURF=        50.9454
 ------------------------------------------------------------------------------

 NMR restraints: Bond =    0.000   Angle =     0.000   Torsion =     0.000
===============================================================================

 NSTEP =   120000   TIME(PS) =     240.000  TEMP(K) =   153.13  PRESS =     0.0
 Etot   =     -4052.2944  EKtot   =      1253.4334  EPtot      =     -5305.7278
 BOND   =       541.5794  ANGLE   =      1335.9308  DIHED      =      2572.2595
 1-4 NB =       716.7387  1-4 EEL =      8995.9639  VDWAALS    =     -1745.1732
 EELEC  =    -13891.2940  EGB     =     -4225.9979  RESTRAINT  =       343.0545
 EAMBER (non-restraint)  =     -5648.7823
 ESURF=        51.2105
 ------------------------------------------------------------------------------

 NMR restraints: Bond =    0.000   Angle =     0.000   Torsion =     0.000
===============================================================================

 NSTEP =   125000   TIME(PS) =     250.000  TEMP(K) =   147.79  PRESS =     0.0
 Etot   =     -4065.2036  EKtot   =      1209.6872  EPtot      =     -5274.8909
 BOND   =       566.5866  ANGLE   =      1324.0777  DIHED      =      2563.1955
 1-4 NB =       712.5881  1-4 EEL =      8991.2203  VDWAALS    =     -1747.7635
 EELEC  =    -13837.7373  EGB     =     -4244.9802  RESTRAINT  =       346.0679
 EAMBER (non-restraint)  =     -5620.9588
 ESURF=        51.8541
 ------------------------------------------------------------------------------

 NMR restraints: Bond =    0.000   Angle =     0.000   Torsion =     0.000
===============================================================================

 NSTEP =   130000   TIME(PS) =     260.000  TEMP(K) =   152.23  PRESS =     0.0
 Etot   =     -4014.6091  EKtot   =      1246.0259  EPtot      =     -5260.6350
 BOND   =       555.3108  ANGLE   =      1332.4887  DIHED      =      2571.5283
 1-4 NB =       714.4402  1-4 EEL =      8995.4089  VDWAALS    =     -1713.6032
 EELEC  =    -13891.7195  EGB     =     -4205.3514  RESTRAINT  =       331.1974
 EAMBER (non-restraint)  =     -5591.8324
 ESURF=        49.6648
 ------------------------------------------------------------------------------

 NMR restraints: Bond =    0.000   Angle =     0.000   Torsion =     0.000
===============================================================================

 NSTEP =   135000   TIME(PS) =     270.000  TEMP(K) =   154.27  PRESS =     0.0
 Etot   =     -4030.9810  EKtot   =      1262.7540  EPtot      =     -5293.7350
 BOND   =       531.7761  ANGLE   =      1321.3927  DIHED      =      2569.3698
 1-4 NB =       726.8402  1-4 EEL =      9019.2758  VDWAALS    =     -1733.5992
 EELEC  =    -13942.0186  EGB     =     -4182.4716  RESTRAINT  =       343.7218
 EAMBER (non-restraint)  =     -5637.4568
 ESURF=        51.9781
 ------------------------------------------------------------------------------

 NMR restraints: Bond =    0.000   Angle =     0.000   Torsion =     0.000
===============================================================================

 NSTEP =   140000   TIME(PS) =     280.000  TEMP(K) =   152.34  PRESS =     0.0
 Etot   =     -4004.5299  EKtot   =      1246.9622  EPtot      =     -5251.4921
 BOND   =       582.4597  ANGLE   =      1289.5213  DIHED      =      2591.6802
 1-4 NB =       715.7023  1-4 EEL =      8965.1458  VDWAALS    =     -1721.9057
 EELEC  =    -13842.1512  EGB     =     -4230.3973  RESTRAINT  =       347.1971
 EAMBER (non-restraint)  =     -5598.6892
 ESURF=        51.2557
 ------------------------------------------------------------------------------

 NMR restraints: Bond =    0.000   Angle =     0.000   Torsion =     0.000
===============================================================================

 NSTEP =   145000   TIME(PS) =     290.000  TEMP(K) =   160.30  PRESS =     0.0
 Etot   =     -3915.0732  EKtot   =      1312.1057  EPtot      =     -5227.1789
 BOND   =       566.6872  ANGLE   =      1319.7119  DIHED      =      2568.6728
 1-4 NB =       728.1654  1-4 EEL =      8992.9268  VDWAALS    =     -1710.1492
 EELEC  =    -13812.8886  EGB     =     -4277.2315  RESTRAINT  =       345.9062
 EAMBER (non-restraint)  =     -5573.0851
 ESURF=        51.0200
 ------------------------------------------------------------------------------

 NMR restraints: Bond =    0.000   Angle =     0.000   Torsion =     0.000
===============================================================================

 NSTEP =   150000   TIME(PS) =     300.000  TEMP(K) =   156.49  PRESS =     0.0
 Etot   =     -3907.8948  EKtot   =      1280.9215  EPtot      =     -5188.8163
 BOND   =       563.2361  ANGLE   =      1347.8144  DIHED      =      2580.7740
 1-4 NB =       727.7362  1-4 EEL =      8984.6869  VDWAALS    =     -1725.0498
 EELEC  =    -13862.6965  EGB     =     -4218.0974  RESTRAINT  =       362.2021
 EAMBER (non-restraint)  =     -5551.0184
 ESURF=        50.5776
 ------------------------------------------------------------------------------

 NMR restraints: Bond =    0.000   Angle =     0.000   Torsion =     0.000
===============================================================================

 NSTEP =   155000   TIME(PS) =     310.000  TEMP(K) =   164.01  PRESS =     0.0
 Etot   =     -3860.1009  EKtot   =      1342.4478  EPtot      =     -5202.5487
 BOND   =       584.7392  ANGLE   =      1340.0750  DIHED      =      2598.7480
 1-4 NB =       728.0850  1-4 EEL =      8937.5457  VDWAALS    =     -1735.3790
 EELEC  =    -13795.5528  EGB     =     -4250.5886  RESTRAINT  =       338.3942
 EAMBER (non-restraint)  =     -5540.9429
 ESURF=        51.3845
 ------------------------------------------------------------------------------

 NMR restraints: Bond =    0.000   Angle =     0.000   Torsion =     0.000
===============================================================================

 NSTEP =   160000   TIME(PS) =     320.000  TEMP(K) =   161.33  PRESS =     0.0
 Etot   =     -3876.2526  EKtot   =      1320.5466  EPtot      =     -5196.7993
 BOND   =       572.9179  ANGLE   =      1343.4251  DIHED      =      2588.6943
 1-4 NB =       728.7105  1-4 EEL =      9019.8926  VDWAALS    =     -1722.8716
 EELEC  =    -13912.2061  EGB     =     -4213.9082  RESTRAINT  =       346.9534
 EAMBER (non-restraint)  =     -5543.7527
 ESURF=        51.5928
 ------------------------------------------------------------------------------

 NMR restraints: Bond =    0.000   Angle =     0.000   Torsion =     0.000
===============================================================================

 NSTEP =   165000   TIME(PS) =     330.000  TEMP(K) =   163.65  PRESS =     0.0
 Etot   =     -3786.8357  EKtot   =      1339.5160  EPtot      =     -5126.3516
 BOND   =       610.2049  ANGLE   =      1402.3650  DIHED      =      2589.6219
 1-4 NB =       718.9470  1-4 EEL =      8980.0394  VDWAALS    =     -1720.1552
 EELEC  =    -13878.8741  EGB     =     -4200.0944  RESTRAINT  =       320.0871
 EAMBER (non-restraint)  =     -5446.4388
 ESURF=        51.5066
 ------------------------------------------------------------------------------

 NMR restraints: Bond =    0.000   Angle =     0.000   Torsion =     0.000
===============================================================================

 NSTEP =   170000   TIME(PS) =     340.000  TEMP(K) =   166.21  PRESS =     0.0
 Etot   =     -3749.1445  EKtot   =      1360.4286  EPtot      =     -5109.5730
 BOND   =       601.5011  ANGLE   =      1427.9546  DIHED      =      2586.6465
 1-4 NB =       714.2288  1-4 EEL =      8942.3303  VDWAALS    =     -1701.7321
 EELEC  =    -13928.2317  EGB     =     -4152.5837  RESTRAINT  =       347.7803
 EAMBER (non-restraint)  =     -5457.3533
 ESURF=        52.5330
 ------------------------------------------------------------------------------

 NMR restraints: Bond =    0.000   Angle =     0.000   Torsion =     0.000
===============================================================================

 NSTEP =   175000   TIME(PS) =     350.000  TEMP(K) =   166.49  PRESS =     0.0
 Etot   =     -3772.2576  EKtot   =      1362.7456  EPtot      =     -5135.0032
 BOND   =       590.6897  ANGLE   =      1350.3075  DIHED      =      2607.1802
 1-4 NB =       720.2520  1-4 EEL =      9005.7376  VDWAALS    =     -1725.9073
 EELEC  =    -13899.8337  EGB     =     -4201.4701  RESTRAINT  =       367.5432
 EAMBER (non-restraint)  =     -5502.5465
 ESURF=        50.4976
 ------------------------------------------------------------------------------

 NMR restraints: Bond =    0.000   Angle =     0.000   Torsion =     0.000
===============================================================================

 NSTEP =   180000   TIME(PS) =     360.000  TEMP(K) =   172.12  PRESS =     0.0
 Etot   =     -3702.5790  EKtot   =      1408.8060  EPtot      =     -5111.3850
 BOND   =       586.0892  ANGLE   =      1406.2696  DIHED      =      2595.2246
 1-4 NB =       721.1957  1-4 EEL =      8993.6468  VDWAALS    =     -1727.3601
 EELEC  =    -13868.3366  EGB     =     -4223.9969  RESTRAINT  =       354.6002
 EAMBER (non-restraint)  =     -5465.9852
 ESURF=        51.2825
 ------------------------------------------------------------------------------

 NMR restraints: Bond =    0.000   Angle =     0.000   Torsion =     0.000
===============================================================================

 NSTEP =   185000   TIME(PS) =     370.000  TEMP(K) =   171.61  PRESS =     0.0
 Etot   =     -3718.1382  EKtot   =      1404.6646  EPtot      =     -5122.8028
 BOND   =       573.5715  ANGLE   =      1381.1808  DIHED      =      2603.1265
 1-4 NB =       736.0139  1-4 EEL =      9035.6314  VDWAALS    =     -1717.1030
 EELEC  =    -13932.9389  EGB     =     -4209.3541  RESTRAINT  =       355.8102
 EAMBER (non-restraint)  =     -5478.6130
 ESURF=        51.2589
 ------------------------------------------------------------------------------

 NMR restraints: Bond =    0.000   Angle =     0.000   Torsion =     0.000
===============================================================================

 NSTEP =   190000   TIME(PS) =     380.000  TEMP(K) =   177.89  PRESS =     0.0
 Etot   =     -3624.9434  EKtot   =      1456.0907  EPtot      =     -5081.0341
 BOND   =       618.3309  ANGLE   =      1411.5887  DIHED      =      2587.7119
 1-4 NB =       717.5773  1-4 EEL =      9033.9695  VDWAALS    =     -1725.5445
 EELEC  =    -13954.9805  EGB     =     -4178.1893  RESTRAINT  =       357.2518
 EAMBER (non-restraint)  =     -5438.2859
 ESURF=        51.2501
 ------------------------------------------------------------------------------

 NMR restraints: Bond =    0.000   Angle =     0.000   Torsion =     0.000
===============================================================================

 NSTEP =   195000   TIME(PS) =     390.000  TEMP(K) =   177.41  PRESS =     0.0
 Etot   =     -3604.6192  EKtot   =      1452.1269  EPtot      =     -5056.7461
 BOND   =       618.0822  ANGLE   =      1424.5840  DIHED      =      2620.9552
 1-4 NB =       721.6886  1-4 EEL =      8983.1391  VDWAALS    =     -1724.6738
 EELEC  =    -13879.7922  EGB     =     -4215.2199  RESTRAINT  =       343.5300
 EAMBER (non-restraint)  =     -5400.2761
 ESURF=        50.9606
 ------------------------------------------------------------------------------

 NMR restraints: Bond =    0.000   Angle =     0.000   Torsion =     0.000
===============================================================================

 NSTEP =   200000   TIME(PS) =     400.000  TEMP(K) =   180.83  PRESS =     0.0
 Etot   =     -3562.9342  EKtot   =      1480.1343  EPtot      =     -5043.0685
 BOND   =       602.7792  ANGLE   =      1447.3585  DIHED      =      2615.3405
 1-4 NB =       729.3798  1-4 EEL =      9011.6762  VDWAALS    =     -1736.8512
 EELEC  =    -13962.2465  EGB     =     -4151.1151  RESTRAINT  =       349.7031
 EAMBER (non-restraint)  =     -5392.7716
 ESURF=        50.9071
 ------------------------------------------------------------------------------

 NMR restraints: Bond =    0.000   Angle =     0.000   Torsion =     0.000
===============================================================================

 NSTEP =   205000   TIME(PS) =     410.000  TEMP(K) =   181.96  PRESS =     0.0
 Etot   =     -3536.3655  EKtot   =      1489.4197  EPtot      =     -5025.7852
 BOND   =       609.0651  ANGLE   =      1464.0367  DIHED      =      2622.3124
 1-4 NB =       710.0995  1-4 EEL =      8993.2729  VDWAALS    =     -1719.3707
 EELEC  =    -13903.9952  EGB     =     -4204.4138  RESTRAINT  =       352.9328
 EAMBER (non-restraint)  =     -5378.7180
 ESURF=        50.2751
 ------------------------------------------------------------------------------

 NMR restraints: Bond =    0.000   Angle =     0.000   Torsion =     0.000
===============================================================================

 NSTEP =   210000   TIME(PS) =     420.000  TEMP(K) =   179.59  PRESS =     0.0
 Etot   =     -3532.0211  EKtot   =      1469.9630  EPtot      =     -5001.9840
 BOND   =       605.0046  ANGLE   =      1474.9091  DIHED      =      2626.9007
 1-4 NB =       739.6724  1-4 EEL =      9026.5268  VDWAALS    =     -1713.8729
 EELEC  =    -13969.1669  EGB     =     -4177.8149  RESTRAINT  =       334.2190
 EAMBER (non-restraint)  =     -5336.2030
 ESURF=        51.6379
 ------------------------------------------------------------------------------

 NMR restraints: Bond =    0.000   Angle =     0.000   Torsion =     0.000
===============================================================================

 NSTEP =   215000   TIME(PS) =     430.000  TEMP(K) =   186.71  PRESS =     0.0
 Etot   =     -3460.3227  EKtot   =      1528.2983  EPtot      =     -4988.6210
 BOND   =       637.9544  ANGLE   =      1471.7238  DIHED      =      2631.2200
 1-4 NB =       705.9213  1-4 EEL =      8975.6054  VDWAALS    =     -1725.1116
 EELEC  =    -13883.0053  EGB     =     -4202.3230  RESTRAINT  =       346.8435
 EAMBER (non-restraint)  =     -5335.4646
 ESURF=        52.5505
 ------------------------------------------------------------------------------

 NMR restraints: Bond =    0.000   Angle =     0.000   Torsion =     0.000
===============================================================================

 NSTEP =   220000   TIME(PS) =     440.000  TEMP(K) =   189.91  PRESS =     0.0
 Etot   =     -3416.9960  EKtot   =      1554.4200  EPtot      =     -4971.4161
 BOND   =       629.0763  ANGLE   =      1473.1693  DIHED      =      2620.0246
 1-4 NB =       716.7905  1-4 EEL =      9020.9542  VDWAALS    =     -1723.2167
 EELEC  =    -13941.3845  EGB     =     -4182.7679  RESTRAINT  =       364.0364
 EAMBER (non-restraint)  =     -5335.4524
 ESURF=        51.9016
 ------------------------------------------------------------------------------

 NMR restraints: Bond =    0.000   Angle =     0.000   Torsion =     0.000
===============================================================================

 NSTEP =   225000   TIME(PS) =     450.000  TEMP(K) =   190.63  PRESS =     0.0
 Etot   =     -3380.7734  EKtot   =      1560.3486  EPtot      =     -4941.1220
 BOND   =       631.4070  ANGLE   =      1482.7546  DIHED      =      2633.3255
 1-4 NB =       721.9350  1-4 EEL =      8985.6543  VDWAALS    =     -1711.1740
 EELEC  =    -13866.2276  EGB     =     -4217.2081  RESTRAINT  =       346.9324
 EAMBER (non-restraint)  =     -5288.0544
 ESURF=        51.4789
 ------------------------------------------------------------------------------

 NMR restraints: Bond =    0.000   Angle =     0.000   Torsion =     0.000
===============================================================================

 NSTEP =   230000   TIME(PS) =     460.000  TEMP(K) =   198.27  PRESS =     0.0
 Etot   =     -3308.3933  EKtot   =      1622.9246  EPtot      =     -4931.3180
 BOND   =       637.0220  ANGLE   =      1499.9968  DIHED      =      2611.3685
 1-4 NB =       721.1778  1-4 EEL =      8997.8890  VDWAALS    =     -1733.6366
 EELEC  =    -13904.0023  EGB     =     -4171.7270  RESTRAINT  =       360.5151
 EAMBER (non-restraint)  =     -5291.8331
 ESURF=        50.0786
 ------------------------------------------------------------------------------

 NMR restraints: Bond =    0.000   Angle =     0.000   Torsion =     0.000
===============================================================================

 NSTEP =   235000   TIME(PS) =     470.000  TEMP(K) =   190.46  PRESS =     0.0
 Etot   =     -3343.6784  EKtot   =      1558.9307  EPtot      =     -4902.6091
 BOND   =       649.6084  ANGLE   =      1491.6958  DIHED      =      2647.6176
 1-4 NB =       727.7914  1-4 EEL =      8969.5416  VDWAALS    =     -1697.4833
 EELEC  =    -13951.0755  EGB     =     -4160.1469  RESTRAINT  =       368.9256
 EAMBER (non-restraint)  =     -5271.5348
 ESURF=        50.9161
 ------------------------------------------------------------------------------

 NMR restraints: Bond =    0.000   Angle =     0.000   Torsion =     0.000
===============================================================================

 NSTEP =   240000   TIME(PS) =     480.000  TEMP(K) =   193.80  PRESS =     0.0
 Etot   =     -3308.6523  EKtot   =      1586.2945  EPtot      =     -4894.9469
 BOND   =       619.5414  ANGLE   =      1554.4080  DIHED      =      2607.6521
 1-4 NB =       736.8931  1-4 EEL =      9037.0304  VDWAALS    =     -1719.5813
 EELEC  =    -13943.1365  EGB     =     -4199.8926  RESTRAINT  =       359.5078
 EAMBER (non-restraint)  =     -5254.4547
 ESURF=        52.6307
 ------------------------------------------------------------------------------

 NMR restraints: Bond =    0.000   Angle =     0.000   Torsion =     0.000
===============================================================================

 NSTEP =   245000   TIME(PS) =     490.000  TEMP(K) =   192.88  PRESS =     0.0
 Etot   =     -3321.0502  EKtot   =      1578.7819  EPtot      =     -4899.8321
 BOND   =       608.1814  ANGLE   =      1521.9588  DIHED      =      2623.7725
 1-4 NB =       736.1010  1-4 EEL =      9033.6948  VDWAALS    =     -1707.8154
 EELEC  =    -13908.9543  EGB     =     -4217.1421  RESTRAINT  =       358.9043
 EAMBER (non-restraint)  =     -5258.7364
 ESURF=        51.4668
 ------------------------------------------------------------------------------

 NMR restraints: Bond =    0.000   Angle =     0.000   Torsion =     0.000
===============================================================================

 NSTEP =   250000   TIME(PS) =     500.000  TEMP(K) =   202.44  PRESS =     0.0
 Etot   =     -3213.4143  EKtot   =      1657.0076  EPtot      =     -4870.4219
 BOND   =       664.8043  ANGLE   =      1516.2843  DIHED      =      2629.8757
 1-4 NB =       723.6052  1-4 EEL =      8993.6624  VDWAALS    =     -1716.2288
 EELEC  =    -13924.5986  EGB     =     -4181.7778  RESTRAINT  =       372.4011
 EAMBER (non-restraint)  =     -5242.8230
 ESURF=        51.5502
 ------------------------------------------------------------------------------

 NMR restraints: Bond =    0.000   Angle =     0.000   Torsion =     0.000
===============================================================================

 NSTEP =   255000   TIME(PS) =     510.000  TEMP(K) =   201.33  PRESS =     0.0
 Etot   =     -3236.0956  EKtot   =      1647.9139  EPtot      =     -4884.0095
 BOND   =       648.2353  ANGLE   =      1507.3097  DIHED      =      2637.7634
 1-4 NB =       724.1455  1-4 EEL =      9012.0635  VDWAALS    =     -1707.4663
 EELEC  =    -13921.5543  EGB     =     -4202.4879  RESTRAINT  =       365.9304
 EAMBER (non-restraint)  =     -5249.9399
 ESURF=        52.0512
 ------------------------------------------------------------------------------

 NMR restraints: Bond =    0.000   Angle =     0.000   Torsion =     0.000
===============================================================================

 NSTEP =   260000   TIME(PS) =     520.000  TEMP(K) =   208.12  PRESS =     0.0
 Etot   =     -3138.6285  EKtot   =      1703.4847  EPtot      =     -4842.1132
 BOND   =       649.0384  ANGLE   =      1525.2239  DIHED      =      2645.2179
 1-4 NB =       736.9317  1-4 EEL =      8967.3853  VDWAALS    =     -1715.4582
 EELEC  =    -13866.2053  EGB     =     -4204.2058  RESTRAINT  =       368.7751
 EAMBER (non-restraint)  =     -5210.8883
 ESURF=        51.1837
 ------------------------------------------------------------------------------

 NMR restraints: Bond =    0.000   Angle =     0.000   Torsion =     0.000
===============================================================================

 NSTEP =   265000   TIME(PS) =     530.000  TEMP(K) =   205.81  PRESS =     0.0
 Etot   =     -3159.6491  EKtot   =      1684.5791  EPtot      =     -4844.2281
 BOND   =       662.0656  ANGLE   =      1540.4179  DIHED      =      2635.4175
 1-4 NB =       727.5852  1-4 EEL =      8990.9500  VDWAALS    =     -1714.7272
 EELEC  =    -13938.7229  EGB     =     -4160.9833  RESTRAINT  =       364.5427
 EAMBER (non-restraint)  =     -5208.7708
 ESURF=        49.2263
 ------------------------------------------------------------------------------

 NMR restraints: Bond =    0.000   Angle =     0.000   Torsion =     0.000
===============================================================================

 NSTEP =   270000   TIME(PS) =     540.000  TEMP(K) =   205.60  PRESS =     0.0
 Etot   =     -3111.6125  EKtot   =      1682.8579  EPtot      =     -4794.4704
 BOND   =       645.0427  ANGLE   =      1569.5113  DIHED      =      2655.7481
 1-4 NB =       748.5255  1-4 EEL =      8978.2046  VDWAALS    =     -1697.1712
 EELEC  =    -13915.8216  EGB     =     -4185.0754  RESTRAINT  =       355.4631
 EAMBER (non-restraint)  =     -5149.9335
 ESURF=        51.1024
 ------------------------------------------------------------------------------

 NMR restraints: Bond =    0.000   Angle =     0.000   Torsion =     0.000
===============================================================================

 NSTEP =   275000   TIME(PS) =     550.000  TEMP(K) =   209.10  PRESS =     0.0
 Etot   =     -3084.7783  EKtot   =      1711.5328  EPtot      =     -4796.3111
 BOND   =       650.4951  ANGLE   =      1544.7694  DIHED      =      2642.9891
 1-4 NB =       744.2952  1-4 EEL =      9027.2378  VDWAALS    =     -1697.0992
 EELEC  =    -13929.4516  EGB     =     -4192.2083  RESTRAINT  =       359.5635
 EAMBER (non-restraint)  =     -5155.8746
 ESURF=        53.0979
 ------------------------------------------------------------------------------

 NMR restraints: Bond =    0.000   Angle =     0.000   Torsion =     0.000
===============================================================================

 NSTEP =   280000   TIME(PS) =     560.000  TEMP(K) =   209.39  PRESS =     0.0
 Etot   =     -3101.1646  EKtot   =      1713.9012  EPtot      =     -4815.0659
 BOND   =       680.8236  ANGLE   =      1534.1135  DIHED      =      2632.6703
 1-4 NB =       732.5014  1-4 EEL =      8984.6389  VDWAALS    =     -1714.2738
 EELEC  =    -13880.5311  EGB     =     -4182.6089  RESTRAINT  =       347.4627
 EAMBER (non-restraint)  =     -5162.5285
 ESURF=        50.1376
 ------------------------------------------------------------------------------

 NMR restraints: Bond =    0.000   Angle =     0.000   Torsion =     0.000
===============================================================================

 NSTEP =   285000   TIME(PS) =     570.000  TEMP(K) =   214.19  PRESS =     0.0
 Etot   =     -3029.6213  EKtot   =      1753.2039  EPtot      =     -4782.8252
 BOND   =       709.0116  ANGLE   =      1529.8283  DIHED      =      2646.7121
 1-4 NB =       735.2975  1-4 EEL =      9026.1954  VDWAALS    =     -1714.4588
 EELEC  =    -13944.2871  EGB     =     -4172.5727  RESTRAINT  =       350.2801
 EAMBER (non-restraint)  =     -5133.1054
 ESURF=        51.1684
 ------------------------------------------------------------------------------

 NMR restraints: Bond =    0.000   Angle =     0.000   Torsion =     0.000
===============================================================================

 NSTEP =   290000   TIME(PS) =     580.000  TEMP(K) =   212.83  PRESS =     0.0
 Etot   =     -3027.3430  EKtot   =      1742.0773  EPtot      =     -4769.4202
 BOND   =       690.6248  ANGLE   =      1557.2869  DIHED      =      2662.8242
 1-4 NB =       737.5320  1-4 EEL =      9017.8549  VDWAALS    =     -1713.0635
 EELEC  =    -14035.0006  EGB     =     -4094.9125  RESTRAINT  =       358.4489
 EAMBER (non-restraint)  =     -5127.8692
 ESURF=        48.9846
 ------------------------------------------------------------------------------

 NMR restraints: Bond =    0.000   Angle =     0.000   Torsion =     0.000
===============================================================================

 NSTEP =   295000   TIME(PS) =     590.000  TEMP(K) =   219.30  PRESS =     0.0
 Etot   =     -2944.6518  EKtot   =      1795.0033  EPtot      =     -4739.6551
 BOND   =       678.5824  ANGLE   =      1566.6170  DIHED      =      2668.4400
 1-4 NB =       731.0861  1-4 EEL =      9054.9372  VDWAALS    =     -1722.5536
 EELEC  =    -13949.0443  EGB     =     -4177.9495  RESTRAINT  =       359.5688
 EAMBER (non-restraint)  =     -5099.2238
 ESURF=        50.6607
 ------------------------------------------------------------------------------

 NMR restraints: Bond =    0.000   Angle =     0.000   Torsion =     0.000
===============================================================================

 NSTEP =   300000   TIME(PS) =     600.000  TEMP(K) =   222.09  PRESS =     0.0
 Etot   =     -2884.4803  EKtot   =      1817.8495  EPtot      =     -4702.3298
 BOND   =       666.2302  ANGLE   =      1602.1578  DIHED      =      2670.3673
 1-4 NB =       737.3553  1-4 EEL =      9025.4842  VDWAALS    =     -1715.2046
 EELEC  =    -13935.3660  EGB     =     -4180.7225  RESTRAINT  =       375.8254
 EAMBER (non-restraint)  =     -5078.1553
 ESURF=        51.5431
 ------------------------------------------------------------------------------

 NMR restraints: Bond =    0.000   Angle =     0.000   Torsion =     0.000
===============================================================================

 NSTEP =   305000   TIME(PS) =     610.000  TEMP(K) =   219.46  PRESS =     0.0
 Etot   =     -2899.7439  EKtot   =      1796.3589  EPtot      =     -4696.1028
 BOND   =       717.2818  ANGLE   =      1576.2702  DIHED      =      2664.5910
 1-4 NB =       724.4450  1-4 EEL =      8978.9596  VDWAALS    =     -1705.8505
 EELEC  =    -13819.4241  EGB     =     -4260.8757  RESTRAINT  =       377.5406
 EAMBER (non-restraint)  =     -5073.6434
 ESURF=        50.9593
 ------------------------------------------------------------------------------

 NMR restraints: Bond =    0.000   Angle =     0.000   Torsion =     0.000
===============================================================================

 NSTEP =   310000   TIME(PS) =     620.000  TEMP(K) =   216.28  PRESS =     0.0
 Etot   =     -2932.4130  EKtot   =      1770.3067  EPtot      =     -4702.7197
 BOND   =       660.4167  ANGLE   =      1614.8356  DIHED      =      2666.5589
 1-4 NB =       727.5449  1-4 EEL =      9001.0153  VDWAALS    =     -1695.1074
 EELEC  =    -13891.4428  EGB     =     -4218.7255  RESTRAINT  =       381.4906
 EAMBER (non-restraint)  =     -5084.2103
 ESURF=        50.6942
 ------------------------------------------------------------------------------

 NMR restraints: Bond =    0.000   Angle =     0.000   Torsion =     0.000
===============================================================================

 NSTEP =   315000   TIME(PS) =     630.000  TEMP(K) =   230.06  PRESS =     0.0
 Etot   =     -2791.0366  EKtot   =      1883.1308  EPtot      =     -4674.1675
 BOND   =       674.0165  ANGLE   =      1632.3613  DIHED      =      2642.6718
 1-4 NB =       751.2678  1-4 EEL =      9023.5759  VDWAALS    =     -1717.2911
 EELEC  =    -13898.0867  EGB     =     -4217.0294  RESTRAINT  =       382.6619
 EAMBER (non-restraint)  =     -5056.8294
 ESURF=        51.6846
 ------------------------------------------------------------------------------

 NMR restraints: Bond =    0.000   Angle =     0.000   Torsion =     0.000
===============================================================================

 NSTEP =   320000   TIME(PS) =     640.000  TEMP(K) =   224.80  PRESS =     0.0
 Etot   =     -2856.6736  EKtot   =      1840.0725  EPtot      =     -4696.7461
 BOND   =       676.2113  ANGLE   =      1616.8498  DIHED      =      2645.3221
 1-4 NB =       735.2382  1-4 EEL =      9022.8274  VDWAALS    =     -1699.4522
 EELEC  =    -13871.2505  EGB     =     -4250.1293  RESTRAINT  =       377.0170
 EAMBER (non-restraint)  =     -5073.7631
 ESURF=        50.6201
 ------------------------------------------------------------------------------

 NMR restraints: Bond =    0.000   Angle =     0.000   Torsion =     0.000
===============================================================================

 NSTEP =   325000   TIME(PS) =     650.000  TEMP(K) =   232.59  PRESS =     0.0
 Etot   =     -2750.9768  EKtot   =      1903.8453  EPtot      =     -4654.8221
 BOND   =       694.3437  ANGLE   =      1627.0669  DIHED      =      2642.5060
 1-4 NB =       743.3228  1-4 EEL =      9038.0175  VDWAALS    =     -1708.8213
 EELEC  =    -13915.1696  EGB     =     -4215.2249  RESTRAINT  =       387.7909
 EAMBER (non-restraint)  =     -5042.6129
 ESURF=        51.3460
 ------------------------------------------------------------------------------

 NMR restraints: Bond =    0.000   Angle =     0.000   Torsion =     0.000
===============================================================================

 NSTEP =   330000   TIME(PS) =     660.000  TEMP(K) =   231.84  PRESS =     0.0
 Etot   =     -2653.3116  EKtot   =      1897.7074  EPtot      =     -4551.0190
 BOND   =       726.1994  ANGLE   =      1667.5789  DIHED      =      2650.3019
 1-4 NB =       756.5790  1-4 EEL =      9015.4397  VDWAALS    =     -1683.8035
 EELEC  =    -13826.9195  EGB     =     -4265.9334  RESTRAINT  =       357.5440
 EAMBER (non-restraint)  =     -4908.5630
 ESURF=        51.9944
 ------------------------------------------------------------------------------

 NMR restraints: Bond =    0.000   Angle =     0.000   Torsion =     0.000
===============================================================================

 NSTEP =   335000   TIME(PS) =     670.000  TEMP(K) =   230.79  PRESS =     0.0
 Etot   =     -2737.0761  EKtot   =      1889.0429  EPtot      =     -4626.1190
 BOND   =       673.8104  ANGLE   =      1652.5843  DIHED      =      2657.8771
 1-4 NB =       751.4314  1-4 EEL =      9021.3705  VDWAALS    =     -1682.6550
 EELEC  =    -13923.8170  EGB     =     -4205.7788  RESTRAINT  =       377.6121
 EAMBER (non-restraint)  =     -5003.7311
 ESURF=        51.4460
 ------------------------------------------------------------------------------

 NMR restraints: Bond =    0.000   Angle =     0.000   Torsion =     0.000
===============================================================================

 NSTEP =   340000   TIME(PS) =     680.000  TEMP(K) =   233.33  PRESS =     0.0
 Etot   =     -2710.1578  EKtot   =      1909.8863  EPtot      =     -4620.0441
 BOND   =       690.1103  ANGLE   =      1657.0496  DIHED      =      2673.0740
 1-4 NB =       732.0258  1-4 EEL =      9024.1864  VDWAALS    =     -1719.7197
 EELEC  =    -13909.5832  EGB     =     -4204.4490  RESTRAINT  =       386.6670
 EAMBER (non-restraint)  =     -5006.7111
 ESURF=        50.5947
 ------------------------------------------------------------------------------

 NMR restraints: Bond =    0.000   Angle =     0.000   Torsion =     0.000
===============================================================================

 NSTEP =   345000   TIME(PS) =     690.000  TEMP(K) =   240.02  PRESS =     0.0
 Etot   =     -2578.6391  EKtot   =      1964.6403  EPtot      =     -4543.2794
 BOND   =       706.8081  ANGLE   =      1650.1575  DIHED      =      2674.6231
 1-4 NB =       755.0707  1-4 EEL =      8998.3868  VDWAALS    =     -1696.4586
 EELEC  =    -13787.8616  EGB     =     -4277.6783  RESTRAINT  =       380.9873
 EAMBER (non-restraint)  =     -4924.2667
 ESURF=        52.6854
 ------------------------------------------------------------------------------

 NMR restraints: Bond =    0.000   Angle =     0.000   Torsion =     0.000
===============================================================================

 NSTEP =   350000   TIME(PS) =     700.000  TEMP(K) =   234.95  PRESS =     0.0
 Etot   =     -2613.4895  EKtot   =      1923.1618  EPtot      =     -4536.6513
 BOND   =       762.4044  ANGLE   =      1659.3824  DIHED      =      2681.3498
 1-4 NB =       747.8184  1-4 EEL =      9019.7755  VDWAALS    =     -1727.4094
 EELEC  =    -13898.5830  EGB     =     -4199.6737  RESTRAINT  =       367.2115
 EAMBER (non-restraint)  =     -4903.8628
 ESURF=        51.0728
 ------------------------------------------------------------------------------

 NMR restraints: Bond =    0.000   Angle =     0.000   Torsion =     0.000
===============================================================================

 NSTEP =   355000   TIME(PS) =     710.000  TEMP(K) =   244.33  PRESS =     0.0
 Etot   =     -2522.3102  EKtot   =      1999.8789  EPtot      =     -4522.1891
 BOND   =       692.8238  ANGLE   =      1739.7140  DIHED      =      2671.8571
 1-4 NB =       740.2628  1-4 EEL =      9034.6239  VDWAALS    =     -1694.1118
 EELEC  =    -13980.1736  EGB     =     -4154.4200  RESTRAINT  =       374.7459
 EAMBER (non-restraint)  =     -4896.9350
 ESURF=        52.4886
 ------------------------------------------------------------------------------

 NMR restraints: Bond =    0.000   Angle =     0.000   Torsion =     0.000
===============================================================================

 NSTEP =   360000   TIME(PS) =     720.000  TEMP(K) =   250.18  PRESS =     0.0
 Etot   =     -2457.6900  EKtot   =      2047.7630  EPtot      =     -4505.4530
 BOND   =       738.1827  ANGLE   =      1715.4504  DIHED      =      2659.4240
 1-4 NB =       737.0413  1-4 EEL =      9009.5787  VDWAALS    =     -1704.7278
 EELEC  =    -13902.0344  EGB     =     -4192.9686  RESTRAINT  =       381.3751
 EAMBER (non-restraint)  =     -4886.8281
 ESURF=        53.2256
 ------------------------------------------------------------------------------

 NMR restraints: Bond =    0.000   Angle =     0.000   Torsion =     0.000
===============================================================================

 NSTEP =   365000   TIME(PS) =     730.000  TEMP(K) =   251.29  PRESS =     0.0
 Etot   =     -2493.5591  EKtot   =      2056.8880  EPtot      =     -4550.4471
 BOND   =       740.2315  ANGLE   =      1674.6814  DIHED      =      2649.1683
 1-4 NB =       736.0147  1-4 EEL =      8974.5973  VDWAALS    =     -1708.2160
 EELEC  =    -13877.9655  EGB     =     -4177.9706  RESTRAINT  =       385.7191
 EAMBER (non-restraint)  =     -4936.1662
 ESURF=        53.2926
 ------------------------------------------------------------------------------

 NMR restraints: Bond =    0.000   Angle =     0.000   Torsion =     0.000
===============================================================================

 NSTEP =   370000   TIME(PS) =     740.000  TEMP(K) =   246.16  PRESS =     0.0
 Etot   =     -2489.6112  EKtot   =      2014.9025  EPtot      =     -4504.5137
 BOND   =       702.9845  ANGLE   =      1705.1857  DIHED      =      2674.3750
 1-4 NB =       750.1299  1-4 EEL =      8979.9760  VDWAALS    =     -1681.0894
 EELEC  =    -13936.6745  EGB     =     -4148.9491  RESTRAINT  =       397.6198
 EAMBER (non-restraint)  =     -4902.1336
 ESURF=        51.9284
 ------------------------------------------------------------------------------

 NMR restraints: Bond =    0.000   Angle =     0.000   Torsion =     0.000
===============================================================================

 NSTEP =   375000   TIME(PS) =     750.000  TEMP(K) =   243.52  PRESS =     0.0
 Etot   =     -2489.6754  EKtot   =      1993.2587  EPtot      =     -4482.9341
 BOND   =       706.5532  ANGLE   =      1682.5507  DIHED      =      2705.6272
 1-4 NB =       743.8071  1-4 EEL =      9005.4605  VDWAALS    =     -1693.2071
 EELEC  =    -13982.1437  EGB     =     -4098.5714  RESTRAINT  =       395.5852
 EAMBER (non-restraint)  =     -4878.5193
 ESURF=        51.4041
 ------------------------------------------------------------------------------

 NMR restraints: Bond =    0.000   Angle =     0.000   Torsion =     0.000
===============================================================================

 NSTEP =   380000   TIME(PS) =     760.000  TEMP(K) =   252.95  PRESS =     0.0
 Etot   =     -2411.4694  EKtot   =      2070.4424  EPtot      =     -4481.9117
 BOND   =       734.2432  ANGLE   =      1725.0586  DIHED      =      2681.8176
 1-4 NB =       743.3421  1-4 EEL =      8995.2391  VDWAALS    =     -1702.1804
 EELEC  =    -13917.0699  EGB     =     -4169.8201  RESTRAINT  =       373.9469
 EAMBER (non-restraint)  =     -4855.8586
 ESURF=        53.5111
 ------------------------------------------------------------------------------

 NMR restraints: Bond =    0.000   Angle =     0.000   Torsion =     0.000
===============================================================================

 NSTEP =   385000   TIME(PS) =     770.000  TEMP(K) =   256.06  PRESS =     0.0
 Etot   =     -2405.8612  EKtot   =      2095.9122  EPtot      =     -4501.7734
 BOND   =       744.2166  ANGLE   =      1681.0503  DIHED      =      2678.0273
 1-4 NB =       748.1280  1-4 EEL =      9016.0495  VDWAALS    =     -1728.8202
 EELEC  =    -13932.3299  EGB     =     -4146.5354  RESTRAINT  =       386.4611
 EAMBER (non-restraint)  =     -4888.2345
 ESURF=        51.9792
 ------------------------------------------------------------------------------

 NMR restraints: Bond =    0.000   Angle =     0.000   Torsion =     0.000
===============================================================================

 NSTEP =   390000   TIME(PS) =     780.000  TEMP(K) =   254.69  PRESS =     0.0
 Etot   =     -2298.4807  EKtot   =      2084.7117  EPtot      =     -4383.1924
 BOND   =       706.1709  ANGLE   =      1820.0593  DIHED      =      2693.5667
 1-4 NB =       742.0890  1-4 EEL =      8931.6882  VDWAALS    =     -1666.3101
 EELEC  =    -13966.4174  EGB     =     -4087.7635  RESTRAINT  =       393.5887
 EAMBER (non-restraint)  =     -4776.7812
 ESURF=        50.1357
 ------------------------------------------------------------------------------

 NMR restraints: Bond =    0.000   Angle =     0.000   Torsion =     0.000
===============================================================================

 NSTEP =   395000   TIME(PS) =     790.000  TEMP(K) =   253.94  PRESS =     0.0
 Etot   =     -2326.1316  EKtot   =      2078.5936  EPtot      =     -4404.7252
 BOND   =       769.2518  ANGLE   =      1734.9216  DIHED      =      2695.5829
 1-4 NB =       778.9306  1-4 EEL =      9065.7294  VDWAALS    =     -1705.2519
 EELEC  =    -14020.9850  EGB     =     -4145.6474  RESTRAINT  =       371.5991
 EAMBER (non-restraint)  =     -4776.3244
 ESURF=        51.1437
 ------------------------------------------------------------------------------

 NMR restraints: Bond =    0.000   Angle =     0.000   Torsion =     0.000
===============================================================================

 NSTEP =   400000   TIME(PS) =     800.000  TEMP(K) =   263.40  PRESS =     0.0
 Etot   =     -2271.2885  EKtot   =      2156.0267  EPtot      =     -4427.3152
 BOND   =       756.8911  ANGLE   =      1739.8400  DIHED      =      2701.0177
 1-4 NB =       754.1767  1-4 EEL =      9035.0270  VDWAALS    =     -1677.9744
 EELEC  =    -13989.1841  EGB     =     -4175.6697  RESTRAINT  =       377.1107
 EAMBER (non-restraint)  =     -4804.4259
 ESURF=        51.4499
 ------------------------------------------------------------------------------

 NMR restraints: Bond =    0.000   Angle =     0.000   Torsion =     0.000
===============================================================================

 NSTEP =   405000   TIME(PS) =     810.000  TEMP(K) =   260.00  PRESS =     0.0
 Etot   =     -2192.4775  EKtot   =      2128.1594  EPtot      =     -4320.6369
 BOND   =       790.0199  ANGLE   =      1772.6907  DIHED      =      2705.4691
 1-4 NB =       755.0268  1-4 EEL =      9015.9002  VDWAALS    =     -1697.5831
 EELEC  =    -13886.8139  EGB     =     -4217.5822  RESTRAINT  =       390.2488
 EAMBER (non-restraint)  =     -4710.8857
 ESURF=        51.9868
 ------------------------------------------------------------------------------

 NMR restraints: Bond =    0.000   Angle =     0.000   Torsion =     0.000
===============================================================================

 NSTEP =   410000   TIME(PS) =     820.000  TEMP(K) =   267.16  PRESS =     0.0
 Etot   =     -2183.5568  EKtot   =      2186.7884  EPtot      =     -4370.3453
 BOND   =       771.0443  ANGLE   =      1755.1897  DIHED      =      2709.3824
 1-4 NB =       756.3944  1-4 EEL =      8990.6197  VDWAALS    =     -1683.9268
 EELEC  =    -13910.0995  EGB     =     -4186.8026  RESTRAINT  =       374.6936
 EAMBER (non-restraint)  =     -4745.0389
 ESURF=        53.1595
 ------------------------------------------------------------------------------

 NMR restraints: Bond =    0.000   Angle =     0.000   Torsion =     0.000
===============================================================================

 NSTEP =   415000   TIME(PS) =     830.000  TEMP(K) =   271.35  PRESS =     0.0
 Etot   =     -2077.1596  EKtot   =      2221.0846  EPtot      =     -4298.2442
 BOND   =       810.2920  ANGLE   =      1757.3374  DIHED      =      2697.4693
 1-4 NB =       753.9533  1-4 EEL =      9034.4536  VDWAALS    =     -1655.2493
 EELEC  =    -13950.8074  EGB     =     -4180.4708  RESTRAINT  =       382.3050
 EAMBER (non-restraint)  =     -4680.5492
 ESURF=        52.4726
 ------------------------------------------------------------------------------

 NMR restraints: Bond =    0.000   Angle =     0.000   Torsion =     0.000
===============================================================================

 NSTEP =   420000   TIME(PS) =     840.000  TEMP(K) =   265.18  PRESS =     0.0
 Etot   =     -2064.4681  EKtot   =      2170.5957  EPtot      =     -4235.0637
 BOND   =       801.3385  ANGLE   =      1844.1602  DIHED      =      2683.8545
 1-4 NB =       755.2104  1-4 EEL =      8977.3381  VDWAALS    =     -1663.5539
 EELEC  =    -14034.1652  EGB     =     -4048.9582  RESTRAINT  =       396.3092
 EAMBER (non-restraint)  =     -4631.3729
 ESURF=        53.4028
 ------------------------------------------------------------------------------

 NMR restraints: Bond =    0.000   Angle =     0.000   Torsion =     0.000
===============================================================================

 NSTEP =   425000   TIME(PS) =     850.000  TEMP(K) =   267.50  PRESS =     0.0
 Etot   =     -2163.7234  EKtot   =      2189.5460  EPtot      =     -4353.2694
 BOND   =       805.6788  ANGLE   =      1781.1215  DIHED      =      2682.0217
 1-4 NB =       758.6043  1-4 EEL =      9017.1565  VDWAALS    =     -1678.7897
 EELEC  =    -14068.2473  EGB     =     -4083.6887  RESTRAINT  =       381.2023
 EAMBER (non-restraint)  =     -4734.4717
 ESURF=        51.6713
 ------------------------------------------------------------------------------

 NMR restraints: Bond =    0.000   Angle =     0.000   Torsion =     0.000
===============================================================================

 NSTEP =   430000   TIME(PS) =     860.000  TEMP(K) =   275.81  PRESS =     0.0
 Etot   =     -2074.2827  EKtot   =      2257.6036  EPtot      =     -4331.8863
 BOND   =       726.2535  ANGLE   =      1793.6276  DIHED      =      2725.7528
 1-4 NB =       761.6568  1-4 EEL =      8986.4139  VDWAALS    =     -1677.8742
 EELEC  =    -14013.3499  EGB     =     -4083.0135  RESTRAINT  =       397.9562
 EAMBER (non-restraint)  =     -4729.8425
 ESURF=        50.6906
 ------------------------------------------------------------------------------

 NMR restraints: Bond =    0.000   Angle =     0.000   Torsion =     0.000
===============================================================================

 NSTEP =   435000   TIME(PS) =     870.000  TEMP(K) =   276.18  PRESS =     0.0
 Etot   =     -2045.8741  EKtot   =      2260.5684  EPtot      =     -4306.4425
 BOND   =       731.0419  ANGLE   =      1775.3639  DIHED      =      2734.7059
 1-4 NB =       761.0284  1-4 EEL =      9033.7857  VDWAALS    =     -1685.5721
 EELEC  =    -13937.1730  EGB     =     -4192.2635  RESTRAINT  =       420.5555
 EAMBER (non-restraint)  =     -4726.9980
 ESURF=        52.0849
 ------------------------------------------------------------------------------

 NMR restraints: Bond =    0.000   Angle =     0.000   Torsion =     0.000
===============================================================================

 NSTEP =   440000   TIME(PS) =     880.000  TEMP(K) =   276.80  PRESS =     0.0
 Etot   =     -2040.3880  EKtot   =      2265.7003  EPtot      =     -4306.0883
 BOND   =       773.4451  ANGLE   =      1791.5357  DIHED      =      2697.4934
 1-4 NB =       756.8273  1-4 EEL =      9013.0519  VDWAALS    =     -1675.5103
 EELEC  =    -14108.5714  EGB     =     -4015.3656  RESTRAINT  =       407.5811
 EAMBER (non-restraint)  =     -4713.6694
 ESURF=        53.4246
 ------------------------------------------------------------------------------

 NMR restraints: Bond =    0.000   Angle =     0.000   Torsion =     0.000
===============================================================================

 NSTEP =   445000   TIME(PS) =     890.000  TEMP(K) =   273.50  PRESS =     0.0
 Etot   =     -1979.5144  EKtot   =      2238.6469  EPtot      =     -4218.1613
 BOND   =       764.1589  ANGLE   =      1853.9358  DIHED      =      2742.6770
 1-4 NB =       755.4934  1-4 EEL =      8989.9726  VDWAALS    =     -1671.0267
 EELEC  =    -14011.5768  EGB     =     -4088.0480  RESTRAINT  =       392.7614
 EAMBER (non-restraint)  =     -4610.9226
 ESURF=        53.4911
 ------------------------------------------------------------------------------

 NMR restraints: Bond =    0.000   Angle =     0.000   Torsion =     0.000
===============================================================================

 NSTEP =   450000   TIME(PS) =     900.000  TEMP(K) =   276.22  PRESS =     0.0
 Etot   =     -1976.5295  EKtot   =      2260.8916  EPtot      =     -4237.4211
 BOND   =       799.6282  ANGLE   =      1853.2370  DIHED      =      2711.8551
 1-4 NB =       755.1081  1-4 EEL =      9035.0669  VDWAALS    =     -1686.6262
 EELEC  =    -13910.0686  EGB     =     -4224.7156  RESTRAINT  =       374.8992
 EAMBER (non-restraint)  =     -4612.3203
 ESURF=        54.1948
 ------------------------------------------------------------------------------

 NMR restraints: Bond =    0.000   Angle =     0.000   Torsion =     0.000
===============================================================================

 NSTEP =   455000   TIME(PS) =     910.000  TEMP(K) =   275.67  PRESS =     0.0
 Etot   =     -1967.0032  EKtot   =      2256.3976  EPtot      =     -4223.4008
 BOND   =       781.3888  ANGLE   =      1871.6086  DIHED      =      2698.3482
 1-4 NB =       746.6670  1-4 EEL =      9019.8568  VDWAALS    =     -1681.0866
 EELEC  =    -13946.1950  EGB     =     -4193.0584  RESTRAINT  =       426.7615
 EAMBER (non-restraint)  =     -4650.1623
 ESURF=        52.3082
 ------------------------------------------------------------------------------

 NMR restraints: Bond =    0.000   Angle =     0.000   Torsion =     0.000
===============================================================================

 NSTEP =   460000   TIME(PS) =     920.000  TEMP(K) =   283.43  PRESS =     0.0
 Etot   =     -1886.4128  EKtot   =      2319.9516  EPtot      =     -4206.3644
 BOND   =       803.9665  ANGLE   =      1816.1319  DIHED      =      2703.3452
 1-4 NB =       744.5806  1-4 EEL =      9012.6361  VDWAALS    =     -1685.8608
 EELEC  =    -13845.2882  EGB     =     -4226.9313  RESTRAINT  =       417.2503
 EAMBER (non-restraint)  =     -4623.6148
 ESURF=        53.8054
 ------------------------------------------------------------------------------

 NMR restraints: Bond =    0.000   Angle =     0.000   Torsion =     0.000
===============================================================================

 NSTEP =   465000   TIME(PS) =     930.000  TEMP(K) =   283.33  PRESS =     0.0
 Etot   =     -1893.9200  EKtot   =      2319.1239  EPtot      =     -4213.0438
 BOND   =       766.5470  ANGLE   =      1805.2098  DIHED      =      2755.3436
 1-4 NB =       760.9943  1-4 EEL =      9003.0922  VDWAALS    =     -1674.7810
 EELEC  =    -13848.7538  EGB     =     -4243.6973  RESTRAINT  =       407.6079
 EAMBER (non-restraint)  =     -4620.6517
 ESURF=        55.3934
 ------------------------------------------------------------------------------

 NMR restraints: Bond =    0.000   Angle =     0.000   Torsion =     0.000
===============================================================================

 NSTEP =   470000   TIME(PS) =     940.000  TEMP(K) =   282.45  PRESS =     0.0
 Etot   =     -1831.6885  EKtot   =      2311.9223  EPtot      =     -4143.6109
 BOND   =       753.1932  ANGLE   =      1898.9050  DIHED      =      2728.5928
 1-4 NB =       754.8063  1-4 EEL =      9012.2507  VDWAALS    =     -1664.3574
 EELEC  =    -13869.9888  EGB     =     -4234.4686  RESTRAINT  =       423.9976
 EAMBER (non-restraint)  =     -4567.6085
 ESURF=        53.4584
 ------------------------------------------------------------------------------

 NMR restraints: Bond =    0.000   Angle =     0.000   Torsion =     0.000
===============================================================================

 NSTEP =   475000   TIME(PS) =     950.000  TEMP(K) =   287.63  PRESS =     0.0
 Etot   =     -1731.3154  EKtot   =      2354.3341  EPtot      =     -4085.6495
 BOND   =       764.5316  ANGLE   =      1932.3220  DIHED      =      2730.8011
 1-4 NB =       755.6948  1-4 EEL =      9010.5732  VDWAALS    =     -1676.6705
 EELEC  =    -13800.9450  EGB     =     -4288.9558  RESTRAINT  =       431.9370
 EAMBER (non-restraint)  =     -4517.5865
 ESURF=        55.0621
 ------------------------------------------------------------------------------

 NMR restraints: Bond =    0.000   Angle =     0.000   Torsion =     0.000
===============================================================================

 NSTEP =   480000   TIME(PS) =     960.000  TEMP(K) =   289.66  PRESS =     0.0
 Etot   =     -1699.7552  EKtot   =      2370.9694  EPtot      =     -4070.7246
 BOND   =       860.0469  ANGLE   =      1909.7118  DIHED      =      2717.4363
 1-4 NB =       752.5933  1-4 EEL =      8965.2020  VDWAALS    =     -1654.0479
 EELEC  =    -13832.4722  EGB     =     -4249.3233  RESTRAINT  =       403.2979
 EAMBER (non-restraint)  =     -4474.0225
 ESURF=        56.8308
 ------------------------------------------------------------------------------

 NMR restraints: Bond =    0.000   Angle =     0.000   Torsion =     0.000
===============================================================================

 NSTEP =   485000   TIME(PS) =     970.000  TEMP(K) =   290.05  PRESS =     0.0
 Etot   =     -1759.9313  EKtot   =      2374.1629  EPtot      =     -4134.0942
 BOND   =       795.7512  ANGLE   =      1909.7397  DIHED      =      2740.0736
 1-4 NB =       741.3029  1-4 EEL =      8995.9558  VDWAALS    =     -1680.7403
 EELEC  =    -13831.7251  EGB     =     -4254.5432  RESTRAINT  =       394.1579
 EAMBER (non-restraint)  =     -4528.2521
 ESURF=        55.9333
 ------------------------------------------------------------------------------

 NMR restraints: Bond =    0.000   Angle =     0.000   Torsion =     0.000
===============================================================================

 NSTEP =   490000   TIME(PS) =     980.000  TEMP(K) =   300.09  PRESS =     0.0
 Etot   =     -1623.3402  EKtot   =      2456.3052  EPtot      =     -4079.6454
 BOND   =       873.4534  ANGLE   =      1863.3904  DIHED      =      2727.8880
 1-4 NB =       754.8785  1-4 EEL =      8966.1099  VDWAALS    =     -1662.0114
 EELEC  =    -13866.4196  EGB     =     -4201.5769  RESTRAINT  =       408.3669
 EAMBER (non-restraint)  =     -4488.0122
 ESURF=        56.2755
 ------------------------------------------------------------------------------

 NMR restraints: Bond =    0.000   Angle =     0.000   Torsion =     0.000
===============================================================================

 NSTEP =   495000   TIME(PS) =     990.000  TEMP(K) =   301.02  PRESS =     0.0
 Etot   =     -1669.8656  EKtot   =      2463.9072  EPtot      =     -4133.7728
 BOND   =       839.3095  ANGLE   =      1867.5452  DIHED      =      2720.0007
 1-4 NB =       758.2871  1-4 EEL =      8958.9837  VDWAALS    =     -1649.3877
 EELEC  =    -13953.5634  EGB     =     -4142.9579  RESTRAINT  =       413.6023
 EAMBER (non-restraint)  =     -4547.3751
 ESURF=        54.4077
 ------------------------------------------------------------------------------

 NMR restraints: Bond =    0.000   Angle =     0.000   Torsion =     0.000
===============================================================================

 NSTEP =   500000   TIME(PS) =    1000.000  TEMP(K) =   296.30  PRESS =     0.0
 Etot   =     -1682.8438  EKtot   =      2425.2680  EPtot      =     -4108.1119
 BOND   =       832.7559  ANGLE   =      1879.7543  DIHED      =      2729.6397
 1-4 NB =       752.7270  1-4 EEL =      8983.4093  VDWAALS    =     -1640.0689
 EELEC  =    -13919.3463  EGB     =     -4202.2383  RESTRAINT  =       418.4006
 EAMBER (non-restraint)  =     -4526.5124
 ESURF=        56.8548
 ------------------------------------------------------------------------------

 NMR restraints: Bond =    0.000   Angle =     0.000   Torsion =     0.000
===============================================================================

      A V E R A G E S   O V E R     100 S T E P S


 NSTEP =   500000   TIME(PS) =    1000.000  TEMP(K) =   200.55  PRESS =     0.0
 Etot   =     -3234.8459  EKtot   =      1641.5663  EPtot      =     -4876.4122
 BOND   =       645.9752  ANGLE   =      1514.1385  DIHED      =      2631.4221
 1-4 NB =       731.8634  1-4 EEL =      8998.2506  VDWAALS    =     -1711.9700
 EELEC  =    -13908.5711  EGB     =     -4192.3119  RESTRAINT  =       363.0839
 EAMBER (non-restraint)  =     -5239.4961
 ESURF=        51.7071
 ------------------------------------------------------------------------------

 NMR restraints: Bond =    0.000   Angle =     0.000   Torsion =     0.000
===============================================================================

      R M S  F L U C T U A T I O N S


 NSTEP =   500000   TIME(PS) =    1000.000  TEMP(K) =    57.48  PRESS =     0.0
 Etot   =       944.4473  EKtot   =       470.5088  EPtot      =       474.6534
 BOND   =       106.2713  ANGLE   =       236.6488  DIHED      =        63.0867
 1-4 NB =        18.4820  1-4 EEL =        25.7784  VDWAALS    =        28.0814
 EELEC  =        56.1430  EGB     =        46.3114  RESTRAINT  =        29.1818
 EAMBER (non-restraint)  =       445.4717
 ESURF=         1.5528
 ------------------------------------------------------------------------------


 NMR restraints on final step:

--------------------------------------------------------------------------------
   5.  TIMINGS
--------------------------------------------------------------------------------

|  NonSetup CPU Time in Major Routines:
|
|     Routine           Sec        %
|     ------------------------------
|     Nonbond      198310.50   99.16
|     Bond             12.06    0.01
|     Angle           192.36    0.10
|     Dihedral       1132.10    0.57
|     Shake            51.34    0.03
|     RunMD           300.61    0.15
|     Other             0.67    0.00
|     ------------------------------
|     Total        199999.64

|  Generalized Born CPU Time:
|
|     Routine                 Sec        %
|     ------------------------------------
|     Radii Calc          44047.00   22.02
|     Diagonal Calc       82123.43   41.06
|     Off Diagonal Calc   72064.01   36.03
|     GBSA LCPO Calc          0.39    0.00
|     ---------------------------------
|     Total              198234.44   99.12

|  Final Performance Info:
|     -----------------------------------------------------
|     Average timings for last       1 steps:
|     Elapsed(s) =       0.00 Per Step(ms) =       0.13
|         ns/day =    1301.08   seconds/ns =      66.41
|
|     Average timings for all steps:
|     Elapsed(s) =  502729.59 Per Step(ms) =    1005.46
|         ns/day =       0.17   seconds/ns =  502729.59
|     -----------------------------------------------------

|  Setup CPU time:            0.04 seconds
|  NonSetup CPU time:    199999.64 seconds
|  Total CPU time:       199999.68 seconds    55.56 hours

|  Setup wall time:           0    seconds
|  NonSetup wall time:   502730    seconds
|  Total wall time:      502730    seconds   139.65 hours
