
          -------------------------------------------------------
          Amber 22 PMEMD                              2022
          -------------------------------------------------------

| PMEMD implementation of SANDER, Release 22

|  Compiled date/time: Thu Apr 14 23:36:37 2022
| Run on 12/29/2023 at 23:34:47

|   Executable path: pmemd
| Working directory: /home/arul/Reegina/MD_Sim/finalll/1UCH_info
|          Hostname: Unknown
  [-O]verwriting output

File Assignments:
|   MDIN: /home/arul/Reegina/MD_Sim/trial_file/min.in                           
|  MDOUT: min_1UCH.out                                                          
| INPCRD: 1UCH.rst7                                                             
|   PARM: 1UCH.hmass.parm7                                                      
| RESTRT: min_1UCH.rst7                                                         
|   REFC: refc                                                                  
|  MDVEL: mdvel                                                                 
|   MDEN: mden                                                                  
|  MDCRD: min_1UCH.crd                                                          
| MDINFO: min_1UCH.info                                                         
|  MDFRC: mdfrc                                                                 


 Here is the input file:

&cntrl                                                                         
  imin = 1,                                                                    
  maxcyc=100,                                                                  
  ntx = 1,                                                                     
  ntwr = 100,                                                                  
  ntpr = 10,                                                                   
  ioutfm=0,                                                                    
  ntxo=1,                                                                      
  cut = 1000.0,                                                                
  ntb=0,                                                                       
  igb = 8,                                                                     
  gbsa=3,                                                                      
  surften=0.007,                                                               
  saltcon = 0.0,                                                               
/                                                                              


Note: ig = -1. Setting random seed to   555004 based on wallclock time in 
      microseconds.
| irandom = 1, using AMBER's internal random number generator (default).
 
| Conditional Compilation Defines Used:
| PUBFFT
| BINTRAJ
| EMIL

| New format PARM file being parsed.
| Version =    1.000 Date = 12/29/23 Time = 17:09:32

| Note: 1-4 EEL scale factors are being read from the topology file.

| Note: 1-4 VDW scale factors are being read from the topology file.
| INFO:    Reading atomic numbers from topology file.
| Duplicated    0 dihedrals

| Duplicated    0 dihedrals

--------------------------------------------------------------------------------
   1.  RESOURCE   USE: 
--------------------------------------------------------------------------------

 NATOM  =    3289 NTYPES =      14 NBONH =    1629 MBONA  =    1698
 NTHETH =    3728 MTHETA =    2300 NPHIH =    7464 MPHIA  =    7307
 NHPARM =       0 NPARM  =       0 NNB   =   18220 NRES   =     206
 NBONA  =    1698 NTHETA =    2300 NPHIA =    7307 NUMBND =      65
 NUMANG =     152 NPTRA  =     190 NATYP =      33 NPHB   =       0
 IFBOX  =       0 NMXRS  =      26 IFCAP =       0 NEXTRA =       0
 NCOPY  =       0

 Implicit solvent radii are ArgH and AspGluO modified Bondi2 radii (mbondi3)                                
 Replacing prmtop screening parameters with GBn2 (igb=8) values
--------------------------------------------------------------------------------
   2.  CONTROL  DATA  FOR  THE  RUN
--------------------------------------------------------------------------------

default_name                                                                    

General flags:
     imin    =       1, nmropt  =       0

Nature and format of input:
     ntx     =       1, irest   =       0, ntrx    =       1

Nature and format of output:
     ntxo    =       1, ntpr    =      10, ntrx    =       1, ntwr    =     100
     iwrap   =       0, ntwx    =       0, ntwv    =       0, ntwe    =       0
     ioutfm  =       0, ntwprt  =       0, idecomp =       0, rbornstat=      0

Potential function:
     ntf     =       1, ntb     =       0, igb     =       8, nsnb    =      25
     ipol    =       0, gbsa    =       3, iesp    =       0
     dielc   =   1.00000, cut     =1000.00000, intdiel =   1.00000
     saltcon =   0.00000, offset  =   0.19514, surften =   0.00700
     rdt     =   0.00000, rgbmax  =  25.00000  extdiel =  78.50000
     alpb  =        0
     gbalphaH  =   0.78844, gbbetaH   =   0.79870,  gbgammaH  =    0.43733
     gbalphaC  =   0.73376, gbbetaC   =   0.50638,  gbgammaC  =    0.20584
     gbalphaN  =   0.50336, gbbetaN   =   0.31683,  gbgammaN  =    0.19292
     gbalphaOS =   0.86781, gbbetaOS  =   0.87664,  gbgammaOS =    0.38788
     gbalphaP  =   1.00000, gbbetaP   =   0.80000,  gbgammaP  =    4.85000
     gb_alpha_hnu  =   0.53705, gb_beta_hnu   =   0.36286,  gb_gamma_hnu  =    0.11670
     gb_alpha_cnu  =   0.33167, gb_beta_cnu   =   0.19684,  gb_gamma_cnu  =    0.09342
     gb_alpha_nnu  =   0.68631, gb_beta_nnu   =   0.46319,  gb_gamma_nnu  =    0.13872
     gb_alpha_onu  =   0.60634, gb_beta_onu   =   0.46301,  gb_gamma_onu  =    0.14226
     gb_alpha_pnu  =   0.41836, gb_beta_pnu   =   0.29005,  gb_gamma_pnu  =    0.10642

Frozen or restrained atoms:
     ibelly  =       0, ntr     =       0

Energy minimization:
     maxcyc  =     100, ncyc    =      10, ntmin   =       1
     dx0     =   0.01000, drms    =   0.00010

| Intermolecular bonds treatment:
|     no_intermolecular_bonds =       1

| Energy averages sample interval:
|     ene_avg_sampling =       1

--------------------------------------------------------------------------------
   3.  ATOMIC COORDINATES AND VELOCITIES
--------------------------------------------------------------------------------

default_name                                                                    
 begin time read from input coords =     0.000 ps

 
 Number of triangulated 3-point waters found:        0
| Dynamic Memory, Types Used:
| Reals               88043
| Integers           387421

--------------------------------------------------------------------------------
   4.  RESULTS
--------------------------------------------------------------------------------



   NSTEP       ENERGY          RMS            GMAX         NAME    NUMBER
      1       1.7647E+05     2.7045E+02     1.8966E+04     C        2286

 BOND    =   182256.5518  ANGLE   =      587.7366  DIHED      =     2573.7656
 VDWAALS =    -1263.1806  EEL     =   -13772.0049  EGB        =    -4251.9531
 1-4 VDW =      947.9036  1-4 EEL =     9347.8994  RESTRAINT  =        0.0000
 ESURF   =       39.8667


   NSTEP       ENERGY          RMS            GMAX         NAME    NUMBER
     10       1.7369E+05     2.6771E+02     1.8783E+04     C        2286

 BOND    =   179492.2527  ANGLE   =      573.9965  DIHED      =     2573.4549
 VDWAALS =    -1264.0681  EEL     =   -13772.5286  EGB        =    -4251.9503
 1-4 VDW =      948.0503  1-4 EEL =     9347.8888  RESTRAINT  =        0.0000
 ESURF   =       39.8673


   NSTEP       ENERGY          RMS            GMAX         NAME    NUMBER
     20       1.0462E+05     3.4640E+03     2.3325E+05     C        2286

 BOND    =    84894.7725  ANGLE   =     1237.7655  DIHED      =     2561.3946
 VDWAALS =     7913.9768  EEL     =   -13793.3308  EGB        =    -4280.9512
 1-4 VDW =    16674.2318  1-4 EEL =     9373.9911  RESTRAINT  =        0.0000
 ESURF   =       39.7601


   NSTEP       ENERGY          RMS            GMAX         NAME    NUMBER
     30       6.4799E+04     1.2707E+02     5.3730E+03     H        2289

 BOND    =    68175.5513  ANGLE   =     1529.5114  DIHED      =     2552.5823
 VDWAALS =       34.2875  EEL     =   -13797.8847  EGB        =    -4273.7227
 1-4 VDW =     1233.8725  1-4 EEL =     9305.4881  RESTRAINT  =        0.0000
 ESURF   =       39.7379


   NSTEP       ENERGY          RMS            GMAX         NAME    NUMBER
     40       2.7372E+04     1.9276E+02     1.3812E+04     C        2286

 BOND    =    29491.5194  ANGLE   =     2431.1226  DIHED      =     2564.2960
 VDWAALS =      637.7194  EEL     =   -13765.2742  EGB        =    -4260.5733
 1-4 VDW =      995.2466  1-4 EEL =     9237.3426  RESTRAINT  =        0.0000
 ESURF   =       40.1230


   NSTEP       ENERGY          RMS            GMAX         NAME    NUMBER
     50       1.1233E+04     1.9220E+01     5.6832E+02     HA       2291

 BOND    =    15591.9991  ANGLE   =     2310.3363  DIHED      =     2582.2324
 VDWAALS =    -1427.4104  EEL     =   -13734.0966  EGB        =    -4280.0196
 1-4 VDW =      953.7250  1-4 EEL =     9196.1554  RESTRAINT  =        0.0000
 ESURF   =       40.3267


   NSTEP       ENERGY          RMS            GMAX         NAME    NUMBER
     60       7.5121E+03     2.6962E+01     8.8029E+02     C          49

 BOND    =    11800.8062  ANGLE   =     2373.1391  DIHED      =     2581.6148
 VDWAALS =    -1371.3158  EEL     =   -13763.3265  EGB        =    -4262.9536
 1-4 VDW =      951.6461  1-4 EEL =     9161.8272  RESTRAINT  =        0.0000
 ESURF   =       40.6553


   NSTEP       ENERGY          RMS            GMAX         NAME    NUMBER
     70      -4.8788E+01     1.3682E+01     3.4352E+02     C          49

 BOND    =     4972.3423  ANGLE   =     1909.6473  DIHED      =     2574.5085
 VDWAALS =    -1535.0360  EEL     =   -13721.4506  EGB        =    -4275.3131
 1-4 VDW =      893.1702  1-4 EEL =     9092.0742  RESTRAINT  =        0.0000
 ESURF   =       41.2693


   NSTEP       ENERGY          RMS            GMAX         NAME    NUMBER
     80      -2.0692E+03     1.6003E+01     5.0522E+02     H        2301

 BOND    =     2990.5754  ANGLE   =     1729.1834  DIHED      =     2586.4809
 VDWAALS =    -1400.3136  EEL     =   -13735.6820  EGB        =    -4254.7858
 1-4 VDW =      895.9138  1-4 EEL =     9077.8045  RESTRAINT  =        0.0000
 ESURF   =       41.6096


   NSTEP       ENERGY          RMS            GMAX         NAME    NUMBER
     90      -3.2931E+03     7.0390E+00     2.3753E+02     N        2272

 BOND    =     2193.8374  ANGLE   =     1532.2222  DIHED      =     2571.7249
 VDWAALS =    -1541.5644  EEL     =   -13721.9490  EGB        =    -4255.5776
 1-4 VDW =      821.8621  1-4 EEL =     9064.5085  RESTRAINT  =        0.0000
 ESURF   =       41.8567


   NSTEP       ENERGY          RMS            GMAX         NAME    NUMBER
    100      -4.7112E+03     6.6778E+00     1.7549E+02     C        2286

 BOND    =     1113.9606  ANGLE   =     1393.6765  DIHED      =     2568.4888
 VDWAALS =    -1637.7052  EEL     =   -13681.1153  EGB        =    -4258.6534
 1-4 VDW =      754.5634  1-4 EEL =     8992.6915  RESTRAINT  =        0.0000
 ESURF   =       42.8968


  Maximum number of minimization cycles reached.


                    FINAL RESULTS



   NSTEP       ENERGY          RMS            GMAX         NAME    NUMBER
    100      -4.7112E+03     6.6778E+00     1.7549E+02     C        2286

 BOND    =     1113.9606  ANGLE   =     1393.6765  DIHED      =     2568.4888
 VDWAALS =    -1637.7052  EEL     =   -13681.1153  EGB        =    -4258.6534
 1-4 VDW =      754.5634  1-4 EEL =     8992.6915  RESTRAINT  =        0.0000
 ESURF   =       42.8968
--------------------------------------------------------------------------------
   5.  TIMINGS
--------------------------------------------------------------------------------

|  NonSetup CPU Time in Major Routines:
|
|     Routine           Sec        %
|     ------------------------------
|     Nonbond          42.07   99.28
|     Bond              0.00    0.01
|     Angle             0.04    0.10
|     Dihedral          0.24    0.57
|     Shake             0.00    0.00
|     Other             0.02    0.04
|     ------------------------------
|     Total            42.37

|  Generalized Born CPU Time:
|
|     Routine                 Sec        %
|     ------------------------------------
|     Radii Calc              9.33   22.02
|     Diagonal Calc          17.43   41.12
|     Off Diagonal Calc      15.30   36.10
|     GBSA LCPO Calc          0.00    0.00
|     ---------------------------------
|     Total                  42.05   99.24

|  Setup CPU time:            0.04 seconds
|  NonSetup CPU time:        42.37 seconds
|  Total CPU time:           42.41 seconds     0.01 hours

|  Setup wall time:           0    seconds
|  NonSetup wall time:      122    seconds
|  Total wall time:         122    seconds     0.03 hours
