Salt Bridges Plugin, Version 1.0
Tue Apr 30 12:43:23 +0530 2024

Parameters used in the calculation of salt bridges:
- Atomselection: protein
- Update selections every frame: yes
- Initial frame: 0
- Frame step: 1
- Final frame: 24
- Oxygen-nitrogen cut-off: 3.2
- Center of mass cut-off: none
- Write a file for each salt bridge: yes

Searching for ion-pairs with oxygen-nitrogen distance within 3.2 Angstroms in the selected frames... Done.
Removing redundancies in the ion-pairs found... Done.
Extracting identification of each salt bridge... Done.
Found 27 salt bridges.

ASP73-ARG34
ASP74-LYS77
ASP179-LYS183
GLU92-LYS95
GLU198-LYS201
GLU18-LYS95
ASP180-LYS183
ASP156-LYS157
GLU187-LYS183
GLU57-LYS51
ASP60-LYS104
ASP12-LYS15
GLU81-LYS83
GLU124-LYS201
ASP73-LYS77
GLU4-ARG106
ASP179-ARG140
ASP39-LYS42
ASP118-LYS121
GLU187-LYS189
GLU81-LYS77
GLU110-ARG212
GLU18-LYS15
GLU163-LYS157
ASP166-LYS210
GLU18-LYS19
GLU124-LYS125

Printing distances over all frames for each salt-bridge... Done.
