
          -------------------------------------------------------
          Amber 22 PMEMD                              2022
          -------------------------------------------------------

| PMEMD implementation of SANDER, Release 22

|  Compiled date/time: Thu Apr 14 23:36:37 2022
| Run on 01/09/2024 at 11:44:57

|   Executable path: pmemd
| Working directory: /home/arul/Reegina/MD_Sim/SET5/1CIS_info
|          Hostname: Unknown
  [-O]verwriting output

File Assignments:
|   MDIN: eq2.in                                                                
|  MDOUT: eq2.out                                                               
| INPCRD: eq1.rst7                                                              
|   PARM: 1CIS.hmass.parm7                                                      
| RESTRT: eq2.rst7                                                              
|   REFC: eq1.rst7                                                              
|  MDVEL: mdvel                                                                 
|   MDEN: mden                                                                  
|  MDCRD: eq2.crd                                                               
| MDINFO: eq2.info                                                              
|  MDFRC: mdfrc                                                                 


 Here is the input file:

&cntrl                                                                         
   ntx = 5,                                                                    
   ntwx = 5000, ntwe = 0, ntwr = 500,                                          
   ntpr = 5000,                                                                
                                                                               
   ioutfm=0, ntxo=1,                                                           
                                                                               
   imin = 0, nstlim = 125000, dt = 0.002,                                      
                                                                               
   ntt = 3, gamma_ln=1., temp0 = 300.0,                                        
   nscm = 1000, ig = -1, irest = 1,                                            
                                                                               
   ntc= 2, ntf = 2, cut = 1000,                                                
                                                                               
   igb=8, gbsa=3, surften=0.007, ntb = 0,                                      
   saltcon=0.,                                                                 
                                                                               
   ntr=1, restraintmask="@CA,N,C,O",                                           
   restraint_wt=0.1,                                                           
 /                                                                             


Note: ig = -1. Setting random seed to   478585 based on wallclock time in 
      microseconds.
| irandom = 1, using AMBER's internal random number generator (default).
 
| Conditional Compilation Defines Used:
| PUBFFT
| BINTRAJ
| EMIL

| New format PARM file being parsed.
| Version =    1.000 Date = 01/01/24 Time = 15:24:42

| Note: 1-4 EEL scale factors are being read from the topology file.

| Note: 1-4 VDW scale factors are being read from the topology file.
| INFO:    Reading atomic numbers from topology file.
| Duplicated    0 dihedrals

| Duplicated    0 dihedrals

--------------------------------------------------------------------------------
   1.  RESOURCE   USE: 
--------------------------------------------------------------------------------

 NATOM  =    1082 NTYPES =      13 NBONH =     553 MBONA  =     535
 NTHETH =    1268 MTHETA =     723 NPHIH =    2448 MPHIA  =    2298
 NHPARM =       0 NPARM  =       0 NNB   =    6007 NRES   =      66
 NBONA  =     535 NTHETA =     723 NPHIA =    2298 NUMBND =      57
 NUMANG =     136 NPTRA  =     165 NATYP =      27 NPHB   =       0
 IFBOX  =       0 NMXRS  =      24 IFCAP =       0 NEXTRA =       0
 NCOPY  =       0

 Implicit solvent radii are ArgH and AspGluO modified Bondi2 radii (mbondi3)                                
 Replacing prmtop screening parameters with GBn2 (igb=8) values
--------------------------------------------------------------------------------
   2.  CONTROL  DATA  FOR  THE  RUN
--------------------------------------------------------------------------------

default_name                                                                    

General flags:
     imin    =       0, nmropt  =       0

Nature and format of input:
     ntx     =       5, irest   =       1, ntrx    =       1

Nature and format of output:
     ntxo    =       1, ntpr    =    5000, ntrx    =       1, ntwr    =     500
     iwrap   =       0, ntwx    =    5000, ntwv    =       0, ntwe    =       0
     ioutfm  =       0, ntwprt  =       0, idecomp =       0, rbornstat=      0

Potential function:
     ntf     =       2, ntb     =       0, igb     =       8, nsnb    =      25
     ipol    =       0, gbsa    =       3, iesp    =       0
     dielc   =   1.00000, cut     =1000.00000, intdiel =   1.00000
     saltcon =   0.00000, offset  =   0.19514, surften =   0.00700
     rdt     =   0.00000, rgbmax  =  25.00000  extdiel =  78.50000
     alpb  =        0
     gbalphaH  =   0.78844, gbbetaH   =   0.79870,  gbgammaH  =    0.43733
     gbalphaC  =   0.73376, gbbetaC   =   0.50638,  gbgammaC  =    0.20584
     gbalphaN  =   0.50336, gbbetaN   =   0.31683,  gbgammaN  =    0.19292
     gbalphaOS =   0.86781, gbbetaOS  =   0.87664,  gbgammaOS =    0.38788
     gbalphaP  =   1.00000, gbbetaP   =   0.80000,  gbgammaP  =    4.85000
     gb_alpha_hnu  =   0.53705, gb_beta_hnu   =   0.36286,  gb_gamma_hnu  =    0.11670
     gb_alpha_cnu  =   0.33167, gb_beta_cnu   =   0.19684,  gb_gamma_cnu  =    0.09342
     gb_alpha_nnu  =   0.68631, gb_beta_nnu   =   0.46319,  gb_gamma_nnu  =    0.13872
     gb_alpha_onu  =   0.60634, gb_beta_onu   =   0.46301,  gb_gamma_onu  =    0.14226
     gb_alpha_pnu  =   0.41836, gb_beta_pnu   =   0.29005,  gb_gamma_pnu  =    0.10642

Frozen or restrained atoms:
     ibelly  =       0, ntr     =       1
     restraint_wt =   0.10000

Molecular dynamics:
     nstlim  =    125000, nscm    =         0, nrespa  =         1
     t       =   0.00000, dt      =   0.00200, vlimit  =  20.00000

Langevin dynamics temperature regulation:
     ig      =  478585
     temp0   = 300.00000, tempi   =   0.00000, gamma_ln=   1.00000

SHAKE:
     ntc     =       2, jfastw  =       0
     tol     =   0.00001

| Intermolecular bonds treatment:
|     no_intermolecular_bonds =       1

| Energy averages sample interval:
|     ene_avg_sampling =    5000

    LOADING THE CONSTRAINED ATOMS AS GROUPS


   5.  REFERENCE ATOM COORDINATES

  default_name                                                                    
     Mask @CA,N,C,O; matches   264 atoms

--------------------------------------------------------------------------------
   3.  ATOMIC COORDINATES AND VELOCITIES
--------------------------------------------------------------------------------

default_name                                                                    
 begin time read from input coords =  1250.000 ps

 
 Number of triangulated 3-point waters found:        0
| Dynamic Memory, Types Used:
| Reals               38466
| Integers           128637

--------------------------------------------------------------------------------
   4.  RESULTS
--------------------------------------------------------------------------------


 NSTEP =     5000   TIME(PS) =    1260.000  TEMP(K) =   300.45  PRESS =     0.0
 Etot   =     -1176.5016  EKtot   =       803.9244  EPtot      =     -1980.4261
 BOND   =       215.4410  ANGLE   =       526.1815  DIHED      =       825.4992
 1-4 NB =       238.1966  1-4 EEL =      2631.8900  VDWAALS    =      -437.3207
 EELEC  =     -4838.0415  EGB     =     -1198.3327  RESTRAINT  =        20.9757
 EAMBER (non-restraint)  =     -2001.4017
 ESURF=        35.0848
 ------------------------------------------------------------------------------


 NSTEP =    10000   TIME(PS) =    1270.000  TEMP(K) =   307.61  PRESS =     0.0
 Etot   =     -1200.0846  EKtot   =       823.0857  EPtot      =     -2023.1703
 BOND   =       210.2731  ANGLE   =       520.3064  DIHED      =       808.3215
 1-4 NB =       229.9340  1-4 EEL =      2612.9767  VDWAALS    =      -452.4510
 EELEC  =     -4753.4670  EGB     =     -1255.5313  RESTRAINT  =        22.1264
 EAMBER (non-restraint)  =     -2045.2967
 ESURF=        34.3408
 ------------------------------------------------------------------------------


 NSTEP =    15000   TIME(PS) =    1280.000  TEMP(K) =   295.50  PRESS =     0.0
 Etot   =     -1194.5784  EKtot   =       790.6950  EPtot      =     -1985.2734
 BOND   =       184.6041  ANGLE   =       562.9273  DIHED      =       814.8704
 1-4 NB =       232.6700  1-4 EEL =      2644.7788  VDWAALS    =      -441.1581
 EELEC  =     -4827.9637  EGB     =     -1214.4036  RESTRAINT  =        22.9445
 EAMBER (non-restraint)  =     -2008.2179
 ESURF=        35.4570
 ------------------------------------------------------------------------------


 NSTEP =    20000   TIME(PS) =    1290.000  TEMP(K) =   306.84  PRESS =     0.0
 Etot   =     -1182.3594  EKtot   =       821.0237  EPtot      =     -2003.3830
 BOND   =       213.3751  ANGLE   =       537.3639  DIHED      =       837.2328
 1-4 NB =       242.6380  1-4 EEL =      2634.4200  VDWAALS    =      -454.0190
 EELEC  =     -4823.5688  EGB     =     -1246.2604  RESTRAINT  =        21.3314
 EAMBER (non-restraint)  =     -2024.7144
 ESURF=        34.1039
 ------------------------------------------------------------------------------


 NSTEP =    25000   TIME(PS) =    1300.000  TEMP(K) =   291.58  PRESS =     0.0
 Etot   =     -1224.3105  EKtot   =       780.1885  EPtot      =     -2004.4991
 BOND   =       220.7397  ANGLE   =       536.8241  DIHED      =       834.6725
 1-4 NB =       226.0808  1-4 EEL =      2631.3738  VDWAALS    =      -460.2597
 EELEC  =     -4831.9777  EGB     =     -1217.2064  RESTRAINT  =        21.6598
 EAMBER (non-restraint)  =     -2026.1588
 ESURF=        33.5940
 ------------------------------------------------------------------------------


 NSTEP =    30000   TIME(PS) =    1310.000  TEMP(K) =   301.49  PRESS =     0.0
 Etot   =     -1165.3515  EKtot   =       806.7252  EPtot      =     -1972.0767
 BOND   =       199.4886  ANGLE   =       589.4832  DIHED      =       823.4235
 1-4 NB =       230.1008  1-4 EEL =      2610.1757  VDWAALS    =      -463.8482
 EELEC  =     -4751.3953  EGB     =     -1265.8517  RESTRAINT  =        22.7442
 EAMBER (non-restraint)  =     -1994.8210
 ESURF=        33.6025
 ------------------------------------------------------------------------------


 NSTEP =    35000   TIME(PS) =    1320.000  TEMP(K) =   308.61  PRESS =     0.0
 Etot   =     -1182.7707  EKtot   =       825.7721  EPtot      =     -2008.5428
 BOND   =       177.7732  ANGLE   =       547.3249  DIHED      =       812.3484
 1-4 NB =       231.2864  1-4 EEL =      2662.3859  VDWAALS    =      -440.9037
 EELEC  =     -4768.8532  EGB     =     -1284.8155  RESTRAINT  =        21.0030
 EAMBER (non-restraint)  =     -2029.5458
 ESURF=        33.9077
 ------------------------------------------------------------------------------


 NSTEP =    40000   TIME(PS) =    1330.000  TEMP(K) =   299.45  PRESS =     0.0
 Etot   =     -1172.6763  EKtot   =       801.2556  EPtot      =     -1973.9319
 BOND   =       198.8549  ANGLE   =       580.0039  DIHED      =       818.5596
 1-4 NB =       244.2708  1-4 EEL =      2626.8356  VDWAALS    =      -439.3811
 EELEC  =     -4869.6248  EGB     =     -1187.6013  RESTRAINT  =        21.2099
 EAMBER (non-restraint)  =     -1995.1418
 ESURF=        32.9406
 ------------------------------------------------------------------------------


 NSTEP =    45000   TIME(PS) =    1340.000  TEMP(K) =   311.36  PRESS =     0.0
 Etot   =     -1195.4494  EKtot   =       833.1343  EPtot      =     -2028.5837
 BOND   =       229.4250  ANGLE   =       529.1795  DIHED      =       806.8961
 1-4 NB =       226.0732  1-4 EEL =      2594.6897  VDWAALS    =      -448.6971
 EELEC  =     -4864.8240  EGB     =     -1153.7606  RESTRAINT  =        20.0414
 EAMBER (non-restraint)  =     -2048.6251
 ESURF=        32.3931
 ------------------------------------------------------------------------------


 NSTEP =    50000   TIME(PS) =    1350.000  TEMP(K) =   304.12  PRESS =     0.0
 Etot   =     -1188.7902  EKtot   =       813.7388  EPtot      =     -2002.5290
 BOND   =       233.6521  ANGLE   =       549.9724  DIHED      =       820.1644
 1-4 NB =       221.4271  1-4 EEL =      2598.4576  VDWAALS    =      -448.8801
 EELEC  =     -4827.7076  EGB     =     -1204.9920  RESTRAINT  =        21.4520
 EAMBER (non-restraint)  =     -2023.9810
 ESURF=        33.9250
 ------------------------------------------------------------------------------


 NSTEP =    55000   TIME(PS) =    1360.000  TEMP(K) =   299.14  PRESS =     0.0
 Etot   =     -1222.1917  EKtot   =       800.4334  EPtot      =     -2022.6251
 BOND   =       206.5752  ANGLE   =       531.3779  DIHED      =       830.0305
 1-4 NB =       230.6171  1-4 EEL =      2616.9082  VDWAALS    =      -452.1779
 EELEC  =     -4884.6405  EGB     =     -1159.7771  RESTRAINT  =        26.5408
 EAMBER (non-restraint)  =     -2049.1659
 ESURF=        31.9207
 ------------------------------------------------------------------------------


 NSTEP =    60000   TIME(PS) =    1370.000  TEMP(K) =   311.51  PRESS =     0.0
 Etot   =     -1213.1259  EKtot   =       833.5352  EPtot      =     -2046.6611
 BOND   =       202.9066  ANGLE   =       541.3140  DIHED      =       816.7783
 1-4 NB =       224.3345  1-4 EEL =      2639.4481  VDWAALS    =      -450.2784
 EELEC  =     -4951.1367  EGB     =     -1121.8597  RESTRAINT  =        18.9362
 EAMBER (non-restraint)  =     -2065.5972
 ESURF=        32.8961
 ------------------------------------------------------------------------------


 NSTEP =    65000   TIME(PS) =    1380.000  TEMP(K) =   292.45  PRESS =     0.0
 Etot   =     -1183.7009  EKtot   =       782.5259  EPtot      =     -1966.2268
 BOND   =       236.4817  ANGLE   =       576.2181  DIHED      =       833.9368
 1-4 NB =       233.0971  1-4 EEL =      2617.1200  VDWAALS    =      -448.3864
 EELEC  =     -4948.8724  EGB     =     -1125.3339  RESTRAINT  =        25.2322
 EAMBER (non-restraint)  =     -1991.4590
 ESURF=        34.2801
 ------------------------------------------------------------------------------


 NSTEP =    70000   TIME(PS) =    1390.000  TEMP(K) =   295.65  PRESS =     0.0
 Etot   =     -1188.4768  EKtot   =       791.0990  EPtot      =     -1979.5758
 BOND   =       207.8100  ANGLE   =       555.6484  DIHED      =       830.7950
 1-4 NB =       229.0948  1-4 EEL =      2631.8680  VDWAALS    =      -440.9402
 EELEC  =     -4909.5833  EGB     =     -1143.6586  RESTRAINT  =        24.4454
 EAMBER (non-restraint)  =     -2004.0211
 ESURF=        34.9448
 ------------------------------------------------------------------------------


 NSTEP =    75000   TIME(PS) =    1400.000  TEMP(K) =   304.13  PRESS =     0.0
 Etot   =     -1136.6857  EKtot   =       813.7889  EPtot      =     -1950.4747
 BOND   =       237.6555  ANGLE   =       561.4750  DIHED      =       814.7968
 1-4 NB =       226.7450  1-4 EEL =      2636.3921  VDWAALS    =      -439.8084
 EELEC  =     -4803.5424  EGB     =     -1241.8029  RESTRAINT  =        23.9835
 EAMBER (non-restraint)  =     -1974.4582
 ESURF=        33.6313
 ------------------------------------------------------------------------------


 NSTEP =    80000   TIME(PS) =    1410.000  TEMP(K) =   308.14  PRESS =     0.0
 Etot   =     -1188.5977  EKtot   =       824.4999  EPtot      =     -2013.0976
 BOND   =       219.6847  ANGLE   =       558.1986  DIHED      =       808.2264
 1-4 NB =       220.0243  1-4 EEL =      2621.8922  VDWAALS    =      -453.2258
 EELEC  =     -4948.9544  EGB     =     -1091.7836  RESTRAINT  =        20.2088
 EAMBER (non-restraint)  =     -2033.3065
 ESURF=        32.6311
 ------------------------------------------------------------------------------


 NSTEP =    85000   TIME(PS) =    1420.000  TEMP(K) =   290.28  PRESS =     0.0
 Etot   =     -1254.5309  EKtot   =       776.7256  EPtot      =     -2031.2565
 BOND   =       197.1170  ANGLE   =       526.2988  DIHED      =       816.7278
 1-4 NB =       236.6765  1-4 EEL =      2643.7388  VDWAALS    =      -452.4954
 EELEC  =     -4848.4921  EGB     =     -1209.7689  RESTRAINT  =        23.8814
 EAMBER (non-restraint)  =     -2055.1379
 ESURF=        35.0596
 ------------------------------------------------------------------------------


 NSTEP =    90000   TIME(PS) =    1430.000  TEMP(K) =   298.87  PRESS =     0.0
 Etot   =     -1184.3490  EKtot   =       799.7038  EPtot      =     -1984.0528
 BOND   =       224.7714  ANGLE   =       531.1449  DIHED      =       826.8327
 1-4 NB =       235.2221  1-4 EEL =      2641.7336  VDWAALS    =      -446.8198
 EELEC  =     -4881.2195  EGB     =     -1174.0572  RESTRAINT  =        25.2394
 EAMBER (non-restraint)  =     -2009.2922
 ESURF=        33.0996
 ------------------------------------------------------------------------------


 NSTEP =    95000   TIME(PS) =    1440.000  TEMP(K) =   302.93  PRESS =     0.0
 Etot   =     -1180.6798  EKtot   =       810.5664  EPtot      =     -1991.2462
 BOND   =       208.8371  ANGLE   =       579.0647  DIHED      =       827.1466
 1-4 NB =       227.9364  1-4 EEL =      2632.7395  VDWAALS    =      -456.8969
 EELEC  =     -4838.6837  EGB     =     -1225.3640  RESTRAINT  =        19.7684
 EAMBER (non-restraint)  =     -2011.0146
 ESURF=        34.2056
 ------------------------------------------------------------------------------


 NSTEP =   100000   TIME(PS) =    1450.000  TEMP(K) =   297.69  PRESS =     0.0
 Etot   =     -1200.3610  EKtot   =       796.5484  EPtot      =     -1996.9094
 BOND   =       201.8468  ANGLE   =       546.2910  DIHED      =       822.2516
 1-4 NB =       239.9000  1-4 EEL =      2663.9863  VDWAALS    =      -454.5988
 EELEC  =     -4881.8213  EGB     =     -1190.2269  RESTRAINT  =        20.6102
 EAMBER (non-restraint)  =     -2017.5196
 ESURF=        34.8516
 ------------------------------------------------------------------------------


 NSTEP =   105000   TIME(PS) =    1460.000  TEMP(K) =   293.52  PRESS =     0.0
 Etot   =     -1217.6132  EKtot   =       785.3768  EPtot      =     -2002.9900
 BOND   =       213.0765  ANGLE   =       543.8084  DIHED      =       838.4666
 1-4 NB =       226.3251  1-4 EEL =      2624.7866  VDWAALS    =      -462.3802
 EELEC  =     -4932.1384  EGB     =     -1106.8372  RESTRAINT  =        19.4898
 EAMBER (non-restraint)  =     -2022.4799
 ESURF=        32.4127
 ------------------------------------------------------------------------------


 NSTEP =   110000   TIME(PS) =    1470.000  TEMP(K) =   301.16  PRESS =     0.0
 Etot   =     -1204.3585  EKtot   =       805.8221  EPtot      =     -2010.1806
 BOND   =       214.4421  ANGLE   =       541.6492  DIHED      =       824.9537
 1-4 NB =       221.5306  1-4 EEL =      2613.6635  VDWAALS    =      -453.8518
 EELEC  =     -4879.4134  EGB     =     -1153.4297  RESTRAINT  =        26.1929
 EAMBER (non-restraint)  =     -2036.3735
 ESURF=        34.0822
 ------------------------------------------------------------------------------


 NSTEP =   115000   TIME(PS) =    1480.000  TEMP(K) =   300.55  PRESS =     0.0
 Etot   =     -1137.8936  EKtot   =       804.1866  EPtot      =     -1942.0802
 BOND   =       240.1888  ANGLE   =       563.9448  DIHED      =       830.4843
 1-4 NB =       226.1391  1-4 EEL =      2632.9969  VDWAALS    =      -434.4901
 EELEC  =     -4894.0361  EGB     =     -1166.4728  RESTRAINT  =        23.0760
 EAMBER (non-restraint)  =     -1965.1562
 ESURF=        36.0889
 ------------------------------------------------------------------------------


 NSTEP =   120000   TIME(PS) =    1490.000  TEMP(K) =   308.04  PRESS =     0.0
 Etot   =     -1149.8591  EKtot   =       824.2475  EPtot      =     -1974.1065
 BOND   =       233.0226  ANGLE   =       525.1836  DIHED      =       836.8149
 1-4 NB =       232.8289  1-4 EEL =      2632.5503  VDWAALS    =      -440.7838
 EELEC  =     -4819.6085  EGB     =     -1230.8420  RESTRAINT  =        22.5709
 EAMBER (non-restraint)  =     -1996.6774
 ESURF=        34.1566
 ------------------------------------------------------------------------------


 NSTEP =   125000   TIME(PS) =    1500.000  TEMP(K) =   298.49  PRESS =     0.0
 Etot   =     -1222.4926  EKtot   =       798.6978  EPtot      =     -2021.1904
 BOND   =       205.9424  ANGLE   =       538.8780  DIHED      =       817.7281
 1-4 NB =       230.5291  1-4 EEL =      2623.1811  VDWAALS    =      -455.0831
 EELEC  =     -4821.2912  EGB     =     -1220.7381  RESTRAINT  =        24.5546
 EAMBER (non-restraint)  =     -2045.7451
 ESURF=        35.1086
 ------------------------------------------------------------------------------


      A V E R A G E S   O V E R      25 S T E P S


 NSTEP =   125000   TIME(PS) =    1500.000  TEMP(K) =   301.18  PRESS =     0.0
 Etot   =     -1190.7116  EKtot   =       805.8920  EPtot      =     -1996.6036
 BOND   =       213.3594  ANGLE   =       548.0025  DIHED      =       823.1183
 1-4 NB =       230.5471  1-4 EEL =      2628.8396  VDWAALS    =      -449.1654
 EELEC  =     -4856.0343  EGB     =     -1191.6283  RESTRAINT  =        22.4088
 EAMBER (non-restraint)  =     -2019.0123
 ESURF=        33.9488
 ------------------------------------------------------------------------------


      R M S  F L U C T U A T I O N S


 NSTEP =   125000   TIME(PS) =    1500.000  TEMP(K) =     5.99  PRESS =     0.0
 Etot   =        26.6215  EKtot   =        16.0239  EPtot      =        25.3072
 BOND   =        15.8683  ANGLE   =        18.8762  DIHED      =         9.3178
 1-4 NB =         6.2344  1-4 EEL =        16.2171  VDWAALS    =         7.8675
 EELEC  =        55.7104  EGB     =        50.0468  RESTRAINT  =         2.1077
 EAMBER (non-restraint)  =        23.1994
 ESURF=         1.0348
 ------------------------------------------------------------------------------

--------------------------------------------------------------------------------
   5.  TIMINGS
--------------------------------------------------------------------------------

|  NonSetup CPU Time in Major Routines:
|
|     Routine           Sec        %
|     ------------------------------
|     Nonbond        6142.98   97.79
|     Bond              0.98    0.02
|     Angle            16.40    0.26
|     Dihedral         91.06    1.45
|     Shake             4.71    0.07
|     RunMD            25.39    0.40
|     Other             0.07    0.00
|     ------------------------------
|     Total          6281.58

|  Generalized Born CPU Time:
|
|     Routine                 Sec        %
|     ------------------------------------
|     Radii Calc           1450.10   23.08
|     Diagonal Calc        2685.60   42.75
|     Off Diagonal Calc    2000.71   31.85
|     GBSA LCPO Calc          0.10    0.00
|     ---------------------------------
|     Total                6136.40   97.69

|  Final Performance Info:
|     -----------------------------------------------------
|     Average timings for last       1 steps:
|     Elapsed(s) =       0.00 Per Step(ms) =       0.10
|         ns/day =    1661.48   seconds/ns =      52.00
|
|     Average timings for all steps:
|     Elapsed(s) =   55527.96 Per Step(ms) =     444.22
|         ns/day =       0.39   seconds/ns =  222111.85
|     -----------------------------------------------------

|  Setup CPU time:            0.01 seconds
|  NonSetup CPU time:      6281.58 seconds
|  Total CPU time:         6281.59 seconds     1.74 hours

|  Setup wall time:           1    seconds
|  NonSetup wall time:    55527    seconds
|  Total wall time:       55528    seconds    15.42 hours
