Salt Bridges Plugin, Version 1.0
Wed Apr 17 13:09:49 +0530 2024

Parameters used in the calculation of salt bridges:
- Atomselection: protein
- Update selections every frame: yes
- Initial frame: 0
- Frame step: 1
- Final frame: 499
- Oxygen-nitrogen cut-off: 3.2
- Center of mass cut-off: none
- Write a file for each salt bridge: yes

Searching for ion-pairs with oxygen-nitrogen distance within 3.2 Angstroms in the selected frames... Done.
Removing redundancies in the ion-pairs found... Done.
Extracting identification of each salt bridge... Done.
Found 8 salt bridges.

GLU29-ARG26
GLU2-LYS4
GLU2-LYS5
GLU12-ARG37
GLU29-LYS32
GLU10-ARG14
ASP39-LYS43
GLU11-ARG14

Printing distances over all frames for each salt-bridge... Done.
