Salt Bridges Plugin, Version 1.0
Wed Apr 17 13:13:05 +0530 2024

Parameters used in the calculation of salt bridges:
- Atomselection: protein
- Update selections every frame: yes
- Initial frame: 0
- Frame step: 1
- Final frame: 499
- Oxygen-nitrogen cut-off: 3.2
- Center of mass cut-off: none
- Write a file for each salt bridge: yes

Searching for ion-pairs with oxygen-nitrogen distance within 3.2 Angstroms in the selected frames... Done.
Removing redundancies in the ion-pairs found... Done.
Extracting identification of each salt bridge... Done.
Found 14 salt bridges.

GLU4-ARG62
GLU15-LYS11
ASP45-ARG46
ASP23-LYS2
GLU41-ARG43
GLU7-LYS2
ASP45-LYS24
ASP45-ARG43
GLU41-ARG46
GLU26-LYS24
GLU14-LYS17
GLU15-LYS18
ASP52-LYS53
GLU14-LYS18

Printing distances over all frames for each salt-bridge... Done.
