
          -------------------------------------------------------
          Amber 22 PMEMD                              2022
          -------------------------------------------------------

| PMEMD implementation of SANDER, Release 22

|  Compiled date/time: Thu Apr 14 23:36:37 2022
| Run on 12/23/2023 at 11:24:43

|   Executable path: pmemd
| Working directory: /home/arul/Reegina/MD_Sim/sample/1EKG_info
|          Hostname: Unknown
  [-O]verwriting output

File Assignments:
|   MDIN: eq2.in                                                                
|  MDOUT: eq2.out                                                               
| INPCRD: eq1.rst7                                                              
|   PARM: 1EKG.hmass.parm7                                                      
| RESTRT: eq2.rst7                                                              
|   REFC: eq1.rst7                                                              
|  MDVEL: mdvel                                                                 
|   MDEN: mden                                                                  
|  MDCRD: eq2.crd                                                               
| MDINFO: eq2.info                                                              
|  MDFRC: mdfrc                                                                 


 Here is the input file:

&cntrl                                                                         
   ntx = 5,                                                                    
   ntwx = 5000, ntwe = 0, ntwr = 500,                                          
   ntpr = 5000,                                                                
                                                                               
   ioutfm=0, ntxo=1,                                                           
                                                                               
   imin = 0, nstlim = 125000, dt = 0.002,                                      
                                                                               
   ntt = 3, gamma_ln=1., temp0 = 300.0,                                        
   nscm = 1000, ig = -1, irest = 1,                                            
                                                                               
   ntc= 2, ntf = 2, cut = 1000,                                                
                                                                               
   igb=8, gbsa=3, surften=0.007, ntb = 0,                                      
   saltcon=0.,                                                                 
                                                                               
   ntr=1, restraintmask="@CA,N,C,O",                                           
   restraint_wt=0.1,                                                           
 /                                                                             


Note: ig = -1. Setting random seed to   500361 based on wallclock time in 
      microseconds.
| irandom = 1, using AMBER's internal random number generator (default).
 
| Conditional Compilation Defines Used:
| PUBFFT
| BINTRAJ
| EMIL

| New format PARM file being parsed.
| Version =    1.000 Date = 12/04/23 Time = 16:32:10

| Note: 1-4 EEL scale factors are being read from the topology file.

| Note: 1-4 VDW scale factors are being read from the topology file.
| INFO:    Reading atomic numbers from topology file.
| Duplicated    0 dihedrals

| Duplicated    0 dihedrals

--------------------------------------------------------------------------------
   1.  RESOURCE   USE: 
--------------------------------------------------------------------------------

 NATOM  =    1853 NTYPES =      13 NBONH =     912 MBONA  =     963
 NTHETH =    2080 MTHETA =    1308 NPHIH =    4250 MPHIA  =    4107
 NHPARM =       0 NPARM  =       0 NNB   =   10263 NRES   =     119
 NBONA  =     963 NTHETA =    1308 NPHIA =    4107 NUMBND =      61
 NUMANG =     144 NPTRA  =     169 NATYP =      30 NPHB   =       0
 IFBOX  =       0 NMXRS  =      24 IFCAP =       0 NEXTRA =       0
 NCOPY  =       0

 Implicit solvent radii are ArgH and AspGluO modified Bondi2 radii (mbondi3)                                
 Replacing prmtop screening parameters with GBn2 (igb=8) values
--------------------------------------------------------------------------------
   2.  CONTROL  DATA  FOR  THE  RUN
--------------------------------------------------------------------------------

default_name                                                                    

General flags:
     imin    =       0, nmropt  =       0

Nature and format of input:
     ntx     =       5, irest   =       1, ntrx    =       1

Nature and format of output:
     ntxo    =       1, ntpr    =    5000, ntrx    =       1, ntwr    =     500
     iwrap   =       0, ntwx    =    5000, ntwv    =       0, ntwe    =       0
     ioutfm  =       0, ntwprt  =       0, idecomp =       0, rbornstat=      0

Potential function:
     ntf     =       2, ntb     =       0, igb     =       8, nsnb    =      25
     ipol    =       0, gbsa    =       3, iesp    =       0
     dielc   =   1.00000, cut     =1000.00000, intdiel =   1.00000
     saltcon =   0.00000, offset  =   0.19514, surften =   0.00700
     rdt     =   0.00000, rgbmax  =  25.00000  extdiel =  78.50000
     alpb  =        0
     gbalphaH  =   0.78844, gbbetaH   =   0.79870,  gbgammaH  =    0.43733
     gbalphaC  =   0.73376, gbbetaC   =   0.50638,  gbgammaC  =    0.20584
     gbalphaN  =   0.50336, gbbetaN   =   0.31683,  gbgammaN  =    0.19292
     gbalphaOS =   0.86781, gbbetaOS  =   0.87664,  gbgammaOS =    0.38788
     gbalphaP  =   1.00000, gbbetaP   =   0.80000,  gbgammaP  =    4.85000
     gb_alpha_hnu  =   0.53705, gb_beta_hnu   =   0.36286,  gb_gamma_hnu  =    0.11670
     gb_alpha_cnu  =   0.33167, gb_beta_cnu   =   0.19684,  gb_gamma_cnu  =    0.09342
     gb_alpha_nnu  =   0.68631, gb_beta_nnu   =   0.46319,  gb_gamma_nnu  =    0.13872
     gb_alpha_onu  =   0.60634, gb_beta_onu   =   0.46301,  gb_gamma_onu  =    0.14226
     gb_alpha_pnu  =   0.41836, gb_beta_pnu   =   0.29005,  gb_gamma_pnu  =    0.10642

Frozen or restrained atoms:
     ibelly  =       0, ntr     =       1
     restraint_wt =   0.10000

Molecular dynamics:
     nstlim  =    125000, nscm    =         0, nrespa  =         1
     t       =   0.00000, dt      =   0.00200, vlimit  =  20.00000

Langevin dynamics temperature regulation:
     ig      =  500361
     temp0   = 300.00000, tempi   =   0.00000, gamma_ln=   1.00000

SHAKE:
     ntc     =       2, jfastw  =       0
     tol     =   0.00001

| Intermolecular bonds treatment:
|     no_intermolecular_bonds =       1

| Energy averages sample interval:
|     ene_avg_sampling =    5000

    LOADING THE CONSTRAINED ATOMS AS GROUPS


   5.  REFERENCE ATOM COORDINATES

  default_name                                                                    
     Mask @CA,N,C,O; matches   476 atoms

--------------------------------------------------------------------------------
   3.  ATOMIC COORDINATES AND VELOCITIES
--------------------------------------------------------------------------------

default_name                                                                    
 begin time read from input coords =  1250.000 ps

 
 Number of triangulated 3-point waters found:        0
| Dynamic Memory, Types Used:
| Reals               64340
| Integers           222486

--------------------------------------------------------------------------------
   4.  RESULTS
--------------------------------------------------------------------------------


 NSTEP =     5000   TIME(PS) =    1260.000  TEMP(K) =   308.81  PRESS =     0.0
 Etot   =     -1014.1132  EKtot   =      1425.8568  EPtot      =     -2439.9701
 BOND   =       352.1980  ANGLE   =       902.1795  DIHED      =      1469.8326
 1-4 NB =       434.8400  1-4 EEL =      6183.0764  VDWAALS    =      -900.0703
 EELEC  =     -8262.4157  EGB     =     -2683.9020  RESTRAINT  =        18.3397
 EAMBER (non-restraint)  =     -2458.3098
 ESURF=        45.9517
 ------------------------------------------------------------------------------


 NSTEP =    10000   TIME(PS) =    1270.000  TEMP(K) =   292.01  PRESS =     0.0
 Etot   =      -992.7559  EKtot   =      1348.3024  EPtot      =     -2341.0584
 BOND   =       386.3859  ANGLE   =       988.1434  DIHED      =      1458.5467
 1-4 NB =       411.3096  1-4 EEL =      6198.4956  VDWAALS    =      -913.1236
 EELEC  =     -8282.8383  EGB     =     -2651.9298  RESTRAINT  =        17.7530
 EAMBER (non-restraint)  =     -2358.8114
 ESURF=        46.1990
 ------------------------------------------------------------------------------


 NSTEP =    15000   TIME(PS) =    1280.000  TEMP(K) =   300.50  PRESS =     0.0
 Etot   =     -1061.6983  EKtot   =      1387.4830  EPtot      =     -2449.1813
 BOND   =       383.1575  ANGLE   =       891.1721  DIHED      =      1441.6169
 1-4 NB =       433.2659  1-4 EEL =      6202.8523  VDWAALS    =      -883.7332
 EELEC  =     -8282.6712  EGB     =     -2692.3786  RESTRAINT  =        12.7340
 EAMBER (non-restraint)  =     -2461.9153
 ESURF=        44.8031
 ------------------------------------------------------------------------------


 NSTEP =    20000   TIME(PS) =    1290.000  TEMP(K) =   295.72  PRESS =     0.0
 Etot   =     -1077.2639  EKtot   =      1365.3889  EPtot      =     -2442.6528
 BOND   =       350.6773  ANGLE   =       934.3833  DIHED      =      1439.1157
 1-4 NB =       432.4575  1-4 EEL =      6249.3796  VDWAALS    =      -907.9044
 EELEC  =     -8275.8426  EGB     =     -2726.5555  RESTRAINT  =        17.1958
 EAMBER (non-restraint)  =     -2459.8486
 ESURF=        44.4404
 ------------------------------------------------------------------------------


 NSTEP =    25000   TIME(PS) =    1300.000  TEMP(K) =   306.94  PRESS =     0.0
 Etot   =      -993.4105  EKtot   =      1417.1956  EPtot      =     -2410.6062
 BOND   =       364.2726  ANGLE   =       902.4916  DIHED      =      1461.4726
 1-4 NB =       436.9074  1-4 EEL =      6271.6655  VDWAALS    =      -882.5677
 EELEC  =     -8313.1739  EGB     =     -2715.4373  RESTRAINT  =        18.2930
 EAMBER (non-restraint)  =     -2428.8992
 ESURF=        45.4700
 ------------------------------------------------------------------------------


 NSTEP =    30000   TIME(PS) =    1310.000  TEMP(K) =   305.10  PRESS =     0.0
 Etot   =     -1052.4111  EKtot   =      1408.7168  EPtot      =     -2461.1278
 BOND   =       372.4302  ANGLE   =       893.4815  DIHED      =      1474.2117
 1-4 NB =       414.1582  1-4 EEL =      6271.6836  VDWAALS    =      -910.2642
 EELEC  =     -8370.8954  EGB     =     -2663.5306  RESTRAINT  =        14.7608
 EAMBER (non-restraint)  =     -2475.8886
 ESURF=        42.8364
 ------------------------------------------------------------------------------


 NSTEP =    35000   TIME(PS) =    1320.000  TEMP(K) =   296.21  PRESS =     0.0
 Etot   =     -1117.5253  EKtot   =      1367.6869  EPtot      =     -2485.2122
 BOND   =       345.4149  ANGLE   =       895.2781  DIHED      =      1457.0394
 1-4 NB =       430.6810  1-4 EEL =      6281.0770  VDWAALS    =      -871.7355
 EELEC  =     -8543.6439  EGB     =     -2544.1844  RESTRAINT  =        18.2908
 EAMBER (non-restraint)  =     -2503.5030
 ESURF=        46.5703
 ------------------------------------------------------------------------------


 NSTEP =    40000   TIME(PS) =    1330.000  TEMP(K) =   293.43  PRESS =     0.0
 Etot   =     -1093.1440  EKtot   =      1354.8525  EPtot      =     -2447.9965
 BOND   =       367.5606  ANGLE   =       918.3658  DIHED      =      1441.2433
 1-4 NB =       430.1539  1-4 EEL =      6226.5478  VDWAALS    =      -855.0410
 EELEC  =     -8369.6590  EGB     =     -2669.3942  RESTRAINT  =        16.2555
 EAMBER (non-restraint)  =     -2464.2519
 ESURF=        45.9709
 ------------------------------------------------------------------------------


 NSTEP =    45000   TIME(PS) =    1340.000  TEMP(K) =   293.22  PRESS =     0.0
 Etot   =     -1120.9706  EKtot   =      1353.8773  EPtot      =     -2474.8479
 BOND   =       355.5089  ANGLE   =       884.5742  DIHED      =      1460.2027
 1-4 NB =       421.1670  1-4 EEL =      6258.7602  VDWAALS    =      -865.8394
 EELEC  =     -8485.0168  EGB     =     -2563.7491  RESTRAINT  =        14.8672
 EAMBER (non-restraint)  =     -2489.7151
 ESURF=        44.6772
 ------------------------------------------------------------------------------


 NSTEP =    50000   TIME(PS) =    1350.000  TEMP(K) =   304.05  PRESS =     0.0
 Etot   =     -1014.3968  EKtot   =      1403.8906  EPtot      =     -2418.2874
 BOND   =       379.2527  ANGLE   =       936.0752  DIHED      =      1454.2252
 1-4 NB =       420.5924  1-4 EEL =      6224.0121  VDWAALS    =      -900.5911
 EELEC  =     -8413.5387  EGB     =     -2580.0676  RESTRAINT  =        15.7588
 EAMBER (non-restraint)  =     -2434.0462
 ESURF=        45.9935
 ------------------------------------------------------------------------------


 NSTEP =    55000   TIME(PS) =    1360.000  TEMP(K) =   289.50  PRESS =     0.0
 Etot   =     -1062.4457  EKtot   =      1336.6939  EPtot      =     -2399.1396
 BOND   =       402.0096  ANGLE   =       921.2465  DIHED      =      1437.4848
 1-4 NB =       426.3800  1-4 EEL =      6276.8606  VDWAALS    =      -899.7399
 EELEC  =     -8458.8709  EGB     =     -2570.3019  RESTRAINT  =        18.8376
 EAMBER (non-restraint)  =     -2417.9773
 ESURF=        46.9538
 ------------------------------------------------------------------------------


 NSTEP =    60000   TIME(PS) =    1370.000  TEMP(K) =   295.31  PRESS =     0.0
 Etot   =     -1069.1769  EKtot   =      1363.5163  EPtot      =     -2432.6932
 BOND   =       364.8916  ANGLE   =       922.6850  DIHED      =      1455.5571
 1-4 NB =       436.5853  1-4 EEL =      6260.9914  VDWAALS    =      -897.9603
 EELEC  =     -8474.9610  EGB     =     -2564.1993  RESTRAINT  =        18.3825
 EAMBER (non-restraint)  =     -2451.0756
 ESURF=        45.3345
 ------------------------------------------------------------------------------


 NSTEP =    65000   TIME(PS) =    1380.000  TEMP(K) =   302.18  PRESS =     0.0
 Etot   =      -991.1444  EKtot   =      1395.2155  EPtot      =     -2386.3598
 BOND   =       409.5346  ANGLE   =       945.1177  DIHED      =      1441.7072
 1-4 NB =       414.4582  1-4 EEL =      6250.6479  VDWAALS    =      -879.4801
 EELEC  =     -8419.7924  EGB     =     -2615.6832  RESTRAINT  =        21.7988
 EAMBER (non-restraint)  =     -2408.1586
 ESURF=        45.3316
 ------------------------------------------------------------------------------


 NSTEP =    70000   TIME(PS) =    1390.000  TEMP(K) =   296.38  PRESS =     0.0
 Etot   =     -1078.4293  EKtot   =      1368.4367  EPtot      =     -2446.8661
 BOND   =       348.0529  ANGLE   =       920.8291  DIHED      =      1464.0399
 1-4 NB =       425.8192  1-4 EEL =      6281.9469  VDWAALS    =      -891.1159
 EELEC  =     -8560.1769  EGB     =     -2496.7570  RESTRAINT  =        16.2536
 EAMBER (non-restraint)  =     -2463.1197
 ESURF=        44.2421
 ------------------------------------------------------------------------------


 NSTEP =    75000   TIME(PS) =    1400.000  TEMP(K) =   306.51  PRESS =     0.0
 Etot   =     -1027.3729  EKtot   =      1415.2174  EPtot      =     -2442.5903
 BOND   =       357.4597  ANGLE   =       914.6463  DIHED      =      1479.5780
 1-4 NB =       424.4086  1-4 EEL =      6238.2751  VDWAALS    =      -901.6234
 EELEC  =     -8459.9609  EGB     =     -2556.8048  RESTRAINT  =        16.5464
 EAMBER (non-restraint)  =     -2459.1367
 ESURF=        44.8847
 ------------------------------------------------------------------------------


 NSTEP =    80000   TIME(PS) =    1410.000  TEMP(K) =   290.89  PRESS =     0.0
 Etot   =     -1082.7289  EKtot   =      1343.1312  EPtot      =     -2425.8601
 BOND   =       339.8448  ANGLE   =       921.9343  DIHED      =      1444.3984
 1-4 NB =       426.6500  1-4 EEL =      6260.4529  VDWAALS    =      -884.7507
 EELEC  =     -8378.2893  EGB     =     -2625.6668  RESTRAINT  =        21.8721
 EAMBER (non-restraint)  =     -2447.7322
 ESURF=        47.6942
 ------------------------------------------------------------------------------


 NSTEP =    85000   TIME(PS) =    1420.000  TEMP(K) =   293.86  PRESS =     0.0
 Etot   =     -1081.5314  EKtot   =      1356.8428  EPtot      =     -2438.3742
 BOND   =       349.8434  ANGLE   =       939.1511  DIHED      =      1437.3819
 1-4 NB =       444.7579  1-4 EEL =      6237.5053  VDWAALS    =      -892.0044
 EELEC  =     -8438.3137  EGB     =     -2579.8704  RESTRAINT  =        18.2466
 EAMBER (non-restraint)  =     -2456.6208
 ESURF=        44.9281
 ------------------------------------------------------------------------------


 NSTEP =    90000   TIME(PS) =    1430.000  TEMP(K) =   296.58  PRESS =     0.0
 Etot   =     -1028.9646  EKtot   =      1369.3885  EPtot      =     -2398.3531
 BOND   =       382.5881  ANGLE   =       982.8342  DIHED      =      1447.2012
 1-4 NB =       413.4924  1-4 EEL =      6205.7803  VDWAALS    =      -896.0349
 EELEC  =     -8351.1069  EGB     =     -2650.5312  RESTRAINT  =        20.5688
 EAMBER (non-restraint)  =     -2418.9219
 ESURF=        46.8549
 ------------------------------------------------------------------------------


 NSTEP =    95000   TIME(PS) =    1440.000  TEMP(K) =   304.04  PRESS =     0.0
 Etot   =     -1003.4137  EKtot   =      1403.8484  EPtot      =     -2407.2621
 BOND   =       357.6819  ANGLE   =       960.8224  DIHED      =      1467.3105
 1-4 NB =       431.4536  1-4 EEL =      6268.1153  VDWAALS    =      -895.8655
 EELEC  =     -8476.8238  EGB     =     -2580.3201  RESTRAINT  =        16.8137
 EAMBER (non-restraint)  =     -2424.0758
 ESURF=        43.5500
 ------------------------------------------------------------------------------


 NSTEP =   100000   TIME(PS) =    1450.000  TEMP(K) =   299.96  PRESS =     0.0
 Etot   =     -1027.7752  EKtot   =      1385.0058  EPtot      =     -2412.7810
 BOND   =       372.9176  ANGLE   =       926.0166  DIHED      =      1464.1330
 1-4 NB =       421.2061  1-4 EEL =      6218.4708  VDWAALS    =      -885.0990
 EELEC  =     -8386.9464  EGB     =     -2610.6390  RESTRAINT  =        21.8656
 EAMBER (non-restraint)  =     -2434.6466
 ESURF=        45.2936
 ------------------------------------------------------------------------------


 NSTEP =   105000   TIME(PS) =    1460.000  TEMP(K) =   307.25  PRESS =     0.0
 Etot   =     -1029.3050  EKtot   =      1418.6569  EPtot      =     -2447.9619
 BOND   =       366.1041  ANGLE   =       918.3567  DIHED      =      1449.5023
 1-4 NB =       414.6507  1-4 EEL =      6200.9784  VDWAALS    =      -910.6120
 EELEC  =     -8391.2761  EGB     =     -2559.8899  RESTRAINT  =        18.7199
 EAMBER (non-restraint)  =     -2466.6817
 ESURF=        45.5039
 ------------------------------------------------------------------------------


 NSTEP =   110000   TIME(PS) =    1470.000  TEMP(K) =   301.85  PRESS =     0.0
 Etot   =     -1068.3822  EKtot   =      1393.7188  EPtot      =     -2462.1010
 BOND   =       362.5508  ANGLE   =       883.9502  DIHED      =      1449.6710
 1-4 NB =       425.2788  1-4 EEL =      6262.5922  VDWAALS    =      -872.1545
 EELEC  =     -8439.8249  EGB     =     -2596.9573  RESTRAINT  =        17.0103
 EAMBER (non-restraint)  =     -2479.1113
 ESURF=        45.7826
 ------------------------------------------------------------------------------


 NSTEP =   115000   TIME(PS) =    1480.000  TEMP(K) =   305.34  PRESS =     0.0
 Etot   =      -995.0708  EKtot   =      1409.8430  EPtot      =     -2404.9138
 BOND   =       347.4526  ANGLE   =       952.9104  DIHED      =      1456.7641
 1-4 NB =       433.9778  1-4 EEL =      6259.1504  VDWAALS    =      -897.2241
 EELEC  =     -8481.9212  EGB     =     -2539.0201  RESTRAINT  =        18.7494
 EAMBER (non-restraint)  =     -2423.6633
 ESURF=        44.2468
 ------------------------------------------------------------------------------


 NSTEP =   120000   TIME(PS) =    1490.000  TEMP(K) =   298.10  PRESS =     0.0
 Etot   =     -1035.3153  EKtot   =      1376.4191  EPtot      =     -2411.7344
 BOND   =       358.2767  ANGLE   =       930.9041  DIHED      =      1477.9187
 1-4 NB =       426.0182  1-4 EEL =      6281.4920  VDWAALS    =      -899.0490
 EELEC  =     -8400.5090  EGB     =     -2651.7305  RESTRAINT  =        19.2053
 EAMBER (non-restraint)  =     -2430.9397
 ESURF=        45.7391
 ------------------------------------------------------------------------------


 NSTEP =   125000   TIME(PS) =    1500.000  TEMP(K) =   299.68  PRESS =     0.0
 Etot   =     -1049.5776  EKtot   =      1383.6841  EPtot      =     -2433.2617
 BOND   =       355.6823  ANGLE   =       928.7858  DIHED      =      1472.5249
 1-4 NB =       426.2154  1-4 EEL =      6215.4128  VDWAALS    =      -879.1235
 EELEC  =     -8412.8355  EGB     =     -2600.6812  RESTRAINT  =        16.0034
 EAMBER (non-restraint)  =     -2449.2651
 ESURF=        44.7540
 ------------------------------------------------------------------------------


      A V E R A G E S   O V E R      25 S T E P S


 NSTEP =   125000   TIME(PS) =    1500.000  TEMP(K) =   299.34  PRESS =     0.0
 Etot   =     -1046.7329  EKtot   =      1382.1148  EPtot      =     -2428.8477
 BOND   =       365.2700  ANGLE   =       924.6534  DIHED      =      1456.1072
 1-4 NB =       426.2754  1-4 EEL =      6243.4489  VDWAALS    =      -890.9083
 EELEC  =     -8405.2522  EGB     =     -2611.6073  RESTRAINT  =        17.8049
 EAMBER (non-restraint)  =     -2446.6526
 ESURF=        45.3603
 ------------------------------------------------------------------------------


      R M S  F L U C T U A T I O N S


 NSTEP =   125000   TIME(PS) =    1500.000  TEMP(K) =     5.56  PRESS =     0.0
 Etot   =        37.7306  EKtot   =        25.6630  EPtot      =        30.2699
 BOND   =        17.1181  ANGLE   =        26.7331  DIHED      =        12.7243
 1-4 NB =         8.3425  1-4 EEL =        29.5747  VDWAALS    =        14.4502
 EELEC  =        79.0362  EGB     =        58.3054  RESTRAINT  =         2.2099
 EAMBER (non-restraint)  =        28.0601
 ESURF=         1.0661
 ------------------------------------------------------------------------------

--------------------------------------------------------------------------------
   5.  TIMINGS
--------------------------------------------------------------------------------

|  NonSetup CPU Time in Major Routines:
|
|     Routine           Sec        %
|     ------------------------------
|     Nonbond       15652.68   98.62
|     Bond              1.48    0.01
|     Angle            24.99    0.16
|     Dihedral        147.07    0.93
|     Shake             6.65    0.04
|     RunMD            39.15    0.25
|     Other             0.06    0.00
|     ------------------------------
|     Total         15872.08

|  Generalized Born CPU Time:
|
|     Routine                 Sec        %
|     ------------------------------------
|     Radii Calc           3642.38   22.95
|     Diagonal Calc        6711.67   42.29
|     Off Diagonal Calc    5288.85   33.32
|     GBSA LCPO Calc          0.06    0.00
|     ---------------------------------
|     Total               15642.90   98.56

|  Final Performance Info:
|     -----------------------------------------------------
|     Average timings for last       1 steps:
|     Elapsed(s) =       0.00 Per Step(ms) =       0.10
|         ns/day =    1693.27   seconds/ns =      51.03
|
|     Average timings for all steps:
|     Elapsed(s) =   38795.74 Per Step(ms) =     310.37
|         ns/day =       0.56   seconds/ns =  155182.95
|     -----------------------------------------------------

|  Setup CPU time:            0.02 seconds
|  NonSetup CPU time:     15872.08 seconds
|  Total CPU time:        15872.11 seconds     4.41 hours

|  Setup wall time:           1    seconds
|  NonSetup wall time:    38795    seconds
|  Total wall time:       38796    seconds    10.78 hours
