
          -------------------------------------------------------
          Amber 22 PMEMD                              2022
          -------------------------------------------------------

| PMEMD implementation of SANDER, Release 22

|  Compiled date/time: Thu Apr 14 23:36:37 2022
| Run on 12/21/2023 at 13:02:53

|   Executable path: pmemd
| Working directory: /home/arul/Reegina/MD_Sim/sample/1EKG_info
|          Hostname: Unknown
  [-O]verwriting output

File Assignments:
|   MDIN: heat.in                                                               
|  MDOUT: heat.out                                                              
| INPCRD: min_1EKG.rst7                                                         
|   PARM: 1EKG.hmass.parm7                                                      
| RESTRT: heat.rst7                                                             
|   REFC: min_1EKG.rst7                                                         
|  MDVEL: mdvel                                                                 
|   MDEN: mden                                                                  
|  MDCRD: heat.crd                                                              
| MDINFO: heat.info                                                             
|  MDFRC: mdfrc                                                                 


 Here is the input file:

&cntrl                                                                         
   ntx = 1,                                                                    
   ntwx = 5000,                                                                
   ntwe = 0,                                                                   
   ntwr = 500,                                                                 
   ntpr = 5000,                                                                
   ioutfm=0,                                                                   
   ntxo=1,                                                                     
   imin = 0,                                                                   
   nstlim = 500000,                                                            
   dt = 0.002,                                                                 
   ntt = 3,                                                                    
   gamma_ln=1.,                                                                
   temp0 = 100.0,                                                              
   nscm = 1000,                                                                
   ig = -1,                                                                    
   ntc= 2,                                                                     
   ntf = 2,                                                                    
   cut = 1000,                                                                 
   igb=8,                                                                      
   gbsa=3,                                                                     
   surften=0.007,                                                              
   ntb = 0,                                                                    
   saltcon=0.,                                                                 
   ntr=1,                                                                      
   restraintmask="@CA,N,C,O",                                                  
   restraint_wt=10.0,                                                          
   nmropt=1,                                                                   
 &end                                                                          
 &wt                                                                           
   TYPE="TEMP0", istep1=0, istep2=500000,                                      
   value1=100., value2=300.,                                                   
 &end                                                                          
 &wt                                                                           
   TYPE="END",                                                                 
 &end                                                                          


Note: ig = -1. Setting random seed to   881218 based on wallclock time in 
      microseconds.
| irandom = 1, using AMBER's internal random number generator (default).
 
| Conditional Compilation Defines Used:
| PUBFFT
| BINTRAJ
| EMIL

| New format PARM file being parsed.
| Version =    1.000 Date = 12/04/23 Time = 16:32:10

| Note: 1-4 EEL scale factors are being read from the topology file.

| Note: 1-4 VDW scale factors are being read from the topology file.
| INFO:    Reading atomic numbers from topology file.
| Duplicated    0 dihedrals

| Duplicated    0 dihedrals

--------------------------------------------------------------------------------
   1.  RESOURCE   USE: 
--------------------------------------------------------------------------------

 NATOM  =    1853 NTYPES =      13 NBONH =     912 MBONA  =     963
 NTHETH =    2080 MTHETA =    1308 NPHIH =    4250 MPHIA  =    4107
 NHPARM =       0 NPARM  =       0 NNB   =   10263 NRES   =     119
 NBONA  =     963 NTHETA =    1308 NPHIA =    4107 NUMBND =      61
 NUMANG =     144 NPTRA  =     169 NATYP =      30 NPHB   =       0
 IFBOX  =       0 NMXRS  =      24 IFCAP =       0 NEXTRA =       0
 NCOPY  =       0

 Implicit solvent radii are ArgH and AspGluO modified Bondi2 radii (mbondi3)                                
 Replacing prmtop screening parameters with GBn2 (igb=8) values
--------------------------------------------------------------------------------
   2.  CONTROL  DATA  FOR  THE  RUN
--------------------------------------------------------------------------------

default_name                                                                    

General flags:
     imin    =       0, nmropt  =       1

Nature and format of input:
     ntx     =       1, irest   =       0, ntrx    =       1

Nature and format of output:
     ntxo    =       1, ntpr    =    5000, ntrx    =       1, ntwr    =     500
     iwrap   =       0, ntwx    =    5000, ntwv    =       0, ntwe    =       0
     ioutfm  =       0, ntwprt  =       0, idecomp =       0, rbornstat=      0

Potential function:
     ntf     =       2, ntb     =       0, igb     =       8, nsnb    =      25
     ipol    =       0, gbsa    =       3, iesp    =       0
     dielc   =   1.00000, cut     =1000.00000, intdiel =   1.00000
     saltcon =   0.00000, offset  =   0.19514, surften =   0.00700
     rdt     =   0.00000, rgbmax  =  25.00000  extdiel =  78.50000
     alpb  =        0
     gbalphaH  =   0.78844, gbbetaH   =   0.79870,  gbgammaH  =    0.43733
     gbalphaC  =   0.73376, gbbetaC   =   0.50638,  gbgammaC  =    0.20584
     gbalphaN  =   0.50336, gbbetaN   =   0.31683,  gbgammaN  =    0.19292
     gbalphaOS =   0.86781, gbbetaOS  =   0.87664,  gbgammaOS =    0.38788
     gbalphaP  =   1.00000, gbbetaP   =   0.80000,  gbgammaP  =    4.85000
     gb_alpha_hnu  =   0.53705, gb_beta_hnu   =   0.36286,  gb_gamma_hnu  =    0.11670
     gb_alpha_cnu  =   0.33167, gb_beta_cnu   =   0.19684,  gb_gamma_cnu  =    0.09342
     gb_alpha_nnu  =   0.68631, gb_beta_nnu   =   0.46319,  gb_gamma_nnu  =    0.13872
     gb_alpha_onu  =   0.60634, gb_beta_onu   =   0.46301,  gb_gamma_onu  =    0.14226
     gb_alpha_pnu  =   0.41836, gb_beta_pnu   =   0.29005,  gb_gamma_pnu  =    0.10642

Frozen or restrained atoms:
     ibelly  =       0, ntr     =       1
     restraint_wt =  10.00000

Molecular dynamics:
     nstlim  =    500000, nscm    =         0, nrespa  =         1
     t       =   0.00000, dt      =   0.00200, vlimit  =  20.00000

Langevin dynamics temperature regulation:
     ig      =  881218
     temp0   = 100.00000, tempi   =   0.00000, gamma_ln=   1.00000

SHAKE:
     ntc     =       2, jfastw  =       0
     tol     =   0.00001

NMR refinement options:
     iscale  =       0, noeskp  =       1, ipnlty  =       1, mxsub   =       1
     scalm   = 100.00000, pencut  =   0.10000, tausw   =   0.10000

| Intermolecular bonds treatment:
|     no_intermolecular_bonds =       1

| Energy averages sample interval:
|     ene_avg_sampling =    5000

    LOADING THE CONSTRAINED ATOMS AS GROUPS


   5.  REFERENCE ATOM COORDINATES

  default_name                                                                    
     Mask @CA,N,C,O; matches   476 atoms

--------------------------------------------------------------------------------
   3.  ATOMIC COORDINATES AND VELOCITIES
--------------------------------------------------------------------------------

default_name                                                                    
 begin time read from input coords =     0.000 ps



           Begin reading energy term weight changes/NMR restraints
 WEIGHT CHANGES:
 TEMP0         0 500000  100.000000  300.000000      0      0

 RESTRAINTS:
                          ** No restraint defined **

                  Done reading weight changes/NMR restraints


 
 Number of triangulated 3-point waters found:        0
| Dynamic Memory, Types Used:
| Reals               64362
| Integers           222544

--------------------------------------------------------------------------------
   4.  RESULTS
--------------------------------------------------------------------------------


 NSTEP =        0   TIME(PS) =       0.000  TEMP(K) =     0.00  PRESS =     0.0
 Etot   =     -3674.1914  EKtot   =         0.0000  EPtot      =     -3674.1914
 BOND   =        49.3963  ANGLE   =       226.9349  DIHED      =      1294.7009
 1-4 NB =       384.9168  1-4 EEL =      6228.5779  VDWAALS    =      -986.3394
 EELEC  =     -8132.1570  EGB     =     -2779.3630  RESTRAINT  =         0.0000
 ESURF=        39.1411
 ------------------------------------------------------------------------------

 NMR restraints: Bond =    0.000   Angle =     0.000   Torsion =     0.000
===============================================================================

 NSTEP =     5000   TIME(PS) =      10.000  TEMP(K) =   100.55  PRESS =     0.0
 Etot   =     -2819.8870  EKtot   =       464.2410  EPtot      =     -3284.1279
 BOND   =       150.7190  ANGLE   =       449.0667  DIHED      =      1338.7085
 1-4 NB =       400.6566  1-4 EEL =      6222.6093  VDWAALS    =      -975.3557
 EELEC  =     -8226.7190  EGB     =     -2724.0454  RESTRAINT  =        40.6835
 EAMBER (non-restraint)  =     -3324.8114
 ESURF=        39.5486
 ------------------------------------------------------------------------------

 NMR restraints: Bond =    0.000   Angle =     0.000   Torsion =     0.000
===============================================================================

 NSTEP =    10000   TIME(PS) =      20.000  TEMP(K) =   102.17  PRESS =     0.0
 Etot   =     -2798.7624  EKtot   =       471.7534  EPtot      =     -3270.5158
 BOND   =       172.2091  ANGLE   =       455.2520  DIHED      =      1339.0712
 1-4 NB =       391.9876  1-4 EEL =      6198.3484  VDWAALS    =      -972.2249
 EELEC  =     -8214.5984  EGB     =     -2720.8920  RESTRAINT  =        40.7670
 EAMBER (non-restraint)  =     -3311.2828
 ESURF=        39.5641
 ------------------------------------------------------------------------------

 NMR restraints: Bond =    0.000   Angle =     0.000   Torsion =     0.000
===============================================================================

 NSTEP =    15000   TIME(PS) =      30.000  TEMP(K) =   105.22  PRESS =     0.0
 Etot   =     -2758.9544  EKtot   =       485.8312  EPtot      =     -3244.7856
 BOND   =       161.3109  ANGLE   =       472.1978  DIHED      =      1339.9336
 1-4 NB =       401.1598  1-4 EEL =      6214.8760  VDWAALS    =      -966.8079
 EELEC  =     -8255.8441  EGB     =     -2697.8771  RESTRAINT  =        46.3020
 EAMBER (non-restraint)  =     -3291.0876
 ESURF=        39.9634
 ------------------------------------------------------------------------------

 NMR restraints: Bond =    0.000   Angle =     0.000   Torsion =     0.000
===============================================================================

 NSTEP =    20000   TIME(PS) =      40.000  TEMP(K) =   103.84  PRESS =     0.0
 Etot   =     -2782.1798  EKtot   =       479.4628  EPtot      =     -3261.6426
 BOND   =       166.3530  ANGLE   =       470.9869  DIHED      =      1336.8869
 1-4 NB =       401.8446  1-4 EEL =      6245.3479  VDWAALS    =      -978.0784
 EELEC  =     -8264.7630  EGB     =     -2717.4869  RESTRAINT  =        37.6695
 EAMBER (non-restraint)  =     -3299.3121
 ESURF=        39.5968
 ------------------------------------------------------------------------------

 NMR restraints: Bond =    0.000   Angle =     0.000   Torsion =     0.000
===============================================================================

 NSTEP =    25000   TIME(PS) =      50.000  TEMP(K) =   110.28  PRESS =     0.0
 Etot   =     -2740.3005  EKtot   =       509.2052  EPtot      =     -3249.5056
 BOND   =       176.8223  ANGLE   =       457.2343  DIHED      =      1342.3878
 1-4 NB =       402.1120  1-4 EEL =      6233.2609  VDWAALS    =      -964.6871
 EELEC  =     -8236.7690  EGB     =     -2742.3369  RESTRAINT  =        41.8961
 EAMBER (non-restraint)  =     -3291.4018
 ESURF=        40.5739
 ------------------------------------------------------------------------------

 NMR restraints: Bond =    0.000   Angle =     0.000   Torsion =     0.000
===============================================================================

 NSTEP =    30000   TIME(PS) =      60.000  TEMP(K) =   113.20  PRESS =     0.0
 Etot   =     -2727.4288  EKtot   =       522.6540  EPtot      =     -3250.0828
 BOND   =       164.3566  ANGLE   =       465.7207  DIHED      =      1347.2897
 1-4 NB =       398.0432  1-4 EEL =      6210.5960  VDWAALS    =      -969.4152
 EELEC  =     -8231.5952  EGB     =     -2718.1162  RESTRAINT  =        42.8738
 EAMBER (non-restraint)  =     -3292.9566
 ESURF=        40.1638
 ------------------------------------------------------------------------------

 NMR restraints: Bond =    0.000   Angle =     0.000   Torsion =     0.000
===============================================================================

 NSTEP =    35000   TIME(PS) =      70.000  TEMP(K) =   112.53  PRESS =     0.0
 Etot   =     -2726.3235  EKtot   =       519.6004  EPtot      =     -3245.9239
 BOND   =       163.5194  ANGLE   =       460.7966  DIHED      =      1347.1026
 1-4 NB =       400.9128  1-4 EEL =      6241.9311  VDWAALS    =      -980.0568
 EELEC  =     -8233.5128  EGB     =     -2730.0997  RESTRAINT  =        43.1249
 EAMBER (non-restraint)  =     -3289.0488
 ESURF=        40.3581
 ------------------------------------------------------------------------------

 NMR restraints: Bond =    0.000   Angle =     0.000   Torsion =     0.000
===============================================================================

 NSTEP =    40000   TIME(PS) =      80.000  TEMP(K) =   119.28  PRESS =     0.0
 Etot   =     -2691.4524  EKtot   =       550.7350  EPtot      =     -3242.1874
 BOND   =       163.5581  ANGLE   =       485.6754  DIHED      =      1347.7963
 1-4 NB =       395.6225  1-4 EEL =      6235.5965  VDWAALS    =      -971.3915
 EELEC  =     -8256.6351  EGB     =     -2722.3274  RESTRAINT  =        39.8408
 EAMBER (non-restraint)  =     -3282.0282
 ESURF=        40.0770
 ------------------------------------------------------------------------------

 NMR restraints: Bond =    0.000   Angle =     0.000   Torsion =     0.000
===============================================================================

 NSTEP =    45000   TIME(PS) =      90.000  TEMP(K) =   122.76  PRESS =     0.0
 Etot   =     -2648.7014  EKtot   =       566.7931  EPtot      =     -3215.4945
 BOND   =       163.3550  ANGLE   =       482.5382  DIHED      =      1358.9800
 1-4 NB =       406.3294  1-4 EEL =      6219.5474  VDWAALS    =      -963.5935
 EELEC  =     -8244.2135  EGB     =     -2725.2544  RESTRAINT  =        46.6442
 EAMBER (non-restraint)  =     -3262.1387
 ESURF=        40.1727
 ------------------------------------------------------------------------------

 NMR restraints: Bond =    0.000   Angle =     0.000   Torsion =     0.000
===============================================================================

 NSTEP =    50000   TIME(PS) =     100.000  TEMP(K) =   119.90  PRESS =     0.0
 Etot   =     -2653.9428  EKtot   =       553.5997  EPtot      =     -3207.5426
 BOND   =       170.2774  ANGLE   =       492.5949  DIHED      =      1337.3937
 1-4 NB =       398.3685  1-4 EEL =      6229.7107  VDWAALS    =      -976.3713
 EELEC  =     -8206.8199  EGB     =     -2739.5771  RESTRAINT  =        46.1912
 EAMBER (non-restraint)  =     -3253.7338
 ESURF=        40.6892
 ------------------------------------------------------------------------------

 NMR restraints: Bond =    0.000   Angle =     0.000   Torsion =     0.000
===============================================================================

 NSTEP =    55000   TIME(PS) =     110.000  TEMP(K) =   122.13  PRESS =     0.0
 Etot   =     -2613.6518  EKtot   =       563.9207  EPtot      =     -3177.5725
 BOND   =       171.3362  ANGLE   =       504.1937  DIHED      =      1359.4261
 1-4 NB =       403.9539  1-4 EEL =      6223.7337  VDWAALS    =      -971.4273
 EELEC  =     -8279.4504  EGB     =     -2677.2586  RESTRAINT  =        48.0029
 EAMBER (non-restraint)  =     -3225.5753
 ESURF=        39.9172
 ------------------------------------------------------------------------------

 NMR restraints: Bond =    0.000   Angle =     0.000   Torsion =     0.000
===============================================================================

 NSTEP =    60000   TIME(PS) =     120.000  TEMP(K) =   125.26  PRESS =     0.0
 Etot   =     -2612.3656  EKtot   =       578.3674  EPtot      =     -3190.7330
 BOND   =       177.8316  ANGLE   =       512.5553  DIHED      =      1346.7625
 1-4 NB =       392.5275  1-4 EEL =      6205.9131  VDWAALS    =      -976.0484
 EELEC  =     -8218.1603  EGB     =     -2719.8514  RESTRAINT  =        48.2411
 EAMBER (non-restraint)  =     -3238.9742
 ESURF=        39.4959
 ------------------------------------------------------------------------------

 NMR restraints: Bond =    0.000   Angle =     0.000   Torsion =     0.000
===============================================================================

 NSTEP =    65000   TIME(PS) =     130.000  TEMP(K) =   123.17  PRESS =     0.0
 Etot   =     -2611.5450  EKtot   =       568.7052  EPtot      =     -3180.2502
 BOND   =       180.0191  ANGLE   =       520.9755  DIHED      =      1355.2846
 1-4 NB =       399.0310  1-4 EEL =      6225.2500  VDWAALS    =      -963.0348
 EELEC  =     -8313.5112  EGB     =     -2668.0637  RESTRAINT  =        44.0565
 EAMBER (non-restraint)  =     -3224.3067
 ESURF=        39.7427
 ------------------------------------------------------------------------------

 NMR restraints: Bond =    0.000   Angle =     0.000   Torsion =     0.000
===============================================================================

 NSTEP =    70000   TIME(PS) =     140.000  TEMP(K) =   129.34  PRESS =     0.0
 Etot   =     -2560.2900  EKtot   =       597.2099  EPtot      =     -3157.4999
 BOND   =       194.3177  ANGLE   =       512.7832  DIHED      =      1352.1894
 1-4 NB =       398.8855  1-4 EEL =      6238.1391  VDWAALS    =      -965.9676
 EELEC  =     -8284.9778  EGB     =     -2691.8175  RESTRAINT  =        47.8398
 EAMBER (non-restraint)  =     -3205.3397
 ESURF=        41.1083
 ------------------------------------------------------------------------------

 NMR restraints: Bond =    0.000   Angle =     0.000   Torsion =     0.000
===============================================================================

 NSTEP =    75000   TIME(PS) =     150.000  TEMP(K) =   132.10  PRESS =     0.0
 Etot   =     -2572.9117  EKtot   =       609.9286  EPtot      =     -3182.8404
 BOND   =       177.3223  ANGLE   =       508.7573  DIHED      =      1355.9337
 1-4 NB =       401.8762  1-4 EEL =      6226.9007  VDWAALS    =      -958.2579
 EELEC  =     -8257.5008  EGB     =     -2727.9196  RESTRAINT  =        50.0471
 EAMBER (non-restraint)  =     -3232.8875
 ESURF=        40.0007
 ------------------------------------------------------------------------------

 NMR restraints: Bond =    0.000   Angle =     0.000   Torsion =     0.000
===============================================================================

 NSTEP =    80000   TIME(PS) =     160.000  TEMP(K) =   132.32  PRESS =     0.0
 Etot   =     -2531.7431  EKtot   =       610.9563  EPtot      =     -3142.6994
 BOND   =       194.1941  ANGLE   =       524.6609  DIHED      =      1365.4762
 1-4 NB =       396.5938  1-4 EEL =      6223.6941  VDWAALS    =      -965.9654
 EELEC  =     -8270.5297  EGB     =     -2699.8594  RESTRAINT  =        49.5835
 EAMBER (non-restraint)  =     -3192.2830
 ESURF=        39.4525
 ------------------------------------------------------------------------------

 NMR restraints: Bond =    0.000   Angle =     0.000   Torsion =     0.000
===============================================================================

 NSTEP =    85000   TIME(PS) =     170.000  TEMP(K) =   135.98  PRESS =     0.0
 Etot   =     -2517.8952  EKtot   =       627.8473  EPtot      =     -3145.7425
 BOND   =       191.3014  ANGLE   =       517.3752  DIHED      =      1355.9554
 1-4 NB =       410.9485  1-4 EEL =      6245.4091  VDWAALS    =      -969.3021
 EELEC  =     -8295.5367  EGB     =     -2695.7172  RESTRAINT  =        54.3529
 EAMBER (non-restraint)  =     -3200.0954
 ESURF=        39.4711
 ------------------------------------------------------------------------------

 NMR restraints: Bond =    0.000   Angle =     0.000   Torsion =     0.000
===============================================================================

 NSTEP =    90000   TIME(PS) =     180.000  TEMP(K) =   131.50  PRESS =     0.0
 Etot   =     -2526.6815  EKtot   =       607.1600  EPtot      =     -3133.8415
 BOND   =       187.3841  ANGLE   =       518.3494  DIHED      =      1360.9912
 1-4 NB =       412.9309  1-4 EEL =      6221.1033  VDWAALS    =      -958.7783
 EELEC  =     -8230.7151  EGB     =     -2735.7976  RESTRAINT  =        50.3225
 EAMBER (non-restraint)  =     -3184.1640
 ESURF=        40.3682
 ------------------------------------------------------------------------------

 NMR restraints: Bond =    0.000   Angle =     0.000   Torsion =     0.000
===============================================================================

 NSTEP =    95000   TIME(PS) =     190.000  TEMP(K) =   142.81  PRESS =     0.0
 Etot   =     -2484.1476  EKtot   =       659.4059  EPtot      =     -3143.5535
 BOND   =       186.6222  ANGLE   =       511.3499  DIHED      =      1363.6652
 1-4 NB =       410.1025  1-4 EEL =      6224.2476  VDWAALS    =      -967.2005
 EELEC  =     -8227.8751  EGB     =     -2737.9416  RESTRAINT  =        52.9518
 EAMBER (non-restraint)  =     -3196.5053
 ESURF=        40.5244
 ------------------------------------------------------------------------------

 NMR restraints: Bond =    0.000   Angle =     0.000   Torsion =     0.000
===============================================================================

 NSTEP =   100000   TIME(PS) =     200.000  TEMP(K) =   139.73  PRESS =     0.0
 Etot   =     -2478.4519  EKtot   =       645.1449  EPtot      =     -3123.5968
 BOND   =       177.4504  ANGLE   =       524.9862  DIHED      =      1369.7640
 1-4 NB =       418.7632  1-4 EEL =      6220.8240  VDWAALS    =      -958.6711
 EELEC  =     -8253.5990  EGB     =     -2710.9446  RESTRAINT  =        49.2800
 EAMBER (non-restraint)  =     -3172.8769
 ESURF=        38.5499
 ------------------------------------------------------------------------------

 NMR restraints: Bond =    0.000   Angle =     0.000   Torsion =     0.000
===============================================================================

 NSTEP =   105000   TIME(PS) =     210.000  TEMP(K) =   139.23  PRESS =     0.0
 Etot   =     -2450.2663  EKtot   =       642.8650  EPtot      =     -3093.1313
 BOND   =       199.8762  ANGLE   =       556.4121  DIHED      =      1353.3592
 1-4 NB =       408.3589  1-4 EEL =      6215.4146  VDWAALS    =      -953.2003
 EELEC  =     -8229.9696  EGB     =     -2733.5870  RESTRAINT  =        50.4473
 EAMBER (non-restraint)  =     -3143.5786
 ESURF=        39.7573
 ------------------------------------------------------------------------------

 NMR restraints: Bond =    0.000   Angle =     0.000   Torsion =     0.000
===============================================================================

 NSTEP =   110000   TIME(PS) =     220.000  TEMP(K) =   146.90  PRESS =     0.0
 Etot   =     -2441.1913  EKtot   =       678.2626  EPtot      =     -3119.4539
 BOND   =       182.3349  ANGLE   =       541.8103  DIHED      =      1365.9121
 1-4 NB =       422.5797  1-4 EEL =      6233.2891  VDWAALS    =      -971.7916
 EELEC  =     -8240.5149  EGB     =     -2734.9590  RESTRAINT  =        42.5086
 EAMBER (non-restraint)  =     -3161.9625
 ESURF=        39.3770
 ------------------------------------------------------------------------------

 NMR restraints: Bond =    0.000   Angle =     0.000   Torsion =     0.000
===============================================================================

 NSTEP =   115000   TIME(PS) =     230.000  TEMP(K) =   147.31  PRESS =     0.0
 Etot   =     -2407.3026  EKtot   =       680.1765  EPtot      =     -3087.4792
 BOND   =       194.8104  ANGLE   =       561.3982  DIHED      =      1372.9763
 1-4 NB =       407.3029  1-4 EEL =      6226.0612  VDWAALS    =      -964.7634
 EELEC  =     -8254.4652  EGB     =     -2719.4984  RESTRAINT  =        49.5748
 EAMBER (non-restraint)  =     -3137.0540
 ESURF=        39.1239
 ------------------------------------------------------------------------------

 NMR restraints: Bond =    0.000   Angle =     0.000   Torsion =     0.000
===============================================================================

 NSTEP =   120000   TIME(PS) =     240.000  TEMP(K) =   146.25  PRESS =     0.0
 Etot   =     -2421.5057  EKtot   =       675.2624  EPtot      =     -3096.7681
 BOND   =       184.6110  ANGLE   =       541.0030  DIHED      =      1368.4620
 1-4 NB =       421.8391  1-4 EEL =      6255.1462  VDWAALS    =      -955.7225
 EELEC  =     -8292.7499  EGB     =     -2716.1272  RESTRAINT  =        57.2572
 EAMBER (non-restraint)  =     -3154.0253
 ESURF=        39.5131
 ------------------------------------------------------------------------------

 NMR restraints: Bond =    0.000   Angle =     0.000   Torsion =     0.000
===============================================================================

 NSTEP =   125000   TIME(PS) =     250.000  TEMP(K) =   147.92  PRESS =     0.0
 Etot   =     -2403.5317  EKtot   =       682.9707  EPtot      =     -3086.5024
 BOND   =       195.6068  ANGLE   =       571.9732  DIHED      =      1369.2199
 1-4 NB =       406.0809  1-4 EEL =      6245.6095  VDWAALS    =      -969.8048
 EELEC  =     -8216.7710  EGB     =     -2782.2256  RESTRAINT  =        53.6114
 EAMBER (non-restraint)  =     -3140.1138
 ESURF=        40.1973
 ------------------------------------------------------------------------------

 NMR restraints: Bond =    0.000   Angle =     0.000   Torsion =     0.000
===============================================================================

 NSTEP =   130000   TIME(PS) =     260.000  TEMP(K) =   155.86  PRESS =     0.0
 Etot   =     -2323.8091  EKtot   =       719.6513  EPtot      =     -3043.4605
 BOND   =       204.4637  ANGLE   =       577.2633  DIHED      =      1368.2456
 1-4 NB =       410.4595  1-4 EEL =      6217.7079  VDWAALS    =      -961.8841
 EELEC  =     -8214.5999  EGB     =     -2739.3987  RESTRAINT  =        54.2222
 EAMBER (non-restraint)  =     -3097.6827
 ESURF=        40.0601
 ------------------------------------------------------------------------------

 NMR restraints: Bond =    0.000   Angle =     0.000   Torsion =     0.000
===============================================================================

 NSTEP =   135000   TIME(PS) =     270.000  TEMP(K) =   150.87  PRESS =     0.0
 Etot   =     -2355.4421  EKtot   =       696.6207  EPtot      =     -3052.0628
 BOND   =       216.2401  ANGLE   =       546.4517  DIHED      =      1383.3283
 1-4 NB =       411.8009  1-4 EEL =      6245.5560  VDWAALS    =      -949.5821
 EELEC  =     -8236.5499  EGB     =     -2769.6812  RESTRAINT  =        60.4770
 EAMBER (non-restraint)  =     -3112.5398
 ESURF=        39.8964
 ------------------------------------------------------------------------------

 NMR restraints: Bond =    0.000   Angle =     0.000   Torsion =     0.000
===============================================================================

 NSTEP =   140000   TIME(PS) =     280.000  TEMP(K) =   158.31  PRESS =     0.0
 Etot   =     -2315.4402  EKtot   =       730.9711  EPtot      =     -3046.4113
 BOND   =       204.4934  ANGLE   =       569.7961  DIHED      =      1369.3772
 1-4 NB =       417.4524  1-4 EEL =      6246.2205  VDWAALS    =      -950.9010
 EELEC  =     -8306.1854  EGB     =     -2694.7379  RESTRAINT  =        59.0941
 EAMBER (non-restraint)  =     -3105.5054
 ESURF=        38.9791
 ------------------------------------------------------------------------------

 NMR restraints: Bond =    0.000   Angle =     0.000   Torsion =     0.000
===============================================================================

 NSTEP =   145000   TIME(PS) =     290.000  TEMP(K) =   159.43  PRESS =     0.0
 Etot   =     -2328.5228  EKtot   =       736.1229  EPtot      =     -3064.6457
 BOND   =       196.8182  ANGLE   =       569.2402  DIHED      =      1390.9482
 1-4 NB =       407.7552  1-4 EEL =      6228.6489  VDWAALS    =      -954.7566
 EELEC  =     -8298.9533  EGB     =     -2698.7183  RESTRAINT  =        55.6437
 EAMBER (non-restraint)  =     -3120.2895
 ESURF=        38.7280
 ------------------------------------------------------------------------------

 NMR restraints: Bond =    0.000   Angle =     0.000   Torsion =     0.000
===============================================================================

 NSTEP =   150000   TIME(PS) =     300.000  TEMP(K) =   166.30  PRESS =     0.0
 Etot   =     -2257.5468  EKtot   =       767.8430  EPtot      =     -3025.3898
 BOND   =       209.3941  ANGLE   =       591.3496  DIHED      =      1381.2556
 1-4 NB =       420.3178  1-4 EEL =      6238.8891  VDWAALS    =      -948.7668
 EELEC  =     -8257.3573  EGB     =     -2753.3719  RESTRAINT  =        53.5751
 EAMBER (non-restraint)  =     -3078.9649
 ESURF=        39.3248
 ------------------------------------------------------------------------------

 NMR restraints: Bond =    0.000   Angle =     0.000   Torsion =     0.000
===============================================================================

 NSTEP =   155000   TIME(PS) =     310.000  TEMP(K) =   165.97  PRESS =     0.0
 Etot   =     -2233.8672  EKtot   =       766.3093  EPtot      =     -3000.1764
 BOND   =       191.6486  ANGLE   =       603.3758  DIHED      =      1375.8184
 1-4 NB =       429.1163  1-4 EEL =      6235.1213  VDWAALS    =      -962.4729
 EELEC  =     -8199.9456  EGB     =     -2775.5847  RESTRAINT  =        63.1907
 EAMBER (non-restraint)  =     -3063.3672
 ESURF=        39.5557
 ------------------------------------------------------------------------------

 NMR restraints: Bond =    0.000   Angle =     0.000   Torsion =     0.000
===============================================================================

 NSTEP =   160000   TIME(PS) =     320.000  TEMP(K) =   164.40  PRESS =     0.0
 Etot   =     -2244.2089  EKtot   =       759.0844  EPtot      =     -3003.2933
 BOND   =       226.1769  ANGLE   =       596.5337  DIHED      =      1374.2199
 1-4 NB =       412.9089  1-4 EEL =      6229.3552  VDWAALS    =      -958.9287
 EELEC  =     -8238.3459  EGB     =     -2744.8480  RESTRAINT  =        60.2965
 EAMBER (non-restraint)  =     -3063.5898
 ESURF=        39.3381
 ------------------------------------------------------------------------------

 NMR restraints: Bond =    0.000   Angle =     0.000   Torsion =     0.000
===============================================================================

 NSTEP =   165000   TIME(PS) =     330.000  TEMP(K) =   166.04  PRESS =     0.0
 Etot   =     -2237.3176  EKtot   =       766.6481  EPtot      =     -3003.9657
 BOND   =       227.1413  ANGLE   =       594.7172  DIHED      =      1382.3288
 1-4 NB =       416.0832  1-4 EEL =      6225.9628  VDWAALS    =      -949.6919
 EELEC  =     -8215.6685  EGB     =     -2780.8474  RESTRAINT  =        55.8875
 EAMBER (non-restraint)  =     -3059.8532
 ESURF=        40.1213
 ------------------------------------------------------------------------------

 NMR restraints: Bond =    0.000   Angle =     0.000   Torsion =     0.000
===============================================================================

 NSTEP =   170000   TIME(PS) =     340.000  TEMP(K) =   162.99  PRESS =     0.0
 Etot   =     -2234.9700  EKtot   =       752.5838  EPtot      =     -2987.5538
 BOND   =       217.6501  ANGLE   =       598.0567  DIHED      =      1385.8950
 1-4 NB =       422.1623  1-4 EEL =      6254.6301  VDWAALS    =      -959.2266
 EELEC  =     -8330.9861  EGB     =     -2676.6676  RESTRAINT  =        61.7774
 EAMBER (non-restraint)  =     -3049.3312
 ESURF=        39.1549
 ------------------------------------------------------------------------------

 NMR restraints: Bond =    0.000   Angle =     0.000   Torsion =     0.000
===============================================================================

 NSTEP =   175000   TIME(PS) =     350.000  TEMP(K) =   173.94  PRESS =     0.0
 Etot   =     -2147.2879  EKtot   =       803.1002  EPtot      =     -2950.3881
 BOND   =       232.0620  ANGLE   =       608.9441  DIHED      =      1389.7190
 1-4 NB =       428.2128  1-4 EEL =      6240.4471  VDWAALS    =      -956.0725
 EELEC  =     -8244.7122  EGB     =     -2759.5592  RESTRAINT  =        70.2728
 EAMBER (non-restraint)  =     -3020.6609
 ESURF=        40.2980
 ------------------------------------------------------------------------------

 NMR restraints: Bond =    0.000   Angle =     0.000   Torsion =     0.000
===============================================================================

 NSTEP =   180000   TIME(PS) =     360.000  TEMP(K) =   173.52  PRESS =     0.0
 Etot   =     -2179.2141  EKtot   =       801.1884  EPtot      =     -2980.4025
 BOND   =       212.0828  ANGLE   =       609.7992  DIHED      =      1385.0080
 1-4 NB =       412.6932  1-4 EEL =      6227.1719  VDWAALS    =      -950.1609
 EELEC  =     -8197.1893  EGB     =     -2781.3438  RESTRAINT  =        59.9787
 EAMBER (non-restraint)  =     -3040.3812
 ESURF=        41.5577
 ------------------------------------------------------------------------------

 NMR restraints: Bond =    0.000   Angle =     0.000   Torsion =     0.000
===============================================================================

 NSTEP =   185000   TIME(PS) =     370.000  TEMP(K) =   171.35  PRESS =     0.0
 Etot   =     -2156.2677  EKtot   =       791.1845  EPtot      =     -2947.4522
 BOND   =       220.6614  ANGLE   =       632.3890  DIHED      =      1385.9908
 1-4 NB =       415.3338  1-4 EEL =      6237.9313  VDWAALS    =      -934.5696
 EELEC  =     -8310.7533  EGB     =     -2699.7451  RESTRAINT  =        65.1559
 EAMBER (non-restraint)  =     -3012.6081
 ESURF=        40.1537
 ------------------------------------------------------------------------------

 NMR restraints: Bond =    0.000   Angle =     0.000   Torsion =     0.000
===============================================================================

 NSTEP =   190000   TIME(PS) =     380.000  TEMP(K) =   172.19  PRESS =     0.0
 Etot   =     -2206.3159  EKtot   =       795.0417  EPtot      =     -3001.3575
 BOND   =       208.1715  ANGLE   =       592.3311  DIHED      =      1394.7899
 1-4 NB =       412.8461  1-4 EEL =      6233.0419  VDWAALS    =      -938.0336
 EELEC  =     -8269.4873  EGB     =     -2732.7402  RESTRAINT  =        57.3506
 EAMBER (non-restraint)  =     -3058.7082
 ESURF=        40.3724
 ------------------------------------------------------------------------------

 NMR restraints: Bond =    0.000   Angle =     0.000   Torsion =     0.000
===============================================================================

 NSTEP =   195000   TIME(PS) =     390.000  TEMP(K) =   179.30  PRESS =     0.0
 Etot   =     -2106.1061  EKtot   =       827.8620  EPtot      =     -2933.9681
 BOND   =       238.7035  ANGLE   =       632.2331  DIHED      =      1374.6727
 1-4 NB =       416.1848  1-4 EEL =      6254.0608  VDWAALS    =      -942.0977
 EELEC  =     -8251.5817  EGB     =     -2758.0402  RESTRAINT  =        61.3251
 EAMBER (non-restraint)  =     -2995.2933
 ESURF=        40.5714
 ------------------------------------------------------------------------------

 NMR restraints: Bond =    0.000   Angle =     0.000   Torsion =     0.000
===============================================================================

 NSTEP =   200000   TIME(PS) =     400.000  TEMP(K) =   179.81  PRESS =     0.0
 Etot   =     -2125.3453  EKtot   =       830.2155  EPtot      =     -2955.5608
 BOND   =       215.8931  ANGLE   =       611.0899  DIHED      =      1396.0304
 1-4 NB =       423.9642  1-4 EEL =      6243.2547  VDWAALS    =      -930.1952
 EELEC  =     -8305.9470  EGB     =     -2709.8244  RESTRAINT  =        59.3119
 EAMBER (non-restraint)  =     -3014.8727
 ESURF=        40.8615
 ------------------------------------------------------------------------------

 NMR restraints: Bond =    0.000   Angle =     0.000   Torsion =     0.000
===============================================================================

 NSTEP =   205000   TIME(PS) =     410.000  TEMP(K) =   180.77  PRESS =     0.0
 Etot   =     -2108.4112  EKtot   =       834.6699  EPtot      =     -2943.0811
 BOND   =       219.4254  ANGLE   =       627.7235  DIHED      =      1395.6043
 1-4 NB =       418.2894  1-4 EEL =      6224.7296  VDWAALS    =      -948.1056
 EELEC  =     -8223.0065  EGB     =     -2752.5391  RESTRAINT  =        54.0269
 EAMBER (non-restraint)  =     -2997.1080
 ESURF=        40.7710
 ------------------------------------------------------------------------------

 NMR restraints: Bond =    0.000   Angle =     0.000   Torsion =     0.000
===============================================================================

 NSTEP =   210000   TIME(PS) =     420.000  TEMP(K) =   185.73  PRESS =     0.0
 Etot   =     -2060.8870  EKtot   =       857.5395  EPtot      =     -2918.4265
 BOND   =       250.4526  ANGLE   =       642.4676  DIHED      =      1388.8088
 1-4 NB =       412.8425  1-4 EEL =      6229.0059  VDWAALS    =      -939.4626
 EELEC  =     -8174.9841  EGB     =     -2827.6059  RESTRAINT  =        57.9558
 EAMBER (non-restraint)  =     -2976.3823
 ESURF=        42.0929
 ------------------------------------------------------------------------------

 NMR restraints: Bond =    0.000   Angle =     0.000   Torsion =     0.000
===============================================================================

 NSTEP =   215000   TIME(PS) =     430.000  TEMP(K) =   186.29  PRESS =     0.0
 Etot   =     -2055.1963  EKtot   =       860.1627  EPtot      =     -2915.3590
 BOND   =       245.6345  ANGLE   =       653.2014  DIHED      =      1381.6600
 1-4 NB =       411.5957  1-4 EEL =      6226.7708  VDWAALS    =      -946.6220
 EELEC  =     -8184.2801  EGB     =     -2802.9430  RESTRAINT  =        58.6147
 EAMBER (non-restraint)  =     -2973.9737
 ESURF=        41.0089
 ------------------------------------------------------------------------------

 NMR restraints: Bond =    0.000   Angle =     0.000   Torsion =     0.000
===============================================================================

 NSTEP =   220000   TIME(PS) =     440.000  TEMP(K) =   184.95  PRESS =     0.0
 Etot   =     -2036.6762  EKtot   =       853.9733  EPtot      =     -2890.6495
 BOND   =       239.1117  ANGLE   =       634.2666  DIHED      =      1401.2052
 1-4 NB =       416.3478  1-4 EEL =      6237.8778  VDWAALS    =      -938.3459
 EELEC  =     -8213.7720  EGB     =     -2779.7392  RESTRAINT  =        71.5760
 EAMBER (non-restraint)  =     -2962.2256
 ESURF=        40.8225
 ------------------------------------------------------------------------------

 NMR restraints: Bond =    0.000   Angle =     0.000   Torsion =     0.000
===============================================================================

 NSTEP =   225000   TIME(PS) =     450.000  TEMP(K) =   192.26  PRESS =     0.0
 Etot   =     -2009.6800  EKtot   =       887.7144  EPtot      =     -2897.3944
 BOND   =       242.0737  ANGLE   =       654.9626  DIHED      =      1403.4213
 1-4 NB =       417.5255  1-4 EEL =      6226.8834  VDWAALS    =      -954.1907
 EELEC  =     -8281.2704  EGB     =     -2711.5197  RESTRAINT  =        64.4087
 EAMBER (non-restraint)  =     -2961.8031
 ESURF=        40.3113
 ------------------------------------------------------------------------------

 NMR restraints: Bond =    0.000   Angle =     0.000   Torsion =     0.000
===============================================================================

 NSTEP =   230000   TIME(PS) =     460.000  TEMP(K) =   188.31  PRESS =     0.0
 Etot   =     -2012.2646  EKtot   =       869.4680  EPtot      =     -2881.7327
 BOND   =       274.4778  ANGLE   =       648.3368  DIHED      =      1401.9129
 1-4 NB =       404.9960  1-4 EEL =      6213.6756  VDWAALS    =      -946.4433
 EELEC  =     -8203.0147  EGB     =     -2787.3329  RESTRAINT  =        70.7769
 EAMBER (non-restraint)  =     -2952.5095
 ESURF=        40.8822
 ------------------------------------------------------------------------------

 NMR restraints: Bond =    0.000   Angle =     0.000   Torsion =     0.000
===============================================================================

 NSTEP =   235000   TIME(PS) =     470.000  TEMP(K) =   191.54  PRESS =     0.0
 Etot   =     -1984.2674  EKtot   =       884.3631  EPtot      =     -2868.6305
 BOND   =       262.3002  ANGLE   =       649.0451  DIHED      =      1386.6543
 1-4 NB =       421.6428  1-4 EEL =      6240.1230  VDWAALS    =      -946.3560
 EELEC  =     -8244.5285  EGB     =     -2741.6212  RESTRAINT  =        64.0098
 EAMBER (non-restraint)  =     -2932.6403
 ESURF=        40.1000
 ------------------------------------------------------------------------------

 NMR restraints: Bond =    0.000   Angle =     0.000   Torsion =     0.000
===============================================================================

 NSTEP =   240000   TIME(PS) =     480.000  TEMP(K) =   187.83  PRESS =     0.0
 Etot   =     -1999.8002  EKtot   =       867.2660  EPtot      =     -2867.0661
 BOND   =       245.0102  ANGLE   =       658.7962  DIHED      =      1405.0566
 1-4 NB =       413.7680  1-4 EEL =      6237.1165  VDWAALS    =      -958.8245
 EELEC  =     -8213.3154  EGB     =     -2755.5852  RESTRAINT  =        60.5030
 EAMBER (non-restraint)  =     -2927.5692
 ESURF=        40.4084
 ------------------------------------------------------------------------------

 NMR restraints: Bond =    0.000   Angle =     0.000   Torsion =     0.000
===============================================================================

 NSTEP =   245000   TIME(PS) =     490.000  TEMP(K) =   197.37  PRESS =     0.0
 Etot   =     -1942.4305  EKtot   =       911.2889  EPtot      =     -2853.7194
 BOND   =       253.5428  ANGLE   =       669.7135  DIHED      =      1388.3838
 1-4 NB =       424.9538  1-4 EEL =      6215.4117  VDWAALS    =      -942.3650
 EELEC  =     -8229.6782  EGB     =     -2747.0918  RESTRAINT  =        73.2616
 EAMBER (non-restraint)  =     -2926.9810
 ESURF=        40.1484
 ------------------------------------------------------------------------------

 NMR restraints: Bond =    0.000   Angle =     0.000   Torsion =     0.000
===============================================================================

 NSTEP =   250000   TIME(PS) =     500.000  TEMP(K) =   200.73  PRESS =     0.0
 Etot   =     -1916.3439  EKtot   =       926.8305  EPtot      =     -2843.1744
 BOND   =       255.3367  ANGLE   =       658.6977  DIHED      =      1404.7137
 1-4 NB =       418.1422  1-4 EEL =      6199.8990  VDWAALS    =      -945.6569
 EELEC  =     -8180.8367  EGB     =     -2768.0641  RESTRAINT  =        74.6962
 EAMBER (non-restraint)  =     -2917.8706
 ESURF=        39.8977
 ------------------------------------------------------------------------------

 NMR restraints: Bond =    0.000   Angle =     0.000   Torsion =     0.000
===============================================================================

 NSTEP =   255000   TIME(PS) =     510.000  TEMP(K) =   208.06  PRESS =     0.0
 Etot   =     -1841.3665  EKtot   =       960.6685  EPtot      =     -2802.0351
 BOND   =       258.2325  ANGLE   =       705.8120  DIHED      =      1404.6613
 1-4 NB =       431.5324  1-4 EEL =      6251.4226  VDWAALS    =      -938.2581
 EELEC  =     -8265.5583  EGB     =     -2757.4703  RESTRAINT  =        66.8949
 EAMBER (non-restraint)  =     -2868.9299
 ESURF=        40.6959
 ------------------------------------------------------------------------------

 NMR restraints: Bond =    0.000   Angle =     0.000   Torsion =     0.000
===============================================================================

 NSTEP =   260000   TIME(PS) =     520.000  TEMP(K) =   199.71  PRESS =     0.0
 Etot   =     -1959.4654  EKtot   =       922.1253  EPtot      =     -2881.5907
 BOND   =       245.2754  ANGLE   =       685.6589  DIHED      =      1397.9511
 1-4 NB =       414.2781  1-4 EEL =      6232.1921  VDWAALS    =      -963.4101
 EELEC  =     -8257.6955  EGB     =     -2741.9066  RESTRAINT  =        65.9194
 EAMBER (non-restraint)  =     -2947.5101
 ESURF=        40.1465
 ------------------------------------------------------------------------------

 NMR restraints: Bond =    0.000   Angle =     0.000   Torsion =     0.000
===============================================================================

 NSTEP =   265000   TIME(PS) =     530.000  TEMP(K) =   204.57  PRESS =     0.0
 Etot   =     -1887.2465  EKtot   =       944.5415  EPtot      =     -2831.7880
 BOND   =       265.6368  ANGLE   =       675.3082  DIHED      =      1391.5818
 1-4 NB =       426.4962  1-4 EEL =      6230.6741  VDWAALS    =      -933.8974
 EELEC  =     -8268.8610  EGB     =     -2731.2992  RESTRAINT  =        72.0806
 EAMBER (non-restraint)  =     -2903.8686
 ESURF=        40.4919
 ------------------------------------------------------------------------------

 NMR restraints: Bond =    0.000   Angle =     0.000   Torsion =     0.000
===============================================================================

 NSTEP =   270000   TIME(PS) =     540.000  TEMP(K) =   203.83  PRESS =     0.0
 Etot   =     -1869.6331  EKtot   =       941.1341  EPtot      =     -2810.7672
 BOND   =       246.9828  ANGLE   =       725.9228  DIHED      =      1402.2872
 1-4 NB =       417.6365  1-4 EEL =      6221.6633  VDWAALS    =      -935.3115
 EELEC  =     -8261.3798  EGB     =     -2737.2371  RESTRAINT  =        68.1555
 EAMBER (non-restraint)  =     -2878.9226
 ESURF=        40.5132
 ------------------------------------------------------------------------------

 NMR restraints: Bond =    0.000   Angle =     0.000   Torsion =     0.000
===============================================================================

 NSTEP =   275000   TIME(PS) =     550.000  TEMP(K) =   213.57  PRESS =     0.0
 Etot   =     -1829.9991  EKtot   =       986.1084  EPtot      =     -2816.1075
 BOND   =       252.6301  ANGLE   =       679.3526  DIHED      =      1406.1628
 1-4 NB =       422.9926  1-4 EEL =      6221.6608  VDWAALS    =      -939.3134
 EELEC  =     -8253.5339  EGB     =     -2722.8681  RESTRAINT  =        75.7429
 EAMBER (non-restraint)  =     -2891.8503
 ESURF=        41.0662
 ------------------------------------------------------------------------------

 NMR restraints: Bond =    0.000   Angle =     0.000   Torsion =     0.000
===============================================================================

 NSTEP =   280000   TIME(PS) =     560.000  TEMP(K) =   210.21  PRESS =     0.0
 Etot   =     -1835.8217  EKtot   =       970.6040  EPtot      =     -2806.4257
 BOND   =       274.8571  ANGLE   =       689.0144  DIHED      =      1418.1617
 1-4 NB =       406.4995  1-4 EEL =      6219.3852  VDWAALS    =      -932.8902
 EELEC  =     -8272.3026  EGB     =     -2720.5010  RESTRAINT  =        70.0225
 EAMBER (non-restraint)  =     -2876.4482
 ESURF=        41.3276
 ------------------------------------------------------------------------------

 NMR restraints: Bond =    0.000   Angle =     0.000   Torsion =     0.000
===============================================================================

 NSTEP =   285000   TIME(PS) =     570.000  TEMP(K) =   217.99  PRESS =     0.0
 Etot   =     -1777.4946  EKtot   =      1006.5212  EPtot      =     -2784.0158
 BOND   =       258.6402  ANGLE   =       706.0812  DIHED      =      1401.7928
 1-4 NB =       418.0238  1-4 EEL =      6258.0724  VDWAALS    =      -933.2345
 EELEC  =     -8339.7783  EGB     =     -2666.7478  RESTRAINT  =        73.1223
 EAMBER (non-restraint)  =     -2857.1381
 ESURF=        40.0120
 ------------------------------------------------------------------------------

 NMR restraints: Bond =    0.000   Angle =     0.000   Torsion =     0.000
===============================================================================

 NSTEP =   290000   TIME(PS) =     580.000  TEMP(K) =   215.26  PRESS =     0.0
 Etot   =     -1804.6818  EKtot   =       993.9061  EPtot      =     -2798.5878
 BOND   =       281.7816  ANGLE   =       705.7546  DIHED      =      1415.7129
 1-4 NB =       418.0836  1-4 EEL =      6187.8130  VDWAALS    =      -934.7562
 EELEC  =     -8358.8196  EGB     =     -2622.1121  RESTRAINT  =        67.7996
 EAMBER (non-restraint)  =     -2866.3874
 ESURF=        40.1547
 ------------------------------------------------------------------------------

 NMR restraints: Bond =    0.000   Angle =     0.000   Torsion =     0.000
===============================================================================

 NSTEP =   295000   TIME(PS) =     590.000  TEMP(K) =   215.98  PRESS =     0.0
 Etot   =     -1732.8080  EKtot   =       997.2157  EPtot      =     -2730.0236
 BOND   =       281.7257  ANGLE   =       728.6714  DIHED      =      1423.4034
 1-4 NB =       417.8443  1-4 EEL =      6235.1680  VDWAALS    =      -945.7668
 EELEC  =     -8281.3543  EGB     =     -2709.9873  RESTRAINT  =        79.5796
 EAMBER (non-restraint)  =     -2809.6032
 ESURF=        40.6925
 ------------------------------------------------------------------------------

 NMR restraints: Bond =    0.000   Angle =     0.000   Torsion =     0.000
===============================================================================

 NSTEP =   300000   TIME(PS) =     600.000  TEMP(K) =   217.33  PRESS =     0.0
 Etot   =     -1737.6052  EKtot   =      1003.4766  EPtot      =     -2741.0818
 BOND   =       289.3362  ANGLE   =       721.7153  DIHED      =      1421.3879
 1-4 NB =       422.5743  1-4 EEL =      6228.1416  VDWAALS    =      -936.2959
 EELEC  =     -8341.1082  EGB     =     -2658.7597  RESTRAINT  =        71.3928
 EAMBER (non-restraint)  =     -2812.4746
 ESURF=        40.5339
 ------------------------------------------------------------------------------

 NMR restraints: Bond =    0.000   Angle =     0.000   Torsion =     0.000
===============================================================================

 NSTEP =   305000   TIME(PS) =     610.000  TEMP(K) =   215.09  PRESS =     0.0
 Etot   =     -1727.2390  EKtot   =       993.1368  EPtot      =     -2720.3757
 BOND   =       272.7345  ANGLE   =       771.1710  DIHED      =      1423.1817
 1-4 NB =       424.6455  1-4 EEL =      6262.9331  VDWAALS    =      -932.8420
 EELEC  =     -8464.1432  EGB     =     -2590.8369  RESTRAINT  =        73.1785
 EAMBER (non-restraint)  =     -2793.5543
 ESURF=        39.6021
 ------------------------------------------------------------------------------

 NMR restraints: Bond =    0.000   Angle =     0.000   Torsion =     0.000
===============================================================================

 NSTEP =   310000   TIME(PS) =     620.000  TEMP(K) =   217.68  PRESS =     0.0
 Etot   =     -1757.5379  EKtot   =      1005.0863  EPtot      =     -2762.6242
 BOND   =       267.3583  ANGLE   =       717.3683  DIHED      =      1418.9689
 1-4 NB =       433.6249  1-4 EEL =      6220.9331  VDWAALS    =      -936.0577
 EELEC  =     -8347.5069  EGB     =     -2650.3613  RESTRAINT  =        73.0940
 EAMBER (non-restraint)  =     -2835.7182
 ESURF=        39.9542
 ------------------------------------------------------------------------------

 NMR restraints: Bond =    0.000   Angle =     0.000   Torsion =     0.000
===============================================================================

 NSTEP =   315000   TIME(PS) =     630.000  TEMP(K) =   220.43  PRESS =     0.0
 Etot   =     -1706.2438  EKtot   =      1017.7615  EPtot      =     -2724.0053
 BOND   =       269.6565  ANGLE   =       734.3864  DIHED      =      1415.6971
 1-4 NB =       430.6251  1-4 EEL =      6219.3212  VDWAALS    =      -939.1749
 EELEC  =     -8327.3003  EGB     =     -2648.8476  RESTRAINT  =        80.6532
 EAMBER (non-restraint)  =     -2804.6585
 ESURF=        40.9781
 ------------------------------------------------------------------------------

 NMR restraints: Bond =    0.000   Angle =     0.000   Torsion =     0.000
===============================================================================

 NSTEP =   320000   TIME(PS) =     640.000  TEMP(K) =   220.98  PRESS =     0.0
 Etot   =     -1647.6719  EKtot   =      1020.3284  EPtot      =     -2668.0004
 BOND   =       260.7524  ANGLE   =       795.5772  DIHED      =      1422.1764
 1-4 NB =       432.9449  1-4 EEL =      6251.2731  VDWAALS    =      -932.2019
 EELEC  =     -8434.5199  EGB     =     -2576.9877  RESTRAINT  =        71.4166
 EAMBER (non-restraint)  =     -2739.4170
 ESURF=        41.5686
 ------------------------------------------------------------------------------

 NMR restraints: Bond =    0.000   Angle =     0.000   Torsion =     0.000
===============================================================================

 NSTEP =   325000   TIME(PS) =     650.000  TEMP(K) =   236.42  PRESS =     0.0
 Etot   =     -1662.0045  EKtot   =      1091.6286  EPtot      =     -2753.6330
 BOND   =       277.0945  ANGLE   =       734.6467  DIHED      =      1408.3903
 1-4 NB =       422.9951  1-4 EEL =      6235.4275  VDWAALS    =      -946.2025
 EELEC  =     -8453.7119  EGB     =     -2546.5086  RESTRAINT  =        75.0823
 EAMBER (non-restraint)  =     -2828.7153
 ESURF=        39.1537
 ------------------------------------------------------------------------------

 NMR restraints: Bond =    0.000   Angle =     0.000   Torsion =     0.000
===============================================================================

 NSTEP =   330000   TIME(PS) =     660.000  TEMP(K) =   234.54  PRESS =     0.0
 Etot   =     -1646.7334  EKtot   =      1082.9247  EPtot      =     -2729.6581
 BOND   =       279.7897  ANGLE   =       713.4970  DIHED      =      1434.5960
 1-4 NB =       422.5141  1-4 EEL =      6261.1658  VDWAALS    =      -950.8644
 EELEC  =     -8507.3384  EGB     =     -2504.3102  RESTRAINT  =        81.8227
 EAMBER (non-restraint)  =     -2811.4808
 ESURF=        39.4695
 ------------------------------------------------------------------------------

 NMR restraints: Bond =    0.000   Angle =     0.000   Torsion =     0.000
===============================================================================

 NSTEP =   335000   TIME(PS) =     670.000  TEMP(K) =   233.00  PRESS =     0.0
 Etot   =     -1605.7022  EKtot   =      1075.8152  EPtot      =     -2681.5174
 BOND   =       298.4387  ANGLE   =       758.2306  DIHED      =      1426.2294
 1-4 NB =       418.2667  1-4 EEL =      6241.8675  VDWAALS    =      -925.3083
 EELEC  =     -8501.2744  EGB     =     -2513.9268  RESTRAINT  =        76.1178
 EAMBER (non-restraint)  =     -2757.6352
 ESURF=        39.8413
 ------------------------------------------------------------------------------

 NMR restraints: Bond =    0.000   Angle =     0.000   Torsion =     0.000
===============================================================================

 NSTEP =   340000   TIME(PS) =     680.000  TEMP(K) =   232.65  PRESS =     0.0
 Etot   =     -1591.7572  EKtot   =      1074.1893  EPtot      =     -2665.9465
 BOND   =       285.9675  ANGLE   =       776.4822  DIHED      =      1447.2244
 1-4 NB =       410.8969  1-4 EEL =      6210.5630  VDWAALS    =      -931.8623
 EELEC  =     -8434.8469  EGB     =     -2555.2608  RESTRAINT  =        83.3378
 EAMBER (non-restraint)  =     -2749.2843
 ESURF=        41.5517
 ------------------------------------------------------------------------------

 NMR restraints: Bond =    0.000   Angle =     0.000   Torsion =     0.000
===============================================================================

 NSTEP =   345000   TIME(PS) =     690.000  TEMP(K) =   253.31  PRESS =     0.0
 Etot   =     -1504.2711  EKtot   =      1169.6113  EPtot      =     -2673.8823
 BOND   =       285.7368  ANGLE   =       781.6612  DIHED      =      1425.8494
 1-4 NB =       434.1421  1-4 EEL =      6228.6916  VDWAALS    =      -941.9575
 EELEC  =     -8461.8825  EGB     =     -2550.6522  RESTRAINT  =        85.2268
 EAMBER (non-restraint)  =     -2759.1092
 ESURF=        39.3020
 ------------------------------------------------------------------------------

 NMR restraints: Bond =    0.000   Angle =     0.000   Torsion =     0.000
===============================================================================

 NSTEP =   350000   TIME(PS) =     700.000  TEMP(K) =   238.82  PRESS =     0.0
 Etot   =     -1600.8224  EKtot   =      1102.6917  EPtot      =     -2703.5140
 BOND   =       288.6879  ANGLE   =       740.0058  DIHED      =      1432.7833
 1-4 NB =       427.3442  1-4 EEL =      6233.8287  VDWAALS    =      -906.8633
 EELEC  =     -8471.0016  EGB     =     -2563.2102  RESTRAINT  =        74.5265
 EAMBER (non-restraint)  =     -2778.0406
 ESURF=        40.3846
 ------------------------------------------------------------------------------

 NMR restraints: Bond =    0.000   Angle =     0.000   Torsion =     0.000
===============================================================================

 NSTEP =   355000   TIME(PS) =     710.000  TEMP(K) =   239.45  PRESS =     0.0
 Etot   =     -1553.4131  EKtot   =      1105.6047  EPtot      =     -2659.0179
 BOND   =       275.4328  ANGLE   =       771.5948  DIHED      =      1439.7166
 1-4 NB =       430.0771  1-4 EEL =      6243.1013  VDWAALS    =      -930.6190
 EELEC  =     -8427.5222  EGB     =     -2584.7162  RESTRAINT  =        83.3534
 EAMBER (non-restraint)  =     -2742.3713
 ESURF=        40.5636
 ------------------------------------------------------------------------------

 NMR restraints: Bond =    0.000   Angle =     0.000   Torsion =     0.000
===============================================================================

 NSTEP =   360000   TIME(PS) =     720.000  TEMP(K) =   231.91  PRESS =     0.0
 Etot   =     -1563.9062  EKtot   =      1070.7951  EPtot      =     -2634.7013
 BOND   =       306.4501  ANGLE   =       781.7872  DIHED      =      1426.9674
 1-4 NB =       438.2414  1-4 EEL =      6246.0388  VDWAALS    =      -929.2153
 EELEC  =     -8386.5684  EGB     =     -2639.2130  RESTRAINT  =        79.5716
 EAMBER (non-restraint)  =     -2714.2729
 ESURF=        41.2387
 ------------------------------------------------------------------------------

 NMR restraints: Bond =    0.000   Angle =     0.000   Torsion =     0.000
===============================================================================

 NSTEP =   365000   TIME(PS) =     730.000  TEMP(K) =   247.68  PRESS =     0.0
 Etot   =     -1522.6370  EKtot   =      1143.5962  EPtot      =     -2666.2332
 BOND   =       285.3185  ANGLE   =       763.5809  DIHED      =      1439.1725
 1-4 NB =       435.6244  1-4 EEL =      6260.5366  VDWAALS    =      -934.2362
 EELEC  =     -8402.9460  EGB     =     -2636.8828  RESTRAINT  =        83.1455
 EAMBER (non-restraint)  =     -2749.3787
 ESURF=        40.4533
 ------------------------------------------------------------------------------

 NMR restraints: Bond =    0.000   Angle =     0.000   Torsion =     0.000
===============================================================================

 NSTEP =   370000   TIME(PS) =     740.000  TEMP(K) =   242.41  PRESS =     0.0
 Etot   =     -1534.0833  EKtot   =      1119.2518  EPtot      =     -2653.3351
 BOND   =       283.6784  ANGLE   =       771.0354  DIHED      =      1431.7194
 1-4 NB =       435.7944  1-4 EEL =      6263.3278  VDWAALS    =      -938.1892
 EELEC  =     -8442.4885  EGB     =     -2577.8693  RESTRAINT  =        79.6212
 EAMBER (non-restraint)  =     -2732.9563
 ESURF=        40.0353
 ------------------------------------------------------------------------------

 NMR restraints: Bond =    0.000   Angle =     0.000   Torsion =     0.000
===============================================================================

 NSTEP =   375000   TIME(PS) =     750.000  TEMP(K) =   249.85  PRESS =     0.0
 Etot   =     -1438.2588  EKtot   =      1153.6060  EPtot      =     -2591.8648
 BOND   =       300.8428  ANGLE   =       788.7038  DIHED      =      1450.8766
 1-4 NB =       438.6910  1-4 EEL =      6235.7836  VDWAALS    =      -936.2925
 EELEC  =     -8326.5888  EGB     =     -2680.1041  RESTRAINT  =        95.4482
 EAMBER (non-restraint)  =     -2687.3130
 ESURF=        40.7748
 ------------------------------------------------------------------------------

 NMR restraints: Bond =    0.000   Angle =     0.000   Torsion =     0.000
===============================================================================

 NSTEP =   380000   TIME(PS) =     760.000  TEMP(K) =   257.50  PRESS =     0.0
 Etot   =     -1440.9652  EKtot   =      1188.9610  EPtot      =     -2629.9262
 BOND   =       300.7127  ANGLE   =       783.3384  DIHED      =      1440.6236
 1-4 NB =       435.3480  1-4 EEL =      6221.1449  VDWAALS    =      -940.4046
 EELEC  =     -8379.5573  EGB     =     -2609.8961  RESTRAINT  =        79.1662
 EAMBER (non-restraint)  =     -2709.0924
 ESURF=        39.5980
 ------------------------------------------------------------------------------

 NMR restraints: Bond =    0.000   Angle =     0.000   Torsion =     0.000
===============================================================================

 NSTEP =   385000   TIME(PS) =     770.000  TEMP(K) =   256.09  PRESS =     0.0
 Etot   =     -1415.6248  EKtot   =      1182.4192  EPtot      =     -2598.0440
 BOND   =       305.0746  ANGLE   =       813.1550  DIHED      =      1436.3750
 1-4 NB =       431.9049  1-4 EEL =      6246.7596  VDWAALS    =      -912.4859
 EELEC  =     -8445.2528  EGB     =     -2592.2401  RESTRAINT  =        77.6225
 EAMBER (non-restraint)  =     -2675.6665
 ESURF=        41.0432
 ------------------------------------------------------------------------------

 NMR restraints: Bond =    0.000   Angle =     0.000   Torsion =     0.000
===============================================================================

 NSTEP =   390000   TIME(PS) =     780.000  TEMP(K) =   249.00  PRESS =     0.0
 Etot   =     -1468.5652  EKtot   =      1149.7091  EPtot      =     -2618.2743
 BOND   =       302.2608  ANGLE   =       794.4611  DIHED      =      1433.1287
 1-4 NB =       432.7708  1-4 EEL =      6228.7369  VDWAALS    =      -931.8063
 EELEC  =     -8421.7961  EGB     =     -2582.5708  RESTRAINT  =        87.1256
 EAMBER (non-restraint)  =     -2705.3999
 ESURF=        39.4149
 ------------------------------------------------------------------------------

 NMR restraints: Bond =    0.000   Angle =     0.000   Torsion =     0.000
===============================================================================

 NSTEP =   395000   TIME(PS) =     790.000  TEMP(K) =   251.14  PRESS =     0.0
 Etot   =     -1414.3171  EKtot   =      1159.5790  EPtot      =     -2573.8961
 BOND   =       290.1300  ANGLE   =       813.2172  DIHED      =      1440.8166
 1-4 NB =       430.5977  1-4 EEL =      6282.0491  VDWAALS    =      -901.9444
 EELEC  =     -8501.7714  EGB     =     -2561.8041  RESTRAINT  =        93.5589
 EAMBER (non-restraint)  =     -2667.4550
 ESURF=        41.2543
 ------------------------------------------------------------------------------

 NMR restraints: Bond =    0.000   Angle =     0.000   Torsion =     0.000
===============================================================================

 NSTEP =   400000   TIME(PS) =     800.000  TEMP(K) =   264.18  PRESS =     0.0
 Etot   =     -1372.3226  EKtot   =      1219.7637  EPtot      =     -2592.0863
 BOND   =       327.4750  ANGLE   =       817.5060  DIHED      =      1421.1872
 1-4 NB =       432.9289  1-4 EEL =      6272.9833  VDWAALS    =      -929.0308
 EELEC  =     -8503.8489  EGB     =     -2551.5693  RESTRAINT  =        81.0752
 EAMBER (non-restraint)  =     -2673.1614
 ESURF=        39.2073
 ------------------------------------------------------------------------------

 NMR restraints: Bond =    0.000   Angle =     0.000   Torsion =     0.000
===============================================================================

 NSTEP =   405000   TIME(PS) =     810.000  TEMP(K) =   271.42  PRESS =     0.0
 Etot   =     -1324.1324  EKtot   =      1253.2080  EPtot      =     -2577.3404
 BOND   =       321.0503  ANGLE   =       802.9946  DIHED      =      1449.7753
 1-4 NB =       426.4608  1-4 EEL =      6262.0336  VDWAALS    =      -944.8333
 EELEC  =     -8403.8036  EGB     =     -2618.5896  RESTRAINT  =        86.8886
 EAMBER (non-restraint)  =     -2664.2290
 ESURF=        40.6830
 ------------------------------------------------------------------------------

 NMR restraints: Bond =    0.000   Angle =     0.000   Torsion =     0.000
===============================================================================

 NSTEP =   410000   TIME(PS) =     820.000  TEMP(K) =   263.82  PRESS =     0.0
 Etot   =     -1371.5702  EKtot   =      1218.0998  EPtot      =     -2589.6701
 BOND   =       318.9533  ANGLE   =       793.2950  DIHED      =      1451.1879
 1-4 NB =       430.6238  1-4 EEL =      6254.3177  VDWAALS    =      -933.3186
 EELEC  =     -8451.4469  EGB     =     -2579.1592  RESTRAINT  =        85.5406
 EAMBER (non-restraint)  =     -2675.2106
 ESURF=        40.3363
 ------------------------------------------------------------------------------

 NMR restraints: Bond =    0.000   Angle =     0.000   Torsion =     0.000
===============================================================================

 NSTEP =   415000   TIME(PS) =     830.000  TEMP(K) =   259.46  PRESS =     0.0
 Etot   =     -1333.4507  EKtot   =      1198.0064  EPtot      =     -2531.4571
 BOND   =       326.4458  ANGLE   =       845.6561  DIHED      =      1438.4795
 1-4 NB =       431.8569  1-4 EEL =      6241.9081  VDWAALS    =      -928.8618
 EELEC  =     -8474.2239  EGB     =     -2549.2009  RESTRAINT  =        96.7025
 EAMBER (non-restraint)  =     -2628.1596
 ESURF=        39.7804
 ------------------------------------------------------------------------------

 NMR restraints: Bond =    0.000   Angle =     0.000   Torsion =     0.000
===============================================================================

 NSTEP =   420000   TIME(PS) =     840.000  TEMP(K) =   268.59  PRESS =     0.0
 Etot   =     -1325.0589  EKtot   =      1240.1620  EPtot      =     -2565.2209
 BOND   =       308.9702  ANGLE   =       829.3779  DIHED      =      1437.1522
 1-4 NB =       435.1034  1-4 EEL =      6250.4131  VDWAALS    =      -910.2199
 EELEC  =     -8505.5038  EGB     =     -2541.5619  RESTRAINT  =        88.9349
 EAMBER (non-restraint)  =     -2654.1558
 ESURF=        42.1130
 ------------------------------------------------------------------------------

 NMR restraints: Bond =    0.000   Angle =     0.000   Torsion =     0.000
===============================================================================

 NSTEP =   425000   TIME(PS) =     850.000  TEMP(K) =   267.22  PRESS =     0.0
 Etot   =     -1275.3291  EKtot   =      1233.8414  EPtot      =     -2509.1705
 BOND   =       326.3344  ANGLE   =       835.2293  DIHED      =      1472.2784
 1-4 NB =       427.2809  1-4 EEL =      6289.0456  VDWAALS    =      -948.3376
 EELEC  =     -8526.0021  EGB     =     -2513.6702  RESTRAINT  =        88.3299
 EAMBER (non-restraint)  =     -2597.5004
 ESURF=        40.3408
 ------------------------------------------------------------------------------

 NMR restraints: Bond =    0.000   Angle =     0.000   Torsion =     0.000
===============================================================================

 NSTEP =   430000   TIME(PS) =     860.000  TEMP(K) =   269.28  PRESS =     0.0
 Etot   =     -1293.7513  EKtot   =      1243.3402  EPtot      =     -2537.0915
 BOND   =       327.1390  ANGLE   =       828.5768  DIHED      =      1457.7497
 1-4 NB =       435.5508  1-4 EEL =      6300.1736  VDWAALS    =      -932.7247
 EELEC  =     -8601.0489  EGB     =     -2473.9490  RESTRAINT  =        81.0893
 EAMBER (non-restraint)  =     -2618.1808
 ESURF=        40.3520
 ------------------------------------------------------------------------------

 NMR restraints: Bond =    0.000   Angle =     0.000   Torsion =     0.000
===============================================================================

 NSTEP =   435000   TIME(PS) =     870.000  TEMP(K) =   278.31  PRESS =     0.0
 Etot   =     -1206.7791  EKtot   =      1285.0415  EPtot      =     -2491.8206
 BOND   =       322.1017  ANGLE   =       868.5970  DIHED      =      1468.5383
 1-4 NB =       435.7486  1-4 EEL =      6281.5974  VDWAALS    =      -927.0873
 EELEC  =     -8604.8410  EGB     =     -2469.0689  RESTRAINT  =        92.5700
 EAMBER (non-restraint)  =     -2584.3907
 ESURF=        40.0235
 ------------------------------------------------------------------------------

 NMR restraints: Bond =    0.000   Angle =     0.000   Torsion =     0.000
===============================================================================

 NSTEP =   440000   TIME(PS) =     880.000  TEMP(K) =   285.00  PRESS =     0.0
 Etot   =     -1197.0549  EKtot   =      1315.8919  EPtot      =     -2512.9467
 BOND   =       324.1975  ANGLE   =       852.0312  DIHED      =      1455.7552
 1-4 NB =       432.7587  1-4 EEL =      6270.4602  VDWAALS    =      -932.8930
 EELEC  =     -8566.5408  EGB     =     -2481.8278  RESTRAINT  =        92.6040
 EAMBER (non-restraint)  =     -2605.5507
 ESURF=        40.5080
 ------------------------------------------------------------------------------

 NMR restraints: Bond =    0.000   Angle =     0.000   Torsion =     0.000
===============================================================================

 NSTEP =   445000   TIME(PS) =     890.000  TEMP(K) =   286.59  PRESS =     0.0
 Etot   =     -1186.9439  EKtot   =      1323.2752  EPtot      =     -2510.2192
 BOND   =       324.8574  ANGLE   =       856.5287  DIHED      =      1460.0572
 1-4 NB =       431.8319  1-4 EEL =      6313.8972  VDWAALS    =      -931.6083
 EELEC  =     -8563.6313  EGB     =     -2536.0570  RESTRAINT  =        91.7367
 EAMBER (non-restraint)  =     -2601.9559
 ESURF=        42.1683
 ------------------------------------------------------------------------------

 NMR restraints: Bond =    0.000   Angle =     0.000   Torsion =     0.000
===============================================================================

 NSTEP =   450000   TIME(PS) =     900.000  TEMP(K) =   283.65  PRESS =     0.0
 Etot   =     -1164.4366  EKtot   =      1309.6825  EPtot      =     -2474.1191
 BOND   =       364.9529  ANGLE   =       832.8905  DIHED      =      1464.3368
 1-4 NB =       440.0756  1-4 EEL =      6300.6211  VDWAALS    =      -931.7125
 EELEC  =     -8583.1707  EGB     =     -2491.6682  RESTRAINT  =        89.9640
 EAMBER (non-restraint)  =     -2564.0831
 ESURF=        39.5913
 ------------------------------------------------------------------------------

 NMR restraints: Bond =    0.000   Angle =     0.000   Torsion =     0.000
===============================================================================

 NSTEP =   455000   TIME(PS) =     910.000  TEMP(K) =   284.19  PRESS =     0.0
 Etot   =     -1146.1408  EKtot   =      1312.1669  EPtot      =     -2458.3077
 BOND   =       330.5710  ANGLE   =       870.9348  DIHED      =      1462.8991
 1-4 NB =       439.4548  1-4 EEL =      6263.0565  VDWAALS    =      -915.4593
 EELEC  =     -8544.0299  EGB     =     -2503.0274  RESTRAINT  =        96.9347
 EAMBER (non-restraint)  =     -2555.2424
 ESURF=        40.3580
 ------------------------------------------------------------------------------

 NMR restraints: Bond =    0.000   Angle =     0.000   Torsion =     0.000
===============================================================================

 NSTEP =   460000   TIME(PS) =     920.000  TEMP(K) =   287.81  PRESS =     0.0
 Etot   =     -1085.0577  EKtot   =      1328.8955  EPtot      =     -2413.9532
 BOND   =       348.4402  ANGLE   =       883.2735  DIHED      =      1475.2048
 1-4 NB =       436.3780  1-4 EEL =      6271.9448  VDWAALS    =      -929.2380
 EELEC  =     -8465.9444  EGB     =     -2570.4384  RESTRAINT  =        96.3419
 EAMBER (non-restraint)  =     -2510.2952
 ESURF=        40.0844
 ------------------------------------------------------------------------------

 NMR restraints: Bond =    0.000   Angle =     0.000   Torsion =     0.000
===============================================================================

 NSTEP =   465000   TIME(PS) =     930.000  TEMP(K) =   295.38  PRESS =     0.0
 Etot   =     -1083.0723  EKtot   =      1363.8601  EPtot      =     -2446.9324
 BOND   =       346.9824  ANGLE   =       849.4172  DIHED      =      1474.4812
 1-4 NB =       444.8221  1-4 EEL =      6266.6223  VDWAALS    =      -919.6599
 EELEC  =     -8593.5046  EGB     =     -2462.3021  RESTRAINT  =       106.5412
 EAMBER (non-restraint)  =     -2553.4736
 ESURF=        39.6677
 ------------------------------------------------------------------------------

 NMR restraints: Bond =    0.000   Angle =     0.000   Torsion =     0.000
===============================================================================

 NSTEP =   470000   TIME(PS) =     940.000  TEMP(K) =   294.79  PRESS =     0.0
 Etot   =     -1120.5947  EKtot   =      1361.0997  EPtot      =     -2481.6945
 BOND   =       349.8073  ANGLE   =       884.3273  DIHED      =      1444.9085
 1-4 NB =       425.7794  1-4 EEL =      6236.6296  VDWAALS    =      -928.7283
 EELEC  =     -8528.0617  EGB     =     -2494.1663  RESTRAINT  =        87.4132
 EAMBER (non-restraint)  =     -2569.1076
 ESURF=        40.3966
 ------------------------------------------------------------------------------

 NMR restraints: Bond =    0.000   Angle =     0.000   Torsion =     0.000
===============================================================================

 NSTEP =   475000   TIME(PS) =     950.000  TEMP(K) =   306.98  PRESS =     0.0
 Etot   =     -1067.2404  EKtot   =      1417.3804  EPtot      =     -2484.6208
 BOND   =       326.1256  ANGLE   =       847.9537  DIHED      =      1437.9281
 1-4 NB =       443.3513  1-4 EEL =      6285.5104  VDWAALS    =      -935.1657
 EELEC  =     -8377.9861  EGB     =     -2647.4018  RESTRAINT  =        92.7352
 EAMBER (non-restraint)  =     -2577.3559
 ESURF=        42.3287
 ------------------------------------------------------------------------------

 NMR restraints: Bond =    0.000   Angle =     0.000   Torsion =     0.000
===============================================================================

 NSTEP =   480000   TIME(PS) =     960.000  TEMP(K) =   306.04  PRESS =     0.0
 Etot   =     -1009.0107  EKtot   =      1413.0615  EPtot      =     -2422.0722
 BOND   =       355.1497  ANGLE   =       880.0357  DIHED      =      1461.8244
 1-4 NB =       436.7996  1-4 EEL =      6272.7632  VDWAALS    =      -917.5093
 EELEC  =     -8487.5665  EGB     =     -2553.8989  RESTRAINT  =        89.5836
 EAMBER (non-restraint)  =     -2511.6559
 ESURF=        40.7463
 ------------------------------------------------------------------------------

 NMR restraints: Bond =    0.000   Angle =     0.000   Torsion =     0.000
===============================================================================

 NSTEP =   485000   TIME(PS) =     970.000  TEMP(K) =   302.11  PRESS =     0.0
 Etot   =     -1015.3438  EKtot   =      1394.9079  EPtot      =     -2410.2517
 BOND   =       357.0334  ANGLE   =       892.9056  DIHED      =      1465.4218
 1-4 NB =       434.3046  1-4 EEL =      6256.9374  VDWAALS    =      -913.8165
 EELEC  =     -8531.2637  EGB     =     -2515.2584  RESTRAINT  =       102.9014
 EAMBER (non-restraint)  =     -2513.1531
 ESURF=        40.5827
 ------------------------------------------------------------------------------

 NMR restraints: Bond =    0.000   Angle =     0.000   Torsion =     0.000
===============================================================================

 NSTEP =   490000   TIME(PS) =     980.000  TEMP(K) =   312.01  PRESS =     0.0
 Etot   =      -967.4743  EKtot   =      1440.6460  EPtot      =     -2408.1203
 BOND   =       323.6809  ANGLE   =       898.2539  DIHED      =      1497.3038
 1-4 NB =       432.9681  1-4 EEL =      6282.6849  VDWAALS    =      -932.6554
 EELEC  =     -8421.3908  EGB     =     -2628.9885  RESTRAINT  =        99.8336
 EAMBER (non-restraint)  =     -2507.9539
 ESURF=        40.1893
 ------------------------------------------------------------------------------

 NMR restraints: Bond =    0.000   Angle =     0.000   Torsion =     0.000
===============================================================================

 NSTEP =   495000   TIME(PS) =     990.000  TEMP(K) =   296.31  PRESS =     0.0
 Etot   =     -1117.5145  EKtot   =      1368.1180  EPtot      =     -2485.6326
 BOND   =       335.0452  ANGLE   =       845.0527  DIHED      =      1445.7126
 1-4 NB =       433.0557  1-4 EEL =      6302.5964  VDWAALS    =      -925.0793
 EELEC  =     -8541.2028  EGB     =     -2533.7388  RESTRAINT  =       113.4425
 EAMBER (non-restraint)  =     -2599.0751
 ESURF=        39.4832
 ------------------------------------------------------------------------------

 NMR restraints: Bond =    0.000   Angle =     0.000   Torsion =     0.000
===============================================================================

 NSTEP =   500000   TIME(PS) =    1000.000  TEMP(K) =   290.81  PRESS =     0.0
 Etot   =     -1062.8913  EKtot   =      1342.7257  EPtot      =     -2405.6170
 BOND   =       358.7842  ANGLE   =       890.2299  DIHED      =      1447.4332
 1-4 NB =       433.1508  1-4 EEL =      6277.8916  VDWAALS    =      -909.6929
 EELEC  =     -8511.6792  EGB     =     -2539.6751  RESTRAINT  =       108.4810
 EAMBER (non-restraint)  =     -2514.0979
 ESURF=        39.4596
 ------------------------------------------------------------------------------

 NMR restraints: Bond =    0.000   Angle =     0.000   Torsion =     0.000
===============================================================================

      A V E R A G E S   O V E R     100 S T E P S


 NSTEP =   500000   TIME(PS) =    1000.000  TEMP(K) =   201.56  PRESS =     0.0
 Etot   =     -1913.6208  EKtot   =       930.6593  EPtot      =     -2844.2801
 BOND   =       252.7178  ANGLE   =       675.8369  DIHED      =      1404.1319
 1-4 NB =       420.0950  1-4 EEL =      6241.2582  VDWAALS    =      -944.7093
 EELEC  =     -8340.8985  EGB     =     -2662.2904  RESTRAINT  =        69.3488
 EAMBER (non-restraint)  =     -2913.6290
 ESURF=        40.2294
 ------------------------------------------------------------------------------

 NMR restraints: Bond =    0.000   Angle =     0.000   Torsion =     0.000
===============================================================================

      R M S  F L U C T U A T I O N S


 NSTEP =   500000   TIME(PS) =    1000.000  TEMP(K) =    59.01  PRESS =     0.0
 Etot   =       530.6881  EKtot   =       272.4738  EPtot      =       259.1907
 BOND   =        58.6299  ANGLE   =       131.7526  DIHED      =        39.5186
 1-4 NB =        12.9886  1-4 EEL =        23.8608  VDWAALS    =        17.8424
 EELEC  =       121.3564  EGB     =        94.3658  RESTRAINT  =        18.1241
 EAMBER (non-restraint)  =       241.0666
 ESURF=         0.7416
 ------------------------------------------------------------------------------


 NMR restraints on final step:

--------------------------------------------------------------------------------
   5.  TIMINGS
--------------------------------------------------------------------------------

|  NonSetup CPU Time in Major Routines:
|
|     Routine           Sec        %
|     ------------------------------
|     Nonbond       62800.95   98.63
|     Bond              5.79    0.01
|     Angle            98.35    0.15
|     Dihedral        586.02    0.92
|     Shake            25.63    0.04
|     RunMD           154.77    0.24
|     Other             0.40    0.00
|     ------------------------------
|     Total         63671.92

|  Generalized Born CPU Time:
|
|     Routine                 Sec        %
|     ------------------------------------
|     Radii Calc          14491.71   22.76
|     Diagonal Calc       26888.80   42.23
|     Off Diagonal Calc   21381.49   33.58
|     GBSA LCPO Calc          0.21    0.00
|     ---------------------------------
|     Total               62762.01   98.57

|  Final Performance Info:
|     -----------------------------------------------------
|     Average timings for last       1 steps:
|     Elapsed(s) =       0.00 Per Step(ms) =       0.11
|         ns/day =    1615.96   seconds/ns =      53.47
|
|     Average timings for all steps:
|     Elapsed(s) =   80102.06 Per Step(ms) =     160.20
|         ns/day =       1.08   seconds/ns =   80102.06
|     -----------------------------------------------------

|  Setup CPU time:            0.02 seconds
|  NonSetup CPU time:     63671.92 seconds
|  Total CPU time:        63671.94 seconds    17.69 hours

|  Setup wall time:           0    seconds
|  NonSetup wall time:    80102    seconds
|  Total wall time:       80102    seconds    22.25 hours
