Salt Bridges Plugin, Version 1.0
Thu May 02 14:25:40 +0530 2024

Parameters used in the calculation of salt bridges:
- Atomselection: protein
- Update selections every frame: yes
- Initial frame: 0
- Frame step: 1
- Final frame: 499
- Oxygen-nitrogen cut-off: 3.2
- Center of mass cut-off: none
- Write a file for each salt bridge: yes

Searching for ion-pairs with oxygen-nitrogen distance within 3.2 Angstroms in the selected frames... Done.
Removing redundancies in the ion-pairs found... Done.
Extracting identification of each salt bridge... Done.
Found 19 salt bridges.

GLU31-ARG28
GLU69-ARG2
GLU38-ARG3
GLU78-ARG82
GLU42-LYS23
ASP74-ARG77
GLU66-ARG3
GLU41-LYS39
ASP55-LYS54
GLU22-ARG82
GLU38-ARG36
GLU24-ARG28
GLU78-ARG28
GLU66-ARG36
ASP55-ARG86
ASP70-ARG71
GLU78-ARG77
ASP74-ARG71
ASP83-ARG82

Printing distances over all frames for each salt-bridge... Done.
