
          -------------------------------------------------------
          Amber 22 PMEMD                              2022
          -------------------------------------------------------

| PMEMD implementation of SANDER, Release 22

|  Compiled date/time: Thu Apr 14 23:36:37 2022
| Run on 01/08/2024 at 13:39:52

|   Executable path: pmemd
| Working directory: /home/arul/Reegina/MD_Sim/finalll/1BDD_info
|          Hostname: Unknown
  [-O]verwriting output

File Assignments:
|   MDIN: eq2.in                                                                
|  MDOUT: eq2.out                                                               
| INPCRD: eq1.rst7                                                              
|   PARM: 1BDD.hmass.parm7                                                      
| RESTRT: eq2.rst7                                                              
|   REFC: eq1.rst7                                                              
|  MDVEL: mdvel                                                                 
|   MDEN: mden                                                                  
|  MDCRD: eq2.crd                                                               
| MDINFO: eq2.info                                                              
|  MDFRC: mdfrc                                                                 


 Here is the input file:

&cntrl                                                                         
   ntx = 5,                                                                    
   ntwx = 5000, ntwe = 0, ntwr = 500,                                          
   ntpr = 5000,                                                                
                                                                               
   ioutfm=0, ntxo=1,                                                           
                                                                               
   imin = 0, nstlim = 125000, dt = 0.002,                                      
                                                                               
   ntt = 3, gamma_ln=1., temp0 = 300.0,                                        
   nscm = 1000, ig = -1, irest = 1,                                            
                                                                               
   ntc= 2, ntf = 2, cut = 1000,                                                
                                                                               
   igb=8, gbsa=3, surften=0.007, ntb = 0,                                      
   saltcon=0.,                                                                 
                                                                               
   ntr=1, restraintmask="@CA,N,C,O",                                           
   restraint_wt=0.1,                                                           
 /                                                                             


Note: ig = -1. Setting random seed to   348612 based on wallclock time in 
      microseconds.
| irandom = 1, using AMBER's internal random number generator (default).
 
| Conditional Compilation Defines Used:
| PUBFFT
| BINTRAJ
| EMIL

| New format PARM file being parsed.
| Version =    1.000 Date = 12/29/23 Time = 22:54:44

| Note: 1-4 EEL scale factors are being read from the topology file.

| Note: 1-4 VDW scale factors are being read from the topology file.
| INFO:    Reading atomic numbers from topology file.
| Duplicated    0 dihedrals

| Duplicated    0 dihedrals

--------------------------------------------------------------------------------
   1.  RESOURCE   USE: 
--------------------------------------------------------------------------------

 NATOM  =     941 NTYPES =      13 NBONH =     463 MBONA  =     485
 NTHETH =    1062 MTHETA =     654 NPHIH =    2151 MPHIA  =    2047
 NHPARM =       0 NPARM  =       0 NNB   =    5196 NRES   =      60
 NBONA  =     485 NTHETA =     654 NPHIA =    2047 NUMBND =      54
 NUMANG =     125 NPTRA  =     156 NATYP =      27 NPHB   =       0
 IFBOX  =       0 NMXRS  =      24 IFCAP =       0 NEXTRA =       0
 NCOPY  =       0

 Implicit solvent radii are ArgH and AspGluO modified Bondi2 radii (mbondi3)                                
 Replacing prmtop screening parameters with GBn2 (igb=8) values
--------------------------------------------------------------------------------
   2.  CONTROL  DATA  FOR  THE  RUN
--------------------------------------------------------------------------------

default_name                                                                    

General flags:
     imin    =       0, nmropt  =       0

Nature and format of input:
     ntx     =       5, irest   =       1, ntrx    =       1

Nature and format of output:
     ntxo    =       1, ntpr    =    5000, ntrx    =       1, ntwr    =     500
     iwrap   =       0, ntwx    =    5000, ntwv    =       0, ntwe    =       0
     ioutfm  =       0, ntwprt  =       0, idecomp =       0, rbornstat=      0

Potential function:
     ntf     =       2, ntb     =       0, igb     =       8, nsnb    =      25
     ipol    =       0, gbsa    =       3, iesp    =       0
     dielc   =   1.00000, cut     =1000.00000, intdiel =   1.00000
     saltcon =   0.00000, offset  =   0.19514, surften =   0.00700
     rdt     =   0.00000, rgbmax  =  25.00000  extdiel =  78.50000
     alpb  =        0
     gbalphaH  =   0.78844, gbbetaH   =   0.79870,  gbgammaH  =    0.43733
     gbalphaC  =   0.73376, gbbetaC   =   0.50638,  gbgammaC  =    0.20584
     gbalphaN  =   0.50336, gbbetaN   =   0.31683,  gbgammaN  =    0.19292
     gbalphaOS =   0.86781, gbbetaOS  =   0.87664,  gbgammaOS =    0.38788
     gbalphaP  =   1.00000, gbbetaP   =   0.80000,  gbgammaP  =    4.85000
     gb_alpha_hnu  =   0.53705, gb_beta_hnu   =   0.36286,  gb_gamma_hnu  =    0.11670
     gb_alpha_cnu  =   0.33167, gb_beta_cnu   =   0.19684,  gb_gamma_cnu  =    0.09342
     gb_alpha_nnu  =   0.68631, gb_beta_nnu   =   0.46319,  gb_gamma_nnu  =    0.13872
     gb_alpha_onu  =   0.60634, gb_beta_onu   =   0.46301,  gb_gamma_onu  =    0.14226
     gb_alpha_pnu  =   0.41836, gb_beta_pnu   =   0.29005,  gb_gamma_pnu  =    0.10642

Frozen or restrained atoms:
     ibelly  =       0, ntr     =       1
     restraint_wt =   0.10000

Molecular dynamics:
     nstlim  =    125000, nscm    =         0, nrespa  =         1
     t       =   0.00000, dt      =   0.00200, vlimit  =  20.00000

Langevin dynamics temperature regulation:
     ig      =  348612
     temp0   = 300.00000, tempi   =   0.00000, gamma_ln=   1.00000

SHAKE:
     ntc     =       2, jfastw  =       0
     tol     =   0.00001

| Intermolecular bonds treatment:
|     no_intermolecular_bonds =       1

| Energy averages sample interval:
|     ene_avg_sampling =    5000

    LOADING THE CONSTRAINED ATOMS AS GROUPS


   5.  REFERENCE ATOM COORDINATES

  default_name                                                                    
     Mask @CA,N,C,O; matches   240 atoms

--------------------------------------------------------------------------------
   3.  ATOMIC COORDINATES AND VELOCITIES
--------------------------------------------------------------------------------

default_name                                                                    
 begin time read from input coords =  1250.000 ps

 
 Number of triangulated 3-point waters found:        0
| Dynamic Memory, Types Used:
| Reals               33611
| Integers           112435

--------------------------------------------------------------------------------
   4.  RESULTS
--------------------------------------------------------------------------------


 NSTEP =     5000   TIME(PS) =    1260.000  TEMP(K) =   298.57  PRESS =     0.0
 Etot   =     -1040.7676  EKtot   =       700.1079  EPtot      =     -1740.8755
 BOND   =       186.0479  ANGLE   =       486.7209  DIHED      =       851.1824
 1-4 NB =       212.0047  1-4 EEL =      2717.6366  VDWAALS    =      -406.8999
 EELEC  =     -4558.1085  EGB     =     -1284.3251  RESTRAINT  =        20.1665
 EAMBER (non-restraint)  =     -1761.0420
 ESURF=        34.6990
 ------------------------------------------------------------------------------


 NSTEP =    10000   TIME(PS) =    1270.000  TEMP(K) =   297.56  PRESS =     0.0
 Etot   =      -986.8469  EKtot   =       697.7533  EPtot      =     -1684.6002
 BOND   =       197.3933  ANGLE   =       513.0429  DIHED      =       860.5530
 1-4 NB =       207.4312  1-4 EEL =      2672.7754  VDWAALS    =      -367.7463
 EELEC  =     -4598.5591  EGB     =     -1228.1954  RESTRAINT  =        22.4409
 EAMBER (non-restraint)  =     -1707.0411
 ESURF=        36.2638
 ------------------------------------------------------------------------------


 NSTEP =    15000   TIME(PS) =    1280.000  TEMP(K) =   298.46  PRESS =     0.0
 Etot   =     -1023.1241  EKtot   =       699.8593  EPtot      =     -1722.9833
 BOND   =       214.4969  ANGLE   =       482.9017  DIHED      =       839.5118
 1-4 NB =       208.8747  1-4 EEL =      2679.0949  VDWAALS    =      -394.5676
 EELEC  =     -4577.3085  EGB     =     -1229.7241  RESTRAINT  =        19.3926
 EAMBER (non-restraint)  =     -1742.3759
 ESURF=        34.3443
 ------------------------------------------------------------------------------


 NSTEP =    20000   TIME(PS) =    1290.000  TEMP(K) =   306.43  PRESS =     0.0
 Etot   =     -1020.3966  EKtot   =       718.5318  EPtot      =     -1738.9283
 BOND   =       180.9975  ANGLE   =       497.2857  DIHED      =       840.0934
 1-4 NB =       207.3614  1-4 EEL =      2663.4867  VDWAALS    =      -381.5430
 EELEC  =     -4553.6513  EGB     =     -1246.6081  RESTRAINT  =        18.9787
 EAMBER (non-restraint)  =     -1757.9070
 ESURF=        34.6707
 ------------------------------------------------------------------------------


 NSTEP =    25000   TIME(PS) =    1300.000  TEMP(K) =   307.35  PRESS =     0.0
 Etot   =      -960.7865  EKtot   =       720.7060  EPtot      =     -1681.4924
 BOND   =       216.5710  ANGLE   =       516.4759  DIHED      =       852.6510
 1-4 NB =       195.5093  1-4 EEL =      2684.7474  VDWAALS    =      -405.6560
 EELEC  =     -4586.6566  EGB     =     -1212.5921  RESTRAINT  =        23.4932
 EAMBER (non-restraint)  =     -1704.9856
 ESURF=        33.9644
 ------------------------------------------------------------------------------


 NSTEP =    30000   TIME(PS) =    1310.000  TEMP(K) =   288.45  PRESS =     0.0
 Etot   =     -1031.4958  EKtot   =       676.3732  EPtot      =     -1707.8690
 BOND   =       209.6973  ANGLE   =       502.4844  DIHED      =       855.8615
 1-4 NB =       204.1109  1-4 EEL =      2727.2815  VDWAALS    =      -408.9000
 EELEC  =     -4617.0239  EGB     =     -1233.6207  RESTRAINT  =        20.0946
 EAMBER (non-restraint)  =     -1727.9637
 ESURF=        32.1453
 ------------------------------------------------------------------------------


 NSTEP =    35000   TIME(PS) =    1320.000  TEMP(K) =   281.27  PRESS =     0.0
 Etot   =     -1067.8542  EKtot   =       659.5489  EPtot      =     -1727.4031
 BOND   =       177.2796  ANGLE   =       507.7835  DIHED      =       841.7063
 1-4 NB =       207.0731  1-4 EEL =      2712.3487  VDWAALS    =      -398.9021
 EELEC  =     -4541.5173  EGB     =     -1288.3602  RESTRAINT  =        21.2056
 EAMBER (non-restraint)  =     -1748.6087
 ESURF=        33.9798
 ------------------------------------------------------------------------------


 NSTEP =    40000   TIME(PS) =    1330.000  TEMP(K) =   296.94  PRESS =     0.0
 Etot   =     -1042.5038  EKtot   =       696.2856  EPtot      =     -1738.7895
 BOND   =       166.4412  ANGLE   =       481.6506  DIHED      =       857.6782
 1-4 NB =       207.4112  1-4 EEL =      2699.4068  VDWAALS    =      -386.3488
 EELEC  =     -4582.1263  EGB     =     -1233.5990  RESTRAINT  =        17.7044
 EAMBER (non-restraint)  =     -1756.4939
 ESURF=        32.9923
 ------------------------------------------------------------------------------


 NSTEP =    45000   TIME(PS) =    1340.000  TEMP(K) =   298.53  PRESS =     0.0
 Etot   =     -1033.2725  EKtot   =       700.0117  EPtot      =     -1733.2842
 BOND   =       189.0627  ANGLE   =       491.9676  DIHED      =       838.7039
 1-4 NB =       202.0047  1-4 EEL =      2698.2988  VDWAALS    =      -394.8243
 EELEC  =     -4606.7591  EGB     =     -1210.6289  RESTRAINT  =        24.5205
 EAMBER (non-restraint)  =     -1757.8047
 ESURF=        34.3699
 ------------------------------------------------------------------------------


 NSTEP =    50000   TIME(PS) =    1350.000  TEMP(K) =   290.17  PRESS =     0.0
 Etot   =     -1041.1613  EKtot   =       680.4205  EPtot      =     -1721.5818
 BOND   =       202.8886  ANGLE   =       489.2350  DIHED      =       849.3812
 1-4 NB =       195.9513  1-4 EEL =      2687.0027  VDWAALS    =      -389.8294
 EELEC  =     -4567.8402  EGB     =     -1253.4564  RESTRAINT  =        30.7079
 EAMBER (non-restraint)  =     -1752.2897
 ESURF=        34.3773
 ------------------------------------------------------------------------------


 NSTEP =    55000   TIME(PS) =    1360.000  TEMP(K) =   300.93  PRESS =     0.0
 Etot   =     -1043.4948  EKtot   =       705.6495  EPtot      =     -1749.1443
 BOND   =       202.8725  ANGLE   =       496.0935  DIHED      =       816.9531
 1-4 NB =       200.5059  1-4 EEL =      2679.4376  VDWAALS    =      -383.0201
 EELEC  =     -4599.4093  EGB     =     -1220.0761  RESTRAINT  =        22.8549
 EAMBER (non-restraint)  =     -1771.9992
 ESURF=        34.6438
 ------------------------------------------------------------------------------


 NSTEP =    60000   TIME(PS) =    1370.000  TEMP(K) =   307.96  PRESS =     0.0
 Etot   =     -1040.2645  EKtot   =       722.1377  EPtot      =     -1762.4021
 BOND   =       184.7338  ANGLE   =       458.2054  DIHED      =       840.1985
 1-4 NB =       206.0206  1-4 EEL =      2698.6755  VDWAALS    =      -399.4892
 EELEC  =     -4554.2551  EGB     =     -1254.7725  RESTRAINT  =        24.7558
 EAMBER (non-restraint)  =     -1787.1579
 ESURF=        33.5251
 ------------------------------------------------------------------------------


 NSTEP =    65000   TIME(PS) =    1380.000  TEMP(K) =   308.50  PRESS =     0.0
 Etot   =     -1042.3659  EKtot   =       723.4027  EPtot      =     -1765.7685
 BOND   =       185.9278  ANGLE   =       454.2954  DIHED      =       818.5460
 1-4 NB =       215.1752  1-4 EEL =      2697.5208  VDWAALS    =      -376.3005
 EELEC  =     -4636.8910  EGB     =     -1177.7730  RESTRAINT  =        19.9058
 EAMBER (non-restraint)  =     -1785.6743
 ESURF=        33.8250
 ------------------------------------------------------------------------------


 NSTEP =    70000   TIME(PS) =    1390.000  TEMP(K) =   300.30  PRESS =     0.0
 Etot   =      -998.9632  EKtot   =       704.1715  EPtot      =     -1703.1347
 BOND   =       217.8618  ANGLE   =       497.1336  DIHED      =       846.1389
 1-4 NB =       207.8490  1-4 EEL =      2687.7659  VDWAALS    =      -391.9911
 EELEC  =     -4587.5169  EGB     =     -1230.0597  RESTRAINT  =        15.8903
 EAMBER (non-restraint)  =     -1719.0250
 ESURF=        33.7934
 ------------------------------------------------------------------------------


 NSTEP =    75000   TIME(PS) =    1400.000  TEMP(K) =   289.81  PRESS =     0.0
 Etot   =     -1026.6973  EKtot   =       679.5630  EPtot      =     -1706.2603
 BOND   =       208.0833  ANGLE   =       490.5546  DIHED      =       860.2819
 1-4 NB =       207.6052  1-4 EEL =      2699.2563  VDWAALS    =      -399.7793
 EELEC  =     -4609.3015  EGB     =     -1219.0957  RESTRAINT  =        23.0133
 EAMBER (non-restraint)  =     -1729.2736
 ESURF=        33.1215
 ------------------------------------------------------------------------------


 NSTEP =    80000   TIME(PS) =    1410.000  TEMP(K) =   296.07  PRESS =     0.0
 Etot   =     -1058.1073  EKtot   =       694.2613  EPtot      =     -1752.3686
 BOND   =       179.6264  ANGLE   =       472.1610  DIHED      =       864.4152
 1-4 NB =       209.6079  1-4 EEL =      2681.0509  VDWAALS    =      -385.7910
 EELEC  =     -4681.6917  EGB     =     -1145.3985  RESTRAINT  =        20.5150
 EAMBER (non-restraint)  =     -1772.8836
 ESURF=        33.1362
 ------------------------------------------------------------------------------


 NSTEP =    85000   TIME(PS) =    1420.000  TEMP(K) =   297.28  PRESS =     0.0
 Etot   =     -1035.4541  EKtot   =       697.0927  EPtot      =     -1732.5468
 BOND   =       177.1143  ANGLE   =       499.8353  DIHED      =       836.2214
 1-4 NB =       211.6039  1-4 EEL =      2711.3028  VDWAALS    =      -382.7870
 EELEC  =     -4665.3735  EGB     =     -1175.4549  RESTRAINT  =        21.3289
 EAMBER (non-restraint)  =     -1753.8757
 ESURF=        33.6620
 ------------------------------------------------------------------------------


 NSTEP =    90000   TIME(PS) =    1430.000  TEMP(K) =   313.67  PRESS =     0.0
 Etot   =      -984.3431  EKtot   =       735.5111  EPtot      =     -1719.8541
 BOND   =       200.8522  ANGLE   =       496.0827  DIHED      =       852.0318
 1-4 NB =       200.0814  1-4 EEL =      2699.9538  VDWAALS    =      -393.9787
 EELEC  =     -4610.5350  EGB     =     -1219.7063  RESTRAINT  =        21.8339
 EAMBER (non-restraint)  =     -1741.6880
 ESURF=        33.5300
 ------------------------------------------------------------------------------


 NSTEP =    95000   TIME(PS) =    1440.000  TEMP(K) =   304.80  PRESS =     0.0
 Etot   =     -1032.1409  EKtot   =       714.7140  EPtot      =     -1746.8549
 BOND   =       206.8338  ANGLE   =       484.3093  DIHED      =       851.2760
 1-4 NB =       208.8662  1-4 EEL =      2674.9903  VDWAALS    =      -386.6170
 EELEC  =     -4623.2639  EGB     =     -1218.6627  RESTRAINT  =        21.6263
 EAMBER (non-restraint)  =     -1768.4812
 ESURF=        33.7868
 ------------------------------------------------------------------------------


 NSTEP =   100000   TIME(PS) =    1450.000  TEMP(K) =   310.50  PRESS =     0.0
 Etot   =      -992.8206  EKtot   =       728.0853  EPtot      =     -1720.9058
 BOND   =       207.0234  ANGLE   =       488.9033  DIHED      =       845.4318
 1-4 NB =       211.9960  1-4 EEL =      2674.5169  VDWAALS    =      -400.7079
 EELEC  =     -4587.0354  EGB     =     -1225.7198  RESTRAINT  =        31.4938
 EAMBER (non-restraint)  =     -1752.3997
 ESURF=        33.1920
 ------------------------------------------------------------------------------


 NSTEP =   105000   TIME(PS) =    1460.000  TEMP(K) =   304.38  PRESS =     0.0
 Etot   =     -1038.8052  EKtot   =       713.7432  EPtot      =     -1752.5485
 BOND   =       198.1146  ANGLE   =       480.7021  DIHED      =       829.5730
 1-4 NB =       212.8020  1-4 EEL =      2661.4874  VDWAALS    =      -390.1763
 EELEC  =     -4548.0407  EGB     =     -1254.3301  RESTRAINT  =        23.5870
 EAMBER (non-restraint)  =     -1776.1354
 ESURF=        33.7324
 ------------------------------------------------------------------------------


 NSTEP =   110000   TIME(PS) =    1470.000  TEMP(K) =   307.32  PRESS =     0.0
 Etot   =     -1067.7806  EKtot   =       720.6247  EPtot      =     -1788.4053
 BOND   =       164.5921  ANGLE   =       491.3156  DIHED      =       818.8100
 1-4 NB =       209.0752  1-4 EEL =      2656.2242  VDWAALS    =      -395.1948
 EELEC  =     -4505.3941  EGB     =     -1287.8535  RESTRAINT  =        26.5449
 EAMBER (non-restraint)  =     -1814.9503
 ESURF=        33.4751
 ------------------------------------------------------------------------------


 NSTEP =   115000   TIME(PS) =    1480.000  TEMP(K) =   307.51  PRESS =     0.0
 Etot   =     -1003.0034  EKtot   =       721.0839  EPtot      =     -1724.0872
 BOND   =       192.7956  ANGLE   =       500.4381  DIHED      =       837.4072
 1-4 NB =       208.8257  1-4 EEL =      2679.7950  VDWAALS    =      -381.1037
 EELEC  =     -4535.6435  EGB     =     -1283.8355  RESTRAINT  =        23.9145
 EAMBER (non-restraint)  =     -1748.0017
 ESURF=        33.3195
 ------------------------------------------------------------------------------


 NSTEP =   120000   TIME(PS) =    1490.000  TEMP(K) =   301.80  PRESS =     0.0
 Etot   =     -1038.8181  EKtot   =       707.6941  EPtot      =     -1746.5121
 BOND   =       192.4163  ANGLE   =       469.8959  DIHED      =       839.6020
 1-4 NB =       214.1705  1-4 EEL =      2675.7958  VDWAALS    =      -380.1402
 EELEC  =     -4519.6516  EGB     =     -1298.7050  RESTRAINT  =        25.7552
 EAMBER (non-restraint)  =     -1772.2674
 ESURF=        34.3489
 ------------------------------------------------------------------------------


 NSTEP =   125000   TIME(PS) =    1500.000  TEMP(K) =   317.54  PRESS =     0.0
 Etot   =     -1041.5625  EKtot   =       744.5882  EPtot      =     -1786.1507
 BOND   =       184.3983  ANGLE   =       473.1828  DIHED      =       831.2717
 1-4 NB =       209.8988  1-4 EEL =      2698.0268  VDWAALS    =      -386.1685
 EELEC  =     -4559.9353  EGB     =     -1297.1235  RESTRAINT  =        26.6257
 EAMBER (non-restraint)  =     -1812.7765
 ESURF=        33.6724
 ------------------------------------------------------------------------------


      A V E R A G E S   O V E R      25 S T E P S


 NSTEP =   125000   TIME(PS) =    1500.000  TEMP(K) =   301.28  PRESS =     0.0
 Etot   =     -1027.7132  EKtot   =       706.4768  EPtot      =     -1734.1901
 BOND   =       193.7649  ANGLE   =       488.9063  DIHED      =       843.0193
 1-4 NB =       207.2726  1-4 EEL =      2688.7152  VDWAALS    =      -390.7385
 EELEC  =     -4584.5396  EGB     =     -1237.1871  RESTRAINT  =        22.7340
 EAMBER (non-restraint)  =     -1756.9241
 ESURF=        33.8628
 ------------------------------------------------------------------------------


      R M S  F L U C T U A T I O N S


 NSTEP =   125000   TIME(PS) =    1500.000  TEMP(K) =     8.20  PRESS =     0.0
 Etot   =        25.8110  EKtot   =        19.2237  EPtot      =        26.2417
 BOND   =        14.7095  ANGLE   =        14.9750  DIHED      =        12.8525
 1-4 NB =         5.0243  1-4 EEL =        17.5277  VDWAALS    =         9.8662
 EELEC  =        41.4963  EGB     =        38.2658  RESTRAINT  =         3.5749
 EAMBER (non-restraint)  =        22.6668
 ESURF=         0.7682
 ------------------------------------------------------------------------------

--------------------------------------------------------------------------------
   5.  TIMINGS
--------------------------------------------------------------------------------

|  NonSetup CPU Time in Major Routines:
|
|     Routine           Sec        %
|     ------------------------------
|     Nonbond        4725.53   97.39
|     Bond              0.92    0.02
|     Angle            14.82    0.31
|     Dihedral         84.24    1.74
|     Shake             3.90    0.08
|     RunMD            22.69    0.47
|     Other             0.07    0.00
|     ------------------------------
|     Total          4852.17

|  Generalized Born CPU Time:
|
|     Routine                 Sec        %
|     ------------------------------------
|     Radii Calc           1106.93   22.81
|     Diagonal Calc        2051.62   42.28
|     Off Diagonal Calc    1561.18   32.17
|     GBSA LCPO Calc          0.08    0.00
|     ---------------------------------
|     Total                4719.73   97.27

|  Final Performance Info:
|     -----------------------------------------------------
|     Average timings for last       1 steps:
|     Elapsed(s) =       0.00 Per Step(ms) =       0.11
|         ns/day =    1528.70   seconds/ns =      56.52
|
|     Average timings for all steps:
|     Elapsed(s) =   12642.12 Per Step(ms) =     101.14
|         ns/day =       1.71   seconds/ns =   50568.48
|     -----------------------------------------------------

|  Setup CPU time:            0.05 seconds
|  NonSetup CPU time:      4852.17 seconds
|  Total CPU time:         4852.22 seconds     1.35 hours

|  Setup wall time:           0    seconds
|  NonSetup wall time:    12643    seconds
|  Total wall time:       12643    seconds     3.51 hours
