
          -------------------------------------------------------
          Amber 22 PMEMD                              2022
          -------------------------------------------------------

| PMEMD implementation of SANDER, Release 22

|  Compiled date/time: Thu Apr 14 23:36:37 2022
| Run on 12/20/2023 at 13:26:28

|   Executable path: pmemd
| Working directory: /home/arul/Reegina/MD_Sim/amber_parameters/1ST7_info
|          Hostname: Unknown
  [-O]verwriting output

File Assignments:
|   MDIN: /home/arul/Reegina/MD_Sim/trial_file/min.in                           
|  MDOUT: min_1ST7.out                                                          
| INPCRD: 1ST7.rst7                                                             
|   PARM: 1ST7.hmass.parm7                                                      
| RESTRT: min_1ST7.rst7                                                         
|   REFC: refc                                                                  
|  MDVEL: mdvel                                                                 
|   MDEN: mden                                                                  
|  MDCRD: min_1ST7.crd                                                          
| MDINFO: min_1ST7.info                                                         
|  MDFRC: mdfrc                                                                 


 Here is the input file:

&cntrl                                                                         
  imin = 1,                                                                    
  maxcyc=100,                                                                  
  ntx = 1,                                                                     
  ntwr = 100,                                                                  
  ntpr = 10,                                                                   
  ioutfm=0,                                                                    
  ntxo=1,                                                                      
  cut = 1000.0,                                                                
  ntb=0,                                                                       
  igb = 8,                                                                     
  gbsa=3,                                                                      
  surften=0.007,                                                               
  saltcon = 0.0,                                                               
/                                                                              


Note: ig = -1. Setting random seed to   443795 based on wallclock time in 
      microseconds.
| irandom = 1, using AMBER's internal random number generator (default).
 
| Conditional Compilation Defines Used:
| PUBFFT
| BINTRAJ
| EMIL

| New format PARM file being parsed.
| Version =    1.000 Date = 12/05/23 Time = 14:07:15

| Note: 1-4 EEL scale factors are being read from the topology file.

| Note: 1-4 VDW scale factors are being read from the topology file.
| INFO:    Reading atomic numbers from topology file.
| Duplicated    0 dihedrals

| Duplicated    0 dihedrals

--------------------------------------------------------------------------------
   1.  RESOURCE   USE: 
--------------------------------------------------------------------------------

 NATOM  =    1394 NTYPES =      13 NBONH =     693 MBONA  =     714
 NTHETH =    1596 MTHETA =     962 NPHIH =    3157 MPHIA  =    2998
 NHPARM =       0 NPARM  =       0 NNB   =    7739 NRES   =      86
 NBONA  =     714 NTHETA =     962 NPHIA =    2998 NUMBND =      57
 NUMANG =     136 NPTRA  =     165 NATYP =      27 NPHB   =       0
 IFBOX  =       0 NMXRS  =      24 IFCAP =       0 NEXTRA =       0
 NCOPY  =       0

 Implicit solvent radii are ArgH and AspGluO modified Bondi2 radii (mbondi3)                                
 Replacing prmtop screening parameters with GBn2 (igb=8) values
--------------------------------------------------------------------------------
   2.  CONTROL  DATA  FOR  THE  RUN
--------------------------------------------------------------------------------

default_name                                                                    

General flags:
     imin    =       1, nmropt  =       0

Nature and format of input:
     ntx     =       1, irest   =       0, ntrx    =       1

Nature and format of output:
     ntxo    =       1, ntpr    =      10, ntrx    =       1, ntwr    =     100
     iwrap   =       0, ntwx    =       0, ntwv    =       0, ntwe    =       0
     ioutfm  =       0, ntwprt  =       0, idecomp =       0, rbornstat=      0

Potential function:
     ntf     =       1, ntb     =       0, igb     =       8, nsnb    =      25
     ipol    =       0, gbsa    =       3, iesp    =       0
     dielc   =   1.00000, cut     =1000.00000, intdiel =   1.00000
     saltcon =   0.00000, offset  =   0.19514, surften =   0.00700
     rdt     =   0.00000, rgbmax  =  25.00000  extdiel =  78.50000
     alpb  =        0
     gbalphaH  =   0.78844, gbbetaH   =   0.79870,  gbgammaH  =    0.43733
     gbalphaC  =   0.73376, gbbetaC   =   0.50638,  gbgammaC  =    0.20584
     gbalphaN  =   0.50336, gbbetaN   =   0.31683,  gbgammaN  =    0.19292
     gbalphaOS =   0.86781, gbbetaOS  =   0.87664,  gbgammaOS =    0.38788
     gbalphaP  =   1.00000, gbbetaP   =   0.80000,  gbgammaP  =    4.85000
     gb_alpha_hnu  =   0.53705, gb_beta_hnu   =   0.36286,  gb_gamma_hnu  =    0.11670
     gb_alpha_cnu  =   0.33167, gb_beta_cnu   =   0.19684,  gb_gamma_cnu  =    0.09342
     gb_alpha_nnu  =   0.68631, gb_beta_nnu   =   0.46319,  gb_gamma_nnu  =    0.13872
     gb_alpha_onu  =   0.60634, gb_beta_onu   =   0.46301,  gb_gamma_onu  =    0.14226
     gb_alpha_pnu  =   0.41836, gb_beta_pnu   =   0.29005,  gb_gamma_pnu  =    0.10642

Frozen or restrained atoms:
     ibelly  =       0, ntr     =       0

Energy minimization:
     maxcyc  =     100, ncyc    =      10, ntmin   =       1
     dx0     =   0.01000, drms    =   0.00010

| Intermolecular bonds treatment:
|     no_intermolecular_bonds =       1

| Energy averages sample interval:
|     ene_avg_sampling =       1

--------------------------------------------------------------------------------
   3.  ATOMIC COORDINATES AND VELOCITIES
--------------------------------------------------------------------------------

default_name                                                                    
 begin time read from input coords =     0.000 ps

 
 Number of triangulated 3-point waters found:        0
| Dynamic Memory, Types Used:
| Reals               38451
| Integers           163304

--------------------------------------------------------------------------------
   4.  RESULTS
--------------------------------------------------------------------------------



   NSTEP       ENERGY          RMS            GMAX         NAME    NUMBER
      1      -2.3392E+03     1.3151E+01     8.6178E+01     CZ        494

 BOND    =      170.6873  ANGLE   =      263.5618  DIHED      =     1116.7742
 VDWAALS =     -595.8785  EEL     =    -6801.1499  EGB        =    -1909.5356
 1-4 VDW =      388.0521  1-4 EEL =     4996.8430  RESTRAINT  =        0.0000
 ESURF   =       31.4675


   NSTEP       ENERGY          RMS            GMAX         NAME    NUMBER
     10      -2.4976E+03     6.9552E+00     3.3641E+01     NH1       827

 BOND    =       76.0694  ANGLE   =      222.4750  DIHED      =     1114.3768
 VDWAALS =     -602.1705  EEL     =    -6801.6801  EGB        =    -1910.5617
 1-4 VDW =      380.3725  1-4 EEL =     4992.0109  RESTRAINT  =        0.0000
 ESURF   =       31.5181


   NSTEP       ENERGY          RMS            GMAX         NAME    NUMBER
     20      -2.7070E+03     3.0868E+00     1.7204E+01     CE2       939

 BOND    =       32.5774  ANGLE   =      170.4373  DIHED      =     1103.5631
 VDWAALS =     -617.9623  EEL     =    -6763.6779  EGB        =    -1918.3694
 1-4 VDW =      348.7660  1-4 EEL =     4905.7719  RESTRAINT  =        0.0000
 ESURF   =       31.8457


   NSTEP       ENERGY          RMS            GMAX         NAME    NUMBER
     30      -2.7524E+03     1.7734E+00     1.3905E+01     CD        961

 BOND    =       38.1752  ANGLE   =      172.2003  DIHED      =     1099.2754
 VDWAALS =     -623.9754  EEL     =    -6749.3750  EGB        =    -1922.1990
 1-4 VDW =      332.5094  1-4 EEL =     4868.7816  RESTRAINT  =        0.0000
 ESURF   =       32.1630


   NSTEP       ENERGY          RMS            GMAX         NAME    NUMBER
     40      -2.7911E+03     1.5311E+00     9.8652E+00     CG        934

 BOND    =       32.7501  ANGLE   =      160.0371  DIHED      =     1093.4048
 VDWAALS =     -642.0967  EEL     =    -6726.5396  EGB        =    -1926.5873
 1-4 VDW =      315.0064  1-4 EEL =     4870.3253  RESTRAINT  =        0.0000
 ESURF   =       32.5781


   NSTEP       ENERGY          RMS            GMAX         NAME    NUMBER
     50      -2.8328E+03     1.0623E+00     8.7957E+00     CD        961

 BOND    =       49.7370  ANGLE   =      178.0780  DIHED      =     1087.6049
 VDWAALS =     -658.6881  EEL     =    -6691.2921  EGB        =    -1936.4238
 1-4 VDW =      286.8677  1-4 EEL =     4817.8365  RESTRAINT  =        0.0000
 ESURF   =       33.5136


   NSTEP       ENERGY          RMS            GMAX         NAME    NUMBER
     60      -2.8407E+03     9.9939E-01     1.0403E+01     CD        961

 BOND    =       42.9749  ANGLE   =      178.0586  DIHED      =     1086.7291
 VDWAALS =     -661.1575  EEL     =    -6692.7099  EGB        =    -1935.1629
 1-4 VDW =      290.6907  1-4 EEL =     4816.3699  RESTRAINT  =        0.0000
 ESURF   =       33.5381


   NSTEP       ENERGY          RMS            GMAX         NAME    NUMBER
     70      -2.8548E+03     1.1040E+00     1.0586E+01     NE1       937

 BOND    =       45.2662  ANGLE   =      170.0074  DIHED      =     1080.6879
 VDWAALS =     -665.4480  EEL     =    -6705.8156  EGB        =    -1935.1267
 1-4 VDW =      297.6778  1-4 EEL =     4824.2943  RESTRAINT  =        0.0000
 ESURF   =       33.6934


   NSTEP       ENERGY          RMS            GMAX         NAME    NUMBER
     80      -2.8627E+03     5.6067E-01     2.6379E+00     O         378

 BOND    =       40.4993  ANGLE   =      166.8899  DIHED      =     1077.8738
 VDWAALS =     -667.3416  EEL     =    -6713.9095  EGB        =    -1934.2547
 1-4 VDW =      299.4329  1-4 EEL =     4834.3169  RESTRAINT  =        0.0000
 ESURF   =       33.8212


   NSTEP       ENERGY          RMS            GMAX         NAME    NUMBER
     90      -2.8712E+03     8.1038E-01     4.9673E+00     CE2       497

 BOND    =       42.5266  ANGLE   =      165.2212  DIHED      =     1075.6804
 VDWAALS =     -669.5406  EEL     =    -6703.7054  EGB        =    -1935.6047
 1-4 VDW =      292.9346  1-4 EEL =     4827.3219  RESTRAINT  =        0.0000
 ESURF   =       33.9945


   NSTEP       ENERGY          RMS            GMAX         NAME    NUMBER
    100      -2.8792E+03     8.4428E-01     8.6241E+00     C        1392

 BOND    =       48.3336  ANGLE   =      172.3821  DIHED      =     1071.9461
 VDWAALS =     -671.9291  EEL     =    -6694.9239  EGB        =    -1937.4738
 1-4 VDW =      285.3676  1-4 EEL =     4812.8029  RESTRAINT  =        0.0000
 ESURF   =       34.2720


  Maximum number of minimization cycles reached.


                    FINAL RESULTS



   NSTEP       ENERGY          RMS            GMAX         NAME    NUMBER
    100      -2.8792E+03     8.4428E-01     8.6241E+00     C        1392

 BOND    =       48.3336  ANGLE   =      172.3821  DIHED      =     1071.9461
 VDWAALS =     -671.9291  EEL     =    -6694.9239  EGB        =    -1937.4738
 1-4 VDW =      285.3676  1-4 EEL =     4812.8029  RESTRAINT  =        0.0000
 ESURF   =       34.2720
--------------------------------------------------------------------------------
   5.  TIMINGS
--------------------------------------------------------------------------------

|  NonSetup CPU Time in Major Routines:
|
|     Routine           Sec        %
|     ------------------------------
|     Nonbond           7.28   98.54
|     Bond              0.00    0.02
|     Angle             0.01    0.20
|     Dihedral          0.09    1.16
|     Shake             0.00    0.00
|     Other             0.01    0.08
|     ------------------------------
|     Total             7.39

|  Generalized Born CPU Time:
|
|     Routine                 Sec        %
|     ------------------------------------
|     Radii Calc              1.69   22.92
|     Diagonal Calc           3.19   43.17
|     Off Diagonal Calc       2.39   32.37
|     GBSA LCPO Calc          0.00    0.00
|     ---------------------------------
|     Total                   7.28   98.46

|  Setup CPU time:            0.01 seconds
|  NonSetup CPU time:         7.39 seconds
|  Total CPU time:            7.41 seconds     0.00 hours

|  Setup wall time:           0    seconds
|  NonSetup wall time:        8    seconds
|  Total wall time:           8    seconds     0.00 hours
