
          -------------------------------------------------------
          Amber 22 PMEMD                              2022
          -------------------------------------------------------

| PMEMD implementation of SANDER, Release 22

|  Compiled date/time: Thu Apr 14 23:36:37 2022
| Run on 12/31/2023 at 00:13:33

|   Executable path: pmemd
| Working directory: /home/arul/Reegina/MD_Sim/amber_parameters/2BKF_info
|          Hostname: Unknown
  [-O]verwriting output

File Assignments:
|   MDIN: /home/arul/Reegina/MD_Sim/trial_file/min.in                           
|  MDOUT: min_2BKF.out                                                          
| INPCRD: 2BKF.rst7                                                             
|   PARM: 2BKF.hmass.parm7                                                      
| RESTRT: min_2BKF.rst7                                                         
|   REFC: refc                                                                  
|  MDVEL: mdvel                                                                 
|   MDEN: mden                                                                  
|  MDCRD: min_2BKF.crd                                                          
| MDINFO: min_2BKF.info                                                         
|  MDFRC: mdfrc                                                                 


 Here is the input file:

&cntrl                                                                         
  imin = 1,                                                                    
  maxcyc=100,                                                                  
  ntx = 1,                                                                     
  ntwr = 100,                                                                  
  ntpr = 10,                                                                   
  ioutfm=0,                                                                    
  ntxo=1,                                                                      
  cut = 1000.0,                                                                
  ntb=0,                                                                       
  igb = 8,                                                                     
  gbsa=3,                                                                      
  surften=0.007,                                                               
  saltcon = 0.0,                                                               
/                                                                              


Note: ig = -1. Setting random seed to   649027 based on wallclock time in 
      microseconds.
| irandom = 1, using AMBER's internal random number generator (default).
 
| Conditional Compilation Defines Used:
| PUBFFT
| BINTRAJ
| EMIL

| New format PARM file being parsed.
| Version =    1.000 Date = 12/30/23 Time = 23:54:34

| Note: 1-4 EEL scale factors are being read from the topology file.

| Note: 1-4 VDW scale factors are being read from the topology file.
| INFO:    Reading atomic numbers from topology file.
| Duplicated    0 dihedrals

| Duplicated    0 dihedrals

--------------------------------------------------------------------------------
   1.  RESOURCE   USE: 
--------------------------------------------------------------------------------

 NATOM  =    1337 NTYPES =      14 NBONH =     655 MBONA  =     691
 NTHETH =    1500 MTHETA =     935 NPHIH =    3015 MPHIA  =    3052
 NHPARM =       0 NPARM  =       0 NNB   =    7369 NRES   =      85
 NBONA  =     691 NTHETA =     935 NPHIA =    3052 NUMBND =      59
 NUMANG =     140 NPTRA  =     178 NATYP =      30 NPHB   =       0
 IFBOX  =       0 NMXRS  =      24 IFCAP =       0 NEXTRA =       0
 NCOPY  =       0

 Implicit solvent radii are ArgH and AspGluO modified Bondi2 radii (mbondi3)                                
 Replacing prmtop screening parameters with GBn2 (igb=8) values
--------------------------------------------------------------------------------
   2.  CONTROL  DATA  FOR  THE  RUN
--------------------------------------------------------------------------------

default_name                                                                    

General flags:
     imin    =       1, nmropt  =       0

Nature and format of input:
     ntx     =       1, irest   =       0, ntrx    =       1

Nature and format of output:
     ntxo    =       1, ntpr    =      10, ntrx    =       1, ntwr    =     100
     iwrap   =       0, ntwx    =       0, ntwv    =       0, ntwe    =       0
     ioutfm  =       0, ntwprt  =       0, idecomp =       0, rbornstat=      0

Potential function:
     ntf     =       1, ntb     =       0, igb     =       8, nsnb    =      25
     ipol    =       0, gbsa    =       3, iesp    =       0
     dielc   =   1.00000, cut     =1000.00000, intdiel =   1.00000
     saltcon =   0.00000, offset  =   0.19514, surften =   0.00700
     rdt     =   0.00000, rgbmax  =  25.00000  extdiel =  78.50000
     alpb  =        0
     gbalphaH  =   0.78844, gbbetaH   =   0.79870,  gbgammaH  =    0.43733
     gbalphaC  =   0.73376, gbbetaC   =   0.50638,  gbgammaC  =    0.20584
     gbalphaN  =   0.50336, gbbetaN   =   0.31683,  gbgammaN  =    0.19292
     gbalphaOS =   0.86781, gbbetaOS  =   0.87664,  gbgammaOS =    0.38788
     gbalphaP  =   1.00000, gbbetaP   =   0.80000,  gbgammaP  =    4.85000
     gb_alpha_hnu  =   0.53705, gb_beta_hnu   =   0.36286,  gb_gamma_hnu  =    0.11670
     gb_alpha_cnu  =   0.33167, gb_beta_cnu   =   0.19684,  gb_gamma_cnu  =    0.09342
     gb_alpha_nnu  =   0.68631, gb_beta_nnu   =   0.46319,  gb_gamma_nnu  =    0.13872
     gb_alpha_onu  =   0.60634, gb_beta_onu   =   0.46301,  gb_gamma_onu  =    0.14226
     gb_alpha_pnu  =   0.41836, gb_beta_pnu   =   0.29005,  gb_gamma_pnu  =    0.10642

Frozen or restrained atoms:
     ibelly  =       0, ntr     =       0

Energy minimization:
     maxcyc  =     100, ncyc    =      10, ntmin   =       1
     dx0     =   0.01000, drms    =   0.00010

| Intermolecular bonds treatment:
|     no_intermolecular_bonds =       1

| Energy averages sample interval:
|     ene_avg_sampling =       1

--------------------------------------------------------------------------------
   3.  ATOMIC COORDINATES AND VELOCITIES
--------------------------------------------------------------------------------

default_name                                                                    
 begin time read from input coords =     0.000 ps

 
 Number of triangulated 3-point waters found:        0
| Dynamic Memory, Types Used:
| Reals               37135
| Integers           158021

--------------------------------------------------------------------------------
   4.  RESULTS
--------------------------------------------------------------------------------



   NSTEP       ENERGY          RMS            GMAX         NAME    NUMBER
      1      -2.6736E+03     9.0199E+00     6.7320E+01     CG        359

 BOND    =       62.9756  ANGLE   =      138.4537  DIHED      =     1066.4012
 VDWAALS =     -570.7814  EEL     =    -5344.7589  EGB        =    -2748.9038
 1-4 VDW =      399.8408  1-4 EEL =     4296.7037  RESTRAINT  =        0.0000
 ESURF   =       26.4301


   NSTEP       ENERGY          RMS            GMAX         NAME    NUMBER
     10      -2.7699E+03     4.0348E+00     2.9352E+01     OG        273

 BOND    =       27.1301  ANGLE   =      118.4393  DIHED      =     1062.8804
 VDWAALS =     -584.2863  EEL     =    -5350.6456  EGB        =    -2748.5002
 1-4 VDW =      389.8644  1-4 EEL =     4288.7210  RESTRAINT  =        0.0000
 ESURF   =       26.4634


   NSTEP       ENERGY          RMS            GMAX         NAME    NUMBER
     20      -2.9379E+03     2.6890E+00     1.9649E+01     C         569

 BOND    =       28.9309  ANGLE   =      130.9757  DIHED      =     1064.9604
 VDWAALS =     -651.8649  EEL     =    -5341.5942  EGB        =    -2744.9831
 1-4 VDW =      331.9090  1-4 EEL =     4216.6927  RESTRAINT  =        0.0000
 ESURF   =       27.0328


   NSTEP       ENERGY          RMS            GMAX         NAME    NUMBER
     30      -2.9866E+03     2.0376E+00     1.5933E+01     CD        379

 BOND    =       29.3876  ANGLE   =      132.0086  DIHED      =     1061.9397
 VDWAALS =     -670.8986  EEL     =    -5333.3094  EGB        =    -2744.0458
 1-4 VDW =      310.0120  1-4 EEL =     4200.7675  RESTRAINT  =        0.0000
 ESURF   =       27.5096


   NSTEP       ENERGY          RMS            GMAX         NAME    NUMBER
     40      -3.0229E+03     1.8186E+00     1.9362E+01     CE2       438

 BOND    =       30.4401  ANGLE   =      122.1341  DIHED      =     1059.3126
 VDWAALS =     -679.7709  EEL     =    -5323.1343  EGB        =    -2749.0341
 1-4 VDW =      299.6840  1-4 EEL =     4189.5654  RESTRAINT  =        0.0000
 ESURF   =       27.9191


   NSTEP       ENERGY          RMS            GMAX         NAME    NUMBER
     50      -3.0655E+03     1.7131E+00     1.4623E+01     CD         30

 BOND    =       37.4372  ANGLE   =      143.8674  DIHED      =     1058.7595
 VDWAALS =     -701.2351  EEL     =    -5309.1281  EGB        =    -2749.4045
 1-4 VDW =      273.9599  1-4 EEL =     4151.3158  RESTRAINT  =        0.0000
 ESURF   =       28.9673


   NSTEP       ENERGY          RMS            GMAX         NAME    NUMBER
     60      -3.0730E+03     8.1810E-01     9.3893E+00     CD         30

 BOND    =       36.1002  ANGLE   =      140.3991  DIHED      =     1058.6857
 VDWAALS =     -701.7913  EEL     =    -5307.9147  EGB        =    -2748.9385
 1-4 VDW =      272.2741  1-4 EEL =     4149.2052  RESTRAINT  =        0.0000
 ESURF   =       28.9940


   NSTEP       ENERGY          RMS            GMAX         NAME    NUMBER
     70      -3.0833E+03     1.0364E+00     1.1375E+01     CD         30

 BOND    =       37.2508  ANGLE   =      141.8251  DIHED      =     1056.3626
 VDWAALS =     -706.5212  EEL     =    -5312.9551  EGB        =    -2745.9519
 1-4 VDW =      271.5951  1-4 EEL =     4145.9635  RESTRAINT  =        0.0000
 ESURF   =       29.1645


   NSTEP       ENERGY          RMS            GMAX         NAME    NUMBER
     80      -3.0937E+03     9.4558E-01     5.7021E+00     HG        274

 BOND    =       36.0689  ANGLE   =      139.2948  DIHED      =     1053.4601
 VDWAALS =     -706.7959  EEL     =    -5322.9342  EGB        =    -2742.0906
 1-4 VDW =      272.1487  1-4 EEL =     4147.7059  RESTRAINT  =        0.0000
 ESURF   =       29.3970


   NSTEP       ENERGY          RMS            GMAX         NAME    NUMBER
     90      -3.1038E+03     7.8747E-01     6.9170E+00     CZ       1002

 BOND    =       36.4655  ANGLE   =      136.0060  DIHED      =     1051.8924
 VDWAALS =     -706.4292  EEL     =    -5322.0422  EGB        =    -2741.9871
 1-4 VDW =      270.9981  1-4 EEL =     4141.8284  RESTRAINT  =        0.0000
 ESURF   =       29.4932


   NSTEP       ENERGY          RMS            GMAX         NAME    NUMBER
    100      -3.1109E+03     1.0048E+00     9.9866E+00     CD        860

 BOND    =       36.7715  ANGLE   =      139.8505  DIHED      =     1048.6212
 VDWAALS =     -706.9581  EEL     =    -5328.4033  EGB        =    -2740.6551
 1-4 VDW =      270.0770  1-4 EEL =     4140.1571  RESTRAINT  =        0.0000
 ESURF   =       29.6619


  Maximum number of minimization cycles reached.


                    FINAL RESULTS



   NSTEP       ENERGY          RMS            GMAX         NAME    NUMBER
    100      -3.1109E+03     1.0048E+00     9.9866E+00     CD        860

 BOND    =       36.7715  ANGLE   =      139.8505  DIHED      =     1048.6212
 VDWAALS =     -706.9581  EEL     =    -5328.4033  EGB        =    -2740.6551
 1-4 VDW =      270.0770  1-4 EEL =     4140.1571  RESTRAINT  =        0.0000
 ESURF   =       29.6619
--------------------------------------------------------------------------------
   5.  TIMINGS
--------------------------------------------------------------------------------

|  NonSetup CPU Time in Major Routines:
|
|     Routine           Sec        %
|     ------------------------------
|     Nonbond           7.80   98.46
|     Bond              0.00    0.02
|     Angle             0.02    0.20
|     Dihedral          0.10    1.22
|     Shake             0.00    0.00
|     Other             0.01    0.10
|     ------------------------------
|     Total             7.92

|  Generalized Born CPU Time:
|
|     Routine                 Sec        %
|     ------------------------------------
|     Radii Calc              1.87   23.61
|     Diagonal Calc           3.42   43.15
|     Off Diagonal Calc       2.50   31.63
|     GBSA LCPO Calc          0.00    0.00
|     ---------------------------------
|     Total                   7.79   98.38

|  Setup CPU time:            0.02 seconds
|  NonSetup CPU time:         7.92 seconds
|  Total CPU time:            7.93 seconds     0.00 hours

|  Setup wall time:           0    seconds
|  NonSetup wall time:       19    seconds
|  Total wall time:          19    seconds     0.01 hours
